apiary.apib
AUTHORS.rst
cdn/bootstrap.py
cdn/cmd/__init__.py
cdn/cmd/server.py
cdn/common/cli.py
cdn/common/decorators.py
cdn/common/errors.py
cdn/common/__init__.py
cdn/__init__.py
cdn/manager/base/controller.py
cdn/manager/base/driver.py
cdn/manager/base/__init__.py
cdn/manager/base/providers.py
cdn/manager/base/services.py
cdn/manager/base/v1.py
cdn/manager/default/controllers.py
cdn/manager/default/driver.py
cdn/manager/default/__init__.py
cdn/manager/default/services.py
cdn/manager/default/v1.py
cdn/manager/__init__.py
cdn/model/helpers/cachingrule.py
cdn/model/helpers/domain.py
cdn/model/helpers/__init__.py
cdn/model/helpers/link.py
cdn/model/helpers/origin.py
cdn/model/helpers/restriction.py
cdn/model/helpers/rule.py
cdn/model/__init__.py
cdn/model/service.py
cdn/openstack/common/context.py
cdn/openstack/common/excutils.py
cdn/openstack/common/fileutils.py
cdn/openstack/common/gettextutils.py
cdn/openstack/common/importutils.py
cdn/openstack/common/__init__.py
cdn/openstack/common/jsonutils.py
cdn/openstack/common/local.py
cdn/openstack/common/lockutils.py
cdn/openstack/common/log.py
cdn/openstack/common/strutils.py
cdn/openstack/common/timeutils.py
cdn/openstack/__init__.py
cdn/provider/base/controller.py
cdn/provider/base/driver.py
cdn/provider/base/__init__.py
cdn/provider/base.py
cdn/provider/base/responder.py
cdn/provider/base/response.py
cdn/provider/base/services.py
cdn/provider/fastly/controllers.py
cdn/provider/fastly/driver.py
cdn/provider/fastly/hosts.py
cdn/provider/fastly/__init__.py
cdn/provider/fastly/requirements.txt
cdn/provider/fastly/services.py
cdn/provider/__init__.py
cdn/provider/mock/controllers.py
cdn/provider/mock/driver.py
cdn/provider/mock/__init__.py
cdn/provider/mock/services.py
cdn/provider/sample/controllers.py
cdn/provider/sample/driver.py
cdn/provider/sample/hosts.py
cdn/provider/sample/__init__.py
cdn/provider/sample/services.py
cdn/storage/base/controller.py
cdn/storage/base/driver.py
cdn/storage/base/__init__.py
cdn/storage/base.py
cdn/storage/base/services.py
cdn/storage/cassandra/controllers.py
cdn/storage/cassandra/driver.py
cdn/storage/cassandra/hosts.py
cdn/storage/cassandra/__init__.py
cdn/storage/cassandra/schema.cql
cdn/storage/cassandra/services.py
cdn/storage/__init__.py
cdn/storage/mockdb/controllers.py
cdn/storage/mockdb/driver.py
cdn/storage/mockdb/__init__.py
cdn/storage/mockdb/services.py
cdn/storage/mongodb/controllers.py
cdn/storage/mongodb/driver.py
cdn/storage/mongodb/hosts.py
cdn/storage/mongodb/__init__.py
cdn/storage/mongodb/services.py
cdn/tests/config.py
cdn/tests/__init__.py
cdn/tests/test_functional.py
cdn/tests/test_units.py
cdn/transport/app.py
cdn/transport/base.py
cdn/transport/falcon/app.py
cdn/transport/falcon/driver.py
cdn/transport/falcon/hosts.py
cdn/transport/falcon/__init__.py
cdn/transport/falcon/services.py
cdn/transport/falcon/v1.py
cdn/transport/__init__.py
cdn/transport/pecan/app.py
cdn/transport/pecan/controllers/base.py
cdn/transport/pecan/controllers/__init__.py
cdn/transport/pecan/controllers/root.py
cdn/transport/pecan/controllers/services.py
cdn/transport/pecan/controllers/v1.py
cdn/transport/pecan/driver.py
cdn/transport/pecan/hooks/context.py
cdn/transport/pecan/hooks/__init__.py
cdn/transport/pecan/hosts.py
cdn/transport/pecan/__init__.py
cdn/transport/pecan/root.py
cdn/transport/pecan/v1.py
cdn/transport/validators/fake_falcon.py
cdn/transport/validators/helpers.py
cdn/transport/validators/__init__.py
cdn/transport/validators/schema_base.py
cdn/transport/validators/schemas/__init__.py
cdn/transport/validators/schemas/service.py
cdn/transport/validators/stoplight/decorators.py
cdn/transport/validators/stoplight/exceptions.py
cdn/transport/validators/stoplight/helpers.py
cdn/transport/validators/stoplight/__init__.py
cdn/transport/validators/stoplight/rule.py
cdn/transport/validators/stoplight/tests/test_validation.py
cdn/version.py
cmd/__init__.py
cmd/server.py
common/cli.py
.coveragerc
docker/api-cdn/cdn.conf
docker/api/cdn.conf
docker/api-cdn/Dockerfile
docker/api-cdn/logging.conf
docker/api-cdn/uwsgi.ini
docker/api/Dockerfile
docker/api/logging.conf
docker/api/poppy.conf
docker/api/uwsgi.ini
docker/cassandra-cdn/Dockerfile
docker/cassandra-cdn/init.sh
docker/cassandra-cdn/shutdown.sh
docker/cassandra/Dockerfile
docker/cassandra/init.sh
docker/cassandra/shutdown.sh
docker/Dockerfile
doc/source/conf.py
doc/source/index.rst
etc/cdn.conf
etc/logging.conf
etc/poppy.conf
HACKING.rst
LICENSE
MANIFEST.in
openstack-common.conf
poppy/bootstrap.py
poppy/cmd/__init__.py
poppy/cmd/server.py
poppy/common/cli.py
poppy/common/decorators.py
poppy/common/errors.py
poppy/common/__init__.py
poppy/__init__.py
poppy/manager/base/controller.py
poppy/manager/base/driver.py
poppy/manager/base/__init__.py
poppy/manager/base/providers.py
poppy/manager/base/services.py
poppy/manager/base/v1.py
poppy/manager/default/controllers.py
poppy/manager/default/driver.py
poppy/manager/default/__init__.py
poppy/manager/default/services.py
poppy/manager/default/v1.py
poppy/manager/__init__.py
poppy/model/helpers/cachingrule.py
poppy/model/helpers/domain.py
poppy/model/helpers/__init__.py
poppy/model/helpers/link.py
poppy/model/helpers/origin.py
poppy/model/helpers/restriction.py
poppy/model/helpers/rule.py
poppy/model/__init__.py
poppy/model/service.py
poppy/openstack/common/context.py
poppy/openstack/common/gettextutils.py
poppy/openstack/common/importutils.py
poppy/openstack/common/__init__.py
poppy/openstack/common/jsonutils.py
poppy/openstack/common/local.py
poppy/openstack/common/log.py
poppy/openstack/common/strutils.py
poppy/openstack/common/timeutils.py
poppy/openstack/__init__.py
poppy/provider/base/controller.py
poppy/provider/base/driver.py
poppy/provider/base/__init__.py
poppy/provider/base/responder.py
poppy/provider/base/services.py
poppy/provider/fastly/controllers.py
poppy/provider/fastly/driver.py
poppy/provider/fastly/__init__.py
poppy/provider/fastly/requirements.txt
poppy/provider/fastly/services.py
poppy/provider/__init__.py
poppy/provider/mock/controllers.py
poppy/provider/mock/driver.py
poppy/provider/mock/__init__.py
poppy/provider/mock/services.py
poppy/storage/base/controller.py
poppy/storage/base/driver.py
poppy/storage/base/__init__.py
poppy/storage/base/services.py
poppy/storage/cassandra/controllers.py
poppy/storage/cassandra/driver.py
poppy/storage/cassandra/__init__.py
poppy/storage/cassandra/schema.cql
poppy/storage/cassandra/services.py
poppy/storage/__init__.py
poppy/storage/mockdb/controllers.py
poppy/storage/mockdb/driver.py
poppy/storage/mockdb/__init__.py
poppy/storage/mockdb/services.py
poppy/storage/mongodb/controllers.py
poppy/storage/mongodb/driver.py
poppy/storage/mongodb/__init__.py
poppy/storage/mongodb/services.py
poppy/transport/app.py
poppy/transport/base.py
poppy/transport/falcon/app.py
poppy/transport/falcon/driver.py
poppy/transport/falcon/__init__.py
poppy/transport/falcon/services.py
poppy/transport/falcon/v1.py
poppy/transport/__init__.py
poppy/transport/pecan/controllers/base.py
poppy/transport/pecan/controllers/__init__.py
poppy/transport/pecan/controllers/root.py
poppy/transport/pecan/controllers/services.py
poppy/transport/pecan/controllers/v1.py
poppy/transport/pecan/driver.py
poppy/transport/pecan/hooks/context.py
poppy/transport/pecan/hooks/__init__.py
poppy/transport/pecan/__init__.py
poppy/transport/validators/fake_falcon.py
poppy/transport/validators/helpers.py
poppy/transport/validators/__init__.py
poppy/transport/validators/schema_base.py
poppy/transport/validators/schemas/__init__.py
poppy/transport/validators/schemas/service.py
poppy/transport/validators/stoplight/decorators.py
poppy/transport/validators/stoplight/exceptions.py
poppy/transport/validators/stoplight/helpers.py
poppy/transport/validators/stoplight/__init__.py
poppy/transport/validators/stoplight/rule.py
poppy/version.py
pylintrc
README.md
README.rst
requirements/common.txt
requirements/docs.txt
requirements/provider/fastly.txt
requirements/requirements.txt
requirements/storage/cassandra.txt
requirements/storage/mongo.txt
requirements/transport/falcon.txt
requirements/transport/pecan.txt
requirements.txt
setup.cfg
setup.py
test-requirements.txt
tests/api/base.py
tests/api/etc/tests.conf.sample
tests/api/__init__.py
tests/api/requirements.txt
tests/api/services/create_service.json
tests/api/services/data_create_service.json
tests/api/services/__init__.py
tests/api/services/test_services.py
tests/api/utils/base.py
tests/api/utils/client.py
tests/api/utils/config.py
tests/api/utils/__init__.py
tests/api/utils/models/__init__.py
tests/api/utils/models/requests.py
tests/api/utils/models/response.py
tests/api/utils/schema/__init__.py
tests/api/utils/schema/response.py
tests/api/utils/server.py
tests/base.py
tests/config.py
tests/etc/api.conf
tests/etc/bootstrap_unit.conf
tests/etc/cdn_mockdb.conf
tests/etc/default_functional.conf
tests/etc/functional.conf
tests/etc/pecan.py
tests/functional/base/base.py
tests/functional/base/__init__.py
tests/functional/base.py
tests/functional/__init__.py
tests/functional/manager/default/__init__.py
tests/functional/manager/__init__.py
tests/functional/transport/__init__.py
tests/functional/transport/pecan/base.py
tests/functional/transport/pecan/controllers/__init__.py
tests/functional/transport/pecan/controllers/test_services_controller.py
tests/functional/transport/pecan/controllers/test_services.py
tests/functional/transport/pecan/controllers/test_v1_controller.py
tests/functional/transport/pecan/hooks/__init__.py
tests/functional/transport/pecan/hooks/test_context.py
tests/functional/transport/pecan/__init__.py
tests/functional/transport/pecan/mock.py
tests/functional/transport/pecan/pecan_app/app.py
tests/functional/transport/pecan/pecan_app/__init__.py
tests/functional/transport/validator/base.py
tests/functional/transport/validator/config.py
tests/functional/transport/validator/__init__.py
tests/functional/transport/validator/pecan_app/app.py
tests/functional/transport/validator/pecan_app/__init__.py
tests/functional/transport/validator/test_falcon_validation.py
tests/functional/transport/validator/test_pecan_style_validation.py
tests/functional/transport/validator/test_pecan_validation.py
tests/functional/transport/validator/test_service_validation.py
tests/functional/transport/validator/test_stoplight_validation.py
tests/__init__.py
tests/test_functional.py
tests/test-requirements.txt
tests/test_units.py
tests/test_validator/config.py
tests/test_validator/pecan_app/app.py
tests/test_validator/pecan_app/__init__.py
tests/test_validator/test_service_validation.py
tests/test_validator/test_stoplight_validation.py
tests/unit/base/base.py
tests/unit/base/__init__.py
tests/unit/base.py
tests/unit/common/__init__.py
tests/unit/common/test_decorators.py
tests/unit/__init__.py
tests/unit/manager/default/data_list_response.json
tests/unit/manager/default/__init__.py
tests/unit/manager/default/test_driver.py
tests/unit/manager/default/test_services.py
tests/unit/manager/__init__.py
tests/unit/model/helpers/__init__.py
tests/unit/model/helpers/test_cachingrule.py
tests/unit/model/helpers/test_domain.py
tests/unit/model/helpers/test_link.py
tests/unit/model/helpers/test_origin.py
tests/unit/model/helpers/test_restriciton.py
tests/unit/model/helpers/test_rule.py
tests/unit/model/__init__.py
tests/unit/model/test_service.py
tests/unit/provider/fastly/data_service.json
tests/unit/provider/fastly/__init__.py
tests/unit/provider/fastly/test_driver.py
tests/unit/provider/fastly/test_services.py
tests/unit/provider/__init__.py
tests/unit/provider/mock/__init__.py
tests/unit/provider/mock/test_mock_driver.py
tests/unit/provider/sample/__init__.py
tests/unit/storage/cassandra/data_create_service.json
tests/unit/storage/cassandra/data_get_service.json
tests/unit/storage/cassandra/data_list_services.json
tests/unit/storage/cassandra/data_update_service.json
tests/unit/storage/cassandra/__init__.py
tests/unit/storage/cassandra/test_controller.py
tests/unit/storage/cassandra/test_data_create_service.json
tests/unit/storage/cassandra/test_data_get_service.json
tests/unit/storage/cassandra/test_data_list_services.json
tests/unit/storage/cassandra/test_data_update_service.json
tests/unit/storage/cassandra/test_driver.py
tests/unit/storage/cassandra/test_services.py
tests/unit/storage/__init__.py
tests/unit/storage/mockdb/__init__.py
tests/unit/storage/mockdb/test_mockdb_driver.py
tests/unit/test_bootstrap.py
tests/unit/transport/falcon/__init__.py
tests/unit/transport/__init__.py
tests/unit/transport/pecan/__init__.py
tests/unit/transport/pecan/test_driver.py
tests/unit/transport/pecan/test_pecan_driver.py
tests/unit/utils/base.py
tests/unit/utils/__init__.py
tests/unit/utils/thread_helper.py
tox.ini
venv/include/python2.7
venv/.Python
