examples/claims.py
examples/keystone_auth.py
examples/management.py
examples/simple.py
HACKING.rst
LICENSE
marconiclient/auth/base.py
marconiclient/auth/__init__.py
marconiclient/auth/keystone.py
marconiclient/common/apiclient/auth/base.py
marconiclient/common/apiclient/auth/endpoint.py
marconiclient/common/apiclient/auth/__init__.py
marconiclient/common/apiclient/auth/keystone.py
marconiclient/common/apiclient/auth/nova.py
marconiclient/common/apiclient/auth/response.py
marconiclient/common/apiclient/base.py
marconiclient/common/apiclient/client.py
marconiclient/common/apiclient/exceptions.py
marconiclient/common/apiclient/fake_client.py
marconiclient/common/apiclient/__init__.py
marconiclient/common/api.py
marconiclient/common/cliutils.py
marconiclient/common/http.py
marconiclient/common/__init__.py
marconiclient/common/utils.py
marconiclient/errors.py
marconiclient/__init__.py
marconiclient/openstack/common/gettextutils.py
marconiclient/openstack/common/importutils.py
marconiclient/openstack/common/__init__.py
marconiclient/openstack/common/strutils.py
marconiclient/openstack/common/timeutils.py
marconiclient/openstack/__init__.py
marconiclient/queues/client.py
marconiclient/queues/cli.py
marconiclient/queues/__init__.py
marconiclient/queues/transport/http/__init__.py
marconiclient/queues/transport/http/message.py
marconiclient/queues/transport/__init__.py
marconiclient/queues/transport/zmq/__init__.py
marconiclient/queues/v1/api.py
marconiclient/queues/v1/claim.py
marconiclient/queues/v1/client.py
marconiclient/queues/v1/cli.py
marconiclient/queues/v1/core.py
marconiclient/queues/v1/__init__.py
marconiclient/queues/v1/iterator.py
marconiclient/queues/v1/message.py
marconiclient/queues/v1/queues.py
marconiclient/queues/v1/shard.py
marconiclient/tests/base.py
marconiclient/tests/__init__.py
marconiclient/tests/mock/__init__.py
marconiclient/tests/mock/message.py
marconiclient/tests/queues/base.py
marconiclient/tests/queues/claims.py
marconiclient/tests/queues/__init__.py
marconiclient/tests/queues/messages.py
marconiclient/tests/queues/queues.py
marconiclient/tests/queues/shard.py
marconiclient/tests/transport/api.py
marconiclient/tests/transport/dummy.py
marconiclient/tests/transport/__init__.py
marconiclient/transport/api.py
marconiclient/transport/base.py
marconiclient/transport/errors.py
marconiclient/transport/http/__init__.py
marconiclient/transport/http/message.py
marconiclient/transport/http.py
marconiclient/transport/__init__.py
marconiclient/transport/request.py
marconiclient/transport/response.py
marconiclient/transport/zmq/__init__.py
marconiclient/version.py
openstack-common.conf
README.rst
requirements.txt
setup.cfg
setup.py
test-requirements.txt
tests/auth/__init__.py
tests/auth/test_base.py
tests/auth/test_keystone.py
tests/common/apiclient/auth/__init__.py
tests/common/apiclient/auth/test_base.py
tests/common/apiclient/auth/test_keystone.py
tests/common/apiclient/auth/test_nova.py
tests/common/apiclient/auth/test_response.py
tests/common/apiclient/__init__.py
tests/common/apiclient/test_base.py
tests/common/apiclient/test_client.py
tests/common/apiclient/test_exceptions.py
tests/common/__init__.py
tests/common/test_cliutils.py
tests/functional/__init__.py
tests/functional/queues/__init__.py
tests/functional/queues/v1/__init__.py
tests/functional/queues/v1/test_claims.py
tests/functional/queues/v1/test_queues.py
tests/functional/queues/v1/test_shard.py
tests/__init__.py
tests/unit/auth/__init__.py
tests/unit/auth/test_base.py
tests/unit/auth/test_keystone.py
tests/unit/common/__init__.py
tests/unit/common/test_http.py
tests/unit/__init__.py
tests/unit/openstack/common/__init__.py
tests/unit/openstack/__init__.py
tests/unit/queues/__init__.py
tests/unit/queues/test_client.py
tests/unit/queues/transport/http/__init__.py
tests/unit/queues/transport/http/test_message.py
tests/unit/queues/transport/__init__.py
tests/unit/queues/transport/zmq/__init__.py
tests/unit/queues/v1/__init__.py
tests/unit/queues/v1/test_claims.py
tests/unit/queues/v1/test_client.py
tests/unit/queues/v1/test_core.py
tests/unit/queues/v1/test_message.py
tests/unit/queues/v1/test_queues.py
tests/unit/queues/v1/test_shard.py
tests/unit/transport/http/__init__.py
tests/unit/transport/http/test_message.py
tests/unit/transport/__init__.py
tests/unit/transport/test_api.py
tests/unit/transport/test_http.py
tests/unit/transport/test_request.py
tests/unit/transport/zmq/__init__.py
tests/utils.py
tools/pip-requires
tools/test-requires
tox.ini
zaqarclient/auth/base.py
zaqarclient/auth/__init__.py
zaqarclient/auth/keystone.py
zaqarclient/common/http.py
zaqarclient/common/__init__.py
zaqarclient/errors.py
zaqarclient/__init__.py
zaqarclient/openstack/common/importutils.py
zaqarclient/openstack/common/__init__.py
zaqarclient/openstack/__init__.py
zaqarclient/queues/client.py
zaqarclient/queues/cli.py
zaqarclient/queues/__init__.py
zaqarclient/queues/v1/api.py
zaqarclient/queues/v1/claim.py
zaqarclient/queues/v1/client.py
zaqarclient/queues/v1/cli.py
zaqarclient/queues/v1/core.py
zaqarclient/queues/v1/__init__.py
zaqarclient/queues/v1/iterator.py
zaqarclient/queues/v1/message.py
zaqarclient/queues/v1/queues.py
zaqarclient/queues/v1/shard.py
zaqarclient/tests/base.py
zaqarclient/tests/__init__.py
zaqarclient/tests/mock/__init__.py
zaqarclient/tests/mock/message.py
zaqarclient/tests/queues/base.py
zaqarclient/tests/queues/claims.py
zaqarclient/tests/queues/__init__.py
zaqarclient/tests/queues/messages.py
zaqarclient/tests/queues/queues.py
zaqarclient/tests/queues/shard.py
zaqarclient/tests/transport/api.py
zaqarclient/tests/transport/dummy.py
zaqarclient/tests/transport/__init__.py
zaqarclient/transport/api.py
zaqarclient/transport/base.py
zaqarclient/transport/errors.py
zaqarclient/transport/http.py
zaqarclient/transport/__init__.py
zaqarclient/transport/request.py
zaqarclient/transport/response.py
zaqarclient/version.py
