CONTRIBUTING.rst
.coveragerc
doc/source/conf.py
doc/source/contributing.rst
doc/source/index.rst
doc/source/installation.rst
doc/source/readme.rst
doc/source/usage.rst
HACKING.rst
$HOME/.pip/pip.log
LICENSE
MANIFEST.in
openstack-common.conf
openstack/common/jsonutils.py
oslo/__init__.py
oslo/serialization/__init__.py
oslo/serialization/jsonutils.py
oslo/serialization/openstack/common/gettextutils.py
oslo/serialization/openstack/common/importutils.py
oslo/serialization/openstack/common/__init__.py
oslo/serialization/openstack/common/strutils.py
oslo/serialization/openstack/common/timeutils.py
oslo/serialization/openstack/__init__.py
README.rst
requirements.txt
setup.cfg
setup.py
.testr.conf
test-requirements.txt
tests/base.py
tests/__init__.py
tests/test_jsonutils.py
tests/test_serialization.py
tests/unit/test_jsonutils.py
tools/run_cross_tests.sh
tox.ini
