app/commands/.gitkeep
app/config/app.php
app/config/auth.php
app/config/cache.php
app/config/compile.php
app/config/cors.php
app/config/database.php
app/config/dev/app.php
app/config/dev/database.php
app/config/dev/.gitkeep
app/config/dev/mail.php
app/config/local/app.php
app/config/local/database.php
app/config/local/.gitkeep
app/config/local/mail.php
app/config/log.php
app/config/mail.php
app/config/packages/.gitkeep
app/config/packages/greggilbert/recaptcha/config.php
app/config/packages/greggilbert/recaptcha/dev/config.php
app/config/packages/greggilbert/recaptcha/dev/.gitkeep
app/config/packages/greggilbert/recaptcha/.gitkeep
app/config/packages/greggilbert/recaptcha/local/.gitkeep
app/config/packages/greggilbert/recaptcha/production/.gitkeep
app/config/packages/greggilbert/recaptcha/staging/.gitkeep
app/config/packages/greggilbert/recaptcha/testing/.gitkeep
app/config/production/.gitkeep
app/config/queue.php
app/config/remote.php
app/config/server.php
app/config/session.php
app/config/staging/.gitkeep
app/config/testing/cache.php
app/config/testing/database.php
app/config/testing/.gitkeep
app/config/testing/session.php
app/config/view.php
app/config/workbench.php
app/controllers/AdminController.php
app/controllers/apis/AbstractRESTController.php
app/controllers/apis/ApiBannedIPController.php
app/controllers/apis/ApiController.php
app/controllers/apis/ApiEndpointController.php
app/controllers/apis/ApiResourceServerController.php
app/controllers/apis/ApiScopeController.php
app/controllers/apis/ClientApiController.php
app/controllers/apis/ICRUDController.php
app/controllers/apis/IRESTController.php
app/controllers/apis/JsonController.php
app/controllers/apis/OAuth2ProtectedController.php
app/controllers/apis/protected/OAuth2ProtectedApiController.php
app/controllers/apis/protected/OAuth2ProtectedApiEndpointController.php
app/controllers/apis/protected/OAuth2ProtectedApiResourceServerController.php
app/controllers/apis/protected/OAuth2ProtectedApiScopeController.php
app/controllers/apis/protected/OAuth2ProtectedController.php
app/controllers/apis/protected/OAuth2UserApiController.php
app/controllers/apis/UserApiController.php
app/controllers/BaseController.php
app/controllers/DiscoveryController.php
app/controllers/.gitkeep
app/controllers/HomeController.php
app/controllers/OAuth2ProviderController.php
app/controllers/OpenIdProviderController.php
app/controllers/UserController.php
app/database/migrations/2013_10_14_155702_create_extension_table.php
app/database/migrations/2013_10_17_210518_create_users_table.php
app/database/migrations/2013_10_17_210730_create_associations_table.php
app/database/migrations/2013_10_17_211051_create_trusted_sites_table.php
app/database/migrations/2013_10_17_211839_alter_trusted_sites_table.php
app/database/migrations/2013_10_30_203940_create_banned_ips.php
app/database/migrations/2013_11_04_152850_create_server_configuration.php
app/database/migrations/2013_11_05_134406_create_user_activity_table.php
app/database/migrations/2013_11_07_185914_alter_users_table.php
app/database/migrations/2013_11_08_160828_create_exceptions_table.php
app/database/migrations/2013_11_08_184949_alter_banned_ips_table.php
app/database/migrations/2013_12_04_181145_create_oauth2_clients_table.php
app/database/migrations/2013_12_04_182836_create_oauth2_clients_authorized_uris.php
app/database/migrations/2013_12_04_182948_create_oauth2_clients_authorized_realm.php
app/database/migrations/2013_12_04_183057_create_oauth2_api.php
app/database/migrations/2013_12_04_183247_create_oauth2_api_scope.php
app/database/migrations/2013_12_04_183522_create_oauth2_client_api_scope.php
app/database/migrations/2013_12_10_132036_create_oauth2_refresh_token_table.php
app/database/migrations/2013_12_12_173310_create_table_oauth2_access_token.php
app/database/migrations/2014_01_02_142153_create_table_oauth2_resource_server.php
app/database/migrations/2014_01_02_142222_update_table_oauth2_api.php
app/database/migrations/2014_01_08_205120_alter_table_oauth2_client.php
app/database/migrations/2014_01_10_174847_alter_table_oauth2_api.php
app/database/migrations/2014_01_22_191553_create_table_oauth2_api_endpoints.php
app/database/migrations/2014_01_22_191614_create_table_oauth2_api_endpoints_api_scopes.php
app/database/migrations/2014_02_03_125954_alter_table_oauth2_access_token.php
app/database/migrations/2014_02_03_130006_alter_refresh_oauth2_access_token.php
app/database/migrations/2014_02_03_130027_alter_user_exceptions_trail.php
app/database/migrations/2014_02_03_130043_alter_banned_ips.php
app/database/migrations/2014_02_03_130201_create_table_oauth2_exceptions_trail.php
app/database/migrations/2014_02_03_132103_update_oauth2_client.php
app/database/migrations/2014_02_04_000856_create_table_oauth2_user_consents.php
app/database/migrations/2014_02_07_141946_create_oauth2_client_allowed_origin.php
app/database/migrations/2014_02_07_142007_update_oauth2_client.php
app/database/migrations/2014_02_07_142031_update_oauth2_api_endpoint.php
app/database/migrations/.gitkeep
app/database/production.sqlite
app/database/seeds/ApiEndpointSeeder.php
app/database/seeds/ApiScopeSeeder.php
app/database/seeds/ApiSeeder.php
app/database/seeds/DatabaseSeeder.php
app/database/seeds/.gitkeep
app/database/seeds/OpenIdExtensionsSeeder.php
app/database/seeds/ResourceServerSeeder.php
app/database/seeds/ServerConfigurationSeeder.php
app/database/seeds/TestSeeder.php
app/filters/.gitkeep
app/filters/OAuth2RequestAccessTokenValidator.php
app/filters.php
app/lang/en/messages.php
app/lang/en/pagination.php
app/lang/en/reminders.php
app/lang/en/validation.php
app/libs/auth/AuthenticationExtensionService.php
app/libs/auth/AuthenticationServiceProvider.php
app/libs/auth/AuthHelper.php
app/libs/auth/AuthService.php
app/libs/auth/CustomAuthProvider.php
app/libs/auth/CustomUser.php
app/libs/auth/exceptions/AuthenticationException.php
app/libs/auth/exceptions/AuthenticationInvalidPasswordAttemptException.php
app/libs/auth/exceptions/AuthenticationLockedUserLoginAttempt.php
app/libs/auth/IAuthenticationExtension.php
app/libs/auth/IAuthenticationExtensionService.php
app/libs/auth/IMemberRepository.php
app/libs/auth/IUserRepository.php
app/libs/auth/OpenIdUser.php
app/libs/auth/User.php
app/libs/oauth2/BearerAccessTokenAuthorizationHeaderParser.php
app/libs/oauth2/endpoints/AuthorizationEndpoint.php
app/libs/oauth2/endpoints/.gitkeep
app/libs/oauth2/endpoints/IOAuth2Endpoint.php
app/libs/oauth2/endpoints/TokenEndpoint.php
app/libs/oauth2/endpoints/TokenIntrospectionEndpoint.php
app/libs/oauth2/endpoints/TokenRevocationEndpoint.php
app/libs/oauth2/exceptions/AbsentClientException.php
app/libs/oauth2/exceptions/AccessDeniedException.php
app/libs/oauth2/exceptions/AllowedClientUriAlreadyExistsException.php
app/libs/oauth2/exceptions/BearerTokenDisclosureAttemptException.php
app/libs/oauth2/exceptions/ExpiredAuthorizationCodeException.php
app/libs/oauth2/exceptions/InvalidAccessTokenException.php
app/libs/oauth2/exceptions/InvalidApiEndpoint.php
app/libs/oauth2/exceptions/InvalidApi.php
app/libs/oauth2/exceptions/InvalidApiScope.php
app/libs/oauth2/exceptions/InvalidApplicationType.php
app/libs/oauth2/exceptions/InvalidAuthorizationCodeException.php
app/libs/oauth2/exceptions/InvalidAuthorizationRequestException.php
app/libs/oauth2/exceptions/InvalidClientCredentials.php
app/libs/oauth2/exceptions/InvalidClientException.php
app/libs/oauth2/exceptions/InvalidClientType.php
app/libs/oauth2/exceptions/InvalidGrantTypeException.php
app/libs/oauth2/exceptions/InvalidOAuth2Request.php
app/libs/oauth2/exceptions/InvalidRedeemAuthCodeException.php
app/libs/oauth2/exceptions/InvalidResourceServer.php
app/libs/oauth2/exceptions/LockedClientException.php
app/libs/oauth2/exceptions/MissingClientAuthorizationInfo.php
app/libs/oauth2/exceptions/MissingClientIdParam.php
app/libs/oauth2/exceptions/OAuth2ClientBaseException.php
app/libs/oauth2/exceptions/OAuth2GenericException.php
app/libs/oauth2/exceptions/OAuth2MissingBearerAccessTokenException.php
app/libs/oauth2/exceptions/OAuth2ResourceServerException.php
app/libs/oauth2/exceptions/ReplayAttackException.php
app/libs/oauth2/exceptions/ScopeNotAllowedException.php
app/libs/oauth2/exceptions/UnAuthorizedClientException.php
app/libs/oauth2/exceptions/UnsupportedResponseTypeException.php
app/libs/oauth2/exceptions/UriNotAllowedException.php
app/libs/oauth2/exceptions/UseRefreshTokenException.php
app/libs/oauth2/.gitkeep
app/libs/oauth2/grant_types/AbstractGrantType.php
app/libs/oauth2/grant_types/AuthorizationCodeGrantType.php
app/libs/oauth2/grant_types/ClientCredentialsGrantType.php
app/libs/oauth2/grant_types/.gitkeep
app/libs/oauth2/grant_types/IGrantType.php
app/libs/oauth2/grant_types/ImplicitGrantType.php
app/libs/oauth2/grant_types/RefreshBearerTokenGrantType.php
app/libs/oauth2/grant_types/RevokeBearerTokenGrantType.php
app/libs/oauth2/grant_types/ValidateBearerTokenGrantType.php
app/libs/oauth2/IOAuth2Protocol.php
app/libs/oauth2/IResourceServerContext.php
app/libs/oauth2/models/AccessToken.php
app/libs/oauth2/models/AuthorizationCode.php
app/libs/oauth2/models/.gitkeep
app/libs/oauth2/models/IApiEndpoint.php
app/libs/oauth2/models/IApi.php
app/libs/oauth2/models/IApiScope.php
app/libs/oauth2/models/IClient.php
app/libs/oauth2/models/IOAuth2User.php
app/libs/oauth2/models/IResourceServer.php
app/libs/oauth2/models/IUserConsent.php
app/libs/oauth2/models/RefreshToken.php
app/libs/oauth2/models/Token.php
app/libs/oauth2/OAuth2Message.php
app/libs/oauth2/OAuth2Protocol.php
app/libs/oauth2/OAuth2ServiceProvider.php
app/libs/oauth2/requests/.gitkeep
app/libs/oauth2/requests/OAuth2AccessTokenRequestAuthCode.php
app/libs/oauth2/requests/OAuth2AccessTokenRequestClientCredentials.php
app/libs/oauth2/requests/OAuth2AccessTokenRequest.php
app/libs/oauth2/requests/OAuth2AccessTokenValidationRequest.php
app/libs/oauth2/requests/OAuth2AuthorizationRequest.php
app/libs/oauth2/requests/OAuth2RefreshAccessTokenRequest.php
app/libs/oauth2/requests/OAuth2Request.php
app/libs/oauth2/requests/OAuth2TokenRequest.php
app/libs/oauth2/requests/OAuth2TokenRevocationRequest.php
app/libs/oauth2/resource_server/IUserService.php
app/libs/oauth2/resource_server/OAuth2ProtectedService.php
app/libs/oauth2/responses/AccessTokenResponse.php
app/libs/oauth2/responses/.gitkeep
app/libs/oauth2/responses/OAuth2AccessTokenFragmentResponse.php
app/libs/oauth2/responses/OAuth2AccessTokenResponse.php
app/libs/oauth2/responses/OAuth2AccessTokenValidationResponse.php
app/libs/oauth2/responses/OAuth2AuthorizationResponse.php
app/libs/oauth2/responses/OAuth2DirectErrorResponse.php
app/libs/oauth2/responses/OAuth2DirectResponse.php
app/libs/oauth2/responses/OAuth2ErrorResponse.php
app/libs/oauth2/responses/OAuth2IndirectErrorResponse.php
app/libs/oauth2/responses/OAuth2IndirectFragmentErrorResponse.php
app/libs/oauth2/responses/OAuth2IndirectFragmentResponse.php
app/libs/oauth2/responses/OAuth2IndirectResponse.php
app/libs/oauth2/responses/OAuth2Response.php
app/libs/oauth2/responses/OAuth2TokenRevocationResponse.php
app/libs/oauth2/responses/OAuth2WWWAuthenticateErrorResponse.php
app/libs/oauth2/services/.gitkeep
app/libs/oauth2/services/IAllowedOriginService.php
app/libs/oauth2/services/IApiEndpointService.php
app/libs/oauth2/services/IApiScopeService.php
app/libs/oauth2/services/IApiService.php
app/libs/oauth2/services/IClientService.php
app/libs/oauth2/services/IMementoOAuth2AuthenticationRequestService.php
app/libs/oauth2/services/IMementoOAuth2RequestService.php
app/libs/oauth2/services/IResourceServerService.php
app/libs/oauth2/services/ITokenService.php
app/libs/oauth2/services/IUserConsentService.php
app/libs/oauth2/services/OAuth2ServiceCatalog.php
app/libs/oauth2/strategies/IOAuth2AuthenticationStrategy.php
app/libs/oauth2/strategies/OAuth2IndirectErrorResponseFactoryMethod.php
app/libs/oauth2/strategies/OAuth2ResponseStrategyFactoryMethod.php
app/libs/openid/exceptions/InvalidAssociation.php
app/libs/openid/exceptions/InvalidAssociationTypeException.php
app/libs/openid/exceptions/InvalidDHParam.php
app/libs/openid/exceptions/InvalidKVFormat.php
app/libs/openid/exceptions/InvalidNonce.php
app/libs/openid/exceptions/InvalidOpenIdAuthenticationRequestMode.php
app/libs/openid/exceptions/InvalidOpenIdMessageException.php
app/libs/openid/exceptions/InvalidOpenIdMessageMode.php
app/libs/openid/exceptions/InvalidRequestContextException.php
app/libs/openid/exceptions/InvalidSessionTypeException.php
app/libs/openid/exceptions/InvalidTLDException.php
app/libs/openid/exceptions/OpenIdCryptoException.php
app/libs/openid/exceptions/OpenIdCrytoException.php
app/libs/openid/exceptions/OpenIdInvalidRealmException.php
app/libs/openid/exceptions/ReplayAttackException.php
app/libs/openid/extensions/implementations/OpenIdAXExtension.php
app/libs/openid/extensions/implementations/OpenIdAXRequest.php
app/libs/openid/extensions/implementations/OpenIdOAuth2Extension.php
app/libs/openid/extensions/implementations/OpenIdOAuth2Request.php
app/libs/openid/extensions/implementations/OpenIdOAuthExtension.php
app/libs/openid/extensions/implementations/OpenIdPAPEExtension.php
app/libs/openid/extensions/implementations/OpenIdSREGExtension.php
app/libs/openid/extensions/implementations/OpenIdSREGRequest.php
app/libs/openid/extensions/IOpenIdExtension.php
app/libs/openid/extensions/OpenIdAuthenticationExtension.php
app/libs/openid/extensions/OpenIdExtension.php
app/libs/openid/handlers/factories/SessionAssociationRequestFactory.php
app/libs/openid/handlers/IOpenIdAuthenticationStrategy.php
app/libs/openid/handlers/OpenIdAuthenticationRequestHandler.php
app/libs/openid/handlers/OpenIdCheckAuthenticationRequestHandler.php
app/libs/openid/handlers/OpenIdMessageHandler.php
app/libs/openid/handlers/OpenIdSessionAssociationRequestHandler.php
app/libs/openid/handlers/OpenIdVoidRequestHandler.php
app/libs/openid/handlers/strategies/session_association/implementations/SessionAssociationDHStrategy.php
app/libs/openid/handlers/strategies/session_association/implementations/SessionAssociationUnencryptedStrategy.php
app/libs/openid/handlers/strategies/session_association/ISessionAssociationStrategy.php
app/libs/openid/helpers/AssocHandleGenerator.php
app/libs/openid/helpers/AssociationFactory.php
app/libs/openid/helpers/OpenIdCryptoHelper.php
app/libs/openid/helpers/OpenIdErrorMessages.php
app/libs/openid/helpers/OpenIdSignatureBuilder.php
app/libs/openid/helpers/OpenIdUriHelper.php
app/libs/openid/IOpenIdProtocol.php
app/libs/openid/model/Association.php
app/libs/openid/model/IAssociation.php
app/libs/openid/model/IOpenIdUser.php
app/libs/openid/model/ITrustedSite.php
app/libs/openid/model/OpenIdNonce.php
app/libs/openid/OpenIdMessage.php
app/libs/openid/OpenIdProtocol.php
app/libs/openid/OpenIdServiceProvider.php
app/libs/openid/repositories/IServerConfigurationRepository.php
app/libs/openid/repositories/IServerExtensionsRepository.php
app/libs/openid/requests/contexts/PartialView.php
app/libs/openid/requests/contexts/RequestContext.php
app/libs/openid/requests/OpenIdAssociationSessionRequest.php
app/libs/openid/requests/OpenIdAuthenticationRequest.php
app/libs/openid/requests/OpenIdCheckAuthenticationRequest.php
app/libs/openid/requests/OpenIdDHAssociationSessionRequest.php
app/libs/openid/requests/OpenIdRequest.php
app/libs/openid/responses/contexts/ResponseContext.php
app/libs/openid/responses/OpenIdAssociationSessionResponse.php
app/libs/openid/responses/OpenIdAssociationSessionUnsuccessfulResponse.php
app/libs/openid/responses/OpenIdCheckAuthenticationResponse.php
app/libs/openid/responses/OpenIdDiffieHellmanAssociationSessionResponse.php
app/libs/openid/responses/OpenIdDirectGenericErrorResponse.php
app/libs/openid/responses/OpenIdDirectResponse.php
app/libs/openid/responses/OpenIdImmediateNegativeAssertion.php
app/libs/openid/responses/OpenIdIndirectGenericErrorResponse.php
app/libs/openid/responses/OpenIdIndirectResponse.php
app/libs/openid/responses/OpenIdNonImmediateNegativeAssertion.php
app/libs/openid/responses/OpenIdPositiveAssertionResponse.php
app/libs/openid/responses/OpenIdResponse.php
app/libs/openid/responses/OpenIdUnencryptedAssociationSessionResponse.php
app/libs/openid/services/IAssociationService.php
app/libs/openid/services/IAuthService.php
app/libs/openid/services/ICheckPointService.php
app/libs/openid/services/ILogService.php
app/libs/openid/services/IMementoOpenIdRequestService.php
app/libs/openid/services/INonceService.php
app/libs/openid/services/ISecurityPolicyCounterMeasure.php
app/libs/openid/services/ISecurityPolicy.php
app/libs/openid/services/IServerConfigurationService.php
app/libs/openid/services/IServerExtensionsService.php
app/libs/openid/services/ITrustedSitesService.php
app/libs/openid/services/IUserService.php
app/libs/openid/services/OpenIdRegistry.php
app/libs/openid/services/OpenIdServiceCatalog.php
app/libs/openid/services/Registry.php
app/libs/openid/services/ServiceCatalog.php
app/libs/openid/strategies/IOpenIdResponseStrategy.php
app/libs/openid/strategies/OpenIdResponseStrategyFactoryMethod.php
app/libs/openid/XRDS/XRDSDocumentBuilder.php
app/libs/openid/XRDS/XRDSService.php
app/libs/utils/db/ITransactionService.php
app/libs/utils/exceptions/UnacquiredLockException.php
app/libs/utils/.gitkeep
app/libs/utils/http/HttpMessage.php
app/libs/utils/http/HttpResponse.php
app/libs/utils/IHttpResponseStrategy.php
app/libs/utils/IPHelper.php
app/libs/utils/model/BaseModelEloquent.php
app/libs/utils/services/IAuthService.php
app/libs/utils/services/IBannedIPService.php
app/libs/utils/services/ICacheService.php
app/libs/utils/services/ICheckPointService.php
app/libs/utils/services/ILockManagerService.php
app/libs/utils/services/ILogService.php
app/libs/utils/services/ISecurityPolicyCounterMeasure.php
app/libs/utils/services/ISecurityPolicy.php
app/libs/utils/services/IServerConfigurationService.php
app/libs/utils/services/Registry.php
app/libs/utils/services/ServiceLocator.php
app/libs/utils/services/UtilsServiceCatalog.php
app/models/Api.php
app/models/ApiScope.php
app/models/BannedIP.php
app/models/BaseModelEloquent.php
app/models/ClientAuthorizedUri.php
app/models/Client.php
app/models/Group.php
app/models/MemberPhoto.php
app/models/Member.php
app/models/oauth2/AccessToken.php
app/models/oauth2/ApiEndpoint.php
app/models/oauth2/Api.php
app/models/oauth2/ApiScope.php
app/models/oauth2/ClientAllowedOrigin.php
app/models/oauth2/ClientAuthorizedUri.php
app/models/oauth2/Client.php
app/models/oauth2/OAuth2TrailException.php
app/models/oauth2/RefreshToken.php
app/models/oauth2/ResourceServer.php
app/models/oauth2/UserConsent.php
app/models/OpenIdAssociation.php
app/models/openid/IOpenIdAssociationRepository.php
app/models/openid/IOpenIdTrustedSiteRepository.php
app/models/openid/OpenIdAssociation.php
app/models/openid/OpenIdTrustedSite.php
app/models/openid/ServerExtension.php
app/models/OpenIdTrustedSite.php
app/models/RefreshToken.php
app/models/ServerConfiguration.php
app/models/ServerExtension.php
app/models/UserAction.php
app/models/UserExceptionTrail.php
app/models/User.php
app/repositories/EloquentMemberRepository.php
app/repositories/EloquentOpenIdAssociationRepository.php
app/repositories/EloquentOpenIdTrustedSiteRepository.php
app/repositories/EloquentUserRepository.php
app/repositories/RepositoriesProvider.php
app/repositories/RepositoriesServiceProvider.php
app/repositories/ServerConfigurationRepositoryEloquent.php
app/repositories/ServerExtensionsRepositoryEloquent.php
app/routes.php
app/services/AbstractBlacklistSecurityPolicy.php
app/services/AssociationService.php
app/services/AuthenticationStrategy.php
app/services/BlacklistSecurityPolicy.php
app/services/CheckPointService.php
app/services/DelayCounterMeasure.php
app/services/Facades/ServerConfigurationService.php
app/services/facades/ServerConfigurationService.php
app/services/IPHelper.php
app/services/IUserActionService.php
app/services/LockManagerService.php
app/services/LockUserCounterMeasure.php
app/services/LockUserSecurityPolicy.php
app/services/LogService.php
app/services/MementoRequestService.php
app/services/NonceService.php
app/services/oauth2/AllowedOriginService.php
app/services/oauth2/ApiEndpointService.php
app/services/oauth2/ApiScopeService.php
app/services/oauth2/ApiService.php
app/services/oauth2/AuthorizationCodeRedeemPolicy.php
app/services/oauth2/ClientService.php
app/services/oauth2/CORS/CORSMiddleware.php
app/services/oauth2/CORS/CORSProvider.php
app/services/oauth2/MementoOAuth2AuthenticationRequestService.php
app/services/oauth2/MementoOAuth2RequestService.php
app/services/oauth2/OAuth2ServiceProvider.php
app/services/oauth2/ResourceServerContext.php
app/services/oauth2/ResourceServerService.php
app/services/oauth2/resource_server/UserService.php
app/services/oauth2/RevokeAuthorizationCodeRelatedTokens.php
app/services/oauth2/TokenService.php
app/services/oauth2/UserConsentService.php
app/services/openid/AssociationService.php
app/services/openid/AuthenticationStrategy.php
app/services/openid/MementoRequestService.php
app/services/openid/NonceService.php
app/services/openid/OpenIdProvider.php
app/services/openid/ServerExtensionsService.php
app/services/openid/TrustedSitesService.php
app/services/openid/UserService.php
app/services/RedisCacheService.php
app/services/security_policies/AbstractBlacklistSecurityPolicy.php
app/services/security_policies/BlacklistSecurityPolicy.php
app/services/security_policies/DelayCounterMeasure.php
app/services/security_policies/IUserActionService.php
app/services/security_policies/LockManagerService.php
app/services/security_policies/LockUserCounterMeasure.php
app/services/security_policies/LockUserSecurityPolicy.php
app/services/security_policies/OAuth2LockClientCounterMeasure.php
app/services/security_policies/OAuth2SecurityPolicy.php
app/services/ServerConfigurationService.php
app/services/ServerExtensionsService.php
app/services/ServicesProvider.php
app/services/TrustedSitesService.php
app/services/UserActionService.php
app/services/UserService.php
app/services/utils/BannedIPService.php
app/services/utils/CheckPointService.php
app/services/utils/EloquentTransactionService.php
app/services/utils/LockManagerService.php
app/services/utils/LogService.php
app/services/utils/RedisCacheService.php
app/services/utils/ServerConfigurationService.php
app/services/utils/UtilsProvider.php
app/start/artisan.php
app/start/global.php
app/start/local.php
app/storage/.gitkeep
app/strategies/DefaultLoginStrategy.php
app/strategies/DirectResponseStrategy.php
app/strategies/IConsentStrategy.php
app/strategies/ILoginStrategy.php
app/strategies/IndirectResponseQueryStringStrategy.php
app/strategies/IndirectResponseStrategy.php
app/strategies/IndirectResponseUrlFragmentStrategy.php
app/strategies/OAuth2AuthenticationStrategy.php
app/strategies/OAuth2ConsentStrategy.php
app/strategies/OAuth2LoginStrategy.php
app/strategies/OpenIdConsentStrategy.php
app/strategies/OpenIdDirectResponseStrategy.php
app/strategies/OpenIdIndirectResponseStrategy.php
app/strategies/OpenIdLoginStrategy.php
app/strategies/OpenIdResponseStrategyProvider.php
app/strategies/StrategyProvider.php
app/tests/ApiEndpointTest.php
app/tests/ApiScopeTest.php
app/tests/ApiTest.php
app/tests/AssociationServiceTest.php
app/tests/CacheServiceStub.php
app/tests/DiffieHellmanTest.php
app/tests/DiscoveryControllerTest.php
app/tests/ExampleTest.php
app/tests/ExceptionTest.php
app/tests/index.html
app/tests/mocks/ServerConfigurationRepositoryMock.php
app/tests/mocks/ServerExtensionsRepositoryMock.php
app/tests/OAuth2ApiEndpointTest.php
app/tests/OAuth2ApiScopeTest.php
app/tests/OAuth2ApiTest.php
app/tests/OAuth2ProtocolTest.php
app/tests/OAuth2ResourceServerApiTest.php
app/tests/OAuth2TokenEndpointTest.php
app/tests/OAuth2UserServiceApiTest.php
app/tests/OpenIdProtocolTest.php
app/tests/OpenIdProviderControllerTest.php
app/tests/ResourceServerApiTest.php
app/tests/ServerExtensionTest.php
app/tests/TestCase.php
app/tests/TrustedSitesServiceTest.php
app/tests/UserTest.php
app/tests/XRDSDocumentTest.php
app/validators/CustomValidator.php
app/validators.php
app/views/404.blade.php
app/views/admin/banned-ips.blade.php
app/views/admin/server-config.blade.php
app/views/admin/users.blade.php
app/views/consent.blade.php
app/views/edit-registered-client.blade.php
app/views/emails/auth/reminder.blade.php
app/views/error.blade.php
app/views/extensions/ax.blade.php
app/views/extensions/oauth2.blade.php
app/views/extensions/oauth.blade.php
app/views/extensions/pape.blade.php
app/views/extensions/sreg.blade.php
app/views/hello.php
app/views/home.blade.php
app/views/identity.blade.php
app/views/layout.blade.php
app/views/login.blade.php
app/views/menu.blade.php
app/views/oauth2/consent.blade.php
app/views/oauth2/profile/admin/clients.blade.php
app/views/oauth2/profile/admin/edit-api.blade.php
app/views/oauth2/profile/admin/edit-endpoint.blade.php
app/views/oauth2/profile/admin/edit-resource-server.blade.php
app/views/oauth2/profile/admin/edit-scope.blade.php
app/views/oauth2/profile/admin/edit-server-config.blade.php
app/views/oauth2/profile/admin/resource-servers.blade.php
app/views/oauth2/profile/clients.blade.php
app/views/oauth2/profile/edit-client-allowed-origins.blade.php
app/views/oauth2/profile/edit-client.blade.php
app/views/oauth2/profile/edit-client-data.blade.php
app/views/oauth2/profile/edit-client-redirect-uris.blade.php
app/views/oauth2/profile/edit-client-scopes.blade.php
app/views/oauth2/profile/edit-client-tokens.blade.php
app/views/oauth2/profile/edit-user-grants.blade.php
app/views/openid/consent.blade.php
app/views/profile.blade.php
artisan
bootstrap/autoload.php
bootstrap/environment.php.tpl
bootstrap/paths.php
bootstrap/start.php
composer.json
CONTRIBUTING.md
.gitattributes
.idea/encodings.xml
.idea/misc.xml
.idea/modules.xml
.idea/.name
.idea/openidIdp.iml
.idea/php.xml
.idea/scopes/scope_settings.xml
.idea/vcs.xml
.idea/workspace.xml
phpunit.xml
public/css/bootstrap.css
public/css/bootstrap.min.css
public/css/main.css
public/css/smoothness/images/animated-overlay.gif
public/css/smoothness/jquery-ui-1.10.3.custom.css
public/css/smoothness/jquery-ui-1.10.3.custom.min.css
public/favicon.ico
public/.htaccess
public/index.php
public/js/additional-methods.js
public/js/additional-methods.min.js
public/js/admin/banned-ips.js
public/js/admin/server-config.js
public/js/admin/users.js
public/js/ajax.utils.js
public/js/bootstrap.js
public/js/bootstrap.min.js
public/js/jquery-1.9.1.js
public/js/jquery-2.0.3.min.js
public/js/jquery-2.1.0.js
public/js/jquery-2.1.0.min.js
public/js/jquery.cleanform.js
public/js/jquery-migrate-1.2.1.min.js
public/js/jquery.serialize.js
public/js/jquery-ui-1.10.3.custom.js
public/js/jquery-ui-1.10.3.custom.min.js
public/js/jquery.validate.additional.custom.methods.js
public/js/jquery.validate.js
public/js/jquery.validate.min.js
public/js/oauth2/consent.js
public/js/oauth2/profile/admin/clients.js
public/js/oauth2/profile/admin/edit-api.js
public/js/oauth2/profile/admin/edit-endpoint.js
public/js/oauth2/profile/admin/edit-resource-server.js
public/js/oauth2/profile/admin/edit-scope.js
public/js/oauth2/profile/admin/resource-servers.js
public/js/oauth2/profile/clients.js
public/js/oauth2/profile/edit-client-allowed-origins.js
public/js/oauth2/profile/edit-client-data.js
public/js/oauth2/profile/edit-client-redirect-uris.js
public/js/oauth2/profile/edit-client-scopes.js
public/js/oauth2/profile/edit-client-tokens.js
public/js/oauth2/profile/edit-user-grants.js
public/js/openid/consent.js
public/js/pure.js
public/js/pure.min.js
public/packages/.gitkeep
public/robots.txt
readme.md
server.php
