.fixtures.yml
Gemfile
Gemfile.lock
.gitignore
lib/puppet/parser/functions/mesos_hash_parser.rb
LICENSE
manifests/config.pp
manifests/init.pp
manifests/install.pp
manifests/master.pp
manifests/params.pp
manifests/property.pp
manifests/repo.pp
manifests/service.pp
manifests/slave.pp
metadata.json
Modulefile
Puppetfile
Puppetfile.lock
Rakefile
README.md
.rspec
spec/classes/config_spec.rb
spec/classes/init_spec.rb
spec/classes/install_spec.rb
spec/classes/master_spec.rb
spec/classes/repo_spec.rb
spec/classes/slave_spec.rb
spec/defines/property_spec.rb
spec/defines/service_spec.rb
spec/fixtures/hiera/hiera.yaml
spec/fixtures/manifests/site.pp
spec/functions/mesos_hash_parser_spec.rb
spec/spec_helper.rb
spec/spec_helper_system.rb
templates/default.erb
templates/master.erb
templates/mesos.conf.erb
templates/service.erb
templates/slave.erb
tests/init.pp
.travis.yml
