api.pp
examples/site.pp
files/dbsync
files/patches/670b3882-fix-rpc-control_exchange-regression.patch
.fixtures.yml
Gemfile
lib/provider/ceilometer_setting/ini_setting.rb
lib/puppet/provider/ceilometer_config/ini_setting.rb
lib/puppet/provider/ceilometer_setting/ini_setting.rb
lib/puppet/provider/file_line_after/ruby.rb
lib/puppet/type/ceilometer_config.rb
lib/puppet/type/file_line_after.rb
LICENSE
manifests/agent/auth.pp
manifests/agent-central.pp
manifests/agent/central.pp
manifests/agent-compute.pp
manifests/agent/compute.pp
manifests/agent/notification.pp
manifests/alarm/evaluator.pp
manifests/alarm/notifier.pp
manifests/api.pp
manifests/central-agent.pp
manifests/client.pp
manifests/collector.pp
manifests/config.pp
manifests/db/init.pp
manifests/db/mysql/host_access.pp
manifests/db/mysql.pp
manifests/db.pp
manifests/expirer.pp
manifests/init.pp
manifests/keystone/auth.pp
manifests/notify/rabbitmq.pp
manifests/params.pp
Modulefile
provider/ceilometer_setting/ini_setting.rb
Rakefile
README
README.md
spec/classes/ceilometer_agent_auth_spec.rb
spec/classes/ceilometer_agent_central_spec.rb
spec/classes/ceilometer_agent_compute_spec.rb
spec/classes/ceilometer_agent_notification_spec.rb
spec/classes/ceilometer_alarm_evaluator_spec.rb
spec/classes/ceilometer_alarm_notifier_spec.rb
spec/classes/ceilometer_api_spec.rb
spec/classes/ceilometer_client_spec.rb
spec/classes/ceilometer_collector_spec.rb
spec/classes/ceilometer_config_spec.rb
spec/classes/ceilometer_db_mysql_spec.rb
spec/classes/ceilometer_db_spec.rb
spec/classes/ceilometer_expirer_spec.rb
spec/classes/ceilometer_init_spec.rb
spec/classes/ceilometer_keystone_auth_spec.rb
spec/shared_examples.rb
spec/spec_helper.rb
tests/agent-central.pp
tests/agent-compute.pp
tests/api.pp
tests/collector.pp
tests/init.pp
.travis.yml
