doc/glossary/glossary-terms.xml
doc/openstack-ops/acknowledgements.xml
doc/openstack-ops/app_crypt.xml
doc/openstack-ops/app_roadmaps.xml
doc/openstack-ops/app_usecases.xml
doc/openstack-ops/bk_ops_guide.xml
doc/openstack-ops/callouts/10.pdf
doc/openstack-ops/callouts/1.pdf
doc/openstack-ops/callouts/2.pdf
doc/openstack-ops/callouts/3.pdf
doc/openstack-ops/callouts/4.pdf
doc/openstack-ops/callouts/5.pdf
doc/openstack-ops/callouts/6.pdf
doc/openstack-ops/callouts/7.pdf
doc/openstack-ops/callouts/8.pdf
doc/openstack-ops/callouts/9.pdf
doc/openstack-ops/ch_arch_cloud_controller.xml
doc/openstack-ops/ch_arch_compute_nodes.xml
doc/openstack-ops/ch_arch_examples.xml
doc/openstack-ops/ch_arch_example.xml
doc/openstack-ops/ch_arch_network_design.xml
doc/openstack-ops/ch_arch_provision.xml
doc/openstack-ops/ch_arch_scaling.xml
doc/openstack-ops/ch_arch_storage.xml
doc/openstack-ops/ch_arch_whats_next.xml
doc/openstack-ops/ch_ops_advanced_configuration.xml
doc/openstack-ops/ch_ops_backup_recovery.xml
doc/openstack-ops/ch_ops_customize.xml
doc/openstack-ops/ch_ops_dochistory.xml
doc/openstack-ops/ch_ops_lay_of_land.xml
doc/openstack-ops/ch_ops_log_monitor.xml
doc/openstack-ops/ch_ops_maintenance.xml
doc/openstack-ops/ch_ops_network_troubleshooting.xml
doc/openstack-ops/ch_ops_projects_users.xml
doc/openstack-ops/ch_ops_resources.xml
doc/openstack-ops/ch_ops_upgrades.xml
doc/openstack-ops/ch_ops_upstream.xml
doc/openstack-ops/ch_ops_user_facing.xml
doc/openstack-ops/figures/1-IMG_4895.JPG
doc/openstack-ops/glossary-terms.xml
doc/openstack-ops/openstack.ent
doc/openstack-ops/part_architecture.xml
doc/openstack-ops/part_operations.xml
doc/openstack-ops/pom.xml
doc/openstack-ops/preface_ops.xml
doc/openstack-ops/section_arch_example-neutron.xml
doc/openstack-ops/section_arch_example-nova.xml
doc/openstack-ops/section_conventions.xml
doc/src/docbkx/openstack-ops/bk_openstackopsmanual.xml
doc/src/docbkx/openstack-ops/ch_ops-day-to-day.xml
doc/src/docbkx/openstack-ops/ch_ops-diagnostic-troubleshooting.xml
doc/src/docbkx/openstack-ops/ch_ops-manual-how-to-use.xml
doc/src/docbkx/openstack-ops/ch_ops-mgmt-practices.xml
doc/src/docbkx/openstack-ops/ch_ops-periodic.xml
doc/src/docbkx/openstack-ops/ch_ops-quick-start.xml
doc/src/docbkx/openstack-ops/pom.xml
doc/src/docbkx/openstack-ops/src/acknowledgements.xml
doc/src/docbkx/openstack-ops/src/app_crypt.xml
doc/src/docbkx/openstack-ops/src/app_usecases.xml
doc/src/docbkx/openstack-ops/src/bk_ops_guide.xml
doc/src/docbkx/openstack-ops/src/ch_arch_cloud_controller.xml
doc/src/docbkx/openstack-ops/src/ch_arch_compute_nodes.xml
doc/src/docbkx/openstack-ops/src/ch_arch_example.xml
doc/src/docbkx/openstack-ops/src/ch_arch_network_design.xml
doc/src/docbkx/openstack-ops/src/ch_arch_provision.xml
doc/src/docbkx/openstack-ops/src/ch_arch_scaling.xml
doc/src/docbkx/openstack-ops/src/ch_arch_storage.xml
doc/src/docbkx/openstack-ops/src/ch_arch_whats_next.xml
doc/src/docbkx/openstack-ops/src/ch_ops_backup_recovery.xml
doc/src/docbkx/openstack-ops/src/ch_ops_customize.xml
doc/src/docbkx/openstack-ops/src/ch_ops_dochistory.xml
doc/src/docbkx/openstack-ops/src/ch_ops_lay_of_land.xml
doc/src/docbkx/openstack-ops/src/ch_ops_log_monitor.xml
doc/src/docbkx/openstack-ops/src/ch_ops_maintenance.xml
doc/src/docbkx/openstack-ops/src/ch_ops_network_troubleshooting.xml
doc/src/docbkx/openstack-ops/src/ch_ops_projects_users.xml
doc/src/docbkx/openstack-ops/src/ch_ops_resources.xml
doc/src/docbkx/openstack-ops/src/ch_ops_upstream.xml
doc/src/docbkx/openstack-ops/src/ch_ops_user_facing.xml
doc/src/docbkx/openstack-ops/src/figures/1-IMG_4895.JPG
doc/src/docbkx/openstack-ops/src/ops_glossary_terms.xml
doc/src/docbkx/openstack-ops/src/part_architecture.xml
doc/src/docbkx/openstack-ops/src/part_crypt.xml
doc/src/docbkx/openstack-ops/src/part_operations.xml
doc/src/docbkx/openstack-ops/src/part_usecases.xml
doc/src/docbkx/openstack-ops/src/preface_ops.xml
doc-test.conf
doc-tools-check-languages.conf
LICENSE
README
README.rst
test-requirements.txt
tools/generatedocbook
tools/generatepot
tools/test-languages.sh
tools/validate.py
tox.ini
.tx/config
