bin/chef_packages.sh
bin/configure_knife.sh
bin/delete_docker_instances.sh
bin/install_chefserver_deps.sh
bin/install_chefserver.sh
bin/install_libvirt.sh
bin/install_openvswitch.sh
bin/install_zookeeper.sh
bin/launch_docker_instance.py
bin/launch_libvirt_instance.py
bin/orchestrator
bin/pre_install_chefserver.sh
bin/pre_install_libvirt.sh
bin/pre_install_ovs.sh
bin/pre_switch_kernel.sh
bin/pre_virtual_to_generic.sh
bin/procedures
bin/setup_chef_repo.sh
bin/switch_kernel.sh
bin/userdata.sh
bin/userdata.sh.template
doc/source/global.make
doc/source/ic_user/examples.tex
doc/source/ic_user/gen_cmdline_tex.ksh
doc/source/ic_user/ic_user.tex
doc/source/ic_user/inception_final.fig
doc/source/ic_user/inception_planes.fig
doc/source/ic_user/makefile
doc/source/ic_user/orch_cmdline.tex
doc/source/ic_user/overview.tex
doc/source/ic_user/prep.tex
doc/source/ic_user/running.tex
doc/source/ic_user/start_overview.fig
doc/source/ic_user/texmf.cnf
doc/source/ic_user/using.tex
doc/source/macros/deflist.tex
doc/source/makefile
etc/inception/inception.conf
etc/inception/inception.conf.sample
etc/inception/paste-config.ini
inception/api/base.py
inception/api/client.py
inception/api/clouds.py
inception/api/__init__.py
inception/api/samples/create.sh
inception/api/samples/delete.sh
inception/api/samples/index.sh
inception/api/samples/notfound.sh
inception/api/samples/show.sh
inception/api/samples/unauth.sh
inception/api/server.py
inception/__init__.py
inception/orchestrator.py
inception/utils/cmd.py
inception/utils/__init__.py
inception/utils/log.py
inception/utils/wrapper.py
inception/webui/models.py
inception/webui/panel.py
inception/webui/tables.py
inception/webui/tabs.py
inception/webui/templates/inception/_detail_console.html
inception/webui/templates/inception/detail.html
inception/webui/templates/inception/_detail_log.html
inception/webui/templates/inception/_detail_overview.html
inception/webui/templates/inception/_flavors_and_quotas.html
inception/webui/templates/inception/index.html
inception/webui/templates/inception/_instance_ips.html
inception/webui/templates/inception/_launch_customize_help.html
inception/webui/templates/inception/_launch_details_help.html
inception/webui/templates/inception/_launch_network_help.html
inception/webui/templates/inception/_launch_volumes_help.html
inception/webui/templates/inception/_update_networks.html
inception/webui/urls.py
inception/webui/views.py
INSTALL.md
LICENSE
README.md
setup.py
tools/pep8.sh
tools/pyflakes.sh
tox.ini
webui/__init__.py
