ci-roadmap-folsom/blank.html
ci-roadmap-folsom/graphics/bullet-fold-dim.gif
ci-roadmap-folsom/graphics/bullet-fold.gif
ci-roadmap-folsom/graphics/bullet-nofold-dim.gif
ci-roadmap-folsom/graphics/bullet-nofold.gif
ci-roadmap-folsom/graphics/bullet-unfold-dim.gif
ci-roadmap-folsom/graphics/bullet-unfold.gif
ci-roadmap-folsom/graphics/face1.gif
ci-roadmap-folsom/graphics/face2.gif
ci-roadmap-folsom/graphics/face3.gif
ci-roadmap-folsom/graphics/face4.gif
ci-roadmap-folsom/graphics/fold.bmp
ci-roadmap-folsom/graphics/fold-bright.gif
ci-roadmap-folsom/graphics/fold-dim.bmp
ci-roadmap-folsom/graphics/fold-dim.gif
ci-roadmap-folsom/graphics/fold.gif
ci-roadmap-folsom/graphics/nofold.bmp
ci-roadmap-folsom/graphics/nofold-dim.bmp
ci-roadmap-folsom/graphics/nofold-dim.gif
ci-roadmap-folsom/graphics/unfold.bmp
ci-roadmap-folsom/graphics/unfold-bright.gif
ci-roadmap-folsom/graphics/unfold-dim.bmp
ci-roadmap-folsom/graphics/unfold-dim.gif
ci-roadmap-folsom/graphics/unfold.gif
ci-roadmap-folsom/graphics/w3c-logo-blue.gif
ci-roadmap-folsom/graphics/w3c-logo-white.gif
ci-roadmap-folsom/help/help.html
ci-roadmap-folsom/help/help.html.ca
ci-roadmap-folsom/help/help.html.de
ci-roadmap-folsom/help/help.html.en
ci-roadmap-folsom/help/help.html.es
ci-roadmap-folsom/help/help.html.fr
ci-roadmap-folsom/help/help.html.hu
ci-roadmap-folsom/help/help.html.nl
ci-roadmap-folsom/help/help.html.pl
ci-roadmap-folsom/help/help.html.pt_br
ci-roadmap-folsom/help/help.html.pt-br
ci-roadmap-folsom/help/help.html.sv
ci-roadmap-folsom/help/help.pt-br.html
ci-roadmap-folsom/help/.htaccess
ci-roadmap-folsom/index.html
ci-roadmap-folsom/notes
ci-roadmap-folsom/Overview.html
ci-roadmap-folsom/Overview.xhtml
ci-roadmap-folsom/scripts/.htaccess
ci-roadmap-folsom/scripts/slidy.js
ci-roadmap-folsom/scripts/slidy.js.gz
ci-roadmap-folsom/styles/.htaccess
ci-roadmap-folsom/styles/openstack.css
ci-roadmap-folsom/styles/slidy.css
ci-roadmap-folsom/styles/w3c-blue.css
cloud-testing/blank.html
cloud-testing/graphics/bullet-fold-dim.gif
cloud-testing/graphics/bullet-fold.gif
cloud-testing/graphics/bullet-nofold-dim.gif
cloud-testing/graphics/bullet-nofold.gif
cloud-testing/graphics/bullet-unfold-dim.gif
cloud-testing/graphics/bullet-unfold.gif
cloud-testing/graphics/face1.gif
cloud-testing/graphics/face2.gif
cloud-testing/graphics/face3.gif
cloud-testing/graphics/face4.gif
cloud-testing/graphics/fold.bmp
cloud-testing/graphics/fold-bright.gif
cloud-testing/graphics/fold-dim.bmp
cloud-testing/graphics/fold-dim.gif
cloud-testing/graphics/fold.gif
cloud-testing/graphics/nofold.bmp
cloud-testing/graphics/nofold-dim.bmp
cloud-testing/graphics/nofold-dim.gif
cloud-testing/graphics/unfold.bmp
cloud-testing/graphics/unfold-bright.gif
cloud-testing/graphics/unfold-dim.bmp
cloud-testing/graphics/unfold-dim.gif
cloud-testing/graphics/unfold.gif
cloud-testing/graphics/w3c-logo-blue.gif
cloud-testing/graphics/w3c-logo-white.gif
cloud-testing/help/help.html
cloud-testing/help/help.html.ca
cloud-testing/help/help.html.de
cloud-testing/help/help.html.en
cloud-testing/help/help.html.es
cloud-testing/help/help.html.fr
cloud-testing/help/help.html.hu
cloud-testing/help/help.html.nl
cloud-testing/help/help.html.pl
cloud-testing/help/help.html.pt_br
cloud-testing/help/help.html.pt-br
cloud-testing/help/help.html.sv
cloud-testing/help/help.pt-br.html
cloud-testing/help/.htaccess
cloud-testing/index.html
cloud-testing/Overview.html
cloud-testing/Overview.xhtml
cloud-testing/scripts/.htaccess
cloud-testing/scripts/jquery-1.7.2.min.js
cloud-testing/scripts/raphael-min.js
cloud-testing/scripts/slidy.js
cloud-testing/scripts/slidy.js.gz
cloud-testing/styles/.htaccess
cloud-testing/styles/openstack.css
cloud-testing/styles/slidy.css
cloud-testing/styles/w3c-blue.css
growing-openstack/blank.html
growing-openstack/graphics/bullet-fold-dim.gif
growing-openstack/graphics/bullet-fold.gif
growing-openstack/graphics/bullet-nofold-dim.gif
growing-openstack/graphics/bullet-nofold.gif
growing-openstack/graphics/bullet-unfold-dim.gif
growing-openstack/graphics/bullet-unfold.gif
growing-openstack/graphics/face1.gif
growing-openstack/graphics/face2.gif
growing-openstack/graphics/face3.gif
growing-openstack/graphics/face4.gif
growing-openstack/graphics/fold.bmp
growing-openstack/graphics/fold-bright.gif
growing-openstack/graphics/fold-dim.bmp
growing-openstack/graphics/fold-dim.gif
growing-openstack/graphics/fold.gif
growing-openstack/graphics/nofold.bmp
growing-openstack/graphics/nofold-dim.bmp
growing-openstack/graphics/nofold-dim.gif
growing-openstack/graphics/unfold.bmp
growing-openstack/graphics/unfold-bright.gif
growing-openstack/graphics/unfold-dim.bmp
growing-openstack/graphics/unfold-dim.gif
growing-openstack/graphics/unfold.gif
growing-openstack/graphics/w3c-logo-blue.gif
growing-openstack/graphics/w3c-logo-white.gif
growing-openstack/help/help.html
growing-openstack/help/help.html.ca
growing-openstack/help/help.html.de
growing-openstack/help/help.html.en
growing-openstack/help/help.html.es
growing-openstack/help/help.html.fr
growing-openstack/help/help.html.hu
growing-openstack/help/help.html.nl
growing-openstack/help/help.html.pl
growing-openstack/help/help.html.pt_br
growing-openstack/help/help.html.pt-br
growing-openstack/help/help.html.sv
growing-openstack/help/help.pt-br.html
growing-openstack/help/.htaccess
growing-openstack/index.html
growing-openstack/Overview.html
growing-openstack/Overview.xhtml
growing-openstack/scripts/.htaccess
growing-openstack/scripts/jquery-1.7.2.min.js
growing-openstack/scripts/raphael-min.js
growing-openstack/scripts/slidy.js
growing-openstack/scripts/slidy.js.gz
growing-openstack/styles/.htaccess
growing-openstack/styles/openstack.css
growing-openstack/styles/slidy.css
growing-openstack/styles/w3c-blue.css
index.html
jenkins/blank.html
jenkins/graphics/bullet-fold-dim.gif
jenkins/graphics/bullet-fold.gif
jenkins/graphics/bullet-nofold-dim.gif
jenkins/graphics/bullet-nofold.gif
jenkins/graphics/bullet-unfold-dim.gif
jenkins/graphics/bullet-unfold.gif
jenkins/graphics/face1.gif
jenkins/graphics/face2.gif
jenkins/graphics/face3.gif
jenkins/graphics/face4.gif
jenkins/graphics/fold.bmp
jenkins/graphics/fold-bright.gif
jenkins/graphics/fold-dim.bmp
jenkins/graphics/fold-dim.gif
jenkins/graphics/fold.gif
jenkins/graphics/nofold.bmp
jenkins/graphics/nofold-dim.bmp
jenkins/graphics/nofold-dim.gif
jenkins/graphics/unfold.bmp
jenkins/graphics/unfold-bright.gif
jenkins/graphics/unfold-dim.bmp
jenkins/graphics/unfold-dim.gif
jenkins/graphics/unfold.gif
jenkins/graphics/w3c-logo-blue.gif
jenkins/graphics/w3c-logo-white.gif
jenkins/help/help.html
jenkins/help/help.html.ca
jenkins/help/help.html.de
jenkins/help/help.html.en
jenkins/help/help.html.es
jenkins/help/help.html.fr
jenkins/help/help.html.hu
jenkins/help/help.html.nl
jenkins/help/help.html.pl
jenkins/help/help.html.pt_br
jenkins/help/help.html.pt-br
jenkins/help/help.html.sv
jenkins/help/help.pt-br.html
jenkins/help/.htaccess
jenkins/index.html
jenkins/notes
jenkins/Overview.html
jenkins/Overview.xhtml
jenkins/scripts/.htaccess
jenkins/scripts/slidy.js
jenkins/scripts/slidy.js.gz
jenkins/styles/.htaccess
jenkins/styles/openstack.css
jenkins/styles/slidy.css
jenkins/styles/w3c-blue.css
lca2013-ci/blank.html
lca2013-ci/graphics/bullet-fold-dim.gif
lca2013-ci/graphics/bullet-fold.gif
lca2013-ci/graphics/bullet-nofold-dim.gif
lca2013-ci/graphics/bullet-nofold.gif
lca2013-ci/graphics/bullet-unfold-dim.gif
lca2013-ci/graphics/bullet-unfold.gif
lca2013-ci/graphics/face1.gif
lca2013-ci/graphics/face2.gif
lca2013-ci/graphics/face3.gif
lca2013-ci/graphics/face4.gif
lca2013-ci/graphics/fold.bmp
lca2013-ci/graphics/fold-bright.gif
lca2013-ci/graphics/fold-dim.bmp
lca2013-ci/graphics/fold-dim.gif
lca2013-ci/graphics/fold.gif
lca2013-ci/graphics/nofold.bmp
lca2013-ci/graphics/nofold-dim.bmp
lca2013-ci/graphics/nofold-dim.gif
lca2013-ci/graphics/unfold.bmp
lca2013-ci/graphics/unfold-bright.gif
lca2013-ci/graphics/unfold-dim.bmp
lca2013-ci/graphics/unfold-dim.gif
lca2013-ci/graphics/unfold.gif
lca2013-ci/graphics/w3c-logo-blue.gif
lca2013-ci/graphics/w3c-logo-white.gif
lca2013-ci/help/help.html
lca2013-ci/help/help.html.ca
lca2013-ci/help/help.html.de
lca2013-ci/help/help.html.en
lca2013-ci/help/help.html.es
lca2013-ci/help/help.html.fr
lca2013-ci/help/help.html.hu
lca2013-ci/help/help.html.nl
lca2013-ci/help/help.html.pl
lca2013-ci/help/help.html.pt_br
lca2013-ci/help/help.html.pt-br
lca2013-ci/help/help.html.sv
lca2013-ci/help/help.pt-br.html
lca2013-ci/help/.htaccess
lca2013-ci/index.html
lca2013-ci/Overview.html
lca2013-ci/Overview.xhtml
lca2013-ci/scripts/.htaccess
lca2013-ci/scripts/slidy.js
lca2013-ci/scripts/slidy.js.gz
lca2013-ci/styles/.htaccess
lca2013-ci/styles/openstack.css
lca2013-ci/styles/slidy.css
lca2013-ci/styles/w3c-blue.css
lca2013-distros/blank.html
lca2013-distros/graphics/bullet-fold-dim.gif
lca2013-distros/graphics/bullet-fold.gif
lca2013-distros/graphics/bullet-nofold-dim.gif
lca2013-distros/graphics/bullet-nofold.gif
lca2013-distros/graphics/bullet-unfold-dim.gif
lca2013-distros/graphics/bullet-unfold.gif
lca2013-distros/graphics/face1.gif
lca2013-distros/graphics/face2.gif
lca2013-distros/graphics/face3.gif
lca2013-distros/graphics/face4.gif
lca2013-distros/graphics/fold.bmp
lca2013-distros/graphics/fold-bright.gif
lca2013-distros/graphics/fold-dim.bmp
lca2013-distros/graphics/fold-dim.gif
lca2013-distros/graphics/fold.gif
lca2013-distros/graphics/nofold.bmp
lca2013-distros/graphics/nofold-dim.bmp
lca2013-distros/graphics/nofold-dim.gif
lca2013-distros/graphics/unfold.bmp
lca2013-distros/graphics/unfold-bright.gif
lca2013-distros/graphics/unfold-dim.bmp
lca2013-distros/graphics/unfold-dim.gif
lca2013-distros/graphics/unfold.gif
lca2013-distros/graphics/w3c-logo-blue.gif
lca2013-distros/graphics/w3c-logo-white.gif
lca2013-distros/help/help.html
lca2013-distros/help/help.html.ca
lca2013-distros/help/help.html.de
lca2013-distros/help/help.html.en
lca2013-distros/help/help.html.es
lca2013-distros/help/help.html.fr
lca2013-distros/help/help.html.hu
lca2013-distros/help/help.html.nl
lca2013-distros/help/help.html.pl
lca2013-distros/help/help.html.pt_br
lca2013-distros/help/help.html.pt-br
lca2013-distros/help/help.html.sv
lca2013-distros/help/help.pt-br.html
lca2013-distros/help/.htaccess
lca2013-distros/index.html
lca2013-distros/Overview.html
lca2013-distros/Overview.xhtml
lca2013-distros/scripts/.htaccess
lca2013-distros/scripts/slidy.js
lca2013-distros/scripts/slidy.js.gz
lca2013-distros/styles/.htaccess
lca2013-distros/styles/openstack.css
lca2013-distros/styles/slidy.css
lca2013-distros/styles/w3c-blue.css
lca/blank.html
lca/graphics/bullet-fold-dim.gif
lca/graphics/bullet-fold.gif
lca/graphics/bullet-nofold-dim.gif
lca/graphics/bullet-nofold.gif
lca/graphics/bullet-unfold-dim.gif
lca/graphics/bullet-unfold.gif
lca/graphics/face1.gif
lca/graphics/face2.gif
lca/graphics/face3.gif
lca/graphics/face4.gif
lca/graphics/fold.bmp
lca/graphics/fold-bright.gif
lca/graphics/fold-dim.bmp
lca/graphics/fold-dim.gif
lca/graphics/fold.gif
lca/graphics/nofold.bmp
lca/graphics/nofold-dim.bmp
lca/graphics/nofold-dim.gif
lca/graphics/unfold.bmp
lca/graphics/unfold-bright.gif
lca/graphics/unfold-dim.bmp
lca/graphics/unfold-dim.gif
lca/graphics/unfold.gif
lca/graphics/w3c-logo-blue.gif
lca/graphics/w3c-logo-white.gif
lca/help/help.html
lca/help/help.html.ca
lca/help/help.html.de
lca/help/help.html.en
lca/help/help.html.es
lca/help/help.html.fr
lca/help/help.html.hu
lca/help/help.html.nl
lca/help/help.html.pl
lca/help/help.html.pt_br
lca/help/help.html.pt-br
lca/help/help.html.sv
lca/help/help.pt-br.html
lca/help/.htaccess
lca/index.html
lca/index.html~
lca/notes
lca/Overview.html
lca/Overview.xhtml
lca/scripts/.htaccess
lca/scripts/slidy.js
lca/scripts/slidy.js.gz
lca/styles/.htaccess
lca/styles/openstack.css
lca/styles/slidy.css
lca/styles/w3c-blue.css
lcb-bare-metal/blank.html
lcb-bare-metal/graphics/bullet-fold-dim.gif
lcb-bare-metal/graphics/bullet-fold.gif
lcb-bare-metal/graphics/bullet-nofold-dim.gif
lcb-bare-metal/graphics/bullet-nofold.gif
lcb-bare-metal/graphics/bullet-unfold-dim.gif
lcb-bare-metal/graphics/bullet-unfold.gif
lcb-bare-metal/graphics/face1.gif
lcb-bare-metal/graphics/face2.gif
lcb-bare-metal/graphics/face3.gif
lcb-bare-metal/graphics/face4.gif
lcb-bare-metal/graphics/fold.bmp
lcb-bare-metal/graphics/fold-bright.gif
lcb-bare-metal/graphics/fold-dim.bmp
lcb-bare-metal/graphics/fold-dim.gif
lcb-bare-metal/graphics/fold.gif
lcb-bare-metal/graphics/nofold.bmp
lcb-bare-metal/graphics/nofold-dim.bmp
lcb-bare-metal/graphics/nofold-dim.gif
lcb-bare-metal/graphics/unfold.bmp
lcb-bare-metal/graphics/unfold-bright.gif
lcb-bare-metal/graphics/unfold-dim.bmp
lcb-bare-metal/graphics/unfold-dim.gif
lcb-bare-metal/graphics/unfold.gif
lcb-bare-metal/graphics/w3c-logo-blue.gif
lcb-bare-metal/graphics/w3c-logo-white.gif
lcb-bare-metal/help/help.html
lcb-bare-metal/help/help.html.ca
lcb-bare-metal/help/help.html.de
lcb-bare-metal/help/help.html.en
lcb-bare-metal/help/help.html.es
lcb-bare-metal/help/help.html.fr
lcb-bare-metal/help/help.html.hu
lcb-bare-metal/help/help.html.nl
lcb-bare-metal/help/help.html.pl
lcb-bare-metal/help/help.html.pt_br
lcb-bare-metal/help/help.html.pt-br
lcb-bare-metal/help/help.html.sv
lcb-bare-metal/help/help.pt-br.html
lcb-bare-metal/help/.htaccess
lcb-bare-metal/index.html
lcb-bare-metal/notes
lcb-bare-metal/Overview.html
lcb-bare-metal/Overview.xhtml
lcb-bare-metal/scripts/.htaccess
lcb-bare-metal/scripts/slidy.js
lcb-bare-metal/scripts/slidy.js.gz
lcb-bare-metal/styles/.htaccess
lcb-bare-metal/styles/openstack.css
lcb-bare-metal/styles/slidy.css
lcb-bare-metal/styles/w3c-blue.css
make-index
openstack.css
overview/blank.html
overview/graphics/bullet-fold-dim.gif
overview/graphics/bullet-fold.gif
overview/graphics/bullet-nofold-dim.gif
overview/graphics/bullet-nofold.gif
overview/graphics/bullet-unfold-dim.gif
overview/graphics/bullet-unfold.gif
overview/graphics/face1.gif
overview/graphics/face2.gif
overview/graphics/face3.gif
overview/graphics/face4.gif
overview/graphics/fold.bmp
overview/graphics/fold-bright.gif
overview/graphics/fold-dim.bmp
overview/graphics/fold-dim.gif
overview/graphics/fold.gif
overview/graphics/nofold.bmp
overview/graphics/nofold-dim.bmp
overview/graphics/nofold-dim.gif
overview/graphics/unfold.bmp
overview/graphics/unfold-bright.gif
overview/graphics/unfold-dim.bmp
overview/graphics/unfold-dim.gif
overview/graphics/unfold.gif
overview/graphics/w3c-logo-blue.gif
overview/graphics/w3c-logo-white.gif
overview/help/help.html
overview/help/help.html.ca
overview/help/help.html.de
overview/help/help.html.en
overview/help/help.html.es
overview/help/help.html.fr
overview/help/help.html.hu
overview/help/help.html.nl
overview/help/help.html.pl
overview/help/help.html.pt_br
overview/help/help.html.pt-br
overview/help/help.html.sv
overview/help/help.pt-br.html
overview/help/.htaccess
overview/index.html
overview/notes
overview/Overview.html
overview/Overview.xhtml
overview/scripts/.htaccess
overview/scripts/jquery-1.7.2.min.js
overview/scripts/raphael-min.js
overview/scripts/slidy.js
overview/scripts/slidy.js.gz
overview/styles/.htaccess
overview/styles/openstack.css
overview/styles/slidy.css
overview/styles/w3c-blue.css
puppetconf/blank.html
puppetconf/graphics/bullet-fold-dim.gif
puppetconf/graphics/bullet-fold.gif
puppetconf/graphics/bullet-nofold-dim.gif
puppetconf/graphics/bullet-nofold.gif
puppetconf/graphics/bullet-unfold-dim.gif
puppetconf/graphics/bullet-unfold.gif
puppetconf/graphics/face1.gif
puppetconf/graphics/face2.gif
puppetconf/graphics/face3.gif
puppetconf/graphics/face4.gif
puppetconf/graphics/fold.bmp
puppetconf/graphics/fold-bright.gif
puppetconf/graphics/fold-dim.bmp
puppetconf/graphics/fold-dim.gif
puppetconf/graphics/fold.gif
puppetconf/graphics/nofold.bmp
puppetconf/graphics/nofold-dim.bmp
puppetconf/graphics/nofold-dim.gif
puppetconf/graphics/unfold.bmp
puppetconf/graphics/unfold-bright.gif
puppetconf/graphics/unfold-dim.bmp
puppetconf/graphics/unfold-dim.gif
puppetconf/graphics/unfold.gif
puppetconf/graphics/w3c-logo-blue.gif
puppetconf/graphics/w3c-logo-white.gif
puppetconf/help/help.html
puppetconf/help/help.html.ca
puppetconf/help/help.html.de
puppetconf/help/help.html.en
puppetconf/help/help.html.es
puppetconf/help/help.html.fr
puppetconf/help/help.html.hu
puppetconf/help/help.html.nl
puppetconf/help/help.html.pl
puppetconf/help/help.html.pt_br
puppetconf/help/help.html.pt-br
puppetconf/help/help.html.sv
puppetconf/help/help.pt-br.html
puppetconf/help/.htaccess
puppetconf/index.html
puppetconf/notes
puppetconf/.notes.swp
puppetconf/Overview.html
puppetconf/Overview.xhtml
puppetconf/scripts/.htaccess
puppetconf/scripts/slidy.js
puppetconf/scripts/slidy.js.gz
puppetconf/styles/.htaccess
puppetconf/styles/openstack.css
puppetconf/styles/slidy.css
puppetconf/styles/w3c-blue.css
README.rst
tutorial/blank.html
tutorial/graphics/bullet-fold-dim.gif
tutorial/graphics/bullet-fold.gif
tutorial/graphics/bullet-nofold-dim.gif
tutorial/graphics/bullet-nofold.gif
tutorial/graphics/bullet-unfold-dim.gif
tutorial/graphics/bullet-unfold.gif
tutorial/graphics/face1.gif
tutorial/graphics/face2.gif
tutorial/graphics/face3.gif
tutorial/graphics/face4.gif
tutorial/graphics/fold.bmp
tutorial/graphics/fold-bright.gif
tutorial/graphics/fold-dim.bmp
tutorial/graphics/fold-dim.gif
tutorial/graphics/fold.gif
tutorial/graphics/nofold.bmp
tutorial/graphics/nofold-dim.bmp
tutorial/graphics/nofold-dim.gif
tutorial/graphics/unfold.bmp
tutorial/graphics/unfold-bright.gif
tutorial/graphics/unfold-dim.bmp
tutorial/graphics/unfold-dim.gif
tutorial/graphics/unfold.gif
tutorial/graphics/w3c-logo-blue.gif
tutorial/graphics/w3c-logo-white.gif
tutorial/help/help.html
tutorial/help/help.html.ca
tutorial/help/help.html.de
tutorial/help/help.html.en
tutorial/help/help.html.es
tutorial/help/help.html.fr
tutorial/help/help.html.hu
tutorial/help/help.html.nl
tutorial/help/help.html.pl
tutorial/help/help.html.pt_br
tutorial/help/help.html.pt-br
tutorial/help/help.html.sv
tutorial/help/help.pt-br.html
tutorial/help/.htaccess
tutorial/index.html
tutorial/notes
tutorial/Overview.html
tutorial/Overview.xhtml
tutorial/scripts/.htaccess
tutorial/scripts/slidy.js
tutorial/scripts/slidy.js.gz
tutorial/styles/.htaccess
tutorial/styles/openstack.css
tutorial/styles/slidy.css
tutorial/styles/w3c-blue.css
uds-p-launchpad/blank.html
uds-p-launchpad/graphics/bullet-fold-dim.gif
uds-p-launchpad/graphics/bullet-fold.gif
uds-p-launchpad/graphics/bullet-nofold-dim.gif
uds-p-launchpad/graphics/bullet-nofold.gif
uds-p-launchpad/graphics/bullet-unfold-dim.gif
uds-p-launchpad/graphics/bullet-unfold.gif
uds-p-launchpad/graphics/face1.gif
uds-p-launchpad/graphics/face2.gif
uds-p-launchpad/graphics/face3.gif
uds-p-launchpad/graphics/face4.gif
uds-p-launchpad/graphics/fold.bmp
uds-p-launchpad/graphics/fold-bright.gif
uds-p-launchpad/graphics/fold-dim.bmp
uds-p-launchpad/graphics/fold-dim.gif
uds-p-launchpad/graphics/fold.gif
uds-p-launchpad/graphics/nofold.bmp
uds-p-launchpad/graphics/nofold-dim.bmp
uds-p-launchpad/graphics/nofold-dim.gif
uds-p-launchpad/graphics/unfold.bmp
uds-p-launchpad/graphics/unfold-bright.gif
uds-p-launchpad/graphics/unfold-dim.bmp
uds-p-launchpad/graphics/unfold-dim.gif
uds-p-launchpad/graphics/unfold.gif
uds-p-launchpad/graphics/w3c-logo-blue.gif
uds-p-launchpad/graphics/w3c-logo-white.gif
uds-p-launchpad/help/help.html
uds-p-launchpad/help/help.html.ca
uds-p-launchpad/help/help.html.de
uds-p-launchpad/help/help.html.en
uds-p-launchpad/help/help.html.es
uds-p-launchpad/help/help.html.fr
uds-p-launchpad/help/help.html.hu
uds-p-launchpad/help/help.html.nl
uds-p-launchpad/help/help.html.pl
uds-p-launchpad/help/help.html.pt_br
uds-p-launchpad/help/help.html.pt-br
uds-p-launchpad/help/help.html.sv
uds-p-launchpad/help/help.pt-br.html
uds-p-launchpad/help/.htaccess
uds-p-launchpad/index.html
uds-p-launchpad/notes
uds-p-launchpad/Overview.html
uds-p-launchpad/Overview.xhtml
uds-p-launchpad/scripts/.htaccess
uds-p-launchpad/scripts/slidy.js
uds-p-launchpad/scripts/slidy.js.gz
uds-p-launchpad/styles/.htaccess
uds-p-launchpad/styles/openstack.css
uds-p-launchpad/styles/slidy.css
uds-p-launchpad/styles/w3c-blue.css
uds-p-qa/blank.html
uds-p-qa/graphics/bullet-fold-dim.gif
uds-p-qa/graphics/bullet-fold.gif
uds-p-qa/graphics/bullet-nofold-dim.gif
uds-p-qa/graphics/bullet-nofold.gif
uds-p-qa/graphics/bullet-unfold-dim.gif
uds-p-qa/graphics/bullet-unfold.gif
uds-p-qa/graphics/face1.gif
uds-p-qa/graphics/face2.gif
uds-p-qa/graphics/face3.gif
uds-p-qa/graphics/face4.gif
uds-p-qa/graphics/fold.bmp
uds-p-qa/graphics/fold-bright.gif
uds-p-qa/graphics/fold-dim.bmp
uds-p-qa/graphics/fold-dim.gif
uds-p-qa/graphics/fold.gif
uds-p-qa/graphics/nofold.bmp
uds-p-qa/graphics/nofold-dim.bmp
uds-p-qa/graphics/nofold-dim.gif
uds-p-qa/graphics/unfold.bmp
uds-p-qa/graphics/unfold-bright.gif
uds-p-qa/graphics/unfold-dim.bmp
uds-p-qa/graphics/unfold-dim.gif
uds-p-qa/graphics/unfold.gif
uds-p-qa/graphics/w3c-logo-blue.gif
uds-p-qa/graphics/w3c-logo-white.gif
uds-p-qa/help/help.html
uds-p-qa/help/help.html.ca
uds-p-qa/help/help.html.de
uds-p-qa/help/help.html.en
uds-p-qa/help/help.html.es
uds-p-qa/help/help.html.fr
uds-p-qa/help/help.html.hu
uds-p-qa/help/help.html.nl
uds-p-qa/help/help.html.pl
uds-p-qa/help/help.html.pt_br
uds-p-qa/help/help.html.pt-br
uds-p-qa/help/help.html.sv
uds-p-qa/help/help.pt-br.html
uds-p-qa/help/.htaccess
uds-p-qa/index.html
uds-p-qa/Overview.html
uds-p-qa/Overview.xhtml
uds-p-qa/scripts/.htaccess
uds-p-qa/scripts/slidy.js
uds-p-qa/scripts/slidy.js.gz
uds-p-qa/styles/.htaccess
uds-p-qa/styles/openstack.css
uds-p-qa/styles/slidy.css
uds-p-qa/styles/w3c-blue.css
zuul/graphics/bullet-fold-dim.gif
zuul/graphics/bullet-fold.gif
zuul/graphics/bullet-nofold-dim.gif
zuul/graphics/bullet-nofold.gif
zuul/graphics/bullet-unfold-dim.gif
zuul/graphics/bullet-unfold.gif
zuul/graphics/face1.gif
zuul/graphics/face2.gif
zuul/graphics/face3.gif
zuul/graphics/face4.gif
zuul/graphics/fold.bmp
zuul/graphics/fold-bright.gif
zuul/graphics/fold-dim.bmp
zuul/graphics/fold-dim.gif
zuul/graphics/fold.gif
zuul/graphics/nofold.bmp
zuul/graphics/nofold-dim.bmp
zuul/graphics/nofold-dim.gif
zuul/graphics/unfold.bmp
zuul/graphics/unfold-bright.gif
zuul/graphics/unfold-dim.bmp
zuul/graphics/unfold-dim.gif
zuul/graphics/unfold.gif
zuul/graphics/w3c-logo-blue.gif
zuul/graphics/w3c-logo-white.gif
zuul/help/help.html
zuul/help/help.html.ca
zuul/help/help.html.de
zuul/help/help.html.en
zuul/help/help.html.es
zuul/help/help.html.fr
zuul/help/help.html.hu
zuul/help/help.html.nl
zuul/help/help.html.pl
zuul/help/help.html.pt_br
zuul/help/help.html.pt-br
zuul/help/help.html.sv
zuul/help/help.pt-br.html
zuul/help/.htaccess
zuul/index.html
zuul/scripts/.htaccess
zuul/scripts/jquery-1.7.2.min.js
zuul/scripts/raphael-min.js
zuul/scripts/slidy.js
zuul/scripts/slidy.js.gz
zuul/styles/.htaccess
zuul/styles/openstack.css
zuul/styles/slidy.css
zuul/styles/w3c-blue.css
