AUTHORS
diskimage-create/diskimage-create.sh
edp-examples/edp-wordcount/src/NOTICE.txt
edp-examples/edp-wordcount/src/WordCount.java
edp-examples/edp-wordcount/wordcount/job.properties
edp-examples/edp-wordcount/wordcount/lib/edp-java.jar
edp-examples/edp-wordcount/wordcount/lib/edp-wordcount.jar
edp-examples/edp-wordcount/wordcount/workflow.xml
edp-examples/pig-job/example.pig
edp-examples/pig-job/expected_output
edp-examples/pig-job/input
edp-examples/pig-job/udf.jar
elements/apt-mirror/finalise.d/99-setup
elements/apt-mirror/pre-install.d/00-apt
elements/apt-mirror/root.d/0-check
elements/hadoop/element-deps
elements/hadoop_fedora/first-boot.d/99-setup
elements/hadoop_fedora/install.d/20-setup-java
elements/hadoop_fedora/install.d/30-setup-hadoop
elements/hadoop_fedora/install.d/40-setup-ssh
elements/hadoop_fedora/post-install.d/11-setup-java
elements/hadoop_fedora/post-install.d/12-setup-hadoop
elements/hadoop_fedora/post-install.d/13-connection-setup
elements/hadoop_fedora/root.d/0-check
elements/hadoop/finalise.d/99-setup
elements/hadoop/first-boot.d/99-setup
elements/hadoop/install.d/20-setup-java
elements/hadoop/install.d/30-setup-hadoop
elements/hadoop/install.d/40-setup-ssh
elements/hadoop/install.d/70-setup-java
elements/hadoop/install.d/80-setup-hadoop
elements/hadoop/install.d/90-setup-ssh
elements/hadoop/post-install.d/30-setup-ssh
elements/hadoop/post-install.d/40-setup-hadoop
elements/hadoop/root.d/0-check
elements/hive/element-deps
elements/hive/post-install.d/60-hive
elements/hive/root.d/0-check
elements/mysql/install.d/10-mysql
elements/mysql/install.d/99-disable-mysql-on-boot
elements/mysql/install.d/start-mysql.sh
elements/oozie/element-deps
elements/oozie/install.d/50-setup-oozie
elements/oozie/post-install.d/90-oozie-war
elements/oozie/root.d/0-check
elements/root-passwd/post-install.d/99-setup
elements/savanna-version/install.d/01-savanna-version
elements/swift_hadoop/install.d/81-add-jar
elements/swift_hadoop/post-install.d/81-add-jar
elements/yum-mirror/finalise.d/99-setup
elements/yum-mirror/pre-install.d/00-yum
elements/yum-mirror/root.d/0-check
HACKING.rst
hadoop-swiftfs/pom.xml
hadoop-swiftfs/src/main/java/org/apache/hadoop/fs/swift/auth/ApiKeyAuthenticationRequest.java
hadoop-swiftfs/src/main/java/org/apache/hadoop/fs/swift/auth/ApiKeyCredentials.java
hadoop-swiftfs/src/main/java/org/apache/hadoop/fs/swift/auth/AuthenticationRequest.java
hadoop-swiftfs/src/main/java/org/apache/hadoop/fs/swift/auth/AuthenticationRequestWrapper.java
hadoop-swiftfs/src/main/java/org/apache/hadoop/fs/swift/auth/AuthenticationResponse.java
hadoop-swiftfs/src/main/java/org/apache/hadoop/fs/swift/auth/AuthenticationWrapper.java
hadoop-swiftfs/src/main/java/org/apache/hadoop/fs/swift/auth/entities/AccessToken.java
hadoop-swiftfs/src/main/java/org/apache/hadoop/fs/swift/auth/entities/Catalog.java
hadoop-swiftfs/src/main/java/org/apache/hadoop/fs/swift/auth/entities/Endpoint.java
hadoop-swiftfs/src/main/java/org/apache/hadoop/fs/swift/auth/entities/Tenant.java
hadoop-swiftfs/src/main/java/org/apache/hadoop/fs/swift/auth/entities/User.java
hadoop-swiftfs/src/main/java/org/apache/hadoop/fs/swift/auth/KeystoneApiKeyCredentials.java
hadoop-swiftfs/src/main/java/org/apache/hadoop/fs/swift/auth/KeyStoneAuthRequest.java
hadoop-swiftfs/src/main/java/org/apache/hadoop/fs/swift/auth/PasswordAuthenticationRequest.java
hadoop-swiftfs/src/main/java/org/apache/hadoop/fs/swift/auth/PasswordCredentials.java
hadoop-swiftfs/src/main/java/org/apache/hadoop/fs/swift/auth/Roles.java
hadoop-swiftfs/src/main/java/org/apache/hadoop/fs/swift/exceptions/SwiftAuthenticationFailedException.java
hadoop-swiftfs/src/main/java/org/apache/hadoop/fs/swift/exceptions/SwiftBadRequestException.java
hadoop-swiftfs/src/main/java/org/apache/hadoop/fs/swift/exceptions/SwiftConfigurationException.java
hadoop-swiftfs/src/main/java/org/apache/hadoop/fs/swift/exceptions/SwiftConnectionClosedException.java
hadoop-swiftfs/src/main/java/org/apache/hadoop/fs/swift/exceptions/SwiftConnectionException.java
hadoop-swiftfs/src/main/java/org/apache/hadoop/fs/swift/exceptions/SwiftException.java
hadoop-swiftfs/src/main/java/org/apache/hadoop/fs/swift/exceptions/SwiftInternalStateException.java
hadoop-swiftfs/src/main/java/org/apache/hadoop/fs/swift/exceptions/SwiftInvalidResponseException.java
hadoop-swiftfs/src/main/java/org/apache/hadoop/fs/swift/exceptions/SwiftJsonMarshallingException.java
hadoop-swiftfs/src/main/java/org/apache/hadoop/fs/swift/exceptions/SwiftNotDirectoryException.java
hadoop-swiftfs/src/main/java/org/apache/hadoop/fs/swift/exceptions/SwiftOperationFailedException.java
hadoop-swiftfs/src/main/java/org/apache/hadoop/fs/swift/exceptions/SwiftPathExistsException.java
hadoop-swiftfs/src/main/java/org/apache/hadoop/fs/swift/exceptions/SwiftThrottledRequestException.java
hadoop-swiftfs/src/main/java/org/apache/hadoop/fs/swift/exceptions/SwiftUnsupportedFeatureException.java
hadoop-swiftfs/src/main/java/org/apache/hadoop/fs/swift/http/CopyMethod.java
hadoop-swiftfs/src/main/java/org/apache/hadoop/fs/swift/http/ExceptionDiags.java
hadoop-swiftfs/src/main/java/org/apache/hadoop/fs/swift/http/HttpBodyContent.java
hadoop-swiftfs/src/main/java/org/apache/hadoop/fs/swift/http/HttpInputStreamWithRelease.java
hadoop-swiftfs/src/main/java/org/apache/hadoop/fs/swift/http/RestClientBindings.java
hadoop-swiftfs/src/main/java/org/apache/hadoop/fs/swift/http/SwiftProtocolConstants.java
hadoop-swiftfs/src/main/java/org/apache/hadoop/fs/swift/http/SwiftRestClient.java
hadoop-swiftfs/src/main/java/org/apache/hadoop/fs/swift/package.html
hadoop-swiftfs/src/main/java/org/apache/hadoop/fs/swift/snative/StrictBufferedFSInputStream.java
hadoop-swiftfs/src/main/java/org/apache/hadoop/fs/swift/snative/SwiftFileStatus.java
hadoop-swiftfs/src/main/java/org/apache/hadoop/fs/swift/snative/SwiftNativeFileSystem.java
hadoop-swiftfs/src/main/java/org/apache/hadoop/fs/swift/snative/SwiftNativeFileSystemStore.java
hadoop-swiftfs/src/main/java/org/apache/hadoop/fs/swift/snative/SwiftNativeInputStream.java
hadoop-swiftfs/src/main/java/org/apache/hadoop/fs/swift/snative/SwiftNativeOutputStream.java
hadoop-swiftfs/src/main/java/org/apache/hadoop/fs/swift/snative/SwiftObjectFileStatus.java
hadoop-swiftfs/src/main/java/org/apache/hadoop/fs/swift/util/Duration.java
hadoop-swiftfs/src/main/java/org/apache/hadoop/fs/swift/util/DurationStats.java
hadoop-swiftfs/src/main/java/org/apache/hadoop/fs/swift/util/DurationStatsTable.java
hadoop-swiftfs/src/main/java/org/apache/hadoop/fs/swift/util/JSONUtil.java
hadoop-swiftfs/src/main/java/org/apache/hadoop/fs/swift/util/SwiftObjectPath.java
hadoop-swiftfs/src/main/java/org/apache/hadoop/fs/swift/util/SwiftTestUtils.java
hadoop-swiftfs/src/main/java/org/apache/hadoop/fs/swift/util/SwiftUtils.java
hadoop-swiftfs/src/site/apt/index.apt.vm
hadoop-swiftfs/src/site/site.xml
hadoop-swiftfs/src/test/java/org/apache/hadoop/fs/swift/AcceptAllFilter.java
hadoop-swiftfs/src/test/java/org/apache/hadoop/fs/swift/http/TestRestClientBindings.java
hadoop-swiftfs/src/test/java/org/apache/hadoop/fs/swift/http/TestSwiftRestClient.java
hadoop-swiftfs/src/test/java/org/apache/hadoop/fs/swift/scale/SwiftScaleTestBase.java
hadoop-swiftfs/src/test/java/org/apache/hadoop/fs/swift/scale/TestWriteManySmallFiles.java
hadoop-swiftfs/src/test/java/org/apache/hadoop/fs/swift/SwiftFileSystemBaseTest.java
hadoop-swiftfs/src/test/java/org/apache/hadoop/fs/swift/SwiftTestConstants.java
hadoop-swiftfs/src/test/java/org/apache/hadoop/fs/swift/TestLogResources.java
hadoop-swiftfs/src/test/java/org/apache/hadoop/fs/swift/TestReadPastBuffer.java
hadoop-swiftfs/src/test/java/org/apache/hadoop/fs/swift/TestSeek.java
hadoop-swiftfs/src/test/java/org/apache/hadoop/fs/swift/TestSwiftConfig.java
hadoop-swiftfs/src/test/java/org/apache/hadoop/fs/swift/TestSwiftFileSystemBasicOps.java
hadoop-swiftfs/src/test/java/org/apache/hadoop/fs/swift/TestSwiftFileSystemBlockLocation.java
hadoop-swiftfs/src/test/java/org/apache/hadoop/fs/swift/TestSwiftFileSystemBlocksize.java
hadoop-swiftfs/src/test/java/org/apache/hadoop/fs/swift/TestSwiftFileSystemConcurrency.java
hadoop-swiftfs/src/test/java/org/apache/hadoop/fs/swift/TestSwiftFileSystemDelete.java
hadoop-swiftfs/src/test/java/org/apache/hadoop/fs/swift/TestSwiftFileSystemDirectories.java
hadoop-swiftfs/src/test/java/org/apache/hadoop/fs/swift/TestSwiftFileSystemExtendedContract.java
hadoop-swiftfs/src/test/java/org/apache/hadoop/fs/swift/TestSwiftFileSystemLsOperations.java
hadoop-swiftfs/src/test/java/org/apache/hadoop/fs/swift/TestSwiftFileSystemPartitionedUploads.java
hadoop-swiftfs/src/test/java/org/apache/hadoop/fs/swift/TestSwiftFileSystemRead.java
hadoop-swiftfs/src/test/java/org/apache/hadoop/fs/swift/TestSwiftFileSystemRename.java
hadoop-swiftfs/src/test/java/org/apache/hadoop/fs/swift/TestSwiftObjectPath.java
hadoop-swiftfs/src/test/resources/core-site.xml
hadoop-swiftfs/src/test/resources/log4j.properties
hadoop-swift/hadoop-swift-latest.jar
LICENSE
MANIFEST.in
README.rst
requirements.txt
setup.cfg
setup.py
test-requirements.txt
tox.ini
