barbicanclient/barbican_cli/formatter.py
barbicanclient/barbican_cli/__init__.py
barbicanclient/barbican_cli/orders.py
barbicanclient/barbican_cli/secrets.py
barbicanclient/barbican.py
barbicanclient/base.py
barbicanclient/client.py
barbicanclient/common/auth.py
barbicanclient/common/config.py
barbicanclient/common/exceptions.py
barbicanclient/common/http.py
barbicanclient/common/__init__.py
barbicanclient/common/utils.py
barbicanclient/exceptions.py
barbicanclient/__init__.py
barbicanclient/keep.py
barbicanclient/openstack/common/gettextutils.py
barbicanclient/openstack/common/importutils.py
barbicanclient/openstack/common/__init__.py
barbicanclient/openstack/common/jsonutils.py
barbicanclient/openstack/common/local.py
barbicanclient/openstack/common/log.py
barbicanclient/openstack/common/setup.py
barbicanclient/openstack/common/timeutils.py
barbicanclient/openstack/common/version.py
barbicanclient/openstack/.DS_Store
barbicanclient/openstack/__init__.py
barbicanclient/orders.py
barbicanclient/secrets.py
barbicanclient/test/common/__init__.py
barbicanclient/test/common/test_auth.py
barbicanclient/test/__init__.py
barbicanclient/test/keystone_client_fixtures.py
barbicanclient/test/test_barbican.py
barbicanclient/test/test_client_orders.py
barbicanclient/test/test_client.py
barbicanclient/test/test_client_secrets.py
barbicanclient/test/test_client_verifications.py
barbicanclient/test/test_keep.py
barbicanclient/v1/__init__.py
barbicanclient/verifications.py
barbicanclient/version.py
clientrc
cloudkeyp
.coveragerc
etc/barbicanclient.conf
examples/create_order.py
examples/create_secret.py
examples/delete_order.py
examples/delete_secret.py
examples/get_order.py
examples/get_secret.py
examples/__init__.py
examples/list_orders.py
examples/list_secrets.py
examples/secrets.py
keep
LICENSE
MANIFEST.in
openstack-common.conf
README.md
README.rst
requirements.txt
setup.cfg
setup.py
.testr.conf
test-requirements.txt
tests/client_test.py
tests/__init__.py
tests/keep_test.py
tests/test_auth.py
tools/hacking.sh
tools/pip-requires
tools/test-requires
tox.ini
