bin/filler.py
bin/swfiller
bin/swift-filler.py
bin/swsync
bin/sync-accounts.py
bin/syncit.py
common/__init__.py
common/utils.py
etc/config.ini
etc/config.ini-sample
etc/config-sample.ini
filler/swift-filler.py
functional_tests/__init__.py
functional_tests/test_middleware_lm.py
middlewares/__init__.py
middlewares/last_modified.py
openstack-common.conf
README-filler.rst
README.md
README.rst
setup.py
swift-filer/swift-filer.py
swift-filler.py/swift-filer.py
swift-filler.py/swift-filler.py
swsync/accounts.py
swsync/containers.py
swsync/filler.py
swsync/__init__.py
swsync/objects.py
swsync/openstack/common/__init__.py
swsync/openstack/common/setup.py
swsync/openstack/__init__.py
swsync/utils.py
sync/accounts.py
sync/containers.py
sync/filler.py
sync/__init__.py
sync/objects.py
sync/openstack/common/__init__.py
sync/openstack/common/setup.py
sync/openstack/__init__.py
sync/utils.py
.testr.conf
tests/base.py
tests/fakes.py
tests/functional/__init__.py
tests/functional/test_middleware_lm.py
tests/functional/test_syncer_filter.py
tests/functional/test_syncer.py
tests/__init__.py
tests/test_accounts.py
tests/test_accounts.py.old
tests/test_containers.py
tests/test_filler.py
tests/test_middleware_lm.py
tests/test_objects.py
tests/test_utils.py
tests/units/base.py
tests/units/fakes.py
tests/units/__init__.py
tests/units/test_accounts.py
tests/units/test_containers.py
tests/units/test_filler.py
tests/units/test_middleware_lm.py
tests/units/test_objects.py
tests/units/test_utils.py
tools/delete-some-account.py
tools/pip-requires
tools/swift-df.py
tools/test-requires
tox.ini
