Dockerfile
doc/source/conf.py
doc/source/index.rst
doc/source/readme.rst
doc/source/webapi/index.rst
doc/source/webapi/v1.rst
LICENSE
README.rst
requirements.txt
setup.cfg
setup.py
surveil/api/api.py
surveil/api/app.py
surveil/api/config.py
surveil/api/controllers/__init__.py
surveil/api/controllers/root.py
surveil/api/controllers/v1/hello.py
surveil/api/controllers/v1/hosts.py
surveil/api/controllers/v1/__init__.py
surveil/api/controllers/v1/v1.py
surveil/api/hooks.py
surveil/api/__init__.py
surveil/__init__.py
surveil/tests/api/controllers/__init__.py
surveil/tests/api/controllers/v1/__init__.py
surveil/tests/api/controllers/v1/test_hello.py
surveil/tests/api/controllers/v1/test_hosts.py
surveil/tests/api/functionalTest.py
surveil/tests/api/__init__.py
surveil/tests/base.py
surveil/tests/__init__.py
.testr.conf
test-requirements.txt
tools/docker/etc/apache2/conf-enabled/influxdb.conf
tools/docker/etc/apache2/sites-available/grafana.conf
tools/docker/etc/mongodb.conf
tools/docker/etc/riemann/riemann.config
tools/docker/etc/shinken/arbiters/arbiter-master.cfg
tools/docker/etc/shinken/brokers/broker-master.cfg
tools/docker/etc/shinken/certs/02.pem
tools/docker/etc/shinken/certs/ca.pem
tools/docker/etc/shinken/certs/certindex.txt
tools/docker/etc/shinken/certs/certindex.txt.attr
tools/docker/etc/shinken/certs/certindex.txt.old
tools/docker/etc/shinken/certs/client.pem
tools/docker/etc/shinken/certs/demoCA/cacert.pem
tools/docker/etc/shinken/certs/demoCA/careq.pem
tools/docker/etc/shinken/certs/demoCA/crlnumber
tools/docker/etc/shinken/certs/demoCA/index.txt
tools/docker/etc/shinken/certs/demoCA/index.txt.attr
tools/docker/etc/shinken/certs/demoCA/index.txt.attr.old
tools/docker/etc/shinken/certs/demoCA/index.txt.old
tools/docker/etc/shinken/certs/demoCA/newcerts/EC5B5DDAD51BE4A8.pem
tools/docker/etc/shinken/certs/demoCA/newcerts/EC5B5DDAD51BE4A9.pem
tools/docker/etc/shinken/certs/demoCA/private/cakey.pem
tools/docker/etc/shinken/certs/demoCA/serial
tools/docker/etc/shinken/certs/demoCA/serial.old
tools/docker/etc/shinken/certs/serial
tools/docker/etc/shinken/certs/serial.old
tools/docker/etc/shinken/certs/server.cert
tools/docker/etc/shinken/certs/server.key
tools/docker/etc/shinken/certs/server.pem
tools/docker/etc/shinken/certs/server.req
tools/docker/etc/shinken/certs/shinken_openssl_cnf
tools/docker/etc/shinken/commands/check_dig.cfg
tools/docker/etc/shinken/commands/check_host_alive.cfg
tools/docker/etc/shinken/commands/check_http_url.cfg
tools/docker/etc/shinken/commands/check_nrpe_args.cfg
tools/docker/etc/shinken/commands/check_nrpe.cfg
tools/docker/etc/shinken/commands/check_ping.cfg
tools/docker/etc/shinken/commands/check_snmp_service.cfg
tools/docker/etc/shinken/commands/check_snmp_storage.cfg
tools/docker/etc/shinken/commands/check_snmp_time.cfg
tools/docker/etc/shinken/commands/check_tcp.cfg
tools/docker/etc/shinken/commands/configuration-check.cfg
tools/docker/etc/shinken/commands/detailled-host-by-email.cfg
tools/docker/etc/shinken/commands/detailled-service-by-email.cfg
tools/docker/etc/shinken/commands/notify-host-by-android-sms.cfg
tools/docker/etc/shinken/commands/notify-host-by-email.cfg
tools/docker/etc/shinken/commands/notify-host-by-xmpp.cfg
tools/docker/etc/shinken/commands/notify-service-by-android-sms.cfg
tools/docker/etc/shinken/commands/notify-service-by-email.cfg
tools/docker/etc/shinken/commands/notify-service-by-xmpp.cfg
tools/docker/etc/shinken/commands/reload-shinken.cfg
tools/docker/etc/shinken/commands/restart-shinken.cfg
tools/docker/etc/shinken/contactgroups/admins.cfg
tools/docker/etc/shinken/contactgroups/users.cfg
tools/docker/etc/shinken/contacts/admin.cfg
tools/docker/etc/shinken/daemons/brokerd.ini
tools/docker/etc/shinken/daemons/pollerd.ini
tools/docker/etc/shinken/daemons/reactionnerd.ini
tools/docker/etc/shinken/daemons/receiverd.ini
tools/docker/etc/shinken/daemons/schedulerd.ini
tools/docker/etc/shinken/dependencies/sample.cfg
tools/docker/etc/shinken/discovery/discovery.cfg
tools/docker/etc/shinken/discovery/discovery_rules.cfg
tools/docker/etc/shinken/discovery/discovery_runs.cfg
tools/docker/etc/shinken/escalations/sample.cfg
tools/docker/etc/shinken/hostgroups/linux.cfg
tools/docker/etc/shinken/hosts/localhost.cfg
tools/docker/etc/shinken/modules/auth_cfg_password.cfg
tools/docker/etc/shinken/modules/influxdb.cfg
tools/docker/etc/shinken/modules/mongodb.cfg
tools/docker/etc/shinken/modules/riemann.cfg
tools/docker/etc/shinken/modules/webui.cfg
tools/docker/etc/shinken/modules/ws_arbiter.cfg
tools/docker/etc/shinken/notificationways/detailled-email.cfg
tools/docker/etc/shinken/notificationways/email.cfg
tools/docker/etc/shinken/notificationways/sms-android.cfg
tools/docker/etc/shinken/packs/readme.cfg
tools/docker/etc/shinken/pollers/poller-master.cfg
tools/docker/etc/shinken/reactionners/reactionner-android-sms.cfg
tools/docker/etc/shinken/reactionners/reactionner-master.cfg
tools/docker/etc/shinken/realms/all.cfg
tools/docker/etc/shinken/receivers/receiver-master.cfg
tools/docker/etc/shinken/resource.d/active-directory.cfg
tools/docker/etc/shinken/resource.d/nmap.cfg
tools/docker/etc/shinken/resource.d/paths.cfg
tools/docker/etc/shinken/resource.d/snmp.cfg
tools/docker/etc/shinken/schedulers/scheduler-master.cfg
tools/docker/etc/shinken/servicegroups/sample.cfg
tools/docker/etc/shinken/services/services.cfg
tools/docker/etc/shinken/shinken.cfg
tools/docker/etc/shinken/templates/generic-contact.cfg
tools/docker/etc/shinken/templates/generic-host.cfg
tools/docker/etc/shinken/templates/generic-service.cfg
tools/docker/etc/shinken/templates/srv-pnp.cfg
tools/docker/etc/shinken/templates/time_templates.cfg
tools/docker/etc/shinken/timeperiods/24x7.cfg
tools/docker/etc/shinken/timeperiods/none.cfg
tools/docker/etc/shinken/timeperiods/us-holidays.cfg
tools/docker/etc/shinken/timeperiods/workhours.cfg
tools/docker/etc/supervisor/conf.d/supervisor.conf
tools/docker/var/www/html/grafana/config.js
tools/test_env/Dockerfile
tools/test_env/etc/apache2/conf-enabled/influxdb.conf
tools/test_env/etc/apache2/sites-available/grafana.conf
tools/test_env/etc/riemann/riemann.config
tools/test_env/etc/shinken/arbiters/arbiter-master.cfg
tools/test_env/etc/shinken/brokers/broker-master.cfg
tools/test_env/etc/shinken/certs/02.pem
tools/test_env/etc/shinken/certs/ca.pem
tools/test_env/etc/shinken/certs/certindex.txt
tools/test_env/etc/shinken/certs/certindex.txt.attr
tools/test_env/etc/shinken/certs/certindex.txt.old
tools/test_env/etc/shinken/certs/client.pem
tools/test_env/etc/shinken/certs/demoCA/cacert.pem
tools/test_env/etc/shinken/certs/demoCA/careq.pem
tools/test_env/etc/shinken/certs/demoCA/crlnumber
tools/test_env/etc/shinken/certs/demoCA/index.txt
tools/test_env/etc/shinken/certs/demoCA/index.txt.attr
tools/test_env/etc/shinken/certs/demoCA/index.txt.attr.old
tools/test_env/etc/shinken/certs/demoCA/index.txt.old
tools/test_env/etc/shinken/certs/demoCA/newcerts/EC5B5DDAD51BE4A8.pem
tools/test_env/etc/shinken/certs/demoCA/newcerts/EC5B5DDAD51BE4A9.pem
tools/test_env/etc/shinken/certs/demoCA/private/cakey.pem
tools/test_env/etc/shinken/certs/demoCA/serial
tools/test_env/etc/shinken/certs/demoCA/serial.old
tools/test_env/etc/shinken/certs/serial
tools/test_env/etc/shinken/certs/serial.old
tools/test_env/etc/shinken/certs/server.cert
tools/test_env/etc/shinken/certs/server.key
tools/test_env/etc/shinken/certs/server.pem
tools/test_env/etc/shinken/certs/server.req
tools/test_env/etc/shinken/certs/shinken_openssl_cnf
tools/test_env/etc/shinken/commands/check_dig.cfg
tools/test_env/etc/shinken/commands/check_host_alive.cfg
tools/test_env/etc/shinken/commands/check_http_url.cfg
tools/test_env/etc/shinken/commands/check_nrpe_args.cfg
tools/test_env/etc/shinken/commands/check_nrpe.cfg
tools/test_env/etc/shinken/commands/check_ping.cfg
tools/test_env/etc/shinken/commands/check_snmp_service.cfg
tools/test_env/etc/shinken/commands/check_snmp_storage.cfg
tools/test_env/etc/shinken/commands/check_snmp_time.cfg
tools/test_env/etc/shinken/commands/check_tcp.cfg
tools/test_env/etc/shinken/commands/configuration-check.cfg
tools/test_env/etc/shinken/commands/detailled-host-by-email.cfg
tools/test_env/etc/shinken/commands/detailled-service-by-email.cfg
tools/test_env/etc/shinken/commands/notify-host-by-android-sms.cfg
tools/test_env/etc/shinken/commands/notify-host-by-email.cfg
tools/test_env/etc/shinken/commands/notify-host-by-xmpp.cfg
tools/test_env/etc/shinken/commands/notify-service-by-android-sms.cfg
tools/test_env/etc/shinken/commands/notify-service-by-email.cfg
tools/test_env/etc/shinken/commands/notify-service-by-xmpp.cfg
tools/test_env/etc/shinken/commands/reload-shinken.cfg
tools/test_env/etc/shinken/commands/restart-shinken.cfg
tools/test_env/etc/shinken/contactgroups/admins.cfg
tools/test_env/etc/shinken/contactgroups/users.cfg
tools/test_env/etc/shinken/contacts/admin.cfg
tools/test_env/etc/shinken/daemons/brokerd.ini
tools/test_env/etc/shinken/daemons/pollerd.ini
tools/test_env/etc/shinken/daemons/reactionnerd.ini
tools/test_env/etc/shinken/daemons/receiverd.ini
tools/test_env/etc/shinken/daemons/schedulerd.ini
tools/test_env/etc/shinken/dependencies/sample.cfg
tools/test_env/etc/shinken/discovery/discovery.cfg
tools/test_env/etc/shinken/discovery/discovery_rules.cfg
tools/test_env/etc/shinken/discovery/discovery_runs.cfg
tools/test_env/etc/shinken/escalations/sample.cfg
tools/test_env/etc/shinken/hostgroups/linux.cfg
tools/test_env/etc/shinken/hosts/localhost.cfg
tools/test_env/etc/shinken/modules/auth_cfg_password.cfg
tools/test_env/etc/shinken/modules/influxdb.cfg
tools/test_env/etc/shinken/modules/mongodb.cfg
tools/test_env/etc/shinken/modules/webui.cfg
tools/test_env/etc/shinken/modules/ws_arbiter.cfg
tools/test_env/etc/shinken/notificationways/detailled-email.cfg
tools/test_env/etc/shinken/notificationways/email.cfg
tools/test_env/etc/shinken/notificationways/sms-android.cfg
tools/test_env/etc/shinken/packs/readme.cfg
tools/test_env/etc/shinken/pollers/poller-master.cfg
tools/test_env/etc/shinken/reactionners/reactionner-android-sms.cfg
tools/test_env/etc/shinken/reactionners/reactionner-master.cfg
tools/test_env/etc/shinken/realms/all.cfg
tools/test_env/etc/shinken/receivers/receiver-master.cfg
tools/test_env/etc/shinken/resource.d/active-directory.cfg
tools/test_env/etc/shinken/resource.d/nmap.cfg
tools/test_env/etc/shinken/resource.d/paths.cfg
tools/test_env/etc/shinken/resource.d/snmp.cfg
tools/test_env/etc/shinken/schedulers/scheduler-master.cfg
tools/test_env/etc/shinken/servicegroups/sample.cfg
tools/test_env/etc/shinken/services/services.cfg
tools/test_env/etc/shinken/shinken.cfg
tools/test_env/etc/shinken/templates/generic-contact.cfg
tools/test_env/etc/shinken/templates/generic-host.cfg
tools/test_env/etc/shinken/templates/generic-service.cfg
tools/test_env/etc/shinken/templates/srv-pnp.cfg
tools/test_env/etc/shinken/templates/time_templates.cfg
tools/test_env/etc/shinken/timeperiods/24x7.cfg
tools/test_env/etc/shinken/timeperiods/none.cfg
tools/test_env/etc/shinken/timeperiods/us-holidays.cfg
tools/test_env/etc/shinken/timeperiods/workhours.cfg
tools/test_env/etc/supervisor/conf.d/supervisor.conf
tools/test_env/var/www/html/grafana/config.js
tox.ini
