CONTRIBUTING.rst
.coveragerc
coverage.sh
doc/source/conf.py
doc/source/contributing.rst
doc/source/index.rst
doc/source/installation.rst
doc/source/readme.rst
doc/source/usage.rst
HACKING.rst
LICENSE
MANIFEST.in
openstack-common.conf
README.rst
requirements.txt
setup.cfg
setup.py
solumclient/builder/client.py
solumclient/builder/__init__.py
solumclient/builder/v1/client.py
solumclient/builder/v1/image.py
solumclient/builder/v1/__init__.py
solumclient/client.py
solumclient/common/auth.py
solumclient/common/base.py
solumclient/common/client.py
solumclient/common/cli_utils.py
solumclient/common/exc.py
solumclient/common/__init__.py
solumclient/common/yamlutils.py
solumclient/__init__.py
solumclient/openstack/common/apiclient/auth.py
solumclient/openstack/common/apiclient/base.py
solumclient/openstack/common/apiclient/client.py
solumclient/openstack/common/apiclient/exceptions.py
solumclient/openstack/common/apiclient/fake_client.py
solumclient/openstack/common/apiclient/__init__.py
solumclient/openstack/common/cliutils.py
solumclient/openstack/common/gettextutils.py
solumclient/openstack/common/importutils.py
solumclient/openstack/common/__init__.py
solumclient/openstack/common/jsonutils.py
solumclient/openstack/common/local.py
solumclient/openstack/common/log.py
solumclient/openstack/common/py3kcompat/__init__.py
solumclient/openstack/common/py3kcompat/urlutils.py
solumclient/openstack/common/strutils.py
solumclient/openstack/common/test.py
solumclient/openstack/common/timeutils.py
solumclient/openstack/common/uuidutils.py
solumclient/openstack/__init__.py
solumclient/solum.py
solumclient/tests/base.py
solumclient/tests/builder/__init__.py
solumclient/tests/builder/test_client.py
solumclient/tests/builder/v1/__init__.py
solumclient/tests/builder/v1/test_image.py
solumclient/tests/common/__init__.py
solumclient/tests/common/test_auth.py
solumclient/tests/common/test_base.py
solumclient/tests/common/test_client.py
solumclient/tests/common/test_exc.py
solumclient/tests/common/test_yamlutils.py
solumclient/tests/__init__.py
solumclient/tests/test_client.py
solumclient/tests/test_solumclient.py
solumclient/tests/test_solum.py
solumclient/tests/v1/__init__.py
solumclient/tests/v1/test_assembly.py
solumclient/tests/v1/test_component.py
solumclient/tests/v1/test_languagepack.py
solumclient/tests/v1/test_pipeline.py
solumclient/tests/v1/test_plan.py
solumclient/tests/v1/test_platform.py
solumclient/v1/assembly.py
solumclient/v1/client.py
solumclient/v1/component.py
solumclient/v1/__init__.py
solumclient/v1/languagepack.py
solumclient/v1/pipeline.py
solumclient/v1/plan.py
solumclient/v1/platform.py
.testr.conf
test-requirements.txt
tox.ini
