CONTRIBUTING.rst
.coveragerc
doc/source/conf.py
doc/source/contributing.rst
doc/source/index.rst
doc/source/installation.rst
doc/source/readme.rst
doc/source/usage.rst
HACKING.rst
kiteclient/cli/__init__.py
kiteclient/cli/v1.py
kiteclient/common/__init__.py
kiteclient/common/resource.py
kiteclient/common/utils.py
kiteclient/__init__.py
kiteclient/openstack/common/crypto/__init__.py
kiteclient/openstack/common/crypto/utils.py
kiteclient/openstack/common/gettextutils.py
kiteclient/openstack/common/importutils.py
kiteclient/openstack/common/__init__.py
kiteclient/openstack/common/jsonutils.py
kiteclient/openstack/common/strutils.py
kiteclient/openstack/common/timeutils.py
kiteclient/openstack/__init__.py
kiteclient/tests/base.py
kiteclient/tests/__init__.py
kiteclient/tests/test_kiteclient.py
kiteclient/tests/v1/__init__.py
kiteclient/tests/v1/test_esek.py
kiteclient/tests/v1/test_key.py
kiteclient/tests/v1/test_ticket.py
kiteclient/tests/v1/utils.py
kiteclient/v1/esek.py
kiteclient/v1/__init__.py
kiteclient/v1/key.py
kiteclient/v1/ticket.py
LICENSE
MANIFEST.in
openstack-common.conf
README.rst
requirements.txt
scripts/basic.py
scripts/demo-client/client.py
scripts/demo-client/main.py
scripts/demo-client/transport.py
setup.cfg
setup.py
.testr.conf
test-requirements.txt
tox.ini
