bin/healthnmon
bin/healthnmon-collector
bin/healthnmon-manage
bin/healthnmon-virtproxy
builddeb.py
build_healthnmon.sh
debian/changelog
debian/compat
debian/control
debian/copyright
debian/healthnmon.init
debian/healthnmon.install
debian/healthnmon.postinst
debian/python-healthnmon.install
debian/rules
etc/healthnmon/logging-healthnmon-collector.conf
etc/healthnmon/logging-healthnmon.conf
etc/healthnmon/logging-healthnmon-manage.conf
etc/healthnmon/logging-healthnmon-virtproxy.conf
healthnmon/api/base.py
healthnmon/api/constants.py
healthnmon/api/healthnmon.py
healthnmon/api/__init__.py
healthnmon/api/storagevolume.py
healthnmon/api/subnet.py
healthnmon/api/util.py
healthnmon/api/virtualswitch.py
healthnmon/api/vmhosts.py
healthnmon/api/vm.py
healthnmon/collector/collector_manager.py
healthnmon/collector/driver.py
healthnmon/collector/__init__.py
healthnmon/collector/manager.py
healthnmon/collector/service.py
healthnmon/collector/utilization_cache_manager.py
healthnmon/common/__init__.py
healthnmon/common/ssh_configuration.py
healthnmon/constants.py
healthnmon/db/api.py
healthnmon/db/__init__.py
healthnmon/db/migration.py
healthnmon/db/sqlalchemy/api.py
healthnmon/db/sqlalchemy/__init__.py
healthnmon/db/sqlalchemy/manage_healthnmon_db.py
healthnmon/db/sqlalchemy/mapper.py
healthnmon/db/sqlalchemy/migrate_repo/__init__.py
healthnmon/db/sqlalchemy/migrate_repo/manage.py
healthnmon/db/sqlalchemy/migrate_repo/migrate.cfg
healthnmon/db/sqlalchemy/migrate_repo/versions/001_healthnmon_initial.py
healthnmon/db/sqlalchemy/migrate_repo/versions/__init__.py
healthnmon/db/sqlalchemy/migration.py
healthnmon/db/sqlalchemy/portgroup_api.py
healthnmon/db/sqlalchemy/storagevolume_api.py
healthnmon/db/sqlalchemy/subnet_api.py
healthnmon/db/sqlalchemy/util.py
healthnmon/db/sqlalchemy/virtualswitch_api.py
healthnmon/db/sqlalchemy/vm_api.py
healthnmon/db/sqlalchemy/vmhost_api.py
healthnmon/driver.py
healthnmon/events/api.py
healthnmon/events/event_metadata.py
healthnmon/events/__init__.py
healthnmon/events/payload_generator.py
healthnmon/events/util.py
healthnmon/healthnmon_api.py
healthnmon/__init__.py
healthnmon/inventory_cache_manager.py
healthnmon/inventory_manager.py
healthnmon/libvirt_inventorymonitor.py
healthnmon/log.py
healthnmon/manager.py
healthnmon/notifier/api.py
healthnmon/notifier/__init__.py
healthnmon/notifier/log_notifier.py
healthnmon/notifier/rabbit_notifier.py
healthnmon/openstack/common/__init__.py
healthnmon/openstack/common/setup.py
healthnmon/openstack/common/version.py
healthnmon/openstack/__init__.py
healthnmon/perfmon/__init__.py
healthnmon/perfmon/libvirt_perfdata.py
healthnmon/perfmon/perf_stats.py
healthnmon/profiler/helper.py
healthnmon/profiler/__init__.py
healthnmon/profiler/profile_cpu.py
healthnmon/profiler/profile_mem.py
healthnmon/resourcemodel/generateDs_add_reconstructor_method.py
healthnmon/resourcemodel/generate_healthnmonResourceModel.py
healthnmon/resourcemodel/healthnmonResourceModel.py
healthnmon/resourcemodel/healthnmonResourceModel.xsd
healthnmon/resourcemodel/__init__.py
healthnmon/resourcemodel/resourcemodel_diff.py
healthnmon/rmcontext.py
healthnmon/service_healthnmon.py
healthnmon/testing/__init__.py
healthnmon/testing/runner.py
healthnmon/test.py
healthnmon/tests/api/all_tests.py
healthnmon/tests/api/fakemodel.py
healthnmon/tests/api/__init__.py
healthnmon/tests/api/test_base.py
healthnmon/tests/api/test_healthnmon.py
healthnmon/tests/api/test_storagevolume.py
healthnmon/tests/api/test_subnet.py
healthnmon/tests/api/test_util.py
healthnmon/tests/api/test_virtualswitch.py
healthnmon/tests/api/test_vmhosts.py
healthnmon/tests/api/test_vm.py
healthnmon/tests/common/__init__.py
healthnmon/tests/db/__init__.py
healthnmon/tests/db/test_db_common.py
healthnmon/tests/db/test_manage_db.py
healthnmon/tests/db/test_migration.py
healthnmon/tests/db/test_port_group_db_api.py
healthnmon/tests/db/test.py
healthnmon/tests/db/test_storage_volume_db_api.py
healthnmon/tests/db/test_subnet_db_api.py
healthnmon/tests/db/test_virtual_switch_db_api.py
healthnmon/tests/db/test_vm_db_api.py
healthnmon/tests/db/test_vm_host_db_api.py
healthnmon/tests/events/__init__.py
healthnmon/tests/events/test_api.py
healthnmon/tests/events/test_event_metadata.py
healthnmon/tests/events/test_host_events.py
healthnmon/tests/events/test_network_events.py
healthnmon/tests/events/test_payload_generator.py
healthnmon/tests/events/test_storage_events.py
healthnmon/tests/events/test_util.py
healthnmon/tests/events/test_vm_events.py
healthnmon/tests/FakeLibvirt.py
healthnmon/tests/healthnmon-manage_testlog.conf
healthnmon/tests/healthnmon_testlog.conf
healthnmon/tests/__init__.py
healthnmon/tests/notifier/ExceptionNotifier.py
healthnmon/tests/notifier/exception_notifier.py
healthnmon/tests/notifier/__init__.py
healthnmon/tests/notifier/test_api.py
healthnmon/tests/notifier/test_log_notifier.py
healthnmon/tests/notifier/test_rabbit_notifier.py
healthnmon/tests/perfmon/FakeSSH.py
healthnmon/tests/perfmon/__init__.py
healthnmon/tests/perfmon/test_libvirt_perfdata.py
healthnmon/tests/perfmon/test_perf_stats.py
healthnmon/tests/profiler/example_a.py
healthnmon/tests/profiler/FakeGuppy.py
healthnmon/tests/profiler/__init__.py
healthnmon/tests/profiler/test_helper.py
healthnmon/tests/profiler/test_profile.py
healthnmon/tests/resourcemodel/__init__.py
healthnmon/tests/resourcemodel/test_resourcemodel_diff.py
healthnmon/tests/test_driver.py
healthnmon/tests/test_healthnmon.py
healthnmon/tests/test_inventory_manager.py
healthnmon/tests/test_Inventory.py
healthnmon/tests/test_libvirtutils.py
healthnmon/tests/test_log.py
healthnmon/tests/test_manager.py
healthnmon/tests/utils.py
healthnmon/tests/virt/__init__.py
healthnmon/tests/virt/libvirt/__init__.py
healthnmon/tests/virt/libvirt/test_libvirt_connection_import.py
healthnmon/tests/virt/libvirt/test_libvirt_connection.py
healthnmon/tests/virt/libvirt/test_libvirt_events.py
healthnmon/tests/virtproxy/events/__init__.py
healthnmon/tests/virtproxy/events/test_api.py
healthnmon/tests/virtproxy/events/test_event_metadata.py
healthnmon/tests/virtproxy/events/test_host_events.py
healthnmon/tests/virtproxy/events/test_network_events.py
healthnmon/tests/virtproxy/events/test_payload_generator.py
healthnmon/tests/virtproxy/events/test_storage_events.py
healthnmon/tests/virtproxy/events/test_util.py
healthnmon/tests/virtproxy/events/test_vm_events.py
healthnmon/tests/virtproxy/__init__.py
healthnmon/tests/virtproxy/perfmon/FakeSSH.py
healthnmon/tests/virtproxy/perfmon/__init__.py
healthnmon/tests/virtproxy/perfmon/test_libvirt_perfdata.py
healthnmon/tests/virtproxy/perfmon/test_perf_stats.py
healthnmon/tests/virtproxy/test_driver.py
healthnmon/tests/virtproxy/test_inventory_manager.py
healthnmon/tests/virtproxy/test_manager.py
healthnmon/tests/virtproxy/virt/__init__.py
healthnmon/tests/virtproxy/virt/libvirt/__init__.py
healthnmon/tests/virtproxy/virt/libvirt/test_Inventory.py
healthnmon/tests/virtproxy/virt/libvirt/.test_Inventory.py.swp
healthnmon/tests/virtproxy/virt/libvirt/test_libvirt_connection_import.py
healthnmon/tests/virtproxy/virt/libvirt/test_libvirt_connection.py
healthnmon/tests/virtproxy/virt/libvirt/test_libvirt_events.py
healthnmon/tests/virtproxy/virt/test_driver.py
healthnmon/tests/virtproxy/virt/test_virt_connection.py
healthnmon/tests/virt/test_driver.py
healthnmon/tests/virt/test_virt_connection.py
healthnmon/utils.py
healthnmon/version.py
healthnmon/virt/connection.py
healthnmon/virt/driver.py
healthnmon/virt/fake.py
healthnmon/virt/__init__.py
healthnmon/virt/libvirt/connection.py
healthnmon/virt/libvirt/__init__.py
healthnmon/virt/libvirt/libvirt_event_monitor.py
healthnmon/virtproxy/driver.py
healthnmon/virtproxy/events/api.py
healthnmon/virtproxy/events/event_metadata.py
healthnmon/virtproxy/events/__init__.py
healthnmon/virtproxy/events/payload_generator.py
healthnmon/virtproxy/events/util.py
healthnmon/virtproxy/__init__.py
healthnmon/virtproxy/inventory_cache_manager.py
healthnmon/virtproxy/inventory_manager.py
healthnmon/virtproxy/manager.py
healthnmon/virtproxy/perfmon/__init__.py
healthnmon/virtproxy/perfmon/libvirt_perfdata.py
healthnmon/virtproxy/perfmon/perf_stats.py
healthnmon/virtproxy/service.py
healthnmon/virtproxy/virt/connection.py
healthnmon/virtproxy/virt/driver.py
healthnmon/virtproxy/virt/fake.py
healthnmon/virtproxy/virt/__init__.py
healthnmon/virtproxy/virt/libvirt/connection.py
healthnmon/virtproxy/virt/libvirt/__init__.py
healthnmon/virtproxy/virt/libvirt/libvirt_event_monitor.py
healthnmon/virtproxy/virt/libvirt/libvirt_inventorymonitor.py
LICENSE
MANIFEST.in
openstack-common.conf
prep_rpm_spec.py
prep-rpm-spec.py
pylintrc
README.md
README.rst
rpm/copyright
rpm/healthnmon-collector.init
rpm/healthnmon.init
rpm/healthnmon.spec
rpm/healthnmon-virtproxy.init
rpm_util.py
run_tests.sh
setup.cfg
setup.py
tools/install_venv.py
tools/pip-requires
tools/test-requires
tools/with_venv.sh
tox.ini
