config/devstack/localrc
config/devstack/local.sh
config/devstack/micro-osd.sh
config/nodepool/sahara.yaml
config/nodepool/savanna.yaml
config/nodepool/scripts/prepare_node_bare.sh
config/nodepool/scripts/prepare_node.sh
config/nodepool/scripts/prepare_node_ui.sh
config/nodepool/scripts/prepare_ui.sh
config/zuul/gearman-logging.conf
config/zuul/layout.yaml
config/zuul/logging.conf
config/zuul/openstack_functions.py
config/zuul/zuul.conf
jenkins_job_builder/defaults.yaml
jenkins_job_builder/devstack-gate.yaml
jenkins_job_builder/diskimage.yaml
jenkins_job_builder/jobs-updater.yaml
jenkins_job_builder/macros.yaml
jenkins_job_builder/misc.yaml
jenkins_job_builder/projects.yaml
jenkins_job_builder/python-jobs.yaml
jenkins_job_builder/sahara-pypimirror.yaml
jenkins_job_builder/sahara-ui.yaml
jenkins_job_builder/sahara.yaml
jenkins_job_builder/update-config.yaml
jenkins_job_builder/update-pool.yaml
README.md
README.rst
requirements.txt
setup.cfg
setup.py
slave-scripts/cleanup.py
slave-scripts/credentials.conf
slave-scripts/diskimage-creating-integration.sh
slave-scripts/functions.sh
slave-scripts/gate-saharaclient-integration-new.sh
slave-scripts/gate-saharaclient-integration.sh
slave-scripts/gate-sahara-integration.sh
slave-scripts/gate-sahara-pep8-trunk.sh
slave-scripts/gate-savanna-integration-new.sh
slave-scripts/gate-savanna-pep8-trunk.sh
slave-scripts/gate-ui-tests.sh
slave-scripts/integration-cleanup.sh
slave-scripts/update_config.sh
slave-scripts/update_jobs.sh
slave-scripts/update_pool.sh
test-requirements.txt
tox.ini
