attributes/default.rb
attributes/.rubocop.yml
Berksfile
Berksfile.lock
CHANGELOG.md
files/default/cinder-volume-usage-audit
files/default/fileutils_new-b322585613c21067571442aaf9e4e6feb167832b.py
files/default/gettextutils_new-8e450aaa6ba1a2a88f6326c2e8d285d00fd28691.py
files/default/lockutils_new-6dda4af1dd50582a0271fd6c96044ae61af9df7e.py
files/default/netapp_new-42cdc4d947a73ae6a3dbbaab36634e425b57c18c.py
Gemfile
Gemfile.lock
metadata.rb
README.md
recipes/api.rb
recipes/cinder-common.rb
recipes/client.rb
recipes/common.rb
recipes/db.rb
recipes/default.rb
recipes/identity_registration.rb
recipes/keystone_registration.rb
recipes/.rubocop-todo.yml
recipes/.rubocop.yml
recipes/scheduler.rb
recipes/server.rb
recipes/setup.rb
recipes/volume.rb
.rubocop.yml
run_tests.bash
spec/api-opensuse_spec.rb
spec/api-redhat_spec.rb
spec/api_spec.rb
spec/cinder_common-opensuse_spec.rb
spec/cinder_common-redhat_spec.rb
spec/cinder_common_spec.rb
spec/cinder_common-suse_spec.rb
spec/client-redhat_spec.rb
spec/client_spec.rb
spec/db_spec.rb
spec/default_spec.rb
spec/identity_registration_spec.rb
spec/keystone_registration_spec.rb
spec/.rubocop-todo.yml
spec/.rubocop.yml
spec/scheduler-opensuse_spec.rb
spec/scheduler-redhat_spec.rb
spec/scheduler_spec.rb
spec/scheduler-suse_spec.rb
spec/spec_helper.rb
spec/support/matcher.rb
spec/volume-opensuse_spec.rb
spec/volume-redhat_spec.rb
spec/volume_spec.rb
spec/volume-suse_spec.rb
Strainerfile
.tailor
templates/default/api-paste.ini.erb
templates/default/cinder.conf.erb
templates/default/cinder_emc_config.xml.erb
templates/default/cinder-group-active.erb
templates/default/nfs_shares.conf.erb
templates/default/paste-api.ini.erb
templates/default/policy.json.erb
templates/default/rootwrap.conf.erb
templates/default/shares.conf.erb
templates/default/targets.conf.erb
TESTING.md
