alembic/env.py
alembic.ini
alembic/script.py.mako
alembic/versions/121ee191d348_added_alt_user.py
alembic/versions/16345354480e_added_config_to_test.py
alembic/versions/1d6540fc6279_added_vendor_contact.py
alembic/versions/23f82f78731b_fixing_unique.py
alembic/versions/2bad1445cf30_added_email_verfied_.py
alembic/versions/2bf99fa45ded_remove_unique_restra.py
alembic/versions/2d1f3e3cd357_added_architecture_t.py
alembic/versions/2e26571834ea_first_step.py
alembic/versions/3790aed42558_from_scratch.py
alembic/versions/40d4c6d389ec_adding_cloud_and_use.py
alembic/versions/4288db006e5_added_user_cloud_rel.py
alembic/versions/449461dbc725_add_apikey.py
alembic/versions/4a425a7aff50_major_restructure.py
alembic/versions/4f6f77184d45_really_added_user_cl.py
alembic/versions/501f41fac63a_additions_to_schema.py
alembic/versions/53fcc008b313_auto_generating.py
alembic/versions/59e15d864941_added_subunit_output.py
alembic/versions/5a5148d89f90_added_su_field_to_us.py
config.json
config.json.sample
defcore/capabilities.html
defcore/havana/capabilities.json
defcore/havana/coretests.json
defcore/havana/drivers.json
doc/execute_test.md
doc/refstack.md
doc/run_tempest_manually.md
doc/tcup.md
fabfile.py
__init__.py
LICENSE
NOTES.md
Procfile
README.md
README.rst
refstack/admin.py
refstack/api.py
refstack/app.py
refstack.cfg
refstack/client/client.py
refstack/client.py
refstack/client/requirements.txt
refstack/client/runtests.sh
refstack/client/test-requirements.txt
refstack/client/tox.ini
refstack/cli/refstack
refstack/cli/refstack_old
refstack/common/client.py
refstack/common/cloud.py
refstack/common/__init__.py
refstack/common/tempest_config.py
refstack/common/tempest-config.py
refstack/common/tester.py
refstack/common/test.py
refstack/common/user.py
refstack/common/vendor.py
refstack/config.py
refstack/decorators.py
refstack/default_settings.py
refstack/extensions.py
refstack/gearman.py
refstack/__init__.py
refstack/localmodels.py
refstack/models.py
refstack/refstack_config.py
refstack/runserver.py
refstack/schema.sql
refstack/static/bootstrap/css/bootstrap.css
refstack/static/bootstrap/css/bootstrap.min.css
refstack/static/bootstrap/css/bootstrap-theme.css
refstack/static/bootstrap/css/bootstrap-theme.min.css
refstack/static/bootstrap/fonts/glyphicons-halflings-regular.eot
refstack/static/bootstrap/fonts/glyphicons-halflings-regular.ttf
refstack/static/bootstrap/fonts/glyphicons-halflings-regular.woff
refstack/static/bootstrap/js/bootstrap.js
refstack/static/bootstrap/js/bootstrap.min.js
refstack/static/bootstrap/serve/css/bootstrap.css
refstack/static/bootstrap/serve/css/bootstrap.min.css
refstack/static/bootstrap/serve/css/bootstrap-theme.css
refstack/static/bootstrap/serve/css/bootstrap-theme.min.css
refstack/static/bootstrap/serve/fonts/glyphicons-halflings-regular.eot
refstack/static/bootstrap/serve/fonts/glyphicons-halflings-regular.ttf
refstack/static/bootstrap/serve/fonts/glyphicons-halflings-regular.woff
refstack/static/bootstrap/serve/js/bootstrap.js
refstack/static/bootstrap/serve/js/bootstrap.min.js
refstack/static/favicon.ico
refstack/static/jquery-1.10.1.min.js
refstack/static/refstack.css
refstack/static/refstack.js
refstack/static/toast.css
refstack/templates/admin/master.html
refstack/templates/admin/master_legacy.html
refstack/templates/create_cloud.html
refstack/templates/create_profile.html
refstack/templates/edit_cloud.html
refstack/templates/edit_profile.html
refstack/templates/errors/page_not_found.html
refstack/templates/home.html
refstack/templates/index.html
refstack/templates/layout.html
refstack/templates/login.html
refstack/templates/scorecard.html
refstack/templates/show_report.html
refstack/templates/show_status.html
refstack/templates/tempest.conf
refstack/templates/test_cloud.html
refstack/templates/view_profile.html
refstack/tests/__init__.py
refstack/tests/unit/__init__.py
refstack/tests/unit/tests.py
refstack/tools/docker_buildfile.py
refstack/tools/docker_buildfile.template
refstack/tools/execute_test/execute_test
refstack/tools/execute_test/havana_requirements.txt
refstack/tools/execute_test.py
refstack/tools/execute_test/setup.cfg
refstack/tools/execute_test/setup_env
refstack/tools/execute_test/setup.py
refstack/tools/__init__.py
refstack/tools/tempest_subunit_test_result.py
refstack/tools/tempest_tester.py
refstack/tools/tester/etc/havana-tempest.conf.sample
refstack/tools/tester/havana_requirements.txt
refstack/tools/tester/scripts/prep_cloud.py
refstack/tools/tester/setup.cfg
refstack/tools/tester/setup.py
refstack/tools/tester/setup_ubuntu_env.sh
refstack/tools/tester/tester
refstack/utils.py
refstack/web.py
refstack.wsgi
requirements.txt
schema.sql
scripts/import_vendors.py
scripts/tcup/Dockerfile
scripts/tcup.py
setup.cfg
setup.py
specs/approved/ability_to_upload_a_complete_tempest_config.rst
specs/approved/api-v1.md
specs/approved/identify-code-to-deprecate.rst
specs/approved/refstack-api-v1.rst
specs/approved/seperate_refstack_tester_from_refstack.rst
specs/approved/simplify-uploads-by-only-sending-pass-results.rst
specs/proposed/coretest-testid.rst
specs/proposed/refstack-org-api-cloud-uuid.rst
specs/proposed/refstack-org-gearman-tester.rst
specs/proposed/refstack-org-tcup-base.rst
specs/template.rst
static/toast.css
t-container/Dockerfile
.testr.conf
test-requirements.txt
tests/__init__.py
tests/unit/__init__.py
tests/unit/tests.py
tox.ini
uwsgi.ini
