announce.rst
CONTRIBUTING.rst
distribute_setup.py
docs/requirements.txt
docs/source/conf.py
docs/source/essays/pycon2013.rst
docs/source/history.rst
docs/source/index.rst
docs/source/install.rst
docs/source/loading.rst
docs/source/managers.rst
docs/source/patterns_enabling.rst
docs/source/patterns_loading.rst
docs/source/tutorial/calling.rst
docs/source/tutorial/creating_plugins.rst
docs/source/tutorial/design.rst
docs/source/tutorial/driver_output.txt
docs/source/tutorial/extension_output.txt
docs/source/tutorial/implementation.rst
docs/source/tutorial/index.rst
docs/source/tutorial/loading.rst
docs/source/tutorial/naming.rst
docs/source/tutorial/registration.rst
docs/source/tutorial/testing.rst
LICENSE
MANIFEST.in
openstack-common.conf
README.md
README.rst
requirements.txt
run_sphinx
setup.cfg
setup.py
stevedore/dispatch.py
stevedore/driver.py
stevedore/enabled.py
stevedore/example/base.py
stevedore/example/fields.py
stevedore/example/__init__.py
stevedore/example/load_as_driver.py
stevedore/example/load_as_extension.py
stevedore/example/setup.py
stevedore/example/simple.py
stevedore/extension.py
stevedore/hook.py
stevedore/__init__.py
stevedore/named.py
stevedore/tests/extension_unimportable.py
stevedore/tests/__init__.py
stevedore/tests/manager.py
stevedore/tests/test_callback.py
stevedore/tests/test_dispatch.py
stevedore/tests/test_driver.py
stevedore/tests/test_enabled.py
stevedore/tests/test_example_fields.py
stevedore/tests/test_example_simple.py
stevedore/tests/test_extension.py
stevedore/tests/test_hook.py
stevedore/tests/test_named.py
stevedore/tests/test_test_manager.py
test-requirements.txt
tools/run_cross_tests.sh
tox.ini
.travis.yml
