AUTHORS
bin/eho-api
bin/savanna-api
bin/savanna-db-manage
bin/savanna-manage
CONTRIBUTING.rst
.coveragerc
doc/source/architecture.rst
doc/source/conf.py
doc/source/devref/adding_database_migrations.rst
doc/source/devref/development.environment.rst
doc/source/devref/development.guidelines.rst
doc/source/devref/devstack.rst
doc/source/devref/docs.rst
doc/source/devref/edp.spi.rst
doc/source/devref/gerrit.rst
doc/source/devref/how_to_build_oozie.rst
doc/source/devref/how_to_participate.rst
doc/source/devref/index.rst
doc/source/devref/jenkins.rst
doc/source/devref/launchpad.rst
doc/source/devref/plugin.spi.rst
doc/source/devref/plugins.rst
doc/source/devref/quickstart.rst
doc/source/devref/templates.rst
doc/source/devref/testing.rst
doc/source/devref/unit_tests.rst
doc/source/hadoop-swift/hadoop-swift.rst
doc/source/horizon/dashboard.user.guide.rst
doc/source/horizon/dev.environment.guide.rst
doc/source/horizon/howto.rst
doc/source/horizon/howto.rst_draft
doc/source/horizon/index.rst
doc/source/horizon/installation.guide.rst
doc/source/how-to-participate.rst
doc/source/index.rst
doc/source/installation.guide.rst
doc/source/introduction.rst.inc
doc/source/overview.rst
doc/source/quickstart.rst
doc/source/restapi/index.rst
doc/source/restapi/rest_api_v1.0.rst
doc/source/restapi/rest_api_v1.1_EDP.rst
doc/source/restapi/v02.rst
doc/source/roadmap.rst
doc/source/_static/basic.css
doc/source/_static/default.css
doc/source/_static/jquery.tweet.js
doc/source/_static/nature.css
doc/source/_static/tweaks.css
doc/source/_templates/.placeholder
doc/source/_templates/sidebarlinks.html
doc/source/_theme/layout.html
doc/source/_theme_rtd/layout.html
doc/source/_theme_rtd/theme.conf
doc/source/_theme/theme.conf
doc/source/userdoc/anti_affinity.rst
doc/source/userdoc/configuration.guide.rst
doc/source/userdoc/diskimagebuilder.rst
doc/source/userdoc/edp.rst
doc/source/userdoc/features.rst
doc/source/userdoc/guest-requirements.rst
doc/source/userdoc/hadoop-swift.rst
doc/source/userdoc/hdp_plugin.rst
doc/source/userdoc/idh_plugin.rst
doc/source/userdoc/installation.guide.rst
doc/source/userdoc/overview.rst
doc/source/userdoc/plugins.rst
doc/source/userdoc/python_client.rst
doc/source/userdoc/registering_image.rst
doc/source/userdoc/rest_api_v1.0.rst
doc/source/userdoc/rest_api_v1.1_EDP.rst
doc/source/userdoc/spark_plugin.rst
doc/source/userdoc/statuses.rst
doc/source/userdoc/upgrade.guide.rst
doc/source/userdoc/v02.rst
doc/source/userdoc/vanilla_plugin.rst
eho/api/__init__.py
eho/api/v02.py
eho/client/__init__.py
eho/common/common.py
eho/common/__init__.py
eho/common/setup_utils.py
eho/common/test_lib.py
eho/config.py
eho/__init__.py
eho/main.py
eho/middleware/auth_valid.py
eho/middleware/__init__.py
eho/openstack/common/context.py
eho/openstack/common/exception.py
eho/openstack/common/gettextutils.py
eho/openstack/common/importutils.py
eho/openstack/common/__init__.py
eho/openstack/common/jsonutils.py
eho/openstack/common/local.py
eho/openstack/common/log.py
eho/openstack/common/notifier/api.py
eho/openstack/common/notifier/__init__.py
eho/openstack/common/notifier/log_notifier.py
eho/openstack/common/notifier/no_op_notifier.py
eho/openstack/common/notifier/rabbit_notifier.py
eho/openstack/common/notifier/rpc_notifier2.py
eho/openstack/common/notifier/rpc_notifier.py
eho/openstack/common/notifier/test_notifier.py
eho/openstack/common.py
eho/openstack/common/setup.py
eho/openstack/commons.py
eho/openstack/common/timeutils.py
eho/openstack/common/wsgi.py
eho/openstack/common/xmlutils.py
eho/openstack/__init__.py
eho/openstack/test_lib.py
eho/server/api/__init__.py
eho/server/api/v01.py
eho/server/api/v02.py
eho/server/__init__.py
eho/server/main.py
eho/server/middleware/auth_valid.py
eho/server/middleware/__init__.py
eho/server/scheduler.py
eho/server/service/api.py
eho/server/service/cluster_ops.py
eho/server/service/__init__.py
eho/server/storage/defaults.py
eho/server/storage/__init__.py
eho/server/storage/models.py
eho/server/storage/storage.py
eho/server/utils/api.py
eho/server/utils/__init__.py
eho/server/utils/openstack/base.py
eho/server/utils/openstack/__init__.py
eho/server/utils/openstack/nova.py
eho/server/utils/xml.py
eho/service/api.py
eho/service/cluster_ops.py
eho/service/__init__.py
eho/storage/defaults.py
eho/storage/__init__.py
eho/storage/models.py
eho/storage/storage.py
eho/tests/__init__.py
eho/tests/unit/__init__.py
eho/tests/unit/test_api.py
eho/tests/unit/test_api_v01.py
eho/tests/unit/test_api_v02.py
eho/tests/unit/test_sample.py
eho/utils/api.py
eho/utils/__init__.py
eho/utils/openstack/base.py
eho/utils/openstack/__init__.py
eho/utils/openstack/nova.py
eho/utils/scheduler.py
etc/default.cfg
etc/edp-examples/edp-java/oozie_command_line/wordcount/job.properties
etc/edp-examples/edp-java/oozie_command_line/wordcount/workflow.xml
etc/edp-examples/edp-java/src/NOTICE.txt
etc/edp-examples/edp-java/src/WordCount.java
etc/edp-examples/pig-job/data/expected_output
etc/edp-examples/pig-job/data/input
etc/edp-examples/pig-job/example.pig
etc/edp-examples/pig-job/udf.jar
etc/eho-api.cfg
etc/eho/eho.conf
etc/eho/eho.conf.sample
etc/eho/eho.conf.sample-full
etc/eho/eho.conf.sample-min
etc/eho/savanna.conf.sample
etc/eho/savanna.conf.sample-full
etc/local.cfg-sample
etc/rest-api-samples/cluster_create_full.json
etc/rest-api-samples/cluster_create_minimal.json
etc/rest-api-samples/cluster_tmpl_create.json
etc/rest-api-samples/edp/data_source_create.json
etc/rest-api-samples/edp/job_binary_create.json
etc/rest-api-samples/edp/job_create.json
etc/rest-api-samples/edp/job_execute.json
etc/rest-api-samples/node_group_tmpl_create.json
etc/rest-api-samples/scale_cluster.json
etc/sahara/compute.topology.sample
etc/sahara/sahara.conf.sample
etc/sahara/sahara.conf.sample-basic
etc/sahara/swift.topology.sample
etc/savanna/compute.topology.sample
etc/savanna/savanna.conf.sample
etc/savanna/savanna.conf.sample-basic
etc/savanna/savanna.conf.sample-full
etc/savanna/swift.topology.sample
HACKING.rst
LICENSE
MANIFEST.in
openstack-common.conf
.pylintrc
README.rst
requirements.txt
resources/setup-general.sh.template
resources/setup-master.sh.template
run_tests.sh
sahara/api/acl.py
sahara/api/base.py
sahara/api/__init__.py
sahara/api/middleware/auth_valid.py
sahara/api/middleware/__init__.py
sahara/api/middleware/log_exchange.py
sahara/api/v10.py
sahara/api/v11.py
sahara/cli/__init__.py
sahara/cli/sahara_all.py
sahara/cli/sahara_api.py
sahara/cli/sahara_engine.py
sahara/cli/sahara_subprocess.py
sahara/cli/savanna_api.py
sahara/cli/savanna_subprocess.py
sahara/conductor/api.py
sahara/conductor/__init__.py
sahara/conductor/manager.py
sahara/conductor/objects.py
sahara/conductor/resource.py
sahara/config.py
sahara/context.py
sahara/db/api.py
sahara/db/base.py
sahara/db/__init__.py
sahara/db/migration/alembic.ini
sahara/db/migration/alembic_migrations/env.py
sahara/db/migration/alembic_migrations/script.py.mako
sahara/db/migration/alembic_migrations/versions/001_icehouse.py
sahara/db/migration/alembic_migrations/versions/001_initial.py
sahara/db/migration/alembic_migrations/versions/002_add_job_exec_extra.py
sahara/db/migration/alembic_migrations/versions/002_placeholder.py
sahara/db/migration/alembic_migrations/versions/003_placeholder.py
sahara/db/migration/alembic_migrations/versions/003_remove_java_job_fields.py
sahara/db/migration/alembic_migrations/versions/004_jar_to_mapreduce.py
sahara/db/migration/alembic_migrations/versions/004_placeholder.py
sahara/db/migration/alembic_migrations/versions/005_placeholder.py
sahara/db/migration/alembic_migrations/versions/006_placeholder.py
sahara/db/migration/alembic_migrations/versions/007_increase_status_description_size.py
sahara/db/migration/alembic_migrations/versions/008_security_groups.py
sahara/db/migration/cli.py
sahara/db/migration/__init__.py
sahara/db/sqlalchemy/api.py
sahara/db/sqlalchemy/__init__.py
sahara/db/sqlalchemy/model_base.py
sahara/db/sqlalchemy/models.py
sahara/db/sqlalchemy/types.py
sahara/exceptions.py
sahara/i18n.py
sahara/__init__.py
sahara/main.py
sahara/middleware/auth_valid.py
sahara/middleware/__init__.py
sahara/middleware/log_exchange.py
sahara/openstack/common/config/generator.py
sahara/openstack/common/config/__init__.py
sahara/openstack/common/context.py
sahara/openstack/common/crypto/__init__.py
sahara/openstack/common/crypto/utils.py
sahara/openstack/common/db/api.py
sahara/openstack/common/db/exception.py
sahara/openstack/common/db/__init__.py
sahara/openstack/common/db/options.py
sahara/openstack/common/db/sqlalchemy/__init__.py
sahara/openstack/common/db/sqlalchemy/migration.py
sahara/openstack/common/db/sqlalchemy/models.py
sahara/openstack/common/db/sqlalchemy/provision.py
sahara/openstack/common/db/sqlalchemy/session.py
sahara/openstack/common/db/sqlalchemy/test_base.py
sahara/openstack/common/db/sqlalchemy/test_migrations.py
sahara/openstack/common/db/sqlalchemy/utils.py
sahara/openstack/common/eventlet_backdoor.py
sahara/openstack/common/exception.py
sahara/openstack/common/excutils.py
sahara/openstack/common/fileutils.py
sahara/openstack/common/gettextutils.py
sahara/openstack/common/importutils.py
sahara/openstack/common/__init__.py
sahara/openstack/common/jsonutils.py
sahara/openstack/common/local.py
sahara/openstack/common/lockutils.py
sahara/openstack/common/log.py
sahara/openstack/common/loopingcall.py
sahara/openstack/common/middleware/base.py
sahara/openstack/common/middleware/__init__.py
sahara/openstack/common/network_utils.py
sahara/openstack/common/periodic_task.py
sahara/openstack/common/processutils.py
sahara/openstack/commons.py
sahara/openstack/common/sslutils.py
sahara/openstack/common/strutils.py
sahara/openstack/common/systemd.py
sahara/openstack/common/test.py
sahara/openstack/common/threadgroup.py
sahara/openstack/common/timeutils.py
sahara/openstack/common/uuidutils.py
sahara/openstack/common/wsgi.py
sahara/openstack/common/xmlutils.py
sahara/openstack/__init__.py
sahara/plugins/base.py
sahara/plugins/cdh/cloudera_utils.py
sahara/plugins/cdh/commands.py
sahara/plugins/cdh/config_helper.py
sahara/plugins/cdh/deploy.py
sahara/plugins/cdh/__init__.py
sahara/plugins/cdh/plugin.py
sahara/plugins/cdh/resources/cdh_config.py
sahara/plugins/cdh/resources/cdh_config.sh
sahara/plugins/cdh/resources/hdfs-balancer.json
sahara/plugins/cdh/resources/hdfs-datanode.json
sahara/plugins/cdh/resources/hdfs-failover.json
sahara/plugins/cdh/resources/hdfs-gateway.json
sahara/plugins/cdh/resources/hdfs-httpfs.json
sahara/plugins/cdh/resources/hdfs-journalnode.json
sahara/plugins/cdh/resources/hdfs-namenode.json
sahara/plugins/cdh/resources/hdfs-nfs.json
sahara/plugins/cdh/resources/hdfs-secondarynamenode.json
sahara/plugins/cdh/resources/hdfs-service.json
sahara/plugins/cdh/resources/oozie-oozie.json
sahara/plugins/cdh/resources/oozie-service.json
sahara/plugins/cdh/resources/priority-one-confs.json
sahara/plugins/cdh/resources/yarn-gateway.json
sahara/plugins/cdh/resources/yarn-jobhistory.json
sahara/plugins/cdh/resources/yarn-nodemanager.json
sahara/plugins/cdh/resources/yarn-resourcemanager.json
sahara/plugins/cdh/resources/yarn-service.json
sahara/plugins/cdh/utils.py
sahara/plugins/cdh/validation.py
sahara/plugins/fake/__init__.py
sahara/plugins/fake/plugin.py
sahara/plugins/general/exceptions.py
sahara/plugins/general/__init__.py
sahara/plugins/general/utils.py
sahara/plugins/hdp/ambariplugin.py
sahara/plugins/hdp/clusterspec.py
sahara/plugins/hdp/configprovider.py
sahara/plugins/hdp/hadoopserver.py
sahara/plugins/hdp/__init__.py
sahara/plugins/hdp/saharautils.py
sahara/plugins/hdp/savannautils.py
sahara/plugins/hdp/versions/abstractversionhandler.py
sahara/plugins/hdp/versions/__init__.py
sahara/plugins/hdp/versions/version_1_3_2/__init__.py
sahara/plugins/hdp/versions/version_1_3_2/resources/ambari-config-resource.json
sahara/plugins/hdp/versions/version_1_3_2/resources/default-cluster.template
sahara/plugins/hdp/versions/version_1_3_2/resources/topology.sh
sahara/plugins/hdp/versions/version_1_3_2/services.py
sahara/plugins/hdp/versions/version_1_3_2/versionhandler.py
sahara/plugins/hdp/versions/version_2_0_6/__init__.py
sahara/plugins/hdp/versions/version_2_0_6/resources/ambari-config-resource.json
sahara/plugins/hdp/versions/version_2_0_6/resources/default-cluster.template
sahara/plugins/hdp/versions/version_2_0_6/resources/topology.sh
sahara/plugins/hdp/versions/version_2_0_6/services.py
sahara/plugins/hdp/versions/version_2_0_6/versionhandler.py
sahara/plugins/hdp/versions/versionhandlerfactory.py
sahara/plugins/__init__.py
sahara/plugins/intel/abstractversionhandler.py
sahara/plugins/intel/client/cluster.py
sahara/plugins/intel/client/context.py
sahara/plugins/intel/client/__init__.py
sahara/plugins/intel/client/nodes.py
sahara/plugins/intel/client/params.py
sahara/plugins/intel/client/rest.py
sahara/plugins/intel/client/services.py
sahara/plugins/intel/client/session.py
sahara/plugins/intel/exceptions.py
sahara/plugins/intel/__init__.py
sahara/plugins/intel/plugin.py
sahara/plugins/intel/v2_5_1/client.py
sahara/plugins/intel/v2_5_1/config_helper.py
sahara/plugins/intel/v2_5_1/__init__.py
sahara/plugins/intel/v2_5_1/installer.py
sahara/plugins/intel/v2_5_1/resources/configuration.xsd
sahara/plugins/intel/v2_5_1/resources/hadoop-default.xml
sahara/plugins/intel/v2_5_1/resources/hdfs-default.xml
sahara/plugins/intel/v2_5_1/resources/mapred-default.xml
sahara/plugins/intel/v2_5_1/resources/oozie-default.xml
sahara/plugins/intel/v2_5_1/versionhandler.py
sahara/plugins/intel/v3_0_2/client.py
sahara/plugins/intel/v3_0_2/config_helper.py
sahara/plugins/intel/v3_0_2/__init__.py
sahara/plugins/intel/v3_0_2/installer.py
sahara/plugins/intel/v3_0_2/resources/configuration.xsd
sahara/plugins/intel/v3_0_2/resources/hadoop-default.xml
sahara/plugins/intel/v3_0_2/resources/hdfs-default.xml
sahara/plugins/intel/v3_0_2/resources/oozie-default.xml
sahara/plugins/intel/v3_0_2/resources/yarn-default.xml
sahara/plugins/intel/v3_0_2/versionhandler.py
sahara/plugins/intel/versionfactory.py
sahara/plugins/provisioning.py
sahara/plugins/spark/config_helper.py
sahara/plugins/spark/__init__.py
sahara/plugins/spark/plugin.py
sahara/plugins/spark/resources/core-default.xml
sahara/plugins/spark/resources/hdfs-default.xml
sahara/plugins/spark/resources/spark-env.sh.template
sahara/plugins/spark/resources/topology.sh
sahara/plugins/spark/run_scripts.py
sahara/plugins/spark/scaling.py
sahara/plugins/vanilla/abstractversionhandler.py
sahara/plugins/vanilla/hadoop2/config_helper.py
sahara/plugins/vanilla/hadoop2/config.py
sahara/plugins/vanilla/hadoop2/__init__.py
sahara/plugins/vanilla/hadoop2/oozie_helper.py
sahara/plugins/vanilla/hadoop2/resources/create_oozie_db.sql
sahara/plugins/vanilla/hadoop2/resources/post_conf.template
sahara/plugins/vanilla/hadoop2/resources/topology.sh
sahara/plugins/vanilla/hadoop2/run_scripts.py
sahara/plugins/vanilla/hadoop2/scaling.py
sahara/plugins/vanilla/hadoop2/utils.py
sahara/plugins/vanilla/hadoop2/validation.py
sahara/plugins/vanilla/__init__.py
sahara/plugins/vanilla/plugin.py
sahara/plugins/vanilla/utils.py
sahara/plugins/vanilla/v1_2_1/config_helper.py
sahara/plugins/vanilla/v1_2_1/__init__.py
sahara/plugins/vanilla/v1_2_1/mysql_helper.py
sahara/plugins/vanilla/v1_2_1/oozie_helper.py
sahara/plugins/vanilla/v1_2_1/resources/core-default.xml
sahara/plugins/vanilla/v1_2_1/resources/create_hive_db.sql
sahara/plugins/vanilla/v1_2_1/resources/create_oozie_db.sql
sahara/plugins/vanilla/v1_2_1/resources/hdfs-default.xml
sahara/plugins/vanilla/v1_2_1/resources/hive-default.xml
sahara/plugins/vanilla/v1_2_1/resources/mapred-default.xml
sahara/plugins/vanilla/v1_2_1/resources/oozie-default.xml
sahara/plugins/vanilla/v1_2_1/resources/topology.sh
sahara/plugins/vanilla/v1_2_1/run_scripts.py
sahara/plugins/vanilla/v1_2_1/scaling.py
sahara/plugins/vanilla/v1_2_1/versionhandler.py
sahara/plugins/vanilla/v2_3_0/config_helper.py
sahara/plugins/vanilla/v2_3_0/config.py
sahara/plugins/vanilla/v2_3_0/__init__.py
sahara/plugins/vanilla/v2_3_0/oozie_helper.py
sahara/plugins/vanilla/v2_3_0/resources/core-default.xml
sahara/plugins/vanilla/v2_3_0/resources/create_oozie_db.sql
sahara/plugins/vanilla/v2_3_0/resources/hdfs-default.xml
sahara/plugins/vanilla/v2_3_0/resources/mapred-default.xml
sahara/plugins/vanilla/v2_3_0/resources/oozie-default.xml
sahara/plugins/vanilla/v2_3_0/resources/post_conf.template
sahara/plugins/vanilla/v2_3_0/resources/topology.sh
sahara/plugins/vanilla/v2_3_0/resources/yarn-default.xml
sahara/plugins/vanilla/v2_3_0/run_scripts.py
sahara/plugins/vanilla/v2_3_0/scaling.py
sahara/plugins/vanilla/v2_3_0/utils.py
sahara/plugins/vanilla/v2_3_0/validation.py
sahara/plugins/vanilla/v2_3_0/versionhandler.py
sahara/plugins/vanilla/v2_4_0/config_helper.py
sahara/plugins/vanilla/v2_4_0/__init__.py
sahara/plugins/vanilla/v2_4_0/resources/core-default.xml
sahara/plugins/vanilla/v2_4_0/resources/hdfs-default.xml
sahara/plugins/vanilla/v2_4_0/resources/mapred-default.xml
sahara/plugins/vanilla/v2_4_0/resources/oozie-default.xml
sahara/plugins/vanilla/v2_4_0/resources/yarn-default.xml
sahara/plugins/vanilla/v2_4_0/versionhandler.py
sahara/plugins/vanilla/v2_4_1/config_helper.py
sahara/plugins/vanilla/v2_4_1/__init__.py
sahara/plugins/vanilla/v2_4_1/resources/core-default.xml
sahara/plugins/vanilla/v2_4_1/resources/hdfs-default.xml
sahara/plugins/vanilla/v2_4_1/resources/mapred-default.xml
sahara/plugins/vanilla/v2_4_1/resources/oozie-default.xml
sahara/plugins/vanilla/v2_4_1/resources/yarn-default.xml
sahara/plugins/vanilla/v2_4_1/versionhandler.py
sahara/plugins/vanilla/versionfactory.py
sahara/resources/instance.heat
sahara/resources/main.heat
sahara/resources/neutron-floating.heat
sahara/resources/neutron-port.heat
sahara/resources/nova-floating.heat
sahara/resources/userdata.rabbitmq.template
sahara/resources/volume.heat
sahara/service/api.py
sahara/service/direct_engine.py
sahara/service/edp/api.py
sahara/service/edp/base_engine.py
sahara/service/edp/binary_retrievers/dispatch.py
sahara/service/edp/binary_retrievers/__init__.py
sahara/service/edp/binary_retrievers/internal_swift.py
sahara/service/edp/binary_retrievers/sahara_db.py
sahara/service/edp/binary_retrievers/savanna_db.py
sahara/service/edp/hdfs_helper.py
sahara/service/edp/__init__.py
sahara/service/edp/job_manager.py
sahara/service/edp/job_utils.py
sahara/service/edp/oozie/engine.py
sahara/service/edp/oozie/__init__.py
sahara/service/edp/oozie/oozie.py
sahara/service/edp/oozie.py
sahara/service/edp/oozie/workflow_creator/base_workflow.py
sahara/service/edp/oozie/workflow_creator/hive_workflow.py
sahara/service/edp/oozie/workflow_creator/__init__.py
sahara/service/edp/oozie/workflow_creator/java_workflow.py
sahara/service/edp/oozie/workflow_creator/mapreduce_workflow.py
sahara/service/edp/oozie/workflow_creator/pig_workflow.py
sahara/service/edp/oozie/workflow_creator/workflow_factory.py
sahara/service/edp/resources/launch_command.py
sahara/service/edp/resources/mapred-job-config.xml
sahara/service/edp/resources/workflow.xml
sahara/service/edp/spark/engine.py
sahara/service/edp/spark/__init__.py
sahara/service/edp/workflow_creator/base_workflow.py
sahara/service/edp/workflow_creator/hive_workflow.py
sahara/service/edp/workflow_creator/__init__.py
sahara/service/edp/workflow_creator/java_workflow.py
sahara/service/edp/workflow_creator/mapreduce_workflow.py
sahara/service/edp/workflow_creator/pig_workflow.py
sahara/service/edp/workflow_creator/workflow_factory.py
sahara/service/engine.py
sahara/service/heat_engine.py
sahara/service/__init__.py
sahara/service/networks.py
sahara/service/ops.py
sahara/service/periodic.py
sahara/service/trusts.py
sahara/service/validation.py
sahara/service/validations/base.py
sahara/service/validations/clusters.py
sahara/service/validations/clusters_scaling.py
sahara/service/validations/cluster_templates.py
sahara/service/validations/edp/base.py
sahara/service/validations/edp/data_source.py
sahara/service/validations/edp/__init__.py
sahara/service/validations/edp/job_binary_internal.py
sahara/service/validations/edp/job_binary.py
sahara/service/validations/edp/job_executor.py
sahara/service/validations/edp/job.py
sahara/service/validations/images.py
sahara/service/validations/__init__.py
sahara/service/validations/node_group_templates.py
sahara/service/validations/plugins.py
sahara/service/volumes.py
sahara/swift/__init__.py
sahara/swift/resources/conf-template.xml
sahara/swift/swift_helper.py
sahara/swift/utils.py
sahara/tests/__init__.py
sahara/tests/integration/configs/config.py
sahara/tests/integration/configs/__init__.py
sahara/tests/integration/configs/itest.conf.sample
sahara/tests/integration/configs/itest.conf.sample-full
sahara/tests/integration/__init__.py
sahara/tests/integration/tests/base.py
sahara/tests/integration/tests/cinder.py
sahara/tests/integration/tests/cluster_configs.py
sahara/tests/integration/tests/edp.py
sahara/tests/integration/tests/gating/__init__.py
sahara/tests/integration/tests/gating/test_cdh_gating.py
sahara/tests/integration/tests/gating/test_hdp2_gating.py
sahara/tests/integration/tests/gating/test_hdp_gating.py
sahara/tests/integration/tests/gating/test_idh2_gating.py
sahara/tests/integration/tests/gating/test_idh3_gating.py
sahara/tests/integration/tests/gating/test_idh_gating.py
sahara/tests/integration/tests/gating/test_vanilla_gating.py
sahara/tests/integration/tests/gating/test_vanilla_two_gating.py
sahara/tests/integration/tests/__init__.py
sahara/tests/integration/tests/map_reduce.py
sahara/tests/integration/tests/resources/cluster_config_test_script.sh
sahara/tests/integration/tests/resources/edp-java/edp-java.jar
sahara/tests/integration/tests/resources/edp-java.jar
sahara/tests/integration/tests/resources/edp-java/WordCount.java
sahara/tests/integration/tests/resources/edp-job.pig
sahara/tests/integration/tests/resources/edp-lib.jar
sahara/tests/integration/tests/resources/hadoop-mapreduce-examples-2.3.0.jar
sahara/tests/integration/tests/resources/map_reduce_test_script.sh
sahara/tests/integration/tests/resources/swift_test_script.sh
sahara/tests/integration/tests/scaling.py
sahara/tests/integration/tests/swift.py
sahara/tests/integration/tests/vanilla_transient_cluster.py
sahara/tests/unit/base.py
sahara/tests/unit/conductor/base.py
sahara/tests/unit/conductor/__init__.py
sahara/tests/unit/conductor/manager/__init__.py
sahara/tests/unit/conductor/manager/test_clusters.py
sahara/tests/unit/conductor/manager/test_defaults.py
sahara/tests/unit/conductor/manager/test_edp.py
sahara/tests/unit/conductor/manager/test_from_template.py
sahara/tests/unit/conductor/manager/test_templates.py
sahara/tests/unit/conductor/test_api.py
sahara/tests/unit/conductor/test_resource.py
sahara/tests/unit/db/__init__.py
sahara/tests/unit/db/migration/__init__.py
sahara/tests/unit/db/migration/test_db_manage_cli.py
sahara/tests/unit/db/migration/test_migrations_base.py
sahara/tests/unit/db/migration/test_migrations.conf
sahara/tests/unit/db/migration/test_migrations.py
sahara/tests/unit/db/sqlalchemy/__init__.py
sahara/tests/unit/db/sqlalchemy/test_types.py
sahara/tests/unit/__init__.py
sahara/tests/unit/plugins/cdh/__init__.py
sahara/tests/unit/plugins/cdh/test_cloudera_utils.py
sahara/tests/unit/plugins/cdh/test_config_helper.py
sahara/tests/unit/plugins/cdh/test_utils.py
sahara/tests/unit/plugins/cdh/utils.py
sahara/tests/unit/plugins/general/__init__.py
sahara/tests/unit/plugins/general/test_utils.py
sahara/tests/unit/plugins/hdp/hdp_test_base.py
sahara/tests/unit/plugins/hdp/__init__.py
sahara/tests/unit/plugins/hdp/resources/config-resource.json
sahara/tests/unit/plugins/hdp/resources/sample-ambari-blueprint.json
sahara/tests/unit/plugins/hdp/test_ambariplugin.py
sahara/tests/unit/plugins/hdp/test_clusterspec_hdp2.py
sahara/tests/unit/plugins/hdp/test_clusterspec.py
sahara/tests/unit/plugins/hdp/test_services.py
sahara/tests/unit/plugins/hdp/test_versionmanagerfactory.py
sahara/tests/unit/plugins/__init__.py
sahara/tests/unit/plugins/intel/client/__init__.py
sahara/tests/unit/plugins/intel/client/test_services.py
sahara/tests/unit/plugins/intel/__init__.py
sahara/tests/unit/plugins/intel/test_plugin_2_5_1.py
sahara/tests/unit/plugins/intel/test_plugin_3_0_2.py
sahara/tests/unit/plugins/intel/v2_5_1/__init__.py
sahara/tests/unit/plugins/intel/v2_5_1/response.py
sahara/tests/unit/plugins/intel/v2_5_1/test_client.py
sahara/tests/unit/plugins/intel/v3_0_2/__init__.py
sahara/tests/unit/plugins/intel/v3_0_2/response.py
sahara/tests/unit/plugins/intel/v3_0_2/test_client.py
sahara/tests/unit/plugins/intel/v3_0_2/test_installer.py
sahara/tests/unit/plugins/test_base_plugins_support.py
sahara/tests/unit/plugins/test_provisioning.py
sahara/tests/unit/plugins/vanilla/hadoop2/__init__.py
sahara/tests/unit/plugins/vanilla/hadoop2/resources/dfs-report.txt
sahara/tests/unit/plugins/vanilla/hadoop2/resources/yarn-report.txt
sahara/tests/unit/plugins/vanilla/hadoop2/test_configs.py
sahara/tests/unit/plugins/vanilla/hadoop2/test_utils.py
sahara/tests/unit/plugins/vanilla/hadoop2/test_validation.py
sahara/tests/unit/plugins/vanilla/__init__.py
sahara/tests/unit/plugins/vanilla/test_utils.py
sahara/tests/unit/plugins/vanilla/v1_2_1/__init__.py
sahara/tests/unit/plugins/vanilla/v1_2_1/test_dfsadmin_parsing.py
sahara/tests/unit/plugins/vanilla/v1_2_1/test_plugin.py
sahara/tests/unit/plugins/vanilla/v1_2_1/test_run_scripts.py
sahara/tests/unit/plugins/vanilla/v2_3_0/__init__.py
sahara/tests/unit/plugins/vanilla/v2_3_0/resources/dfs-report.txt
sahara/tests/unit/plugins/vanilla/v2_3_0/resources/yarn-report.txt
sahara/tests/unit/plugins/vanilla/v2_3_0/test_configs.py
sahara/tests/unit/plugins/vanilla/v2_3_0/test_utils.py
sahara/tests/unit/plugins/vanilla/v2_3_0/test_validation.py
sahara/tests/unit/resources/dfs_admin_0_nodes.txt
sahara/tests/unit/resources/dfs_admin_1_nodes.txt
sahara/tests/unit/resources/dfs_admin_3_nodes.txt
sahara/tests/unit/resources/test-default-with-type-and-locale.xml
sahara/tests/unit/resources/test-default.xml
sahara/tests/unit/resources/test_serialize_resources_aa.heat
sahara/tests/unit/resources/test_serialize_resources_use_neutron.heat
sahara/tests/unit/resources/test_serialize_resources_use_nn_with_autoassignment.heat
sahara/tests/unit/resources/test_serialize_resources_use_nn_without_autoassignment.heat
sahara/tests/unit/service/edp/__init__.py
sahara/tests/unit/service/edp/spark/__init__.py
sahara/tests/unit/service/edp/spark/test_spark.py
sahara/tests/unit/service/edp/test_job_manager.py
sahara/tests/unit/service/edp/test_job_possible_configs.py
sahara/tests/unit/service/edp/workflow_creator/__init__.py
sahara/tests/unit/service/edp/workflow_creator/test_create_workflow.py
sahara/tests/unit/service/__init__.py
sahara/tests/unit/service/test_instances.py
sahara/tests/unit/service/test_periodic.py
sahara/tests/unit/service/test_volumes.py
sahara/tests/unit/service/validation/edp/__init__.py
sahara/tests/unit/service/validation/edp/test_data_source.py
sahara/tests/unit/service/validation/edp/test_job_binary.py
sahara/tests/unit/service/validation/edp/test_job_executor_java.py
sahara/tests/unit/service/validation/edp/test_job_executor.py
sahara/tests/unit/service/validation/edp/test_job.py
sahara/tests/unit/service/validation/__init__.py
sahara/tests/unit/service/validation/test_add_tags_validation.py
sahara/tests/unit/service/validation/test_cluster_create_validation.py
sahara/tests/unit/service/validation/test_cluster_scaling_validation.py
sahara/tests/unit/service/validation/test_cluster_template_create_validation.py
sahara/tests/unit/service/validation/test_ng_template_validation_create.py
sahara/tests/unit/service/validation/utils.py
sahara/tests/unit/swift/__init__.py
sahara/tests/unit/swift/test_swift_helper.py
sahara/tests/unit/swift/test_utils.py
sahara/tests/unit/test_context.py
sahara/tests/unit/testutils.py
sahara/tests/unit/topology/__init__.py
sahara/tests/unit/topology/test_topology.py
sahara/tests/unit/utils/__init__.py
sahara/tests/unit/utils/openstack/__init__.py
sahara/tests/unit/utils/openstack/test_base.py
sahara/tests/unit/utils/test_api_validator.py
sahara/tests/unit/utils/test_crypto.py
sahara/tests/unit/utils/test_direct_engine.py
sahara/tests/unit/utils/test_edp.py
sahara/tests/unit/utils/test_general.py
sahara/tests/unit/utils/test_hashabledict.py
sahara/tests/unit/utils/test_heat.py
sahara/tests/unit/utils/test_neutron.py
sahara/tests/unit/utils/test_patches.py
sahara/tests/unit/utils/test_ssh_remote.py
sahara/tests/unit/utils/test_types.py
sahara/tests/unit/utils/test_xml_utils.py
sahara/topology/__init__.py
sahara/topology/resources/core-template.xml
sahara/topology/resources/mapred-template.xml
sahara/topology/topology_helper.py
sahara/utils/agent_remote.py
sahara/utils/api.py
sahara/utils/api_validator.py
sahara/utils/configs.py
sahara/utils/crypto.py
sahara/utils/edp.py
sahara/utils/files.py
sahara/utils/general.py
sahara/utils/hacking/checks.py
sahara/utils/hacking/__init__.py
sahara/utils/hashabledict.py
sahara/utils/__init__.py
sahara/utils/openstack/base.py
sahara/utils/openstack/cinder.py
sahara/utils/openstack/heat.py
sahara/utils/openstack/images.py
sahara/utils/openstack/__init__.py
sahara/utils/openstack/keystone.py
sahara/utils/openstack/neutron.py
sahara/utils/openstack/nova.py
sahara/utils/patches.py
sahara/utils/procutils.py
sahara/utils/remote.py
sahara/utils/resources.py
sahara/utils/rpc.py
sahara/utils/sqlatypes.py
sahara/utils/ssh_remote.py
sahara/utils/tempfiles.py
sahara/utils/timing.py
sahara/utils/types.py
sahara/utils/xmlutils.py
sahara/version.py
savanna/api/base.py
savanna/api/__init__.py
savanna/api/v02.py
savanna/api/v10.py
savanna/api/v11.py
savanna/cli/__init__.py
savanna/cli.py
savanna/cli/savanna_api.py
savanna/cli/savanna_subprocess.py
savanna/cmd/__init__.py
savanna/cmd/savanna_api.py
savanna/conductor/api.py
savanna/conductor/__init__.py
savanna/conductor/manager.py
savanna/conductor/objects.py
savanna/conductor/resource.py
savanna/config.py
savanna/context.py
savanna/db/api.py
savanna/db/base.py
savanna/db/__init__.py
savanna/db/migration/alembic.ini
savanna/db/migration/alembic_migrations/env.py
savanna/db/migration/alembic_migrations/__init__.py
savanna/db/migration/alembic_migrations/script.py.mako
savanna/db/migration/alembic_migrations/versions/001_initial.py
savanna/db/migration/alembic_migrations/versions/002_add_job_exec_extra.py
savanna/db/migration/alembic_migrations/versions/003_remove_java_job_fields.py
savanna/db/migration/alembic_migrations/versions/004_jar_to_mapreduce.py
savanna/db/migration/alembic_migrations/versions/v02_initial.py
savanna/db/migration/alembic_migrations/versions/v02_release.py
savanna/db/migration/cli.py
savanna/db/migration/__init__.py
savanna/db/model_base.py
savanna/db/models.py
savanna/db_new/api.py
savanna/db_new/base.py
savanna/db_new/__init__.py
savanna/db_new/migration/cli.py
savanna/db_new/migration/__init__.py
savanna/db_new/sqlalchemy/api.py
savanna/db_new/sqlalchemy/__init__.py
savanna/db_new/sqlalchemy/model_base.py
savanna/db_new/sqlalchemy/models.py
savanna/db_new/sqlalchemy/types.py
savanna/db/sqlalchemy/api.py
savanna/db/sqlalchemy/__init__.py
savanna/db/sqlalchemy/model_base.py
savanna/db/sqlalchemy/models.py
savanna/db/sqlalchemy/types.py
savanna/db/storage.py
savanna/exceptions.py
savanna/__init__.py
savanna/main.py
savanna/middleware/auth_valid.py
savanna/middleware/__init__.py
savanna/middleware/log_exchange.py
savanna/openstack/common/cfgfilter.py
savanna/openstack/common/config/generator.py
savanna/openstack/common/config/__init__.py
savanna/openstack/common/context.py
savanna/openstack/common/crypto/__init__.py
savanna/openstack/common/crypto/utils.py
savanna/openstack/common/db/api.py
savanna/openstack/common/db/exception.py
savanna/openstack/common/db/__init__.py
savanna/openstack/common/db/sqlalchemy/__init__.py
savanna/openstack/common/db/sqlalchemy/migration.py
savanna/openstack/common/db/sqlalchemy/models.py
savanna/openstack/common/db/sqlalchemy/provision.py
savanna/openstack/common/db/sqlalchemy/session.py
savanna/openstack/common/db/sqlalchemy/test_migrations.py
savanna/openstack/common/db/sqlalchemy/utils.py
savanna/openstack/common/eventlet_backdoor.py
savanna/openstack/common/exception.py
savanna/openstack/common/excutils.py
savanna/openstack/common/fileutils.py
savanna/openstack/common/gettextutils.py
savanna/openstack/common/importutils.py
savanna/openstack/common/__init__.py
savanna/openstack/common/jsonutils.py
savanna/openstack/common/local.py
savanna/openstack/common/lockutils.py
savanna/openstack/common/log.py
savanna/openstack/common/loopingcall.py
savanna/openstack/common/middleware/base.py
savanna/openstack/common/middleware/debug.py
savanna/openstack/common/middleware/__init__.py
savanna/openstack/common/network_utils.py
savanna/openstack/common/notifier/api.py
savanna/openstack/common/notifier/__init__.py
savanna/openstack/common/notifier/log_notifier.py
savanna/openstack/common/notifier/no_op_notifier.py
savanna/openstack/common/notifier/rpc_notifier2.py
savanna/openstack/common/notifier/rpc_notifier.py
savanna/openstack/common/notifier/test_notifier.py
savanna/openstack/common/periodic_task.py
savanna/openstack/common/processutils.py
savanna/openstack/common/py3kcompat/__init__.py
savanna/openstack/common/py3kcompat/urlutils.py
savanna/openstack/common/rpc/amqp.py
savanna/openstack/common/rpc/common.py
savanna/openstack/common/rpc/dispatcher.py
savanna/openstack/common/rpc/impl_fake.py
savanna/openstack/common/rpc/impl_kombu.py
savanna/openstack/common/rpc/impl_qpid.py
savanna/openstack/common/rpc/impl_zmq.py
savanna/openstack/common/rpc/__init__.py
savanna/openstack/common/rpc/matchmaker.py
savanna/openstack/common/rpc/matchmaker_redis.py
savanna/openstack/common/rpc/matchmaker_ring.py
savanna/openstack/common/rpc/proxy.py
savanna/openstack/common/rpc/securemessage.py
savanna/openstack/common/rpc/serializer.py
savanna/openstack/common/rpc/service.py
savanna/openstack/common/rpc/zmq_receiver.py
savanna/openstack/common/service.py
savanna/openstack/common/setup.py
savanna/openstack/commons.py
savanna/openstack/common/sslutils.py
savanna/openstack/common/systemd.py
savanna/openstack/common/test.py
savanna/openstack/common/threadgroup.py
savanna/openstack/common/timeutils.py
savanna/openstack/common/uuidutils.py
savanna/openstack/common/version.py
savanna/openstack/common/versionutils.py
savanna/openstack/common/wsgi.py
savanna/openstack/common/xmlutils.py
savanna/openstack/__init__.py
savanna/openstack/test_lib.py
savanna/plugins/base.py
savanna/plugins/general/exceptions.py
savanna/plugins/general/__init__.py
savanna/plugins/general/utils.py
savanna/plugins/hdp/ambariplugin.py
savanna/plugins/hdp/baseprocessor.py
savanna/plugins/hdp/blueprintprocessor.py
savanna/plugins/hdp/clustercontext.py
savanna/plugins/hdp/clusterspec.py
savanna/plugins/hdp/configprovider.py
savanna/plugins/hdp/exceptions.py
savanna/plugins/hdp/hadoopserver.py
savanna/plugins/hdp/__init__.py
savanna/plugins/hdp/resources/ambari-bp-skeleton.json
savanna/plugins/hdp/resources/ambari-config-resource.json
savanna/plugins/hdp/resources/default-cluster.template
savanna/plugins/hdp/savannautils.py
savanna/plugins/hdp/services.py
savanna/plugins/hdp/validator.py
savanna/plugins/hdp/versions/1_3_2/__init__.py
savanna/plugins/hdp/versions/1_3_2/resources/ambari-config-resource.json
savanna/plugins/hdp/versions/1_3_2/resources/default-cluster.template
savanna/plugins/hdp/versions/1_3_2/resources/topology.sh
savanna/plugins/hdp/versions/1_3_2/versionhandler.py
savanna/plugins/hdp/versions/2_0/__init__.py
savanna/plugins/hdp/versions/2_0/versionhandler.py
savanna/plugins/hdp/versions/abstractversionhandler.py
savanna/plugins/hdp/versions/__init__.py
savanna/plugins/hdp/versions/version_1_3_2/__init__.py
savanna/plugins/hdp/versions/version_1_3_2/resources/ambari-config-resource.json
savanna/plugins/hdp/versions/version_1_3_2/resources/default-cluster.template
savanna/plugins/hdp/versions/version_1_3_2/resources/topology.sh
savanna/plugins/hdp/versions/version_1_3_2/services.py
savanna/plugins/hdp/versions/version_1_3_2/versionhandler.py
savanna/plugins/hdp/versions/version_2_0_6/__init__.py
savanna/plugins/hdp/versions/version_2_0_6/resources/ambari-config-resource.json
savanna/plugins/hdp/versions/version_2_0_6/resources/default-cluster.template
savanna/plugins/hdp/versions/version_2_0_6/resources/topology.sh
savanna/plugins/hdp/versions/version_2_0_6/services.py
savanna/plugins/hdp/versions/version_2_0_6/versionhandler.py
savanna/plugins/hdp/versions/versionhandlerfactory.py
savanna/plugins/__init__.py
savanna/plugins/intel/abstractversionhandler.py
savanna/plugins/intel/client/client.py
savanna/plugins/intel/client/cluster.py
savanna/plugins/intel/client/context.py
savanna/plugins/intel/client/__init__.py
savanna/plugins/intel/client/nodes.py
savanna/plugins/intel/client/params.py
savanna/plugins/intel/client/rest.py
savanna/plugins/intel/client/services.py
savanna/plugins/intel/client/session.py
savanna/plugins/intel/config_helper.py
savanna/plugins/intel/exceptions.py
savanna/plugins/intel/__init__.py
savanna/plugins/intel/installer.py
savanna/plugins/intel/plugin.py
savanna/plugins/intel/resources/configuration.xsd
savanna/plugins/intel/resources/hadoop-default.xml
savanna/plugins/intel/resources/hdfs-default.xml
savanna/plugins/intel/resources/mapred-default.xml
savanna/plugins/intel/resources/oozie-default.xml
savanna/plugins/intel/v2_5_1/client/client.py
savanna/plugins/intel/v2_5_1/client/cluster.py
savanna/plugins/intel/v2_5_1/client/context.py
savanna/plugins/intel/v2_5_1/client/__init__.py
savanna/plugins/intel/v2_5_1/client/nodes.py
savanna/plugins/intel/v2_5_1/client/params.py
savanna/plugins/intel/v2_5_1/client.py
savanna/plugins/intel/v2_5_1/client/rest.py
savanna/plugins/intel/v2_5_1/client/services.py
savanna/plugins/intel/v2_5_1/client/session.py
savanna/plugins/intel/v2_5_1/config_helper.py
savanna/plugins/intel/v2_5_1/__init__.py
savanna/plugins/intel/v2_5_1/installer.py
savanna/plugins/intel/v2_5_1/resources/configuration.xsd
savanna/plugins/intel/v2_5_1/resources/hadoop-default.xml
savanna/plugins/intel/v2_5_1/resources/hdfs-default.xml
savanna/plugins/intel/v2_5_1/resources/mapred-default.xml
savanna/plugins/intel/v2_5_1/resources/oozie-default.xml
savanna/plugins/intel/v2_5_1/versionhandler.py
savanna/plugins/intel/v3_0_2/client.py
savanna/plugins/intel/v3_0_2/config_helper.py
savanna/plugins/intel/v3_0_2/__init__.py
savanna/plugins/intel/v3_0_2/installer.py
savanna/plugins/intel/v3_0_2/resources/configuration.xsd
savanna/plugins/intel/v3_0_2/resources/hadoop-default.xml
savanna/plugins/intel/v3_0_2/resources/hdfs-default.xml
savanna/plugins/intel/v3_0_2/resources/oozie-default.xml
savanna/plugins/intel/v3_0_2/resources/yarn-default.xml
savanna/plugins/intel/v3_0_2/versionhandler.py
savanna/plugins/intel/versionfactory.py
savanna/plugins/provisioning.py
savanna/plugins/vanilla/abstractversionhandler.py
savanna/plugins/vanilla/config_helper.py
savanna/plugins/vanilla/exceptions.py
savanna/plugins/vanilla/__init__.py
savanna/plugins/vanilla/mysql_helper.py
savanna/plugins/vanilla/oozie_helper.py
savanna/plugins/vanilla/plugin.py
savanna/plugins/vanilla/resources/core-default.xml
savanna/plugins/vanilla/resources/create_hive_db.sql
savanna/plugins/vanilla/resources/create_oozie_db.sql
savanna/plugins/vanilla/resources/hdfs-default.xml
savanna/plugins/vanilla/resources/hive-default.xml
savanna/plugins/vanilla/resources/mapred-default.xml
savanna/plugins/vanilla/resources/oozie-default.xml
savanna/plugins/vanilla/resources/setup-general.sh.template
savanna/plugins/vanilla/resources/topology.sh
savanna/plugins/vanilla/run_scripts.py
savanna/plugins/vanilla/scaling.py
savanna/plugins/vanilla/utils.py
savanna/plugins/vanilla/v1_2_1/config_helper.py
savanna/plugins/vanilla/v1_2_1/__init__.py
savanna/plugins/vanilla/v1_2_1/mysql_helper.py
savanna/plugins/vanilla/v1_2_1/oozie_helper.py
savanna/plugins/vanilla/v1_2_1/resources/core-default.xml
savanna/plugins/vanilla/v1_2_1/resources/create_hive_db.sql
savanna/plugins/vanilla/v1_2_1/resources/create_oozie_db.sql
savanna/plugins/vanilla/v1_2_1/resources/hdfs-default.xml
savanna/plugins/vanilla/v1_2_1/resources/hive-default.xml
savanna/plugins/vanilla/v1_2_1/resources/mapred-default.xml
savanna/plugins/vanilla/v1_2_1/resources/oozie-default.xml
savanna/plugins/vanilla/v1_2_1/resources/topology.sh
savanna/plugins/vanilla/v1_2_1/run_scripts.py
savanna/plugins/vanilla/v1_2_1/scaling.py
savanna/plugins/vanilla/v1_2_1/versionhandler.py
savanna/plugins/vanilla/v2_3_0/config_helper.py
savanna/plugins/vanilla/v2_3_0/config.py
savanna/plugins/vanilla/v2_3_0/__init__.py
savanna/plugins/vanilla/v2_3_0/resources/core-default.xml
savanna/plugins/vanilla/v2_3_0/resources/hdfs-default.xml
savanna/plugins/vanilla/v2_3_0/resources/mapred-default.xml
savanna/plugins/vanilla/v2_3_0/resources/post_conf.template
savanna/plugins/vanilla/v2_3_0/resources/yarn-default.xml
savanna/plugins/vanilla/v2_3_0/run_scripts.py
savanna/plugins/vanilla/v2_3_0/scaling.py
savanna/plugins/vanilla/v2_3_0/utils.py
savanna/plugins/vanilla/v2_3_0/validation.py
savanna/plugins/vanilla/v2_3_0/versionhandler.py
savanna/plugins/vanilla/versionfactory.py
savanna/resources/config-transform.xsl.template
savanna/resources/core-default.xml
savanna/resources/hdfs-default.xml
savanna/resources/instance.heat
savanna/resources/main.heat
savanna/resources/mapred-default.xml
savanna/resources/neutron-floating.heat
savanna/resources/neutron-port.heat
savanna/resources/setup-general.sh.template
savanna/resources/setup-master.sh.template
savanna/resources/userdata.rabbitmq.template
savanna/resources/volume.heat
savanna/service/api.py
savanna/service/cluster_ops.py
savanna/service/direct_engine.py
savanna/service/edp/api.py
savanna/service/edp/binary_retrievers/dispatch.py
savanna/service/edp/binary_retrievers/__init__.py
savanna/service/edp/binary_retrievers/internal_swift.py
savanna/service/edp/binary_retrievers/savanna_db.py
savanna/service/edp/hdfs_helper.py
savanna/service/edp/__init__.py
savanna/service/edp/job_manager.py
savanna/service/edp/oozie.py
savanna/service/edp/resources/mapred-job-config.xml
savanna/service/edp/resources/workflow.xml
savanna/service/edp/workflow_creator/base_workflow.py
savanna/service/edp/workflow_creator/hive_workflow.py
savanna/service/edp/workflow_creator/__init__.py
savanna/service/edp/workflow_creator/java_workflow.py
savanna/service/edp/workflow_creator/mapreduce_workflow.py
savanna/service/edp/workflow_creator/pig_workflow.py
savanna/service/edp/workflow_creator/workflow_factory.py
savanna/service/engine.py
savanna/service/heat_engine.py
savanna/service/__init__.py
savanna/service/instances_heat.py
savanna/service/instances.py
savanna/service/networks.py
savanna/service/periodic.py
savanna/service/trusts.py
savanna/service/validation.py
savanna/service/validations/base.py
savanna/service/validations/clusters.py
savanna/service/validations/clusters_scaling.py
savanna/service/validations/cluster_templates.py
savanna/service/validations/edp/base.py
savanna/service/validations/edp/data_source.py
savanna/service/validations/edp/__init__.py
savanna/service/validations/edp/job_binary_internal.py
savanna/service/validations/edp/job_binary.py
savanna/service/validations/edp/job_executor.py
savanna/service/validations/edp/job_origin.py
savanna/service/validations/edp/job.py
savanna/service/validations/images.py
savanna/service/validations/__init__.py
savanna/service/validations/node_group_templates.py
savanna/service/validations/plugins.py
savanna/service/volumes_heat.py
savanna/service/volumes.py
savanna/storage/db.py
savanna/storage/defaults.py
savanna/storage/__init__.py
savanna/storage/models.py
savanna/storage/storage.py
savanna/swift/__init__.py
savanna/swift/resources/conf-template.xml
savanna/swift/swift_helper.py
savanna/swift/utils.py
savanna/tests/__init__.py
savanna/tests/integration/base.py
savanna/tests/integration/config.py.sample
savanna/tests/integration/configs/config.py
savanna/tests/integration/configs/config.py.sample
savanna/tests/integration/configs/__init__.py
savanna/tests/integration/configs/itest.conf.sample
savanna/tests/integration/configs/itest.conf.sample-full
savanna/tests/integration/configs/parameters/common_parameters.py
savanna/tests/integration/configs/parameters/hdp_parameters.py
savanna/tests/integration/configs/parameters/__init__.py
savanna/tests/integration/configs/parameters.py
savanna/tests/integration/configs/parameters/vanilla_parameters.py
savanna/tests/integration/configs/samples/common_config.py.sample
savanna/tests/integration/configs/samples/hdp_config.py.sample
savanna/tests/integration/configs/samples/vanilla_config.py.sample
savanna/tests/integration/crud_tests/__init__.py
savanna/tests/integration/crud_tests/test_cluster_cluster_templates.py
savanna/tests/integration/crud_tests/test_cluster_ngt_node_processes.py
savanna/tests/integration/crud_tests/test_cluster_node_group_templates.py
savanna/tests/integration/crud_tests/test_cluster_node_processes.py
savanna/tests/integration/crud_tests/test_cluster_templates.py
savanna/tests/integration/crud_tests/test_crud_cluster_cluster_templates.py
savanna/tests/integration/crud_tests/test_node_group_templates.py
savanna/tests/integration/db.py
savanna/tests/integration/hadoop_config_test/config_test_script.sh
savanna/tests/integration/hadoop_config_test/__init__.py
savanna/tests/integration/hadoop_config_test/test_cluster_configs.py
savanna/tests/integration/hadoop_test/hadoop_test_script.sh
savanna/tests/integration/hadoop_test/__init__.py
savanna/tests/integration/hadoop_test_script.sh
savanna/tests/integration/hadoop_test/test_hadoop.py
savanna/tests/integration/__init__.py
savanna/tests/integration_new/configs/config.py
savanna/tests/integration_new/configs/__init__.py
savanna/tests/integration_new/configs/itest.conf.sample
savanna/tests/integration_new/configs/itest.conf.sample-full
savanna/tests/integration_new/__init__.py
savanna/tests/integration_new/tests/base.py
savanna/tests/integration_new/tests/cluster_configs.py
savanna/tests/integration_new/tests/gating/__init__.py
savanna/tests/integration_new/tests/gating/test_hdp_gating.py
savanna/tests/integration_new/tests/gating/test_vanilla_gating.py
savanna/tests/integration_new/tests/helper_scripts/cluster_config_test_script.sh
savanna/tests/integration_new/tests/helper_scripts/map_reduce_test_script.sh
savanna/tests/integration_new/tests/helper_scripts/swift_test_script.sh
savanna/tests/integration_new/tests/__init__.py
savanna/tests/integration_new/tests/map_reduce.py
savanna/tests/integration_new/tests/scaling.py
savanna/tests/integration_new/tests/swift.py
savanna/tests/integration/other_tests/__init__.py
savanna/tests/integration/other_tests/test_image_registry.py
savanna/tests/integration/other_tests/test_version.py
savanna/tests/integration/parameters.py
savanna/tests/integration/scaling_test/__init__.py
savanna/tests/integration/scaling_test/test_scaling.py
savanna/tests/integration/script.sh
savanna/tests/integration/swift_test/generate_job_file.py
savanna/tests/integration/swift_test/__init__.py
savanna/tests/integration/swift_test/test_swift.py
savanna/tests/integration/test_cluster_ngt_node_processes.py
savanna/tests/integration/test_cluster_node_group_templates.py
savanna/tests/integration/test_cluster_node_processes.py
savanna/tests/integration/test_clusters.py
savanna/tests/integration/test_cluster_templates.py
savanna/tests/integration/test_config/config_test_script.sh
savanna/tests/integration/test_config/__init__.py
savanna/tests/integration/test_config/test_cluster_config.py
savanna/tests/integration/test_hadoop.py
savanna/tests/integration/test_image_registry.py
savanna/tests/integration/test_node_group_templates.py
savanna/tests/integration/test_node_templates.py
savanna/tests/integration/tests/base.py
savanna/tests/integration/tests/cinder.py
savanna/tests/integration/tests/cluster_configs.py
savanna/tests/integration/tests/edp.py
savanna/tests/integration/tests/gating/__init__.py
savanna/tests/integration/tests/gating/test_hdp_gating.py
savanna/tests/integration/tests/gating/test_idh_gating.py
savanna/tests/integration/tests/gating/test_vanilla_gating.py
savanna/tests/integration/tests/helper_scripts/cluster_config_test_script.sh
savanna/tests/integration/tests/helper_scripts/map_reduce_test_script.sh
savanna/tests/integration/tests/helper_scripts/swift_test_script.sh
savanna/tests/integration/tests/__init__.py
savanna/tests/integration/tests/map_reduce.py
savanna/tests/integration/tests/resources/cluster_config_test_script.sh
savanna/tests/integration/tests/resources/edp-java.jar
savanna/tests/integration/tests/resources/edp-job.jar
savanna/tests/integration/tests/resources/edp-job.pig
savanna/tests/integration/tests/resources/edp-lib.jar
savanna/tests/integration/tests/resources/map_reduce_test_script.sh
savanna/tests/integration/tests/resources/swift_test_script.sh
savanna/tests/integration/tests/scaling.py
savanna/tests/integration/tests/swift.py
savanna/tests/integration/test_version.py
savanna/tests/swift/__init__.py
savanna/tests/swift/test_swift_helper.py
savanna/tests/unit/base.py
savanna/tests/unit/conductor/base.py
savanna/tests/unit/conductor/__init__.py
savanna/tests/unit/conductor/manager/base.py
savanna/tests/unit/conductor/manager/__init__.py
savanna/tests/unit/conductor/manager/test_clusters.py
savanna/tests/unit/conductor/manager/test_defaults.py
savanna/tests/unit/conductor/manager/test_edp.py
savanna/tests/unit/conductor/manager/test_from_template.py
savanna/tests/unit/conductor/manager/test_templates.py
savanna/tests/unit/conductor/test_api.py
savanna/tests/unit/conductor/test_resource.py
savanna/tests/unit/db/__init__.py
savanna/tests/unit/db/migration/__init__.py
savanna/tests/unit/db/migration/test_db_manage_cli.py
savanna/tests/unit/db/migration/test_migrations_base.py
savanna/tests/unit/db/migration/test_migrations.conf
savanna/tests/unit/db/migration/test_migrations.py
savanna/tests/unit/db/models/base.py
savanna/tests/unit/db/models/__init__.py
savanna/tests/unit/db/models/test_clusters.py
savanna/tests/unit/db/models/test_templates.py
savanna/tests/unit/db/models/test_volumes_support.py
savanna/tests/unit/db_new/conductor_api/base.py
savanna/tests/unit/db_new/conductor_api/__init__.py
savanna/tests/unit/db_new/conductor_api/test_templates.py
savanna/tests/unit/db_new/__init__.py
savanna/tests/unit/db/sqlalchemy/__init__.py
savanna/tests/unit/db/sqlalchemy/test_types.py
savanna/tests/unit/db/storage/__init__.py
savanna/tests/unit/db/storage/test_clusters_storage.py
savanna/tests/unit/db/test_storage.py
savanna/tests/unit/__init__.py
savanna/tests/unit/plugins/general/__init__.py
savanna/tests/unit/plugins/general/test_utils.py
savanna/tests/unit/plugins/hdp/ambariplugin_test.py
savanna/tests/unit/plugins/hdp/blueprintprocessor_test.py
savanna/tests/unit/plugins/hdp/clusterspec_test.py
savanna/tests/unit/plugins/hdp/hdp_test_base.py
savanna/tests/unit/plugins/hdp/__init__.py
savanna/tests/unit/plugins/hdp/resources/config-resource.json
savanna/tests/unit/plugins/hdp/resources/sample-ambari-blueprint.json
savanna/tests/unit/plugins/hdp/test_ambariplugin.py
savanna/tests/unit/plugins/hdp/test_blueprintprocessor.py
savanna/tests/unit/plugins/hdp/test_clusterspec_hdp2.py
savanna/tests/unit/plugins/hdp/test_clusterspec.py
savanna/tests/unit/plugins/hdp/test_services.py
savanna/tests/unit/plugins/hdp/test_validator.py
savanna/tests/unit/plugins/hdp/test_versionmanagerfactory.py
savanna/tests/unit/plugins/hdp/validator_test.py
savanna/tests/unit/plugins/__init__.py
savanna/tests/unit/plugins/intel/client/__init__.py
savanna/tests/unit/plugins/intel/client/response.py
savanna/tests/unit/plugins/intel/client/test_client.py
savanna/tests/unit/plugins/intel/__init__.py
savanna/tests/unit/plugins/intel/test_plugin_2_5_1.py
savanna/tests/unit/plugins/intel/test_plugin_3_0_2.py
savanna/tests/unit/plugins/intel/test_plugin.py
savanna/tests/unit/plugins/intel/test_utils.py
savanna/tests/unit/plugins/intel/v2_5_1/client/__init__.py
savanna/tests/unit/plugins/intel/v2_5_1/client/response.py
savanna/tests/unit/plugins/intel/v2_5_1/client/test_client.py
savanna/tests/unit/plugins/intel/v2_5_1/__init__.py
savanna/tests/unit/plugins/intel/v2_5_1/response.py
savanna/tests/unit/plugins/intel/v2_5_1/test_client.py
savanna/tests/unit/plugins/intel/v3_0_2/__init__.py
savanna/tests/unit/plugins/intel/v3_0_2/response.py
savanna/tests/unit/plugins/intel/v3_0_2/test_client.py
savanna/tests/unit/plugins/test_base_plugins_support.py
savanna/tests/unit/plugins/test_dfsadmin_parsing.py
savanna/tests/unit/plugins/test_provisioning.py
savanna/tests/unit/plugins/vanilla/__init__.py
savanna/tests/unit/plugins/vanilla/test_plugin.py
savanna/tests/unit/plugins/vanilla/test_run_scripts.py
savanna/tests/unit/plugins/vanilla/test_utils.py
savanna/tests/unit/plugins/vanilla/v1_2_1/__init__.py
savanna/tests/unit/plugins/vanilla/v1_2_1/test_dfsadmin_parsing.py
savanna/tests/unit/plugins/vanilla/v1_2_1/test_plugin.py
savanna/tests/unit/plugins/vanilla/v1_2_1/test_run_scripts.py
savanna/tests/unit/plugins/vanilla/v2_3_0/__init__.py
savanna/tests/unit/plugins/vanilla/v2_3_0/resources/dfs-report.txt
savanna/tests/unit/plugins/vanilla/v2_3_0/resources/yarn-report.txt
savanna/tests/unit/plugins/vanilla/v2_3_0/test_configs.py
savanna/tests/unit/plugins/vanilla/v2_3_0/test_utils.py
savanna/tests/unit/plugins/vanilla/v2_3_0/test_validation.py
savanna/tests/unit/resources/dfs_admin_0_nodes.txt
savanna/tests/unit/resources/dfs_admin_1_nodes.txt
savanna/tests/unit/resources/dfs_admin_3_nodes.txt
savanna/tests/unit/resources/test-default-with-type-and-locale.xml
savanna/tests/unit/resources/test-default.xml
savanna/tests/unit/resources/test_serialize_resources_aa.heat
savanna/tests/unit/resources/test_serialize_resources_use_neutron.heat
savanna/tests/unit/scaling/__init__.py
savanna/tests/unit/scaling/plugins/__init__.py
savanna/tests/unit/scaling/plugins/vanilla/__init__.py
savanna/tests/unit/scaling/plugins/vanilla/test_plugin_scaling.py
savanna/tests/unit/scaling/service/__init__.py
savanna/tests/unit/scaling/service/test_cluster_scaling_api.py
savanna/tests/unit/scaling/service/test_instances_scaling.py
savanna/tests/unit/service/edp/__init__.py
savanna/tests/unit/service/edp/test_job_manager.py
savanna/tests/unit/service/edp/test_job_possible_configs.py
savanna/tests/unit/service/edp/workflow_creator/__init__.py
savanna/tests/unit/service/edp/workflow_creator/test_create_workflow.py
savanna/tests/unit/service/edp/workflow_creator/TestPigWorkflowCreator.py
savanna/tests/unit/service/__init__.py
savanna/tests/unit/service/test_instances.py
savanna/tests/unit/service/test_periodic.py
savanna/tests/unit/service/test_validation.py
savanna/tests/unit/service/test_volumes_heat.py
savanna/tests/unit/service/test_volumes.py
savanna/tests/unit/service/validation/edp/__init__.py
savanna/tests/unit/service/validation/edp/test_data_source.py
savanna/tests/unit/service/validation/edp/test_job_binary.py
savanna/tests/unit/service/validation/edp/test_job_creation.py
savanna/tests/unit/service/validation/edp/test_job_executor_java.py
savanna/tests/unit/service/validation/edp/test_job_executor.py
savanna/tests/unit/service/validation/edp/test_job.py
savanna/tests/unit/service/validation/__init__.py
savanna/tests/unit/service/validation/test_add_tags_validation.py
savanna/tests/unit/service/validation/test_cluster_create_validation.py
savanna/tests/unit/service/validation/test_cluster_scaling_validation.py
savanna/tests/unit/service/validation/test_cluster_template_create_validation.py
savanna/tests/unit/service/validation/test_ng_template_validation_create.py
savanna/tests/unit/service/validation/utils.py
savanna/tests/unit/swift/__init__.py
savanna/tests/unit/swift/test_swift_helper.py
savanna/tests/unit/test_api_v02.py
savanna/tests/unit/test_api_validator.py
savanna/tests/unit/test_cluster_ops.py
savanna/tests/unit/test_context.py
savanna/tests/unit/test_patches.py
savanna/tests/unit/test_service.py
savanna/tests/unit/testutils.py
savanna/tests/unit/test_validation.py
savanna/tests/unit/topology/__init__.py
savanna/tests/unit/topology/test_topology.py
savanna/tests/unit/utils/__init__.py
savanna/tests/unit/utils/test_api_validator.py
savanna/tests/unit/utils/test_crypto.py
savanna/tests/unit/utils/test_edp.py
savanna/tests/unit/utils/test_general.py
savanna/tests/unit/utils/test_hashabledict.py
savanna/tests/unit/utils/test_heat.py
savanna/tests/unit/utils/test_neutron.py
savanna/tests/unit/utils/test_patches.py
savanna/tests/unit/utils/test_remote.py
savanna/tests/unit/utils/test_ssh_remote.py
savanna/tests/unit/utils/test_types.py
savanna/tests/unit/utils/test_xml_utils.py
savanna/topology/__init__.py
savanna/topology/resources/core-template.xml
savanna/topology/resources/mapred-template.xml
savanna/topology/topology_helper.py
savanna/utils/agent_remote.py
savanna/utils/api.py
savanna/utils/api_validator.py
savanna/utils/configs.py
savanna/utils/crypto.py
savanna/utils/edp.py
savanna/utils/files.py
savanna/utils/general.py
savanna/utils/hacking/checks.py
savanna/utils/hacking/__init__.py
savanna/utils/hashabledict.py
savanna/utils/__init__.py
savanna/utils/openstack/base.py
savanna/utils/openstack/cinder.py
savanna/utils/openstack/heat.py
savanna/utils/openstack/images.py
savanna/utils/openstack/__init__.py
savanna/utils/openstack/keypairs.py
savanna/utils/openstack/keystone.py
savanna/utils/openstack/neutron.py
savanna/utils/openstack/nova.py
savanna/utils/patches.py
savanna/utils/procutils.py
savanna/utils/remote.py
savanna/utils/resources.py
savanna/utils/rpc.py
savanna/utils/scheduler.py
savanna/utils/sqlatypes.py
savanna/utils/ssh_remote.py
savanna/utils/tempfiles.py
savanna/utils/timing.py
savanna/utils/types.py
savanna/utils/xmlutils.py
savanna/version.py
setup.cfg
setup.py
.testr.conf
test-requirements.txt
tests/.placeholder
tools/build_docs
tools/conf/analyze_opts.py
tools/conf/blacklist.txt
tools/conf/extract_opts.py
tools/conf/generate_sample.sh
tools/config/check_uptodate.sh
tools/config/generate_sample.sh
tools/config/oslo.config.generator.rc
tools/conf/whitelist.txt
tools/get_auth_token
tools/get_auth_token.py
tools/hacking.py
tools/install_venv
tools/install_venv_common.py
tools/install_venv.py
tools/lintstack.py
tools/lintstack.sh
tools/pep8
tools/pip-requires
tools/run_coverage
tools/run_fast_checks
tools/run_integration_tests
tools/run_itests
tools/run_pep8
tools/run_pyflakes
tools/run_pylint
tools/run_tests
tools/run_tests.py
tools/test-requires
tools/with_venv
tools/with_venv.sh
tox.ini
