CHANGELOG
examples/single.pp
examples/site.pp
ext/glance.rb
ext/glance.sh
.fixtures.yml
Gemfile
.gemfile
ini_setting.rb
lib/puppet/provider/glance_api_config/ini_setting.rb
lib/puppet/provider/glance_api_paste_ini/ini_setting.rb
lib/puppet/provider/glance_cache_config/ini_setting.rb
lib/puppet/provider/glance_image/glance.rb
lib/puppet/provider/glance.rb
lib/puppet/provider/glance_registry_config/ini_setting.rb
lib/puppet/provider/glance_registry_paste_ini/ini_setting.rb
lib/puppet/type/glance_api_config.rb
lib/puppet/type/glance_api_paste_ini.rb
lib/puppet/type/glance_cache_config.rb
lib/puppet/type/glance_image.rb
lib/puppet/type/glance_registry_config.rb
lib/puppet/type/glance_registry_paste_ini.rb
LICENSE
manifests/api/config.pp
manifests/api.pp
manifests/api.rb
manifests/backend/cinder.pp
manifests/backend/file.pp
manifests/backend.pp
manifests/backend/rbd.pp
manifests/backend/swift.pp
manifests/cache/cleaner.pp
manifests/cache/pruner.pp
manifests/client.pp
manifests/config.pp
manifests/db/host_access.pp
manifests/db/mysql/host_access.pp
manifests/db/mysql.pp
manifests/db/postgresql.pp
manifests/db.pp
manifests/init.pp
manifests/keystone/auth.pp
manifests/notify.pp
manifests/notify/qpid.pp
manifests/notify/rabbitmq.pp
manifests/params.pp
manifests/registry.pp
manifests/scrubber.pp
Modulefile
Rakefile
README.markdown
README.md
spec/classes/glance_api_spec.rb
spec/classes/glance_backend_cinder_spec.rb
spec/classes/glance_backend_file_spec.rb
spec/classes/glance_backend_rbd_spec.rb
spec/classes/glance_backend_swift_spec.rb
spec/classes/glance_cache_cleaner_spec.rb
spec/classes/glance_cache_pruner_spec.rb
spec/classes/glance_client_spec.rb
spec/classes/glance_db_mysql_spec.rb
spec/classes/glance_db_postgresql_spec.rb
spec/classes/glance_keystone_auth_spec.rb
spec/classes/glance_notify_qpid_spec.rb
spec/classes/glance_notify_rabbitmq_spec.rb
spec/classes/glance_registry_spec.rb
spec/classes/glance_spec.rb
spec/fixtures/manifests/site.pp
spec/shared_examples.rb
spec/spec_helper.rb
spec/spec.opts
spec/unit/provider/glance_spec.rb
templates/api/backend.erb
templates/api/file.erb
templates/api/footer.erb
templates/api/header.erb
templates/api/notify.erb
templates/api/qpid.erb
templates/api/rabbitmq.erb
templates/api/swift.erb
templates/glance-api.conf.erb
templates/glance-api.conf-sample
templates/glance-api-paste.ini.erb
templates/glance-cache.conf.erb
templates/glance-registry.conf.erb
templates/glance-registry.conf-sample
templates/glance-registry-paste.ini.erb
tests/api.pp
tests/init.pp
tests/registry.pp
tests/site.pp
TODO
.travis.yml
