AUTHORS
ChangeLog
deps.deb.txt
deps.rpm.txt
etc/config.yaml.sample
HACKING.rst
LICENSE
MANIFEST.in
openstack-common.conf
README
requirements.txt
run_tests.sh
setup.cfg
setup.py
templates/config.yaml.sample
.testr.conf
test-requirements.txt
tools/install_venv_common.py
tools/install_venv.py
tools/with_venv.sh
tox.ini
VERSION
warm/components/__init__.py
warm/__init__.py
warm/openstack/common/__init__.py
warm/openstack/common/test.py
warm/openstack/__init__.py
warm/tests/__init__.py
warm/tests/templates/test.ci
warm/tests/test_components.py
warm/tests/test_noop.py
warm/utils.py
warm/version.py
