attributes/default.rb
Berksfile
CHANGELOG.md
Gemfile
Gemfile.lock
metadata.rb
README.md
recipes/api.rb
recipes/conductor.rb
recipes/identity_registration.rb
recipes/taskmanager.rb
.rubocop.yml
spec/api-suse_spec.rb
spec/conductor-suse_spec.rb
spec/identity_registration-suse_spec.rb
spec/spec_helper.rb
spec/taskmanager-suse_spec.rb
Strainerfile
templates/default/api-paste.ini.erb
templates/default/trove-conductor.conf.erb
templates/default/trove.conf.erb
templates/default/trove-taskmanager.conf.erb
TESTING.md
