astute2.yaml
astute/astute.gemspec
astute/bin/astute
astute/examples/anaconda.log
astute/examples/example_astute_config.yaml
astute/examples/example_env.yaml
astute/examples/no_attrs.yaml
astute/examples/test_env.yaml
astute.gemspec
astute/lib/astute/config.rb
astute/lib/astute/context.rb
astute/lib/astute/deployment_engine/nailyfact.rb
astute/lib/astute/deployment_engine.rb
astute/lib/astute/deployment_engine/simple_puppet.rb
astute/lib/astute/logparser/deployment.rb
astute/lib/astute/logparser/parser_patterns.rb
astute/lib/astute/logparser/provision.rb
astute/lib/astute/logparser.rb
astute/lib/astute/mclient.rb
astute/lib/astute/metadata.rb
astute/lib/astute/network.rb
astute/lib/astute/node.rb
astute/lib/astute/nodes_remover.rb
astute/lib/astute/orchestrator.rb
astute/lib/astute/puppetd.rb
astute/lib/astute.rb
astute/lib/astute/reporter.rb
astute/lib/astute/rpuppet.rb
astute/lib/astute/version.rb
astute/module.mk
astute/setup-env.sh
astute/spec/example-logs/anaconda.log_
astute/spec/example-logs/puppet-agent.log.ha.compute
astute/spec/example-logs/puppet-agent.log.ha.contr.1
astute/spec/example-logs/puppet-agent.log.ha.contr.2
astute/spec/example-logs/puppet-agent.log.ha.contr.3
astute/spec/example-logs/puppet-agent.log.multi.compute
astute/spec/example-logs/puppet-agent.log.multi.contr
astute/spec/example-logs/puppet-agent.log.singlenode
astute/spec/integration/mcollective_spec.rb
astute/spec/spec_helper.rb
astute/spec/unit/logparser_spec.rb
astute/spec/unit/mclient_spec.rb
astute/spec/unit/nailyfact_deploy_spec.rb
astute/spec/unit/node_spec.rb
astute/spec/unit/orchestrator_spec.rb
astute/spec/unit/puppetd_spec.rb
astute/spec/unit/reporter_spec.rb
astute/spec/unit/simplepuppet_deploy_spec.rb
bin/astute
bin/astuted
coverage.data
coverage/.last_run.json
coverage/rcov/assets/0.2.3/jquery-1.3.2.min.js
coverage/rcov/assets/0.2.3/jquery.tablesorter.min.js
coverage/rcov/assets/0.2.3/print.css
coverage/rcov/assets/0.2.3/rcov.js
coverage/rcov/assets/0.2.3/screen.css
coverage/rcov/index.html
coverage/rcov/lib-astute-cobbler_rb.html
coverage/rcov/lib-astute-config_rb.html
coverage/rcov/lib-astute-context_rb.html
coverage/rcov/lib-astute-deployment_engine-nailyfact_rb.html
coverage/rcov/lib-astute-deployment_engine_rb.html
coverage/rcov/lib-astute-deployment_engine-simple_puppet_rb.html
coverage/rcov/lib-astute-logparser-deployment_rb.html
coverage/rcov/lib-astute-logparser-parser_patterns_rb.html
coverage/rcov/lib-astute-logparser-provision_rb.html
coverage/rcov/lib-astute-logparser_rb.html
coverage/rcov/lib-astute-mclient_rb.html
coverage/rcov/lib-astute-metadata_rb.html
coverage/rcov/lib-astute-network_rb.html
coverage/rcov/lib-astute-node_rb.html
coverage/rcov/lib-astute-nodes_remover_rb.html
coverage/rcov/lib-astute-orchestrator_rb.html
coverage/rcov/lib-astute-puppetd_rb.html
coverage/rcov/lib-astute_rb.html
coverage/rcov/lib-astute-reporter_rb.html
coverage/rcov/lib-astute-rpuppet_rb.html
coverage/rcov/lib-astute-ruby_removed_functions_rb.html
coverage/rcov/spec-unit-logparser_spec_rb.html
coverage/rcov/spec-unit-mclient_spec_rb.html
coverage/rcov/spec-unit-nailyfact_deploy_spec_rb.html
coverage/rcov/spec-unit-node_spec_rb.html
coverage/rcov/spec-unit-orchestrator_spec_rb.html
coverage/rcov/spec-unit-puppetd_spec_rb.html
coverage/rcov/spec-unit-reporter_spec_rb.html
coverage/rcov/spec-unit-simplepuppet_deploy_spec_rb.html
coverage/.resultset.json
docs/common_conf.py
docs/conf.py
docs/index.rst
docs/pages/0010-attribute_list.rst
docs/_static/bootstrap.css
docs/_static/bootstrap.js
docs/_static/bootstrap-responsive.css
docs/_static/bootstrap-sphinx.css_t
docs/_static/jquery.js
docs/_templates/bootstrap/globaltoc.html
docs/_templates/bootstrap/layout.html
docs/_templates/bootstrap/localtoc.html
docs/_templates/bootstrap/relations.html
docs/_templates/bootstrap/searchbox.html
docs/_templates/bootstrap/sourcelink.html
docs/_templates/bootstrap/static/bootstrap.css
docs/_templates/bootstrap/static/bootstrap.js
docs/_templates/bootstrap/static/bootstrap-responsive.css
docs/_templates/bootstrap/static/bootstrap-sphinx.css_t
docs/_templates/bootstrap/static/jquery.js
docs/_templates/bootstrap/theme.conf
examples/compact.yaml
examples/convert.rb
examples/convert_simple.rb
examples/example_astute_config.yaml
examples/example_cli_deploy.yaml
examples/example_cli_provisioning.yaml
examples/example_deploy_env.yaml
examples/example_env.yaml
examples/example_fast_provision_env.yaml
examples/example_nailgun_deploy.yaml
examples/example_new1.yaml
examples/example_new2.yaml
examples/example_new_deploy.yaml
examples/example_new_provisioning.yaml
examples/example_new.yaml
examples/example_provision_and_deploy.yaml
examples/example_provision_env.yaml
examples/full.json
examples/full.yaml
examples/no_attrs.yaml
examples/simple.json
examples/simple.yaml
examples/test_env.yaml
Gemfile
Gemfile.lock
lib/astute/cli/deploy_schema.yaml
lib/astute/cli/enviroment.rb
lib/astute/cli/provision_schema.yaml
lib/astute/cli/schema.yaml
lib/astute/cli/yaml_validator.rb
lib/astute/cobbler_manager.rb
lib/astute/cobbler.rb
lib/astute/config.rb
lib/astute/context.rb
lib/astute/deployment_engine/nailyfact.rb
lib/astute/deployment_engine.rb
lib/astute/deployment_engine/simple_puppet.rb
lib/astute/dump.rb
lib/astute/enviroment.rb
lib/astute/exceptions.rb
lib/astute/ext/deep_copy.rb
lib/astute/ext/exception.rb
lib/astute/ext/hash.rb
lib/astute/image_provision.rb
lib/astute/logparser/deployment.rb
lib/astute/logparser/parser_patterns.rb
lib/astute/logparser/provision.rb
lib/astute/logparser.rb
lib/astute/mclient.rb
lib/astute/metadata.rb
lib/astute/network.rb
lib/astute/node.rb
lib/astute/nodes_remover.rb
lib/astute/orchestrator.rb
lib/astute/post_deploy_actions.rb
lib/astute/post_deploy_actions/restart_radosgw.rb
lib/astute/post_deploy_actions/update_cluster_hosts_info.rb
lib/astute/post_deploy_actions/update_no_quorum_policy.rb
lib/astute/post_deploy_actions/upload_cirros_image.rb
lib/astute/puppetd.rb
lib/astute.rb
lib/astute/redhat_checker.rb
lib/astute/reporter.rb
lib/astute/rpuppet.rb
lib/astute/rsyslogd.rb
lib/astute/ruby_removed_functions.rb
lib/astute/server/dispatcher.rb
lib/astute/server/producer.rb
lib/astute/server/reporter.rb
lib/astute/server/server.rb
lib/astute/server/task_queue.rb
lib/astute/server/worker.rb
lib/astute/ssh_actions/ssh_erase_nodes.rb
lib/astute/ssh_actions/ssh_hard_reboot.rb
lib/astute/ssh.rb
lib/astute/version.rb
LICENSE
mcagents/erase_node.ddl
mcagents/erase_node.rb
mcagents/execute_shell_command.ddl
mcagents/execute_shell_command.rb
mcagents/fake.ddl
mcagents/fake.rb
mcagents/nailyfact.ddl
mcagents/nailyfact.rb
mcagents/net_probe.ddl
mcagents/net_probe.rb
mcagents/puppetd.ddl
mcagents/puppetd.rb
mcagents/puppetsync.ddl
mcagents/puppetsync.rb
mcagents/systemtype.ddl
mcagents/systemtype.rb
mcagents/upload_file.ddl
mcagents/uploadfile.ddl
mcagents/upload_file.rb
mcagents/uploadfile.rb
module.mk
Rakefile
README.md
.rspec
.ruby-version
run_tests.sh
setup-env.sh
spec/example-logs/anaconda.log_
spec/example-logs/main-menu.log_
spec/example-logs/puppet-agent.log.ha.compute
spec/example-logs/puppet-agent.log.ha.contr.1
spec/example-logs/puppet-agent.log.ha.contr.2
spec/example-logs/puppet-agent.log.ha.contr.3
spec/example-logs/puppet-agent.log.multi.compute
spec/example-logs/puppet-agent.log.multi.contr
spec/example-logs/puppet-agent.log.singlenode
spec/integration/mcollective_spec.rb
spec/spec_helper.rb
spec/unit/cobbler_manager_spec.rb
spec/unit/cobbler_spec.rb
spec/unit/deployment_engine_spec.rb
spec/unit/dump_spec.rb
spec/unit/fixtures/common_attrs.rb
spec/unit/fixtures/common_nodes.rb
spec/unit/fixtures/ha_attrs.rb
spec/unit/fixtures/ha_deploy.rb
spec/unit/fixtures/ha_nodes.rb
spec/unit/fixtures/mr_nodes.rb
spec/unit/fixtures/multi_deploy.rb
spec/unit/logparser_spec.rb
spec/unit/mclient_spec.rb
spec/unit/nailyfact_deploy_spec.rb
spec/unit/network_spec.rb
spec/unit/node_spec.rb
spec/unit/nodes_remover_spec.rb
spec/unit/orchestrator_spec.rb
spec/unit/post_deploy_actions_spec.rb
spec/unit/puppetd_spec.rb
spec/unit/redhat_checker_spec.rb
spec/unit/reporter_spec.rb
spec/unit/restart_radosgw_hook_spec.rb
spec/unit/rsyslogd_spec.rb
spec/unit/simplepuppet_deploy_spec.rb
spec/unit/update_cluster_hosts_info_hook_spec.rb
spec/unit/update_no_quorum_policy_spec.rb
spec/unit/upload_cirros_image_hook_spec.rb
TODO.txt
utils/jenkins/astute_rspec_check.sh
