cinder-powervc/bin/cinder-powervc
cinder-powervc/init/openstack-cinder-powervc
cinder-powervc/powervc/__init__.py
cinder-powervc/powervc/volume/driver/__init__.py
cinder-powervc/powervc/volume/driver/powervc.py
cinder-powervc/powervc/volume/driver/service.py
cinder-powervc/powervc/volume/__init__.py
cinder-powervc/powervc/volume/manager/constants.py
cinder-powervc/powervc/volume/manager/__init__.py
cinder-powervc/powervc/volume/manager/manager.py
cinder-powervc/.project
cinder-powervc/.pydevproject
cinder-powervc/run_tests.sh
cinder-powervc/test/cinderclienttest.py
cinder-powervc/test/fake_volume_type.py
cinder-powervc/test/__init__.py
cinder-powervc/test/powervc/__init__.py
cinder-powervc/test/powervc/volume/driver/__init__.py
cinder-powervc/test/powervc/volume/driver/test_powervc_cinder.py
cinder-powervc/test/powervc/volume/__init__.py
cinder-powervc/test/powervc/volume/manager/__init__.py
cinder-powervc/test/powervc/volume/manager/test_manager.py
common-powervc/etc/powervc.conf
common-powervc/logrotate.d/openstack-powervc-driver
common-powervc/powervc/common/client/config.py
common-powervc/powervc/common/client/delegate.py
common-powervc/powervc/common/client/extensions/base.py
common-powervc/powervc/common/client/extensions/cinder.py
common-powervc/powervc/common/client/extensions/glance.py
common-powervc/powervc/common/client/extensions/__init__.py
common-powervc/powervc/common/client/extensions/nova.py
common-powervc/powervc/common/client/factory.py
common-powervc/powervc/common/client/__init__.py
common-powervc/powervc/common/client/patch/cinder.py
common-powervc/powervc/common/client/patch/glance.py
common-powervc/powervc/common/client/patch/__init__.py
common-powervc/powervc/common/client/patch/neutron.py
common-powervc/powervc/common/client/patch/nova.py
common-powervc/powervc/common/client/service.py
common-powervc/powervc/common/config.py
common-powervc/powervc/common/constants.py
common-powervc/powervc/common/exception.py
common-powervc/powervc/common/gettextutils.py
common-powervc/powervc/common/__init__.py
common-powervc/powervc/common/messaging.py
common-powervc/powervc/common/netutils.py
common-powervc/powervc/common/utils.py
common-powervc/powervc/__init__.py
common-powervc/.project
common-powervc/.pydevproject
common-powervc/run_tests.sh
common-powervc/test/common/client/__init__.py
common-powervc/test/common/client/test_cinder.py
common-powervc/test/common/client/test_delegate.py
common-powervc/test/common/client/test_glance.py
common-powervc/test/common/client/test_nova.py
common-powervc/test/common/__init__.py
common-powervc/test/common/powervc_test_1.conf
common-powervc/test/common/powervc_test_2.conf
common-powervc/test/common/test_config.py
common-powervc/test/common/test_messaging.py
common-powervc/test/common/test_netutils.py
common-powervc/test/common/test_utils.py
common-powervc/test/__init__.py
CONTRIBUTING.rst
glance-powervc/bin/glance-powervc
glance-powervc/init/openstack-glance-powervc
glance-powervc/powervc/glance/common/config.py
glance-powervc/powervc/glance/common/constants.py
glance-powervc/powervc/glance/common/__init__.py
glance-powervc/powervc/glance/__init__.py
glance-powervc/powervc/glance/manager/__init__.py
glance-powervc/powervc/glance/manager/manager.py
glance-powervc/powervc/__init__.py
glance-powervc/.project
glance-powervc/.pydevproject
glance-powervc/run_tests.sh
glance-powervc/test/__init__.py
glance-powervc/test/test_glance_client.py.fails
glance-powervc/test/test_messaging.py.fails
LICENSE
neutron-powervc/bin/neutron-powervc
neutron-powervc/bin/neutron-powervc-agent
neutron-powervc/etc/powervc-neutron.conf
neutron-powervc/init/openstack-neutron-powervc
neutron-powervc/powervc/__init__.py
neutron-powervc/powervc/neutron/agent/__init__.py
neutron-powervc/powervc/neutron/agent/neutron_powervc_agent.py
neutron-powervc/powervc/neutron/api/client_rpc.py
neutron-powervc/powervc/neutron/api/__init__.py
neutron-powervc/powervc/neutron/api/powervc_rpc.py
neutron-powervc/powervc/neutron/client/__init__.py
neutron-powervc/powervc/neutron/client/local_os_bindings.py
neutron-powervc/powervc/neutron/client/neutron_client_bindings.py
neutron-powervc/powervc/neutron/client/powervc_bindings.py
neutron-powervc/powervc/neutron/common/constants.py
neutron-powervc/powervc/neutron/common/__init__.py
neutron-powervc/powervc/neutron/common/utils.py
neutron-powervc/powervc/neutron/db/__init__.py
neutron-powervc/powervc/neutron/db/powervc_db_v2.py
neutron-powervc/powervc/neutron/db/powervc_models_v2.py
neutron-powervc/powervc/neutron/__init__.py
neutron-powervc/.project
neutron-powervc/.pydevproject
neutron-powervc/run_tests.sh
neutron-powervc/test/fake_os_network.py
neutron-powervc/test/fake_powervc_network.py
neutron-powervc/test/__init__.py
neutron-powervc/test/rpc_client.py
neutron-powervc/test/rpc_listener.py
neutron-powervc/test/test_neutron_powervc_agent.py
neutron-powervc/test/test_powervc_db_v2.py
neutron-powervc/test/test_PVCRpcCallbacks.py
neutron-powervc/test/test_utils.py
nova-powervc/bin/nova-powervc
nova-powervc/init/openstack-nova-powervc
nova-powervc/pep8.txt
nova-powervc/powervc/__init__.py
nova-powervc/powervc/nova/cmd/compute.py
nova-powervc/powervc/nova/cmd/__init__.py
nova-powervc/powervc/nova/common/config.py
nova-powervc/powervc/nova/common/exception.py
nova-powervc/powervc/nova/common/__init__.py
nova-powervc/powervc/nova/driver/compute/computes.py
nova-powervc/powervc/nova/driver/compute/constants.py
nova-powervc/powervc/nova/driver/compute/__init__.py
nova-powervc/powervc/nova/driver/compute/manager.py
nova-powervc/powervc/nova/driver/compute/task_states.py
nova-powervc/powervc/nova/driver/__init__.py
nova-powervc/powervc/nova/driver/virt/__init__.py
nova-powervc/powervc/nova/driver/virt/powervc/driver.py
nova-powervc/powervc/nova/driver/virt/powervc/__init__.py
nova-powervc/powervc/nova/driver/virt/powervc/pvc_vm_states.py
nova-powervc/powervc/nova/driver/virt/powervc/rpcapi.py
nova-powervc/powervc/nova/driver/virt/powervc/service.py
nova-powervc/powervc/nova/driver/virt/powervc/sync/flavorsync.py
nova-powervc/powervc/nova/driver/virt/powervc/sync/__init__.py
nova-powervc/powervc/nova/extension/extended_powervm.py
nova-powervc/powervc/nova/extension/__init__.py
nova-powervc/powervc/nova/__init__.py
nova-powervc/powervc/utils.py
nova-powervc/.project
nova-powervc/.pydevproject
nova-powervc/run_tests.sh
nova-powervc/test/compute/__init__.py
nova-powervc/test/compute/test_sync_instance.py
nova-powervc/test/fake_ctx.py
nova-powervc/test/fake_os_flavor.py
nova-powervc/test/fake_os_image.py
nova-powervc/test/fake_os_instance.py
nova-powervc/test/fake_pvc_flavor.py
nova-powervc/test/fake_pvc_image.py
nova-powervc/test/fake_pvc_instance.py
nova-powervc/test/__init__.py
nova-powervc/test/nova/driver/__init__.py
nova-powervc/test/nova/driver/virt/__init__.py
nova-powervc/test/nova/driver/virt/powervc/__init__.py
nova-powervc/test/nova/driver/virt/powervc/sync/__init__.py
nova-powervc/test/nova/driver/virt/powervc/sync/testflavorsync.py
nova-powervc/test/nova/driver/virt/powervc/test_driver.py
nova-powervc/test/nova/driver/virt/powervc/test_startvm.py
nova-powervc/test/nova/driver/virt/powervc/test_stopvm.py
nova-powervc/test/nova/__init__.py
nova-powervc/test/sample_pvc_instance.json
nova-powervc/test/test_utils.py
README.rst
