doc/source/conf.py
doc/source/index.rst
LICENSE
MANIFEST.in
muranocommon/helpers/__init__.py
muranocommon/helpers/token_sanitizer.py
muranocommon/__init__.py
muranocommon/messaging/__init__.py
muranocommon/messaging/message.py
muranocommon/messaging/mqclient.py
muranocommon/messaging/subscription.py
muranocommon/mq.py
muranocommon/tests/helpers/__init__.py
muranocommon/tests/helpers/token_sanitizer_tests.py
muranocommon/tests/__init__.py
openstack-common.conf
README.md
README.rst
requirements.txt
setup.cfg
setup.py
.testr.conf
test-requirements.txt
tools/install_venv_common.py
tools/install_venv.py
tools/with_venv.sh
tox.ini
