doc/image-api-v1/imageapioverview.xml
doc/image-api-v1/imagesapigeneralinfo.xml
doc/image-api-v1/imagesapi.xml
doc/image-api-v1/os-image-service-devguide.xml
doc/image-api-v1/pom.xml
doc/image-api-v2/bk-image-api-v2.0.xml
doc/image-api-v2/image-api-v2.0.md
doc/image-api-v2/pom.xml
doc/pom.xml
doc-test.conf
openstack-image-service-api/.DS_Store
openstack-image-service-api/pom.xml
openstack-image-service-api/src/docbkx/.DS_Store
openstack-image-service-api/src/docbkx/imageapioverview.xml
openstack-image-service-api/src/docbkx/imagesapigeneralinfo.xml
openstack-image-service-api/src/docbkx/imagesapi.xml
openstack-image-service-api/src/docbkx/os-image-service-devguide.xml
openstack-image-service-api/src/.DS_Store
openstack-image-service-api/src/markdown/.DS_Store
openstack-image-service-api/src/markdown/image-api-v2.0.md
openstack-image-service-api/src/markdown/images-api-v2.0.md
openstack-image-service-api/src/markdown/pom.xml
openstack-image-service-dev/pom.xml
openstack-image-service-dev/src/docbkx/imageapioverview.xml
openstack-image-service-dev/src/docbkx/imagesapigeneralinfo.xml
openstack-image-service-dev/src/docbkx/imagesapi.xml
openstack-image-service-dev/src/docbkx/os-image-service-devguide.xml
README
README.rst
test-requirements.txt
tools/rfc.sh
tox.ini
