CHANGELOG
examples/all.pp
examples/multi.pp
examples/pre.pp
examples/proxy_keystone.pp
examples/site.pp
ext/swift_keystone_test.rb
ext/swift.rb
files/ringbuilder.sh
files/swift-account.conf.upstart
files/swift-container.conf.upstart
files/swift-container-sync.conf.upstart
files/swift_keystone_test.rb
files/swift-object.conf.upstart
files/swift_tester.rb
.fixtures.yml
Gemfile
.gemfile
lib/puppet/provider/ring_account_device/swift_ring_builder.rb
lib/puppet/provider/ring_container_device/swift_ring_builder.rb
lib/puppet/provider/ring_object_device/swift_ring_builder.rb
lib/puppet/provider/swift_account_config/ini_setting.rb
lib/puppet/provider/swift_bench_config/ini_setting.rb
lib/puppet/provider/swift_config/ini_setting.rb
lib/puppet/provider/swift_container_config/ini_setting.rb
lib/puppet/provider/swift_dispersion_config/ini_setting.rb
lib/puppet/provider/swift_object_config/ini_setting.rb
lib/puppet/provider/swift_proxy_config/ini_setting.rb
lib/puppet/provider/swift_ring_builder.rb
lib/puppet/type/ring_account_device.rb
lib/puppet/type/ring_container_device.rb
lib/puppet/type/ring_object_device.rb
lib/puppet/type/swift_account_config.rb
lib/puppet/type/swift_bench_config.rb
lib/puppet/type/swift_config.rb
lib/puppet/type/swift_container_config.rb
lib/puppet/type/swift_dispersion_config.rb
lib/puppet/type/swift_object_config.rb
lib/puppet/type/swift_proxy_config.rb
LICENSE
manifests/auth_file.pp
manifests/bench.pp
manifests/client.pp
manifests/dispersion.pp
manifests/init.pp
manifests/keystone/auth.pp
manifests/keystone/dispersion.pp
manifests/params.pp
manifests/proxy/account_quotas.pp
manifests/proxy/authtoken.pp
manifests/proxy/bulk.pp
manifests/proxy/cache.pp
manifests/proxy/catch_errors.pp
manifests/proxy/ceilometer.pp
manifests/proxy/container_quotas.pp
manifests/proxy/crossdomain.pp
manifests/proxy/formpost.pp
manifests/proxy/gatekeeper.pp
manifests/proxy/healthcheck.pp
manifests/proxy/keystone.pp
manifests/proxy.pp
manifests/proxy/proxy_logging.pp
manifests/proxy/proxy-logging.pp
manifests/proxy/ratelimit.pp
manifests/proxy/s3token.pp
manifests/proxy/slo.pp
manifests/proxy/staticweb.pp
manifests/proxy/swauth.pp
manifests/proxy/swift3.pp
manifests/proxy/tempauth.pp
manifests/proxy/tempurl.pp
manifests/repo/milestone.pp
manifests/repo/release.pp
manifests/repo/trunk.pp
manifests/ringbuilder/balance.pp
manifests/ringbuilder/create.pp
manifests/ringbuilder.pp
manifests/ringbuilder/rebalance.pp
manifests/ringserver.pp
manifests/ringsync.pp
manifests/storage/account.pp
manifests/storage/all.pp
manifests/storage/container.pp
manifests/storage/device/account.pp
manifests/storage/device/container.pp
manifests/storage/device/object.pp
manifests/storage/device.pp
manifests/storage/disk.pp
manifests/storage/ext4.pp
manifests/storage/filter/healthcheck.pp
manifests/storage/filter/recon.pp
manifests/storage/generic.pp
manifests/storage/generic/upstart.pp
manifests/storage/loopback.pp
manifests/storage/mount.pp
manifests/storage/.mount.pp.swp
manifests/storage/node.pp
manifests/storage/object.pp
manifests/storage.pp
manifests/storage/server.pp
manifests/storage/xfs.pp
manifests/test_file.pp
manifests/xfs.pp
Modulefile
QUESTIONS
Rakefile
README
README.markdown
README.md
spec/classes/swift_bench_spec.rb
spec/classes/swift_client_spec.rb
spec/classes/swift_dispersion_spec.rb
spec/classes/swift_keystone_auth_spec.rb
spec/classes/swift_keystone_dispersion_spec.rb
spec/classes/swift_proxy_account_quotas_spec.rb
spec/classes/swift_proxy_authtoken_spec.rb
spec/classes/swift_proxy_bulk_spec.rb
spec/classes/swift_proxy_cache_spec.rb
spec/classes/swift_proxy_catch_errors_spec.rb
spec/classes/swift_proxy_ceilometer_spec.rb
spec/classes/swift_proxy_container_quotas_spec.rb
spec/classes/swift_proxy_crossdomain_spec.rb
spec/classes/swift_proxy_formpost_spec.rb
spec/classes/swift_proxy_gatekeeper_spec.rb
spec/classes/swift_proxy_healthcheck_spec.rb
spec/classes/swift_proxy_keystone_spec.rb
spec/classes/swift_proxy_ratelimit_spec.rb
spec/classes/swift_proxy_s3token_spec.rb
spec/classes/swift_proxy_slo_spec.rb
spec/classes/swift_proxy_spec.rb
spec/classes/swift_proxy_staticweb_spec.rb
spec/classes/swift_proxy_swauth_spec.rb
spec/classes/swift_proxy_swift3_spec.rb
spec/classes/swift_proxy_tempurl_spec.rb
spec/classes/swift_repo_milestone_spec.rb
spec/classes/swift_repo_release_spec.rb
spec/classes/swift_repo_trunk_spec.rb
spec/classes/swift_ringbuilder_spec.rb
spec/classes/swift_ringserver_spec.rb
spec/classes/swift_spec.rb
spec/classes/swift_storage_account_spec.rb
spec/classes/swift_storage_all_spec.rb
spec/classes/swift_storage_container_spec.rb
spec/classes/swift_storage_object_spec.rb
spec/classes/swift_storage_spec.rb
spec/classes/.swift_storage_spec.rb.swp
spec/classes/swift_test_file_spec.rb
spec/classes/swift_xfs_spec.rb
spec/defines/swift_ringbuilder_create_spec.rb
spec/defines/swift_ringbuilder_rebalance_spec.rb
spec/defines/swift_storage_disk_spec.rb
spec/defines/swift_storage_filter_healthcheck_spec.rb
spec/defines/swift_storage_filter_recon_spec.rb
spec/defines/swift_storage_generic_spec.rb
spec/defines/swift_storage_loopback_spec.rb
spec/defines/swift_storage_mount_spec.rb
spec/defines/swift_storage_node_spec.rb
spec/defines/swift_storage_server_spec.rb
spec/defines/swift_storage_xfs_spec.rb
spec/fixtures/default_proxy_server
spec/fixtures/manifests/site.pp
spec/fixtures/modules/swift
spec/fixtures/swauth_default_proxy_server
spec/fixtures/swauth_overrides_proxy_server
spec/shared_examples.rb
spec/spec_helper.rb
spec/spec.opts
spec/unit/puppet/provider/swift_ring_builder_spec.rb
spec/unit/puppet/type/ring_account_device_spec.rb
spec/unit/puppet/type/ring_container_device_spec.rb
spec/unit/puppet/type/ring_object_device_spec.rb
templates/account-server.conf.erb
templates/container-server.conf.erb
templates/dispersion.conf.erb
templates/object-server.conf.erb
templates/proxy/account_quotas.conf.erb
templates/proxy/authtoken.conf.erb
templates/proxy/bulk.conf.erb
templates/proxy/cache.conf.erb
templates/proxy/catch_errors.conf.erb
templates/proxy/ceilometer.conf.erb
templates/proxy/container_quotas.conf.erb
templates/proxy/crossdomain.conf.erb
templates/proxy/formpost.conf.erb
templates/proxy/gatekeeper.conf.erb
templates/proxy/healthcheck.conf.erb
templates/proxy/keystone.conf.erb
templates/proxy/proxy-logging.conf.erb
templates/proxy/ratelimit.conf.erb
templates/proxy/s3token.conf.erb
templates/proxy-server.conf.erb
templates/proxy/slo.conf.erb
templates/proxy/staticweb.conf.erb
templates/proxy/swauth.conf.erb
templates/proxy/swift3.conf.erb
templates/proxy/tempauth.conf.erb
templates/proxy/tempurl.conf.erb
templates/recon.conf.erb
templates/rsyncd.conf.erb
templates/swift-bench.conf.erb
templates/swift.conf.erb
templates/swift_keystone_test.erb
tests/all.pp
tests/site.pp
TODO
.travis.yml
