ChangeLog
client_api_example.py
debian/changelog
debian/compat
debian/control
debian/copyright
debian/rules
HACKING.rst
LICENSE
MANIFEST.in
monascaclient/client.py
monascaclient/common/http.py
monascaclient/common/__init__.py
monascaclient/common/monasca_manager.py
monascaclient/common/utils.py
monascaclient/exc.py
monascaclient/__init__.py
monascaclient/openstack/common/apiclient/base.py
monascaclient/openstack/common/apiclient/exceptions.py
monascaclient/openstack/common/apiclient/__init__.py
monascaclient/openstack/common/gettextutils.py
monascaclient/openstack/common/importutils.py
monascaclient/openstack/common/__init__.py
monascaclient/openstack/common/jsonutils.py
monascaclient/openstack/common/py3kcompat/__init__.py
monascaclient/openstack/common/py3kcompat/urlutils.py
monascaclient/openstack/common/strutils.py
monascaclient/openstack/common/timeutils.py
monascaclient/openstack/__init__.py
monascaclient/shell.py
monascaclient/tests/fakes.py
monascaclient/tests/__init__.py
monascaclient/tests/test_shell.py
monascaclient/v2_0/alarms.py
monascaclient/v2_0/client.py
monascaclient/v2_0/__init__.py
monascaclient/v2_0/metrics.py
monascaclient/v2_0/notifications.py
monascaclient/v2_0/shell.py
monclient/client.py
monclient/common/http.py
monclient/common/__init__.py
monclient/common/mon_manager.py
monclient/common/utils.py
monclient/exc.py
monclient/__init__.py
monclient/openstack/common/apiclient/base.py
monclient/openstack/common/apiclient/exceptions.py
monclient/openstack/common/apiclient/__init__.py
monclient/openstack/common/gettextutils.py
monclient/openstack/common/importutils.py
monclient/openstack/common/__init__.py
monclient/openstack/common/jsonutils.py
monclient/openstack/common/py3kcompat/__init__.py
monclient/openstack/common/py3kcompat/urlutils.py
monclient/openstack/common/strutils.py
monclient/openstack/common/timeutils.py
monclient/openstack/__init__.py
monclient/shell.py
monclient/tests/fakes.py
monclient/tests/__init__.py
monclient/tests/test_shell.py
monclient/v2_0/alarms.py
monclient/v2_0/client.py
monclient/v2_0/__init__.py
monclient/v2_0/metrics.py
monclient/v2_0/notifications.py
monclient/v2_0/shell.py
openstack-common.conf
README.rst
requirements.txt
run_tests.sh
setup.cfg
setup.py
.testr.conf
test-requirements.txt
tools/install_venv_common.py
tools/install_venv.py
tools/monasca.bash_completion
tools/mon.bash_completion
tools/requirements_style_check.sh
tools/with_venv.sh
tox.ini
