about/__init__.py
about/static/css/bootstrap.css
about/static/css/bootstrap.min.css
about/static/css/bootstrap-responsive.css
about/static/css/bootstrap-responsive.min.css
about/static/js/bootstrap.js
about/static/js/bootstrap.min.js
about/static/js/jquery.min.js
about/templates/about.base.html
about/templates/about.welcome.html
about/templates/base.html
about/urls.py
about/views.py
CONTRIBUTING.rst
.coveragerc
doc/source/conf.py
doc/source/contributing.rst
doc/source/index.rst
doc/source/installation.rst
doc/source/install/development.rst
doc/source/install/index.rst
doc/source/install/manual.rst
doc/source/readme.rst
doc/source/webapi/v1.rst
doc/source/webclient.rst
etc/projects.yaml.sample
etc/storyboard.conf
etc/storyboard.conf.sample
etc/superusers.yaml.sample
LICENSE
manage.py
MANIFEST.in
openstack-common.conf
projects/admin.py
projects/__init__.py
projects/models.py
projects/templates/projects.base.html
projects/templates/projects.dashboard.html
projects/templates/projects.list.html
projects/templates/projects.list_tasks.html
projects/templates/projects.project.html
projects/templates/projects.view.html
projects/urls.py
projects/views.py
README.rst
requirements.txt
setup.cfg
setup.py
stories/admin.py
stories/__init__.py
stories/models.py
stories/templates/stories.base.html
stories/templates/stories.dashboard.html
stories/templates/stories.modal_addstory.html
stories/templates/stories.modal_addtask.html
stories/templates/stories.modal_deltask.html
stories/templates/stories.modal_editprio.html
stories/templates/stories.modal_editstory.html
stories/templates/stories.modal_edittask.html
stories/templates/stories.view.html
stories/templatetags/__init__.py
stories/templatetags/storypriofilters.py
stories/templatetags/storyviewfilters.py
stories/tests.py
stories/urls.py
stories/views.py
storyboard/about/__init__.py
storyboard/about/static/css/bootstrap.css
storyboard/about/static/css/bootstrap.min.css
storyboard/about/static/css/bootstrap-responsive.css
storyboard/about/static/css/bootstrap-responsive.min.css
storyboard/about/static/js/bootstrap.js
storyboard/about/static/js/bootstrap.min.js
storyboard/about/static/js/common.js
storyboard/about/static/js/jquery.cookie.js
storyboard/about/static/js/jquery.min.js
storyboard/about/static/js/ordering.js
storyboard/about/static/js/pagination.js
storyboard/about/templates/about.base.html
storyboard/about/templates/about.welcome.html
storyboard/about/templates/base.html
storyboard/about/urls.py
storyboard/about/views.py
storyboard/api/app.py
storyboard/api/app.wsgi
storyboard/api/auth/auth_controller.py
storyboard/api/auth/authorization_checks.py
storyboard/api/auth/__init__.py
storyboard/api/auth/memory_storage.py
storyboard/api/auth/oauth_validator.py
storyboard/api/auth/openid_client.py
storyboard/api/auth/storage.py
storyboard/api/auth/token_storage/db_storage.py
storyboard/api/auth/token_storage/impls.py
storyboard/api/auth/token_storage/__init__.py
storyboard/api/auth/token_storage/memory_storage.py
storyboard/api/auth/token_storage/storage.py
storyboard/api/auth/utils.py
storyboard/api/config.py
storyboard/api/__init__.py
storyboard/api/middleware/__init__.py
storyboard/api/middleware/resource_hook.py
storyboard/api/middleware/token_middleware.py
storyboard/api/middleware/user_id_hook.py
storyboard/api/root_controller.py
storyboard/api/v1/auth.py
storyboard/api/v1/base.py
storyboard/api/v1/comments.py
storyboard/api/v1/__init__.py
storyboard/api/v1/project_groups.py
storyboard/api/v1/projects.py
storyboard/api/v1/search/impls.py
storyboard/api/v1/search/__init__.py
storyboard/api/v1/search/search_engine.py
storyboard/api/v1/search/sqlalchemy_impl.py
storyboard/api/v1/stories.py
storyboard/api/v1/subscriptions.py
storyboard/api/v1/tasks.py
storyboard/api/v1/teams.py
storyboard/api/v1/timeline.py
storyboard/api/v1/users.py
storyboard/api/v1/v1_controller.py
storyboard/api/v1/wsme_models.py
storyboard/common/custom_types.py
storyboard/common/event_resolvers.py
storyboard/common/event_types.py
storyboard/common/exception.py
storyboard/common/__init__.py
storyboard/common/migration_patch.py
storyboard/common/user_utils.py
storyboard/db/api/auth.py
storyboard/db/api/base.py
storyboard/db/api/comments.py
storyboard/db/api/__init__.py
storyboard/db/api/project_groups.py
storyboard/db/api/projects.py
storyboard/db/api.py
storyboard/db/api/stories.py
storyboard/db/api/subscriptions.py
storyboard/db/api/tasks.py
storyboard/db/api/teams.py
storyboard/db/api/timeline_events.py
storyboard/db/api/users.py
storyboard/db/__init__.py
storyboard/db/launchpad_loader.py
storyboard/db/migration/alembic.ini
storyboard/db/migration/alembic_migrations/env.py
storyboard/db/migration/alembic_migrations/__init__.py
storyboard/db/migration/alembic_migrations/script.py.mako
storyboard/db/migration/alembic_migrations/versions/001_initial_version.py
storyboard/db/migration/alembic_migrations/versions/002_user_update.py
storyboard/db/migration/alembic_migrations/versions/003_deletion_states.py
storyboard/db/migration/alembic_migrations/versions/004_expand_project_description.py
storyboard/db/migration/alembic_migrations/versions/005_is_active_defaults.py
storyboard/db/migration/alembic_migrations/versions/006_user_fullname.py
storyboard/db/migration/alembic_migrations/versions/007_is_active_in_comments.py
storyboard/db/migration/alembic_migrations/versions/008_drop_legacy_tables.py
storyboard/db/migration/alembic_migrations/versions/009_authorization_models.py
storyboard/db/migration/alembic_migrations/versions/009_remove_legacy_priority.py
storyboard/db/migration/alembic_migrations/versions/010_remove_legacy_priority.py
storyboard/db/migration/alembic_migrations/versions/011_authorization_models.py
storyboard/db/migration/alembic_migrations/versions/012_task_states.py
storyboard/db/migration/alembic_migrations/versions/013_hard_delete_auth.py
storyboard/db/migration/alembic_migrations/versions/014_hard_delete_tasks.py
storyboard/db/migration/alembic_migrations/versions/015_hard_delete_stories.py
storyboard/db/migration/alembic_migrations/versions/016_task_creator.py
storyboard/db/migration/alembic_migrations/versions/016_timeline_events.py
storyboard/db/migration/alembic_migrations/versions/017_timeline_events.py
storyboard/db/migration/alembic_migrations/versions/018_task_priority.py
storyboard/db/migration/alembic_migrations/versions/019_refresh_token_expiration.py
storyboard/db/migration/alembic_migrations/versions/020_project_names_validation.py
storyboard/db/migration/alembic_migrations/versions/021_subscription.py
storyboard/db/migration/alembic_migrations/versions/022_fulltext_indexes.py
storyboard/db/migration/alembic_migrations/versions/023_story_tags.py
storyboard/db/migration/alembic_migrations/versions/128470dcd02f_is_active_defaults.py
storyboard/db/migration/alembic_migrations/versions/18708bcdc0fe_initial_version.py
storyboard/db/migration/alembic_migrations/versions/21645ef1040f_deletion_states.py
storyboard/db/migration/alembic_migrations/versions/34125307b182_expand_project_description.py
storyboard/db/migration/alembic_migrations/versions/399f57edc6b6_user_update.py
storyboard/db/migration/cli.py
storyboard/db/migration/__init__.py
storyboard/db/models.py
storyboard/db/projects_loader.py
storyboard/db/superusers_loader.py
storyboard/__init__.py
storyboard/local_settings.py.sample
storyboard/notifications/conf.py
storyboard/notifications/connection_service.py
storyboard/notifications/__init__.py
storyboard/notifications/publisher.py
storyboard/notifications/subscriber.py
storyboard/openstack/common/context.py
storyboard/openstack/common/db/api.py
storyboard/openstack/common/db/exception.py
storyboard/openstack/common/db/__init__.py
storyboard/openstack/common/db/options.py
storyboard/openstack/common/db/sqlalchemy/__init__.py
storyboard/openstack/common/db/sqlalchemy/migration.py
storyboard/openstack/common/db/sqlalchemy/models.py
storyboard/openstack/common/db/sqlalchemy/provision.py
storyboard/openstack/common/db/sqlalchemy/session.py
storyboard/openstack/common/db/sqlalchemy/test_base.py
storyboard/openstack/common/db/sqlalchemy/test_migrations.py
storyboard/openstack/common/db/sqlalchemy/utils.py
storyboard/openstack/common/excutils.py
storyboard/openstack/common/fileutils.py
storyboard/openstack/common/fixture/config.py
storyboard/openstack/common/fixture/__init__.py
storyboard/openstack/common/fixture/lockutils.py
storyboard/openstack/common/fixture/logging.py
storyboard/openstack/common/fixture/mockpatch.py
storyboard/openstack/common/fixture/moxstubout.py
storyboard/openstack/common/gettextutils.py
storyboard/openstack/common/importutils.py
storyboard/openstack/common/__init__.py
storyboard/openstack/common/jsonutils.py
storyboard/openstack/common/local.py
storyboard/openstack/common/lockutils.py
storyboard/openstack/common/log.py
storyboard/openstack/common/processutils.py
storyboard/openstack/common/py3kcompat/__init__.py
storyboard/openstack/common/py3kcompat/urlutils.py
storyboard/openstack/common/test.py
storyboard/openstack/common/timeutils.py
storyboard/openstack/__init__.py
storyboard/projects/admin.py
storyboard/projects/__init__.py
storyboard/projects/models.py
storyboard/projects/templates/projects.base.html
storyboard/projects/templates/projects.dashboard.html
storyboard/projects/templates/projects.group.html
storyboard/projects/templates/projects.list.html
storyboard/projects/templates/projects.list_tasks.html
storyboard/projects/templates/projects.project.html
storyboard/projects/urls.py
storyboard/projects/utils.py
storyboard/projects/views.py
storyboard/settings.py
storyboard/stories/admin.py
storyboard/stories/__init__.py
storyboard/stories/models.py
storyboard/stories/templates/stories.base.html
storyboard/stories/templates/stories.dashboard.html
storyboard/stories/templates/stories.modal_addstory.html
storyboard/stories/templates/stories.modal_addtask.html
storyboard/stories/templates/stories.modal_deltask.html
storyboard/stories/templates/stories.modal_editprio.html
storyboard/stories/templates/stories.modal_editstory.html
storyboard/stories/templates/stories.modal_edittask.html
storyboard/stories/templates/stories.view.html
storyboard/stories/templatetags/__init__.py
storyboard/stories/templatetags/storyviewfilters.py
storyboard/stories/tests.py
storyboard/stories/urls.py
storyboard/stories/utils.py
storyboard/stories/views.py
storyboard/tests/api/__init__.py
storyboard/tests/api/test_comments.py
storyboard/tests/api/test_project_groups.py
storyboard/tests/api/test_projects.py
storyboard/tests/api/test_stories.py
storyboard/tests/api/test_tasks.py
storyboard/tests/api/utils.py
storyboard/tests/base.py
storyboard/tests/db/db_fixture.py
storyboard/tests/db/__init__.py
storyboard/tests/db/migration/__init__.py
storyboard/tests/db/migration/test_db_manage_cli.py
storyboard/tests/db/migration/test_migrations_base.py
storyboard/tests/db/migration/test_migrations.conf
storyboard/tests/db/migration/test_migrations.py
storyboard/tests/db/migration/test_unique_revisions.py
storyboard/tests/db/test_db_api.py
storyboard/tests/db/test_load_projects.py
storyboard/tests/__init__.py
storyboard/tests/test_db_migration.py
storyboard/tests/test_stories.py
storyboard/urls.py
storyboard/wsgi.py
.testr.conf
test-requirements.txt
tox.ini
