CONTRIBUTING.rst
doc/source/cfgfilter.rst
doc/source/cfg.rst
doc/source/configopts.rst
doc/source/conf.py
doc/source/exceptions.rst
doc/source/fixture.rst
doc/source/generator.rst
doc/source/helpers.rst
doc/source/index.rst
doc/source/opts.rst
doc/source/parser.rst
doc/source/static/basic.css
doc/source/static/default.css
doc/source/static/header-line.gif
doc/source/static/jquery.tweet.js
doc/source/static/nature.css
doc/source/static/tweaks.css
doc/source/styleguide.rst
doc/source/_templates/.placeholder
doc/source/_theme/layout.html
doc/source/_theme/theme.conf
doc/source/types.rst
LICENSE
magic/__init__.py
magic/openstack/common/__init__.py
magic/openstack/common/setup.py
magic/openstack/__init__.py
MANIFEST.in
openstack/common/cfg.py
openstack-common.conf
openstack/common/iniparser.py
oslo/config/cfgfilter.py
oslo/config/cfg.py
oslo/config/fixture.py
oslo/config/generator.py
oslo/config/iniparser.py
oslo/config/__init__.py
oslo/config/types.py
oslo/__init__.py
README
README.rst
requirements.txt
setup.cfg
setup.py
.testr.conf
test-requirements-py3.txt
test-requirements.txt
tests/__init__.py
tests/test_cfgfilter.py
tests/test_cfg.py
tests/test_fixture.py
tests/test_generator.py
tests/test_iniparser.py
tests/testmods/bar_foo_opt.py
tests/testmods/baz_qux_opt.py
tests/testmods/blaa_opt.py
tests/testmods/fbaar_baa_opt.py
tests/testmods/fbar_foo_opt.py
tests/testmods/fblaa_opt.py
tests/testmods/__init__.py
tests/test_types.py
tests/unit/test_cfg.py
tests/unit/test_iniparser.py
tests/utils.py
tools/lint.py
tools/pip-requires
tools/run_cross_tests.sh
tools/test-requires
tox.ini
