bin/oslo-rootwrap
bin/oslo-rpc-zmq-receiver
bin/oslo-zmq-receiver
bin/skeleton-api
common/config.py
common/context.py
common/exception.py
common/__init__.py
common/middleware/context.py
common/middleware/__init__.py
common/utils.py
common/wsgi.py
contrib/redhat-eventlet.patch
.coveragerc
doc/source/conf.py
doc/source/index.rst
doc/source/_static/basic.css
doc/source/static/basic.css
doc/source/_static/default.css
doc/source/static/default.css
doc/source/static/header-line.gif
doc/source/_static/jquery.tweet.js
doc/source/static/jquery.tweet.js
doc/source/static/nature.css
doc/source/_static/tweaks.css
doc/source/static/tweaks.css
doc/source/_templates/.placeholder
doc/source/_theme/layout.html
doc/source/_theme/theme.conf
etc/openstack-common.conf.test
etc/oslo/rootwrap.conf
etc/.placeholder
etc/skeleton-api.conf
HACKING.rst
__init__.py
LICENSE
MAINTAINERS
MANIFEST.in
obsolete.txt
openstack/common/apiclient/auth.py
openstack/common/apiclient/base.py
openstack/common/apiclient/client.py
openstack/common/apiclient/exceptions.py
openstack/common/apiclient/fake_client.py
openstack/common/apiclient/__init__.py
openstack/common/authutils.py
openstack/common/cache/_backends/__init__.py
openstack/common/cache/_backends/memory.py
openstack/common/cache/backends.py
openstack/common/cache/cache.py
openstack/common/cache/__init__.py
openstack/common/cfgfilter.py
openstack/common/cfg.py
openstack/common/cliutils.py
openstack/common/config/generator.py
openstack/common/config/__init__.py
openstack/common/config.py
openstack/common/context.py
openstack/common/crypto/__init__.py
openstack/common/crypto/utils.py
openstack/common/db/api.py
openstack/common/db/common.py
openstack/common/db/exception.py
openstack/common/db/__init__.py
openstack/common/db/options.py
openstack/common/db/sqlalchemy/__init__.py
openstack/common/db/sqlalchemy/migration_cli/ext_alembic.py
openstack/common/db/sqlalchemy/migration_cli/ext_base.py
openstack/common/db/sqlalchemy/migration_cli/ext_migrate.py
openstack/common/db/sqlalchemy/migration_cli/__init__.py
openstack/common/db/sqlalchemy/migration_cli/manager.py
openstack/common/db/sqlalchemy/migration.py
openstack/common/db/sqlalchemy/models.py
openstack/common/db/sqlalchemy/provision.py
openstack/common/db/sqlalchemy/session.py
openstack/common/db/sqlalchemy/test_base.py
openstack/common/db/sqlalchemy/test_migrations.conf
openstack/common/db/sqlalchemy/test_migrations.py
openstack/common/db/sqlalchemy/utils.py
openstack/common/deprecated/__init__.py
openstack/common/deprecated/wsgi.py
openstack/common/eventlet_backdoor.py
openstack/common/exception.py
openstack/common/excutils.py
openstack/common/extensions.py
openstack/common/fileutils.py
openstack/common/fixture/config.py
openstack/common/fixture/__init__.py
openstack/common/fixture/lockutils.py
openstack/common/fixture/logging.py
openstack/common/fixture/mockpatch.py
openstack/common/fixture/moxstubout.py
openstack/common/funcutils.py
openstack/common/gettextutils.py
openstack/common/hooks.py
openstack/common/imageutils.py
openstack/common/importutils.py
openstack/common/iniparser.py
openstack/common/__init__.py
openstack/common/jsonutils.py
openstack/common/local.py
openstack/common/lockutils.py
openstack/common/log_handler.py
openstack/common/log.py
openstack/common/loopingcall.py
openstack/common/manager.py
openstack/common/memorycache.py
openstack/common/middleware/audit.py
openstack/common/middleware/base.py
openstack/common/middleware/catch_errors.py
openstack/common/middleware/context.py
openstack/common/middleware/correlation_id.py
openstack/common/middleware/debug.py
openstack/common/middleware/__init__.py
openstack/common/middleware/notifier.py
openstack/common/middleware/request_id.py
openstack/common/middleware/sizelimit.py
openstack/common/network_utils.py
openstack/common/notifier/api.py
openstack/common/notifier/__init__.py
openstack/common/notifier/list_notifier.py
openstack/common/notifier/log_notifier.py
openstack/common/notifier/no_op_notifier.py
openstack/common/notifier/proxy.py
openstack/common/notifier/rabbit_notifier.py
openstack/common/notifier/rpc_notifier2.py
openstack/common/notifier/rpc_notifier.py
openstack/common/notifier/test_notifier.py
openstack/common/pastedeploy.py
openstack/common/periodic_task.py
openstack/common/plugin/callbackplugin.py
openstack/common/plugin/__init__.py
openstack/common/plugin/pluginmanager.py
openstack/common/plugin/plugin.py
openstack/common/policy.py
openstack/common/processutils.py
openstack/common/py3kcompat/__init__.py
openstack/common/py3kcompat/urlutils.py
openstack/common/quota.py
openstack/common/report/generators/conf.py
openstack/common/report/generators/__init__.py
openstack/common/report/generators/threading.py
openstack/common/report/generators/version.py
openstack/common/report/guru_meditation_report.py
openstack/common/report/__init__.py
openstack/common/report/models/base.py
openstack/common/report/models/conf.py
openstack/common/report/models/__init__.py
openstack/common/report/models/threading.py
openstack/common/report/models/version.py
openstack/common/report/models/with_default_views.py
openstack/common/report/report.py
openstack/common/report/utils.py
openstack/common/report/views/__init__.py
openstack/common/report/views/jinja_view.py
openstack/common/report/views/json/generic.py
openstack/common/report/views/json/__init__.py
openstack/common/report/views/text/generic.py
openstack/common/report/views/text/header.py
openstack/common/report/views/text/__init__.py
openstack/common/report/views/text/threading.py
openstack/common/report/views/xml/generic.py
openstack/common/report/views/xml/__init__.py
openstack/common/request_utils.py
openstack/common/rootwrap/cmd.py
openstack/common/rootwrap/filters.py
openstack/common/rootwrap/__init__.py
openstack/common/rootwrap/wrapper.py
openstack/common/rpc/amqp.py
openstack/common/rpc/common.py
openstack/common/rpc/dispatcher.py
openstack/common/rpc/impl_fake.py
openstack/common/rpc/impl_kombu.py
openstack/common/rpc/impl_qpid.py
openstack/common/rpc/impl_zmq.py
openstack/common/rpc/__init__.py
openstack/common/rpc/matchmaker.py
openstack/common/rpc/matchmaker_redis.py
openstack/common/rpc/matchmaker_ring.py
openstack/common/rpc/proxy.py
openstack/common/rpc/securemessage.py
openstack/common/rpc/serializer.py
openstack/common/rpc/service.py
openstack/common/rpc/zmq_receiver.py
openstack/common/scheduler/base_filter.py
openstack/common/scheduler/base_handler.py
openstack/common/scheduler/base_weight.py
openstack/common/scheduler/filter.py
openstack/common/scheduler/filters/availability_zone_filter.py
openstack/common/scheduler/filters/capabilities_filter.py
openstack/common/scheduler/filters/extra_specs_ops.py
openstack/common/scheduler/filters/ignore_attempted_hosts_filter.py
openstack/common/scheduler/filters/__init__.py
openstack/common/scheduler/filters/json_filter.py
openstack/common/scheduler/__init__.py
openstack/common/scheduler/weight.py
openstack/common/scheduler/weights/__init__.py
openstack/common/service.py
openstack/common/setup.py
openstack/common/sslutils.py
openstack/common/strutils.py
openstack/common/systemd.py
openstack/common/test.py
openstack/common/testutils.py
openstack/common/threadgroup.py
openstack/common/timeutils.py
openstack/common/units.py
openstack/common/utils.py
openstack/common/uuidutils.py
openstack/common/version.py
openstack/common/versionutils.py
openstack/common/wsgi.py
openstack/common/xmlutils.py
openstack/__init__.py
openstack/paste/commands.py
openstack/paste/__init__.py
openstack/paste/templates/__init__.py
openstack/paste/templates/openstack/bin/+package+-api_tmpl
openstack/paste/templates/openstack/bin/skeleton-api
openstack/paste/templates/openstack/doc/source/conf.py
openstack/paste/templates/openstack/doc/source/conf.py_tmpl
openstack/paste/templates/openstack/doc/source/index.rst
openstack/paste/templates/openstack/doc/source/index.rst_tmpl
openstack/paste/templates/openstack/doc/source/_static/basic.css
openstack/paste/templates/openstack/doc/source/_static/default.css
openstack/paste/templates/openstack/doc/source/_static/jquery.tweet.js
openstack/paste/templates/openstack/doc/source/_static/tweaks.css
openstack/paste/templates/openstack/doc/source/_templates/.placeholder
openstack/paste/templates/openstack/doc/source/_theme/layout.html
openstack/paste/templates/openstack/doc/source/_theme/theme.conf
openstack/paste/templates/openstack/etc/+package+-api.conf
openstack/paste/templates/openstack/etc/skeleton-api.conf
openstack/paste/templates/openstack/openstack/common/config.py
openstack/paste/templates/openstack/openstack/common/context.py
openstack/paste/templates/openstack/openstack/common/exception.py
openstack/paste/templates/openstack/openstack/common/__init__.py
openstack/paste/templates/openstack/openstack/common/middleware/context.py
openstack/paste/templates/openstack/openstack/common/middleware/__init__.py
openstack/paste/templates/openstack/openstack/common/utils.py
openstack/paste/templates/openstack/openstack/common/wsgi.py
openstack/paste/templates/openstack/openstack/__init__.py
openstack/paste/templates/openstack/+package+/api/__init__.py
openstack/paste/templates/openstack/+package+/api/middleware/__init__.py
openstack/paste/templates/openstack/+package+/api/v1/__init__.py
openstack/paste/templates/openstack/+package+/__init__.py
openstack/paste/templates/openstack/+package+/version.py
openstack/paste/templates/openstack/+package+/version.py_tmpl
openstack/paste/templates/openstack/setup.cfg
openstack/paste/templates/openstack/setup.cfg_tmpl
openstack/paste/templates/openstack/setup.py
openstack/paste/templates/openstack/setup.py_tmpl
openstack/paste/templates/openstack/skeleton/api/__init__.py
openstack/paste/templates/openstack/skeleton/api/middleware/__init__.py
openstack/paste/templates/openstack/skeleton/api/v1/__init__.py
openstack/paste/templates/openstack/skeleton/__init__.py
openstack/paste/templates/openstack/skeleton/version.py
openstack/paste/templates/openstack/tests/functional/__init__.py
openstack/paste/templates/openstack/tests/__init__.py
openstack/paste/templates/openstack/tests/unit/__init__.py
pypi/oslo/__init__.py
pypi/setup.py
README
README.rst
requirements-py3.txt
requirements.txt
run_tests.py
run_tests.sh
setup.cfg
setup.py
skeleton/api/__init__.py
skeleton/api/middleware/__init__.py
skeleton/api/v1/__init__.py
skeleton/__init__.py
skeleton/version.py
TESTING.rst
.testr.conf
test-requirements-py3.txt
test-requirements.txt
tests/functional/__init__.py
tests/__init__.py
tests/testmods/baar_baa_opt.py
tests/testmods/bar_foo_opt.py
tests/testmods/baz_qux_opt.py
tests/testmods/blaa_opt.py
tests/testmods/fbaar_baa_opt.py
tests/testmods/fbar_foo_opt.py
tests/testmods/fblaa_opt.py
tests/testmods/i18n_opt.py
tests/testmods/__init__.py
tests/testmods/unicode_opt.py
tests/unit/apiclient/__init__.py
tests/unit/apiclient/test_auth.py
tests/unit/apiclient/test_base.py
tests/unit/apiclient/test_client.py
tests/unit/apiclient/test_exceptions.py
tests/unit/cache/base.py
tests/unit/cache/__init__.py
tests/unit/cache/test_cache.py
tests/unit/cache/test_memory.py
tests/unit/config/broken_opts_lib.py
tests/unit/config/__init__.py
tests/unit/config/test_generator.py
tests/unit/crypto/__init__.py
tests/unit/crypto/test_utils.py
tests/unit/db/__init__.py
tests/unit/db/sqlalchemy/base.py
tests/unit/db/sqlalchemy/__init__.py
tests/unit/db/sqlalchemy/test_migrate_cli.py
tests/unit/db/sqlalchemy/test_migrate.py
tests/unit/db/sqlalchemy/test_migration_common.py
tests/unit/db/sqlalchemy/test_migrations.conf
tests/unit/db/sqlalchemy/test_migrations.py
tests/unit/db/sqlalchemy/test_models.py
tests/unit/db/sqlalchemy/test_options.py
tests/unit/db/sqlalchemy/test_sqlalchemy.py
tests/unit/db/sqlalchemy/test_utils.py
tests/unit/db/test_api.py
tests/unit/deprecated/__init__.py
tests/unit/deprecated/test_wsgi.py
tests/unit/extensions/foxinsocks.py
tests/unit/extensions/__init__.py
tests/unit/extension_stubs.py
tests/unit/fake/__init__.py
tests/unit/fakes.py
tests/unit/fixture/__init__.py
tests/unit/fixture/test_config.py
tests/unit/fixture/test_logging.py
tests/unit/fixture/test_mockpatch.py
tests/unit/__init__.py
tests/unit/middleware/__init__.py
tests/unit/middleware/test_audit.py
tests/unit/middleware/test_catch_errors.py
tests/unit/middleware/test_context.py
tests/unit/middleware/test_correlation_id.py
tests/unit/middleware/test_notifier.py
tests/unit/middleware/test_request_id.py
tests/unit/middleware/test_sizelimit.py
tests/unit/notifier/__init__.py
tests/unit/notifier/test_list_notifier.py
tests/unit/plugin/__init__.py
tests/unit/plugin/test_callback_plugin.py
tests/unit/reports/__init__.py
tests/unit/reports/test_base_report.py
tests/unit/reports/test_guru_meditation_report.py
tests/unit/reports/test_openstack_generators.py
tests/unit/reports/test_views.py
tests/unit/rpc/amqp.py
tests/unit/rpc/common.py
tests/unit/rpc/__init__.py
tests/unit/rpc/matchmaker_common.py
tests/unit/rpc/test_common.py
tests/unit/rpc/test_dispatcher.py
tests/unit/rpc/test_fake.py
tests/unit/rpc/test_kombu.py
tests/unit/rpc/test_kombu_ssl.py
tests/unit/rpc/test_matchmaker.py
tests/unit/rpc/test_matchmaker_redis.py
tests/unit/rpc/test_proxy.py
tests/unit/rpc/test_qpid.py
tests/unit/rpc/test_securemessage.py
tests/unit/rpc/test_service.py
tests/unit/rpc/test_zmq.py
tests/unit/scheduler/fake_hosts.py
tests/unit/scheduler/__init__.py
tests/unit/scheduler/test_base_filter.py
tests/unit/scheduler/test_host_filters.py
tests/unit/scheduler/test_weights.py
tests/unit/test_authutils.py
tests/unit/test_cfgfilter.py
tests/unit/test_cfg.py
tests/unit/test_cliutils.py
tests/unit/test_compat.py
tests/unit/test_config.py
tests/unit/test_context.py
tests/unit/test_deprecated.py
tests/unit/test_eventlet_backdoor.py
tests/unit/test_exception.py
tests/unit/test_excutils.py
tests/unit/test_extensions.py
tests/unit/test_fileutils.py
tests/unit/test_funcutils.py
tests/unit/test_gettext.py
tests/unit/test_hooks.py
tests/unit/test_imageutils.py
tests/unit/test_importutils.py
tests/unit/test_iniparser.py
tests/unit/test_jsonutils.py
tests/unit/test_local.py
tests/unit/test_lockutils_eventlet.py
tests/unit/test_lockutils.py
tests/unit/test_log.py
tests/unit/test_loopingcall.py
tests/unit/test_memorycache.py
tests/unit/test_network_utils.py
tests/unit/test_notifier.py
tests/unit/test_pastedeploy.py
tests/unit/test_periodic.py
tests/unit/test_plugin.py
tests/unit/test_policy.py
tests/unit/test_processutils.py
tests/unit/test_quota.py
tests/unit/test_request_utils.py
tests/unit/test_rootwrap.py
tests/unit/test_service.py
tests/unit/test_setup.py
tests/unit/test_sslutils.py
tests/unit/test_strutils.py
tests/unit/test_systemd.py
tests/unit/test_testutils.py
tests/unit/test_threadgroup.py
tests/unit/test_timeutils.py
tests/unit/test_units.py
tests/unit/test_utils.py
tests/unit/test_uuidutils.py
tests/unit/test_version.py
tests/unit/test_versionutils.py
tests/unit/test_wsgi.py
tests/unit/test_xmlutils.py
tests/utils.py
tests/var/ca.crt
tests/var/certificate.crt
tests/var/empty.json
tests/var/policy.json
tests/var/privatekey.key
tools/check_maintainers.py
tools/colorizer.py
tools/config/check_uptodate.sh
tools/config/generate_sample.sh
tools/flakes.py
tools/graduate.sh
tools/install_venv_common.py
tools/install_venv.py
tools/lint.py
tools/patch_tox_venv.py
tools/pip-requires
tools/requirements_style_check.sh
tools/run_cross_tests.sh
tools/run_tests_common.sh
tools/test-options
tools/test-requires
tools/with_venv.sh
tox.ini
update.py
update.sh
