.coveragerc
doc/source/conf.py
doc/source/contributing.rst
doc/source/getting_started.rst
doc/source/index.rst
doc/source/man/satori.rst
doc/source/openstack_resources.rst
doc/source/releases.rst
doc/source/schema.rst
doc/source/terminology.rst
HACKING.rst
LICENSE
MANIFEST.in
pylintrc
README.md
README.rst
requirements-py3.txt
requirements.txt
run_tests.sh
satori/bash.py
satori/common/__init__.py
satori/common/logging.py
satori/common/templating.py
satori/contrib/psexec.py
satori/discovery.py
satori/dns.py
satori/errors.py
satori/formats/custom.jinja
satori/formats/text.jinja
satori/__init__.py
satori/serviceinstall.py
satori/shell.py
satori/smb.py
satori/ssh.py
satori/sysinfo/facter.py
satori/sysinfo/__init__.py
satori/sysinfo/ohai.py
satori/sysinfo/ohai_solo.py
satori/sysinfo/posh_ohai.py
satori/tests/__init__.py
satori/tests/test_bash.py
satori/tests/test_common_logging.py
satori/tests/test_common_templating.py
satori/tests/test_dns.py
satori/tests/test_formats_text.py
satori/tests/test_shell.py
satori/tests/test_ssh.py
satori/tests/test_sysinfo_ohai_solo.py
satori/tests/test_utils.py
satori/tests/utils.py
satori/tunnel.py
satori/utils.py
setup.cfg
setup.py
.testr.conf
test-requirements.txt
tools/install_venv_common.py
tools/install_venv.py
tools/with_venv.sh
tox.ini
