bugs.org
clouddocs-plugin.xpr
LICENSE
notes/mocks/cs-devguide-MockCovers.pdf
notes/mocks/Documentation Cover v2.pdf
notes/Rackspace_Logo_Guidelines.pdf
pom.xml
pom.xml.real
README.rst
README.txt
RELEASE_NOTES.rst
replacements.config
src/main/java/com/rackspace/cloud/api/docs/ApiRefMojo.java
src/main/java/com/rackspace/cloud/api/docs/builders/PDFBuilder.java
src/main/java/com/rackspace/cloud/api/docs/calabash/extensions/CopyAndTransform.java
src/main/java/com/rackspace/cloud/api/docs/calabashextensions/CopyAndTransform.java
src/main/java/com/rackspace/cloud/api/docs/calabash/extensions/CopyAndTransformXProcStep.java
src/main/java/com/rackspace/cloud/api/docs/calabash/extensions/CopyTransformImage.java
src/main/java/com/rackspace/cloud/api/docs/calabash/extensions/RelativePath.java
src/main/java/com/rackspace/cloud/api/docs/calabash/extensions/ReplaceTextXProcStep.java
src/main/java/com/rackspace/cloud/api/docs/calabash/extensions/util/RelativePath.java
src/main/java/com/rackspace/cloud/api/docs/CalabashHelper.java
src/main/java/com/rackspace/cloud/api/docs/DocBookResolver.java
src/main/java/com/rackspace/cloud/api/docs/EclipseMojo.java
src/main/java/com/rackspace/cloud/api/docs/EpubMojo.java
src/main/java/com/rackspace/cloud/api/docs/FileUtils.java
src/main/java/com/rackspace/cloud/api/docs/GitHelper.java
src/main/java/com/rackspace/cloud/api/docs/GlossaryResolver.java
src/main/java/com/rackspace/cloud/api/docs/HTMLMojo.java
src/main/java/com/rackspace/cloud/api/docs/PDFMojo.java
src/main/java/com/rackspace/cloud/api/docs/pipeline/AbstractPipeline.java
src/main/java/com/rackspace/cloud/api/docs/pipeline/CalabashPipelineBuilder.java
src/main/java/com/rackspace/cloud/api/docs/pipeline/CalabashPipeline.java
src/main/java/com/rackspace/cloud/api/docs/pipeline/MavenXProcMessageListener.java
src/main/java/com/rackspace/cloud/api/docs/pipeline/PipelineBuilder.java
src/main/java/com/rackspace/cloud/api/docs/pipeline/PipelineException.java
src/main/java/com/rackspace/cloud/api/docs/pipeline/PipelineInput.java
src/main/java/com/rackspace/cloud/api/docs/pipeline/PipelineInputType.java
src/main/java/com/rackspace/cloud/api/docs/pipeline/Pipeline.java
src/main/java/com/rackspace/cloud/api/docs/pipeline/resolvers/ClassPathUriResolver.java
src/main/java/com/rackspace/cloud/api/docs/pipeline/resolvers/InputStreamUriParameterResolver.java
src/main/java/com/rackspace/cloud/api/docs/pipeline/resolvers/SourceUriResolver.java
src/main/java/com/rackspace/cloud/api/docs/ReplaceTextXProcStep.java
src/main/java/com/rackspace/cloud/api/docs/ResourceResolver.java
src/main/java/com/rackspace/cloud/api/docs/WebHelpMojo.java
src/main/java/com/rackspace/cloud/api/docs/WebHelpMojo.java.orig
src/main/java/com/rackspace/cloud/api/docs/XhtmlMojo.java
src/main/javascript/shCore.js
src/main/resources/apiref/css/bootstrap.min.css
src/main/resources/apiref/css/bootstrap-screen.css
src/main/resources/apiref/css/css.css
src/main/resources/apiref/css/main-3569f93f8adb6558ac39cab2466620a8.css
src/main/resources/apiref/css/main.css
src/main/resources/apiref/css/main-rackspace.css
src/main/resources/apiref/css/reset.css
src/main/resources/apiref/css/style.css
src/main/resources/apiref/css/syntax.css
src/main/resources/apiref/fonts/glyphicons-halflings-regular.eot
src/main/resources/apiref/fonts/glyphicons-halflings-regular.ttf
src/main/resources/apiref/fonts/glyphicons-halflings-regular.woff
src/main/resources/apiref/images/header-line.gif
src/main/resources/apiref/js/api-site.js
src/main/resources/apiref/js/app-86aefccf54597dda65ee681f8853c86a.js
src/main/resources/apiref/js/bootstrap.min.js
src/main/resources/apiref/js/end.js
src/main/resources/apiref/js/highlight.js
src/main/resources/apiref/js/jquery-1.10.2.min.js
src/main/resources/apiref/js/jquery-1.2.6.min.js
src/main/resources/apiref/js/main.js
src/main/resources/cloud/apipage/apipage-main.xsl
src/main/resources/cloud/apipage/apipage.xsl
src/main/resources/cloud/apipage/process-embedded-wadl-apipage.xsl
src/main/resources/cloud/code-listing-keep-together.xsl
src/main/resources/cloud/cover.xsl
src/main/resources/cloud/date.xsl
src/main/resources/cloud/epub/docbook.xsl
src/main/resources/cloud/epub/profile-epub.xsl
src/main/resources/cloud/extensions.xsl
src/main/resources/cloud/fo/docbook.xsl
src/main/resources/cloud/fo/dookbook.xsl
src/main/resources/cloud/fo/fop1.xsl
src/main/resources/cloud/fo/gentex_mods.xml
src/main/resources/cloud/fo/titlepage/titlepage.templates.xml
src/main/resources/cloud/fo/verbatim.xsl
src/main/resources/cloud/fo/xref.xsl
src/main/resources/cloud/inline.xsl
src/main/resources/cloud/list-wadls.xsl
src/main/resources/cloud/normalizeWadl/normalizeWadl1.xsl
src/main/resources/cloud/normalizeWadl/normalizeWadl2.xsl
src/main/resources/cloud/normalizeWadl/normalizeWadl3.xsl
src/main/resources/cloud/normalizeWadl/normalizeWadl4.xsl
src/main/resources/cloud/normalizeWadl/normalizeWadl.xsl
src/main/resources/cloud/process-datatypes.xsl
src/main/resources/cloud/process-embedded-wadl-1.xsl
src/main/resources/cloud/process-embedded-wadl-2.xsl
src/main/resources/cloud/process-embedded-wadl-3.xsl
src/main/resources/cloud/process-embedded-wadl-standalone.xsl
src/main/resources/cloud/process-embedded-wadl.xsl
src/main/resources/cloud/this.xsl
src/main/resources/cloud/transclusion-fixup.xsl
src/main/resources/cloud/war/add-stop-chunking-pis.xsl
src/main/resources/cloud/war/changebars.xsl
src/main/resources/cloud/war/copy.xsl
src/main/resources/cloud/war/dist/docs/AUTHORS
src/main/resources/cloud/war/dist/docs/BUGS
src/main/resources/cloud/war/dist/docs/COPYING
src/main/resources/cloud/war/dist/xslt/base/common/common.xsl
src/main/resources/cloud/war/dist/xslt/base/common/control.xsl
src/main/resources/cloud/war/dist/xslt/base/common/footnotes.xsl
src/main/resources/cloud/war/dist/xslt/base/common/functions.xsl
src/main/resources/cloud/war/dist/xslt/base/common/gentext.xsl
src/main/resources/cloud/war/dist/xslt/base/common/i18ndata.xsl
src/main/resources/cloud/war/dist/xslt/base/common/inlines.xsl
src/main/resources/cloud/war/dist/xslt/base/common/l10n.xsl
src/main/resources/cloud/war/dist/xslt/base/common/label-content.xsl
src/main/resources/cloud/war/dist/xslt/base/common/locales/af.xml
src/main/resources/cloud/war/dist/xslt/base/common/locales/am.xml
src/main/resources/cloud/war/dist/xslt/base/common/locales/ar.xml
src/main/resources/cloud/war/dist/xslt/base/common/locales/az.xml
src/main/resources/cloud/war/dist/xslt/base/common/locales/bg.xml
src/main/resources/cloud/war/dist/xslt/base/common/locales/bn.xml
src/main/resources/cloud/war/dist/xslt/base/common/locales/bs.xml
src/main/resources/cloud/war/dist/xslt/base/common/locales/ca.xml
src/main/resources/cloud/war/dist/xslt/base/common/locales/cs.xml
src/main/resources/cloud/war/dist/xslt/base/common/locales/cy.xml
src/main/resources/cloud/war/dist/xslt/base/common/locales/da.xml
src/main/resources/cloud/war/dist/xslt/base/common/locales/de.xml
src/main/resources/cloud/war/dist/xslt/base/common/locales/el.xml
src/main/resources/cloud/war/dist/xslt/base/common/locales/en.xml
src/main/resources/cloud/war/dist/xslt/base/common/locales/eo.xml
src/main/resources/cloud/war/dist/xslt/base/common/locales/es.xml
src/main/resources/cloud/war/dist/xslt/base/common/locales/et.xml
src/main/resources/cloud/war/dist/xslt/base/common/locales/eu.xml
src/main/resources/cloud/war/dist/xslt/base/common/locales/fa.xml
src/main/resources/cloud/war/dist/xslt/base/common/locales/fi.xml
src/main/resources/cloud/war/dist/xslt/base/common/locales/fr.xml
src/main/resources/cloud/war/dist/xslt/base/common/locales/ga.xml
src/main/resources/cloud/war/dist/xslt/base/common/locales/gl.xml
src/main/resources/cloud/war/dist/xslt/base/common/locales/gu.xml
src/main/resources/cloud/war/dist/xslt/base/common/locales/he.xml
src/main/resources/cloud/war/dist/xslt/base/common/locales/hi.xml
src/main/resources/cloud/war/dist/xslt/base/common/locales/hr.xml
src/main/resources/cloud/war/dist/xslt/base/common/locales/hu.xml
src/main/resources/cloud/war/dist/xslt/base/common/locales/id.xml
src/main/resources/cloud/war/dist/xslt/base/common/locales/is.xml
src/main/resources/cloud/war/dist/xslt/base/common/locales/it.xml
src/main/resources/cloud/war/dist/xslt/base/common/locales/ja.xml
src/main/resources/cloud/war/dist/xslt/base/common/locales/kn.xml
src/main/resources/cloud/war/dist/xslt/base/common/locales/ko.xml
src/main/resources/cloud/war/dist/xslt/base/common/locales/ky.xml
src/main/resources/cloud/war/dist/xslt/base/common/locales/la.xml
src/main/resources/cloud/war/dist/xslt/base/common/locales/lt.xml
src/main/resources/cloud/war/dist/xslt/base/common/locales/lv.xml
src/main/resources/cloud/war/dist/xslt/base/common/locales/mn.xml
src/main/resources/cloud/war/dist/xslt/base/common/locales/nb.xml
src/main/resources/cloud/war/dist/xslt/base/common/locales/nl.xml
src/main/resources/cloud/war/dist/xslt/base/common/locales/nn.xml
src/main/resources/cloud/war/dist/xslt/base/common/locales/or.xml
src/main/resources/cloud/war/dist/xslt/base/common/locales/pa.xml
src/main/resources/cloud/war/dist/xslt/base/common/locales/pl.xml
src/main/resources/cloud/war/dist/xslt/base/common/locales/pt_br.xml
src/main/resources/cloud/war/dist/xslt/base/common/locales/pt.xml
src/main/resources/cloud/war/dist/xslt/base/common/locales/ro.xml
src/main/resources/cloud/war/dist/xslt/base/common/locales/ru.xml
src/main/resources/cloud/war/dist/xslt/base/common/locales/sk.xml
src/main/resources/cloud/war/dist/xslt/base/common/locales/sl.xml
src/main/resources/cloud/war/dist/xslt/base/common/locales/sq.xml
src/main/resources/cloud/war/dist/xslt/base/common/locales/sr_latn.xml
src/main/resources/cloud/war/dist/xslt/base/common/locales/sr.xml
src/main/resources/cloud/war/dist/xslt/base/common/locales/sv.xml
src/main/resources/cloud/war/dist/xslt/base/common/locales/ta.xml
src/main/resources/cloud/war/dist/xslt/base/common/locales/th.xml
src/main/resources/cloud/war/dist/xslt/base/common/locales/tl.xml
src/main/resources/cloud/war/dist/xslt/base/common/locales/tr.xml
src/main/resources/cloud/war/dist/xslt/base/common/locales/uk.xml
src/main/resources/cloud/war/dist/xslt/base/common/locales/vi.xml
src/main/resources/cloud/war/dist/xslt/base/common/locales/xh.xml
src/main/resources/cloud/war/dist/xslt/base/common/locales/zh_cn.xml
src/main/resources/cloud/war/dist/xslt/base/common/locales/zh_tw.xml
src/main/resources/cloud/war/dist/xslt/base/common/locales/zh.xml
src/main/resources/cloud/war/dist/xslt/base/common/marklogic.xqy
src/main/resources/cloud/war/dist/xslt/base/common/normalize.xsl
src/main/resources/cloud/war/dist/xslt/base/common/olink.xsl
src/main/resources/cloud/war/dist/xslt/base/common/preprocess.xsl
src/main/resources/cloud/war/dist/xslt/base/common/spspace.xsl
src/main/resources/cloud/war/dist/xslt/base/common/table.xsl
src/main/resources/cloud/war/dist/xslt/base/common/title-content.xsl
src/main/resources/cloud/war/dist/xslt/base/common/titlepages.xsl
src/main/resources/cloud/war/dist/xslt/base/html/admonitions.xsl
src/main/resources/cloud/war/dist/xslt/base/html/annotation.js
src/main/resources/cloud/war/dist/xslt/base/html/autoidx.xsl
src/main/resources/cloud/war/dist/xslt/base/html/autotoc.xsl
src/main/resources/cloud/war/dist/xslt/base/html/biblio.xsl
src/main/resources/cloud/war/dist/xslt/base/html/blocks.xsl
src/main/resources/cloud/war/dist/xslt/base/html/callouts.xsl
src/main/resources/cloud/war/dist/xslt/base/html/chunker.xsl
src/main/resources/cloud/war/dist/xslt/base/html/chunkfunc.xsl
src/main/resources/cloud/war/dist/xslt/base/html/chunktemp.xsl
src/main/resources/cloud/war/dist/xslt/base/html/chunk.xsl
src/main/resources/cloud/war/dist/xslt/base/html/component.xsl
src/main/resources/cloud/war/dist/xslt/base/html/division.xsl
src/main/resources/cloud/war/dist/xslt/base/html/docbook.xsl
src/main/resources/cloud/war/dist/xslt/base/html/footnotes.xsl
src/main/resources/cloud/war/dist/xslt/base/html/formal.xsl
src/main/resources/cloud/war/dist/xslt/base/html/glossary.xsl
src/main/resources/cloud/war/dist/xslt/base/html/graphics.xsl
src/main/resources/cloud/war/dist/xslt/base/html/html.xsl
src/main/resources/cloud/war/dist/xslt/base/html/index.xsl
src/main/resources/cloud/war/dist/xslt/base/html/info.xsl
src/main/resources/cloud/war/dist/xslt/base/html/inlines.xsl
src/main/resources/cloud/war/dist/xslt/base/html/lists.xsl
src/main/resources/cloud/war/dist/xslt/base/html/math.xsl
src/main/resources/cloud/war/dist/xslt/base/html/msgset.xsl
src/main/resources/cloud/war/dist/xslt/base/html/oosynopsis.xsl
src/main/resources/cloud/war/dist/xslt/base/html/param.xml
src/main/resources/cloud/war/dist/xslt/base/html/param.xsl
src/main/resources/cloud/war/dist/xslt/base/html/pi.xsl
src/main/resources/cloud/war/dist/xslt/base/html/qandaset.xsl
src/main/resources/cloud/war/dist/xslt/base/html/refentry.xsl
src/main/resources/cloud/war/dist/xslt/base/html/section.xsl
src/main/resources/cloud/war/dist/xslt/base/html/synopsis.xsl
src/main/resources/cloud/war/dist/xslt/base/html/table.xsl
src/main/resources/cloud/war/dist/xslt/base/html/task.xsl
src/main/resources/cloud/war/dist/xslt/base/html/titlepage-mode.xsl
src/main/resources/cloud/war/dist/xslt/base/html/titlepage-templates.xsl
src/main/resources/cloud/war/dist/xslt/base/html/toc.xsl
src/main/resources/cloud/war/dist/xslt/base/html/verbatim-patch.xsl
src/main/resources/cloud/war/dist/xslt/base/html/verbatim.xsl
src/main/resources/cloud/war/dist/xslt/base/html/xlink.xsl
src/main/resources/cloud/war/dist/xslt/base/html/xref.xsl
src/main/resources/cloud/war/dist/xslt/base/preprocess/15-transclude.xsl
src/main/resources/cloud/war/dist/xslt/base/preprocess/1-db4to5.xsl
src/main/resources/cloud/war/dist/xslt/base/preprocess/1-logstruct.xsl
src/main/resources/cloud/war/dist/xslt/base/preprocess/2-profile.xsl
src/main/resources/cloud/war/dist/xslt/base/preprocess/3-schemaext.xsl
src/main/resources/cloud/war/dist/xslt/base/preprocess/4-normalize.xsl
src/main/resources/cloud/war/dist/xslt/base/preprocess/profile.xsl
src/main/resources/cloud/war/dist/xslt/base/VERSION.xsl
src/main/resources/cloud/war/docbook.xsl
src/main/resources/cloud/war/preprocess.xsl
src/main/resources/cloud/war/static-header.xsl
src/main/resources/cloud/war/xhtml2html.xsl
src/main/resources/cloud/webhelp/bookinfo.xsl
src/main/resources/cloud/webhelp/changebars.xsl
src/main/resources/cloud/webhelp/clean-wadl.xsl
src/main/resources/cloud/webhelp/copy.xsl
src/main/resources/cloud/webhelp/docbook.xsl
src/main/resources/cloud/webhelp/graphics.xsl
src/main/resources/cloud/webhelp/profile-webhelp.xsl
src/main/resources/cloud/webhelp/revhistory2atom.xsl
src/main/resources/cloud/webhelp/titlepage/titlepage.templates.xml
src/main/resources/cloud/webhelp/webhelp-chunk-common.xsl
src/main/resources/cloud/webhelp/webhelp.xsl
src/main/resources/cloud/webhelp/webhelp.xsl.orig
src/main/resources/cloud/webhelp/xref.xsl
src/main/resources/common/comments.js
src/main/resources/common/css/custom.css
src/main/resources/common/css/ie.css
src/main/resources/common/css/positioning.css
src/main/resources/common/css/positioning-openstack.css
src/main/resources/common/css/positioning-openstackextension.css
src/main/resources/common/css/positioning-rackspace.css
src/main/resources/common/css/positioning-rackspace-private-cloud.css
src/main/resources/common/css/positioning-repose.css
src/main/resources/common/ga.js
src/main/resources/common/images/favicon-openstack.ico
src/main/resources/common/images/favicon-rackspace.ico
src/main/resources/common/images/favicon-rackspace-private-cloud.ico
src/main/resources/common/images/favicon-repose.ico
src/main/resources/common/images/header-bg.gif
src/main/resources/common/images/highlight-blue.gif
src/main/resources/common/images/highlight-yellow.gif
src/main/resources/common/images/loading.gif
src/main/resources/common/jquery/comments.js
src/main/resources/common/jquery/ga.js
src/main/resources/common/jquery/jquery-1.4.2.min.js
src/main/resources/common/jquery/jquery-1.4.3.min.js
src/main/resources/common/jquery/jquery.cookie.js
src/main/resources/common/jquery/jquery.qtip-1.0.0-rc3/INSTALL
src/main/resources/common/jquery/jquery.qtip-1.0.0-rc3/jquery.qtip-1.0.0-rc3.min.js
src/main/resources/common/jquery/jquery.qtip-1.0.0-rc3/LICENSE
src/main/resources/common/jquery/jquery.qtip-1.0.0-rc3/REQUIREMENTS
src/main/resources/common/jquery/jquery-ui-1.8.2.custom.min.js
src/main/resources/common/jquery/main-openstack.js
src/main/resources/common/jquery/main-rackspace.js
src/main/resources/common/jquery/main-rackspace-private-cloud.js
src/main/resources/common/jquery/main-repose.js
src/main/resources/common/jquery/theme-redmond/images/ui-anim_basic_16x16.gif
src/main/resources/common/jquery/theme-redmond/jquery-ui-1.8.2.custom.css
src/main/resources/common/jquery/treeview/images/file.gif
src/main/resources/common/jquery/treeview/images/folder2.gif
src/main/resources/common/jquery/treeview/images/folder-closed2.gif
src/main/resources/common/jquery/treeview/images/folder-closed.gif
src/main/resources/common/jquery/treeview/images/folder.gif
src/main/resources/common/jquery/treeview/images/minus.gif
src/main/resources/common/jquery/treeview/images/plus.gif
src/main/resources/common/jquery/treeview/images/treeview-black.gif
src/main/resources/common/jquery/treeview/images/treeview-black-line.gif
src/main/resources/common/jquery/treeview/images/treeview-default.gif
src/main/resources/common/jquery/treeview/images/treeview-default-line.gif
src/main/resources/common/jquery/treeview/images/treeview-famfamfam.gif
src/main/resources/common/jquery/treeview/images/treeview-famfamfam-line.gif
src/main/resources/common/jquery/treeview/images/treeview-gray.gif
src/main/resources/common/jquery/treeview/images/treeview-gray-line.gif
src/main/resources/common/jquery/treeview/images/treeview-red.gif
src/main/resources/common/jquery/treeview/images/treeview-red-line.gif
src/main/resources/common/jquery/treeview/jquery.treeview.async.js
src/main/resources/common/jquery/treeview/jquery.treeview.css
src/main/resources/common/jquery/treeview/jquery.treeview.js
src/main/resources/common/jquery/treeview/jquery.treeview.min.js
src/main/resources/common/jquery/treeview/jquery.treeview.pack.js
src/main/resources/common/main.js
src/main/resources/common/main-openstackextension.js
src/main/resources/common/main-openstack.js
src/main/resources/common/main-rackspace.js
src/main/resources/common/main-rackspace-private-cloud.js
src/main/resources/common/main-repose.js
src/main/resources/common/test.txt
src/main/resources/content/scripts/shAutoloader.js
src/main/resources/content/scripts/shBrushAppleScript.js
src/main/resources/content/scripts/shBrushAS3.js
src/main/resources/content/scripts/shBrushBash.js
src/main/resources/content/scripts/shBrushColdFusion.js
src/main/resources/content/scripts/shBrushCpp.js
src/main/resources/content/scripts/shBrushCSharp.js
src/main/resources/content/scripts/shBrushCss.js
src/main/resources/content/scripts/shBrushDelphi.js
src/main/resources/content/scripts/shBrushDiff.js
src/main/resources/content/scripts/shBrushErlang.js
src/main/resources/content/scripts/shBrushGroovy.js
src/main/resources/content/scripts/shBrushJavaFX.js
src/main/resources/content/scripts/shBrushJava.js
src/main/resources/content/scripts/shBrushJScript.js
src/main/resources/content/scripts/shBrushJSON.js
src/main/resources/content/scripts/shBrushPerl.js
src/main/resources/content/scripts/shBrushPhp.js
src/main/resources/content/scripts/shBrushPlain.js
src/main/resources/content/scripts/shBrushPowerShell.js
src/main/resources/content/scripts/shBrushPython.js
src/main/resources/content/scripts/shBrushRuby.js
src/main/resources/content/scripts/shBrushSass.js
src/main/resources/content/scripts/shBrushScala.js
src/main/resources/content/scripts/shBrushSql.js
src/main/resources/content/scripts/shBrushVb.js
src/main/resources/content/scripts/shBrushXml.js
src/main/resources/content/scripts/shCore.js
src/main/resources/content/scripts/shLegacy.js
src/main/resources/content/search/default.props
src/main/resources/content/search/en-us.props
src/main/resources/content/search/es-es.props
src/main/resources/content/search/ja-jp.props
src/main/resources/content/search/nwSearchFnt.js
src/main/resources/content/search/punctuation.props
src/main/resources/content/search/stemmers/de_stemmer.js
src/main/resources/content/search/stemmers/en_stemmer.js
src/main/resources/content/search/stemmers/fr_stemmer.js
src/main/resources/content/styles/shCore.css
src/main/resources/content/styles/shCoreDefault.css
src/main/resources/content/styles/shCoreDjango.css
src/main/resources/content/styles/shCoreEclipse.css
src/main/resources/content/styles/shCoreEmacs.css
src/main/resources/content/styles/shCoreFadeToGrey.css
src/main/resources/content/styles/shCoreMDUltra.css
src/main/resources/content/styles/shCoreMidnight.css
src/main/resources/content/styles/shCoreRDark.css
src/main/resources/content/styles/shThemeDefault.css
src/main/resources/content/styles/shThemeDjango.css
src/main/resources/content/styles/shThemeEclipse.css
src/main/resources/content/styles/shThemeEmacs.css
src/main/resources/content/styles/shThemeFadeToGrey.css
src/main/resources/content/styles/shThemeMDUltra.css
src/main/resources/content/styles/shThemeMidnight.css
src/main/resources/content/styles/shThemeRDark.css
src/main/resources/etc/configuration.xml
src/main/resources/etc/pipeline-library.xml
src/main/resources/etc/version.properties
src/main/resources/fonts/CartoGothic-Std/CartoGothicStd-BoldItalic.otf
src/main/resources/fonts/CartoGothic-Std/CartoGothicStd-BoldItalic.ttf
src/main/resources/fonts/CartoGothic-Std/CartoGothicStd-Bold.otf
src/main/resources/fonts/CartoGothic-Std/CartoGothicStd-Bold.ttf
src/main/resources/fonts/CartoGothic-Std/CartoGothicStd-Book.otf
src/main/resources/fonts/CartoGothic-Std/CartoGothicStd-Book.ttf
src/main/resources/fonts/CartoGothic-Std/CartoGothicStd-Italic.otf
src/main/resources/fonts/CartoGothic-Std/CartoGothicStd-Italic.ttf
src/main/resources/fonts/CartoGothic-Std/FontSite License.txt
src/main/resources/fonts/fireflysung-1.3.0/AUTHORS
src/main/resources/fonts/fireflysung-1.3.0/Changelog
src/main/resources/fonts/fireflysung-1.3.0/Changelog.big5
src/main/resources/fonts/fireflysung-1.3.0/COPYRIGHT
src/main/resources/fonts/fireflysung-1.3.0/fireflysung.ttf
src/main/resources/fonts/fireflysung-1.3.0/fireflysung.xml
src/main/resources/fonts/fireflysung-1.3.0/license/big5/ARPHICPL.TXT
src/main/resources/fonts/fireflysung-1.3.0/license/english/ARPHICPL.TXT
src/main/resources/fonts/fireflysung-1.3.0/license/gb/ARPHICPL.TXT
src/main/resources/fonts/fireflysung-1.3.0/makemetrics.sh
src/main/resources/fonts/fontconfig.st
src/main/resources/fonts/fontconfig.xml
src/main/resources/fonts/takao-fonts-ttf-003.02.01/ChangeLog
src/main/resources/fonts/takao-fonts-ttf-003.02.01/IPA_Font_License_Agreement_v1.0.txt
src/main/resources/fonts/takao-fonts-ttf-003.02.01/TakaoGothic.ttf
src/main/resources/images/cloud/cover.st
src/main/resources/images/cloud/openstack-cover.st
src/main/resources/images/cloud/openstackextension-cover.st
src/main/resources/images/cloud/openstack.st
src/main/resources/images/cloud/rackspace-cover.st
src/main/resources/norm-test.xpl
src/main/resources/pdf.xpl
src/main/resources/programlisting-keep-together.xpl
src/main/resources/rackspace-library.xpl
src/main/resources/rng/docbook.rnc
src/main/resources/rng/docbookxi.rnc
src/main/resources/rng/wadl.rnc
src/main/resources/test-error.xpl
src/main/resources/test.xpl
src/main/resources/validate-transform.xpl
src/main/resources/wadl2html.xpl
src/main/resources/war.xpl
src/main/resources/webhelp.xpl
src/main/resources/WEB-INF/classes/com/rackspace/api/ReloadIndexWar/ReloadIndexWar.class
src/main/resources/WEB-INF/web.xml
src/test/java/com/rackspace/cloud/api/docs/CalabashHelperTest.java
src/test/java/com/rackspace/cloud/api/docs/GlossaryResolverTest.java
webhelp.xsl.real
