CHANGELOG
examples/site.pp
ext/glance.sh
ext/nova.sh
ext/test.sh
files/nova_test.sh
files/RPM-GPG-KEY-EPEL-6
files/RPM-GPG-KEY-RDO-Grizzly
files/RPM-GPG-KEY-RDO-Havana
.fixtures.yml
Gemfile
.gemfile
.gitmodules
graphs/STUPID_GIT
LICENSE
manifests/all.pp
manifests/auth_file.pp
manifests/cinder/all.pp
manifests/cinder/controller.pp
manifests/cinder.pp
manifests/cinder/storage.pp
manifests/client.pp
manifests/compute.pp
manifests/controller.pp
manifests/db/mysql.pp
manifests/glance.pp
manifests/horizon.pp
manifests/hosts.pp
manifests/keystone.pp
manifests/neutron.pp
manifests/nova/compute.pp
manifests/nova/controller.pp
manifests/params.pp
manifests/provision.pp
manifests/quantum.pp
manifests/repo/epel.pp
manifests/repo.pp
manifests/repo/rdo.pp
manifests/repo/uca.pp
manifests/repo/yum_refresh.pp
manifests/site.pp
manifests/split.pp
manifests/swift/device_endpoint.pp
manifests/swift/proxy.pp
manifests/swift/storage-node.pp
manifests/test_file.pp
Modulefile
modules/apt
modules/concat
modules/create_resources
modules/glance
modules/horizon
modules/keystone
modules/memcached
modules/mysql
modules/nova
modules/openstack/manifests/repo/diablo.pp
modules/puppetlabs-nova
modules/rabbitmq
modules/rsync
modules/ssh
modules/stdlib
modules/swift
modules/vcsrepo
modules/xinetd
NOTES
other_repos.yaml
Puppetfile
Rakefile
README
README.dev.md
README.md
scripts/blank.sh
scripts/install-pe-master.sh
scripts/run-all.sh
scripts/run-compute.sh
scripts/run-controller.sh
scripts/run-db.sh
scripts/run-glance.sh
scripts/run-master.sh
scripts/run-rabbitmq.sh
scripts/run.sh
scripts/run-swift-all.sh
scripts/run-swift-multi.sh
spec/classes/openstack_all_spec.rb
spec/classes/openstack_auth_file_spec.rb
spec/classes/openstack_cinder_all_spec.rb
spec/classes/openstack_cinder_controller_spec.rb
spec/classes/openstack_cinder_storage_spec.rb
spec/classes/openstack_client_spec.rb
spec/classes/openstack_compute_spec.rb
spec/classes/openstack_controller_spec.rb
spec/classes/openstack_glance_spec.rb
spec/classes/openstack_horizon_spec.rb
spec/classes/openstack_keystone_spec.rb
spec/classes/openstack_neutron_spec.rb
spec/classes/openstack_nova_controller_spec.rb
spec/classes/openstack_provision_spec.rb
spec/classes/openstack_quantum_spec.rb
spec/classes/openstack_repo_spec.rb
spec/classes/openstack_repo_uca_spec.rb
spec/classes/openstack_swift_storage-node.rb
spec/classes/openstack_test_file_spec.rb
spec/fixtures/manifests/site.pp
spec/spec_helper.rb
templates/openrc.erb
templates/test_nova.sh.erb
tests/all.pp
tests/auth_file.pp
tests/cloudcontroller.pp
tests/compute.pp
tests/site.pp
tests/testfile.pp
.travis.yml
Vagrantfile
