attributes/default.rb
attributes/.rubocop.yml
Berksfile
Berksfile.lock
CHANGELOG.md
files/default/keystone_plugin.py
Gemfile
Gemfile.lock
libraries/matchers.rb
metadata.rb
providers/credentials.rb
providers/register.rb
README.md
recipes/client.rb
recipes/db.rb
recipes/default.rb
recipes/keystone-rsyslog.rb
recipes/registration.rb
recipes/server.rb
resources/credentials.rb
resources/register.rb
resources/.rubocop.yml
.rubocop.yml
run_tests.bash
spec/client-redhat_spec.rb
spec/client_spec.rb
spec/db_spec.rb
spec/default_spec.rb
spec/register_spec.rb
spec/registration_spec.rb
spec/server-opensuse_spec.rb
spec/server-redhat_spec.rb
spec/server_spec.rb
spec/server-suse_spec.rb
spec/spec_helper.rb
Strainerfile
.tailor
templates/default/23-keystone.conf.erb
templates/default/default_catalog.templates.erb
templates/default/keystone.conf.erb
templates/default/keystone-logging.conf.erb
templates/default/keystone-paste.ini.erb
TESTING.md
