ChangeLog
config/local_settings.py
cosmos/overcloud/dashboard.py
cosmos/overcloud/__init__.py
cosmos/overcloud/models.py
debian/changelog
debian/compat
debian/control
debian/copyright
debian/rules
enabled/_40_cosmos.py
enabled/_40_router.py.example
enabled/_45_monitoring_panel_group.py
enabled/_50_admin_add_monitoring_panel.py
enabled/_60_admin_add_notification_panel.py
__init__.py
LICENSE
local_settings.py
manage.py
MANIFEST.in
monitoring/alarms/constants.py
monitoring/alarms/forms.py
monitoring/alarms/__init__.py
monitoring/alarms/panel.py
monitoring/alarms/tables.py
monitoring/alarms/templates/alarms/alarm_history.html
monitoring/alarms/templates/alarms/alarm.html
monitoring/alarms/templates/alarms/alarm_meter.html
monitoring/alarms/templates/alarms/alarms/_create.html
monitoring/alarms/templates/alarms/alarms/create.html
monitoring/alarms/templates/alarms/alarms/_detail.html
monitoring/alarms/templates/alarms/alarms/detail.html
monitoring/alarms/templates/alarms/alarms/_edit.html
monitoring/alarms/templates/alarms/alarms/edit.html
monitoring/alarms/templates/alarms/alarms/index.html
monitoring/alarms/templates/alarms/_create.html
monitoring/alarms/templates/alarms/create.html
monitoring/alarms/templates/alarms/_detail.html
monitoring/alarms/templates/alarms/detail.html
monitoring/alarms/templates/alarms/_edit.html
monitoring/alarms/templates/alarms/edit.html
monitoring/alarms/templates/alarms/index.html
monitoring/alarms/templates/alarms/monitor.html
monitoring/alarms/templates/alarms/monitorng.html
monitoring/alarms/templates/alarms/newmonitor.html
monitoring/alarms/templates/alarms/_scripts.html
monitoring/alarms/tests.py
monitoring/alarms/urls.py
monitoring/alarms/views.py
monitoring/api/__init__.py
monitoring/api/__init__.pyc
monitoring/api/monitoring.py
monitoring/api/monitoring.pyc
monitoring/api/monitor.py
monitoring/constants.py
monitoring/dashboard.py
monitoring/forms.py
monitoring/__init__.py
monitoring/models.py
monitoring/notifications/constants.py
monitoring/notifications/forms.py
monitoring/notifications/__init__.py
monitoring/notifications/panel.py
monitoring/notifications/tables.py
monitoring/notifications/templates/notifications/_create.html
monitoring/notifications/templates/notifications/create.html
monitoring/notifications/templates/notifications/_detail.html
monitoring/notifications/templates/notifications/detail.html
monitoring/notifications/templates/notifications/_edit.html
monitoring/notifications/templates/notifications/edit.html
monitoring/notifications/templates/notifications/index.html
monitoring/notifications/tests.py
monitoring/notifications/urls.py
monitoring/notifications/views.py
monitoring/panel.py
monitoring/static/monitoring/css/ng-tags-input.css
monitoring/static/monitoring/js/alarms.html
monitoring/static/monitoring/js/animation.html
monitoring/static/monitoring/js/animations.js
monitoring/static/monitoring/js/app.js
monitoring/static/monitoring/js/controllers.js
monitoring/static/monitoring/js/directives.js
monitoring/static/monitoring/js/health.html
monitoring/static/monitoring/js/ng-tags-input.js
monitoring/tables.py
monitoring/templates/monitoring/alarm_history.html
monitoring/templates/monitoring/alarm.html
monitoring/templates/monitoring/alarm_meter.html
monitoring/templates/monitoring/alarms/_create.html
monitoring/templates/monitoring/alarms/create.html
monitoring/templates/monitoring/alarms/_detail.html
monitoring/templates/monitoring/alarms/detail.html
monitoring/templates/monitoring/alarms/_edit.html
monitoring/templates/monitoring/alarms/edit.html
monitoring/templates/monitoring/alarms/index.html
monitoring/templates/monitoring/alert_history.html
monitoring/templates/monitoring/alert.html
monitoring/templates/monitoring/alert_meter.html
monitoring/templates/monitoring/index.html
monitoring/templates/monitoring/monitor.html
monitoring/templates/monitoring/monitorng.html
monitoring/templates/monitoring/newmonitor.html
monitoring/templates/monitoring/notifications/_create.html
monitoring/templates/monitoring/notifications/create.html
monitoring/templates/monitoring/notifications/_detail.html
monitoring/templates/monitoring/notifications/detail.html
monitoring/templates/monitoring/_scripts.html
monitoring/test/helpers.py
monitoring/test/__init__.py
monitoring/test/settings.py
monitoring/test/test_data/exceptions.py
monitoring/test/test_data/__init__.py
monitoring/test/test_data/monitoring_data.py
monitoring/test/test_data/utils.py
monitoring/test/urls.py
monitoring/urls.py
monitoring/views.py
panel.py
README.md
requirements.txt
run_tests.sh
setup.cfg
setup.py
static/monitoring/js/alarms.html
static/monitoring/js/animation.html
static/monitoring/js/animations.js
static/monitoring/js/app.js
static/monitoring/js/controllers.js
static/monitoring/js/directives.js
static/monitoring/js/health.html
tables.py
templates/monitoring/alert_history.html
templates/monitoring/alert.html
templates/monitoring/alert_meter.html
templates/monitoring/index.html
templates/monitoring/monitor.html
templates/monitoring/monitorng.html
templates/monitoring/_scripts.html
test-requirements.txt
tools/install_venv.py
tools/with_venv.sh
tox.ini
urls.py
views.py
