config.py
css-log-default.css
css-minutes-default.css
doc/Manual.txt
doc/meetingLocalConfig-example.py
__init__.py
ircmeeting/css-log-default.css
ircmeeting/css-minutes-default.css
ircmeeting/__init__.py
ircmeeting/items.py
ircmeeting/meeting.py
ircmeeting/template.html
ircmeeting/template.txt
ircmeeting/writers.py
items.py
Manual.txt
MeetBot/config.py
MeetBot/__init__.py
MeetBot/plugin.py
MeetBot/supybotconfig.py
MeetBot/test.py
Meeting/config.py
Meeting/__init__.py
meeting-minutes-template-meetbot.html
meeting-minutes-template.txt
Meeting/plugin.py
meeting.py
Meeting/supybotconfig.py
Meeting/test.py
plugin.py
README.txt
setup.py
supybotconfig.py
template.html
template.txt
test.py
tests/run_test.py
tests/test-script-1.log.txt
tests/test-script-2.log.txt
writers.py
