_50_solum.py.example
doc/source/conf.py
doc/source/index.rst
HACKING.rst
LICENSE
MANIFEST.in
openstack-common.conf
README.md
README.rst
requirements.txt
setup.cfg
setup.py
solumdashboard/api/client.py
solumdashboard/api/__init__.py
solumdashboard/applications/__init__.py
solumdashboard/applications/panel.py
solumdashboard/applications/tables.py
solumdashboard/applications/tabs.py
solumdashboard/applications/urls.py
solumdashboard/applications/views.py
solumdashboard/applications/workflows/create.py
solumdashboard/applications/workflows/__init__.py
solumdashboard/applications/workflows/launch.py
solumdashboard/assemblies/__init__.py
solumdashboard/assemblies/panel.py
solumdashboard/assemblies/tables.py
solumdashboard/assemblies/tabs.py
solumdashboard/assemblies/urls.py
solumdashboard/assemblies/views.py
solumdashboard/common/workflow_parsers.py
solumdashboard/dashboard.py
solumdashboard/exceptions.py
solumdashboard/__init__.py
solumdashboard/openstack/common/importutils.py
solumdashboard/openstack/common/__init__.py
solumdashboard/openstack/__init__.py
solumdashboard/templates/applications/_create_general_help.html
solumdashboard/templates/applications/_detail.html
solumdashboard/templates/applications/detail.html
solumdashboard/templates/applications/index.html
solumdashboard/templates/applications/_launch_configure_help.html
solumdashboard/templates/applications/launch.html
solumdashboard/templates/assemblies/_detail.html
solumdashboard/templates/assemblies/detail.html
solumdashboard/templates/assemblies/index.html
solumdashboard/tests/common/test_workflow_parsers.py
solumdashboard/tests/__init__.py
solumdashboard/tests/settings.py
solumdashboard/utils/importutils.py
solumdashboard/utils/__init__.py
solumdashboard/version.py
.testr.conf
test-requirements.txt
tox.ini
