.fixtures.yml
Gemfile
Gemfile.lock
lib/facter/kernel_modules.rb
lib/facter/openvswitch.rb
lib/puppet/provider/vs_bridge/ovs.rb
lib/puppet/provider/vs_bridge/ovs_redhat.rb
lib/puppet/provider/vs_port/ovs.rb
lib/puppet/provider/vs_port/ovs_redhat.rb
lib/puppet/type/vs_bridge.rb
lib/puppet/type/vs_port.rb
LICENSE
manifests/bridge.pp
manifests/init.pp
manifests/ovs.pp
manifests/params.pp
manifests/port.pp
Modulefile
Puppetfile
Rakefile
README.md
spec/classes/vswitch_ovs_spec.rb
spec/spec_helper.rb
spec/unit/puppet/lib/type/vs_bridge_spec.rb
