.coveragerc
doc/source/conf.py
doc/source/index.rst
HACKING.rst
LICENSE
magnetodbclient/client.py
magnetodbclient/common/clientmanager.py
magnetodbclient/common/command.py
magnetodbclient/common/exceptions.py
magnetodbclient/common/__init__.py
magnetodbclient/common/serializer.py
magnetodbclient/common/utils.py
magnetodbclient/common/validators.py
magnetodbclient/__init__.py
magnetodbclient/magnetodb/client.py
magnetodbclient/magnetodb/__init__.py
magnetodbclient/magnetodb/v1/__init__.py
magnetodbclient/magnetodb/v1/item.py
magnetodbclient/magnetodb/v1/table.py
magnetodbclient/openstack/common/gettextutils.py
magnetodbclient/openstack/common/importutils.py
magnetodbclient/openstack/common/__init__.py
magnetodbclient/openstack/common/jsonutils.py
magnetodbclient/openstack/common/strutils.py
magnetodbclient/openstack/common/timeutils.py
magnetodbclient/openstack/__init__.py
magnetodbclient/shell.py
magnetodbclient/streaming_shell.py
magnetodbclient/tests/__init__.py
magnetodbclient/tests/test_auth.py
magnetodbclient/tests/test_base.py
magnetodbclient/tests/test_shell.py
magnetodbclient/v1/client_base.py
magnetodbclient/v1/client.py
magnetodbclient/v1/__init__.py
magnetodbclient/v1/streaming_client.py
magnetodbclient/version.py
MANIFEST.in
openstack-common.conf
.pylintrc
README.rst
requirements.txt
setup.cfg
setup.py
.testr.conf
test-requirements.txt
tools/magnetodb.bash_completion
tox.ini
