apts/dash
apts/general
apts/glance
apts/keystone
apts/nova
apts/preseed
AUTHORS
build_lxc_multi.sh
build_lxc.sh
build_nfs.sh
build_pxe_boot.sh
build_pxe_ramdisk.sh
build.sh
clean.sh
docs/source/assets/css/bootstrap.css
docs/source/assets/css/local.css
docs/source/assets/js/bootstrap.js
docs/source/assets/js/bootstrap.min.js
docs/source/assets/js/jquery-1.7.1.min.js
docs/source/changes.html
docs/source/configuration.html
docs/source/contributing.html
docs/source/eucarc.html
docs/source/exerciserc.html
docs/source/faq.html
docs/source/guides/multinode-lab.html
docs/source/guides/pxe-boot.html
docs/source/guides/ramdisk.html
docs/source/guides/single-machine.html
docs/source/guides/single-vm.html
docs/source/guides/usb-boot.html
docs/source/index.html
docs/source/local.conf.html
docs/source/localrc.html
docs/source/openrc.html
docs/source/overview.html
docs/source/plugins.html
docs/source/stackrc.html
driver_certs/cinder_driver_cert.sh
eucarc
exerciserc
exercises/aggregates.sh
exercises/boot_from_volume.sh
exercises/bundle.sh
exercises/client-args.sh
exercises/client-env.sh
exercises/docker.sh
exercises/euca.sh
exercises/floating_ips.sh
exercise.sh
exercises/horizon.sh
exercises/marconi.sh
exercises/neutron-adv-test.sh
exercises/quantum-adv-test.sh
exercises/quantum.sh
exercises/sahara.sh
exercises/savanna.sh
exercises/sec_groups.sh
exercises/swift.sh
exercises/trove.sh
exercises/volumes.sh
exercises/zaqar.sh
extras.d/50-ironic.sh
extras.d/60-ceph.sh
extras.d/70-gantt.sh
extras.d/70-marconi.sh
extras.d/70-sahara.sh
extras.d/70-savanna.sh
extras.d/70-trove
extras.d/70-trove.sh
extras.d/70-zaqar.sh
extras.d/80-opendaylight.sh
extras.d/80-tempest.sh
files/000-default.template
files/apache-horizon.template
files/apache-keystone.template
files/apts/baremetal
files/apts/ceilometer-collector
files/apts/ceph
files/apts/cinder
files/apts/dash
files/apts/dstat
files/apts/general
files/apts/glance
files/apts/heat
files/apts/horizon
files/apts/ironic
files/apts/keystone
files/apts/ldap
files/apts/marconi-server
files/apts/n-api
files/apts/n-cpu
files/apts/neutron
files/apts/n-novnc
files/apts/nova
files/apts/novnc
files/apts/n-vnc
files/apts/n-vol
files/apts/opendaylight
files/apts/openvswitch
files/apts/postgresql
files/apts/preseed
files/apts/q-l3
files/apts/quantum
files/apts/ryu
files/apts/swift
files/apts/sysstat
files/apts/tempest
files/apts/tls-proxy
files/apts/trema
files/apts/trove
files/dash_settings.py
files/default_catalog.templates
files/dnsmasq-for-baremetal-from-nova-network.conf
files/glance-api.conf
files/glance-api-paste.ini
files/glance-registry.conf
files/glance-registry-paste.ini
files/horizon_settings.py
files/keystone.conf
files/keystone_data.sh
files/ldap/base-config.ldif
files/ldap/keystone.ldif.in
files/ldap/manager.ldif.in
files/ldap/openstack.ldif
files/ldap/suse-base-config.ldif.in
files/nova-api-paste.ini
files/patches/unittest2-discover.patch
files/pips/dash
files/pips/general
files/pips/horizon
files/pips/keystone
files/pips/openstack-integration-tests
files/pips/tempest
files/rpms/ceilometer-collector
files/rpms/ceph
files/rpms/cinder
files/rpms/dstat
files/rpms/general
files/rpms/glance
files/rpms/horizon
files/rpms/ironic
files/rpms/keystone
files/rpms/ldap
files/rpms/marconi-server
files/rpms/n-api
files/rpms/n-cpu
files/rpms/neutron
files/rpms/n-novnc
files/rpms/nova
files/rpms/n-spice
files/rpms/n-vol
files/rpms/opendaylight
files/rpms/openvswitch
files/rpms/postgresql
files/rpms/q-l3
files/rpms/quantum
files/rpms/ryu
files/rpms-suse/baremetal
files/rpms-suse/ceilometer-collector
files/rpms-suse/ceph
files/rpms-suse/cinder
files/rpms-suse/dstat
files/rpms-suse/general
files/rpms-suse/glance
files/rpms-suse/horizon
files/rpms-suse/keystone
files/rpms-suse/ldap
files/rpms-suse/n-api
files/rpms-suse/n-cpu
files/rpms-suse/neutron
files/rpms-suse/n-novnc
files/rpms-suse/nova
files/rpms-suse/n-spice
files/rpms-suse/n-vol
files/rpms-suse/opendaylight
files/rpms-suse/openvswitch
files/rpms-suse/postgresql
files/rpms-suse/quantum
files/rpms-suse/ryu
files/rpms-suse/swift
files/rpms-suse/sysstat
files/rpms-suse/trove
files/rpms/swift
files/rpms/sysstat
files/rpms/tempest
files/rpms/trove
files/screenrc
files/sources.list
files/sudo/nova
files/swift-account-server.conf
files/swift/account-server.conf
files/swift.conf
files/swift-container-server.conf
files/swift/container-server.conf
files/swift-object-server.conf
files/swift/object-server.conf
files/swift-proxy-server.conf
files/swift/proxy-server.conf
files/swift-remakerings
files/swift-rsyncd.conf
files/swift/rsyncd.conf
files/swift/rsyslog.conf
files/swift-startmain
files/swift/swift.conf
files/swift/swift-remakerings
files/swift/swift-startmain
functions
functions-common
HACKING.rst
lib/apache
lib/baremetal
lib/bigswitch_floodlight
lib/ceilometer
lib/ceph
lib/cinder
lib/cinder_backends/ceph
lib/cinder_backends/lvm
lib/cinder_backends/nfs
lib/cinder_plugins/glusterfs
lib/cinder_plugins/nfs
lib/cinder_plugins/sheepdog
lib/cinder_plugins/solidfire
lib/cinder_plugins/vsphere
lib/cinder_plugins/XenAPINFS
lib/config
lib/database
lib/databases/mysql
lib/databases/postgresql
lib/gantt
lib/glance
lib/heat
lib/horizon
lib/infra
lib/ironic
lib/keystone
lib/ldap
lib/marconi
lib/neutron
lib/neutron_plugins/bigswitch_floodlight
lib/neutron_plugins/brocade
lib/neutron_plugins/cisco
lib/neutron_plugins/embrane
lib/neutron_plugins/ibm
lib/neutron_plugins/linuxbridge
lib/neutron_plugins/linuxbridge_agent
lib/neutron_plugins/midonet
lib/neutron_plugins/ml2
lib/neutron_plugins/nec
lib/neutron_plugins/nicira
lib/neutron_plugins/nuage
lib/neutron_plugins/ofagent_agent
lib/neutron_plugins/oneconvergence
lib/neutron_plugins/openvswitch
lib/neutron_plugins/openvswitch_agent
lib/neutron_plugins/ovs_base
lib/neutron_plugins/plumgrid
lib/neutron_plugins/ryu
lib/neutron_plugins/services/firewall
lib/neutron_plugins/services/loadbalancer
lib/neutron_plugins/services/metering
lib/neutron_plugins/services/vpn
lib/neutron_plugins/vmware_nsx
lib/neutron_thirdparty/bigswitch_floodlight
lib/neutron_thirdparty/midonet
lib/neutron_thirdparty/nicira
lib/neutron_thirdparty/ryu
lib/neutron_thirdparty/trema
lib/neutron_thirdparty/vmware_nsx
lib/nova
lib/nova_plugins/functions-libvirt
lib/nova_plugins/hypervisor-baremetal
lib/nova_plugins/hypervisor-docker
lib/nova_plugins/hypervisor-fake
lib/nova_plugins/hypervisor-ironic
lib/nova_plugins/hypervisor-libvirt
lib/nova_plugins/hypervisor-openvz
lib/nova_plugins/hypervisor-powervm
lib/nova_plugins/hypervisor-vsphere
lib/nova_plugins/hypervisor-xenserver
lib/n-vol
lib/opendaylight
lib/oslo
lib/quantum
lib/quantum_plugins/agent_loadbalancer
lib/quantum_plugins/bigswitch_floodlight
lib/quantum_plugins/brocade
lib/quantum_plugins/cisco
lib/quantum_plugins/linuxbridge
lib/quantum_plugins/linuxbridge_agent
lib/quantum_plugins/ml2
lib/quantum_plugins/nec
lib/quantum_plugins/nicira
lib/quantum_plugins/openvswitch
lib/quantum_plugins/openvswitch_agent
lib/quantum_plugins/ovs_base
lib/quantum_plugins/plumgrid
lib/quantum_plugins/ryu
lib/quantum_plugins/services/agent_loadbalancer
lib/quantum_plugins/services/loadbalancer
lib/quantum_thirdparty/bigswitch_floodlight
lib/quantum_thirdparty/nicira
lib/quantum_thirdparty/ryu
lib/quantum_thirdparty/trema
lib/rpc_backend
lib/ryu
lib/sahara
lib/sahara-dashboard
lib/savanna
lib/savanna-dashboard
lib/stackforge
lib/swift
lib/tempest
lib/template
lib/tls
lib/trove
lib/zaqar
LICENSE
lxc/lxc_stack.sh
lxc/lxc-stack.sh
lxc_network_hostonlyplusnat.sh
MAINTAINERS.rst
make_image.sh
make_pxe.sh
natty
openrc
pips/dash
README
README.md
rejoin-stack.sh
run_tests.sh
samples/local.conf
samples/localrc
samples/local.sh
sources.list
stackrc
stackrc.example
stack.sh
tests/functions.sh
tests/test_config.sh
tests/test_ini.sh
tests/test_ip.sh
tools/bash8.py
tools/build_bm_multi.sh
tools/build_bm.sh
tools/build_ci_config.sh
tools/build_docs.sh
tools/build_kvm.sh
tools/build_libvirt.sh
tools/build_lxc_multi.sh
tools/build_lxc.sh
tools/build_nfs.sh
tools/build_pxe_boot.sh
tools/build_pxe_env.sh
tools/build_ramdisk.sh
tools/build_tempest.sh
tools/build_uec_ramdisk.sh
tools/build_uec.sh
tools/build_usb_boot.sh
tools/configure_tempest.sh
tools/copy_dev_environment_to_uec.sh
tools/create-stack-user.sh
tools/create_userrc.sh
tools/docker/install_docker.sh
tools/fixup_stuff.sh
tools/get_uec_image.sh
tools/image_list.sh
tools/info.sh
tools/install_openvpn.sh
tools/install_pip.sh
tools/install_prereqs.sh
tools/ironic/scripts/cleanup-nodes
tools/ironic/scripts/configure-vm
tools/ironic/scripts/create-nodes
tools/ironic/scripts/setup-network
tools/ironic/templates/brbm.xml
tools/ironic/templates/tftpd-xinetd.template
tools/ironic/templates/vm.xml
tools/jenkins/adapters/euca.sh
tools/jenkins/adapters/floating_ips.sh
tools/jenkins/adapters/floating.sh
tools/jenkins/adapters/swift.sh
tools/jenkins/adapters/volumes.sh
tools/jenkins/build_configuration.sh
tools/jenkins/build_jenkins.sh
tools/jenkins/configurations/kvm.sh
tools/jenkins/configurations/xs.sh
tools/jenkins/home/build_jenkins.sh
tools/jenkins/home/jobs/kvm/configurations/axis-ADAPTER/euca/config.xml
tools/jenkins/home/jobs/kvm/configurations/axis-ADAPTER/floatingips/config.xml
tools/jenkins/home/jobs/kvm/config.xml
tools/jenkins/home/jobs/kvm/nextBuildNumber
tools/jenkins/jenkins_home/build_jenkins.sh
tools/jenkins/jenkins_home/clean.sh
tools/jenkins/jenkins_home/jobs/diablo-kvm_ha/configurations/axis-ADAPTER/euca/config.xml
tools/jenkins/jenkins_home/jobs/diablo-kvm_ha/configurations/axis-ADAPTER/floatingips/config.xml
tools/jenkins/jenkins_home/jobs/diablo-kvm_ha/config.xml
tools/jenkins/jenkins_home/jobs/diablo-xs_ha/config.xml
tools/jenkins/jenkins_home/jobs/kvm/configurations/axis-ADAPTER/euca/config.xml
tools/jenkins/jenkins_home/jobs/kvm/configurations/axis-ADAPTER/floatingips/config.xml
tools/jenkins/jenkins_home/jobs/kvm/config.xml
tools/jenkins/jenkins_home/jobs/kvm/nextBuildNumber
tools/jenkins/jenkins_home/print_summary.py
tools/jenkins/run_test.sh
tools/lxc_network_hostonlyplusnat.sh
tools/make_cert.sh
tools/make_image.sh
tools/outfilter.py
tools/rfc.sh
tools/sar_filter.py
tools/setup_stack_user.sh
tools/uec/meta-data
tools/uec/meta.py
tools/uec/user-data
tools/upload_image.sh
tools/warm_apts_and_pips_for_uec.sh
tools/warm_apts_and_pips.sh
tools/warm_apts_for_uec.sh
tools/worlddump.py
tools/xen/build_domU_multi.sh
tools/xen/build_domU.sh
tools/xen/build_xva.sh
tools/xen/devstackubuntupreseed.cfg
tools/xen/files/fstab
tools/xen/files/hvc0.conf
tools/xen/functions
tools/xen/install_domU_multi.sh
tools/xen/install_os_domU.sh
tools/xen/mocks
tools/xen/prepare_dom0.sh
tools/xen/prepare_guest.sh
tools/xen/prepare_guest_template.sh
tools/xen/scripts/install-os-vpx.sh
tools/xen/scripts/install_ubuntu_template.sh
tools/xen/scripts/manage-vdi
tools/xen/scripts/mkxva
tools/xen/scripts/on_exit.sh
tools/xen/scripts/templatedelete.sh
tools/xen/scripts/uninstall-os-vpx.sh
tools/xen/scripts/xenoneirictemplate.sh
tools/xen/templates/hosts.in
tools/xen/templates/interfaces.in
tools/xen/templates/menu.lst.in
tools/xen/templates/ova.xml.in
tools/xen/test_functions.sh
tools/xen/xenrc
unstack.sh
upload_image.sh
