benchmark/benchmark.py
benchmark/filters.d/ip.filters
benchmark/rootwrap.conf
CONTRIBUTING.rst
etc/openstack-common.conf.test
etc/oslo/rootwrap.conf
etc/oslo-rootwrap/rootwrap.conf
etc/oslo.rootwrap/rootwrap.conf
etc/rootwrap.conf.sample
LICENSE
MANIFEST.in
openstack/common/rootwrap/cmd.py
openstack/common/rootwrap/filters.py
openstack/common/rootwrap/__init__.py
openstack/common/rootwrap/wrapper.py
oslo/__init__.py
oslo/rootwrap/cmd.py
oslo/rootwrap/filters.py
oslo/rootwrap/__init__.py
oslo/rootwrap/wrapper.py
README.rst
requirements.txt
setup.cfg
setup.py
.testr.conf
test-requirements.txt
tests/__init__.py
tests/test_functional.py
tests/test_rootwrap.py
tests/unit/test_rootwrap.py
tox.ini
