doc-test.conf
doc-tools-check-languages.conf
glossary/glossary-terms.xml
security-guide/acknowledgements.xml
security-guide/bk-openstack-sec-guide.xml
security-guide/bk-openstack-security-guide.xml
security-guide/case-studies-system-documentation.xml
security-guide/ch001_acknowledgements.xml
security-guide/ch002_why-and-how-we-wrote-this-book.xml
security-guide/ch004_book-introduction.xml
security-guide/ch005_security-domains.xml
security-guide/ch006_introduction-to-case-studies.xml
security-guide/ch008_system-roles-types.xml
security-guide/ch009_case-studies.xml
security-guide/ch011_management-introduction.xml
security-guide/ch012_configuration-management.xml
security-guide/ch013_node-bootstrapping.xml
security-guide/ch014_best-practices-for-operator-mode-access.xml
security-guide/ch015_case-studies-management.xml
security-guide/ch017_threat-models-confidence-and-confidentiality.xml
security-guide/ch018_case-studies-pkissl.xml
security-guide/ch020_ssl-everywhere.xml
security-guide/ch021_paste-and-middleware.xml
security-guide/ch022_case-studies-api-endpoints.xml
security-guide/ch024_authentication.xml
security-guide/ch025_web-dashboard.xml
security-guide/ch026_compute.xml
security-guide/ch027_storage.xml
security-guide/ch028_case-studies-identity-management.xml
security-guide/ch030_state-of-networking.xml
security-guide/ch031_neutron-architecture.xml
security-guide/ch032_networking-best-practices.xml
security-guide/ch033_securing-neutron-services.xml
security-guide/ch034_tenant-secure-networking-best-practices.xml
security-guide/ch035_case-studies-networking.xml
security-guide/ch037_risks.xml
security-guide/ch038_transport-security.xml
security-guide/ch039_case-studies-messaging.xml
security-guide/ch041_database-backend-considerations.xml
security-guide/ch042_database-overview.xml
security-guide/ch043_database-transport-security.xml
security-guide/ch044_case-studies-database.xml
security-guide/ch046_data-residency.xml
security-guide/ch047_data-encryption.xml
security-guide/ch048_key-management.xml
security-guide/ch049_case-studies-tenant-data.xml
security-guide/ch051_vss-intro.xml
security-guide/ch052_devices.xml
security-guide/ch053_case-studies-instance-isolation.xml
security-guide/ch055_security-services-for-instances.xml
security-guide/ch056_case-studies-instance-management.xml
security-guide/ch058_forensicsincident-response.xml
security-guide/ch059_case-studies-monitoring-logging.xml
security-guide/ch061_compliance-overview.xml
security-guide/ch062_audit-guidance.xml
security-guide/ch063_compliance-activities.xml
security-guide/ch064_certifications-compliance-statements.xml
security-guide/ch065_privacy.xml
security-guide/ch066_case-studies-compliance.xml
security-guide/ch_acknowledgements.xml
security-guide/ch_api-endpoint-configuration-recommendations.xml
security-guide/ch_api-endpoints.xml
security-guide/ch_case-studies-api-endpoints.xml
security-guide/ch_case-studies-compliance.xml
security-guide/ch_case-studies-database.xml
security-guide/ch_case-studies-identity-management.xml
security-guide/ch_case-studies-instance-isolation.xml
security-guide/ch_case-studies-instance-management.xml
security-guide/ch_case-studies-management-interfaces.xml
security-guide/ch_case-studies-messaging.xml
security-guide/ch_case-studies-monitoring-and-logging.xml
security-guide/ch_case-studies-networking.xml
security-guide/ch_case-studies-pki-and-certificate-management.xml
security-guide/ch_case-studies-system-documentation.xml
security-guide/ch_case-studies-tenant-data.xml
security-guide/ch_certification-and-compliance-statements.xml
security-guide/ch_compliance-activities.xml
security-guide/ch_compliance-overview.xml
security-guide/ch_compliance.xml
security-guide/ch_compute.xml
security-guide/ch_continuous-systems-management.xml
security-guide/ch_dashboard.xml
security-guide/ch_database-access-control.xml
security-guide/ch_database-backend-considerations.xml
security-guide/ch_databases.xml
security-guide/ch_database-transport-security.xml
security-guide/ch_data-encryption.xml
security-guide/ch_data-privacy-concerns.xml
security-guide/ch_documentation.xml
security-guide/ch_forensics-and-incident-response.xml
security-guide/ch_hardening-the-virtualization-layers.xml
security-guide/ch_hypervisor-selection.xml
security-guide/ch_hypervisor.xml
security-guide/ch_identity.xml
security-guide/ch_instance-management.xml
security-guide/ch_integrity-life-cycle.xml
security-guide/ch_introduction-to-case-studies.xml
security-guide/ch_introduction-to-openstack.xml
security-guide/ch_introduction-to-ssl-tls.xml
security-guide/ch_introduction.xml
security-guide/ch_key-management.xml
security-guide/ch_management-interfaces.xml
security-guide/ch_management-introduction.xml
security-guide/ch_management.xml
security-guide/ch_message-queuing-architecture.xml
security-guide/ch_messaging-security.xml
security-guide/ch_messaging.xml
security-guide/ch_monitoring-logging.xml
security-guide/ch_networking-architecture.xml
security-guide/ch_networking-services-security-best-practices.xml
security-guide/ch_networking-services.xml
security-guide/ch_networking.xml
security-guide/ch_object-storage.xml
security-guide/ch_privacy.xml
security-guide/ch_secure_communication.xml
security-guide/ch_securing-openstack-networking-services.xml
security-guide/ch_security-boundaries-and-threats.xml
security-guide/ch_security-services-for-instances.xml
security-guide/ch_ssl-proxies-and-http-services.xml
security-guide/ch_state-of-networking.xml
security-guide/ch_system-documentation-requirements.xml
security-guide/ch_tenant-data.xml
security-guide/ch_understanding-the-audit-process.xml
security-guide/ch_why-and-how-we-wrote-this-book.xml
security-guide/continuous-systems-management.xml
security-guide/glossary-terms.xml
security-guide/integrity-life-cycle.xml
security-guide/introduction-to-case-studies.xml
security-guide/introduction-to-openstack.xml
security-guide/management-introduction.xml
security-guide/openstack.ent
security-guide/pom.xml
security-guide/roadmap.rst
security-guide/section_acknowledgements.xml
security-guide/section_api-endpoint-configuration-recommendations.xml
security-guide/section_case-studies-api-endpoints.xml
security-guide/section_case-studies-compliance.xml
security-guide/section_case-studies-database.xml
security-guide/section_case-studies-instance-isolation.xml
security-guide/section_case-studies-instance-management.xml
security-guide/section_case-studies-management-interfaces.xml
security-guide/section_case-studies-messaging.xml
security-guide/section_case-studies-monitoring-and-logging.xml
security-guide/section_case-studies-networking.xml
security-guide/section_case-studies-pki-and-certificate-management.xml
security-guide/section_case-studies-system-documentation.xml
security-guide/section_case-studies-tenant-data.xml
security-guide/section_certification-and-compliance-statements.xml
security-guide/section_compliance-activities.xml
security-guide/section_compliance-overview.xml
security-guide/section_continuous-systems-management.xml
security-guide/section_database-access-control.xml
security-guide/section_database-backend-considerations.xml
security-guide/section_database-transport-security.xml
security-guide/section_data-encryption.xml
security-guide/section_data-privacy-concerns.xml
security-guide/section_forensics-and-incident-response.xml
security-guide/section_hardening-the-virtualization-layers.xml
security-guide/section_hypervisor-selection.xml
security-guide/section_integrity-life-cycle.xml
security-guide/section_introduction-to-case-studies.xml
security-guide/section_introduction-to-openstack.xml
security-guide/section_introduction-to-ssl-tls.xml
security-guide/section_key-management.xml
security-guide/section_management-interfaces.xml
security-guide/section_management-introduction.xml
security-guide/section_message-queuing-architecture.xml
security-guide/section_messaging-security.xml
security-guide/section_networking-architecture.xml
security-guide/section_networking-services-security-best-practices.xml
security-guide/section_networking-services.xml
security-guide/section_privacy.xml
security-guide/section_securing-openstack-networking-services.xml
security-guide/section_security-boundaries-and-threats.xml
security-guide/section_security-services-for-instances.xml
security-guide/section_ssl-proxies-and-http-services.xml
security-guide/section_state-of-networking.xml
security-guide/section_system-documentation-requirements.xml
security-guide/section_understanding-the-audit-process.xml
security-guide/section_why-and-how-we-wrote-this-book.xml
security-guide/security-boundaries-and-threats.xml
security-guide/static/floss_badge_transp.gif
security-guide/static/node-provisioning-pxe.graffle
security-guide/static/Openstack_Networking_Service_Communication_Channels.JPG
security-guide/static/Quantum_Components_Communication_1.JPG
security-guide/static/Quantum_Components_Communication.JPG
security-guide/static/secure-boot-arch.graffle
security-guide/system-documentation-requirements.xml
security-guide/why-and-how-we-wrote-this-book.xml
security-notes/OSSN-0001
security-notes/OSSN-0002
security-notes/OSSN-0003
security-notes/OSSN-0004
security-notes/OSSN-0005
security-notes/OSSN-0006
security-notes/OSSN-0007
security-notes/OSSN-0008
security-notes/OSSN-0009
security-notes/OSSN-0010
security-notes/OSSN-0011
security-notes/OSSN-0012
security-notes/OSSN-0013
security-notes/OSSN-0014
security-notes/OSSN-0015
security-notes/OSSN-0016
security-notes/OSSN-0017
security-notes/OSSN-0018
security-notes/OSSN-0019
security-notes/OSSN-0021
security-notes/OSSN-0022
security-notes/template.txt
test-requirements.txt
tools/generatepot
tools/test-languages.sh
tox.ini
