alarm.py
commit_tracker.py
debian/changelog
debian/compat
debian/control
debian/copyright
debian/rules
dependencies.txt
HACKING.rst
kafka_consumer.py
LICENSE
main.py
monasca_notification/__init__.py
monasca_notification/main.py
monasca_notification/notification_exceptions.py
monasca_notification/notification.py
monasca_notification/processors/alarm_processor.py
monasca_notification/processors/base.py
monasca_notification/processors/__init__.py
monasca_notification/processors/kafka_consumer.py
monasca_notification/processors/notification_processor.py
monasca_notification/processors/sent_notification_processor.py
monasca_notification/state_tracker.py
mon_notification/__init__.py
mon-notification/__init__.py
mon_notification/main.py
mon-notification/main.py
mon_notification/notification_exceptions.py
mon-notification/notification_exceptions.py
mon_notification/notification.py
mon-notification/notification.py
mon_notification/processors/alarm_processor.py
mon-notification/processors/alarm_processor.py
mon_notification/processors/base.py
mon_notification/processors/__init__.py
mon-notification/processors/__init__.py
mon_notification/processors/kafka_consumer.py
mon-notification/processors/kafka_consumer.py
mon_notification/processors/notification_processor.py
mon-notification/processors/notification_processor.py
mon_notification/processors/sent_notification_processor.py
mon-notification/processors/sent_notification_processor.py
mon_notification/state_tracker.py
mon-notification/state_tracker.py
notification_exceptions.py
notification.py
notifications/email.py
notifications/__init__.py
notification.yaml
processors/alarm.py
processors/__init__.py
processors/kafka_consumer.py
processors/notification.py
processors/sent_notification.py
README.md
requirements.txt
setup.cfg
setup.py
state_tracker.py
test/invalid.json
test/no-op.json
test/notify.json
test-requirements.txt
test/sample_notifications.sql
tests/__init__.py
tests/manual/invalid.json
tests/manual/no-op.json
tests/manual/notify.json
tests/manual/sample_notifications.sql
tests/test_alarm_processor.py
tests/test_notification_processor.py
tests/test_notification.py
tests/test_state_tracker.py
tools/monasca_notification_offsets.py
tools/mon_notification_offsets.py
tox.ini
