AUTHORS
bin/swift
CHANGELOG
CONTRIBUTING.md
.coveragerc
doc/manpages/swift.1
doc/source/conf.py
doc/source/index.rst
doc/source/_static/.empty
doc/source/swiftclient.rst
doc/source/_templates/.empty
.functests
LICENSE
MANIFEST.in
openstack-common.conf
README.rst
requirements.txt
run_tests.sh
setup.cfg
setup.py
swiftclient/client.py
swiftclient/command_helpers.py
swiftclient/exceptions.py
swiftclient/https_connection.py
swiftclient/__init__.py
swiftclient/multithreading.py
swiftclient/openstack/common/__init__.py
swiftclient/openstack/common/setup.py
swiftclient/openstack/common/version.py
swiftclient/openstack/__init__.py
swiftclient/shell.py
swiftclient/utils.py
swiftclient/version.py
.testr.conf
test-requirements.txt
tests/functional/__init__.py
tests/functional/test_swiftclient.py
tests/__init__.py
tests/sample.conf
tests/test_client.py
tests/test_command_helpers.py
tests/test_multithreading.py
tests/test_shell.py
tests/test_swiftclient.py
tests/test_utils.py
tests/unit/__init__.py
tests/unit/test_command_helpers.py
tests/unit/test_multithreading.py
tests/unit/test_shell.py
tests/unit/test_swiftclient.py
tests/unit/test_utils.py
tests/unit/utils.py
tests/utils.py
tools/pip-requires
tools/test-requires
tox.ini
.unittests
