CONTRIBUTING.rst
.coveragerc
doc/source/conf.py
doc/source/contributing.rst
doc/source/index.rst
doc/source/installation.rst
doc/source/readme.rst
doc/source/usage.rst
HACKING.rst
LICENSE
MANIFEST.in
openstack-common.conf
openstack/common/middleware/base.py
openstack/common/middleware/catch_errors.py
openstack/common/middleware/correlation_id.py
openstack/common/middleware/debug.py
openstack/common/middleware/request_id.py
openstack/common/middleware/sizelimit.py
oslo/__init__.py
oslo/middleware/base.py
oslo/middleware/catch_errors.py
oslo/middleware/correlation_id.py
oslo/middleware/debug.py
oslo/middleware/i18n.py
oslo/middleware/__init__.py
oslo/middleware/openstack/common/context.py
oslo/middleware/openstack/common/fixture/config.py
oslo/middleware/openstack/common/fixture/__init__.py
oslo/middleware/openstack/common/gettextutils.py
oslo/middleware/openstack/common/__init__.py
oslo/middleware/openstack/__init__.py
oslo/middleware/request_id.py
oslo/middleware/sizelimit.py
README.rst
requirements.txt
setup.cfg
setup.py
.testr.conf
test-requirements.txt
tests/base.py
tests/__init__.py
tests/test_catch_errors.py
tests/test_correlation_id.py
tests/test_middleware.py
tests/test_request_id.py
tests/test_sizelimit.py
tests/unit/middleware/test_catch_errors.py
tests/unit/middleware/test_correlation_id.py
tests/unit/middleware/test_request_id.py
tests/unit/middleware/test_sizelimit.py
tools/run_cross_tests.sh
tox.ini
