bin/adapter_api.py
bin/adapter-api.py
bin/adapter_db.py
bin/adapter-db.py
bin/__init__.py
bin/testingadapter.conf
core/api/app.py
core/api/controllers/__init__.py
core/api/controllers/root.py
core/api/controllers/v1.py
core/api/hooks.py
core/api/__init__.py
core/api.py
core/commands.yaml
core/common/__init__.py
core/common/logger.py
core/__init__.py
core/parser/__init__.py
core/storage/base.py
core/storage/__init__.py
core/storage/redis_storage.py
core/storage/sql/alembic.ini
core/storage/sql/cli.py
core/storage/sql/__init__.py
core/storage/sql/migrations/env.py
core/storage/sql/migrations/script.py.mako
core/storage/sql/migrations/versions/163e0c119e12_test_model_taken_fie.py
core/storage/sql/migrations/versions/1fcb29d29e03_initial_migration.py
core/storage/sql/migrations/versions/b739e5a3653_initial_migration.py
core/storage/sql/models.py
core/storage/sql_storage.py
core/transport/base.py
core/transport/config_templates/tempest.conf
core/transport/__init__.py
core/transport/jenkins_adapter.py
core/transport/manager.py
core/transport/nose_adapter.py
core/transport/simple.py
core/wsgi/app.py
core/wsgi/config.py
core/wsgi/controllers/__init__.py
core/wsgi/controllers/root.py
core/wsgi/controllers/v1.py
core/wsgi/hooks.py
core/wsgi/__init__.py
.coverage
data/commands.backup
data/commands.json
data/v1_description.json
etc/testing_adapter.conf
etc/testing_adapter.conf.sample
etc/testingadapter.conf.sample
functional/base.py
functional/client.py
functional/config.py
functional/dummy_tests/config_test.py
functional/dummy_tests/general_test.py
functional/dummy_tests/__init__.py
functional/dummy_tests/stopped_test.py
functional/__init__.py
functional/manual/create_and_kill.py
functional/manual/post_testrun.py
functional/manual/post_test_run_with_tests.py
functional/manual/put_test_run_with_tests.py
functional/manual/update_testrun.py
functional/run_functional_tests.sh
functional/scenario.py
functional/test_general_flow.py
functional/tests.py
MANIFEST.in
nosetests.xml
ostf_adapter/api.py
ostf_adapter/cli_config.py
ostf_adapter/commands.json
ostf_adapter/common/__init__.py
ostf_adapter/common/logger.py
ostf_adapter/config_templates.json
ostf_adapter/exceptions.py
ostf_adapter/__init__.py
ostf_adapter/logger.py
ostf_adapter/nailgun_hooks.py
ostf_adapter/nose_adapter/__init__.py
ostf_adapter/nose_adapter/nose_adapter.py
ostf_adapter/nose_adapter/nose_storage_plugin.py
ostf_adapter/nose_adapter/nose_utils.py
ostf_adapter/nose_plugin/commands.json
ostf_adapter/nose_plugin/__init__.py
ostf_adapter/nose_plugin/nose_adapter.py
ostf_adapter/nose_plugin/nose_discovery.py
ostf_adapter/nose_plugin/nose_storage_plugin.py
ostf_adapter/nose_plugin/nose_test_result.py
ostf_adapter/nose_plugin/nose_test_runner.py
ostf_adapter/nose_plugin/nose_utils.py
ostf_adapter/storage/alembic_cli.py
ostf_adapter/storage/alembic.ini
ostf_adapter/storage/base.py
ostf_adapter/storage/cli.py
ostf_adapter/storage/engine.py
ostf_adapter/storage/fields.py
ostf_adapter/storage/__init__.py
ostf_adapter/storage/migrations/env.py
ostf_adapter/storage/migrations/__init__.py
ostf_adapter/storage/migrations/script.py.mako
ostf_adapter/storage/migrations/versions/12340edd992d_add_status_field_to_.py
ostf_adapter/storage/migrations/versions/1b28f7bc6476_database_refactoring.py
ostf_adapter/storage/migrations/versions/1e2c38f575fb_storage_refactor.py
ostf_adapter/storage/migrations/versions/1fcb29d29e03_initial_migration.py
ostf_adapter/storage/migrations/versions/3e45add6471_add_title_column.py
ostf_adapter/storage/migrations/versions/4e9905279776_add_started_at_ended.py
ostf_adapter/storage/models.py
ostf_adapter/storage/sql/alembic.ini
ostf_adapter/storage/sql/cli.py
ostf_adapter/storage/sql/__init__.py
ostf_adapter/storage/sql/migrations/env.py
ostf_adapter/storage/sql/migrations/__init__.py
ostf_adapter/storage/sql/migrations/script.py.mako
ostf_adapter/storage/sql/migrations/versions/12340edd992d_add_status_field_to_.py
ostf_adapter/storage/sql/migrations/versions/1e2c38f575fb_storage_refactor.py
ostf_adapter/storage/sql/migrations/versions/1fcb29d29e03_initial_migration.py
ostf_adapter/storage/sql/migrations/versions/4e9905279776_add_started_at_ended.py
ostf_adapter/storage/sql/migrations/versions/__init__.py
ostf_adapter/storage/sql/models.py
ostf_adapter/storage/sql_storage.py
ostf_adapter/storage/storage_utils.py
ostf_adapter/transport/base.py
ostf_adapter/transport/__init__.py
ostf_adapter/transport/nose_adapter.py
ostf_adapter/transport/nose_storage_plugin.py
ostf_adapter/transport/nose_utils.py
ostf_adapter/wsgi/app.py
ostf_adapter/wsgi/controllers/__init__.py
ostf_adapter/wsgi/controllers.py
ostf_adapter/wsgi/controllers/root.py
ostf_adapter/wsgi/controllers/v1.py
ostf_adapter/wsgi/exposed.py
ostf_adapter/wsgi/hooks.py
ostf_adapter/wsgi/__init__.py
ostf_adapter/wsgi/root.py
ostf_adapter/wsgi/v1.py
ostf_client/client.py
ostf_client/__init__.py
ostf_client/ostf_client/client.py
ostf_client/ostf_client/__init__.py
ostf_client/ostf_client/ostf.py
ostf_client/ostf.py
ostf_client/setup.cfg
ostf_client/setup.py
README.md
README.rst
setup.py
testing-adapter.egg-info/entry_points.txt
tests/functional/dummy_tests/general_test.py
tests/functional/dummy_tests/__init__.py
tests/functional/dummy_tests/stopped_test.py
tests/functional/__init__.py
tests/functional/test_general_flow.py
tests/__init__.py
tests/nosetests.xml
tests/test_api.py
tests/test_jenkins_adapter.py
tests/test_nose_adapter.py
tests/test_nose_discovery.py
tests/test_nose_driver.py
tests/test_nose_storage_plugin.py
tests/test_redis_storage.py
tests/test_sql_storage.py
tests/tests_simple_transport.py
tests/tests_wsgi_interface.py
tests/tests_wsgi.py
tests/test_v1_rest_api.py
tests/test_wsgi_controllers.py
tests/utils/db_manage.sh
tests/utils/__init__.py
tests/utils/update_commands.py
test_utils/cluster_id.py
test_utils/commands
test_utils/db_manage.sh
test_utils/__init__.py
test_utils/ostf.py
test_utils/pylintrc
test_utils/update_commands.py
tools/commands-requires
tools/pip-requires
tools/test-requires
tox.ini
utils/db_manage.sh
utils/__init__.py
utils/update_commands.py
