datasets/datasets_devstack_131007/131007_devstack_export/config.json
datasets/datasets_devstack_131007/131007_devstack_export/input.json
datasets/datasets_devstack_150/datasets_devstack_150/config.json
datasets/datasets_devstack_150/datasets_devstack_150/input.json
datasets/datasets_trivial_500/nova_trivial_500/config.json
datasets/datasets_trivial_500/nova_trivial_500/input.json
datasets/datasets_trivial_6000/nova_trivial_6000/config.json
datasets/datasets_trivial_6000/nova_trivial_6000/input.json
datasets/datasets_user_001/user_001/config.json
datasets/datasets_user_001/user_001/input.json
datasets/datasets_user_002/user_002/config.json
datasets/datasets_user_002/user_002/input.json
datasets/some_dataset_example/config.json
datasets/some_dataset_example/logging.conf
debug.log
doc/source/configuration.rst
doc/source/conf.py
doc/source/index.rst
doc/source/installation.rst
doc/source/intro.rst
doc/source/running.rst
doc/source/structure.rst
etc/config.init
etc/config.json
etc/init.d/turbo-hipster
etc/logrotate.d/mysql-server
etc/logrotate.d/rsyslog
etc/mysql/my.cnf
etc/rc.local
etc/sql-migrate-gearman-worker.json
etc/sudoers
etc/turbo-hipster/config.json
etc/turbo-hipster/config.yaml
etc/turbo-hipster.init
etc/turbo-hipster.json
etc/worker_server.init
lib/__init__.py
lib/utils.py
LICENSE
README.md
requirements.txt
results.json
setup.cfg
setup.py
task_plugins/gate_real_db_upgrade/__init__.py
task_plugins/gate_real_db_upgrade/task.py
task_plugins/gate_real_db_upgrade/test_sqlalchemy_migrations.sh
task_plugins/__init__.py
testing.log
.testr.conf
test-requirements.txt
tests/assets/20131007_devstack_export.log
tests/assets/logcontent
tests/assets/user_001.log
tests/base.py
tests/datasets/some_dataset_example/config.json
tests/datasets/some_dataset_example/logging.conf
tests/etc/conf.d/extra.yaml
tests/etc/config.json
tests/etc/config.yaml
tests/etc/default-config.yaml
tests/etc/jjb-config.yaml
tests/etc/shutdown-config.yaml
tests/fakes.py
tests/fixtures/default-config.json
tests/__init__.py
tests/lib/test_utils.py
tests/task_plugins/gate_real_db_upgrade/__init__.py
tests/task_plugins/gate_real_db_upgrade/test_handle_results.py
tests/task_plugins/gate_real_db_upgrade/test_upgrade_task.py
tests/task_plugins/__init__.py
tests/test_common.py
tests/test_jjb_runner.py
tests/test_real_db_upgrade.py
tests/test_utils.py
tests/test_worker_manager.py
tests/test_worker_server.py
tools/push_to_cloudfiles.py
tools/setup_software.sh
tools/zuul_enqueue.py
tox.ini
turbo_hipster/analyse_historical.py
turbo_hipster/cmd/analyse_historical.py
turbo_hipster/cmd/__init__.py
turbo_hipster/cmd/queue_logger.py
turbo_hipster/cmd/report_historical.py
turbo_hipster/cmd/server.py
turbo_hipster/__init__.py
turbo_hipster/lib/common.py
turbo_hipster/lib/gerrit-git-prep.sh
turbo_hipster/lib/__init__.py
turbo_hipster/lib/models.py
turbo_hipster/lib/utils.py
turbo_hipster/queue_logger.py
turbo_hipster/report_historical.py
turbo_hipster/task_plugins/gate_real_db_upgrade/baseline.sh
turbo_hipster/task_plugins/gate_real_db_upgrade/datasets/some_dataset_example/config.json
turbo_hipster/task_plugins/gate_real_db_upgrade/datasets/some_dataset_example/logging.conf
turbo_hipster/task_plugins/gate_real_db_upgrade/datasets/some_dataset_example/nova.sql
turbo_hipster/task_plugins/gate_real_db_upgrade/gerrit-git-prep.sh
turbo_hipster/task_plugins/gate_real_db_upgrade/handle_results.py
turbo_hipster/task_plugins/gate_real_db_upgrade/__init__.py
turbo_hipster/task_plugins/gate_real_db_upgrade/makenetnamespace.sh
turbo_hipster/task_plugins/gate_real_db_upgrade/mysql_migrations.sh
turbo_hipster/task_plugins/gate_real_db_upgrade/nova-manage-wrapper
turbo_hipster/task_plugins/gate_real_db_upgrade/nova-manage-wrapper.sh
turbo_hipster/task_plugins/gate_real_db_upgrade/nova_mysql_migrations.sh
turbo_hipster/task_plugins/gate_real_db_upgrade/task.py
turbo_hipster/task_plugins/gate_real_db_upgrade/test_sqlalchemy_migrations.sh
turbo_hipster/task_plugins/__init__.py
turbo_hipster/task_plugins/jjb_runner/__init__.py
turbo_hipster/task_plugins/jjb_runner/task.py
turbo_hipster/task_plugins/real_db_upgrade/baseline.sh
turbo_hipster/task_plugins/real_db_upgrade/handle_results.py
turbo_hipster/task_plugins/real_db_upgrade/__init__.py
turbo_hipster/task_plugins/real_db_upgrade/makenetnamespace.sh
turbo_hipster/task_plugins/real_db_upgrade/nova-manage-wrapper.sh
turbo_hipster/task_plugins/real_db_upgrade/nova_mysql_migrations.sh
turbo_hipster/task_plugins/real_db_upgrade/task.py
turbo_hipster/task_plugins/shell_script/__init__.py
turbo_hipster/task_plugins/shell_script/task.py
turbo_hipster/tests/__init__.py
turbo_hipster/tests/test_worker_server.py
turbo_hipster/worker_manager.py
turbo_hipster/worker_server.py
worker_manager.py
worker_server.py
