bin/gceapi-db-setup
etc/gceapi/api-paste.ini
etc/gceapi/gceapi.conf
etc/gceapi/gceapi.conf.sample
etc/gceapi/protocols/v1.json
gceapi/api/address_api.py
gceapi/api/addresses.py
gceapi/api/address_neutron_api.py
gceapi/api/address_nova_api.py
gceapi/api/base_api.py
gceapi/api/clients.py
gceapi/api/common.py
gceapi/api/compute/v1.json
gceapi/api/discovery.py
gceapi/api/disk_api.py
gceapi/api/disks.py
gceapi/api/firewall_api.py
gceapi/api/firewalls.py
gceapi/api/image_api.py
gceapi/api/images.py
gceapi/api/__init__.py
gceapi/api/instance_address_api.py
gceapi/api/instance_api.py
gceapi/api/instance_disk_api.py
gceapi/api/instances.py
gceapi/api/machine_type_api.py
gceapi/api/machine_types.py
gceapi/api/network_api.py
gceapi/api/network_neutron_api.py
gceapi/api/network_nova_api.py
gceapi/api/networks.py
gceapi/api/oauth.py
gceapi/api/operation_api.py
gceapi/api/operations.py
gceapi/api/operation_util.py
gceapi/api/project_api.py
gceapi/api/projects.py
gceapi/api/region_api.py
gceapi/api/regions.py
gceapi/api/route_api.py
gceapi/api/route_neutron_api.py
gceapi/api/route_nova_api.py
gceapi/api/routes.py
gceapi/api/scopes.py
gceapi/api/snapshot_api.py
gceapi/api/snapshots.py
gceapi/api/utils.py
gceapi/api/wsgi.py
gceapi/api/zone_api.py
gceapi/api/zones.py
gceapi/auth.py
gceapi/cmd/api.py
gceapi/cmd/__init__.py
gceapi/cmd/manage.py
gceapi/config.py
gceapi/context.py
gceapi/db/api.py
gceapi/db/__init__.py
gceapi/db/migration.py
gceapi/db/sqlalchemy/api.py
gceapi/db/sqlalchemy/__init__.py
gceapi/db/sqlalchemy/migrate_repo/__init__.py
gceapi/db/sqlalchemy/migrate_repo/manage.py
gceapi/db/sqlalchemy/migrate_repo/migrate.cfg
gceapi/db/sqlalchemy/migrate_repo/versions/001_icehouse.py
gceapi/db/sqlalchemy/migrate_repo/versions/__init__.py
gceapi/db/sqlalchemy/migration.py
gceapi/db/sqlalchemy/models.py
gceapi/exception.py
gceapi/__init__.py
gceapi/openstack/common/db/api.py
gceapi/openstack/common/db/exception.py
gceapi/openstack/common/db/__init__.py
gceapi/openstack/common/db/sqlalchemy/__init__.py
gceapi/openstack/common/db/sqlalchemy/migration.py
gceapi/openstack/common/db/sqlalchemy/models.py
gceapi/openstack/common/db/sqlalchemy/provision.py
gceapi/openstack/common/db/sqlalchemy/session.py
gceapi/openstack/common/db/sqlalchemy/test_migrations.py
gceapi/openstack/common/db/sqlalchemy/utils.py
gceapi/openstack/common/eventlet_backdoor.py
gceapi/openstack/common/excutils.py
gceapi/openstack/common/gettextutils.py
gceapi/openstack/common/importutils.py
gceapi/openstack/common/__init__.py
gceapi/openstack/common/jsonutils.py
gceapi/openstack/common/local.py
gceapi/openstack/common/log.py
gceapi/openstack/common/py3kcompat/__init__.py
gceapi/openstack/common/py3kcompat/urlutils.py
gceapi/openstack/common/test.py
gceapi/openstack/common/timeutils.py
gceapi/openstack/__init__.py
gceapi/paths.py
gceapi/service.py
gceapi/test.py
gceapi/tests/api/common.py
gceapi/tests/api/fake_cinder_client.py
gceapi/tests/api/fake_db.py
gceapi/tests/api/fake_glance_client.py
gceapi/tests/api/fake_keystone_client.py
gceapi/tests/api/fake_neutron_client.py
gceapi/tests/api/fake_nova_client.py
gceapi/tests/api/fake_request.py
gceapi/tests/api/__init__.py
gceapi/tests/api/test_addresses.py
gceapi/tests/api/test_disks.py
gceapi/tests/api/test_fields.py
gceapi/tests/api/test_firewalls.py
gceapi/tests/api/test_images.py
gceapi/tests/api/test_instances.py
gceapi/tests/api/test_machine_types.py
gceapi/tests/api/test_networks.py
gceapi/tests/api/test_operations.py
gceapi/tests/api/test_projects.py
gceapi/tests/api/test_regions.py
gceapi/tests/api/test_routes.py
gceapi/tests/api/test_snapshots.py
gceapi/tests/api/test_zones.py
gceapi/tests/api/utils.py
gceapi/tests/__init__.py
gceapi/version.py
gceapi/wsgi_ext.py
gceapi/wsgi.py
HACKING.rst
install.sh
LICENSE
MANIFEST.in
openstack-common.conf
README.rst
requirements.txt
run_tests.sh
setup.cfg
setup.py
.testr.conf
test-requirements.txt
tools/db/schema_diff.py
tools/enable-pre-commit-hook.sh
tools/install_venv_common.py
tools/install_venv.py
tools/lintstack.py
tools/lintstack.sh
tools/patch_tox_venv.py
tools/regression_tester.py
tools/with_venv.sh
tox.ini
