files/run_tests.sh
.fixtures.yml
Gemfile
lib/puppet/parser/functions/os_concat.rb
lib/puppet/provider/tempest_config/ini_setting.rb
lib/puppet/provider/tempest_glance_id_setter/ruby.rb
lib/puppet/provider/tempest_neutron_net_id_setter/ruby.rb
lib/puppet/provider/tempest_quantum_net_id_setter/ruby.rb
lib/puppet/type/tempest_config.rb
lib/puppet/type/tempest_glance_id_setter.rb
lib/puppet/type/tempest_neutron_net_id_setter.rb
lib/puppet/type/tempest_quantum_net_id_setter.rb
manifests/init.pp
manifests/params.pp
Modulefile
Rakefile
README.markdown
.rspec
spec/classes/tempest_spec.rb
spec/spec_helper.rb
spec/unit/provider/tempest_config/ini_setting_spec.rb
spec/unit/puppet/parser/os_concat_spec.rb
spec/unit/type/tempest_config_spec.rb
spec/unit/type/tempest_glance_id_setter_spec.rb
spec/unit/type/tempest_neutron_net_id_setter_spec.rb
templates/tempest.conf.erb
templates/tempest.folsom.conf.erb
templates/tempest.grizzly.conf.erb
tests/init.pp
