bin/tempest
cli/__init__.py
cli/output_parser.py
cli/simple_read_only/__init__.py
cli/simple_read_only/test_compute_manage.py
cli/simple_read_only/test_compute.py
cli/simple_read_only/test_glance.py
cli/simple_read_only/test_keystone.py
.coveragerc
doc/source/conf.py
doc/source/field_guide/api.rst
doc/source/field_guide/cli.rst
doc/source/field_guide/index.rst
doc/source/field_guide/scenario.rst
doc/source/field_guide/stress.rst
doc/source/field_guide/thirdparty.rst
doc/source/field_guide/unit_tests.rst
doc/source/field_guide/whitebox.rst
doc/source/HACKING.rst
doc/source/index.rst
doc/source/overview.rst
etc/accounts.yaml.sample
etc/config.ini.sample
etc/logging.conf.sample
etc/schemas/compute/admin/flavor_create.json
etc/schemas/compute/flavors/flavor_details.json
etc/schemas/compute/flavors/flavor_details_v3.json
etc/schemas/compute/flavors/flavors_list.json
etc/schemas/compute/flavors/flavors_list_v3.json
etc/schemas/compute/servers/get_console_output.json
etc/storm.conf.sample
etc/STORM_README.txt
etc/tempest.conf.sample
etc/tempest.conf.tpl
etc/TEMPEST_README.txt
etc/whitelist.yaml
HACKING
HACKING.rst
kong/common/http.py
kong/common/__init__.py
kong/common/ssh.py
kong/common/utils.py
kong/config.py
kong/exceptions.py
kong/__init__.py
kong/issues.py
kong/keystone.py
kong/nova.py
kong/openstack.py
kong/run_tests.py
kong/run_tests.sh
kong/tests/990_test_skip_examples.py
kong/tests/994_test_rabbitmq.py
kong/tests/995_test_swift.py
kong/tests/996_test_glance.py
kong/tests/998_test_nova.py
kong/tests/999_test_cleanup.py
kong/tests/__init__.py
kong/tests/test_auth.py
kong/tests/test_flavors.py
kong/tests/test_images.py
kong/tests/test_server_actions.py
kong/tests/test_server_addresses.py
kong/tests/test_server_meta.py
kong/tests/test_servers.py
LICENSE
openstack-common.conf
README
README.rst
requirements.txt
run_tempest.sh
run_tests.py
run_tests.sh
setup.cfg
setup.py
storm/common/__init__.py
storm/common/rest_client.py
storm/common/ssh.py
storm/common/utils/data_utils.py
storm/common/utils/__init__.py
storm/config.py
storm/exceptions.py
storm/__init__.py
storm/openstack.py
storm/services/__init__.py
storm/services/nova/__init__.py
storm/services/nova/json/flavors_client.py
storm/services/nova/json/images_client.py
storm/services/nova/json/__init__.py
storm/services/nova/json/servers_client.py
storm/services/nova/xml/__init__.py
storm/tests/__init__.py
storm/tests/test_flavors.py
storm/tests/test_image_metadata.py
storm/tests/test_images.py
storm/tests/test_server_actions.py
storm/tests/test_server_details.py
storm/tests/test_server_metadata.py
storm/tests/test_servers_negative.py
storm/tests/test_servers.py
stress/basher.py
stress/config.py
stress/driver.py
stress/__init__.py
stress/pending_action.py
stress/state.py
stress/test_case.py
stress/test_floating_ips.py
stress/tests/create_kill.py
stress/test_server_actions.py
stress/test_servers.py
stress/tests/floating_ips.py
stress/tests/hard_reboots.py
stress/tests/user_script_sample.py
stress/tools/nova_destroy_all.py
stress/tools/nova_status.py
stress/utils/__init__.py
stress/utils.py
stress/utils/util.py
tempest/api/baremetal/admin/base.py
tempest/api/baremetal/admin/__init__.py
tempest/api/baremetal/admin/test_api_discovery.py
tempest/api/baremetal/admin/test_chassis.py
tempest/api/baremetal/admin/test_drivers.py
tempest/api/baremetal/admin/test_nodes.py
tempest/api/baremetal/admin/test_nodestates.py
tempest/api/baremetal/admin/test_ports_negative.py
tempest/api/baremetal/admin/test_ports.py
tempest/api/baremetal/base.py
tempest/api/baremetal/__init__.py
tempest/api/baremetal/test_api_discovery.py
tempest/api/baremetal/test_chassis.py
tempest/api/baremetal/test_drivers.py
tempest/api/baremetal/test_nodes.py
tempest/api/baremetal/test_nodestates.py
tempest/api/baremetal/test_ports_negative.py
tempest/api/baremetal/test_ports.py
tempest/api/compute/admin/__init__.py
tempest/api/compute/admin/test_agents.py
tempest/api/compute/admin/test_aggregates_negative.py
tempest/api/compute/admin/test_aggregates.py
tempest/api/compute/admin/test_availability_zone_negative.py
tempest/api/compute/admin/test_availability_zone.py
tempest/api/compute/admin/test_fixed_ips_negative.py
tempest/api/compute/admin/test_fixed_ips.py
tempest/api/compute/admin/test_flavors_access_negative.py
tempest/api/compute/admin/test_flavors_access.py
tempest/api/compute/admin/test_flavors_extra_specs_negative.py
tempest/api/compute/admin/test_flavors_extra_specs.py
tempest/api/compute/admin/test_flavors_negative.py
tempest/api/compute/admin/test_flavors_negative_xml.py
tempest/api/compute/admin/test_flavors.py
tempest/api/compute/admin/test_floating_ips_bulk.py
tempest/api/compute/admin/test_hosts_negative.py
tempest/api/compute/admin/test_hosts.py
tempest/api/compute/admin/test_hypervisor_negative.py
tempest/api/compute/admin/test_hypervisor.py
tempest/api/compute/admin/test_instance_usage_audit_log_negative.py
tempest/api/compute/admin/test_instance_usage_audit_log.py
tempest/api/compute/admin/test_migrations.py
tempest/api/compute/admin/test_networks.py
tempest/api/compute/admin/test_quotas_negative.py
tempest/api/compute/admin/test_quotas.py
tempest/api/compute/admin/test_security_group_default_rules.py
tempest/api/compute/admin/test_security_groups.py
tempest/api/compute/admin/test_servers_negative.py
tempest/api/compute/admin/test_servers.py
tempest/api/compute/admin/test_services_negative.py
tempest/api/compute/admin/test_services.py
tempest/api/compute/admin/test_simple_tenant_usage_negative.py
tempest/api/compute/admin/test_simple_tenant_usage.py
tempest/api/compute/api_schema/__init__.py
tempest/api/compute/api_schema/services.py
tempest/api/compute/api_schema/v2/__init__.py
tempest/api/compute/api_schema/v2/volumes.py
tempest/api/compute/base.py
tempest/api/compute/certificates/__init__.py
tempest/api/compute/certificates/test_certificates.py
tempest/api/compute/flavors/__init__.py
tempest/api/compute/flavors/test_flavors_negative.py
tempest/api/compute/flavors/test_flavors_negative_xml.py
tempest/api/compute/flavors/test_flavors.py
tempest/api/compute/floating_ips/base.py
tempest/api/compute/floating_ips/__init__.py
tempest/api/compute/floating_ips/test_floating_ips_actions_negative.py
tempest/api/compute/floating_ips/test_floating_ips_actions.py
tempest/api/compute/floating_ips/test_list_floating_ips_negative.py
tempest/api/compute/floating_ips/test_list_floating_ips.py
tempest/api/compute/images/__init__.py
tempest/api/compute/images/test_image_metadata_negative.py
tempest/api/compute/images/test_image_metadata.py
tempest/api/compute/images/test_images_negative.py
tempest/api/compute/images/test_images_oneserver_negative.py
tempest/api/compute/images/test_images_oneserver.py
tempest/api/compute/images/test_images.py
tempest/api/compute/images/test_list_image_filters_negative.py
tempest/api/compute/images/test_list_image_filters.py
tempest/api/compute/images/test_list_images.py
tempest/api/compute/__init__.py
tempest/api/compute/keypairs/__init__.py
tempest/api/compute/keypairs/test_keypairs_negative.py
tempest/api/compute/keypairs/test_keypairs.py
tempest/api/compute/limits/__init__.py
tempest/api/compute/limits/test_absolute_limits_negative.py
tempest/api/compute/limits/test_absolute_limits.py
tempest/api/compute/security_groups/base.py
tempest/api/compute/security_groups/__init__.py
tempest/api/compute/security_groups/test_security_group_rules_negative.py
tempest/api/compute/security_groups/test_security_group_rules.py
tempest/api/compute/security_groups/test_security_groups_negative.py
tempest/api/compute/security_groups/test_security_groups.py
tempest/api/compute/servers/__init__.py
tempest/api/compute/servers/test_attach_interfaces.py
tempest/api/compute/servers/test_availability_zone.py
tempest/api/compute/servers/test_create_server.py
tempest/api/compute/servers/test_delete_server.py
tempest/api/compute/servers/test_disk_config.py
tempest/api/compute/servers/test_instance_actions_negative.py
tempest/api/compute/servers/test_instance_actions.py
tempest/api/compute/servers/test_list_server_filters.py
tempest/api/compute/servers/test_list_servers_negative.py
tempest/api/compute/servers/test_multiple_create_negative.py
tempest/api/compute/servers/test_multiple_create.py
tempest/api/compute/servers/test_server_actions.py
tempest/api/compute/servers/test_server_addresses_negative.py
tempest/api/compute/servers/test_server_addresses.py
tempest/api/compute/servers/test_server_group.py
tempest/api/compute/servers/test_server_metadata_negative.py
tempest/api/compute/servers/test_server_metadata.py
tempest/api/compute/servers/test_server_password.py
tempest/api/compute/servers/test_server_personality.py
tempest/api/compute/servers/test_server_rescue_negative.py
tempest/api/compute/servers/test_server_rescue.py
tempest/api/compute/servers/test_servers_negative_new.py
tempest/api/compute/servers/test_servers_negative.py
tempest/api/compute/servers/test_servers.py
tempest/api/compute/servers/test_virtual_interfaces_negative.py
tempest/api/compute/servers/test_virtual_interfaces.py
tempest/api/compute/test_authorization.py
tempest/api/compute/test_auth_token.py
tempest/api/compute/test_extensions.py
tempest/api/compute/test_live_block_migration_negative.py
tempest/api/compute/test_live_block_migration.py
tempest/api/compute/test_quotas.py
tempest/api/compute/v2/__init__.py
tempest/api/compute/v3/admin/__init__.py
tempest/api/compute/v3/admin/test_agents.py
tempest/api/compute/v3/admin/test_aggregates_negative.py
tempest/api/compute/v3/admin/test_aggregates.py
tempest/api/compute/v3/admin/test_availability_zone_negative.py
tempest/api/compute/v3/admin/test_availability_zone.py
tempest/api/compute/v3/admin/test_flavors_access_negative.py
tempest/api/compute/v3/admin/test_flavors_access.py
tempest/api/compute/v3/admin/test_flavors_extra_specs_negative.py
tempest/api/compute/v3/admin/test_flavors_extra_specs.py
tempest/api/compute/v3/admin/test_flavors_negative.py
tempest/api/compute/v3/admin/test_flavors.py
tempest/api/compute/v3/admin/test_hosts_negative.py
tempest/api/compute/v3/admin/test_hosts.py
tempest/api/compute/v3/admin/test_hypervisor_negative.py
tempest/api/compute/v3/admin/test_hypervisor.py
tempest/api/compute/v3/admin/test_instance_usage_audit_log_negative.py
tempest/api/compute/v3/admin/test_instance_usage_audit_log.py
tempest/api/compute/v3/admin/test_migrations.py
tempest/api/compute/v3/admin/test_quotas_negative.py
tempest/api/compute/v3/admin/test_quotas.py
tempest/api/compute/v3/admin/test_servers_negative.py
tempest/api/compute/v3/admin/test_servers.py
tempest/api/compute/v3/admin/test_services_negative.py
tempest/api/compute/v3/admin/test_services.py
tempest/api/compute/v3/admin/test_simple_tenant_usage_negative.py
tempest/api/compute/v3/admin/test_simple_tenant_usage.py
tempest/api/compute/v3/certificates/__init__.py
tempest/api/compute/v3/certificates/test_certificates.py
tempest/api/compute/v3/flavors/__init__.py
tempest/api/compute/v3/flavors/test_flavors_negative.py
tempest/api/compute/v3/flavors/test_flavors.py
tempest/api/compute/v3/images/__init__.py
tempest/api/compute/v3/images/test_image_metadata_negative.py
tempest/api/compute/v3/images/test_image_metadata.py
tempest/api/compute/v3/images/test_images_negative.py
tempest/api/compute/v3/images/test_images_oneserver_negative.py
tempest/api/compute/v3/images/test_images_oneserver.py
tempest/api/compute/v3/images/test_images.py
tempest/api/compute/v3/images/test_list_image_filters.py
tempest/api/compute/v3/__init__.py
tempest/api/compute/v3/keypairs/__init__.py
tempest/api/compute/v3/keypairs/test_keypairs_negative.py
tempest/api/compute/v3/keypairs/test_keypairs.py
tempest/api/compute/v3/servers/__init__.py
tempest/api/compute/v3/servers/test_attach_interfaces.py
tempest/api/compute/v3/servers/test_attach_volume.py
tempest/api/compute/v3/servers/test_availability_zone.py
tempest/api/compute/v3/servers/test_create_server.py
tempest/api/compute/v3/servers/test_delete_server.py
tempest/api/compute/v3/servers/test_instance_actions_negative.py
tempest/api/compute/v3/servers/test_instance_actions.py
tempest/api/compute/v3/servers/test_list_server_filters.py
tempest/api/compute/v3/servers/test_list_servers_negative.py
tempest/api/compute/v3/servers/test_multiple_create_negative.py
tempest/api/compute/v3/servers/test_multiple_create.py
tempest/api/compute/v3/servers/test_server_actions.py
tempest/api/compute/v3/servers/test_server_addresses_negative.py
tempest/api/compute/v3/servers/test_server_addresses.py
tempest/api/compute/v3/servers/test_server_metadata_negative.py
tempest/api/compute/v3/servers/test_server_metadata.py
tempest/api/compute/v3/servers/test_server_password.py
tempest/api/compute/v3/servers/test_server_personality.py
tempest/api/compute/v3/servers/test_server_rescue_negative.py
tempest/api/compute/v3/servers/test_server_rescue.py
tempest/api/compute/v3/servers/test_servers_negative.py
tempest/api/compute/v3/servers/test_servers.py
tempest/api/compute/v3/test_extensions.py
tempest/api/compute/v3/test_live_block_migration_negative.py
tempest/api/compute/v3/test_live_block_migration.py
tempest/api/compute/v3/test_quotas.py
tempest/api/compute/v3/test_version.py
tempest/api/compute/v3/volumes/__init__.py
tempest/api/compute/v3/volumes/test_attach_volume.py
tempest/api/compute/v3/volumes/test_volumes_get.py
tempest/api/compute/v3/volumes/test_volumes_list.py
tempest/api/compute/v3/volumes/test_volumes_negative.py
tempest/api/compute/volumes/__init__.py
tempest/api/compute/volumes/test_attach_volume.py
tempest/api/compute/volumes/test_volumes_get.py
tempest/api/compute/volumes/test_volumes_list.py
tempest/api/compute/volumes/test_volumes_negative.py
tempest/api/database/base.py
tempest/api/database/flavors/__init__.py
tempest/api/database/flavors/test_flavors_negative.py
tempest/api/database/flavors/test_flavors.py
tempest/api/database/__init__.py
tempest/api/database/versions/__init__.py
tempest/api/database/versions/test_versions.py
tempest/api/data_processing/base.py
tempest/api/data_processing/__init__.py
tempest/api/data_processing/test_cluster_templates.py
tempest/api/data_processing/test_data_sources.py
tempest/api/data_processing/test_job_binaries.py
tempest/api/data_processing/test_job_binary_internals.py
tempest/api/data_processing/test_jobs.py
tempest/api/data_processing/test_node_group_templates.py
tempest/api/data_processing/test_plugins.py
tempest/api/identity/admin/__init__.py
tempest/api/identity/admin/test_roles_negative.py
tempest/api/identity/admin/test_roles.py
tempest/api/identity/admin/test_services.py
tempest/api/identity/admin/test_tenant_negative.py
tempest/api/identity/admin/test_tenants.py
tempest/api/identity/admin/test_tokens.py
tempest/api/identity/admin/test_users_negative.py
tempest/api/identity/admin/test_users.py
tempest/api/identity/admin/v3/__init__.py
tempest/api/identity/admin/v3/test_certificates.py
tempest/api/identity/admin/v3/test_credentials.py
tempest/api/identity/admin/v3/test_domains.py
tempest/api/identity/admin/v3/test_endpoints_negative.py
tempest/api/identity/admin/v3/test_endpoints.py
tempest/api/identity/admin/v3/test_groups.py
tempest/api/identity/admin/v3/test_list_projects.py
tempest/api/identity/admin/v3/test_list_users.py
tempest/api/identity/admin/v3/test_policies.py
tempest/api/identity/admin/v3/test_projects_negative.py
tempest/api/identity/admin/v3/test_projects.py
tempest/api/identity/admin/v3/test_regions.py
tempest/api/identity/admin/v3/test_roles.py
tempest/api/identity/admin/v3/test_services.py
tempest/api/identity/admin/v3/test_tokens.py
tempest/api/identity/admin/v3/test_trusts.py
tempest/api/identity/admin/v3/test_users.py
tempest/api/identity/base.py
tempest/api/identity/__init__.py
tempest/api/identity/test_extension.py
tempest/api/image/base.py
tempest/api/image/__init__.py
tempest/api/image/v1/__init__.py
tempest/api/image/v1/test_image_members_negative.py
tempest/api/image/v1/test_image_members.py
tempest/api/image/v1/test_images_negative.py
tempest/api/image/v1/test_images.py
tempest/api/image/v2/__init__.py
tempest/api/image/v2/test_images_member_negative.py
tempest/api/image/v2/test_images_member.py
tempest/api/image/v2/test_images_negative.py
tempest/api/image/v2/test_images.py
tempest/api/image/v2/test_images_tags_negative.py
tempest/api/image/v2/test_images_tags.py
tempest/api/__init__.py
tempest/api/network/admin/__init__.py
tempest/api/network/admin/test_agent_management.py
tempest/api/network/admin/test_dhcp_agent_scheduler.py
tempest/api/network/admin/test_external_network_extension.py
tempest/api/network/admin/test_floating_ips_admin_actions.py
tempest/api/network/admin/test_l3_agent_scheduler.py
tempest/api/network/admin/test_lbaas_agent_scheduler.py
tempest/api/network/admin/test_load_balancer_admin_actions.py
tempest/api/network/admin/test_quotas.py
tempest/api/network/base.py
tempest/api/network/base_routers.py
tempest/api/network/base_security_groups.py
tempest/api/network/common.py
tempest/api/network/__init__.py
tempest/api/network/test_allowed_address_pair.py
tempest/api/network/test_extensions.py
tempest/api/network/test_extra_dhcp_options.py
tempest/api/network/test_floating_ips.py
tempest/api/network/test_fwaas_extensions.py
tempest/api/network/test_load_balancer.py
tempest/api/network/test_metering_extensions.py
tempest/api/network/test_networks_negative.py
tempest/api/network/test_networks.py
tempest/api/network/test_ports.py
tempest/api/network/test_quotas.py
tempest/api/network/test_routers_negative.py
tempest/api/network/test_routers.py
tempest/api/network/test_security_groups_negative.py
tempest/api/network/test_security_groups.py
tempest/api/network/test_service_type_management.py
tempest/api/network/test_vpnaas_extensions.py
tempest/api/object_storage/base.py
tempest/api/object_storage/__init__.py
tempest/api/object_storage/test_account_bulk.py
tempest/api/object_storage/test_account_quotas_negative.py
tempest/api/object_storage/test_account_quotas.py
tempest/api/object_storage/test_account_services_negative.py
tempest/api/object_storage/test_account_services.py
tempest/api/object_storage/test_container_acl_negative.py
tempest/api/object_storage/test_container_acl.py
tempest/api/object_storage/test_container_quotas.py
tempest/api/object_storage/test_container_services.py
tempest/api/object_storage/test_container_staticweb.py
tempest/api/object_storage/test_container_sync.py
tempest/api/object_storage/test_crossdomain.py
tempest/api/object_storage/test_healthcheck.py
tempest/api/object_storage/test_object_expiry.py
tempest/api/object_storage/test_object_formpost_negative.py
tempest/api/object_storage/test_object_formpost.py
tempest/api/object_storage/test_object_services.py
tempest/api/object_storage/test_object_slo.py
tempest/api/object_storage/test_object_temp_url_negative.py
tempest/api/object_storage/test_object_temp_url.py
tempest/api/object_storage/test_object_version.py
tempest/api/orchestration/base.py
tempest/api/orchestration/__init__.py
tempest/api/orchestration/stacks/__init__.py
tempest/api/orchestration/stacks/templates/cfn_init_signal.yaml
tempest/api/orchestration/stacks/templates/cinder_basic_delete_retain.yaml
tempest/api/orchestration/stacks/templates/cinder_basic.yaml
tempest/api/orchestration/stacks/templates/neutron_basic.yaml
tempest/api/orchestration/stacks/templates/non_empty_stack.yaml
tempest/api/orchestration/stacks/templates/nova_keypair.json
tempest/api/orchestration/stacks/templates/nova_keypair.yaml
tempest/api/orchestration/stacks/templates/random_string.yaml
tempest/api/orchestration/stacks/templates/swift_basic.yaml
tempest/api/orchestration/stacks/test_environment.py
tempest/api/orchestration/stacks/test_instance_cfn_init.py
tempest/api/orchestration/stacks/test_limits.py
tempest/api/orchestration/stacks/test_neutron_resources.py
tempest/api/orchestration/stacks/test_non_empty_stack.py
tempest/api/orchestration/stacks/test_nova_keypair_resources.py
tempest/api/orchestration/stacks/test_server_cfn_init.py
tempest/api/orchestration/stacks/test_soft_conf.py
tempest/api/orchestration/stacks/test_stacks.py
tempest/api/orchestration/stacks/test_swift_resources.py
tempest/api/orchestration/stacks/test_templates_negative.py
tempest/api/orchestration/stacks/test_templates.py
tempest/api/orchestration/stacks/test_update.py
tempest/api/orchestration/stacks/test_volumes.py
tempest/api/queuing/base.py
tempest/api/queuing/__init__.py
tempest/api/queuing/test_claims.py
tempest/api/queuing/test_messages.py
tempest/api/queuing/test_queues.py
tempest/api_schema/compute/agents.py
tempest/api_schema/compute/aggregates.py
tempest/api_schema/compute/availability_zone.py
tempest/api_schema/compute/certificates.py
tempest/api_schema/compute/flavors_access.py
tempest/api_schema/compute/flavors_extra_specs.py
tempest/api_schema/compute/flavors.py
tempest/api_schema/compute/hosts.py
tempest/api_schema/compute/hypervisors.py
tempest/api_schema/compute/__init__.py
tempest/api_schema/compute/interfaces.py
tempest/api_schema/compute/keypairs.py
tempest/api_schema/compute/migrations.py
tempest/api_schema/compute/parameter_types.py
tempest/api_schema/compute/quotas.py
tempest/api_schema/compute/servers.py
tempest/api_schema/compute/services.py
tempest/api_schema/compute/v2/agents.py
tempest/api_schema/compute/v2/aggregates.py
tempest/api_schema/compute/v2/availability_zone.py
tempest/api_schema/compute/v2/certificates.py
tempest/api_schema/compute/v2/extensions.py
tempest/api_schema/compute/v2/fixed_ips.py
tempest/api_schema/compute/v2/flavors.py
tempest/api_schema/compute/v2/floating_ips.py
tempest/api_schema/compute/v2/hosts.py
tempest/api_schema/compute/v2/hypervisors.py
tempest/api_schema/compute/v2/images.py
tempest/api_schema/compute/v2/__init__.py
tempest/api_schema/compute/v2/instance_usage_audit_logs.py
tempest/api_schema/compute/v2/interfaces.py
tempest/api_schema/compute/v2/keypairs.py
tempest/api_schema/compute/v2/limits.py
tempest/api_schema/compute/v2/quota_classes.py
tempest/api_schema/compute/v2/quotas.py
tempest/api_schema/compute/v2/security_groups.py
tempest/api_schema/compute/v2/servers.py
tempest/api_schema/compute/v2/tenant_usages.py
tempest/api_schema/compute/v2/volumes.py
tempest/api_schema/compute/v3/agents.py
tempest/api_schema/compute/v3/aggregates.py
tempest/api_schema/compute/v3/availability_zone.py
tempest/api_schema/compute/v3/certificates.py
tempest/api_schema/compute/v3/extensions.py
tempest/api_schema/compute/v3/flavors.py
tempest/api_schema/compute/v3/hosts.py
tempest/api_schema/compute/v3/hypervisors.py
tempest/api_schema/compute/v3/__init__.py
tempest/api_schema/compute/v3/interfaces.py
tempest/api_schema/compute/v3/keypairs.py
tempest/api_schema/compute/v3/quotas.py
tempest/api_schema/compute/v3/servers.py
tempest/api_schema/compute/version.py
tempest/api_schema/__init__.py
tempest/api_schema/queuing/__init__.py
tempest/api_schema/queuing/v1/__init__.py
tempest/api_schema/queuing/v1/queues.py
tempest/api_schema/request/compute/flavors.py
tempest/api_schema/request/compute/__init__.py
tempest/api_schema/request/compute/v2/flavors.py
tempest/api_schema/request/compute/v2/__init__.py
tempest/api_schema/request/compute/v3/flavors.py
tempest/api_schema/request/compute/v3/__init__.py
tempest/api_schema/request/__init__.py
tempest/api_schema/response/compute/agents.py
tempest/api_schema/response/compute/aggregates.py
tempest/api_schema/response/compute/availability_zone.py
tempest/api_schema/response/compute/certificates.py
tempest/api_schema/response/compute/flavors_access.py
tempest/api_schema/response/compute/flavors_extra_specs.py
tempest/api_schema/response/compute/flavors.py
tempest/api_schema/response/compute/hosts.py
tempest/api_schema/response/compute/hypervisors.py
tempest/api_schema/response/compute/__init__.py
tempest/api_schema/response/compute/interfaces.py
tempest/api_schema/response/compute/keypairs.py
tempest/api_schema/response/compute/migrations.py
tempest/api_schema/response/compute/parameter_types.py
tempest/api_schema/response/compute/quotas.py
tempest/api_schema/response/compute/servers.py
tempest/api_schema/response/compute/services.py
tempest/api_schema/response/compute/v2/agents.py
tempest/api_schema/response/compute/v2/aggregates.py
tempest/api_schema/response/compute/v2/availability_zone.py
tempest/api_schema/response/compute/v2/certificates.py
tempest/api_schema/response/compute/v2/extensions.py
tempest/api_schema/response/compute/v2/fixed_ips.py
tempest/api_schema/response/compute/v2/flavors.py
tempest/api_schema/response/compute/v2/floating_ips.py
tempest/api_schema/response/compute/v2/hosts.py
tempest/api_schema/response/compute/v2/hypervisors.py
tempest/api_schema/response/compute/v2/images.py
tempest/api_schema/response/compute/v2/__init__.py
tempest/api_schema/response/compute/v2/instance_usage_audit_logs.py
tempest/api_schema/response/compute/v2/interfaces.py
tempest/api_schema/response/compute/v2/keypairs.py
tempest/api_schema/response/compute/v2/limits.py
tempest/api_schema/response/compute/v2/quota_classes.py
tempest/api_schema/response/compute/v2/quotas.py
tempest/api_schema/response/compute/v2/security_groups.py
tempest/api_schema/response/compute/v2/servers.py
tempest/api_schema/response/compute/v2/tenant_usages.py
tempest/api_schema/response/compute/v2/volumes.py
tempest/api_schema/response/compute/v3/agents.py
tempest/api_schema/response/compute/v3/aggregates.py
tempest/api_schema/response/compute/v3/availability_zone.py
tempest/api_schema/response/compute/v3/certificates.py
tempest/api_schema/response/compute/v3/extensions.py
tempest/api_schema/response/compute/v3/flavors.py
tempest/api_schema/response/compute/v3/hosts.py
tempest/api_schema/response/compute/v3/hypervisors.py
tempest/api_schema/response/compute/v3/__init__.py
tempest/api_schema/response/compute/v3/interfaces.py
tempest/api_schema/response/compute/v3/keypairs.py
tempest/api_schema/response/compute/v3/quotas.py
tempest/api_schema/response/compute/v3/servers.py
tempest/api_schema/response/compute/version.py
tempest/api_schema/response/__init__.py
tempest/api_schema/response/queuing/__init__.py
tempest/api_schema/response/queuing/v1/__init__.py
tempest/api_schema/response/queuing/v1/queues.py
tempest/api/telemetry/base.py
tempest/api/telemetry/__init__.py
tempest/api/telemetry/test_telemetry_alarming_api.py
tempest/api/telemetry/test_telemetry_notification_api.py
tempest/api/utils.py
tempest/api/volume/admin/__init__.py
tempest/api/volume/admin/test_multi_backend.py
tempest/api/volume/admin/test_snapshots_actions.py
tempest/api/volume/admin/test_volume_hosts.py
tempest/api/volume/admin/test_volume_quotas_negative.py
tempest/api/volume/admin/test_volume_quotas.py
tempest/api/volume/admin/test_volumes_actions.py
tempest/api/volume/admin/test_volumes_backup.py
tempest/api/volume/admin/test_volume_services.py
tempest/api/volume/admin/test_volume_types_extra_specs_negative.py
tempest/api/volume/admin/test_volume_types_extra_specs.py
tempest/api/volume/admin/test_volume_types_negative.py
tempest/api/volume/admin/test_volume_types.py
tempest/api/volume/base.py
tempest/api/volume/__init__.py
tempest/api/volume/test_availability_zone.py
tempest/api/volume/test_extensions.py
tempest/api/volume/test_snapshot_metadata.py
tempest/api/volume/test_volume_metadata.py
tempest/api/volume/test_volumes_actions.py
tempest/api/volume/test_volumes_extend.py
tempest/api/volume/test_volumes_get.py
tempest/api/volume/test_volumes_list.py
tempest/api/volume/test_volumes_negative.py
tempest/api/volume/test_volumes_snapshots_negative.py
tempest/api/volume/test_volumes_snapshots.py
tempest/api/volume/test_volume_transfers.py
tempest/api/volume/v2/__init__.py
tempest/api/volume/v2/test_volumes_list.py
tempest/auth.py
tempest/clients.py
tempest/cli/__init__.py
tempest/cli/output_parser.py
tempest/cli/simple_read_only/heat_templates/heat_minimal_hot.yaml
tempest/cli/simple_read_only/heat_templates/heat_minimal.yaml
tempest/cli/simple_read_only/__init__.py
tempest/cli/simple_read_only/test_ceilometer.py
tempest/cli/simple_read_only/test_cinder.py
tempest/cli/simple_read_only/test_compute_manage.py
tempest/cli/simple_read_only/test_compute.py
tempest/cli/simple_read_only/test_glance.py
tempest/cli/simple_read_only/test_heat.py
tempest/cli/simple_read_only/test_keystone.py
tempest/cli/simple_read_only/test_neutron.py
tempest/cli/simple_read_only/test_nova_manage.py
tempest/cli/simple_read_only/test_nova.py
tempest/cli/simple_read_only/test_sahara.py
tempest/cli/simple_read_only/test_savanna.py
tempest/cli/simple_read_only/test_swift.py
tempest/cmd/__init__.py
tempest/cmd/javelin.py
tempest/cmd/resources.yaml
tempest/cmd/run_stress.py
tempest/cmd/verify_tempest_config.py
tempest/common/accounts.py
tempest/common/commands.py
tempest/common/cred_provider.py
tempest/common/custom_matchers.py
tempest/common/debug.py
tempest/common/generate_json.py
tempest/common/generate_sample_tempest.py
tempest/common/generator/base_generator.py
tempest/common/generator/__init__.py
tempest/common/generator/negative_generator.py
tempest/common/generator/valid_generator.py
tempest/common/glance_http.py
tempest/common/http.py
tempest/common/__init__.py
tempest/common/isolated_creds.py
tempest/common/log.py
tempest/common/rest_client.py
tempest/common/setup.py
tempest/common/ssh.py
tempest/common/tempest_fixtures.py
tempest/common/utils/data_utils.py
tempest/common/utils/file_utils.py
tempest/common/utils/__init__.py
tempest/common/utils/linux/__init__.py
tempest/common/utils/linux/remote_client.py
tempest/common/utils/misc.py
tempest/common/utils/test_utils.py
tempest/common/waiters.py
tempest/common/xml_utils.py
tempest/config.py
tempest/exceptions/base.py
tempest/exceptions/__init__.py
tempest/exceptions.py
tempest/hacking/checks.py
tempest/hacking/__init__.py
tempest/__init__.py
tempest/manager.py
tempest/openstack/common/cfg.py
tempest/openstack/common/config/generator.py
tempest/openstack/common/config/__init__.py
tempest/openstack/common/excutils.py
tempest/openstack/common/fileutils.py
tempest/openstack/common/fixture/config.py
tempest/openstack/common/fixture/__init__.py
tempest/openstack/common/fixture/lockutils.py
tempest/openstack/common/fixture/mockpatch.py
tempest/openstack/common/fixture/moxstubout.py
tempest/openstack/common/gettextutils.py
tempest/openstack/common/importutils.py
tempest/openstack/common/iniparser.py
tempest/openstack/common/__init__.py
tempest/openstack/common/jsonutils.py
tempest/openstack/common/local.py
tempest/openstack/common/lockutils.py
tempest/openstack/common/log.py
tempest/openstack/common/setup.py
tempest/openstack/common/strutils.py
tempest/openstack/common/timeutils.py
tempest/openstack/common/versionutils.py
tempest/openstack/__init__.py
tempest/openstack.py
tempest/scenario/__init__.py
tempest/scenario/manager.py
tempest/scenario/orchestration/cfn_init_signal.yaml
tempest/scenario/orchestration/__init__.py
tempest/scenario/orchestration/test_autoscaling.py
tempest/scenario/orchestration/test_autoscaling.yaml
tempest/scenario/orchestration/test_server_cfn_init.py
tempest/scenario/test_aggregates_basic_ops.py
tempest/scenario/test_baremetal_basic_ops.py
tempest/scenario/test_cross_tenant_connectivity.py
tempest/scenario/test_dashboard_basic_ops.py
tempest/scenario/test_encrypted_cinder_volumes.py
tempest/scenario/test_large_ops.py
tempest/scenario/test_load_balancer_basic.py
tempest/scenario/test_minimum_basic.py
tempest/scenario/test_network_advanced_server_ops.py
tempest/scenario/test_network_basic_ops.py
tempest/scenario/test_network_quotas.py
tempest/scenario/test_security_groups_basic_ops.py
tempest/scenario/test_server_advanced_ops.py
tempest/scenario/test_server_basic_ops.py
tempest/scenario/test_snapshot_pattern.py
tempest/scenario/test_stamp_pattern.py
tempest/scenario/test_swift_basic_ops.py
tempest/scenario/test_volume_boot_pattern.py
tempest/scenario/test_volume_snapshot_pattern.py
tempest/scenario/utils.py
tempest/services/baremetal/base.py
tempest/services/baremetal/__init__.py
tempest/services/baremetal/v1/base_v1.py
tempest/services/baremetal/v1/client_json.py
tempest/services/baremetal/v1/client_xml.py
tempest/services/baremetal/v1/__init__.py
tempest/services/boto/clients.py
tempest/services/botoclients.py
tempest/services/boto/__init__.py
tempest/services/compute/admin/__init__.py
tempest/services/compute/admin/json/__init__.py
tempest/services/compute/admin/json/quotas_client.py
tempest/services/compute/admin/xml/__init__.py
tempest/services/compute/admin/xml/quotas_client.py
tempest/services/compute/__init__.py
tempest/services/compute/json/agents_client.py
tempest/services/compute/json/aggregates_client.py
tempest/services/compute/json/availability_zone_client.py
tempest/services/compute/json/certificates_client.py
tempest/services/compute/json/console_output_client.py
tempest/services/compute/json/extensions_client.py
tempest/services/compute/json/fixed_ips_client.py
tempest/services/compute/json/flavors_client.py
tempest/services/compute/json/floating_ips_client.py
tempest/services/compute/json/hosts_client.py
tempest/services/compute/json/hypervisor_client.py
tempest/services/compute/json/images_client.py
tempest/services/compute/json/__init__.py
tempest/services/compute/json/instance_usage_audit_log_client.py
tempest/services/compute/json/interfaces_client.py
tempest/services/compute/json/keypairs_client.py
tempest/services/compute/json/limits_client.py
tempest/services/compute/json/migrations_client.py
tempest/services/compute/json/networks_client.py
tempest/services/compute/json/quotas_client.py
tempest/services/compute/json/security_group_default_rules_client.py
tempest/services/compute/json/security_groups_client.py
tempest/services/compute/json/servers_client.py
tempest/services/compute/json/services_client.py
tempest/services/compute/json/tenant_usages_client.py
tempest/services/compute/json/volumes_extensions_client.py
tempest/services/compute/v3/__init__.py
tempest/services/compute/v3/json/agents_client.py
tempest/services/compute/v3/json/aggregates_client.py
tempest/services/compute/v3/json/availability_zone_client.py
tempest/services/compute/v3/json/certificates_client.py
tempest/services/compute/v3/json/extensions_client.py
tempest/services/compute/v3/json/flavors_client.py
tempest/services/compute/v3/json/hosts_client.py
tempest/services/compute/v3/json/hypervisor_client.py
tempest/services/compute/v3/json/__init__.py
tempest/services/compute/v3/json/instance_usage_audit_log_client.py
tempest/services/compute/v3/json/interfaces_client.py
tempest/services/compute/v3/json/keypairs_client.py
tempest/services/compute/v3/json/limits_client.py
tempest/services/compute/v3/json/migration_client.py
tempest/services/compute/v3/json/quotas_client.py
tempest/services/compute/v3/json/servers_client.py
tempest/services/compute/v3/json/services_client.py
tempest/services/compute/v3/json/tenant_usages_client.py
tempest/services/compute/v3/json/version_client.py
tempest/services/compute/v3/xml/aggregates_client.py
tempest/services/compute/v3/xml/availability_zone_client.py
tempest/services/compute/v3/xml/certificates_client.py
tempest/services/compute/v3/xml/extensions_client.py
tempest/services/compute/v3/xml/flavors_client.py
tempest/services/compute/v3/xml/hosts_client.py
tempest/services/compute/v3/xml/hypervisor_client.py
tempest/services/compute/v3/xml/__init__.py
tempest/services/compute/v3/xml/instance_usage_audit_log_client.py
tempest/services/compute/v3/xml/interfaces_client.py
tempest/services/compute/v3/xml/keypairs_client.py
tempest/services/compute/v3/xml/limits_client.py
tempest/services/compute/v3/xml/quotas_client.py
tempest/services/compute/v3/xml/servers_client.py
tempest/services/compute/v3/xml/services_client.py
tempest/services/compute/v3/xml/tenant_usages_client.py
tempest/services/compute/v3/xml/version_client.py
tempest/services/compute/xml/aggregates_client.py
tempest/services/compute/xml/availability_zone_client.py
tempest/services/compute/xml/certificates_client.py
tempest/services/compute/xml/common.py
tempest/services/compute/xml/console_output_client.py
tempest/services/compute/xml/extensions_client.py
tempest/services/compute/xml/fixed_ips_client.py
tempest/services/compute/xml/flavors_client.py
tempest/services/compute/xml/floating_ips_client.py
tempest/services/compute/xml/hosts_client.py
tempest/services/compute/xml/hypervisor_client.py
tempest/services/compute/xml/images_client.py
tempest/services/compute/xml/__init__.py
tempest/services/compute/xml/instance_usage_audit_log_client.py
tempest/services/compute/xml/interfaces_client.py
tempest/services/compute/xml/keypairs_client.py
tempest/services/compute/xml/limits_client.py
tempest/services/compute/xml/quotas_client.py
tempest/services/compute/xml/security_groups_client.py
tempest/services/compute/xml/servers_client.py
tempest/services/compute/xml/services_client.py
tempest/services/compute/xml/tenant_usages_client.py
tempest/services/compute/xml/volumes_extensions_client.py
tempest/services/database/__init__.py
tempest/services/database/json/flavors_client.py
tempest/services/database/json/__init__.py
tempest/services/database/json/versions_client.py
tempest/services/data_processing/__init__.py
tempest/services/data_processing/v1_1/client.py
tempest/services/data_processing/v1_1/__init__.py
tempest/services/identity/__init__.py
tempest/services/identity/json/admin_client.py
tempest/services/identity/json/identity_client.py
tempest/services/identity/json/__init__.py
tempest/services/identity/v3/__init__.py
tempest/services/identity/v3/json/credentials_client.py
tempest/services/identity/v3/json/endpoints_client.py
tempest/services/identity/v3/json/identity_client.py
tempest/services/identity/v3/json/__init__.py
tempest/services/identity/v3/json/policy_client.py
tempest/services/identity/v3/json/region_client.py
tempest/services/identity/v3/json/service_client.py
tempest/services/identity/v3/xml/credentials_client.py
tempest/services/identity/v3/xml/endpoints_client.py
tempest/services/identity/v3/xml/identity_client.py
tempest/services/identity/v3/xml/__init__.py
tempest/services/identity/v3/xml/policy_client.py
tempest/services/identity/v3/xml/region_client.py
tempest/services/identity/v3/xml/service_client.py
tempest/services/identity/xml/admin_client.py
tempest/services/identity/xml/identity_client.py
tempest/services/identity/xml/__init__.py
tempest/services/image/__init__.py
tempest/services/image/json/image_client.py
tempest/services/image/json/__init__.py
tempest/services/image/service.py
tempest/services/image/v1/__init__.py
tempest/services/image/v1/json/image_client.py
tempest/services/image/v1/json/__init__.py
tempest/services/image/v2/__init__.py
tempest/services/image/v2/json/image_client.py
tempest/services/image/v2/json/__init__.py
tempest/services/__init__.py
tempest/services/network/__init__.py
tempest/services/network/json/__init__.py
tempest/services/network/json/network_client.py
tempest/services/network/network_client_base.py
tempest/services/network/xml/__init__.py
tempest/services/network/xml/network_client.py
tempest/services/nova/__init__.py
tempest/services/nova/json/console_output_client.py
tempest/services/nova/json/extensions_client.py
tempest/services/nova/json/flavors_client.py
tempest/services/nova/json/floating_ips_client.py
tempest/services/nova/json/hosts_client.py
tempest/services/nova/json/images_client.py
tempest/services/nova/json/__init__.py
tempest/services/nova/json/keypairs_client.py
tempest/services/nova/json/limits_client.py
tempest/services/nova/json/security_groups_client.py
tempest/services/nova/json/servers_client.py
tempest/services/nova/json/volumes_client.py
tempest/services/nova/json/volumes_extensions_client.py
tempest/services/nova/xml/common.py
tempest/services/nova/xml/extensions_client.py
tempest/services/nova/xml/flavors_client.py
tempest/services/nova/xml/floating_ips_client.py
tempest/services/nova/xml/images_client.py
tempest/services/nova/xml/__init__.py
tempest/services/nova/xml/keypairs_client.py
tempest/services/nova/xml/limits_client.py
tempest/services/nova/xml/security_groups_client.py
tempest/services/nova/xml/servers_client.py
tempest/services/nova/xml/volumes_extensions_client.py
tempest/services/object_storage/account_client.py
tempest/services/object_storage/container_client.py
tempest/services/object_storage/__init__.py
tempest/services/object_storage/object_client.py
tempest/services/orchestration/__init__.py
tempest/services/orchestration/json/__init__.py
tempest/services/orchestration/json/orchestration_client.py
tempest/services/queuing/__init__.py
tempest/services/queuing/json/__init__.py
tempest/services/queuing/json/queuing_client.py
tempest/services/telemetry/__init__.py
tempest/services/telemetry/json/__init__.py
tempest/services/telemetry/json/telemetry_client.py
tempest/services/telemetry/telemetry_client_base.py
tempest/services/telemetry/xml/__init__.py
tempest/services/telemetry/xml/telemetry_client.py
tempest/services/volume/__init__.py
tempest/services/volume/json/admin/__init__.py
tempest/services/volume/json/admin/volume_hosts_client.py
tempest/services/volume/json/admin/volume_quotas_client.py
tempest/services/volume/json/admin/volume_services_client.py
tempest/services/volume/json/admin/volume_types_client.py
tempest/services/volume/json/availability_zone_client.py
tempest/services/volume/json/backups_client.py
tempest/services/volume/json/extensions_client.py
tempest/services/volume/json/__init__.py
tempest/services/volume/json/snapshots_client.py
tempest/services/volume/json/volumes_client.py
tempest/services/volume/v2/__init__.py
tempest/services/volume/v2/json/availability_zone_client.py
tempest/services/volume/v2/json/extensions_client.py
tempest/services/volume/v2/json/__init__.py
tempest/services/volume/v2/json/volumes_client.py
tempest/services/volume/v2/xml/availability_zone_client.py
tempest/services/volume/v2/xml/extensions_client.py
tempest/services/volume/v2/xml/__init__.py
tempest/services/volume/v2/xml/volumes_client.py
tempest/services/volume/xml/admin/__init__.py
tempest/services/volume/xml/admin/volume_hosts_client.py
tempest/services/volume/xml/admin/volume_quotas_client.py
tempest/services/volume/xml/admin/volume_services_client.py
tempest/services/volume/xml/admin/volume_types_client.py
tempest/services/volume/xml/availability_zone_client.py
tempest/services/volume/xml/backups_client.py
tempest/services/volume/xml/extensions_client.py
tempest/services/volume/xml/__init__.py
tempest/services/volume/xml/snapshots_client.py
tempest/services/volume/xml/volumes_client.py
tempest/smoke.py
tempest/stress/actions/create_destroy_server.py
tempest/stress/actions/__init__.py
tempest/stress/actions/server_create_destroy.py
tempest/stress/actions/ssh_floating.py
tempest/stress/actions/unit_test.py
tempest/stress/actions/volume_attach_delete.py
tempest/stress/actions/volume_attach_verify.py
tempest/stress/actions/volume_create_delete.py
tempest/stress/cleanup.py
tempest/stress/driver.py
tempest/stress/etc/sample-test.json
tempest/stress/etc/sample-unit-test.json
tempest/stress/etc/server-create-destroy-test.json
tempest/stress/etc/ssh_floating.json
tempest/stress/etc/stress-tox-job.json
tempest/stress/etc/volume-assign-delete-test.json
tempest/stress/etc/volume-attach-delete-test.json
tempest/stress/etc/volume-attach-verify.json
tempest/stress/etc/volume-create-delete-test.json
tempest/stress/__init__.py
tempest/stress/run_stress.py
tempest/stress/stressaction.py
tempest/stress/tools/cleanup.py
tempest/testboto.py
tempest/test_discover/__init__.py
tempest/test_discover/test_discover.py
tempest/test.py
tempest/tests/base_compute_test.py
tempest/tests/base.py
tempest/tests/boto/__init__.py
tempest/tests/boto/test_ec2_instance_run.py
tempest/tests/boto/test_ec2_keys.py
tempest/tests/boto/test_ec2_network.py
tempest/tests/boto/test_ec2_security_groups.py
tempest/tests/boto/test_ec2_volumes.py
tempest/tests/boto/test_s3_buckets.py
tempest/tests/boto/test_s3_ec2_images.py
tempest/tests/boto/test_s3_objects.py
tempest/tests/boto/utils/__init__.py
tempest/tests/boto/utils/s3.py
tempest/tests/boto/utils/wait.py
tempest/tests/cli/__init__.py
tempest/tests/cli/test_cli.py
tempest/tests/cli/test_command_failed.py
tempest/tests/cli/test_output_parser.py
tempest/tests/cmd/__init__.py
tempest/tests/cmd/test_verify_tempest_config.py
tempest/tests/common/__init__.py
tempest/tests/common/test_accounts.py
tempest/tests/common/test_custom_matchers.py
tempest/tests/common/test_debug.py
tempest/tests/common/utils/__init__.py
tempest/tests/common/utils/linux/__init__.py
tempest/tests/common/utils/linux/test_remote_client.py
tempest/tests/common/utils/test_data_utils.py
tempest/tests/common/utils/test_file_utils.py
tempest/tests/common/utils/test_misc.py
tempest/tests/compute/admin/__init__.py
tempest/tests/compute/admin/test_aggregates.py
tempest/tests/compute/admin/test_availability_zone.py
tempest/tests/compute/admin/test_fixed_ips.py
tempest/tests/compute/admin/test_flavors_access.py
tempest/tests/compute/admin/test_flavors_extra_specs.py
tempest/tests/compute/admin/test_flavors.py
tempest/tests/compute/admin/test_quotas.py
tempest/tests/compute/admin/test_services.py
tempest/tests/compute/base.py
tempest/tests/compute/flavors/__init__.py
tempest/tests/compute/flavors/test_flavors.py
tempest/tests/compute/floating_ips/__init__.py
tempest/tests/compute/floating_ips/test_floating_ips_actions.py
tempest/tests/compute/floating_ips/test_list_floating_ips.py
tempest/tests/compute/images/__init__.py
tempest/tests/compute/images/test_image_metadata.py
tempest/tests/compute/images/test_images_oneserver.py
tempest/tests/compute/images/test_images.py
tempest/tests/compute/images/test_images_whitebox.py
tempest/tests/compute/images/test_list_image_filters.py
tempest/tests/compute/images/test_list_images.py
tempest/tests/compute/__init__.py
tempest/tests/compute/keypairs/__init__.py
tempest/tests/compute/keypairs/test_keypairs.py
tempest/tests/compute/limits/__init__.py
tempest/tests/compute/limits/test_absolute_limits.py
tempest/tests/compute/security_groups/__init__.py
tempest/tests/compute/security_groups/test_security_group_rules.py
tempest/tests/compute/security_groups/test_security_groups.py
tempest/tests/compute/servers/__init__.py
tempest/tests/compute/servers/test_attach_interfaces.py
tempest/tests/compute/servers/test_console_output.py
tempest/tests/compute/servers/test_create_server.py
tempest/tests/compute/servers/test_disk_config.py
tempest/tests/compute/servers/test_instance_actions.py
tempest/tests/compute/servers/test_list_server_filters.py
tempest/tests/compute/servers/test_list_servers_negative.py
tempest/tests/compute/servers/test_multiple_create.py
tempest/tests/compute/servers/test_server_actions.py
tempest/tests/compute/servers/test_server_addresses.py
tempest/tests/compute/servers/test_server_advanced_ops.py
tempest/tests/compute/servers/test_server_basic_ops.py
tempest/tests/compute/servers/test_server_metadata.py
tempest/tests/compute/servers/test_server_personality.py
tempest/tests/compute/servers/test_server_rescue.py
tempest/tests/compute/servers/test_servers_negative.py
tempest/tests/compute/servers/test_servers.py
tempest/tests/compute/servers/test_servers_whitebox.py
tempest/tests/compute/servers/test_virtual_interfaces.py
tempest/tests/compute/test_attach_volume.py
tempest/tests/compute/test_authorization.py
tempest/tests/compute/test_auth_token.py
tempest/tests/compute/test_console_output.py
tempest/tests/compute/test_create_server.py
tempest/tests/compute/test_disk_config.py
tempest/tests/compute/test_extensions.py
tempest/tests/compute/test_flavors.py
tempest/tests/compute/test_floating_ips_actions.py
tempest/tests/compute/test_image_metadata.py
tempest/tests/compute/test_images.py
tempest/tests/compute/test_images_whitebox.py
tempest/tests/compute/test_keypairs.py
tempest/tests/compute/test_list_floating_ips.py
tempest/tests/compute/test_list_image_filters.py
tempest/tests/compute/test_list_images.py
tempest/tests/compute/test_list_server_filters.py
tempest/tests/compute/test_list_servers_negative.py
tempest/tests/compute/test_list_servers.py
tempest/tests/compute/test_live_block_migration.py
tempest/tests/compute/test_quotas.py
tempest/tests/compute/test_security_group_rules.py
tempest/tests/compute/test_security_groups.py
tempest/tests/compute/test_server_actions.py
tempest/tests/compute/test_server_addresses.py
tempest/tests/compute/test_server_advanced_ops.py
tempest/tests/compute/test_server_basic_ops.py
tempest/tests/compute/test_server_metadata.py
tempest/tests/compute/test_server_personality.py
tempest/tests/compute/test_servers_negative.py
tempest/tests/compute/test_servers.py
tempest/tests/compute/test_servers_whitebox.py
tempest/tests/compute/test_volumes_get.py
tempest/tests/compute/test_volumes_list.py
tempest/tests/compute/test_volumes_negative.py
tempest/tests/compute/volumes/__init__.py
tempest/tests/compute/volumes/test_attach_volume.py
tempest/tests/compute/volumes/test_volumes_get.py
tempest/tests/compute/volumes/test_volumes_list.py
tempest/tests/compute/volumes/test_volumes_negative.py
tempest/tests/fake_auth_provider.py
tempest/tests/fake_config.py
tempest/tests/fake_credentials.py
tempest/tests/fake_http.py
tempest/tests/fake_identity.py
tempest/tests/files/failing-tests
tempest/tests/files/__init__.py
tempest/tests/files/passing-tests
tempest/tests/files/setup.cfg
tempest/tests/files/testr-conf
tempest/tests/identity/admin/__init__.py
tempest/tests/identity/admin/test_roles.py
tempest/tests/identity/admin/test_services.py
tempest/tests/identity/admin/test_tenants.py
tempest/tests/identity/admin/test_users.py
tempest/tests/identity/admin/v3/__init__.py
tempest/tests/identity/admin/v3/test_endpoints.py
tempest/tests/identity/admin/v3/test_services.py
tempest/tests/identity/admin/v3/test_users.py
tempest/tests/identity/base_admin_test.py
tempest/tests/identity/base.py
tempest/tests/identity/__init__.py
tempest/tests/identity/test_roles.py
tempest/tests/identity/test_tenants.py
tempest/tests/identity/test_users.py
tempest/tests/image/base.py
tempest/tests/image/__init__.py
tempest/tests/image/test_images.py
tempest/tests/image/v1/__init__.py
tempest/tests/image/v1/test_image_members.py
tempest/tests/image/v1/test_images.py
tempest/tests/image/v2/__init__.py
tempest/tests/image/v2/test_images.py
tempest/tests/__init__.py
tempest/tests/negative/__init__.py
tempest/tests/negative/test_generate_json.py
tempest/tests/negative/test_negative_auto_test.py
tempest/tests/negative/test_negative_generators.py
tempest/tests/network/base.py
tempest/tests/network/common.py
tempest/tests/network/__init__.py
tempest/tests/network/test_network_basic_ops.py
tempest/tests/network/test_network_quota_basic.py
tempest/tests/network/test_networks.py
tempest/tests/object_storage/base.py
tempest/tests/object_storage/__init__.py
tempest/tests/object_storage/test_account_services.py
tempest/tests/object_storage/test_container_services.py
tempest/tests/object_storage/test_container_sync.py
tempest/tests/object_storage/test_object_expiry.py
tempest/tests/object_storage/test_object_services.py
tempest/tests/object_storage/test_object_version.py
tempest/tests/stress/__init__.py
tempest/tests/stress/test_stressaction.py
tempest/tests/stress/test_stress.py
tempest/tests/test_authorization.py
tempest/tests/test_auth.py
tempest/tests/test_commands.py
tempest/tests/test_compute_xml_common.py
tempest/tests/test_console_output.py
tempest/tests/test_credentials.py
tempest/tests/test_decorators.py
tempest/tests/test_extensions.py
tempest/tests/test_flavors.py
tempest/tests/test_floating_ips_actions.py
tempest/tests/test_glance_http.py
tempest/tests/test_hacking.py
tempest/tests/test_image_metadata.py
tempest/tests/test_images.py
tempest/tests/test_keypairs.py
tempest/tests/test_list_floating_ips.py
tempest/tests/test_list_images.py
tempest/tests/test_list_servers_negative.py
tempest/tests/test_list_servers.py
tempest/tests/test_list_tests.py
tempest/tests/test_rest_client.py
tempest/tests/test_security_group_rules.py
tempest/tests/test_security_groups.py
tempest/tests/test_server_actions.py
tempest/tests/test_server_metadata.py
tempest/tests/test_server_personality.py
tempest/tests/test_servers_negative.py
tempest/tests/test_servers.py
tempest/tests/test_ssh.py
tempest/tests/test_tenant_isolation.py
tempest/tests/test_volumes_get.py
tempest/tests/test_volumes_list.py
tempest/tests/test_volumes_negative.py
tempest/tests/test_waiters.py
tempest/tests/test_wrappers.py
tempest/tests/utils.py
tempest/tests/volume/admin/base.py
tempest/tests/volume/admin/__init__.py
tempest/tests/volume/admin/test_multi_backend.py
tempest/tests/volume/admin/test_volume_types_extra_specs_negative.py
tempest/tests/volume/admin/test_volume_types_extra_specs.py
tempest/tests/volume/admin/test_volume_types_negative.py
tempest/tests/volume/admin/test_volume_types.py
tempest/tests/volume/base.py
tempest/tests/volume/__init__.py
tempest/tests/volume/test_volumes_actions.py
tempest/tests/volume/test_volumes_get.py
tempest/tests/volume/test_volumes_list.py
tempest/tests/volume/test_volumes_negative.py
tempest/tests/volume/test_volumes_snapshots.py
tempest/thirdparty/boto/__init__.py
tempest/thirdparty/boto/test_ec2_instance_run.py
tempest/thirdparty/boto/test_ec2_keys.py
tempest/thirdparty/boto/test_ec2_network.py
tempest/thirdparty/boto/test_ec2_security_groups.py
tempest/thirdparty/boto/test_ec2_volumes.py
tempest/thirdparty/boto/test.py
tempest/thirdparty/boto/test_s3_buckets.py
tempest/thirdparty/boto/test_s3_ec2_images.py
tempest/thirdparty/boto/test_s3_objects.py
tempest/thirdparty/boto/utils/__init__.py
tempest/thirdparty/boto/utils/s3.py
tempest/thirdparty/boto/utils/wait.py
tempest/thirdparty/__init__.py
tempest/tools/conf_from_devstack
tempest/whitebox/__init__.py
tempest/whitebox/manager.py
tempest/whitebox.py
tempest/whitebox/test_images_whitebox.py
tempest/whitebox/test_servers_whitebox.py
.testr.conf
test-requirements.txt
tests/990_test_skip_examples.py
tests/994_test_rabbitmq.py
tests/995_test_swift.py
tests/996_test_glance.py
tests/998_test_nova.py
tests/999_test_cleanup.py
tests/__init__.py
tools/check_logs.py
tools/check_source.sh
tools/colorizer.py
tools/config/check_uptodate.sh
tools/config/generate_sample.sh
tools/config/oslo.config.generator.rc
tools/find_stack_traces.py
tools/generate_sample.sh
tools/hacking/__init__.py
tools/hacking.py
tools/hacking/tempest.py
tools/__init__.py
tools/install_venv_common.py
tools/install_venv.py
tools/pip-requires
tools/pretty_tox_serial.sh
tools/pretty_tox.sh
tools/rfc.sh
tools/run_test_classes.py
tools/skip_tracker.py
tools/subunit-trace.py
tools/tempest_auto_config.py
tools/tempest_coverage.py
tools/test-requires
tools/verify_tempest_config.py
tools/with_venv.sh
tox.ini
