babel.ini
clientlib/lodgeit.rb
django_version/pastebin/__init__.py
django_version/pastebin/manage.py
django_version/pastebin/media/css/style.css
django_version/pastebin/media/js/builder.js
django_version/pastebin/media/js/controls.js
django_version/pastebin/media/js/dragdrop.js
django_version/pastebin/media/js/effects.js
django_version/pastebin/media/js/pastebin.js
django_version/pastebin/media/js/prototype.js
django_version/pastebin/media/js/scriptaculous.js
django_version/pastebin/media/js/slider.js
django_version/pastebin/pastes/__init__.py
django_version/pastebin/pastes/models.py
django_version/pastebin/pastes/views.py
django_version/pastebin/settings.py
django_version/pastebin/static/__init__.py
django_version/pastebin/static/views.py
django_version/pastebin/templates/layout.html
django_version/pastebin/templates/pastes/all_pastes.html
django_version/pastebin/templates/pastes/_autocomplete.html
django_version/pastebin/templates/pastes/compare.html
django_version/pastebin/templates/pastes/_find_thread.html
django_version/pastebin/templates/pastes/new.html
django_version/pastebin/templates/pastes/recent_pastes.html
django_version/pastebin/templates/pastes/show.html
django_version/pastebin/templates/pastes/tagcloud.html
django_version/pastebin/templates/pastes/taglist.html
django_version/pastebin/templates/static/about.html
django_version/pastebin/templates/static/error404.html
django_version/pastebin/templates/static/error500.html
django_version/pastebin/templates/static/help.html
django_version/pastebin/templates/xmlrpc/index.html
django_version/pastebin/urls.py
django_version/pastebin/utils.py
django_version/pastebin/xmlrpc/__init__.py
django_version/pastebin/xmlrpc/views.py
.hgignore
lodgeit/application.py
lodgeit/controllers/__init__.py
lodgeit/controllers/json.py
lodgeit/controllers/pastes.py
lodgeit/controllers/static.py
lodgeit/controllers/xmlrpc.py
lodgeit/database.py
lodgeit/i18n/de/LC_MESSAGES/messages.mo
lodgeit/i18n/__init__.py
lodgeit/__init__.py
lodgeit/lib/antispam.py
lodgeit/lib/captcha.py
lodgeit/lib/compilerparser.py
lodgeit/lib/diff.py
lodgeit/lib/filterable.py
lodgeit/lib/highlighting.py
lodgeit/lib/__init__.py
lodgeit/lib/json.py
lodgeit/lib/pagination.py
lodgeit/lib/webapi.py
lodgeit/lib/xmlrpc.py
lodgeit/local.py
lodgeit/_magic.py
lodgeit/models.py
lodgeit.py
lodgeit/res/backgrounds/dark/10.jpeg
lodgeit/res/backgrounds/dark/11.jpeg
lodgeit/res/backgrounds/dark/12.jpeg
lodgeit/res/backgrounds/dark/13.jpeg
lodgeit/res/backgrounds/dark/14.jpeg
lodgeit/res/backgrounds/dark/1.jpeg
lodgeit/res/backgrounds/dark/2.jpeg
lodgeit/res/backgrounds/dark/3.jpeg
lodgeit/res/backgrounds/dark/4.jpeg
lodgeit/res/backgrounds/dark/5.jpeg
lodgeit/res/backgrounds/dark/6.jpeg
lodgeit/res/backgrounds/dark/7.jpeg
lodgeit/res/backgrounds/dark/8.jpeg
lodgeit/res/backgrounds/dark/9.jpeg
lodgeit/res/backgrounds/light/1.jpeg
lodgeit/res/backgrounds/light/2.jpeg
lodgeit/res/backgrounds/light/3.jpeg
lodgeit/res/backgrounds/light/4.jpeg
lodgeit/res/backgrounds/light/5.jpeg
lodgeit/res/backgrounds/light/6.jpeg
lodgeit/res/backgrounds/light/7.jpeg
lodgeit/res/.DS_Store
lodgeit/res/fonts/GEMELLI_.TTF
lodgeit/res/fonts/GEMERALD.TTF
lodgeit/res/fonts/GOHAN___.TTF
lodgeit/res/fonts/GOODFISH.TTF
lodgeit/res/fonts/GUNPLAY.TTF
lodgeit/res/fonts/luximbi.ttf
lodgeit/res/fonts/luximb.ttf
lodgeit/res/fonts/luximri.ttf
lodgeit/res/fonts/luximr.ttf
lodgeit/res/fonts/luxirbi.ttf
lodgeit/res/fonts/luxirb.ttf
lodgeit/res/fonts/luxirri.ttf
lodgeit/res/fonts/luxirr.ttf
lodgeit/res/fonts/luxisbi.ttf
lodgeit/res/fonts/luxisb.ttf
lodgeit/res/fonts/luxisri.ttf
lodgeit/res/fonts/luxisr.ttf
lodgeit/res/fonts/VeraBd.ttf
lodgeit/res/fonts/VeraBI.ttf
lodgeit/res/fonts/VeraMoBd.ttf
lodgeit/res/fonts/VeraMoBI.ttf
lodgeit/res/fonts/VeraMoIt.ttf
lodgeit/res/fonts/VeraMono.ttf
lodgeit/res/fonts/VeraSeBd.ttf
lodgeit/res/fonts/VeraSe.ttf
lodgeit/res/fonts/Vera.ttf
lodgeit/res/fonts/zektonbi.ttf
lodgeit/res/fonts/zekton__.ttf
lodgeit/res/LICENSE
lodgeit/static/cookie.js
lodgeit/static/jquery.autocomplete.js
lodgeit/static/jquery.js
lodgeit/static/lodgeit.js
lodgeit/static/print.css
lodgeit/static/style.css
lodgeit/urls.py
lodgeit/utils.py
lodgeit/views/about.html
lodgeit/views/compare_paste.html
lodgeit/views/help/advanced.html
lodgeit/views/help/api.html
lodgeit/views/help/index.html
lodgeit/views/help/integration.html
lodgeit/views/help/layout.html
lodgeit/views/help/pasting.html
lodgeit/views/help/xmlrpc.html
lodgeit/views/json.html
lodgeit/views/layout.html
lodgeit/views/new_paste.html
lodgeit/views/not_found.html
lodgeit/views/paste_tree.html
lodgeit/views/rss.html
lodgeit/views/show_all.html
lodgeit/views/show_paste.html
lodgeit/views/utils/compiler-messages.html
lodgeit/views/utils/filterable.html
lodgeit/views/utils/macros.html
lodgeit/views/utils/udiff.html
lodgeit/views/xmlrpc.html
lodgeit.wsgi
manage.py
pastebin/clientlib/lodgeit.rb
pastebin/__init__.py
pastebin/lodgeit.py
pastebin/manage.py
pastebin/media/css/style.css
pastebin/media/js/builder.js
pastebin/media/js/controls.js
pastebin/media/js/dragdrop.js
pastebin/media/js/effects.js
pastebin/media/js/pastebin.js
pastebin/media/js/prototype.js
pastebin/media/js/scriptaculous.js
pastebin/media/js/slider.js
pastebin/pastes/__init__.py
pastebin/pastes/models.py
pastebin/pastes/views.py
pastebin/settings.py
pastebin/static/__init__.py
pastebin/static/models.py
pastebin/static/views.py
pastebin/templates/layout.html
pastebin/templates/pastes/all_pastes.html
pastebin/templates/pastes/_autocomplete.html
pastebin/templates/pastes/compare.html
pastebin/templates/pastes/_find_thread.html
pastebin/templates/pastes/new.html
pastebin/templates/pastes/recent_pastes.html
pastebin/templates/pastes/show.html
pastebin/templates/pastes/tagcloud.html
pastebin/templates/pastes/taglist.html
pastebin/templates/static/about.html
pastebin/templates/static/error404.html
pastebin/templates/static/error500.html
pastebin/templates/static/help.html
pastebin/templates/xmlrpc/index.html
pastebin/urls.py
pastebin/utils.py
pastebin/xmlrpc/__init__.py
pastebin/xmlrpc/models.py
pastebin/xmlrpc/views.py
README
runlodgeit.py
scripts/lodgeit_old.py
scripts/lodgeit.py
scripts/make-bootstrap.py
tests/alfajor.ini
tests/__init__.py
tests/unittest/__init__.py
tests/unittest/test_api.py
tests/unittest/test_urls.py
tests/utilities/__init__.py
tests/utilities/runner.py
TODO
