doc/api.rst
doc/changes.rst
doc/conf.py
doc/document.rst
doc/functions.rst
doc/gettingstarted.rst
doc/index.rst
doc/integrate.rst
doc/make.bat
doc/protocols.rst
doc/requirements.txt
doc/_static/toggle.css
doc/_static/toggle.js
doc/_static/wsme.css
doc/todo.rst
doc/types.rst
ews/controller.py
ews/__init__.py
ews/restjson.py
ews/rest.py
ews/restxml.py
ews/soap.py
ews/tests/__init__.py
ews/tests/test_controller.py
examples/demo/client.py
examples/demo/demo.cfg
examples/demo/demo.py
examples/demo/setup.cfg
examples/demo/setup.py
examples/demo/sporeclient.py
.hgignore
.hgtags
LICENSE
MANIFEST.in
README
README.rst
REAME
setup.cfg
setup.py
tests/pecantest/config.py
tests/pecantest/setup.cfg
tests/pecantest/setup.py
tests/pecantest/test/app.py
tests/pecantest/test/controllers/__init__.py
tests/pecantest/test/controllers/root.py
tests/pecantest/test/controllers/ws.py
tests/pecantest/test/__init__.py
tests/pecantest/test/model/__init__.py
tests/pecantest/test/tests/config.py
tests/pecantest/test/tests/__init__.py
tests/pecantest/test/tests/test_ws.py
tests/rest/test_args.py
tests/sphinxexample/conf.py
tests/sphinxexample/document.rst
tests/sphinxexample/index.rst
tests/test_cornice.py
tests/test_flask.py
tests/test_sphinxext.py
tests/test_tg15.py
tests/test_tg1.py
toxgen.py
tox.ini
tox-tmpl.ini
wsme/api.py
wsme/controller.py
wsme/cornice.py
wsme/exc.py
wsmeext/cornice.py
wsmeext/extdirect/datastore.py
wsmeext/extdirect/__init__.py
wsmeext/extdirect/protocol.py
wsmeext/extdirect/sadatastore.py
wsmeext/flask.py
wsmeext/__init__.py
wsmeext/pecan.py
wsmeext/soap/__init__.py
wsmeext/soap/protocol.py
wsmeext/soap/simplegeneric.py
wsmeext/soap/wsdl.py
wsmeext/sphinxext.py
wsmeext/sqlalchemy/controllers.py
wsmeext/sqlalchemy/__init__.py
wsmeext/sqlalchemy/types.py
wsmeext/tests/__init__.py
wsmeext/tests/test_extdirect.py
wsmeext/tests/test_soap.py
wsmeext/tests/test_sqlalchemy_controllers.py
wsmeext/tests/test_sqlalchemy_types.py
wsmeext/tests/test_utils.py
wsmeext/tg11.py
wsmeext/tg15.py
wsmeext/tg1.py
wsmeext/utils.py
wsme/__init__.py
wsme/pecan.py
wsme/protocol.py
wsme/protocols/commons.py
wsme/protocols/__init__.py
wsme/protocols/restjson.py
wsme/protocols/rest.py
wsme/protocols/restxml.py
wsme/protocols/soap.py
wsme/protocols/templates/fault.html
wsme/protocols/templates/__init__.py
wsme/protocols/templates/soap.html
wsme/protocols/templates/wsdl.html
wsme/release.py
wsme/rest/args.py
wsme/rest/__init__.py
wsme/rest/json.py
wsme/restjson.py
wsme/rest/protocol.py
wsme/rest.py
wsme/rest/xml.py
wsme/restxml.py
wsme/root.py
wsme/runtime.py
wsme/soap.py
wsme/sphinxext.py
wsme/spore.py
wsme/templates/fault.html
wsme/templates/__init__.py
wsme/templates/soap.html
wsme/templates/wsdl.html
wsme/tests/__init__.py
wsme/tests/protocol.py
wsme/tests/test_api.py
wsme/tests/test_controller.py
wsme/tests/test_exc.py
wsme/tests/test_protocols_commons.py
wsme/tests/test_protocols.py
wsme/tests/test_release.py
wsme/tests/test_restjson.py
wsme/tests/test_restxml.py
wsme/tests/test_root.py
wsme/tests/test_soap.py
wsme/tests/test_spore.py
wsme/tests/test_types.py
wsme/tests/test_utils.py
wsme/tg11.py
wsme/tg15.py
wsme/tg1.py
wsme/types.py
wsme/utils.py
wsme/wsgi.py
