Berksfile
bin/vhalt
bin/vup
cookbooks/apt/metadata.rb
cookbooks/apt/recipes/default.rb
cookbooks/devstack/files/default/autostack.sh
cookbooks/devstack/metadata.rb
cookbooks/devstack/recipes/default.rb
cookbooks/devstack/recipes/keystone.rb
cookbooks/devstack/recipes/mon-ui.rb
cookbooks/ds-build/files/default/autostack.sh
cookbooks/ds-build/files/default/local.conf
cookbooks/ds-build/metadata.rb
cookbooks/ds-build/recipes/default.rb
cookbooks/mini-mon/files/default/addr_validate.sql
cookbooks/mini-mon/files/default/mon.sql
cookbooks/mini-mon/metadata.rb
cookbooks/mini-mon/recipes/default.rb
cookbooks/mini-mon/recipes/influxdb.rb
cookbooks/mini-mon/recipes/keystone.rb
cookbooks/mini-mon/recipes/mysql_client.rb
cookbooks/mini-mon/recipes/mysql_schema.rb
cookbooks/mini-mon/recipes/postfix.rb
data_bags/mon_agent/mon_agent.json
data_bags/mon_api/.#credentials
data_bags/mon_api/mon_api.json
data_bags/mon_api/mon_api-Vertica.json
data_bags/mon_api/mon_credentials.json
data_bags/monasca_agent/monasca_agent.json
data_bags/monasca_notification/hosts.json
data_bags/monasca_thresh/monasca_thresh.json
data_bags/mon_notification/hosts.json
data_bags/mon_persister/mon_credentials.json
data_bags/mon_persister/mon_persister.json
data_bags/mon_persister/mon_persister-Vertica.json
data_bags/mon_thresh/mon_thresh.json
ds-build/roles/Devstack-Build.json
ds-build/Vagrantfile
files/default/addr_validate.sql
files/default/maas.sql
files/default/mon.sql
hlinux/templates/hlinux.json
hlinux/templates/http/preseed.cfg
hlinux/templates/scripts/base.sh
hlinux/templates/scripts/chef.sh
hlinux/templates/scripts/cleanup.sh
hlinux/templates/scripts/ruby.sh
hlinux/templates/scripts/vagrant.sh
hlinux/templates/scripts/virtualbox.sh
hlinux/templates/scripts/zerodisk.sh
hlinux/Vagrantfile
HPCloud/chef-solo-bootstrap.sh
HPCloud/Vagrantfile
HPCloud/Vagrantfile.hpcloud
metadata.rb
README.md
recipes/default.rb
recipes/mysql_schema.rb
recipes/postfix.rb
roles/Api.json
roles/Basenode.json
roles/Devstack.json
roles/Kafka.json
roles/Mini-Mon.json
roles/Mini-Mon-Vertica.json
roles/MySQL.json
roles/Persister.json
roles/Thresh.json
roles/Vertica.json
split/bin/vhalt
split/bin/vup
split/data_bags/mon_agent/mon_agent.json
split/data_bags/mon_api/mon_api.json
split/data_bags/mon_api/mon_credentials.json
split/data_bags/monasca_agent/monasca_agent.json
split/data_bags/monasca_notification/hosts.json
split/data_bags/monasca_thresh/monasca_thresh.json
split/data_bags/mon_notification/hosts.json
split/data_bags/mon_persister/mon_credentials.json
split/data_bags/mon_persister/mon_persister.json
split/data_bags/mon_thresh/mon_thresh.json
split/roles/Api.json
split/roles/Basenode.json
split/roles/Devstack.json
split/roles/Kafka.json
split/roles/MySQL.json
split/roles/Persister.json
split/roles/Thresh.json
split/roles/Vertica.json
split/Vagrantfile
templates/hlinux-amd64-netboot/base.sh
templates/hlinux-amd64-netboot/chef.sh
templates/hlinux-amd64-netboot/cleanup.sh
templates/hlinux-amd64-netboot/definition.rb
templates/hlinux-amd64-netboot/preseed.cfg
templates/hlinux-amd64-netboot/ruby.sh
templates/hlinux-amd64-netboot/vagrant.sh
templates/hlinux-amd64-netboot/virtualbox.sh
templates/hlinux-amd64-netboot/zerodisk.sh
templates/hlinux.json
templates/http/preseed.cfg
templates/scripts/base.sh
templates/scripts/chef.sh
templates/scripts/cleanup.sh
templates/scripts/ruby.sh
templates/scripts/vagrant.sh
templates/scripts/virtualbox.sh
templates/scripts/zerodisk.sh
templates/Veeweefile
tests/alarm_crud.py
tests/alarm.py
tests/alarms/cpu.json
tests/alarms-no-notification/cpu.json
tests/alarms_notifications.py
tests/cli_wrapper.py
tests/measurement_test.py
tests/notification_crud.py
tests/notification_cycleTest.py
tests/notification-jmeter.jmx
tests/notification.json
tests/notification.py
tests/smoke.py
tests/utils.py
utils/baremetal.py
utils/cluster/data_bags/kafka/mon.json
utils/cluster/data_bags/mon_agent/mon_agent.json
utils/cluster/data_bags/mon_api/mon_api.json
utils/cluster/data_bags/mon_api/mon_credentials.json
utils/cluster/data_bags/mon_notification/hosts.json
utils/cluster/data_bags/mon_persister/mon_credentials.json
utils/cluster/data_bags/mon_persister/mon_persister.json
utils/cluster/data_bags/mon_thresh/mon_thresh.json
utils/cluster/data_bags/vertica/nodes.json
utils/cluster/data_bags/zookeeper/mon.json
utils/cluster/__init__.py
utils/cluster/roles/Mon-Node.json
utils/cluster/roles/Thresh-Nimbus.json
utils/cluster/roles/Thresh-Supervisor.json
utils/cluster/setup.py
utils/fabfile.py
utils/__init__.py
Vagrantfile
