CONTRIBUTING.rst
.coveragerc
doc/source/conf.py
doc/source/contributing.rst
doc/source/index.rst
doc/source/installation.rst
doc/source/readme.rst
doc/source/usage.rst
HACKING.rst
LICENSE
MANIFEST.in
openstack-common.conf
openstack/common/db/api.py
openstack/common/db/common.py
openstack/common/db/exception.py
openstack/common/db/__init__.py
openstack/common/db/options.py
openstack/common/db/sqlalchemy/__init__.py
openstack/common/db/sqlalchemy/migration_cli/ext_alembic.py
openstack/common/db/sqlalchemy/migration_cli/ext_base.py
openstack/common/db/sqlalchemy/migration_cli/ext_migrate.py
openstack/common/db/sqlalchemy/migration_cli/__init__.py
openstack/common/db/sqlalchemy/migration_cli/manager.py
openstack/common/db/sqlalchemy/migration.py
openstack/common/db/sqlalchemy/models.py
openstack/common/db/sqlalchemy/provision.py
openstack/common/db/sqlalchemy/session.py
openstack/common/db/sqlalchemy/test_base.py
openstack/common/db/sqlalchemy/test_migrations.conf
openstack/common/db/sqlalchemy/test_migrations.py
openstack/common/db/sqlalchemy/utils.py
oslo/db/api.py
oslo/db/concurrency.py
oslo/db/exception.py
oslo/db/__init__.py
oslo/db/openstack/common/context.py
oslo/db/openstack/common/fixture/config.py
oslo/db/openstack/common/fixture/__init__.py
oslo/db/openstack/common/fixture/moxstubout.py
oslo/db/openstack/common/gettextutils.py
oslo/db/openstack/common/importutils.py
oslo/db/openstack/common/__init__.py
oslo/db/openstack/common/timeutils.py
oslo/db/openstack/__init__.py
oslo/db/options.py
oslo/db/sqlalchemy/compat/handle_error.py
oslo/db/sqlalchemy/compat/__init__.py
oslo/db/sqlalchemy/compat/utils.py
oslo/db/sqlalchemy/exc_filters.py
oslo/db/sqlalchemy/__init__.py
oslo/db/sqlalchemy/migration_cli/ext_alembic.py
oslo/db/sqlalchemy/migration_cli/ext_base.py
oslo/db/sqlalchemy/migration_cli/ext_migrate.py
oslo/db/sqlalchemy/migration_cli/__init__.py
oslo/db/sqlalchemy/migration_cli/manager.py
oslo/db/sqlalchemy/migration.py
oslo/db/sqlalchemy/models.py
oslo/db/sqlalchemy/provision.py
oslo/db/sqlalchemy/session.py
oslo/db/sqlalchemy/test_base.py
oslo/db/sqlalchemy/test_migrations.conf
oslo/db/sqlalchemy/test_migrations.py
oslo/db/sqlalchemy/utils.py
oslo/__init__.py
README.rst
requirements.txt
setup.cfg
setup.py
.testr.conf
test-requirements.txt
tests/base.py
tests/__init__.py
tests/sqlalchemy/__init__.py
tests/sqlalchemy/test_exc_filters.py
tests/sqlalchemy/test_handle_error.py
tests/sqlalchemy/test_migrate_cli.py
tests/sqlalchemy/test_migrate.py
tests/sqlalchemy/test_migration_common.py
tests/sqlalchemy/test_migrations.py
tests/sqlalchemy/test_models.py
tests/sqlalchemy/test_options.py
tests/sqlalchemy/test_sqlalchemy.py
tests/sqlalchemy/test_utils.py
tests/test_api.py
tests/test_concurrency.py
tests/test_db.py
tests/unit/db/__init__.py
tests/unit/db/sqlalchemy/base.py
tests/unit/db/sqlalchemy/__init__.py
tests/unit/db/sqlalchemy/test_migrate_cli.py
tests/unit/db/sqlalchemy/test_migrate.py
tests/unit/db/sqlalchemy/test_migration_common.py
tests/unit/db/sqlalchemy/test_migrations.conf
tests/unit/db/sqlalchemy/test_migrations.py
tests/unit/db/sqlalchemy/test_models.py
tests/unit/db/sqlalchemy/test_options.py
tests/unit/db/sqlalchemy/test_sqlalchemy.py
tests/unit/db/sqlalchemy/test_utils.py
tests/unit/db/test_api.py
tests/utils.py
tox.ini
