CONTRIBUTING.rst
.coveragerc
doc/source/api.rst
doc/source/conf.py
doc/source/contributing.rst
doc/source/guidelines.rst
doc/source/history.rst
doc/source/index.rst
doc/source/installation.rst
doc/source/policy.rst
doc/source/readme.rst
doc/source/usage.rst
HACKING.rst
LICENSE
MANIFEST.in
openstack-common.conf
openstack/common/gettextutils.py
oslo/i18n/_factory.py
oslo/i18n/fixture.py
oslo/i18n/_gettextutils.py
oslo/i18n/gettextutils.py
oslo/i18n/_i18n.py
oslo/i18n/__init__.py
oslo/i18n/_lazy.py
oslo/i18n/_locale.py
oslo/i18n/log.py
oslo/i18n/_message.py
oslo/i18n/_translate.py
oslo/__init__.py
README.rst
requirements.txt
setup.cfg
setup.py
.testr.conf
test-requirements.txt
tests/base.py
tests/fakes.py
tests/__init__.py
tests/test_factory.py
tests/test_fixture.py
tests/test_gettextutils.py
tests/test_handler.py
tests/test_i18n.py
tests/test_lazy.py
tests/test_locale_dir_variable.py
tests/test_logging.py
tests/test_message.py
tests/test_public_api.py
tests/test_translate.py
tests/unit/fakes.py
tests/unit/test_gettext.py
tests/utils.py
tools/run_cross_tests.sh
tox.ini
