AUTHORS.md
cloudroast/bare_metal/api/chassis/__init__.py
cloudroast/bare_metal/api/chassis/test_create_chassis.py
cloudroast/bare_metal/api/chassis/test_delete_chassis.py
cloudroast/bare_metal/api/drivers/__init__.py
cloudroast/bare_metal/api/drivers/test_get_driver.py
cloudroast/bare_metal/api/drivers/test_list_drivers.py
cloudroast/bare_metal/api/__init__.py
cloudroast/bare_metal/api/nodes/__init__.py
cloudroast/bare_metal/api/nodes/test_create_node.py
cloudroast/bare_metal/api/nodes/test_delete_node.py
cloudroast/bare_metal/api/ports/__init__.py
cloudroast/bare_metal/api/ports/test_create_port.py
cloudroast/bare_metal/api/ports/test_delete_port.py
cloudroast/bare_metal/fixtures.py
cloudroast/bare_metal/__init__.py
cloudroast/blockstorage/composites.py
cloudroast/blockstorage/datasets.py
cloudroast/blockstorage/fixtures.py
cloudroast/blockstorage/__init__.py
cloudroast/blockstorage/v1/__init__.py
cloudroast/blockstorage/v1/integration/fixtures.py
cloudroast/blockstorage/v1/integration/__init__.py
cloudroast/blockstorage/v1/integration/volume_attachments_api/__init__.py
cloudroast/blockstorage/v1/integration/volume_attachments_api/smoke.py
cloudroast/blockstorage/v1/volumes_api/fixtures.py
cloudroast/blockstorage/v1/volumes_api/__init__.py
cloudroast/blockstorage/v1/volumes_api/smoke/__init__.py
cloudroast/blockstorage/v1/volumes_api/smoke/snapshots.py
cloudroast/blockstorage/v1/volumes_api/smoke/volumes.py
cloudroast/blockstorage/v2/__init__.py
cloudroast/blockstorage/volumes_api/datasets.py
cloudroast/blockstorage/volumes_api/fixtures.py
cloudroast/blockstorage/volumes_api/__init__.py
cloudroast/blockstorage/volumes_api/integration/compute/datasets.py
cloudroast/blockstorage/volumes_api/integration/compute/fixtures.py
cloudroast/blockstorage/volumes_api/integration/compute/images_api/__init__.py
cloudroast/blockstorage/volumes_api/integration/compute/images_api/smoke.py
cloudroast/blockstorage/volumes_api/integration/compute/__init__.py
cloudroast/blockstorage/volumes_api/integration/compute/volume_attachments_api/__init__.py
cloudroast/blockstorage/volumes_api/integration/compute/volume_attachments_api/smoke.py
cloudroast/blockstorage/volumes_api/integration/__init__.py
cloudroast/blockstorage/volumes_api/snapshots/__init__.py
cloudroast/blockstorage/volumes_api/snapshots/smoke.py
cloudroast/blockstorage/volumes_api/v1/fixtures.py
cloudroast/blockstorage/volumes_api/v1/__init__.py
cloudroast/blockstorage/volumes_api/v1/integration/compute/fixtures.py
cloudroast/blockstorage/volumes_api/v1/integration/compute/__init__.py
cloudroast/blockstorage/volumes_api/v1/integration/compute/volume_attachments_api/__init__.py
cloudroast/blockstorage/volumes_api/v1/integration/compute/volume_attachments_api/smoke.py
cloudroast/blockstorage/volumes_api/v1/integration/fixtures.py
cloudroast/blockstorage/volumes_api/v1/integration/__init__.py
cloudroast/blockstorage/volumes_api/v1/integration/volume_attachments_api/__init__.py
cloudroast/blockstorage/volumes_api/v1/integration/volume_attachments_api/smoke.py
cloudroast/blockstorage/volumes_api/v1/smoke/__init__.py
cloudroast/blockstorage/volumes_api/v1/smoke/snapshots.py
cloudroast/blockstorage/volumes_api/v1/smoke/volumes.py
cloudroast/blockstorage/volumes_api/v1/snapshots/__init__.py
cloudroast/blockstorage/volumes_api/v1/snapshots/smoke.py
cloudroast/blockstorage/volumes_api/v1/volumes/__init__.py
cloudroast/blockstorage/volumes_api/v1/volumes/smoke.py
cloudroast/blockstorage/volumes_api/v2/composites.py
cloudroast/blockstorage/volumes_api/v2/datasets.py
cloudroast/blockstorage/volumes_api/v2/fixtures.py
cloudroast/blockstorage/volumes_api/v2/__init__.py
cloudroast/blockstorage/volumes_api/v2/integration/compute/composites.py
cloudroast/blockstorage/volumes_api/v2/integration/compute/datasets.py
cloudroast/blockstorage/volumes_api/v2/integration/compute/fixtures.py
cloudroast/blockstorage/volumes_api/v2/integration/compute/images_api/__init__.py
cloudroast/blockstorage/volumes_api/v2/integration/compute/images_api/smoke.py
cloudroast/blockstorage/volumes_api/v2/integration/compute/__init__.py
cloudroast/blockstorage/volumes_api/v2/integration/compute/volume_attachments_api/__init__.py
cloudroast/blockstorage/volumes_api/v2/integration/compute/volume_attachments_api/smoke.py
cloudroast/blockstorage/volumes_api/v2/integration/__init__.py
cloudroast/blockstorage/volumes_api/v2/snapshots/__init__.py
cloudroast/blockstorage/volumes_api/v2/snapshots/smoke.py
cloudroast/blockstorage/volumes_api/v2/volumes/__init__.py
cloudroast/blockstorage/volumes_api/v2/volumes/smoke.py
cloudroast/blockstorage/volumes_api/volumes/__init__.py
cloudroast/blockstorage/volumes_api/volumes/smoke.py
cloudroast/cloudkeep/barbican/fixtures.py
cloudroast/cloudkeep/barbican/functional/containers.py
cloudroast/cloudkeep/barbican/functional/__init__.py
cloudroast/cloudkeep/barbican/functional/orders.py
cloudroast/cloudkeep/barbican/functional/secrets.py
cloudroast/cloudkeep/barbican/__init__.py
cloudroast/cloudkeep/barbican/rbac/admin.py
cloudroast/cloudkeep/barbican/rbac/audit.py
cloudroast/cloudkeep/barbican/rbac/creator.py
cloudroast/cloudkeep/barbican/rbac/__init__.py
cloudroast/cloudkeep/barbican/rbac/observer.py
cloudroast/cloudkeep/barbican/smoke/authentication.py
cloudroast/cloudkeep/barbican/smoke/containers.py
cloudroast/cloudkeep/barbican/smoke/__init__.py
cloudroast/cloudkeep/barbican/smoke/orders.py
cloudroast/cloudkeep/barbican/smoke/secrets.py
cloudroast/cloudkeep/barbican/smoke/verifications.py
cloudroast/cloudkeep/barbican/smoke/version.py
cloudroast/cloudkeep/client_lib/fixtures.py
cloudroast/cloudkeep/client_lib/functional/__init__.py
cloudroast/cloudkeep/client_lib/functional/orders.py
cloudroast/cloudkeep/client_lib/functional/secrets.py
cloudroast/cloudkeep/client_lib/__init__.py
cloudroast/cloudkeep/client_lib/smoke/__init__.py
cloudroast/cloudkeep/client_lib/smoke/orders.py
cloudroast/cloudkeep/client_lib/smoke/secrets.py
cloudroast/cloudkeep/cli/fixtures.py
cloudroast/cloudkeep/cli/__init__.py
cloudroast/cloudkeep/cli/smoke/__init__.py
cloudroast/cloudkeep/cli/smoke/orders.py
cloudroast/cloudkeep/cli/smoke/secrets.py
cloudroast/cloudkeep/__init__.py
cloudroast/cloudkeep/portcullis/functional/__init__.py
cloudroast/cloudkeep/portcullis/__init__.py
cloudroast/cloudkeep/portcullis/smoke/__init__.py
cloudroast/compute/admin/actions/__init__.py
cloudroast/compute/admin/actions/test_create_backup.py
cloudroast/compute/admin/actions/test_lock_server.py
cloudroast/compute/admin/actions/test_migrate_server.py
cloudroast/compute/admin/actions/test_pause_server.py
cloudroast/compute/admin/actions/test_reset_server_state.py
cloudroast/compute/admin/actions/test_stop_server.py
cloudroast/compute/admin/actions/test_suspend_server.py
cloudroast/compute/admin_api/flavors/__init__.py
cloudroast/compute/admin_api/flavors/test_create_flavor.py
cloudroast/compute/admin_api/flavors/test_delete_flavor.py
cloudroast/compute/admin_api/flavors/test_private_flavors.py
cloudroast/compute/admin_api/hosts/__init__.py
cloudroast/compute/admin_api/hosts/test_host_actions.py
cloudroast/compute/admin_api/hosts/test_hosts.py
cloudroast/compute/admin_api/hypervisors/__init__.py
cloudroast/compute/admin_api/hypervisors/test_hypervisors_admin.py
cloudroast/compute/admin_api/__init__.py
cloudroast/compute/admin_api/integration/__init__.py
cloudroast/compute/admin_api/integration/volumes/__init__.py
cloudroast/compute/admin_api/integration/volumes/test_server_volume_live_migration.py
cloudroast/compute/admin_api/quotas/__init__.py
cloudroast/compute/admin_api/quotas/test_quotas_admin.py
cloudroast/compute/admin/flavors/__init__.py
cloudroast/compute/admin/flavors/test_create_flavor.py
cloudroast/compute/admin/flavors/test_delete_flavor.py
cloudroast/compute/admin/flavors/test_private_flavors.py
cloudroast/compute/admin/hosts/__init__.py
cloudroast/compute/admin/hosts/test_host_actions.py
cloudroast/compute/admin/hosts/test_hosts.py
cloudroast/compute/admin/hypervisors/__init__.py
cloudroast/compute/admin/hypervisors/test_hypervisors_admin.py
cloudroast/compute/admin/__init__.py
cloudroast/compute/admin/integration/__init__.py
cloudroast/compute/admin/integration/volumes/__init__.py
cloudroast/compute/admin/integration/volumes/test_server_volume_live_migration.py
cloudroast/compute/admin/quotas/__init__.py
cloudroast/compute/admin/quotas/test_quotas_admin.py
cloudroast/compute/admin/servers/__init__.py
cloudroast/compute/admin/servers/test_create_backup.py
cloudroast/compute/admin/servers/test_lock_server.py
cloudroast/compute/admin/servers/test_migrate_server.py
cloudroast/compute/admin/servers/test_pause_server.py
cloudroast/compute/admin/servers/test_reset_server_state.py
cloudroast/compute/admin/servers/test_server_live_migration.py
cloudroast/compute/admin/servers/test_stop_server.py
cloudroast/compute/admin/servers/test_suspend_server.py
cloudroast/compute/admin/test_create_flavor.py
cloudroast/compute/admin/test_delete_flavor.py
cloudroast/compute/admin/test_hypervisors_admin.py
cloudroast/compute/admin/test_quotas_admin.py
cloudroast/compute/api/config_drive/__init__.py
cloudroast/compute/api/config_drive/test_config_drive_base.py
cloudroast/compute/api/config_drive/test_config_drive_directory_structure.py
cloudroast/compute/api/config_drive/test_config_drive_files_structure.py
cloudroast/compute/api/config_drive/test_config_drive_reboot_hard.py
cloudroast/compute/api/config_drive/test_config_drive_reboot_soft.py
cloudroast/compute/api/config_drive/test_config_drive_rebuild_server.py
cloudroast/compute/api/config_drive/test_config_drive_rescue_server.py
cloudroast/compute/api/flavors/__init__.py
cloudroast/compute/api/flavors/test_flavors.py
cloudroast/compute/api/images/__init__.py
cloudroast/compute/api/images/test_delete_image.py
cloudroast/compute/api/images/test_images_metadata_negative.py
cloudroast/compute/api/images/test_images_metadata.py
cloudroast/compute/api/images/test_images_negative.py
cloudroast/compute/api/images/test_list_images_negative.py
cloudroast/compute/api/images/test_list_images.py
cloudroast/compute/api/__init__.py
cloudroast/compute/api/keypairs/__init__.py
cloudroast/compute/api/keypairs/test_create_keypair.py
cloudroast/compute/api/keypairs/test_delete_keypair.py
cloudroast/compute/api/limits/__init__.py
cloudroast/compute/api/limits/test_limits.py
cloudroast/compute/api/servers/__init__.py
cloudroast/compute/api/servers/test_list_servers.py
cloudroast/compute/api/servers/test_missing_parameters.py
cloudroast/compute/api/servers/test_server_metadata.py
cloudroast/compute/api/servers/test_servers_metadata_negative.py
cloudroast/compute/api/servers/test_servers_negative.py
cloudroast/compute/api/servers/test_servers.py
cloudroast/compute/api/servers/test_update_server.py
cloudroast/compute/burn_in/__init__.py
cloudroast/compute/burn_in/test_change_password_burn_in.py
cloudroast/compute/burn_in/test_create_server_burn_in.py
cloudroast/compute/burn_in/test_delete_server_burn_in.py
cloudroast/compute/burn_in/test_reboot_server_hard_burn_in.py
cloudroast/compute/burn_in/test_reboot_server_soft_burn_in.py
cloudroast/compute/burn_in/test_rebuild_server_burn_in.py
cloudroast/compute/burn_in/test_rescue_server_burn_in.py
cloudroast/compute/burn_in/test_resize_server_burn_in.py
cloudroast/compute/extensions/cloudinit/__init__.py
cloudroast/compute/extensions/cloudinit/test_ci_actions.py
cloudroast/compute/extensions/cloudinit/test_ci_base.py
cloudroast/compute/extensions/cloudinit/test_ci_boothook.py
cloudroast/compute/extensions/cloudinit/test_ci_configuration.py
cloudroast/compute/extensions/cloudinit/test_ci_include.py
cloudroast/compute/extensions/cloudinit/test_ci_mime_and_gzip.py
cloudroast/compute/extensions/cloudinit/test_ci_part_handler.py
cloudroast/compute/extensions/cloudinit/test_ci_upstart.py
cloudroast/compute/extensions/console_output/__init__.py
cloudroast/compute/extensions/console_output/test_console_output_api.py
cloudroast/compute/extensions/__init__.py
cloudroast/compute/extensions/security_groups/__init__.py
cloudroast/compute/extensions/security_groups/test_security_group_of_server.py
cloudroast/compute/extensions/security_groups/test_security_group_rules.py
cloudroast/compute/extensions/security_groups/test_security_groups.py
cloudroast/compute/fixtures.py
cloudroast/compute/functional/cloudinit/__init__.py
cloudroast/compute/functional/cloudinit/test_ci_base.py
cloudroast/compute/functional/cloudinit/test_ci_boothook.py
cloudroast/compute/functional/cloudinit/test_ci_configuration.py
cloudroast/compute/functional/cloudinit/test_ci_include.py
cloudroast/compute/functional/cloudinit/test_ci_mime_and_gzip.py
cloudroast/compute/functional/cloudinit/test_ci_part_handler.py
cloudroast/compute/functional/cloudinit/test_ci_upstart.py
cloudroast/compute/functional/config_drive/__init__.py
cloudroast/compute/functional/config_drive/test_config_drive_base.py
cloudroast/compute/functional/configdrive/test_config_drive_base.py
cloudroast/compute/functional/config_drive/test_config_drive_directory_structure.py
cloudroast/compute/functional/configdrive/test_config_drive_directory_structure.py
cloudroast/compute/functional/config_drive/test_config_drive_files_structure.py
cloudroast/compute/functional/configdrive/test_config_drive_files_structure.py
cloudroast/compute/functional/config_drive/test_config_drive_reboot_hard.py
cloudroast/compute/functional/config_drive/test_config_drive_reboot_soft.py
cloudroast/compute/functional/config_drive/test_config_drive_rebuild_server.py
cloudroast/compute/functional/config_drive/test_config_drive_rescue_server.py
cloudroast/compute/functional/flavors/__init__.py
cloudroast/compute/functional/flavors/test_flavors.py
cloudroast/compute/functional/images/__init__.py
cloudroast/compute/functional/images/test_create_image.py
cloudroast/compute/functional/images/test_delete_image.py
cloudroast/compute/functional/images/test_images_metadata_negative.py
cloudroast/compute/functional/images/test_images_metadata.py
cloudroast/compute/functional/images/test_images_negative.py
cloudroast/compute/functional/images/test_list_images_negative.py
cloudroast/compute/functional/images/test_list_images.py
cloudroast/compute/functional/__init__.py
cloudroast/compute/functional/keypairs/__init__.py
cloudroast/compute/functional/keypairs/test_create_keypair.py
cloudroast/compute/functional/keypairs/test_delete_keypair.py
cloudroast/compute/functional/limits/__init__.py
cloudroast/compute/functional/limits/test_limits.py
cloudroast/compute/functional/servers/actions/__init__.py
cloudroast/compute/functional/servers/actions/test_change_password.py
cloudroast/compute/functional/servers/actions/test_reboot_server_hard.py
cloudroast/compute/functional/servers/actions/test_reboot_server_soft.py
cloudroast/compute/functional/servers/actions/test_rebuild_server.py
cloudroast/compute/functional/servers/actions/test_rescue_server.py
cloudroast/compute/functional/servers/actions/test_resize_server_confirm.py
cloudroast/compute/functional/servers/actions/test_resize_server_down.py
cloudroast/compute/functional/servers/actions/test_resize_server_revert.py
cloudroast/compute/functional/servers/actions/test_vnc_console.py
cloudroast/compute/functional/servers/__init__.py
cloudroast/compute/functional/servers/test_create_server.py
cloudroast/compute/functional/servers/test_delete_server.py
cloudroast/compute/functional/servers/test_list_servers.py
cloudroast/compute/functional/servers/test_missing_parameters.py
cloudroast/compute/functional/servers/test_security_group_of_server.py
cloudroast/compute/functional/servers/test_server_metadata.py
cloudroast/compute/functional/servers/test_servers_metadata_negative.py
cloudroast/compute/functional/servers/test_servers_negative.py
cloudroast/compute/functional/servers/test_servers.py
cloudroast/compute/functional/servers/test_update_server.py
cloudroast/compute/fuzz/flavors_fuzz.py
cloudroast/compute/fuzz/images_fuzz.py
cloudroast/compute/fuzz/__init__.py
cloudroast/compute/fuzz/servers_fuzz.py
cloudroast/compute/__init__.py
cloudroast/compute/instance_actions/admin_api/__init__.py
cloudroast/compute/instance_actions/admin_api/test_create_backup.py
cloudroast/compute/instance_actions/admin_api/test_lock_server.py
cloudroast/compute/instance_actions/admin_api/test_migrate_server.py
cloudroast/compute/instance_actions/admin_api/test_pause_server.py
cloudroast/compute/instance_actions/admin_api/test_reset_server_state.py
cloudroast/compute/instance_actions/admin_api/test_server_live_migration.py
cloudroast/compute/instance_actions/admin_api/test_stop_server.py
cloudroast/compute/instance_actions/admin_api/test_suspend_server.py
cloudroast/compute/instance_actions/api/__init__.py
cloudroast/compute/instance_actions/api/test_change_password.py
cloudroast/compute/instance_actions/api/test_create_image.py
cloudroast/compute/instance_actions/api/test_create_server.py
cloudroast/compute/instance_actions/api/test_delete_server.py
cloudroast/compute/instance_actions/api/test_reboot_server_hard.py
cloudroast/compute/instance_actions/api/test_reboot_server_soft.py
cloudroast/compute/instance_actions/api/test_rebuild_server.py
cloudroast/compute/instance_actions/api/test_rescue_server.py
cloudroast/compute/instance_actions/api/test_resize_server_confirm.py
cloudroast/compute/instance_actions/api/test_resize_server_down.py
cloudroast/compute/instance_actions/api/test_resize_server_revert.py
cloudroast/compute/instance_actions/api/test_vnc_console.py
cloudroast/compute/instance_actions/__init__.py
cloudroast/compute/integration/identity/__init__.py
cloudroast/compute/integration/identity/test_admin_authorization.py
cloudroast/compute/integration/identity/test_authentication_required.py
cloudroast/compute/integration/identity/test_authorization.py
cloudroast/compute/integration/__init__.py
cloudroast/compute/integration/volumes/boot_from_volume/__init__.py
cloudroast/compute/integration/volumes/boot_from_volume/v1/__init__.py
cloudroast/compute/integration/volumes/boot_from_volume/v1/test_change_password.py
cloudroast/compute/integration/volumes/boot_from_volume/v1/test_reboot_server_hard.py
cloudroast/compute/integration/volumes/boot_from_volume/v1/test_reboot_server_soft.py
cloudroast/compute/integration/volumes/boot_from_volume/v1/test_rebuild_server.py
cloudroast/compute/integration/volumes/boot_from_volume/v1/test_rescue_server.py
cloudroast/compute/integration/volumes/boot_from_volume/v1/test_resize_server_confirm.py
cloudroast/compute/integration/volumes/boot_from_volume/v1/test_resize_server_down.py
cloudroast/compute/integration/volumes/boot_from_volume/v1/test_resize_server_revert.py
cloudroast/compute/integration/volumes/boot_from_volume/v1/test_vnc_console.py
cloudroast/compute/integration/volumes/boot_from_volume/v2/images/__init__.py
cloudroast/compute/integration/volumes/boot_from_volume/v2/images/test_snapshot_from_volume_instance.py
cloudroast/compute/integration/volumes/boot_from_volume/v2/images/test_volume_server_from_snapshot.py
cloudroast/compute/integration/volumes/boot_from_volume/v2/__init__.py
cloudroast/compute/integration/volumes/boot_from_volume/v2/test_change_password.py
cloudroast/compute/integration/volumes/boot_from_volume/v2/test_create_volume_server.py
cloudroast/compute/integration/volumes/boot_from_volume/v2/test_delete_server.py
cloudroast/compute/integration/volumes/boot_from_volume/v2/test_reboot_server_hard.py
cloudroast/compute/integration/volumes/boot_from_volume/v2/test_reboot_server_soft.py
cloudroast/compute/integration/volumes/boot_from_volume/v2/test_rebuild_server.py
cloudroast/compute/integration/volumes/boot_from_volume/v2/test_rescue_server.py
cloudroast/compute/integration/volumes/boot_from_volume/v2/test_resize_server_confirm.py
cloudroast/compute/integration/volumes/boot_from_volume/v2/test_resize_server_down.py
cloudroast/compute/integration/volumes/boot_from_volume/v2/test_resize_server_revert.py
cloudroast/compute/integration/volumes/boot_from_volume/v2/test_vnc_console.py
cloudroast/compute/integration/volumes/boot_from_volume/v2/test_volume_server_negative.py
cloudroast/compute/integration/volumes/__init__.py
cloudroast/compute/integration/volumes/test_create_server_with_volume.py
cloudroast/compute/integration/volumes/test_rebuild_server_with_volume.py
cloudroast/compute/integration/volumes/test_resize_server_with_volume.py
cloudroast/database/fixtures.py
cloudroast/database/__init__.py
cloudroast/database/neg_regr/__init__.py
cloudroast/database/pos_regr/databases.py
cloudroast/database/pos_regr/__init__.py
cloudroast/database/pos_regr/instances.py
cloudroast/database/pos_regr/mgmt/accounts.py
cloudroast/database/pos_regr/mgmt/actions.py
cloudroast/database/pos_regr/mgmt/hosts.py
cloudroast/database/pos_regr/mgmt/__init__.py
cloudroast/database/pos_regr/mgmt/storage.py
cloudroast/database/pos_regr/mgmt/usage_retention.py
cloudroast/database/pos_regr/rbac.py
cloudroast/database/pos_regr/users.py
cloudroast/database/smoketest/__init__.py
cloudroast/database/smoketest/smoketest.py
cloudroast/identity/admin/__init__.py
cloudroast/identity/admin/test_roles.py
cloudroast/identity/admin/test_services.py
cloudroast/identity/admin/test_tenants.py
cloudroast/identity/admin/test_users.py
cloudroast/identity/fixtures.py
cloudroast/identity/__init__.py
cloudroast/identity/v2_0/extensions/__init__.py
cloudroast/identity/v2_0/extensions/osksadm.py
cloudroast/identity/v2_0/fixtures.py
cloudroast/identity/v2_0/__init__.py
cloudroast/identity/v2_0/smoke.py
cloudroast/image/fixtures.py
cloudroast/images/fixtures.py
cloudroast/images/__init__.py
cloudroast/images/v1/fixtures.py
cloudroast/images/v1/functional/__init__.py
cloudroast/images/v1/functional/test_create_images.py
cloudroast/images/v1/functional/test_image_members.py
cloudroast/images/v1/functional/test_list_images.py
cloudroast/images/v1/__init__.py
cloudroast/images/v2/fixtures.py
cloudroast/images/v2/functional/get_task_schema.py
cloudroast/images/v2/functional/__init__.py
cloudroast/images/v2/functional/test_add_image_member.py
cloudroast/images/v2/functional/test_add_image_tag_negative.py
cloudroast/images/v2/functional/test_add_image_tag.py
cloudroast/images/v2/functional/test_create_export_task_negative.py
cloudroast/images/v2/functional/test_create_export_task_positive.py
cloudroast/images/v2/functional/test_create_export_task.py
cloudroast/images/v2/functional/test_create_image_negative.py
cloudroast/images/v2/functional/test_create_image.py
cloudroast/images/v2/functional/test_create_images.py
cloudroast/images/v2/functional/test_create_import_task_negative.py
cloudroast/images/v2/functional/test_create_import_task.py
cloudroast/images/v2/functional/test_delete_image_member.py
cloudroast/images/v2/functional/test_delete_image_negative.py
cloudroast/images/v2/functional/test_delete_image_positive.py
cloudroast/images/v2/functional/test_delete_image.py
cloudroast/images/v2/functional/test_delete_image_tag_negative.py
cloudroast/images/v2/functional/test_delete_image_tag.py
cloudroast/images/v2/functional/test_delete_members.py
cloudroast/images/v2/functional/test_delete_tags.py
cloudroast/images/v2/functional/test_delete_task.py
cloudroast/images/v2/functional/test_force_a_user_to_see_my_images.py
cloudroast/images/v2/functional/test_get_image_file_negative.py
cloudroast/images/v2/functional/test_get_image_file.py
cloudroast/images/v2/functional/test_get_image_member_negative.py
cloudroast/images/v2/functional/test_get_image_member_positive.py
cloudroast/images/v2/functional/test_get_image_member.py
cloudroast/images/v2/functional/test_get_image_member_schema.py
cloudroast/images/v2/functional/test_get_image_members_negative.py
cloudroast/images/v2/functional/test_get_image_members.py
cloudroast/images/v2/functional/test_get_image_members_schema.py
cloudroast/images/v2/functional/test_get_image_negative.py
cloudroast/images/v2/functional/test_get_image.py
cloudroast/images/v2/functional/test_get_image_schema.py
cloudroast/images/v2/functional/test_get_images_filter.py
cloudroast/images/v2/functional/test_get_images_negative.py
cloudroast/images/v2/functional/test_get_images_positive.py
cloudroast/images/v2/functional/test_get_images.py
cloudroast/images/v2/functional/test_get_images_schema.py
cloudroast/images/v2/functional/test_get_images_sort.py
cloudroast/images/v2/functional/test_get_task_negative.py
cloudroast/images/v2/functional/test_get_task.py
cloudroast/images/v2/functional/test_get_task_schema.py
cloudroast/images/v2/functional/test_get_tasks.py
cloudroast/images/v2/functional/test_get_tasks_schema.py
cloudroast/images/v2/functional/test_image_discovery_of_shared_images_owned_by_user.py
cloudroast/images/v2/functional/test_image_item_quotas.py
cloudroast/images/v2/functional/test_image_life_cycle.py
cloudroast/images/v2/functional/test_image_life_cycle_tenant_permissions.py
cloudroast/images/v2/functional/test_image_member_life_cycle.py
cloudroast/images/v2/functional/test_image_membership_sharing_cycle.py
cloudroast/images/v2/functional/test_image_sharing_deletion_accessibility_cycle.py
cloudroast/images/v2/functional/test_image_tag_life_cycle.py
cloudroast/images/v2/functional/test_image_visibility_life_cycle.py
cloudroast/images/v2/functional/test_image_visibility_of_images_owned_by_a_particular_user.py
cloudroast/images/v2/functional/test_image_visibility.py
cloudroast/images/v2/functional/test_import_export_life_cycle.py
cloudroast/images/v2/functional/test_one_to_many_image_sharing.py
cloudroast/images/v2/functional/test_one_to_one_image_sharing.py
cloudroast/images/v2/functional/test_patch_image.py
cloudroast/images/v2/functional/test_post_image_members.py
cloudroast/images/v2/functional/test_post_images.py
cloudroast/images/v2/functional/test_post_tags.py
cloudroast/images/v2/functional/test_put_image_members.py
cloudroast/images/v2/functional/test_put_image.py
cloudroast/images/v2/functional/test_remove_all_shared_images_from_user_list.py
cloudroast/images/v2/functional/test_shared_image_visibility.py
cloudroast/images/v2/functional/test_share_imported_image.py
cloudroast/images/v2/functional/test_store_image_file_negative.py
cloudroast/images/v2/functional/test_store_image_file.py
cloudroast/images/v2/functional/test_task_states.py
cloudroast/images/v2/functional/test_unshare_previously_shared_image.py
cloudroast/images/v2/functional/test_update_image_member_negative.py
cloudroast/images/v2/functional/test_update_image_member.py
cloudroast/images/v2/functional/test_update_image_negative.py
cloudroast/images/v2/functional/test_update_image_positive.py
cloudroast/images/v2/functional/test_update_image.py
cloudroast/images/v2/functional/test_upload_image_file_negative.py
cloudroast/images/v2/functional/test_upload_image_file.py
cloudroast/images/v2/functional/test_visibility_of_images_shared_between_users.py
cloudroast/images/v2/__init__.py
cloudroast/images/v2/rbac/__init__.py
cloudroast/images/v2/rbac/test_rbac_get_images_schema.py
cloudroast/__init__.py
cloudroast/meniscus/fixtures.py
cloudroast/meniscus/functional/coordinator.py
cloudroast/meniscus/functional/__init__.py
cloudroast/meniscus/functional/producer.py
cloudroast/meniscus/functional/publishing.py
cloudroast/meniscus/functional/status.py
cloudroast/meniscus/functional/tenant.py
cloudroast/meniscus/__init__.py
cloudroast/meniscus/smoke/host.py
cloudroast/meniscus/smoke/__init__.py
cloudroast/meniscus/smoke/pairing.py
cloudroast/meniscus/smoke/producer.py
cloudroast/meniscus/smoke/profile.py
cloudroast/meniscus/smoke/publishing.py
cloudroast/meniscus/smoke/status.py
cloudroast/meniscus/smoke/tenant.py
cloudroast/meniscus/smoke/version.py
cloudroast/objectstorage/fixtures.py
cloudroast/objectstorage/generators.py
cloudroast/objectstorage/__init__.py
cloudroast/objectstorage/regression/account/__init__.py
cloudroast/objectstorage/regression/container/__init__.py
cloudroast/objectstorage/regression/container/object_updater_test.py
cloudroast/objectstorage/regression/container/obj_list_delimiter_test.py
cloudroast/objectstorage/regression/container/obj_list_extended_accept_header_test.py
cloudroast/objectstorage/regression/container/obj_list_format_test.py
cloudroast/objectstorage/regression/container/obj_list_limit_test.py
cloudroast/objectstorage/regression/container/obj_list_marker_end_marker_test.py
cloudroast/objectstorage/regression/container/obj_list_prefix_test.py
cloudroast/objectstorage/regression/__init__.py
cloudroast/objectstorage/regression/middleware/bulk_delete_test.py
cloudroast/objectstorage/regression/middleware/cors_test.py
cloudroast/objectstorage/regression/middleware/expiring_objects_test.py
cloudroast/objectstorage/regression/middleware/extract_archive_format_parameter_test.py
cloudroast/objectstorage/regression/middleware/extract_archive_test.py
cloudroast/objectstorage/regression/middleware/extract_corrupt_archive_test.py
cloudroast/objectstorage/regression/middleware/extract_invalid_archive_test.py
cloudroast/objectstorage/regression/middleware/__init__.py
cloudroast/objectstorage/regression/middleware/temp_url.py
cloudroast/objectstorage/regression/object/__init__.py
cloudroast/objectstorage/regression/object/object_test.py
cloudroast/objectstorage/regression/object/object_versioning.py
cloudroast/objectstorage/regression/object/psuedo_hierarchical_dirs_test.py
cloudroast/objectstorage/regression/temp_url.py
cloudroast/objectstorage/smoke/account_smoke.py
cloudroast/objectstorage/smoke/container_smoke.py
cloudroast/objectstorage/smoke/info_test.py
cloudroast/objectstorage/smoke/__init__.py
cloudroast/objectstorage/smoke/object_smoke.py
cloudroast/objectstorage/smoke/quick_test.py
cloudroast/openstackcli/cindercli/fixtures.py
cloudroast/openstackcli/cindercli/__init__.py
cloudroast/openstackcli/cindercli/snapshot_smoke.py
cloudroast/openstackcli/cindercli/volume_smoke.py
cloudroast/openstackcli/__init__.py
cloudroast/stacktach/fixtures.py
cloudroast/stacktach/functional/__init__.py
cloudroast/stacktach/functional/test_create_server_in_stacktach_db.py
cloudroast/stacktach/functional/test_delete_server_in_stacktach_db.py
cloudroast/stacktach/functional/test_server_change_password_in_stacktach_db.py
cloudroast/stacktach/functional/test_server_hard_reboot_in_stacktach_db.py
cloudroast/stacktach/functional/test_server_rebuild_in_stacktach_db.py
cloudroast/stacktach/functional/test_server_rescue_in_stacktach_db.py
cloudroast/stacktach/functional/test_server_resize_down_confirm_in_stacktach_db.py
cloudroast/stacktach/functional/test_server_resize_down_revert_in_stacktach_db.py
cloudroast/stacktach/functional/test_server_resize_up_confirm_in_stacktach_db.py
cloudroast/stacktach/functional/test_server_resize_up_revert_in_stacktach_db.py
cloudroast/stacktach/functional/test_server_soft_reboot_in_stacktach_db.py
cloudroast/stacktach/__init__.py
cloudroast/stacktach/regression/__init__.py
cloudroast/stacktach/smoke/glance_negative_stacktach_api.py
cloudroast/stacktach/smoke/glance_stacktach_api.py
cloudroast/stacktach/smoke/glance_stacktach_db_api.py
cloudroast/stacktach/smoke/__init__.py
cloudroast/stacktach/smoke/negative_stacktach_api.py
cloudroast/stacktach/smoke/negative_stacktach_db_api.py
cloudroast/stacktach/smoke/stacktach_api.py
cloudroast/stacktach/smoke/stacktach_db_api.py
HACKING.rst
HISTORY.md
HISTORY.rst
LICENSE
MANIFEST.in
NOTICE
pip-requires
README.md
setup.py
test_repo/cloudkeep/barbican/fixtures.py
test_repo/cloudkeep/barbican/functional/__init__.py
test_repo/cloudkeep/barbican/functional/orders.py
test_repo/cloudkeep/barbican/functional/secrets.py
test_repo/cloudkeep/barbican/__init__.py
test_repo/cloudkeep/barbican/smoke/__init__.py
test_repo/cloudkeep/barbican/smoke/orders.py
test_repo/cloudkeep/barbican/smoke/secrets.py
test_repo/cloudkeep/barbican/smoke/version.py
test_repo/cloudkeep/client_lib/fixtures.py
test_repo/cloudkeep/client_lib/functional/__init__.py
test_repo/cloudkeep/client_lib/functional/secrets.py
test_repo/cloudkeep/client_lib/__init__.py
test_repo/cloudkeep/client_lib/smoke/__init__.py
test_repo/cloudkeep/client_lib/smoke/orders.py
test_repo/cloudkeep/client_lib/smoke/secrets.py
test_repo/cloudkeep/__init__.py
test_repo/compute/admin/actions/__init__.py
test_repo/compute/admin/actions/test_create_backup.py
test_repo/compute/admin/actions/test_lock_server.py
test_repo/compute/admin/actions/test_migrate_server.py
test_repo/compute/admin/actions/test_pause_server.py
test_repo/compute/admin/actions/test_reset_server_state.py
test_repo/compute/admin/actions/test_stop_server.py
test_repo/compute/admin/actions/test_suspend_server.py
test_repo/compute/admin/hosts/__init__.py
test_repo/compute/admin/hosts/test_host_actions.py
test_repo/compute/admin/hosts/test_hosts.py
test_repo/compute/admin/__init__.py
test_repo/compute/admin/test_admin_authorization.py
test_repo/compute/admin/test_create_flavor.py
test_repo/compute/admin/test_delete_flavor.py
test_repo/compute/admin/test_flavors_admin.py
test_repo/compute/admin/test_hosts_admin.py
test_repo/compute/admin/test_hypervisors_admin.py
test_repo/compute/admin/test_quotas_admin.py
test_repo/compute/extensions/__init__.py
test_repo/compute/extensions/keypairs/__init__.py
test_repo/compute/extensions/keypairs/test_create_keypair.py
test_repo/compute/extensions/keypairs/test_delete_keypair.py
test_repo/compute/extensions/keypairs/test_keypairs.py
test_repo/compute/extensions/rescue/__init__.py
test_repo/compute/extensions/rescue/test_rescue_server.py
test_repo/compute/extensions/security_groups/__init__.py
test_repo/compute/extensions/security_groups/test_security_groups.py
test_repo/compute/fixtures.py
test_repo/compute/fixtures.pyc
test_repo/compute/functional/flavors/__init__.py
test_repo/compute/functional/flavors/__init__.pyc
test_repo/compute/functional/flavors/test_flavors.py
test_repo/compute/functional/flavors/test_flavors.pyc
test_repo/compute/functional/images/__init__.py
test_repo/compute/functional/images/__init__.pyc
test_repo/compute/functional/images/test_create_image.py
test_repo/compute/functional/images/test_delete_image.py
test_repo/compute/functional/images/test_images_metadata_negative.py
test_repo/compute/functional/images/test_images_metadata.py
test_repo/compute/functional/images/test_images_negative.py
test_repo/compute/functional/images/test_images_negative.pyc
test_repo/compute/functional/images/test_images.py
test_repo/compute/functional/images/test_images.pyc
test_repo/compute/functional/images/test_list_images_negative.py
test_repo/compute/functional/images/test_list_images.py
test_repo/compute/functional/images/test_list_images.pyc
test_repo/compute/functional/__init__.py
test_repo/compute/functional/__init__.pyc
test_repo/compute/functional/keypairs/__init__.py
test_repo/compute/functional/keypairs/test_create_keypair.py
test_repo/compute/functional/keypairs/test_delete_keypair.py
test_repo/compute/functional/servers/actions/__init__.py
test_repo/compute/functional/servers/actions/test_change_password.py
test_repo/compute/functional/servers/actions/test_reboot_server_hard.py
test_repo/compute/functional/servers/actions/test_reboot_server_soft.py
test_repo/compute/functional/servers/actions/test_rebuild_server.py
test_repo/compute/functional/servers/actions/test_rescue_server.py
test_repo/compute/functional/servers/actions/test_resize_server_confirm.py
test_repo/compute/functional/servers/actions/test_resize_server_down.py
test_repo/compute/functional/servers/actions/test_resize_server_revert.py
test_repo/compute/functional/servers/__init__.py
test_repo/compute/functional/servers/__init__.pyc
test_repo/compute/functional/servers/test_create_server.py
test_repo/compute/functional/servers/test_delete_server.py
test_repo/compute/functional/servers/test_list_servers.py
test_repo/compute/functional/servers/test_list_servers.pyc
test_repo/compute/functional/servers/test_missing_parameters.py
test_repo/compute/functional/servers/test_server_metadata.py
test_repo/compute/functional/servers/test_servers_negative.py
test_repo/compute/functional/servers/test_servers.py
test_repo/compute/functional/servers/test_update_server.py
test_repo/compute/functional/test_links.py
test_repo/compute/__init__.py
test_repo/compute/__init__.pyc
test_repo/compute/integration/identity/__init__.py
test_repo/compute/integration/identity/test_admin_authorization.py
test_repo/compute/integration/identity/test_authentication_required.py
test_repo/compute/integration/identity/test_authorization.py
test_repo/compute/integration/__init__.py
test_repo/database/fixtures.py
test_repo/database/__init__.py
test_repo/database/neg_regr/__init__.py
test_repo/database/pos_regr/databases.py
test_repo/database/pos_regr/__init__.py
test_repo/database/pos_regr/instances.py
test_repo/database/pos_regr/mgmt/accounts.py
test_repo/database/pos_regr/mgmt/actions.py
test_repo/database/pos_regr/mgmt/hosts.py
test_repo/database/pos_regr/mgmt/__init__.py
test_repo/database/pos_regr/mgmt/storage.py
test_repo/database/pos_regr/mgmt/usage_retention.py
test_repo/database/pos_regr/rbac.py
test_repo/database/pos_regr/users.py
test_repo/database/smoketest/__init__.py
test_repo/database/smoketest/smoketest.py
test_repo/identity/fixtures.py
test_repo/identity/__init__.py
test_repo/identity/quickauthtest.py
test_repo/image/fixtures.py
test_repo/__init__.py
test_repo/__init__.pyc
test_repo/meniscus/fixtures.py
test_repo/meniscus/__init__.py
test_repo/meniscus/smoke/host.py
test_repo/meniscus/smoke/__init__.py
test_repo/meniscus/smoke/pairing.py
test_repo/meniscus/smoke/producer.py
test_repo/meniscus/smoke/profile.py
test_repo/meniscus/smoke/routing.py
test_repo/meniscus/smoke/status.py
test_repo/meniscus/smoke/tenant.py
test_repo/meniscus/smoke/version.py
test_repo/objectstorage/fixtures.py
test_repo/objectstorage/__init__.py
test_repo/objectstorage/regression/__init__.py
test_repo/objectstorage/regression/temp_url.py
test_repo/objectstorage/smoke/account_smoke.py
test_repo/objectstorage/smoke/container_smoke.py
test_repo/objectstorage/smoke/__init__.py
test_repo/objectstorage/smoke/object_smoke.py
test_repo/objectstorage/smoke/quick_test.py
