committags
ConfigFile.py
COPYING
csvdump.py
csv.py
database.py
do-it.sh
file_types.py
findoldfiles
gerritdm
gerrit/parse-reviews.py
gitdm
gitdm.config
launchpad/buglist.py
launchpad/map-email-to-lp-name.py
linetags
logparser.py
lpdm
openstack-config/aliases
openstack-config/domain-map
openstack-config/email-map
openstack-config/essex
openstack-config/folsom
openstack-config/folsom-with-libs
openstack-config/grizzly
openstack-config/groups/att
openstack-config/groups/bvox
openstack-config/groups/canonical
openstack-config/groups/cloudbase
openstack-config/groups/dell
openstack-config/groups/delta
openstack-config/groups/dreamhost
openstack-config/groups/everbread
openstack-config/groups/foundation
openstack-config/groups/hp
openstack-config/groups/ibm
openstack-config/groups/intel
openstack-config/groups/internap
openstack-config/groups/locaweb
openstack-config/groups/microsoft
openstack-config/groups/midokura
openstack-config/groups/mirantis
openstack-config/groups/nebula
openstack-config/groups/netapp
openstack-config/groups/nicira
openstack-config/groups/ntt
openstack-config/groups/piston
openstack-config/groups/rackspace
openstack-config/groups/redhat
openstack-config/groups/sina
openstack-config/groups/stackops
openstack-config/groups/unimelb
openstack-config/groups/unitedstack
openstack-config/havana
openstack-config/havana-all
openstack-config/havana-bucket
openstack-config/havana-docs
openstack-config/havana-gating
openstack-config/havana-incubated
openstack-config/havana-infra
openstack-config/havana-integrated
openstack-config/havana-library
openstack-config/havana-libs
openstack-config/havana-unofficial
openstack-config/icehouse
openstack-config/launchpad-ids.txt
openstack-config/other-aliases
openstack-config/regen.sh
patterns.py
README
reports.py
sample-config/aliases
sample-config/domain-map
sample-config/filetypes.txt
sample-config/xorg/gitdm.config-xserver
sample-config/xorg/group-map-apple
sample-config/xorg/group-map-intel
sample-config/xorg/group-map-redhat
tests/expected-datelc
tests/expected-results.txt
tests/gitdm-tests.py
tests/testrepo/config
tests/testrepo/HEAD
tests/testrepo/info/refs
tests/testrepo/objects/info/packs
tests/testrepo/objects/pack/pack-f62fb949b32db1bccdc300fc13de20bca92b4c01.idx
tests/testrepo/objects/pack/pack-f62fb949b32db1bccdc300fc13de20bca92b4c01.pack
tests/testrepo/packed-refs
tools/install_venv.sh
tools/pip-requires
tools/with_venv.sh
treeplot
