doc/source/conf.py
doc/source/drivers.rst
doc/source/index.rst
doc/source/install.rst
doc/source/tutorial/coordinator.rst
doc/source/tutorial/group_membership.rst
doc/source/tutorial/index.rst
doc/source/tutorial/leader_election.rst
examples/coordinator_heartbeat.py
examples/coordinator.py
examples/group_membership.py
examples/group_membership_watch.py
examples/leader_election.py
LICENSE
openstack-common.conf
README.rst
requirements.txt
run_tests.sh
setup.cfg
setup.py
setup-test-env.sh
.testr.conf
test-requirements.txt
tooz/coordination.py
tooz/drivers/__init__.py
tooz/drivers/ipc.py
tooz/drivers/memcached.py
tooz/drivers/zookeeper.py
tooz/__init__.py
tooz/locking.py
tooz/models.py
tooz/openstack/common/excutils.py
tooz/openstack/common/fileutils.py
tooz/openstack/common/gettextutils.py
tooz/openstack/common/importutils.py
tooz/openstack/common/__init__.py
tooz/openstack/common/jsonutils.py
tooz/openstack/common/local.py
tooz/openstack/common/lockutils.py
tooz/openstack/common/log.py
tooz/openstack/common/network_utils.py
tooz/openstack/common/strutils.py
tooz/openstack/common/timeutils.py
tooz/openstack/__init__.py
tooz/tests/drivers/__init__.py
tooz/tests/drivers/test_memcached.py
tooz/tests/__init__.py
tooz/tests/test_coordination.py
tox.ini
