java/monasca-common-dropwizard/pom.xml
java/monasca-common-dropwizard/src/main/java/com/hpcloud/dropwizard/persistence/DatabaseModule.java
java/monasca-common-dropwizard/src/test/java/com/hpcloud/dropwizard/AbstractAppTest.java
java/monasca-common-dropwizard/src/test/java/com/hpcloud/dropwizard/AbstractResourceTest.java
java/monasca-common-dropwizard/src/test/java/com/hpcloud/dropwizard/JsonHelpers.java
java/monasca-common-influxdb/pom.xml
java/monasca-common-influxdb/src/main/java/com/hpcloud/configuration/DatabaseConfiguration.java
java/monasca-common-influxdb/src/main/java/com/hpcloud/configuration/InfluxDbConfiguration.java
java/monasca-common-kafka/pom.xml
java/monasca-common-kafka/src/main/java/com/hpcloud/configuration/KafkaConsumerConfiguration.java
java/monasca-common-kafka/src/main/java/com/hpcloud/configuration/KafkaConsumerProperties.java
java/monasca-common-kafka/src/main/java/com/hpcloud/configuration/KafkaProducerConfiguration.java
java/monasca-common-kafka/src/main/java/com/hpcloud/configuration/KafkaProducerProperties.java
java/monasca-common-kafka/src/main/java/com/hpcloud/messaging/kafka/KafkaConfiguration.java
java/monasca-common-kafka/src/main/java/com/hpcloud/messaging/kafka/KafkaHealthCheck.java
java/monasca-common-kafka/src/main/resources/com/hpcloud/kafka-consumer-config-yml
java/monasca-common-kafka/src/main/resources/com/hpcloud/kafka-producer-config.yml
java/monasca-common-kafka/src/test/java/com/hpcloud/messaging/kafka/KafkaHealthCheckTest.java
java/monasca-common-kafka/src/test/resources/log4j.properties
java/monasca-common-middleware/pom.xml
java/monasca-common-middleware/src/main/java/com/hpcloud/middleware/AuthClientFactory.java
java/monasca-common-middleware/src/main/java/com/hpcloud/middleware/AuthClient.java
java/monasca-common-middleware/src/main/java/com/hpcloud/middleware/AuthConnectionException.java
java/monasca-common-middleware/src/main/java/com/hpcloud/middleware/AuthConstants.java
java/monasca-common-middleware/src/main/java/com/hpcloud/middleware/AuthException.java
java/monasca-common-middleware/src/main/java/com/hpcloud/middleware/CatalogV3.java
java/monasca-common-middleware/src/main/java/com/hpcloud/middleware/Config.java
java/monasca-common-middleware/src/main/java/com/hpcloud/middleware/ExceptionHandlerUtil.java
java/monasca-common-middleware/src/main/java/com/hpcloud/middleware/FilterUtils.java
java/monasca-common-middleware/src/main/java/com/hpcloud/middleware/HttpAuthClient.java
java/monasca-common-middleware/src/main/java/com/hpcloud/middleware/HttpClientFactory.java
java/monasca-common-middleware/src/main/java/com/hpcloud/middleware/HttpClientPoolFactory.java
java/monasca-common-middleware/src/main/java/com/hpcloud/middleware/HttpPoolCleaner.java
java/monasca-common-middleware/src/main/java/com/hpcloud/middleware/ServiceUnavailableException.java
java/monasca-common-middleware/src/main/java/com/hpcloud/middleware/TokenAuth.java
java/monasca-common-middleware/src/main/java/com/hpcloud/middleware/TokenCache.java
java/monasca-common-middleware/src/main/java/com/hpcloud/middleware/TokenExceptionHandler.java
java/monasca-common-middleware/src/main/java/com/hpcloud/middleware/UnavailableException.java
java/monasca-common-model/pom.xml
java/monasca-common-model/src/main/java/com/hpcloud/mon/common/event/AlarmCreatedEvent.java
java/monasca-common-model/src/main/java/com/hpcloud/mon/common/event/AlarmDeletedEvent.java
java/monasca-common-model/src/main/java/com/hpcloud/mon/common/event/AlarmStateTransitionedEvent.java
java/monasca-common-model/src/main/java/com/hpcloud/mon/common/event/AlarmUpdatedEvent.java
java/monasca-common-model/src/main/java/com/hpcloud/mon/common/model/alarm/AggregateFunction.java
java/monasca-common-model/src/main/java/com/hpcloud/mon/common/model/alarm/AlarmExpressionErrorListener.java
java/monasca-common-model/src/main/java/com/hpcloud/mon/common/model/alarm/AlarmExpression.java
java/monasca-common-model/src/main/java/com/hpcloud/mon/common/model/alarm/AlarmOperator.java
java/monasca-common-model/src/main/java/com/hpcloud/mon/common/model/alarm/AlarmState.java
java/monasca-common-model/src/main/java/com/hpcloud/mon/common/model/alarm/AlarmSubExpression.java
java/monasca-common-model/src/main/java/com/hpcloud/mon/common/model/alarm/AlarmSubExpressionListener.java
java/monasca-common-model/src/main/java/com/hpcloud/mon/common/model/alarm/BooleanExpression.java
java/monasca-common-model/src/main/java/com/hpcloud/mon/common/model/alarm/BooleanOperator.java
java/monasca-common-model/src/main/java/com/hpcloud/mon/common/model/ComputeServiceInfo.java
java/monasca-common-model/src/main/java/com/hpcloud/mon/common/model/metric/MetricDefinition.java
java/monasca-common-model/src/main/java/com/hpcloud/mon/common/model/metric/MetricEnvelope.java
java/monasca-common-model/src/main/java/com/hpcloud/mon/common/model/metric/MetricEnvelopes.java
java/monasca-common-model/src/main/java/com/hpcloud/mon/common/model/metric/Metric.java
java/monasca-common-model/src/main/java/com/hpcloud/mon/common/model/metric/Metrics.java
java/monasca-common-model/src/main/java/com/hpcloud/mon/common/model/ObjectStoreServiceInfo.java
java/monasca-common-model/src/main/java/com/hpcloud/mon/common/model/ServiceInfo.java
java/monasca-common-model/src/main/java/com/hpcloud/mon/common/model/Services.java
java/monasca-common-model/src/main/java/com/hpcloud/mon/common/model/VolumeServiceInfo.java
java/monasca-common-model/src/main/java/com/hpcloud/mon/domain/common/AbstractEntity.java
java/monasca-common-model/src/main/resources/com/hpcloud/mon/common/model/alarm/AlarmExpression.g4
java/monasca-common-model/src/test/java/com/hpcloud/mon/common/model/alarm/AlarmExpressionTest.java
java/monasca-common-model/src/test/java/com/hpcloud/mon/common/model/alarm/AlarmSubExpressionTest.java
java/monasca-common-model/src/test/java/com/hpcloud/mon/common/model/metric/MetricsTest.java
java/monasca-common-model/src/test/java/com/hpcloud/mon/common/model/ServicesTest.java
java/monasca-common-persistence/pom.xml
java/monasca-common-persistence/src/main/java/com/hpcloud/persistence/AbstractPersistenceModule.java
java/monasca-common-persistence/src/main/java/com/hpcloud/persistence/BeanMapperFactory.java
java/monasca-common-persistence/src/main/java/com/hpcloud/persistence/BeanMapper.java
java/monasca-common-persistence/src/main/java/com/hpcloud/persistence/DataTypes.java
java/monasca-common-persistence/src/main/java/com/hpcloud/persistence/KeyValueMapper.java
java/monasca-common-persistence/src/main/java/com/hpcloud/persistence/package-info.java
java/monasca-common-persistence/src/main/java/com/hpcloud/persistence/SqlQueries.java
java/monasca-common-persistence/src/main/java/com/hpcloud/persistence/SqlStatements.java
java/monasca-common-persistence/src/test/java/com/hpcloud/persistence/AbstractPersistenceModuleTest.java
java/monasca-common-persistence/src/test/java/com/hpcloud/persistence/BeanMappeTest.java
java/monasca-common-persistence/src/test/java/com/hpcloud/persistence/SqlStatementsTest.java
java/monasca-common-streaming/pom.xml
java/monasca-common-streaming/src/main/java/com/hpcloud/streaming/storm/Logging.java
java/monasca-common-streaming/src/main/java/com/hpcloud/streaming/storm/Streams.java
java/monasca-common-streaming/src/main/java/com/hpcloud/streaming/storm/TupleDeserializer.java
java/monasca-common-streaming/src/main/java/com/hpcloud/streaming/storm/Tuples.java
java/monasca-common-streaming/src/test/java/com/hpcloud/streaming/storm/NoopSpout.java
java/monasca-common-streaming/src/test/java/com/hpcloud/streaming/storm/PeriodicTupleProvider.java
java/monasca-common-streaming/src/test/java/com/hpcloud/streaming/storm/TestSpout.java
java/monasca-common-streaming/src/test/java/com/hpcloud/streaming/storm/TopologyTestCase.java
java/monasca-common-testing/pom.xml
java/monasca-common-testing/src/main/java/com/hpcloud/testing/Assert.java
java/monasca-common-testing/src/main/resources/testngAll.xml
java/monasca-common-testing/src/test/resources/com/hpcloud/test-config.yml
java/monasca-common-util/pom.xml
java/monasca-common-util/src/main/java/com/hpcloud/util/concurrent/ExecutionListener.java
java/monasca-common-util/src/main/java/com/hpcloud/util/concurrent/InstrumentedThreadPoolExecutor.java
java/monasca-common-util/src/main/java/com/hpcloud/util/concurrent/package-info.java
java/monasca-common-util/src/main/java/com/hpcloud/util/concurrent/ThreadPools.java
java/monasca-common-util/src/main/java/com/hpcloud/util/config/ConfigurationException.java
java/monasca-common-util/src/main/java/com/hpcloud/util/config/ConfigurationFactory.java
java/monasca-common-util/src/main/java/com/hpcloud/util/config/Configurations.java
java/monasca-common-util/src/main/java/com/hpcloud/util/Duration.java
java/monasca-common-util/src/main/java/com/hpcloud/util/Exceptions.java
java/monasca-common-util/src/main/java/com/hpcloud/util/Injector.java
java/monasca-common-util/src/main/java/com/hpcloud/util/Serialization.java
java/monasca-common-util/src/main/java/com/hpcloud/util/Stack.java
java/monasca-common-util/src/main/java/com/hpcloud/util/stats/SlidingWindowStats.java
java/monasca-common-util/src/main/java/com/hpcloud/util/stats/Statistic.java
java/monasca-common-util/src/main/java/com/hpcloud/util/stats/Statistics.java
java/monasca-common-util/src/main/java/com/hpcloud/util/time/TimeResolution.java
java/monasca-common-util/src/main/java/com/hpcloud/util/time/Times.java
java/monasca-common-util/src/main/java/com/hpcloud/util/Types.java
java/monasca-common-util/src/main/java/com/hpcloud/util/validation/Validator.java
java/monasca-common-util/src/test/java/com/hpcloud/util/DurationTest.java
java/monasca-common-util/src/test/java/com/hpcloud/util/SerializationTest.java
java/monasca-common-util/src/test/java/com/hpcloud/util/stats/SlidingWindowStatsTest.java
java/monasca-common-util/src/test/java/com/hpcloud/util/stats/StatisticsTest.java
java/monasca-common-util/src/test/java/com/hpcloud/util/time/TimesTest.java
java/monasca-common-util/src/test/java/com/hpcloud/util/TypesTest.java
java/monasca-common-util/src/test/resources/logback.xml
java/mon-collectd/pom.xml
java/mon-collectd/src/main/java/com/hpcloud/collectd/CollectdBinaryPacket.java
java/mon-collectd/src/main/java/com/hpcloud/collectd/CollectdTypesDB.java
java/mon-collectd/src/main/resources/collectd/hpcs_types.db
java/mon-collectd/src/main/resources/collectd/types.db
java/mon-dropwizard/pom.xml
java/mon-dropwizard/src/main/java/com/hpcloud/dropwizard/persistence/DatabaseModule.java
java/mon-dropwizard/src/test/java/com/hpcloud/dropwizard/AbstractAppTest.java
java/mon-dropwizard/src/test/java/com/hpcloud/dropwizard/AbstractResourceTest.java
java/mon-dropwizard/src/test/java/com/hpcloud/dropwizard/DropwizardTestCase.java
java/mon-dropwizard/src/test/java/com/hpcloud/dropwizard/JsonHelpers.java
java/mon-dropwizard/src/test/java/com/hpcloud/dropwizard/TestableServerCommand.java
java/mon-dropwizard/src/test/java/com/hpcloud/dropwizard/test/DropwizardTestCaseTest.java
java/mon-dropwizard/src/test/java/com/hpcloud/dropwizard/testing/DropwizardTestCaseTest.java
java/mon-dropwizard/src/test/java/com/hpcloud/dropwizard/testing/JsonHelpers.java
java/mon-dropwizard/src/test/java/com/hpcloud/dropwizard/testing/TestConfiguration.java
java/mon-dropwizard/src/test/java/com/hpcloud/dropwizard/testing/TestService.java
java/mon-dropwizard/src/test/java/com/hpcloud/dropwizard/test/TestConfiguration.java
java/mon-dropwizard/src/test/java/com/hpcloud/dropwizard/test/TestService.java
java/mon-http/pom.xml
java/mon-http/src/main/java/com/hpcloud/http/rest/AbstractRestClient.java
java/mon-http/src/main/java/com/hpcloud/http/rest/ResourceNotFoundException.java
java/mon-http/src/main/java/com/hpcloud/http/rest/RestClientException.java
java/mon-http/src/main/java/com/hpcloud/http/rest/UnauthorizedException.java
java/mon-influxdb/pom.xml
java/mon-influxdb/src/main/java/com/hpcloud/configuration/DatabaseConfiguration.java
java/mon-influxdb/src/main/java/com/hpcloud/configuration/InfluxDbConfiguration.java
java/mon-kafka/pom.xml
java/mon-kafka/src/main/java/com/hpcloud/configuration/KafkaConsumerConfiguration.java
java/mon-kafka/src/main/java/com/hpcloud/configuration/KafkaConsumerProperties.java
java/mon-kafka/src/main/java/com/hpcloud/configuration/KafkaProducerConfiguration.java
java/mon-kafka/src/main/java/com/hpcloud/configuration/KafkaProducerProperties.java
java/mon-kafka/src/main/java/com/hpcloud/configuration/kafkaProducerProperties.java
java/mon-kafka/src/main/java/com/hpcloud/messaging/kafka/KafkaConfiguration.java
java/mon-kafka/src/main/java/com/hpcloud/messaging/kafka/KafkaHealthCheck.java
java/mon-kafka/src/main/resources/com/hpcloud/kafka-config-yml
java/mon-kafka/src/main/resources/com/hpcloud/kafka-consumer-config-yml
java/mon-kafka/src/main/resources/com/hpcloud/kafka-producer-config.yml
java/mon-kafka/src/test/java/com/hpcloud/messaging/kafka/KafkaHealthCheckTest.java
java/mon-kafka/src/test/resources/log4j.properties
java/mon-messaging/pom.xml
java/mon-messaging/src/main/java/com/hpcloud/messaging/ChannelAdapter.java
java/mon-messaging/src/main/java/com/hpcloud/messaging/internal/AbstractMessageChannel.java
java/mon-messaging/src/main/java/com/hpcloud/messaging/internal/AbstractPublishSubscribeChannel.java
java/mon-messaging/src/main/java/com/hpcloud/messaging/internal/LocalChannel.java
java/mon-messaging/src/main/java/com/hpcloud/messaging/internal/StandardChannelAdapter.java
java/mon-messaging/src/main/java/com/hpcloud/messaging/internal/ThreadPoolingMessageDispatcher.java
java/mon-messaging/src/main/java/com/hpcloud/messaging/kafka/KafkaChannel.java
java/mon-messaging/src/main/java/com/hpcloud/messaging/kafka/KafkaConfiguration.java
java/mon-messaging/src/main/java/com/hpcloud/messaging/kafka/KafkaHealthCheck.java
java/mon-messaging/src/main/java/com/hpcloud/messaging/kafka/KafkaService.java
java/mon-messaging/src/main/java/com/hpcloud/messaging/MessageBusConfiguration.java
java/mon-messaging/src/main/java/com/hpcloud/messaging/MessageBus.java
java/mon-messaging/src/main/java/com/hpcloud/messaging/MessageChannel.java
java/mon-messaging/src/main/java/com/hpcloud/messaging/MessageDispatcher.java
java/mon-messaging/src/main/java/com/hpcloud/messaging/MessageHandler.java
java/mon-messaging/src/main/java/com/hpcloud/messaging/MessageTranslator.java
java/mon-messaging/src/main/java/com/hpcloud/messaging/PublishSubscribeChannel.java
java/mon-messaging/src/main/java/com/hpcloud/messaging/StandardMessageBus.java
java/mon-messaging/src/test/java/com/hpcloud/messaging/functional/MessageHandlerInstanceTest.java
java/mon-messaging/src/test/java/com/hpcloud/messaging/kafka/KafkaHealthCheckTest.java
java/mon-messaging/src/test/java/com/hpcloud/messaging/StandardMessageBusTest.java
java/mon-messaging/src/test/java/com/hpcloud/messaging/SynchronousMessageDispatcher.java
java/mon-messaging/src/test/resources/log4j.properties
java/mon-middleware/.idea/compiler.xml
java/mon-middleware/.idea/copyright/profiles_settings.xml
java/mon-middleware/.idea/encodings.xml
java/mon-middleware/.idea/inspectionProfiles/profiles_settings.xml
java/mon-middleware/.idea/inspectionProfiles/Project_Default.xml
java/mon-middleware/.idea/libraries/Maven__aopalliance_aopalliance_1_0.xml
java/mon-middleware/.idea/libraries/Maven__ch_qos_logback_logback_classic_1_1_1.xml
java/mon-middleware/.idea/libraries/Maven__ch_qos_logback_logback_core_1_1_1.xml
java/mon-middleware/.idea/libraries/Maven__com_beust_jcommander_1_27.xml
java/mon-middleware/.idea/libraries/Maven__com_codahale_metrics_metrics_core_3_0_2.xml
java/mon-middleware/.idea/libraries/Maven__com_fasterxml_jackson_core_jackson_annotations_2_3_0.xml
java/mon-middleware/.idea/libraries/Maven__com_fasterxml_jackson_core_jackson_core_2_3_0.xml
java/mon-middleware/.idea/libraries/Maven__com_fasterxml_jackson_core_jackson_databind_2_3_0.xml
java/mon-middleware/.idea/libraries/Maven__com_fasterxml_jackson_dataformat_jackson_dataformat_yaml_2_3_0.xml
java/mon-middleware/.idea/libraries/Maven__com_fasterxml_jackson_datatype_jackson_datatype_joda_2_3_0.xml
java/mon-middleware/.idea/libraries/Maven__com_google_code_findbugs_jsr305_2_0_0.xml
java/mon-middleware/.idea/libraries/Maven__com_google_code_gson_gson_2_2_4.xml
java/mon-middleware/.idea/libraries/Maven__com_google_guava_guava_17_0.xml
java/mon-middleware/.idea/libraries/Maven__com_google_inject_guice_3_0.xml
java/mon-middleware/.idea/libraries/Maven__com_h2database_h2_1_3_175.xml
java/mon-middleware/.idea/libraries/Maven__com_hpcloud_mon_testing_1_0_0_SNAPSHOT.xml
java/mon-middleware/.idea/libraries/Maven__com_hpcloud_mon_util_1_0_0_SNAPSHOT.xml
java/mon-middleware/.idea/libraries/Maven__commons_codec_commons_codec_1_6.xml
java/mon-middleware/.idea/libraries/Maven__commons_lang_commons_lang_2_5.xml
java/mon-middleware/.idea/libraries/Maven__commons_logging_commons_logging_1_1_1.xml
java/mon-middleware/.idea/libraries/Maven__commons_pool_commons_pool_1_6.xml
java/mon-middleware/.idea/libraries/Maven__javax_inject_javax_inject_1.xml
java/mon-middleware/.idea/libraries/Maven__javax_servlet_servlet_api_2_5.xml
java/mon-middleware/.idea/libraries/Maven__javax_validation_validation_api_1_0_0_GA.xml
java/mon-middleware/.idea/libraries/Maven__joda_time_joda_time_2_3.xml
java/mon-middleware/.idea/libraries/Maven__junit_junit_4_10.xml
java/mon-middleware/.idea/libraries/Maven__org_apache_commons_commons_collections4_4_0.xml
java/mon-middleware/.idea/libraries/Maven__org_apache_httpcomponents_httpclient_4_2_1.xml
java/mon-middleware/.idea/libraries/Maven__org_apache_httpcomponents_httpcore_4_2_1.xml
java/mon-middleware/.idea/libraries/Maven__org_apache_thrift_libthrift_0_9_0.xml
java/mon-middleware/.idea/libraries/Maven__org_beanshell_bsh_2_0b4.xml
java/mon-middleware/.idea/libraries/Maven__org_eclipse_jetty_jetty_continuation_7_0_0_M2.xml
java/mon-middleware/.idea/libraries/Maven__org_eclipse_jetty_jetty_http_7_0_0_M2.xml
java/mon-middleware/.idea/libraries/Maven__org_eclipse_jetty_jetty_io_7_0_0_M2.xml
java/mon-middleware/.idea/libraries/Maven__org_eclipse_jetty_jetty_security_7_0_0_M2.xml
java/mon-middleware/.idea/libraries/Maven__org_eclipse_jetty_jetty_server_7_0_0_M2.xml
java/mon-middleware/.idea/libraries/Maven__org_eclipse_jetty_jetty_servlet_7_0_0_M2.xml
java/mon-middleware/.idea/libraries/Maven__org_eclipse_jetty_jetty_servlet_tester_7_0_0_M2.xml
java/mon-middleware/.idea/libraries/Maven__org_eclipse_jetty_jetty_util_7_0_0_M2.xml
java/mon-middleware/.idea/libraries/Maven__org_eclipse_jetty_jetty_webapp_7_0_0_M2.xml
java/mon-middleware/.idea/libraries/Maven__org_eclipse_jetty_jetty_xml_7_0_0_M2.xml
java/mon-middleware/.idea/libraries/Maven__org_hamcrest_hamcrest_core_1_1.xml
java/mon-middleware/.idea/libraries/Maven__org_hibernate_hibernate_validator_4_3_0_Final.xml
java/mon-middleware/.idea/libraries/Maven__org_jboss_logging_jboss_logging_3_1_0_CR2.xml
java/mon-middleware/.idea/libraries/Maven__org_jodah_concurrentunit_0_3_0.xml
java/mon-middleware/.idea/libraries/Maven__org_mockito_mockito_all_1_9_5.xml
java/mon-middleware/.idea/libraries/Maven__org_slf4j_slf4j_api_1_5_8.xml
java/mon-middleware/.idea/libraries/Maven__org_testng_testng_6_8_7.xml
java/mon-middleware/.idea/libraries/Maven__org_yaml_snakeyaml_1_12.xml
java/mon-middleware/.idea/misc.xml
java/mon-middleware/.idea/modules.xml
java/mon-middleware/.idea/.name
java/mon-middleware/.idea/scopes/scope_settings.xml
java/mon-middleware/.idea/vcs.xml
java/mon-middleware/.idea/workspace.xml
java/mon-middleware/pom.xml
java/mon-middleware/src/main/java/com/hpcloud/middleware/AuthClientFactory.java
java/mon-middleware/src/main/java/com/hpcloud/middleware/AuthClient.java
java/mon-middleware/src/main/java/com/hpcloud/middleware/AuthConnectionException.java
java/mon-middleware/src/main/java/com/hpcloud/middleware/AuthConstants.java
java/mon-middleware/src/main/java/com/hpcloud/middleware/AuthException.java
java/mon-middleware/src/main/java/com/hpcloud/middleware/CatalogV3.java
java/mon-middleware/src/main/java/com/hpcloud/middleware/Config.java
java/mon-middleware/src/main/java/com/hpcloud/middleware/ExceptionHandlerUtil.java
java/mon-middleware/src/main/java/com/hpcloud/middleware/FilterUtils.java
java/mon-middleware/src/main/java/com/hpcloud/middleware/HttpAuthClient.java
java/mon-middleware/src/main/java/com/hpcloud/middleware/HttpClientFactory.java
java/mon-middleware/src/main/java/com/hpcloud/middleware/HttpClientPoolFactory.java
java/mon-middleware/src/main/java/com/hpcloud/middleware/HttpPoolCleaner.java
java/mon-middleware/src/main/java/com/hpcloud/middleware/ServiceUnavailableException.java
java/mon-middleware/src/main/java/com/hpcloud/middleware/SignatureBuilderException.java
java/mon-middleware/src/main/java/com/hpcloud/middleware/SignatureExceptionHandler.java
java/mon-middleware/src/main/java/com/hpcloud/middleware/TokenAuth.java
java/mon-middleware/src/main/java/com/hpcloud/middleware/TokenCache.java
java/mon-middleware/src/main/java/com/hpcloud/middleware/TokenExceptionHandler.java
java/mon-middleware/src/main/java/com/hpcloud/middleware/UnavailableException.java
java/mon-model/pom.xml
java/mon-model/src/main/java/com/hpcloud/mon/common/event/AlarmCreatedEvent.java
java/mon-model/src/main/java/com/hpcloud/mon/common/event/AlarmDeletedEvent.java
java/mon-model/src/main/java/com/hpcloud/mon/common/event/AlarmStateTransitionedEvent.java
java/mon-model/src/main/java/com/hpcloud/mon/common/event/AlarmUpdatedEvent.java
java/mon-model/src/main/java/com/hpcloud/mon/common/event/EndpointDeletedEvent.java
java/mon-model/src/main/java/com/hpcloud/mon/common/event/MeteringChangeEvent.java
java/mon-model/src/main/java/com/hpcloud/mon/common/event/SubscriptionCreatedEvent.java
java/mon-model/src/main/java/com/hpcloud/mon/common/event/SubscriptionDeletedEvent.java
java/mon-model/src/main/java/com/hpcloud/mon/common/model/alarm/AggregateFunction.java
java/mon-model/src/main/java/com/hpcloud/mon/common/model/alarm/AlarmExpressionErrorListener.java
java/mon-model/src/main/java/com/hpcloud/mon/common/model/alarm/AlarmExpression.java
java/mon-model/src/main/java/com/hpcloud/mon/common/model/alarm/AlarmOperator.java
java/mon-model/src/main/java/com/hpcloud/mon/common/model/alarm/AlarmState.java
java/mon-model/src/main/java/com/hpcloud/mon/common/model/alarm/AlarmSubExpression.java
java/mon-model/src/main/java/com/hpcloud/mon/common/model/alarm/AlarmSubExpressionListener.java
java/mon-model/src/main/java/com/hpcloud/mon/common/model/alarm/BooleanExpression.java
java/mon-model/src/main/java/com/hpcloud/mon/common/model/alarm/BooleanOperator.java
java/mon-model/src/main/java/com/hpcloud/mon/common/model/ComputeNamespaceInfo.java
java/mon-model/src/main/java/com/hpcloud/mon/common/model/ComputeServiceInfo.java
java/mon-model/src/main/java/com/hpcloud/mon/common/model/metric/CollectdMetric.java
java/mon-model/src/main/java/com/hpcloud/mon/common/model/metric/CollectdMetrics.java
java/mon-model/src/main/java/com/hpcloud/mon/common/model/metric/FlatMetric.java
java/mon-model/src/main/java/com/hpcloud/mon/common/model/metric/FlatMetrics.java
java/mon-model/src/main/java/com/hpcloud/mon/common/model/metric/MetricDefinition.java
java/mon-model/src/main/java/com/hpcloud/mon/common/model/metric/MetricEnvelope.java
java/mon-model/src/main/java/com/hpcloud/mon/common/model/metric/MetricEnvelopes.java
java/mon-model/src/main/java/com/hpcloud/mon/common/model/metric/Metric.java
java/mon-model/src/main/java/com/hpcloud/mon/common/model/metric/Metrics.java
java/mon-model/src/main/java/com/hpcloud/mon/common/model/NamespaceInfo.java
java/mon-model/src/main/java/com/hpcloud/mon/common/model/Namespaces.java
java/mon-model/src/main/java/com/hpcloud/mon/common/model/ObjectStoreNamespaceInfo.java
java/mon-model/src/main/java/com/hpcloud/mon/common/model/ObjectStoreServiceInfo.java
java/mon-model/src/main/java/com/hpcloud/mon/common/model/ServiceInfo.java
java/mon-model/src/main/java/com/hpcloud/mon/common/model/Services.java
java/mon-model/src/main/java/com/hpcloud/mon/common/model/VolumeNamespaceInfo.java
java/mon-model/src/main/java/com/hpcloud/mon/common/model/VolumeServiceInfo.java
java/mon-model/src/main/java/com/hpcloud/mon/domain/common/AbstractEntity.java
java/mon-model/src/main/resources/com/hpcloud/mon/common/model/alarm/AlarmExpression.g4
java/mon-model/src/test/java/com/hpcloud/mon/common/model/alarm/AlarmExpressionTest.java
java/mon-model/src/test/java/com/hpcloud/mon/common/model/alarm/AlarmSubExpressionTest.java
java/mon-model/src/test/java/com/hpcloud/mon/common/model/metric/CollectdMetricsTest.java
java/mon-model/src/test/java/com/hpcloud/mon/common/model/metric/FlatMetricsTest.java
java/mon-model/src/test/java/com/hpcloud/mon/common/model/metric/MetricsTest.java
java/mon-model/src/test/java/com/hpcloud/mon/common/model/NamespacesTest.java
java/mon-model/src/test/java/com/hpcloud/mon/common/model/ServicesTest.java
java/mon-persistence/pom.xml
java/mon-persistence/src/main/java/com/hpcloud/persistence/AbstractPersistenceModule.java
java/mon-persistence/src/main/java/com/hpcloud/persistence/BeanMapperFactory.java
java/mon-persistence/src/main/java/com/hpcloud/persistence/BeanMapper.java
java/mon-persistence/src/main/java/com/hpcloud/persistence/DataTypes.java
java/mon-persistence/src/main/java/com/hpcloud/persistence/KeyValueMapper.java
java/mon-persistence/src/main/java/com/hpcloud/persistence/package-info.java
java/mon-persistence/src/main/java/com/hpcloud/persistence/SqlQueries.java
java/mon-persistence/src/main/java/com/hpcloud/persistence/SqlStatements.java
java/mon-persistence/src/test/java/com/hpcloud/persistence/AbstractPersistenceModuleTest.java
java/mon-persistence/src/test/java/com/hpcloud/persistence/BeanMappeTest.java
java/mon-persistence/src/test/java/com/hpcloud/persistence/SqlStatementsTest.java
java/mon-service/pom.xml
java/mon-service/src/main/java/com/hpcloud/service/ManagedService.java
java/mon-service/src/main/java/com/hpcloud/service/Service.java
java/mon-streaming/pom.xml
java/mon-streaming/src/main/java/com/hpcloud/streaming/storm/Logging.java
java/mon-streaming/src/main/java/com/hpcloud/streaming/storm/Streams.java
java/mon-streaming/src/main/java/com/hpcloud/streaming/storm/TupleDeserializer.java
java/mon-streaming/src/main/java/com/hpcloud/streaming/storm/Tuples.java
java/mon-streaming/src/test/java/com/hpcloud/streaming/storm/NoopSpout.java
java/mon-streaming/src/test/java/com/hpcloud/streaming/storm/PeriodicTupleProvider.java
java/mon-streaming/src/test/java/com/hpcloud/streaming/storm/TestSpout.java
java/mon-streaming/src/test/java/com/hpcloud/streaming/storm/TopologyTestCase.java
java/mon-testing/pom.xml
java/mon-testing/src/main/java/com/hpcloud/testing/Assert.java
java/mon-testing/src/main/resources/testngAll.xml
java/mon-testing/src/test/resources/com/hpcloud/test-config.yml
java/mon-util/pom.xml
java/mon-util/src/main/java/com/hpcloud/util/concurrent/ExecutionListener.java
java/mon-util/src/main/java/com/hpcloud/util/concurrent/InstrumentedThreadPoolExecutor.java
java/mon-util/src/main/java/com/hpcloud/util/concurrent/package-info.java
java/mon-util/src/main/java/com/hpcloud/util/concurrent/ThreadPools.java
java/mon-util/src/main/java/com/hpcloud/util/config/ConfigurationException.java
java/mon-util/src/main/java/com/hpcloud/util/config/ConfigurationFactory.java
java/mon-util/src/main/java/com/hpcloud/util/config/Configurations.java
java/mon-util/src/main/java/com/hpcloud/util/Duration.java
java/mon-util/src/main/java/com/hpcloud/util/Exceptions.java
java/mon-util/src/main/java/com/hpcloud/util/Injector.java
java/mon-util/src/main/java/com/hpcloud/util/retry/internal/ExponentialBackoffRetry.java
java/mon-util/src/main/java/com/hpcloud/util/retry/internal/RetryNTimes.java
java/mon-util/src/main/java/com/hpcloud/util/retry/internal/RetryPolicy.java
java/mon-util/src/main/java/com/hpcloud/util/retry/internal/RetryUntilElapsed.java
java/mon-util/src/main/java/com/hpcloud/util/retry/internal/SleepingRetry.java
java/mon-util/src/main/java/com/hpcloud/util/retry/RetryLoop.java
java/mon-util/src/main/java/com/hpcloud/util/retry/RetryLoops.java
java/mon-util/src/main/java/com/hpcloud/util/Serialization.java
java/mon-util/src/main/java/com/hpcloud/util/Stack.java
java/mon-util/src/main/java/com/hpcloud/util/stats/SlidingWindowStats.java
java/mon-util/src/main/java/com/hpcloud/util/stats/Statistic.java
java/mon-util/src/main/java/com/hpcloud/util/stats/Statistics.java
java/mon-util/src/main/java/com/hpcloud/util/time/TimeResolution.java
java/mon-util/src/main/java/com/hpcloud/util/time/Times.java
java/mon-util/src/main/java/com/hpcloud/util/Types.java
java/mon-util/src/main/java/com/hpcloud/util/validation/Validator.java
java/mon-util/src/test/java/com/hpcloud/util/DurationTest.java
java/mon-util/src/test/java/com/hpcloud/util/SerializationTest.java
java/mon-util/src/test/java/com/hpcloud/util/stats/SlidingWindowStatsTest.java
java/mon-util/src/test/java/com/hpcloud/util/stats/StatisticsTest.java
java/mon-util/src/test/java/com/hpcloud/util/time/TimesTest.java
java/mon-util/src/test/java/com/hpcloud/util/TypesTest.java
java/mon-util/src/test/resources/logback.xml
java/pom.xml
LICENSE
pom.xml
README.md
run_maven.sh
