billingstack/api/app.py
billingstack/api/auth.py
billingstack/api/base.py
billingstack/api/config.py
billingstack/api/controllers/__init__.py
billingstack/api/controllers/root.py
billingstack/api/controllers/v1.py
billingstack/api/cors.py
billingstack/api/errors.py
billingstack/api/hooks.py
billingstack/api/__init__.py
billingstack/api/middleware/errors.py
billingstack/api/middleware/__init__.py
billingstack/api/root.py
billingstack/api/service.py
billingstack/api/templates/error.html
billingstack/api/templates/index.html
billingstack/api/utils.py
billingstack/api/v1/controllers.py
billingstack/api/v1/__init__.py
billingstack/api/v1/models.py
billingstack/api/v1/resources.py
billingstack/api/v2/controllers/currency.py
billingstack/api/v2/controllers/customer.py
billingstack/api/v2/controllers/__init__.py
billingstack/api/v2/controllers/invoice.py
billingstack/api/v2/controllers/invoice_state.py
billingstack/api/v2/controllers/language.py
billingstack/api/v2/controllers/merchant.py
billingstack/api/v2/controllers/payment.py
billingstack/api/v2/controllers/plan.py
billingstack/api/v2/controllers/product.py
billingstack/api/v2/controllers/root.py
billingstack/api/v2/controllers/subscription.py
billingstack/api/v2/controllers/usage.py
billingstack/api/v2/__init__.py
billingstack/api/v2/models.py
billingstack/api/versions.py
billingstack/biller/__init__.py
billingstack/biller/rpcapi.py
billingstack/biller/service.py
billingstack/biller/storage/impl_sqlalchemy.py
billingstack/biller/storage/__init__.py
billingstack/central/flows/__init__.py
billingstack/central/flows/merchant.py
billingstack/central/__init__.py
billingstack/central/rpcapi.py
billingstack/central/service.py
billingstack/central/storage/impl_sqlalchemy/__init__.py
billingstack/central/storage/impl_sqlalchemy/migration/alembic.ini
billingstack/central/storage/impl_sqlalchemy/migration/alembic_migrations/env.py
billingstack/central/storage/impl_sqlalchemy/migration/alembic_migrations/__init__.py
billingstack/central/storage/impl_sqlalchemy/migration/alembic_migrations/script.py.mako
billingstack/central/storage/impl_sqlalchemy/migration/cli.py
billingstack/central/storage/impl_sqlalchemy/migration/__init__.py
billingstack/central/storage/impl_sqlalchemy/models.py
billingstack/central/storage/__init__.py
billingstack/collector/flows/gateway_configuration.py
billingstack/collector/flows/__init__.py
billingstack/collector/flows/payment_method.py
billingstack/collector/__init__.py
billingstack/collector/rpcapi.py
billingstack/collector/service.py
billingstack/collector/states.py
billingstack/collector/storage/impl_sqlalchemy.py
billingstack/collector/storage/__init__.py
billingstack/conf.py
billingstack/exceptions.py
billingstack/identity/api/app.py
billingstack/identity/api/config.py
billingstack/identity/api/hooks.py
billingstack/identity/api/__init__.py
billingstack/identity/api/v1.py
billingstack/identity/base.py
billingstack/identity/cms.py
billingstack/identity/impl_sqlalchemy.py
billingstack/identity/__init__.py
billingstack/identity/token_base.py
billingstack/identity/token_memcache.py
billingstack/identity/utils.py
billingstack/__init__.py
billingstack/manage/base.py
billingstack/manage/database.py
billingstack/manage/__init__.py
billingstack/manage/provider.py
billingstack/netconf.py
billingstack/openstack/common/cfg.py
billingstack/openstack/common/context.py
billingstack/openstack/common/crypto/__init__.py
billingstack/openstack/common/crypto/utils.py
billingstack/openstack/common/db/api.py
billingstack/openstack/common/db/exception.py
billingstack/openstack/common/db/__init__.py
billingstack/openstack/common/db/sqlalchemy/__init__.py
billingstack/openstack/common/db/sqlalchemy/models.py
billingstack/openstack/common/db/sqlalchemy/session.py
billingstack/openstack/common/db/sqlalchemy/utils.py
billingstack/openstack/common/eventlet_backdoor.py
billingstack/openstack/common/exception.py
billingstack/openstack/common/excutils.py
billingstack/openstack/common/fileutils.py
billingstack/openstack/common/gettextutils.py
billingstack/openstack/common/importutils.py
billingstack/openstack/common/iniparser.py
billingstack/openstack/common/__init__.py
billingstack/openstack/common/jsonutils.py
billingstack/openstack/common/local.py
billingstack/openstack/common/lockutils.py
billingstack/openstack/common/log.py
billingstack/openstack/common/loopingcall.py
billingstack/openstack/common/network_utils.py
billingstack/openstack/common/notifier/api.py
billingstack/openstack/common/notifier/__init__.py
billingstack/openstack/common/notifier/log_notifier.py
billingstack/openstack/common/notifier/no_op_notifier.py
billingstack/openstack/common/notifier/rabbit_notifier.py
billingstack/openstack/common/notifier/rpc_notifier2.py
billingstack/openstack/common/notifier/rpc_notifier.py
billingstack/openstack/common/notifier/test_notifier.py
billingstack/openstack/common/processutils.py
billingstack/openstack/common/rpc/amqp.py
billingstack/openstack/common/rpc/common.py
billingstack/openstack/common/rpc/dispatcher.py
billingstack/openstack/common/rpc/impl_fake.py
billingstack/openstack/common/rpc/impl_kombu.py
billingstack/openstack/common/rpc/impl_qpid.py
billingstack/openstack/common/rpc/impl_zmq.py
billingstack/openstack/common/rpc/__init__.py
billingstack/openstack/common/rpc/matchmaker.py
billingstack/openstack/common/rpc/matchmaker_redis.py
billingstack/openstack/common/rpc/matchmaker_ring.py
billingstack/openstack/common/rpc/proxy.py
billingstack/openstack/common/rpc/securemessage.py
billingstack/openstack/common/rpc/serializer.py
billingstack/openstack/common/rpc/service.py
billingstack/openstack/common/rpc/zmq_receiver.py
billingstack/openstack/common/service.py
billingstack/openstack/common/setup.py
billingstack/openstack/common/sslutils.py
billingstack/openstack/common/test.py
billingstack/openstack/common/threadgroup.py
billingstack/openstack/common/timeutils.py
billingstack/openstack/common/utils.py
billingstack/openstack/common/uuidutils.py
billingstack/openstack/common/version.py
billingstack/openstack/common/versionutils.py
billingstack/openstack/common/wsgi.py
billingstack/openstack/common/xmlutils.py
billingstack/openstack/__init__.py
billingstack/paths.py
billingstack/payment_gateway/base.py
billingstack/payment_gateway/dummy.py
billingstack/payment_gateway/__init__.py
billingstack/payment_gateway/service.py
billingstack/plugin.py
billingstack/rater/__init__.py
billingstack/rater/rpcapi.py
billingstack/rater/service.py
billingstack/rater/storage/impl_sqlalchemy.py
billingstack/rater/storage/__init__.py
billingstack/rating/__init__.py
billingstack/rating/rpcapi.py
billingstack/rating/service.py
billingstack/rating/storage/impl_sqlalchemy.py
billingstack/rating/storage/__init__.py
billingstack/samples_data/contact_info.json
billingstack/samples_data/currency.json
billingstack/samples_data/customer.json
billingstack/samples_data/fixtures/currencies_get_response.json
billingstack/samples_data/fixtures/currencies_post_request.json
billingstack/samples_data/fixtures/currencies_post_response.json
billingstack/samples_data/fixtures/languages_get_response.json
billingstack/samples_data/fixtures/languages_post_request.json
billingstack/samples_data/fixtures/languages_post_response.json
billingstack/samples_data/fixtures/merchant_products_get_response.json
billingstack/samples_data/fixtures/merchant_products_post_request.json
billingstack/samples_data/fixtures/merchant_products_post_response.json
billingstack/samples_data/fixtures/merchants_get_response.json
billingstack/samples_data/fixtures/merchants_post_request.json
billingstack/samples_data/fixtures/merchants_post_response.json
billingstack/samples_data/fixtures/merchant_users_get_response.json
billingstack/samples_data/fixtures/merchant_users_post_request.json
billingstack/samples_data/fixtures/merchant_users_post_response.json
billingstack/samples_data/fixtures/payment_gateway_providers_get_response.json
billingstack/samples_data/fixtures/payment_gateway_providers_post_request.json
billingstack/samples_data/fixtures/payment_gateway_providers_post_response.json
billingstack/samples_data/invoice_state.json
billingstack/samples_data/language.json
billingstack/samples_data/merchant.json
billingstack/samples_data/payment_gw.json
billingstack/samples_data/payment_method.json
billingstack/samples_data/pg_config.json
billingstack/samples_data/pg_method.json
billingstack/samples_data/pg_provider.json
billingstack/samples_data/plan.json
billingstack/samples_data/product.json
billingstack/samples_data/user.json
billingstack/samples.py
billingstack/service.py
billingstack/sqlalchemy/api.py
billingstack/sqlalchemy/__init__.py
billingstack/sqlalchemy/model_base.py
billingstack/sqlalchemy/session.py
billingstack/sqlalchemy/types.py
billingstack/sqlalchemy/utils.py
billingstack/storage/base.py
billingstack/storage/filterer.py
billingstack/storage/impl_sqlalchemy/__init__.py
billingstack/storage/impl_sqlalchemy/migration/alembic.ini
billingstack/storage/impl_sqlalchemy/migration/alembic_migrations/env.py
billingstack/storage/impl_sqlalchemy/migration/alembic_migrations/__init__.py
billingstack/storage/impl_sqlalchemy/migration/alembic_migrations/script.py.mako
billingstack/storage/impl_sqlalchemy/migration/alembic_migrations/versions/145a1a43e291_.py
billingstack/storage/impl_sqlalchemy/migration/alembic_migrations/versions/2a4ae01081a6_.py
billingstack/storage/impl_sqlalchemy/migration/alembic_migrations/versions/340df89sf89asd_initial.py
billingstack/storage/impl_sqlalchemy/migration/alembic_migrations/versions/f047fb12bf_.py
billingstack/storage/impl_sqlalchemy/migration/alembic_migrations/versions/initial.py
billingstack/storage/impl_sqlalchemy/migration/cli.py
billingstack/storage/impl_sqlalchemy/migration/__init__.py
billingstack/storage/impl_sqlalchemy/model_base.py
billingstack/storage/impl_sqlalchemy/models.py
billingstack/storage/impl_sqlalchemy/session.py
billingstack/storage/impl_sqlalchemy/types.py
billingstack/storage/impl_sqlalchemy/utils.py
billingstack/storage/__init__.py
billingstack/storage/utils.py
billingstack.sublime-project
billingstack/taskflow/decorators.py
billingstack/taskflow/exceptions.py
billingstack/taskflow/flow.py
billingstack/taskflow/functor_task.py
billingstack/taskflow/graph_utils.py
billingstack/taskflow/__init__.py
billingstack/taskflow/patterns/__init__.py
billingstack/taskflow/patterns/linear_flow.py
billingstack/taskflow/patterns/threaded_flow.py
billingstack/taskflow/states.py
billingstack/taskflow/task.py
billingstack/taskflow/utils.py
billingstack/tasks.py
billingstack/tests/api/base.py
billingstack/tests/api/__init__.py
billingstack/tests/api/v1/base.py
billingstack/tests/api/v1/__init__.py
billingstack/tests/api/v1/test_currency.py
billingstack/tests/api/v1/test_customer.py
billingstack/tests/api/v1/test_invoice_state.py
billingstack/tests/api/v1/test_language.py
billingstack/tests/api/v1/test_merchant.py
billingstack/tests/api/v1/test_payment_method.py
billingstack/tests/api/v1/test_plan.py
billingstack/tests/api/v1/test_product.py
billingstack/tests/api/v1/test_user.py
billingstack/tests/api/v2/__init__.py
billingstack/tests/api/v2/test_currency.py
billingstack/tests/api/v2/test_customer.py
billingstack/tests/api/v2/test_invoice_state.py
billingstack/tests/api/v2/test_language.py
billingstack/tests/api/v2/test_merchant.py
billingstack/tests/api/v2/test_payment_method.py
billingstack/tests/api/v2/test_plan.py
billingstack/tests/api/v2/test_product.py
billingstack/tests/base.py
billingstack/tests/biller/__init__.py
billingstack/tests/biller/storage/__init__.py
billingstack/tests/central/__init__.py
billingstack/tests/central/storage/base.py
billingstack/tests/central/storage/__init__.py
billingstack/tests/central/storage/test_sqlalchemy.py
billingstack/tests/collector/__init__.py
billingstack/tests/collector/storage/__init__.py
billingstack/tests/collector/storage/test_sqlalchemy.py
billingstack/tests/identity/__init__.py
billingstack/tests/identity/test_api.py
billingstack/tests/__init__.py
billingstack/tests/payment_gateway/base.py
billingstack/tests/payment_gateway/__init__.py
billingstack/tests/rater/__init__.py
billingstack/tests/rater/storage/__init__.py
billingstack/tests/storage/__init__.py
billingstack/tests/storage/test_sqlalchemy.py
billingstack/tests/test_storage/__init__.py
billingstack/tests/test_storage/test_sqlalchemy.py
billingstack/tests/test_utils.py
billingstack/utils.py
billingstack/version.py
billingstack/wsgi.py
bin/billingstack-api
bin/billingstack-biller
bin/billingstack-central
bin/billingstack-collector
bin/billingstack-db-manage
bin/billingstack-identity-api
bin/billingstack-manage
bin/billingstack-pg-gateway
bin/billingstack-rater
bin/billingstack-rpc-zmq-receiver
.coveragerc
doc/requirements.txt
doc/source/api.rst
doc/source/architecture.rst
doc/source/conf.py
doc/source/database.yuml
doc/source/developing.rst
doc/source/glossary.rst
doc/source/index.rst
doc/source/install/common.rst
doc/source/install/index.rst
doc/source/install/macos.rst
doc/source/install/manual.rst
doc/source/install/packages.rst
doc/source/install/pgp.rst
doc/source/payment.yuml
doc/source/resources/api_filtering.rst
doc/source/resources/index.rst
doc/source/resources/subscriptions.rst
etc/billingstack/api-paste.ini.sample
etc/billingstack/billingstack.conf
etc/billingstack/billingstack.conf.sample
etc/billingstack/policy.json
HACKING.rst
LICENSE
MANIFEST.in
openstack.conf
.pylintrc
README.md
README.rst
requirements.txt
run_tests.sh
setup.cfg
setup.py
taskflow.conf
.testr.conf
test-requirements.txt
tools/colorizer.py
tools/control.sh
tools/db_samples.py
tools/dev_db.py
tools/dev_resync_db.py
tools/dev_samples.py
tools/install_venv_common.py
tools/install_venv.py
tools/load_samples.py
tools/patch_tox_venv.py
tools/pip-options
tools/pip-requires
tools/resync_biller.py
tools/resync_billingstack.py
tools/resync_identity.py
tools/resync_rater.py
tools/resync_rating.py
tools/resync_storage.py
tools/setup-requires
tools/test-requires
tools/with_venv.sh
tox.ini
UML
