announce.rst
cliff/app.py
cliff/commandmanager.py
cliff/command.py
cliff/complete.py
cliff/display.py
cliff/formatters/base.py
cliff/formatters/commaseparated.py
cliff/formatters/__init__.py
cliff/formatters/shell.py
cliff/formatters/table.py
cliff/formatters/tablibformatters.py
cliff/formatters/value.py
cliff/help.py
cliff/__init__.py
cliff/interactive.py
cliff/lister.py
cliff/show.py
cliff/tests/__init__.py
cliff/tests/test_app.py
cliff/tests/test_commandmanager.py
cliff/tests/test_command.py
cliff/tests/test_complete.py
cliff/tests/test_formatters_shell.py
cliff/tests/test_formatters_value.py
cliff/tests/test_help.py
cliff/tests/test_lister.py
cliff/tests/test_show.py
cliff/tests/utils.py
CONTRIBUTING.rst
demoapp/cliffdemo/encoding.py
demoapp/cliffdemo/__init__.py
demoapp/cliffdemo/list.py
demoapp/cliffdemo/main.py
demoapp/cliffdemo/show.py
demoapp/cliffdemo/simple.py
demoapp/distribute_setup.py
demoapp/setup.py
distribute_setup.py
docs/requirements.txt
docs/source/classes.rst
docs/source/complete.rst
docs/source/conf.py
docs/source/demoapp.rst
docs/source/developers.rst
docs/source/history.rst
docs/source/index.rst
docs/source/install.rst
docs/source/interactive_mode.rst
docs/source/introduction.rst
docs/source/list_commands.rst
docs/source/show_commands.rst
integration-tests/neutronclient-stable.sh
integration-tests/neutronclient-tip.sh
integration-tests/openstackclient-stable.sh
integration-tests/openstackclient-tip.sh
LICENSE
MANIFEST.in
openstack-common.conf
README.md
README.rst
requirements.txt
setup.cfg
setup.py
test-requirements.txt
tests/test_app.py
tests/test_commandmanager.py
tests/test_command.py
tests/test_help.py
tests/test_lister.py
tests/test_show.py
tools/run_cross_tests.sh
tox.ini
.travis.yml
