doc/source/configuration.rst
doc/source/conf.py
doc/source/index.rst
doc/source/installation.rst
doc/source/operation.rst
doc/source/scripts.rst
nodepool/allocation.py
nodepool/cmd/__init__.py
nodepool/cmd/nodepoolcmd.py
nodepool/cmd/nodepoold.py
nodepool/fakeprovider.py
nodepool/__init__.py
nodepool/jenkins_manager.py
nodepool/myjenkins.py
nodepool/nodedb.py
nodepool/nodepool.py
nodepool/nodeutils.py
nodepool/provider_manager.py
nodepool/sshclient.py
nodepool/task_manager.py
nodepool/tests/fixtures/node_az.yaml
nodepool/tests/fixtures/node_dib.yaml
nodepool/tests/fixtures/node.yaml
nodepool/tests/fixtures/subnodes.yaml
nodepool/tests/__init__.py
nodepool/tests/test_allocator.py
nodepool/tests/test_nodepool.py
README
README.rst
requirements.txt
scripts/devstack-cache.py
scripts/prepare_devstack.sh
scripts/prepare_node_devstack.sh
scripts/prepare_node.sh
setup.cfg
setup.py
.testr.conf
test-requirements.txt
tools/fake-servers.py
tools/fake-statsd.py
tools/fake.yaml
tools/zmq-server.py
tools/zmq-stream.py
tox.ini
