bin/api.sh
bin/bootstrap.sh
bin/build.sh
bin/nodeenv.sh
bin/setenv.sh
bin/storyboard_test.conf
bower.json
Gruntfile.js
.jshintrc
karma-integration.conf.js
karma-unit.conf.js
LICENSE
package.json
protractor.conf.js
README.md
src/app/admin/controller/project_group_admin_controller.js
src/app/admin/controller/project_group_delete_controller.js
src/app/admin/controller/project_group_edit_controller.js
src/app/admin/controller/project_group_item_controller.js
src/app/admin/controller/project_group_new_controller.js
src/app/admin/controller/user_admin_controller.js
src/app/admin/controller/user_edit_controller.js
src/app/admin/controller/user_new_controller.js
src/app/admin/module.js
src/app/admin/template/admin_submenu.html
src/app/admin/template/index.html
src/app/admin/template/project_group_delete.html
src/app/admin/template/project_group_edit.html
src/app/admin/template/project_group.html
src/app/admin/template/project_group_new.html
src/app/admin/template/team_edit.html
src/app/admin/template/team.html
src/app/admin/template/user_edit.html
src/app/admin/template/user.html
src/app/admin/template/user_new.html
src/app/auth/auth_error_handling.js
src/app/auth/controller/auth_authorize_controller.js
src/app/auth/controller/auth_deauthorize_controller.js
src/app/auth/controller/auth_error_controller.js
src/app/auth/controller/auth_list_controller.js
src/app/auth/controller/auth_login_controller.js
src/app/auth/controller/auth_token_controller.js
src/app/auth/controller/login_required_modal_controller.js
src/app/auth/directive/permission.js
src/app/auth/http/http_authorization_header.js
src/app/auth/module.js
src/app/auth/notification/auth_error_handling.js
src/app/auth/notification/session_state_handling.js
src/app/auth/provider/session_state.js
src/app/auth/resolver/permission_resolver.js
src/app/auth/resolver/session_resolver.js
src/app/auth/service/access_token.js
src/app/auth/service/current_user.js
src/app/auth/service/open_id.js
src/app/auth/service/permission_manager.js
src/app/auth/service/pre_expire_delta.js
src/app/auth/service/refresh_manager.js
src/app/auth/service/session.js
src/app/auth/service/session_modal_service.js
src/app/auth/template/busy.html
src/app/auth/template/error.html
src/app/auth/template/modal/login_required.html
src/app/dashboard/controller/dashboard_controller.js
src/app/dashboard/controller/home_controller.js
src/app/dashboard/controllers/dashboard_controller.js
src/app/dashboard/controllers/home_controller.js
src/app/dashboard/module.js
src/app/dashboard/template/dashboard.html
src/app/dashboard/template/index.html
src/app/notification/controller/notifications_controller.js
src/app/notification/directive/notifications.js
src/app/notification/module.js
src/app/notification/provider/priority.js
src/app/notification/provider/severity.js
src/app/notification/service/notification_service.js
src/app/notification/template/notifications.html
src/app/pages/module.js
src/app/pages/template/about.html
src/app/profile/controller/profile_preferences_controller.js
src/app/profile/module.js
src/app/profile/template/preferences.html
src/app/profile/template/profile_submenu.html
src/app/project_groups/controllers/project_group_detail_controller.js
src/app/project_groups/controllers/project_group_list_controller.js
src/app/project_groups/controllers/project_group_new_controller.js
src/app/project_groups/module.js
src/app/projects/controller/project_detail_controller.js
src/app/projects/controller/project_list_controller.js
src/app/projects/controller/project_new_controller.js
src/app/projects/controller/project_story_list_controller.js
src/app/projects/controllers/project_detail_controller.js
src/app/projects/controllers/project_list_controller.js
src/app/projects/controllers/project_new_controller.js
src/app/projects/controllers/project_story_list_controller.js
src/app/projects/module.js
src/app/projects/template/detail.html
src/app/projects/template/list.html
src/app/projects/template/new.html
src/app/search/controller/search_controller.js
src/app/search/controller/search_criteria_controller.js
src/app/search/controllers/search_criteria_controller.js
src/app/search/directive/search_results.js
src/app/search/directives/search_results.js
src/app/search/module.js
src/app/search/template/criteria_tag_item.html
src/app/search/template/index.html
src/app/search/template/project_search_item.html
src/app/search/template/story_search_item.html
src/app/search/template/task_search_item.html
src/app/search/template/typeahead_criteria_item.html
src/app/search/template/user_search_item.html
src/app/services/criteria/criteria.js
src/app/services/criteria/story_status.js
src/app/services/criteria/text.js
src/app/services/http/http_error_broadcaster.js
src/app/services/mock/auth_provider_mock.js
src/app/services/mock/mock_service.js
src/app/services/mock/project_mock.js
src/app/services/mock/task_mock.js
src/app/services/mock/team.js
src/app/services/mock/user_mock.js
src/app/services/module.js
src/app/services/notification/http_message_filter.js
src/app/services/provider/page_size.js
src/app/services/provider/storyboard_api_base.js
src/app/services/provider/storyboard_api_signature.js
src/app/services/resolver/auth_provider_resolver.js
src/app/services/resource/auth_provider.js
src/app/services/resource/auth_provider_mock.js
src/app/services/resource/browse.js
src/app/services/resource/comment.js
src/app/services/resource/criteria.js
src/app/services/resource/preference.js
src/app/services/resource/project_group_item.js
src/app/services/resource/project_group.js
src/app/services/resource/project.js
src/app/services/resource/search.js
src/app/services/resource/story.js
src/app/services/resource/task.js
src/app/services/resource/team.js
src/app/services/resource/timeline_event.js
src/app/services/resource/user.js
src/app/services/service/resource_factory.js
src/app/stories/controllers/story_delete_controller.js
src/app/stories/controllers/story_detail_controller.js
src/app/stories/controllers/story_discussion_controller.js
src/app/stories/controllers/story_discussion_item_controller.js
src/app/stories/controllers/story_list_controller.js
src/app/stories/controllers/story_list_item_controller.js
src/app/stories/controllers/story_modal_controller.js
src/app/stories/controllers/story_task_delete_controller.js
src/app/stories/controllers/story_task_list_controller.js
src/app/stories/controllers/story_task_list_item_controller.js
src/app/stories/controllers/timeline_filter_controller.js
src/app/stories/controller/story_delete_controller.js
src/app/stories/controller/story_detail_controller.js
src/app/stories/controller/story_discussion_controller.js
src/app/stories/controller/story_discussion_item_controller.js
src/app/stories/controller/story_list_controller.js
src/app/stories/controller/story_list_item_controller.js
src/app/stories/controller/story_modal_controller.js
src/app/stories/controller/story_task_delete_controller.js
src/app/stories/controller/story_task_list_controller.js
src/app/stories/controller/story_task_list_item_controller.js
src/app/stories/controller/timeline_filter_controller.js
src/app/stories/directives/task_edit_form.js
src/app/stories/directive/task_edit_form.js
src/app/stories/module.js
src/app/stories/service/new_story_service.js
src/app/stories/services/new_story_service.js
src/app/stories/template/comments/story_created.html
src/app/stories/template/comments/story_details_changed.html
src/app/stories/template/comments/task_assignee_changed.html
src/app/stories/template/comments/task_created.html
src/app/stories/template/comments/task_deleted.html
src/app/stories/template/comments/task_details_changed.html
src/app/stories/template/comments/task_priority_changed.html
src/app/stories/template/comments/task_status_changed.html
src/app/stories/template/comments/template_switch.html
src/app/stories/template/comments/user_comment.html
src/app/stories/template/delete.html
src/app/stories/template/delete_task.html
src/app/stories/template/detail.html
src/app/stories/template/list.html
src/app/stories/template/new.html
src/app/stories/template/story_list_item.html
src/app/stories/template/task_edit_form.html
src/app/stories/template/update_filter.html
src/app/storyboard/controller/application_controller.js
src/app/storyboard/controller/header_controller.js
src/app/storyboard/controllers/header_controller.js
src/app/storyboard/controllers/home_controller.js
src/app/storyboard.js
src/app/storyboard/module.js
src/app/storyboard/template/header_menu.html
src/app/storyboard/template/side_menu.html
src/app/teams/controllers/teams_list_controller.js
src/app/teams/module.js
src/app/templates/auth/busy.html
src/app/templates/auth/error.html
src/app/templates/auth/modal/login_required.html
src/app/templates/auth/modal/superuser_required.html
src/app/templates/auth/provider/list.html
src/app/templates/auth/provider/login.html
src/app/templates/dashboard/dashboard.html
src/app/templates/dashboard/index.html
src/app/templates/error/notifications.html
src/app/templates/footer.html
src/app/templates/header_criteria_item.html
src/app/templates/header.html
src/app/templates/header_menu.html
src/app/templates/index.html
src/app/templates/main_menu.html
src/app/templates/page/about.html
src/app/templates/profile/preferences.html
src/app/templates/project/delete.html
src/app/templates/project/detail.html
src/app/templates/project/edit.html
src/app/templates/project_groups/detail.html
src/app/templates/project_groups/edit.html
src/app/templates/project_groups/list.html
src/app/templates/project_groups/new.html
src/app/templates/project/list.html
src/app/templates/project/new.html
src/app/templates/project/overview.html
src/app/templates/project/stories.html
src/app/templates/search/index.html
src/app/templates/search/project_search_item.html
src/app/templates/search/story_search_item.html
src/app/templates/search/task_search_item.html
src/app/templates/search/typeahead_criteria_item.html
src/app/templates/search/user_search_item.html
src/app/templates/side_menu.html
src/app/templates/story/comments/story_created.html
src/app/templates/story/comments/story_details_changed.html
src/app/templates/story/comments/task_assignee_changed.html
src/app/templates/story/comments/task_created.html
src/app/templates/story/comments/task_deleted.html
src/app/templates/story/comments/task_details_changed.html
src/app/templates/story/comments/task_priority_changed.html
src/app/templates/story/comments/task_status_changed.html
src/app/templates/story/comments/template_switch.html
src/app/templates/story/comments/user_comment.html
src/app/templates/story/delete.html
src/app/templates/story/delete_task.html
src/app/templates/story/detail.html
src/app/templates/story/edit.html
src/app/templates/story/list.html
src/app/templates/story/new.html
src/app/templates/story/overview.html
src/app/templates/story/story_list_item.html
src/app/templates/story/task_edit_form.html
src/app/templates/story/update_filter.html
src/app/templates/teams/list.html
src/app/templates/util/story_status_label.html
src/app/templates/util/story_task_status.html
src/app/templates/util/tag_complete.html
src/app/templates/util/tag_input.html
src/app/templates/util/task_priority_dropdown.html
src/app/templates/util/task_status_dropdown.html
src/app/templates/util/time_moment.html
src/app/util/constants/timeline_event_type.js
src/app/util/constants/title_regex.js
src/app/util/constant/timeline_event_type.js
src/app/util/constant/title_regex.js
src/app/util/controls/tag_complete.js
src/app/util/controls/tag_input.js
src/app/util/control/tag_complete.js
src/app/util/control/tag_input.js
src/app/util/directive/active_path.js
src/app/util/directive/autoresize_width.js
src/app/util/directive/contenteditable.js
src/app/util/directive/delete.js
src/app/util/directive/enter.js
src/app/util/directive/focus.js
src/app/util/directive/resolve_story.js
src/app/util/directive/shift_enter.js
src/app/util/directive/story_status_label.js
src/app/util/directive/story_task_status.js
src/app/util/directive/task_priority_dropdown.js
src/app/util/directive/task_status_dropdown.js
src/app/util/directive/timeline_event.js
src/app/util/directive/time_moment.js
src/app/util/filter/capitalize_filter.js
src/app/util/filter/debug_filter.js
src/app/util/filter/task_priority_label.js
src/app/util/filter/task_status_label.js
src/app/util/helper/array_util.js
src/app/util/helper/date_util.js
src/app/util/helpers/date_util.js
src/app/util/helpers/string_util.js
src/app/util/helper/string_util.js
src/app/util/helpers/url_util.js
src/app/util/helper/url_util.js
src/app/util/module.js
src/app/util/provider/search_param_provider.js
src/app/util/service/last_location.js
src/app/util/template/story_status_label.html
src/app/util/template/story_task_status.html
src/app/util/template/tag_complete.html
src/app/util/template/tag_input.html
src/app/util/template/task_priority_dropdown.html
src/app/util/template/task_status_dropdown.html
src/app/util/template/time_moment.html
src/favicon.ico
src/fonts/custom_font_icons.eot
src/fonts/custom_font_icons.ttf
src/fonts/custom_font_icons.woff
src/fonts/custom_icons.eot
src/fonts/custom_icons.ttf
src/fonts/custom_icons.woff
src/images/.gitkeep
src/index.html
src/robots.txt
src/styles/auth.less
src/styles/body.less
src/styles/bootstrap_addons.less
src/styles/bootstrap_variable_overrides.less
src/styles/custom_font_icons.less
src/styles/discussion.less
src/styles/logged_in.less
src/styles/main.less
src/styles/typography.less
src/styles/variables.less
src/theme/base/auth.less
src/theme/base/body.less
src/theme/base/bootstrap_addons.less
src/theme/base/bootstrap/badges.less
src/theme/base/bootstrap/navbar.less
src/theme/base/bootstrap/tables.less
src/theme/base/custom_font_icons.less
src/theme/base/custom_icons.less
src/theme/base/discussion.less
src/theme/base/header.less
src/theme/base/icons.less
src/theme/base/logged_in.less
src/theme/base/notification.less
src/theme/base/tag_input.less
src/theme/base/typography.less
src/theme/main.less
src/theme/storyboard/theme.less
test/functional/auth/auth_route.js
test/functional/module.js
test/functional/projects/routes.js
test/functional/stories/routes.js
test/integration/services/module.js
test/unit/custom_matchers.js
test/unit/services/http/http_error_broadcaster_test.js
test/unit/services/module.js
test/unit/services/provider/storyboard_api_base_test.js
test/unit/services/provider/storyboard_api_signature_test.js
test/unit/util/helpers/string_util_test.js
test/unit/util/module_test.js
tox.ini
