debian/mod_tile/debian/changelog
debian/mod_tile/debian/compat
debian/mod_tile/debian/control
debian/mod_tile/debian/convert_meta.1
debian/mod_tile/debian/copyright
debian/mod_tile/debian/files
debian/mod_tile/debian/libapache2-mod-tile.conffiles
debian/mod_tile/debian/libapache2-mod-tile.debhelper.log
debian/mod_tile/debian/libapache2-mod-tile.install
debian/mod_tile/debian/libapache2-mod-tile.postinst
debian/mod_tile/debian/libapache2-mod-tile.prerm
debian/mod_tile/debian/README
debian/mod_tile/debian/renderd.1
debian/mod_tile/debian/renderd.conf
debian/mod_tile/debian/renderd.conffiles
debian/mod_tile/debian/renderd.debhelper.log
debian/mod_tile/debian/renderd.init
debian/mod_tile/debian/renderd.install
debian/mod_tile/debian/renderd.postinst
debian/mod_tile/debian/renderd.postinst.debhelper
debian/mod_tile/debian/renderd.postrm.debhelper
debian/mod_tile/debian/renderd.prerm
debian/mod_tile/debian/renderd.prerm.debhelper
debian/mod_tile/debian/renderd.substvars
debian/mod_tile/debian/render_expired.1
debian/mod_tile/debian/rules
debian/mod_tile/debian/source/format
debian/mod_tile/debian/speedtest.1
debian/mod_tile/debian/tile.load
debian/mod_tile/debian/tileserver_site
debian/mod_tile/libapache2-mod-tile_0.4-1~1.dsc
debian/osm2pgsql/debian/changelog
debian/osm2pgsql/debian/compat
debian/osm2pgsql/debian/control
debian/osm2pgsql/debian/copyright
debian/osm2pgsql/debian/dirs
debian/osm2pgsql/debian/files
debian/osm2pgsql/debian/manpages
debian/osm2pgsql/debian/osm2pgsql.1
debian/osm2pgsql/debian/osm2pgsql.install
debian/osm2pgsql/debian/README
debian/osm2pgsql/debian/rules
debian/osm2pgsql/debian/source/format
debian/osm2pgsql/osm2pgsql_0.81.0-1~1_amd64.build
debian/osm2pgsql/osm2pgsql_0.81.0-1~1_amd64.changes
debian/osm2pgsql/osm2pgsql_0.81.0-1~1.dsc
debian/osm-mapnik-style/debian/changelog
debian/osm-mapnik-style/debian/compat
debian/osm-mapnik-style/debian/config
debian/osm-mapnik-style/debian/config_files/datasource-settings.xml.inc
debian/osm-mapnik-style/debian/config_files/fontset-settings.xml.inc
debian/osm-mapnik-style/debian/config_files/settings.xml.inc
debian/osm-mapnik-style/debian/control
debian/osm-mapnik-style/debian/copyright
debian/osm-mapnik-style/debian/dirs
debian/osm-mapnik-style/debian/files
debian/osm-mapnik-style/debian/openstreetmap-mapnik-stylesheet-data.config
debian/osm-mapnik-style/debian/openstreetmap-mapnik-stylesheet-data.debhelper.log
debian/osm-mapnik-style/debian/openstreetmap-mapnik-stylesheet-data.install
debian/osm-mapnik-style/debian/openstreetmap-mapnik-stylesheet-data.postinst
debian/osm-mapnik-style/debian/openstreetmap-mapnik-stylesheet-data.postrm.debhelper
debian/osm-mapnik-style/debian/openstreetmap-mapnik-stylesheet-data.substvars
debian/osm-mapnik-style/debian/openstreetmap-mapnik-stylesheet-data.templates
debian/osm-mapnik-style/debian/rules
debian/osm-mapnik-style/debian/source/format
debian/osm-mapnik-style/openstreetmap-mapnik-stylesheet-data_0.2-r27589~1_amd64.build
debian/osm-mapnik-style/openstreetmap-mapnik-stylesheet-data_0.2-r27589~1_amd64.changes
debian/osm-mapnik-style/openstreetmap-mapnik-stylesheet-data_0.2-r27589~1.dsc
puppet/files/openstreetmap/datasource-settings.xml.inc
puppet/files/openstreetmap/import-planet
puppet/files/openstreetmap/load-next
puppet/files/openstreetmap/osmosis.configuration.txt
puppet/files/openstreetmap/renderd.conf
puppet/files/openstreetmap/tileserver_site
puppet/manifests/osmtileserver.pp
puppet/manifests/postgresql.pp
wikipedia/debian/mod_tile/debian/changelog
wikipedia/debian/mod_tile/debian/compat
wikipedia/debian/mod_tile/debian/control
wikipedia/debian/mod_tile/debian/convert_meta.1
wikipedia/debian/mod_tile/debian/copyright
wikipedia/debian/mod_tile/debian/files
wikipedia/debian/mod_tile/debian/libapache2-mod-tile.conffiles
wikipedia/debian/mod_tile/debian/libapache2-mod-tile.config
wikipedia/debian/mod_tile/debian/libapache2-mod-tile.debhelper.log
wikipedia/debian/mod_tile/debian/libapache2-mod-tile.dirs
wikipedia/debian/mod_tile/debian/libapache2-mod-tile.install
wikipedia/debian/mod_tile/debian/libapache2-mod-tile.postinst
wikipedia/debian/mod_tile/debian/libapache2-mod-tile.postrm.debhelper
wikipedia/debian/mod_tile/debian/libapache2-mod-tile.prerm
wikipedia/debian/mod_tile/debian/libapache2-mod-tile.substvars
wikipedia/debian/mod_tile/debian/libapache2-mod-tile.templates
wikipedia/debian/mod_tile/debian/README
wikipedia/debian/mod_tile/debian/renderd.1
wikipedia/debian/mod_tile/debian/renderd.conf
wikipedia/debian/mod_tile/debian/renderd.conffiles
wikipedia/debian/mod_tile/debian/renderd.debhelper.log
wikipedia/debian/mod_tile/debian/renderd.init
wikipedia/debian/mod_tile/debian/renderd.install
wikipedia/debian/mod_tile/debian/renderd.postinst
wikipedia/debian/mod_tile/debian/renderd.postinst.debhelper
wikipedia/debian/mod_tile/debian/renderd.postrm.debhelper
wikipedia/debian/mod_tile/debian/renderd.prerm
wikipedia/debian/mod_tile/debian/renderd.prerm.debhelper
wikipedia/debian/mod_tile/debian/renderd.substvars
wikipedia/debian/mod_tile/debian/render_expired.1
wikipedia/debian/mod_tile/debian/rules
wikipedia/debian/mod_tile/debian/source/format
wikipedia/debian/mod_tile/debian/speedtest.1
wikipedia/debian/mod_tile/debian/tile.load
wikipedia/debian/mod_tile/debian/tileserver_site
wikipedia/debian/mod_tile/libapache2-mod-tile_0.4-1~1_amd64.build
wikipedia/debian/mod_tile/libapache2-mod-tile_0.4-1~1_amd64.changes
wikipedia/debian/mod_tile/libapache2-mod-tile_0.4-1~1_amd64.deb
wikipedia/debian/mod_tile/libapache2-mod-tile_0.4-1~1.dsc
wikipedia/debian/mod_tile/libapache2-mod-tile_0.4-1~1.tar.gz
wikipedia/debian/mod_tile/libapache2-mod-tile_0.4-1~4_amd64.deb
wikipedia/debian/mod_tile/renderd_0.4-1~1_amd64.deb
wikipedia/debian/mod_tile/renderd_0.4-1~4_amd64.deb
wikipedia/debian/osm2pgsql/debian/changelog
wikipedia/debian/osm2pgsql/debian/compat
wikipedia/debian/osm2pgsql/debian/control
wikipedia/debian/osm2pgsql/debian/copyright
wikipedia/debian/osm2pgsql/debian/dirs
wikipedia/debian/osm2pgsql/debian/files
wikipedia/debian/osm2pgsql/debian/manpages
wikipedia/debian/osm2pgsql/debian/osm2pgsql.1
wikipedia/debian/osm2pgsql/debian/osm2pgsql.install
wikipedia/debian/osm2pgsql/debian/README
wikipedia/debian/osm2pgsql/debian/rules
wikipedia/debian/osm2pgsql/debian/source/format
wikipedia/debian/osm2pgsql/osm2pgsql_0.81.0-1~1_amd64.build
wikipedia/debian/osm2pgsql/osm2pgsql_0.81.0-1~1_amd64.changes
wikipedia/debian/osm2pgsql/osm2pgsql_0.81.0-1~1_amd64.deb
wikipedia/debian/osm2pgsql/osm2pgsql_0.81.0-1~1.dsc
wikipedia/debian/osm2pgsql/osm2pgsql_0.81.0-1~1.tar.gz
wikipedia/debian/osm2pgsql/osm2pgsql_0.81.0-1~2_amd64.deb
wikipedia/debian/osm-mapnik-style/debian/changelog
wikipedia/debian/osm-mapnik-style/debian/compat
wikipedia/debian/osm-mapnik-style/debian/config
wikipedia/debian/osm-mapnik-style/debian/config_files/datasource-settings.xml.inc
wikipedia/debian/osm-mapnik-style/debian/config_files/fontset-settings.xml.inc
wikipedia/debian/osm-mapnik-style/debian/config_files/settings.xml.inc
wikipedia/debian/osm-mapnik-style/debian/control
wikipedia/debian/osm-mapnik-style/debian/copyright
wikipedia/debian/osm-mapnik-style/debian/dirs
wikipedia/debian/osm-mapnik-style/debian/files
wikipedia/debian/osm-mapnik-style/debian/openstreetmap-mapnik-stylesheet-data.config
wikipedia/debian/osm-mapnik-style/debian/openstreetmap-mapnik-stylesheet-data.debhelper.log
wikipedia/debian/osm-mapnik-style/debian/openstreetmap-mapnik-stylesheet-data.install
wikipedia/debian/osm-mapnik-style/debian/openstreetmap-mapnik-stylesheet-data.postinst
wikipedia/debian/osm-mapnik-style/debian/openstreetmap-mapnik-stylesheet-data.postrm.debhelper
wikipedia/debian/osm-mapnik-style/debian/openstreetmap-mapnik-stylesheet-data.substvars
wikipedia/debian/osm-mapnik-style/debian/openstreetmap-mapnik-stylesheet-data.templates
wikipedia/debian/osm-mapnik-style/debian/rules
wikipedia/debian/osm-mapnik-style/debian/source/format
wikipedia/debian/osm-mapnik-style/openstreetmap-mapnik-stylesheet-data_0.2-r27589~1_all.deb
wikipedia/debian/osm-mapnik-style/openstreetmap-mapnik-stylesheet-data_0.2-r27589~1_amd64.build
wikipedia/debian/osm-mapnik-style/openstreetmap-mapnik-stylesheet-data_0.2-r27589~1_amd64.changes
wikipedia/debian/osm-mapnik-style/openstreetmap-mapnik-stylesheet-data_0.2-r27589~1.dsc
wikipedia/debian/osm-mapnik-style/openstreetmap-mapnik-stylesheet-data_0.2-r27589~1.tar.gz
wikipedia/puppet/files/openstreetmap/datasource-settings.xml.inc
wikipedia/puppet/files/openstreetmap/import-planet
wikipedia/puppet/files/openstreetmap/load-next
wikipedia/puppet/files/openstreetmap/osmosis.configuration.txt
wikipedia/puppet/files/openstreetmap/renderd.conf
wikipedia/puppet/files/openstreetmap/tileserver_site
wikipedia/puppet/manifests/osmtileserver.pp
wikipedia/puppet/manifests/postgresql.pp
