cfg.py
config.py
CONTRIBUTING.rst
db/common.py
doc/source/conf.py
doc/source/index.rst
doc/source/packagers.rst
doc/source/semver.rst
doc/source/static/basic.css
doc/source/static/default.css
doc/source/static/header-line.gif
doc/source/static/jquery.tweet.js
doc/source/static/nature.css
doc/source/static/tweaks.css
doc/source/_templates/.placeholder
doc/source/_theme/layout.html
doc/source/_theme/theme.conf
extensions.py
iniparser.py
LICENSE
manager.py
MANIFEST.in
notifier/list_notifier.py
oslo/__init__.py
oslo/packaging/core.py
oslo/packaging/extern/__init__.py
oslo/packaging/extern/six.py
oslo/packaging/hooks.py
oslo/packaging/__init__.py
oslo/packaging/packaging.py
oslo/packaging/tests/__init__.py
oslo/packaging/tests/test_setup.py
oslo/packaging/tests/utils.py
oslo/packaging/util.py
pbr/core.py
pbr/d2to1/core.py
pbr/d2to1/extern/__init__.py
pbr/d2to1/extern/six.py
pbr/d2to1/__init__.py
pbr/d2to1/tests/__init__.py
pbr/d2to1/tests/test_commands.py
pbr/d2to1/tests/test_core.py
pbr/d2to1/tests/test_hooks.py
pbr/d2to1/tests/testpackage/CHANGES.txt
pbr/d2to1/tests/testpackage/d2to1_testpackage/__init__.py
pbr/d2to1/tests/testpackage/d2to1_testpackage/package_data/1.txt
pbr/d2to1/tests/testpackage/d2to1_testpackage/package_data/2.txt
pbr/d2to1/tests/testpackage/d2to1_testpackage/_setup_hooks.py
pbr/d2to1/tests/testpackage/data_files/a.txt
pbr/d2to1/tests/testpackage/data_files/b.txt
pbr/d2to1/tests/testpackage/data_files/c.rst
pbr/d2to1/tests/testpackage/distribute_setup.py
pbr/d2to1/tests/testpackage/extra-file.txt
pbr/d2to1/tests/testpackage/LICENSE.txt
pbr/d2to1/tests/testpackage/MANIFEST.in
pbr/d2to1/tests/testpackage/setup.cfg
pbr/d2to1/tests/testpackage/setup.py
pbr/d2to1/tests/testpackage/src/testext.c
pbr/d2to1/tests/util.py
pbr/d2to1/util.py
pbr/d2to1/zestreleaser.py
pbr/extra_files.py
pbr/find_package.py
pbr/hooks/backwards.py
pbr/hooks/base.py
pbr/hooks/commands.py
pbr/hooks/files.py
pbr/hooks/__init__.py
pbr/hooks/metadata.py
pbr/hooks.py
pbr/__init__.py
pbr/packaging.py
pbr/testr_command.py
pbr/tests/base.py
pbr/tests/__init__.py
pbr/tests/moxstubout.py
pbr/tests/test_commands.py
pbr/tests/test_core.py
pbr/tests/test_files.py
pbr/tests/test_hooks.py
pbr/tests/testpackage/CHANGES.txt
pbr/tests/testpackage/data_files/a.txt
pbr/tests/testpackage/data_files/b.txt
pbr/tests/testpackage/data_files/c.rst
pbr/tests/testpackage/extra-file.txt
pbr/tests/testpackage/git-extra-file.txt
pbr/tests/testpackage/LICENSE.txt
pbr/tests/testpackage/MANIFEST.in
pbr/tests/testpackage/pbr_testpackage/cmd.py
pbr/tests/testpackage/pbr_testpackage/__init__.py
pbr/tests/testpackage/pbr_testpackage/package_data/1.txt
pbr/tests/testpackage/pbr_testpackage/package_data/2.txt
pbr/tests/testpackage/pbr_testpackage/_setup_hooks.py
pbr/tests/testpackage/setup.cfg
pbr/tests/testpackage/setup.py
pbr/tests/testpackage/src/testext.c
pbr/tests/test_packaging.py
pbr/tests/test_setup.py
pbr/tests/test_version.py
pbr/tests/util.py
pbr/tests/utils.py
pbr/util.py
pbr/version.py
README.rst
requirements.txt
setup.cfg
setup.py
.testr.conf
test-requirements-py3.txt
test-requirements.txt
testutils.py
tools/integration.sh
tox.ini
utils.py
