CONTRIBUTING.rst
.coveragerc
doc/source/conf.py
doc/source/contributing.rst
doc/source/index.rst
doc/source/installation.rst
doc/source/readme.rst
doc/source/usage.rst
HACKING.rst
LICENSE
MANIFEST.in
openstack-common.conf
oslo/__init__.py
oslo/vmware/api.py
oslo/vmware/common/__init__.py
oslo/vmware/common/loopingcall.py
oslo/vmware/constants.py
oslo/vmware/exceptions.py
oslo/vmware/image_transfer.py
oslo/vmware/__init__.py
oslo/vmware/objects/datastore.py
oslo/vmware/objects/__init__.py
oslo/vmware/openstack/common/excutils.py
oslo/vmware/openstack/common/gettextutils.py
oslo/vmware/openstack/common/importutils.py
oslo/vmware/openstack/common/__init__.py
oslo/vmware/openstack/common/jsonutils.py
oslo/vmware/openstack/common/local.py
oslo/vmware/openstack/common/log.py
oslo/vmware/openstack/common/loopingcall.py
oslo/vmware/openstack/common/timeutils.py
oslo/vmware/openstack/common/units.py
oslo/vmware/openstack/__init__.py
oslo/vmware/pbm.py
oslo/vmware/rw_handles.py
oslo/vmware/service.py
oslo/vmware/vim.py
oslo/vmware/vim_util.py
oslo/vmware/wsdl/5.5/core-types.xsd
oslo/vmware/wsdl/5.5/pbm-messagetypes.xsd
oslo/vmware/wsdl/5.5/pbmService.wsdl
oslo/vmware/wsdl/5.5/pbm-types.xsd
oslo/vmware/wsdl/5.5/pbm.wsdl
pylintrc
README.rst
requirements.txt
setup.cfg
setup.py
.testr.conf
test-requirements.txt
tests/base.py
tests/__init__.py
tests/objects/__init__.py
tests/objects/test_datastore.py
tests/test_api.py
tests/test_image_transfer.py
tests/test_pbm.py
tests/test_rw_handles.py
tests/test_service.py
tests/test_vim.py
tests/test_vim_util.py
tests/test_vmware.py
tools/run_cross_tests.sh
tox.ini
