./test_log.txt:Godeps/_workspace/src/code.google.com/p/go.net/html/charset/testdata/HTTP-charset.html
./test_log.txt:Godeps/_workspace/src/code.google.com/p/go.net/html/charset/testdata/HTTP-vs-meta-charset.html
./test_log.txt:Godeps/_workspace/src/code.google.com/p/go.net/html/charset/testdata/HTTP-vs-meta-content.html
./test_log.txt:Godeps/_workspace/src/code.google.com/p/go.net/html/charset/testdata/HTTP-vs-UTF-8-BOM.html
./test_log.txt:Godeps/_workspace/src/code.google.com/p/go.net/html/charset/testdata/meta-charset-attribute.html
./test_log.txt:Godeps/_workspace/src/code.google.com/p/go.net/html/charset/testdata/meta-content-attribute.html
./test_log.txt:Godeps/_workspace/src/code.google.com/p/go.net/html/charset/testdata/No-encoding-declaration.html
./test_log.txt:Godeps/_workspace/src/code.google.com/p/go.net/html/charset/testdata/UTF-8-BOM-vs-meta-charset.html
./test_log.txt:Godeps/_workspace/src/code.google.com/p/go.net/html/charset/testdata/UTF-8-BOM-vs-meta-content.html
./test_log.txt:Godeps/_workspace/src/code.google.com/p/go.net/html/testdata/go1.html
./test_log.txt:Godeps/_workspace/src/golang.org/x/net/html/charset/testdata/HTTP-charset.html
./test_log.txt:Godeps/_workspace/src/golang.org/x/net/html/charset/testdata/HTTP-vs-meta-charset.html
./test_log.txt:Godeps/_workspace/src/golang.org/x/net/html/charset/testdata/HTTP-vs-meta-content.html
./test_log.txt:Godeps/_workspace/src/golang.org/x/net/html/charset/testdata/HTTP-vs-UTF-8-BOM.html
./test_log.txt:Godeps/_workspace/src/golang.org/x/net/html/charset/testdata/meta-charset-attribute.html
./test_log.txt:Godeps/_workspace/src/golang.org/x/net/html/charset/testdata/meta-content-attribute.html
./test_log.txt:Godeps/_workspace/src/golang.org/x/net/html/charset/testdata/No-encoding-declaration.html
./test_log.txt:Godeps/_workspace/src/golang.org/x/net/html/charset/testdata/UTF-8-BOM-vs-meta-charset.html
./test_log.txt:Godeps/_workspace/src/golang.org/x/net/html/charset/testdata/UTF-8-BOM-vs-meta-content.html
./test_log.txt:Godeps/_workspace/src/golang.org/x/net/html/testdata/go1.html
./test_log.txt:third_party/src/code.google.com/p/go.net/html/charset/testdata/HTTP-charset.html
./test_log.txt:third_party/src/code.google.com/p/go.net/html/charset/testdata/HTTP-vs-meta-charset.html
./test_log.txt:third_party/src/code.google.com/p/go.net/html/charset/testdata/HTTP-vs-meta-content.html
./test_log.txt:third_party/src/code.google.com/p/go.net/html/charset/testdata/HTTP-vs-UTF-8-BOM.html
./test_log.txt:third_party/src/code.google.com/p/go.net/html/charset/testdata/meta-charset-attribute.html
./test_log.txt:third_party/src/code.google.com/p/go.net/html/charset/testdata/meta-content-attribute.html
./test_log.txt:third_party/src/code.google.com/p/go.net/html/charset/testdata/No-encoding-declaration.html
./test_log.txt:third_party/src/code.google.com/p/go.net/html/charset/testdata/UTF-16BE-BOM.html
./test_log.txt:third_party/src/code.google.com/p/go.net/html/charset/testdata/UTF-16LE-BOM.html
./test_log.txt:third_party/src/code.google.com/p/go.net/html/charset/testdata/UTF-8-BOM-vs-meta-charset.html
./test_log.txt:third_party/src/code.google.com/p/go.net/html/charset/testdata/UTF-8-BOM-vs-meta-content.html
./test_log.txt:third_party/src/code.google.com/p/go.net/html/testdata/go1.html
./other_log.txt:hphp/test/zend/bad/ext-curl/curl_testdata1.txt
./other_log.txt:hphp/test/zend/bad/ext-curl/curl_testdata2.txt
./other_log.txt:hphp/test/zend/bad/ext/curl/tests/curl_testdata1.txt
./other_log.txt:hphp/test/zend/bad/ext/curl/tests/curl_testdata2.txt
./other_log.txt:hphp/test/zend/good/ext-curl/curl_testdata1.txt
./other_log.txt:hphp/test/zend/good/ext-curl/curl_testdata2.txt
./other_log.txt:hphp/test/zend/good/ext/curl/tests/curl_testdata1.txt
./other_log.txt:hphp/test/zend/good/ext/curl/tests/curl_testdata2.txt
./other_log.txt:hphp/test/zend/bad/ext/curl/tests/curl_testdata1.txt
./other_log.txt:hphp/test/zend/bad/ext/curl/tests/curl_testdata2.txt
./other_log.txt:hphp/test/zend/good/ext/curl/tests/curl_testdata1.txt
./other_log.txt:hphp/test/zend/good/ext/curl/tests/curl_testdata2.txt
./other_log.txt:cmd/mungedocs/testdata/pod.yaml
./other_log.txt:pkg/api/validation/testdata/v1beta1/invalidPod.yaml
./other_log.txt:pkg/api/validation/testdata/v1beta1/validPod.yaml
./other_log.txt:pkg/api/validation/testdata/v1beta3/invalidPod.yaml
./other_log.txt:pkg/api/validation/testdata/v1beta3/validPod.yaml
./other_log.txt:pkg/api/validation/testdata/v1/invalidPod.yaml
./other_log.txt:pkg/api/validation/testdata/v1/validPod.yaml
./other_log.txt:pkg/api/validation/testdata/v1beta1/invalidPod1.json
./other_log.txt:pkg/api/validation/testdata/v1beta1/invalidPod2.json
./other_log.txt:pkg/api/validation/testdata/v1beta1/invalidPod3.json
./other_log.txt:pkg/api/validation/testdata/v1beta3/invalidPod1.json
./other_log.txt:pkg/api/validation/testdata/v1beta3/invalidPod2.json
./other_log.txt:pkg/api/validation/testdata/v1beta3/invalidPod3.json
./other_log.txt:pkg/api/validation/testdata/v1/invalidPod1.json
./other_log.txt:pkg/api/validation/testdata/v1/invalidPod2.json
./other_log.txt:pkg/api/validation/testdata/v1/invalidPod3.json
./other_log.txt:third_party/src/code.google.com/p/google-api-go-client/google-api-go-generator/testdata/arrayofarray-1.json
./other_log.txt:third_party/src/code.google.com/p/google-api-go-client/google-api-go-generator/testdata/arrayofmapofstrings.json
./other_log.txt:third_party/src/code.google.com/p/google-api-go-client/google-api-go-generator/testdata/blogger-3.json
./other_log.txt:third_party/src/code.google.com/p/google-api-go-client/google-api-go-generator/testdata/getwithoutbody.json
./other_log.txt:third_party/src/code.google.com/p/google-api-go-client/google-api-go-generator/testdata/mapofstrings-1.json
./other_log.txt:third_party/src/code.google.com/p/google-api-go-client/google-api-go-generator/testdata/quotednum.json
./other_log.txt:third_party/src/code.google.com/p/google-api-go-client/google-api-go-generator/testdata/resource-named-service.json
./other_log.txt:Godeps/_workspace/src/github.com/imdario/mergo/testdata/license.yml
./other_log.txt:Godeps/_workspace/src/github.com/imdario/mergo/testdata/thing.yml
./other_log.txt:third_party/src/code.google.com/p/google-api-go-client/.hg/store/data/google-api-go-generator/testdata/arrayofarray-1.json.i
./other_log.txt:third_party/src/code.google.com/p/google-api-go-client/.hg/store/data/google-api-go-generator/testdata/arrayofarray-1.want.i
./other_log.txt:third_party/src/code.google.com/p/google-api-go-client/.hg/store/data/google-api-go-generator/testdata/arrayofmapofstrings.json.i
./other_log.txt:third_party/src/code.google.com/p/google-api-go-client/.hg/store/data/google-api-go-generator/testdata/arrayofmapofstrings.want.i
./other_log.txt:third_party/src/code.google.com/p/google-api-go-client/.hg/store/data/google-api-go-generator/testdata/blogger-3.json.i
./other_log.txt:third_party/src/code.google.com/p/google-api-go-client/.hg/store/data/google-api-go-generator/testdata/blogger-3.want.i
./other_log.txt:third_party/src/code.google.com/p/google-api-go-client/.hg/store/data/google-api-go-generator/testdata/getwithoutbody.json.i
./other_log.txt:third_party/src/code.google.com/p/google-api-go-client/.hg/store/data/google-api-go-generator/testdata/getwithoutbody.want.i
./other_log.txt:third_party/src/code.google.com/p/google-api-go-client/.hg/store/data/google-api-go-generator/testdata/mapofstrings-1.json.i
./other_log.txt:third_party/src/code.google.com/p/google-api-go-client/.hg/store/data/google-api-go-generator/testdata/mapofstrings-1.want.i
./other_log.txt:third_party/src/code.google.com/p/google-api-go-client/.hg/store/data/google-api-go-generator/testdata/quotednum.json.i
./other_log.txt:third_party/src/code.google.com/p/google-api-go-client/.hg/store/data/google-api-go-generator/testdata/quotednum.want.i
./other_log.txt:third_party/src/code.google.com/p/google-api-go-client/.hg/store/data/google-api-go-generator/testdata/resource-named-service.json.i
./other_log.txt:third_party/src/code.google.com/p/google-api-go-client/.hg/store/data/google-api-go-generator/testdata/resource-named-service.want.i
./other_log.txt:Godeps/_workspace/src/code.google.com/p/go.net/html/testdata/webkit/adoption01.dat
./other_log.txt:Godeps/_workspace/src/code.google.com/p/go.net/html/testdata/webkit/adoption02.dat
./other_log.txt:Godeps/_workspace/src/code.google.com/p/go.net/html/testdata/webkit/comments01.dat
./other_log.txt:Godeps/_workspace/src/code.google.com/p/go.net/html/testdata/webkit/doctype01.dat
./other_log.txt:Godeps/_workspace/src/code.google.com/p/go.net/html/testdata/webkit/entities01.dat
./other_log.txt:Godeps/_workspace/src/code.google.com/p/go.net/html/testdata/webkit/entities02.dat
./other_log.txt:Godeps/_workspace/src/code.google.com/p/go.net/html/testdata/webkit/html5test-com.dat
./other_log.txt:Godeps/_workspace/src/code.google.com/p/go.net/html/testdata/webkit/inbody01.dat
./other_log.txt:Godeps/_workspace/src/code.google.com/p/go.net/html/testdata/webkit/isindex.dat
./other_log.txt:Godeps/_workspace/src/code.google.com/p/go.net/html/testdata/webkit/pending-spec-changes.dat
./other_log.txt:Godeps/_workspace/src/code.google.com/p/go.net/html/testdata/webkit/scriptdata01.dat
./other_log.txt:Godeps/_workspace/src/code.google.com/p/go.net/html/testdata/webkit/scripted/adoption01.dat
./other_log.txt:Godeps/_workspace/src/code.google.com/p/go.net/html/testdata/webkit/scripted/webkit01.dat
./other_log.txt:Godeps/_workspace/src/code.google.com/p/go.net/html/testdata/webkit/tables01.dat
./other_log.txt:Godeps/_workspace/src/code.google.com/p/go.net/html/testdata/webkit/tests10.dat
./other_log.txt:Godeps/_workspace/src/code.google.com/p/go.net/html/testdata/webkit/tests11.dat
./other_log.txt:Godeps/_workspace/src/code.google.com/p/go.net/html/testdata/webkit/tests12.dat
./other_log.txt:Godeps/_workspace/src/code.google.com/p/go.net/html/testdata/webkit/tests14.dat
./other_log.txt:Godeps/_workspace/src/code.google.com/p/go.net/html/testdata/webkit/tests15.dat
./other_log.txt:Godeps/_workspace/src/code.google.com/p/go.net/html/testdata/webkit/tests16.dat
./other_log.txt:Godeps/_workspace/src/code.google.com/p/go.net/html/testdata/webkit/tests17.dat
./other_log.txt:Godeps/_workspace/src/code.google.com/p/go.net/html/testdata/webkit/tests18.dat
./other_log.txt:Godeps/_workspace/src/code.google.com/p/go.net/html/testdata/webkit/tests19.dat
./other_log.txt:Godeps/_workspace/src/code.google.com/p/go.net/html/testdata/webkit/tests1.dat
./other_log.txt:Godeps/_workspace/src/code.google.com/p/go.net/html/testdata/webkit/tests20.dat
./other_log.txt:Godeps/_workspace/src/code.google.com/p/go.net/html/testdata/webkit/tests21.dat
./other_log.txt:Godeps/_workspace/src/code.google.com/p/go.net/html/testdata/webkit/tests22.dat
./other_log.txt:Godeps/_workspace/src/code.google.com/p/go.net/html/testdata/webkit/tests23.dat
./other_log.txt:Godeps/_workspace/src/code.google.com/p/go.net/html/testdata/webkit/tests24.dat
./other_log.txt:Godeps/_workspace/src/code.google.com/p/go.net/html/testdata/webkit/tests25.dat
./other_log.txt:Godeps/_workspace/src/code.google.com/p/go.net/html/testdata/webkit/tests26.dat
./other_log.txt:Godeps/_workspace/src/code.google.com/p/go.net/html/testdata/webkit/tests2.dat
./other_log.txt:Godeps/_workspace/src/code.google.com/p/go.net/html/testdata/webkit/tests3.dat
./other_log.txt:Godeps/_workspace/src/code.google.com/p/go.net/html/testdata/webkit/tests4.dat
./other_log.txt:Godeps/_workspace/src/code.google.com/p/go.net/html/testdata/webkit/tests5.dat
./other_log.txt:Godeps/_workspace/src/code.google.com/p/go.net/html/testdata/webkit/tests6.dat
./other_log.txt:Godeps/_workspace/src/code.google.com/p/go.net/html/testdata/webkit/tests7.dat
./other_log.txt:Godeps/_workspace/src/code.google.com/p/go.net/html/testdata/webkit/tests8.dat
./other_log.txt:Godeps/_workspace/src/code.google.com/p/go.net/html/testdata/webkit/tests9.dat
./other_log.txt:Godeps/_workspace/src/code.google.com/p/go.net/html/testdata/webkit/tests_innerHTML_1.dat
./other_log.txt:Godeps/_workspace/src/code.google.com/p/go.net/html/testdata/webkit/tricky01.dat
./other_log.txt:Godeps/_workspace/src/code.google.com/p/go.net/html/testdata/webkit/webkit01.dat
./other_log.txt:Godeps/_workspace/src/code.google.com/p/go.net/html/testdata/webkit/webkit02.dat
./other_log.txt:Godeps/_workspace/src/github.com/docker/docker/pkg/archive/testdata/broken.tar
./other_log.txt:Godeps/_workspace/src/github.com/docker/docker/vendor/src/code.google.com/p/go/src/pkg/archive/tar/testdata/gnu.tar
./other_log.txt:Godeps/_workspace/src/github.com/docker/docker/vendor/src/code.google.com/p/go/src/pkg/archive/tar/testdata/nil-uid.tar
./other_log.txt:Godeps/_workspace/src/github.com/docker/docker/vendor/src/code.google.com/p/go/src/pkg/archive/tar/testdata/pax.tar
./other_log.txt:Godeps/_workspace/src/github.com/docker/docker/vendor/src/code.google.com/p/go/src/pkg/archive/tar/testdata/sparse-formats.tar
./other_log.txt:Godeps/_workspace/src/github.com/docker/docker/vendor/src/code.google.com/p/go/src/pkg/archive/tar/testdata/star.tar
./other_log.txt:Godeps/_workspace/src/github.com/docker/docker/vendor/src/code.google.com/p/go/src/pkg/archive/tar/testdata/ustar.tar
./other_log.txt:Godeps/_workspace/src/github.com/docker/docker/vendor/src/code.google.com/p/go/src/pkg/archive/tar/testdata/v7.tar
./other_log.txt:Godeps/_workspace/src/github.com/docker/docker/vendor/src/code.google.com/p/go/src/pkg/archive/tar/testdata/writer-big-long.tar
./other_log.txt:Godeps/_workspace/src/github.com/docker/docker/vendor/src/code.google.com/p/go/src/pkg/archive/tar/testdata/writer-big.tar
./other_log.txt:Godeps/_workspace/src/github.com/docker/docker/vendor/src/code.google.com/p/go/src/pkg/archive/tar/testdata/writer.tar
./other_log.txt:Godeps/_workspace/src/github.com/docker/docker/vendor/src/code.google.com/p/go/src/pkg/archive/tar/testdata/xattrs.tar
./other_log.txt:Godeps/_workspace/src/golang.org/x/net/html/testdata/webkit/adoption01.dat
./other_log.txt:Godeps/_workspace/src/golang.org/x/net/html/testdata/webkit/adoption02.dat
./other_log.txt:Godeps/_workspace/src/golang.org/x/net/html/testdata/webkit/comments01.dat
./other_log.txt:Godeps/_workspace/src/golang.org/x/net/html/testdata/webkit/doctype01.dat
./other_log.txt:Godeps/_workspace/src/golang.org/x/net/html/testdata/webkit/entities01.dat
./other_log.txt:Godeps/_workspace/src/golang.org/x/net/html/testdata/webkit/entities02.dat
./other_log.txt:Godeps/_workspace/src/golang.org/x/net/html/testdata/webkit/html5test-com.dat
./other_log.txt:Godeps/_workspace/src/golang.org/x/net/html/testdata/webkit/inbody01.dat
./other_log.txt:Godeps/_workspace/src/golang.org/x/net/html/testdata/webkit/isindex.dat
./other_log.txt:Godeps/_workspace/src/golang.org/x/net/html/testdata/webkit/pending-spec-changes.dat
./other_log.txt:Godeps/_workspace/src/golang.org/x/net/html/testdata/webkit/scriptdata01.dat
./other_log.txt:Godeps/_workspace/src/golang.org/x/net/html/testdata/webkit/scripted/adoption01.dat
./other_log.txt:Godeps/_workspace/src/golang.org/x/net/html/testdata/webkit/scripted/webkit01.dat
./other_log.txt:Godeps/_workspace/src/golang.org/x/net/html/testdata/webkit/tables01.dat
./other_log.txt:Godeps/_workspace/src/golang.org/x/net/html/testdata/webkit/tests10.dat
./other_log.txt:Godeps/_workspace/src/golang.org/x/net/html/testdata/webkit/tests11.dat
./other_log.txt:Godeps/_workspace/src/golang.org/x/net/html/testdata/webkit/tests12.dat
./other_log.txt:Godeps/_workspace/src/golang.org/x/net/html/testdata/webkit/tests14.dat
./other_log.txt:Godeps/_workspace/src/golang.org/x/net/html/testdata/webkit/tests15.dat
./other_log.txt:Godeps/_workspace/src/golang.org/x/net/html/testdata/webkit/tests16.dat
./other_log.txt:Godeps/_workspace/src/golang.org/x/net/html/testdata/webkit/tests17.dat
./other_log.txt:Godeps/_workspace/src/golang.org/x/net/html/testdata/webkit/tests18.dat
./other_log.txt:Godeps/_workspace/src/golang.org/x/net/html/testdata/webkit/tests19.dat
./other_log.txt:Godeps/_workspace/src/golang.org/x/net/html/testdata/webkit/tests1.dat
./other_log.txt:Godeps/_workspace/src/golang.org/x/net/html/testdata/webkit/tests20.dat
./other_log.txt:Godeps/_workspace/src/golang.org/x/net/html/testdata/webkit/tests21.dat
./other_log.txt:Godeps/_workspace/src/golang.org/x/net/html/testdata/webkit/tests22.dat
./other_log.txt:Godeps/_workspace/src/golang.org/x/net/html/testdata/webkit/tests23.dat
./other_log.txt:Godeps/_workspace/src/golang.org/x/net/html/testdata/webkit/tests24.dat
./other_log.txt:Godeps/_workspace/src/golang.org/x/net/html/testdata/webkit/tests25.dat
./other_log.txt:Godeps/_workspace/src/golang.org/x/net/html/testdata/webkit/tests26.dat
./other_log.txt:Godeps/_workspace/src/golang.org/x/net/html/testdata/webkit/tests2.dat
./other_log.txt:Godeps/_workspace/src/golang.org/x/net/html/testdata/webkit/tests3.dat
./other_log.txt:Godeps/_workspace/src/golang.org/x/net/html/testdata/webkit/tests4.dat
./other_log.txt:Godeps/_workspace/src/golang.org/x/net/html/testdata/webkit/tests5.dat
./other_log.txt:Godeps/_workspace/src/golang.org/x/net/html/testdata/webkit/tests6.dat
./other_log.txt:Godeps/_workspace/src/golang.org/x/net/html/testdata/webkit/tests7.dat
./other_log.txt:Godeps/_workspace/src/golang.org/x/net/html/testdata/webkit/tests8.dat
./other_log.txt:Godeps/_workspace/src/golang.org/x/net/html/testdata/webkit/tests9.dat
./other_log.txt:Godeps/_workspace/src/golang.org/x/net/html/testdata/webkit/tests_innerHTML_1.dat
./other_log.txt:Godeps/_workspace/src/golang.org/x/net/html/testdata/webkit/tricky01.dat
./other_log.txt:Godeps/_workspace/src/golang.org/x/net/html/testdata/webkit/webkit01.dat
./other_log.txt:Godeps/_workspace/src/golang.org/x/net/html/testdata/webkit/webkit02.dat
./other_log.txt:third_party/src/code.google.com/p/go.net/html/testdata/webkit/adoption01.dat
./other_log.txt:third_party/src/code.google.com/p/go.net/html/testdata/webkit/adoption02.dat
./other_log.txt:third_party/src/code.google.com/p/go.net/html/testdata/webkit/comments01.dat
./other_log.txt:third_party/src/code.google.com/p/go.net/html/testdata/webkit/doctype01.dat
./other_log.txt:third_party/src/code.google.com/p/go.net/html/testdata/webkit/entities01.dat
./other_log.txt:third_party/src/code.google.com/p/go.net/html/testdata/webkit/entities02.dat
./other_log.txt:third_party/src/code.google.com/p/go.net/html/testdata/webkit/html5test-com.dat
./other_log.txt:third_party/src/code.google.com/p/go.net/html/testdata/webkit/inbody01.dat
./other_log.txt:third_party/src/code.google.com/p/go.net/html/testdata/webkit/isindex.dat
./other_log.txt:third_party/src/code.google.com/p/go.net/html/testdata/webkit/pending-spec-changes.dat
./other_log.txt:third_party/src/code.google.com/p/go.net/html/testdata/webkit/pending-spec-changes-plain-text-unsafe.dat
./other_log.txt:third_party/src/code.google.com/p/go.net/html/testdata/webkit/plain-text-unsafe.dat
./other_log.txt:third_party/src/code.google.com/p/go.net/html/testdata/webkit/scriptdata01.dat
./other_log.txt:third_party/src/code.google.com/p/go.net/html/testdata/webkit/scripted/adoption01.dat
./other_log.txt:third_party/src/code.google.com/p/go.net/html/testdata/webkit/scripted/webkit01.dat
./other_log.txt:third_party/src/code.google.com/p/go.net/html/testdata/webkit/tables01.dat
./other_log.txt:third_party/src/code.google.com/p/go.net/html/testdata/webkit/tests10.dat
./other_log.txt:third_party/src/code.google.com/p/go.net/html/testdata/webkit/tests11.dat
./other_log.txt:third_party/src/code.google.com/p/go.net/html/testdata/webkit/tests12.dat
./other_log.txt:third_party/src/code.google.com/p/go.net/html/testdata/webkit/tests14.dat
./other_log.txt:third_party/src/code.google.com/p/go.net/html/testdata/webkit/tests15.dat
./other_log.txt:third_party/src/code.google.com/p/go.net/html/testdata/webkit/tests16.dat
./other_log.txt:third_party/src/code.google.com/p/go.net/html/testdata/webkit/tests17.dat
./other_log.txt:third_party/src/code.google.com/p/go.net/html/testdata/webkit/tests18.dat
./other_log.txt:third_party/src/code.google.com/p/go.net/html/testdata/webkit/tests19.dat
./other_log.txt:third_party/src/code.google.com/p/go.net/html/testdata/webkit/tests1.dat
./other_log.txt:third_party/src/code.google.com/p/go.net/html/testdata/webkit/tests20.dat
./other_log.txt:third_party/src/code.google.com/p/go.net/html/testdata/webkit/tests21.dat
./other_log.txt:third_party/src/code.google.com/p/go.net/html/testdata/webkit/tests22.dat
./other_log.txt:third_party/src/code.google.com/p/go.net/html/testdata/webkit/tests23.dat
./other_log.txt:third_party/src/code.google.com/p/go.net/html/testdata/webkit/tests24.dat
./other_log.txt:third_party/src/code.google.com/p/go.net/html/testdata/webkit/tests25.dat
./other_log.txt:third_party/src/code.google.com/p/go.net/html/testdata/webkit/tests26.dat
./other_log.txt:third_party/src/code.google.com/p/go.net/html/testdata/webkit/tests2.dat
./other_log.txt:third_party/src/code.google.com/p/go.net/html/testdata/webkit/tests3.dat
./other_log.txt:third_party/src/code.google.com/p/go.net/html/testdata/webkit/tests4.dat
./other_log.txt:third_party/src/code.google.com/p/go.net/html/testdata/webkit/tests5.dat
./other_log.txt:third_party/src/code.google.com/p/go.net/html/testdata/webkit/tests6.dat
./other_log.txt:third_party/src/code.google.com/p/go.net/html/testdata/webkit/tests7.dat
./other_log.txt:third_party/src/code.google.com/p/go.net/html/testdata/webkit/tests8.dat
./other_log.txt:third_party/src/code.google.com/p/go.net/html/testdata/webkit/tests9.dat
./other_log.txt:third_party/src/code.google.com/p/go.net/html/testdata/webkit/tests_innerHTML_1.dat
./other_log.txt:third_party/src/code.google.com/p/go.net/html/testdata/webkit/tricky01.dat
./other_log.txt:third_party/src/code.google.com/p/go.net/html/testdata/webkit/webkit01.dat
./other_log.txt:third_party/src/code.google.com/p/go.net/html/testdata/webkit/webkit02.dat
./other_log.txt:third_party/src/code.google.com/p/google-api-go-client/google-api-go-generator/testdata/arrayofarray-1.want
./other_log.txt:third_party/src/code.google.com/p/google-api-go-client/google-api-go-generator/testdata/arrayofmapofstrings.want
./other_log.txt:third_party/src/code.google.com/p/google-api-go-client/google-api-go-generator/testdata/blogger-3.want
./other_log.txt:third_party/src/code.google.com/p/google-api-go-client/google-api-go-generator/testdata/getwithoutbody.want
./other_log.txt:third_party/src/code.google.com/p/google-api-go-client/google-api-go-generator/testdata/mapofstrings-1.want
./other_log.txt:third_party/src/code.google.com/p/google-api-go-client/google-api-go-generator/testdata/quotednum.want
./other_log.txt:third_party/src/code.google.com/p/google-api-go-client/google-api-go-generator/testdata/resource-named-service.want
./other_log.txt:Godeps/_workspace/src/github.com/prometheus/client_golang/text/testdata/protobuf.gz
./other_log.txt:Godeps/_workspace/src/github.com/prometheus/client_golang/text/testdata/text.gz
./other_log.txt:pkg/client/testdata/myCA.key
./other_log.txt:pkg/client/testdata/mycertvalid.key
./operations-debs-kubernetes/build.txt:Godeps/_workspace/src/code.google.com/p/goprotobuf/proto/testdata/Makefile
./operations-debs-kubernetes/build.txt:Godeps/_workspace/src/github.com/gogo/protobuf/proto/testdata/Makefile
./operations-debs-kubernetes/build.txt:Godeps/_workspace/src/github.com/golang/protobuf/proto/testdata/Makefile
./operations-debs-kubernetes/test.txt:Godeps/_workspace/src/golang.org/x/crypto/ssh/test/testdata_test.go
./operations-debs-kubernetes/test.txt:Godeps/_workspace/src/bitbucket.org/bertimus9/systemstat/testdata/loadavg
./operations-debs-kubernetes/test.txt:Godeps/_workspace/src/bitbucket.org/bertimus9/systemstat/testdata/meminfo
./operations-debs-kubernetes/test.txt:Godeps/_workspace/src/bitbucket.org/bertimus9/systemstat/testdata/procstat0
./operations-debs-kubernetes/test.txt:Godeps/_workspace/src/bitbucket.org/bertimus9/systemstat/testdata/procstat1
./operations-debs-kubernetes/test.txt:Godeps/_workspace/src/bitbucket.org/bertimus9/systemstat/testdata/procstat2
./operations-debs-kubernetes/test.txt:Godeps/_workspace/src/bitbucket.org/bertimus9/systemstat/testdata/procstat3
./operations-debs-kubernetes/test.txt:Godeps/_workspace/src/bitbucket.org/bertimus9/systemstat/testdata/procstat5
./operations-debs-kubernetes/test.txt:Godeps/_workspace/src/bitbucket.org/bertimus9/systemstat/testdata/procstat6
./operations-debs-kubernetes/test.txt:Godeps/_workspace/src/bitbucket.org/bertimus9/systemstat/testdata/stat
./operations-debs-kubernetes/test.txt:Godeps/_workspace/src/bitbucket.org/bertimus9/systemstat/testdata/stat2
./operations-debs-kubernetes/test.txt:Godeps/_workspace/src/bitbucket.org/bertimus9/systemstat/testdata/stat3
./operations-debs-kubernetes/test.txt:Godeps/_workspace/src/bitbucket.org/bertimus9/systemstat/testdata/stat4
./operations-debs-kubernetes/test.txt:Godeps/_workspace/src/bitbucket.org/bertimus9/systemstat/testdata/stat5
./operations-debs-kubernetes/test.txt:Godeps/_workspace/src/bitbucket.org/bertimus9/systemstat/testdata/stat6
./operations-debs-kubernetes/test.txt:Godeps/_workspace/src/bitbucket.org/bertimus9/systemstat/testdata/stat7
./operations-debs-kubernetes/test.txt:Godeps/_workspace/src/bitbucket.org/bertimus9/systemstat/testdata/uptime
./operations-debs-kubernetes/test.txt:Godeps/_workspace/src/code.google.com/p/gcfg/testdata/gcfg_test.gcfg
./operations-debs-kubernetes/test.txt:Godeps/_workspace/src/code.google.com/p/gcfg/testdata/gcfg_unicode_test.gcfg
./operations-debs-kubernetes/test.txt:Godeps/_workspace/src/code.google.com/p/goprotobuf/proto/testdata/golden_test.go
./operations-debs-kubernetes/test.txt:Godeps/_workspace/src/code.google.com/p/goprotobuf/proto/testdata/test.pb.go
./operations-debs-kubernetes/test.txt:Godeps/_workspace/src/code.google.com/p/goprotobuf/proto/testdata/test.proto
./operations-debs-kubernetes/test.txt:Godeps/_workspace/src/github.com/cznic/ql/testdata.ql
./operations-debs-kubernetes/test.txt:Godeps/_workspace/src/github.com/davecgh/go-spew/spew/testdata/dumpcgo.go
./operations-debs-kubernetes/test.txt:Godeps/_workspace/src/github.com/gogo/protobuf/proto/testdata/golden_test.go
./operations-debs-kubernetes/test.txt:Godeps/_workspace/src/github.com/gogo/protobuf/proto/testdata/test.pb.go
./operations-debs-kubernetes/test.txt:Godeps/_workspace/src/github.com/gogo/protobuf/proto/testdata/test.pb.go.golden
./operations-debs-kubernetes/test.txt:Godeps/_workspace/src/github.com/gogo/protobuf/proto/testdata/test.proto
./operations-debs-kubernetes/test.txt:Godeps/_workspace/src/github.com/golang/protobuf/proto/testdata/golden_test.go
./operations-debs-kubernetes/test.txt:Godeps/_workspace/src/github.com/golang/protobuf/proto/testdata/test.pb.go
./operations-debs-kubernetes/test.txt:Godeps/_workspace/src/github.com/golang/protobuf/proto/testdata/test.proto
./operations-debs-kubernetes/test.txt:Godeps/_workspace/src/github.com/google/cadvisor/manager/testdata/cpuinfo
./operations-debs-kubernetes/test.txt:Godeps/_workspace/src/github.com/google/cadvisor/metrics/testdata/prometheus_metrics
./operations-debs-kubernetes/test.txt:Godeps/_workspace/src/github.com/google/cadvisor/utils/machine/testdata/cpuinfo
./operations-debs-kubernetes/test.txt:Godeps/_workspace/src/github.com/prometheus/client_golang/text/testdata/protobuf
./operations-debs-kubernetes/test.txt:Godeps/_workspace/src/github.com/prometheus/client_golang/text/testdata/text
./operations-debs-kubernetes/test.txt:Godeps/_workspace/src/golang.org/x/crypto/ssh/agent/testdata_test.go
./operations-debs-kubernetes/test.txt:Godeps/_workspace/src/golang.org/x/crypto/ssh/testdata/doc.go
./operations-debs-kubernetes/test.txt:Godeps/_workspace/src/golang.org/x/crypto/ssh/testdata/keys.go
./operations-debs-kubernetes/test.txt:Godeps/_workspace/src/golang.org/x/crypto/ssh/testdata_test.go
./operations-debs-kubernetes/test.txt:Godeps/_workspace/src/golang.org/x/oauth2/google/testdata/gcloud/credentials
./operations-debs-kubernetes/test.txt:Godeps/_workspace/src/golang.org/x/oauth2/google/testdata/gcloud/properties
./operations-debs-kubernetes/test.txt:pkg/client/testdata/myCA.cer
./operations-debs-kubernetes/test.txt:pkg/client/testdata/mycertvalid.cer
./operations-debs-kubernetes/test.txt:pkg/client/testdata/mycertvalid.req
./operations-debs-kubernetes/test.txt:Godeps/_workspace/src/code.google.com/p/go.net/html/charset/testdata/HTTP-charset.html
./operations-debs-kubernetes/test.txt:Godeps/_workspace/src/code.google.com/p/go.net/html/charset/testdata/HTTP-vs-meta-charset.html
./operations-debs-kubernetes/test.txt:Godeps/_workspace/src/code.google.com/p/go.net/html/charset/testdata/HTTP-vs-meta-content.html
./operations-debs-kubernetes/test.txt:Godeps/_workspace/src/code.google.com/p/go.net/html/charset/testdata/HTTP-vs-UTF-8-BOM.html
./operations-debs-kubernetes/test.txt:Godeps/_workspace/src/code.google.com/p/go.net/html/charset/testdata/meta-charset-attribute.html
./operations-debs-kubernetes/test.txt:Godeps/_workspace/src/code.google.com/p/go.net/html/charset/testdata/meta-content-attribute.html
./operations-debs-kubernetes/test.txt:Godeps/_workspace/src/code.google.com/p/go.net/html/charset/testdata/No-encoding-declaration.html
./operations-debs-kubernetes/test.txt:Godeps/_workspace/src/code.google.com/p/go.net/html/charset/testdata/UTF-8-BOM-vs-meta-charset.html
./operations-debs-kubernetes/test.txt:Godeps/_workspace/src/code.google.com/p/go.net/html/charset/testdata/UTF-8-BOM-vs-meta-content.html
./operations-debs-kubernetes/test.txt:Godeps/_workspace/src/code.google.com/p/go.net/html/testdata/go1.html
./operations-debs-kubernetes/test.txt:Godeps/_workspace/src/golang.org/x/net/html/charset/testdata/HTTP-charset.html
./operations-debs-kubernetes/test.txt:Godeps/_workspace/src/golang.org/x/net/html/charset/testdata/HTTP-vs-meta-charset.html
./operations-debs-kubernetes/test.txt:Godeps/_workspace/src/golang.org/x/net/html/charset/testdata/HTTP-vs-meta-content.html
./operations-debs-kubernetes/test.txt:Godeps/_workspace/src/golang.org/x/net/html/charset/testdata/HTTP-vs-UTF-8-BOM.html
./operations-debs-kubernetes/test.txt:Godeps/_workspace/src/golang.org/x/net/html/charset/testdata/meta-charset-attribute.html
./operations-debs-kubernetes/test.txt:Godeps/_workspace/src/golang.org/x/net/html/charset/testdata/meta-content-attribute.html
./operations-debs-kubernetes/test.txt:Godeps/_workspace/src/golang.org/x/net/html/charset/testdata/No-encoding-declaration.html
./operations-debs-kubernetes/test.txt:Godeps/_workspace/src/golang.org/x/net/html/charset/testdata/UTF-8-BOM-vs-meta-charset.html
./operations-debs-kubernetes/test.txt:Godeps/_workspace/src/golang.org/x/net/html/charset/testdata/UTF-8-BOM-vs-meta-content.html
./operations-debs-kubernetes/test.txt:Godeps/_workspace/src/golang.org/x/net/html/testdata/go1.html
./operations-debs-kubernetes/test.txt:third_party/src/code.google.com/p/go.net/html/charset/testdata/HTTP-charset.html
./operations-debs-kubernetes/test.txt:third_party/src/code.google.com/p/go.net/html/charset/testdata/HTTP-vs-meta-charset.html
./operations-debs-kubernetes/test.txt:third_party/src/code.google.com/p/go.net/html/charset/testdata/HTTP-vs-meta-content.html
./operations-debs-kubernetes/test.txt:third_party/src/code.google.com/p/go.net/html/charset/testdata/HTTP-vs-UTF-8-BOM.html
./operations-debs-kubernetes/test.txt:third_party/src/code.google.com/p/go.net/html/charset/testdata/meta-charset-attribute.html
./operations-debs-kubernetes/test.txt:third_party/src/code.google.com/p/go.net/html/charset/testdata/meta-content-attribute.html
./operations-debs-kubernetes/test.txt:third_party/src/code.google.com/p/go.net/html/charset/testdata/No-encoding-declaration.html
./operations-debs-kubernetes/test.txt:third_party/src/code.google.com/p/go.net/html/charset/testdata/UTF-16BE-BOM.html
./operations-debs-kubernetes/test.txt:third_party/src/code.google.com/p/go.net/html/charset/testdata/UTF-16LE-BOM.html
./operations-debs-kubernetes/test.txt:third_party/src/code.google.com/p/go.net/html/charset/testdata/UTF-8-BOM-vs-meta-charset.html
./operations-debs-kubernetes/test.txt:third_party/src/code.google.com/p/go.net/html/charset/testdata/UTF-8-BOM-vs-meta-content.html
./operations-debs-kubernetes/test.txt:third_party/src/code.google.com/p/go.net/html/testdata/go1.html
./operations-debs-kubernetes/test.txt_backup:Godeps/_workspace/src/golang.org/x/crypto/ssh/test/testdata_test.go
./operations-debs-kubernetes/test.txt_backup:Godeps/_workspace/src/bitbucket.org/bertimus9/systemstat/testdata/loadavg
./operations-debs-kubernetes/test.txt_backup:Godeps/_workspace/src/bitbucket.org/bertimus9/systemstat/testdata/meminfo
./operations-debs-kubernetes/test.txt_backup:Godeps/_workspace/src/bitbucket.org/bertimus9/systemstat/testdata/procstat0
./operations-debs-kubernetes/test.txt_backup:Godeps/_workspace/src/bitbucket.org/bertimus9/systemstat/testdata/procstat1
./operations-debs-kubernetes/test.txt_backup:Godeps/_workspace/src/bitbucket.org/bertimus9/systemstat/testdata/procstat2
./operations-debs-kubernetes/test.txt_backup:Godeps/_workspace/src/bitbucket.org/bertimus9/systemstat/testdata/procstat3
./operations-debs-kubernetes/test.txt_backup:Godeps/_workspace/src/bitbucket.org/bertimus9/systemstat/testdata/procstat5
./operations-debs-kubernetes/test.txt_backup:Godeps/_workspace/src/bitbucket.org/bertimus9/systemstat/testdata/procstat6
./operations-debs-kubernetes/test.txt_backup:Godeps/_workspace/src/bitbucket.org/bertimus9/systemstat/testdata/stat
./operations-debs-kubernetes/test.txt_backup:Godeps/_workspace/src/bitbucket.org/bertimus9/systemstat/testdata/stat2
./operations-debs-kubernetes/test.txt_backup:Godeps/_workspace/src/bitbucket.org/bertimus9/systemstat/testdata/stat3
./operations-debs-kubernetes/test.txt_backup:Godeps/_workspace/src/bitbucket.org/bertimus9/systemstat/testdata/stat4
./operations-debs-kubernetes/test.txt_backup:Godeps/_workspace/src/bitbucket.org/bertimus9/systemstat/testdata/stat5
./operations-debs-kubernetes/test.txt_backup:Godeps/_workspace/src/bitbucket.org/bertimus9/systemstat/testdata/stat6
./operations-debs-kubernetes/test.txt_backup:Godeps/_workspace/src/bitbucket.org/bertimus9/systemstat/testdata/stat7
./operations-debs-kubernetes/test.txt_backup:Godeps/_workspace/src/bitbucket.org/bertimus9/systemstat/testdata/uptime
./operations-debs-kubernetes/test.txt_backup:Godeps/_workspace/src/code.google.com/p/gcfg/testdata/gcfg_test.gcfg
./operations-debs-kubernetes/test.txt_backup:Godeps/_workspace/src/code.google.com/p/gcfg/testdata/gcfg_unicode_test.gcfg
./operations-debs-kubernetes/test.txt_backup:Godeps/_workspace/src/code.google.com/p/goprotobuf/proto/testdata/golden_test.go
./operations-debs-kubernetes/test.txt_backup:Godeps/_workspace/src/code.google.com/p/goprotobuf/proto/testdata/test.pb.go
./operations-debs-kubernetes/test.txt_backup:Godeps/_workspace/src/code.google.com/p/goprotobuf/proto/testdata/test.proto
./operations-debs-kubernetes/test.txt_backup:Godeps/_workspace/src/github.com/cznic/ql/testdata.ql
./operations-debs-kubernetes/test.txt_backup:Godeps/_workspace/src/github.com/davecgh/go-spew/spew/testdata/dumpcgo.go
./operations-debs-kubernetes/test.txt_backup:Godeps/_workspace/src/github.com/gogo/protobuf/proto/testdata/golden_test.go
./operations-debs-kubernetes/test.txt_backup:Godeps/_workspace/src/github.com/gogo/protobuf/proto/testdata/test.pb.go
./operations-debs-kubernetes/test.txt_backup:Godeps/_workspace/src/github.com/gogo/protobuf/proto/testdata/test.pb.go.golden
./operations-debs-kubernetes/test.txt_backup:Godeps/_workspace/src/github.com/gogo/protobuf/proto/testdata/test.proto
./operations-debs-kubernetes/test.txt_backup:Godeps/_workspace/src/github.com/golang/protobuf/proto/testdata/golden_test.go
./operations-debs-kubernetes/test.txt_backup:Godeps/_workspace/src/github.com/golang/protobuf/proto/testdata/test.pb.go
./operations-debs-kubernetes/test.txt_backup:Godeps/_workspace/src/github.com/golang/protobuf/proto/testdata/test.proto
./operations-debs-kubernetes/test.txt_backup:Godeps/_workspace/src/github.com/google/cadvisor/manager/testdata/cpuinfo
./operations-debs-kubernetes/test.txt_backup:Godeps/_workspace/src/github.com/google/cadvisor/metrics/testdata/prometheus_metrics
./operations-debs-kubernetes/test.txt_backup:Godeps/_workspace/src/github.com/google/cadvisor/utils/machine/testdata/cpuinfo
./operations-debs-kubernetes/test.txt_backup:Godeps/_workspace/src/github.com/prometheus/client_golang/text/testdata/protobuf
./operations-debs-kubernetes/test.txt_backup:Godeps/_workspace/src/github.com/prometheus/client_golang/text/testdata/text
./operations-debs-kubernetes/test.txt_backup:Godeps/_workspace/src/golang.org/x/crypto/ssh/agent/testdata_test.go
./operations-debs-kubernetes/test.txt_backup:Godeps/_workspace/src/golang.org/x/crypto/ssh/testdata/doc.go
./operations-debs-kubernetes/test.txt_backup:Godeps/_workspace/src/golang.org/x/crypto/ssh/testdata/keys.go
./operations-debs-kubernetes/test.txt_backup:Godeps/_workspace/src/golang.org/x/crypto/ssh/testdata_test.go
./operations-debs-kubernetes/test.txt_backup:Godeps/_workspace/src/golang.org/x/oauth2/google/testdata/gcloud/credentials
./operations-debs-kubernetes/test.txt_backup:Godeps/_workspace/src/golang.org/x/oauth2/google/testdata/gcloud/properties
./operations-debs-kubernetes/test.txt_backup:pkg/client/testdata/myCA.cer
./operations-debs-kubernetes/test.txt_backup:pkg/client/testdata/myCA.key
./operations-debs-kubernetes/test.txt_backup:pkg/client/testdata/mycertvalid.cer
./operations-debs-kubernetes/test.txt_backup:pkg/client/testdata/mycertvalid.key
./operations-debs-kubernetes/test.txt_backup:pkg/client/testdata/mycertvalid.req
./operations-debs-kubernetes/test.txt_backup:Godeps/_workspace/src/code.google.com/p/go.net/html/charset/testdata/HTTP-charset.html
./operations-debs-kubernetes/test.txt_backup:Godeps/_workspace/src/code.google.com/p/go.net/html/charset/testdata/HTTP-vs-meta-charset.html
./operations-debs-kubernetes/test.txt_backup:Godeps/_workspace/src/code.google.com/p/go.net/html/charset/testdata/HTTP-vs-meta-content.html
./operations-debs-kubernetes/test.txt_backup:Godeps/_workspace/src/code.google.com/p/go.net/html/charset/testdata/HTTP-vs-UTF-8-BOM.html
./operations-debs-kubernetes/test.txt_backup:Godeps/_workspace/src/code.google.com/p/go.net/html/charset/testdata/meta-charset-attribute.html
./operations-debs-kubernetes/test.txt_backup:Godeps/_workspace/src/code.google.com/p/go.net/html/charset/testdata/meta-content-attribute.html
./operations-debs-kubernetes/test.txt_backup:Godeps/_workspace/src/code.google.com/p/go.net/html/charset/testdata/No-encoding-declaration.html
./operations-debs-kubernetes/test.txt_backup:Godeps/_workspace/src/code.google.com/p/go.net/html/charset/testdata/UTF-8-BOM-vs-meta-charset.html
./operations-debs-kubernetes/test.txt_backup:Godeps/_workspace/src/code.google.com/p/go.net/html/charset/testdata/UTF-8-BOM-vs-meta-content.html
./operations-debs-kubernetes/test.txt_backup:Godeps/_workspace/src/code.google.com/p/go.net/html/testdata/go1.html
./operations-debs-kubernetes/test.txt_backup:Godeps/_workspace/src/golang.org/x/net/html/charset/testdata/HTTP-charset.html
./operations-debs-kubernetes/test.txt_backup:Godeps/_workspace/src/golang.org/x/net/html/charset/testdata/HTTP-vs-meta-charset.html
./operations-debs-kubernetes/test.txt_backup:Godeps/_workspace/src/golang.org/x/net/html/charset/testdata/HTTP-vs-meta-content.html
./operations-debs-kubernetes/test.txt_backup:Godeps/_workspace/src/golang.org/x/net/html/charset/testdata/HTTP-vs-UTF-8-BOM.html
./operations-debs-kubernetes/test.txt_backup:Godeps/_workspace/src/golang.org/x/net/html/charset/testdata/meta-charset-attribute.html
./operations-debs-kubernetes/test.txt_backup:Godeps/_workspace/src/golang.org/x/net/html/charset/testdata/meta-content-attribute.html
./operations-debs-kubernetes/test.txt_backup:Godeps/_workspace/src/golang.org/x/net/html/charset/testdata/No-encoding-declaration.html
./operations-debs-kubernetes/test.txt_backup:Godeps/_workspace/src/golang.org/x/net/html/charset/testdata/UTF-8-BOM-vs-meta-charset.html
./operations-debs-kubernetes/test.txt_backup:Godeps/_workspace/src/golang.org/x/net/html/charset/testdata/UTF-8-BOM-vs-meta-content.html
./operations-debs-kubernetes/test.txt_backup:Godeps/_workspace/src/golang.org/x/net/html/testdata/go1.html
./operations-debs-kubernetes/test.txt_backup:third_party/src/code.google.com/p/go.net/html/charset/testdata/HTTP-charset.html
./operations-debs-kubernetes/test.txt_backup:third_party/src/code.google.com/p/go.net/html/charset/testdata/HTTP-vs-meta-charset.html
./operations-debs-kubernetes/test.txt_backup:third_party/src/code.google.com/p/go.net/html/charset/testdata/HTTP-vs-meta-content.html
./operations-debs-kubernetes/test.txt_backup:third_party/src/code.google.com/p/go.net/html/charset/testdata/HTTP-vs-UTF-8-BOM.html
./operations-debs-kubernetes/test.txt_backup:third_party/src/code.google.com/p/go.net/html/charset/testdata/meta-charset-attribute.html
./operations-debs-kubernetes/test.txt_backup:third_party/src/code.google.com/p/go.net/html/charset/testdata/meta-content-attribute.html
./operations-debs-kubernetes/test.txt_backup:third_party/src/code.google.com/p/go.net/html/charset/testdata/No-encoding-declaration.html
./operations-debs-kubernetes/test.txt_backup:third_party/src/code.google.com/p/go.net/html/charset/testdata/UTF-16BE-BOM.html
./operations-debs-kubernetes/test.txt_backup:third_party/src/code.google.com/p/go.net/html/charset/testdata/UTF-16LE-BOM.html
./operations-debs-kubernetes/test.txt_backup:third_party/src/code.google.com/p/go.net/html/charset/testdata/UTF-8-BOM-vs-meta-charset.html
./operations-debs-kubernetes/test.txt_backup:third_party/src/code.google.com/p/go.net/html/charset/testdata/UTF-8-BOM-vs-meta-content.html
./operations-debs-kubernetes/test.txt_backup:third_party/src/code.google.com/p/go.net/html/testdata/go1.html
./operations-debs-kubernetes/other.txt:cmd/mungedocs/testdata/pod.yaml
./operations-debs-kubernetes/other.txt:pkg/api/validation/testdata/v1beta1/invalidPod.yaml
./operations-debs-kubernetes/other.txt:pkg/api/validation/testdata/v1beta1/validPod.yaml
./operations-debs-kubernetes/other.txt:pkg/api/validation/testdata/v1beta3/invalidPod.yaml
./operations-debs-kubernetes/other.txt:pkg/api/validation/testdata/v1beta3/validPod.yaml
./operations-debs-kubernetes/other.txt:pkg/api/validation/testdata/v1/invalidPod.yaml
./operations-debs-kubernetes/other.txt:pkg/api/validation/testdata/v1/validPod.yaml
./operations-debs-kubernetes/other.txt:pkg/api/validation/testdata/v1beta1/invalidPod1.json
./operations-debs-kubernetes/other.txt:pkg/api/validation/testdata/v1beta1/invalidPod2.json
./operations-debs-kubernetes/other.txt:pkg/api/validation/testdata/v1beta1/invalidPod3.json
./operations-debs-kubernetes/other.txt:pkg/api/validation/testdata/v1beta3/invalidPod1.json
./operations-debs-kubernetes/other.txt:pkg/api/validation/testdata/v1beta3/invalidPod2.json
./operations-debs-kubernetes/other.txt:pkg/api/validation/testdata/v1beta3/invalidPod3.json
./operations-debs-kubernetes/other.txt:pkg/api/validation/testdata/v1/invalidPod1.json
./operations-debs-kubernetes/other.txt:pkg/api/validation/testdata/v1/invalidPod2.json
./operations-debs-kubernetes/other.txt:pkg/api/validation/testdata/v1/invalidPod3.json
./operations-debs-kubernetes/other.txt:third_party/src/code.google.com/p/google-api-go-client/google-api-go-generator/testdata/arrayofarray-1.json
./operations-debs-kubernetes/other.txt:third_party/src/code.google.com/p/google-api-go-client/google-api-go-generator/testdata/arrayofmapofstrings.json
./operations-debs-kubernetes/other.txt:third_party/src/code.google.com/p/google-api-go-client/google-api-go-generator/testdata/blogger-3.json
./operations-debs-kubernetes/other.txt:third_party/src/code.google.com/p/google-api-go-client/google-api-go-generator/testdata/getwithoutbody.json
./operations-debs-kubernetes/other.txt:third_party/src/code.google.com/p/google-api-go-client/google-api-go-generator/testdata/mapofstrings-1.json
./operations-debs-kubernetes/other.txt:third_party/src/code.google.com/p/google-api-go-client/google-api-go-generator/testdata/quotednum.json
./operations-debs-kubernetes/other.txt:third_party/src/code.google.com/p/google-api-go-client/google-api-go-generator/testdata/resource-named-service.json
./operations-debs-kubernetes/other.txt:Godeps/_workspace/src/github.com/imdario/mergo/testdata/license.yml
./operations-debs-kubernetes/other.txt:Godeps/_workspace/src/github.com/imdario/mergo/testdata/thing.yml
./operations-debs-kubernetes/other.txt:third_party/src/code.google.com/p/google-api-go-client/.hg/store/data/google-api-go-generator/testdata/arrayofarray-1.json.i
./operations-debs-kubernetes/other.txt:third_party/src/code.google.com/p/google-api-go-client/.hg/store/data/google-api-go-generator/testdata/arrayofarray-1.want.i
./operations-debs-kubernetes/other.txt:third_party/src/code.google.com/p/google-api-go-client/.hg/store/data/google-api-go-generator/testdata/arrayofmapofstrings.json.i
./operations-debs-kubernetes/other.txt:third_party/src/code.google.com/p/google-api-go-client/.hg/store/data/google-api-go-generator/testdata/arrayofmapofstrings.want.i
./operations-debs-kubernetes/other.txt:third_party/src/code.google.com/p/google-api-go-client/.hg/store/data/google-api-go-generator/testdata/blogger-3.json.i
./operations-debs-kubernetes/other.txt:third_party/src/code.google.com/p/google-api-go-client/.hg/store/data/google-api-go-generator/testdata/blogger-3.want.i
./operations-debs-kubernetes/other.txt:third_party/src/code.google.com/p/google-api-go-client/.hg/store/data/google-api-go-generator/testdata/getwithoutbody.json.i
./operations-debs-kubernetes/other.txt:third_party/src/code.google.com/p/google-api-go-client/.hg/store/data/google-api-go-generator/testdata/getwithoutbody.want.i
./operations-debs-kubernetes/other.txt:third_party/src/code.google.com/p/google-api-go-client/.hg/store/data/google-api-go-generator/testdata/mapofstrings-1.json.i
./operations-debs-kubernetes/other.txt:third_party/src/code.google.com/p/google-api-go-client/.hg/store/data/google-api-go-generator/testdata/mapofstrings-1.want.i
./operations-debs-kubernetes/other.txt:third_party/src/code.google.com/p/google-api-go-client/.hg/store/data/google-api-go-generator/testdata/quotednum.json.i
./operations-debs-kubernetes/other.txt:third_party/src/code.google.com/p/google-api-go-client/.hg/store/data/google-api-go-generator/testdata/quotednum.want.i
./operations-debs-kubernetes/other.txt:third_party/src/code.google.com/p/google-api-go-client/.hg/store/data/google-api-go-generator/testdata/resource-named-service.json.i
./operations-debs-kubernetes/other.txt:third_party/src/code.google.com/p/google-api-go-client/.hg/store/data/google-api-go-generator/testdata/resource-named-service.want.i
./operations-debs-kubernetes/other.txt:Godeps/_workspace/src/code.google.com/p/go.net/html/testdata/webkit/adoption01.dat
./operations-debs-kubernetes/other.txt:Godeps/_workspace/src/code.google.com/p/go.net/html/testdata/webkit/adoption02.dat
./operations-debs-kubernetes/other.txt:Godeps/_workspace/src/code.google.com/p/go.net/html/testdata/webkit/comments01.dat
./operations-debs-kubernetes/other.txt:Godeps/_workspace/src/code.google.com/p/go.net/html/testdata/webkit/doctype01.dat
./operations-debs-kubernetes/other.txt:Godeps/_workspace/src/code.google.com/p/go.net/html/testdata/webkit/entities01.dat
./operations-debs-kubernetes/other.txt:Godeps/_workspace/src/code.google.com/p/go.net/html/testdata/webkit/entities02.dat
./operations-debs-kubernetes/other.txt:Godeps/_workspace/src/code.google.com/p/go.net/html/testdata/webkit/html5test-com.dat
./operations-debs-kubernetes/other.txt:Godeps/_workspace/src/code.google.com/p/go.net/html/testdata/webkit/inbody01.dat
./operations-debs-kubernetes/other.txt:Godeps/_workspace/src/code.google.com/p/go.net/html/testdata/webkit/isindex.dat
./operations-debs-kubernetes/other.txt:Godeps/_workspace/src/code.google.com/p/go.net/html/testdata/webkit/pending-spec-changes.dat
./operations-debs-kubernetes/other.txt:Godeps/_workspace/src/code.google.com/p/go.net/html/testdata/webkit/scriptdata01.dat
./operations-debs-kubernetes/other.txt:Godeps/_workspace/src/code.google.com/p/go.net/html/testdata/webkit/scripted/adoption01.dat
./operations-debs-kubernetes/other.txt:Godeps/_workspace/src/code.google.com/p/go.net/html/testdata/webkit/scripted/webkit01.dat
./operations-debs-kubernetes/other.txt:Godeps/_workspace/src/code.google.com/p/go.net/html/testdata/webkit/tables01.dat
./operations-debs-kubernetes/other.txt:Godeps/_workspace/src/code.google.com/p/go.net/html/testdata/webkit/tests10.dat
./operations-debs-kubernetes/other.txt:Godeps/_workspace/src/code.google.com/p/go.net/html/testdata/webkit/tests11.dat
./operations-debs-kubernetes/other.txt:Godeps/_workspace/src/code.google.com/p/go.net/html/testdata/webkit/tests12.dat
./operations-debs-kubernetes/other.txt:Godeps/_workspace/src/code.google.com/p/go.net/html/testdata/webkit/tests14.dat
./operations-debs-kubernetes/other.txt:Godeps/_workspace/src/code.google.com/p/go.net/html/testdata/webkit/tests15.dat
./operations-debs-kubernetes/other.txt:Godeps/_workspace/src/code.google.com/p/go.net/html/testdata/webkit/tests16.dat
./operations-debs-kubernetes/other.txt:Godeps/_workspace/src/code.google.com/p/go.net/html/testdata/webkit/tests17.dat
./operations-debs-kubernetes/other.txt:Godeps/_workspace/src/code.google.com/p/go.net/html/testdata/webkit/tests18.dat
./operations-debs-kubernetes/other.txt:Godeps/_workspace/src/code.google.com/p/go.net/html/testdata/webkit/tests19.dat
./operations-debs-kubernetes/other.txt:Godeps/_workspace/src/code.google.com/p/go.net/html/testdata/webkit/tests1.dat
./operations-debs-kubernetes/other.txt:Godeps/_workspace/src/code.google.com/p/go.net/html/testdata/webkit/tests20.dat
./operations-debs-kubernetes/other.txt:Godeps/_workspace/src/code.google.com/p/go.net/html/testdata/webkit/tests21.dat
./operations-debs-kubernetes/other.txt:Godeps/_workspace/src/code.google.com/p/go.net/html/testdata/webkit/tests22.dat
./operations-debs-kubernetes/other.txt:Godeps/_workspace/src/code.google.com/p/go.net/html/testdata/webkit/tests23.dat
./operations-debs-kubernetes/other.txt:Godeps/_workspace/src/code.google.com/p/go.net/html/testdata/webkit/tests24.dat
./operations-debs-kubernetes/other.txt:Godeps/_workspace/src/code.google.com/p/go.net/html/testdata/webkit/tests25.dat
./operations-debs-kubernetes/other.txt:Godeps/_workspace/src/code.google.com/p/go.net/html/testdata/webkit/tests26.dat
./operations-debs-kubernetes/other.txt:Godeps/_workspace/src/code.google.com/p/go.net/html/testdata/webkit/tests2.dat
./operations-debs-kubernetes/other.txt:Godeps/_workspace/src/code.google.com/p/go.net/html/testdata/webkit/tests3.dat
./operations-debs-kubernetes/other.txt:Godeps/_workspace/src/code.google.com/p/go.net/html/testdata/webkit/tests4.dat
./operations-debs-kubernetes/other.txt:Godeps/_workspace/src/code.google.com/p/go.net/html/testdata/webkit/tests5.dat
./operations-debs-kubernetes/other.txt:Godeps/_workspace/src/code.google.com/p/go.net/html/testdata/webkit/tests6.dat
./operations-debs-kubernetes/other.txt:Godeps/_workspace/src/code.google.com/p/go.net/html/testdata/webkit/tests7.dat
./operations-debs-kubernetes/other.txt:Godeps/_workspace/src/code.google.com/p/go.net/html/testdata/webkit/tests8.dat
./operations-debs-kubernetes/other.txt:Godeps/_workspace/src/code.google.com/p/go.net/html/testdata/webkit/tests9.dat
./operations-debs-kubernetes/other.txt:Godeps/_workspace/src/code.google.com/p/go.net/html/testdata/webkit/tests_innerHTML_1.dat
./operations-debs-kubernetes/other.txt:Godeps/_workspace/src/code.google.com/p/go.net/html/testdata/webkit/tricky01.dat
./operations-debs-kubernetes/other.txt:Godeps/_workspace/src/code.google.com/p/go.net/html/testdata/webkit/webkit01.dat
./operations-debs-kubernetes/other.txt:Godeps/_workspace/src/code.google.com/p/go.net/html/testdata/webkit/webkit02.dat
./operations-debs-kubernetes/other.txt:Godeps/_workspace/src/github.com/docker/docker/pkg/archive/testdata/broken.tar
./operations-debs-kubernetes/other.txt:Godeps/_workspace/src/github.com/docker/docker/vendor/src/code.google.com/p/go/src/pkg/archive/tar/testdata/gnu.tar
./operations-debs-kubernetes/other.txt:Godeps/_workspace/src/github.com/docker/docker/vendor/src/code.google.com/p/go/src/pkg/archive/tar/testdata/nil-uid.tar
./operations-debs-kubernetes/other.txt:Godeps/_workspace/src/github.com/docker/docker/vendor/src/code.google.com/p/go/src/pkg/archive/tar/testdata/pax.tar
./operations-debs-kubernetes/other.txt:Godeps/_workspace/src/github.com/docker/docker/vendor/src/code.google.com/p/go/src/pkg/archive/tar/testdata/sparse-formats.tar
./operations-debs-kubernetes/other.txt:Godeps/_workspace/src/github.com/docker/docker/vendor/src/code.google.com/p/go/src/pkg/archive/tar/testdata/star.tar
./operations-debs-kubernetes/other.txt:Godeps/_workspace/src/github.com/docker/docker/vendor/src/code.google.com/p/go/src/pkg/archive/tar/testdata/ustar.tar
./operations-debs-kubernetes/other.txt:Godeps/_workspace/src/github.com/docker/docker/vendor/src/code.google.com/p/go/src/pkg/archive/tar/testdata/v7.tar
./operations-debs-kubernetes/other.txt:Godeps/_workspace/src/github.com/docker/docker/vendor/src/code.google.com/p/go/src/pkg/archive/tar/testdata/writer-big-long.tar
./operations-debs-kubernetes/other.txt:Godeps/_workspace/src/github.com/docker/docker/vendor/src/code.google.com/p/go/src/pkg/archive/tar/testdata/writer-big.tar
./operations-debs-kubernetes/other.txt:Godeps/_workspace/src/github.com/docker/docker/vendor/src/code.google.com/p/go/src/pkg/archive/tar/testdata/writer.tar
./operations-debs-kubernetes/other.txt:Godeps/_workspace/src/github.com/docker/docker/vendor/src/code.google.com/p/go/src/pkg/archive/tar/testdata/xattrs.tar
./operations-debs-kubernetes/other.txt:Godeps/_workspace/src/golang.org/x/net/html/testdata/webkit/adoption01.dat
./operations-debs-kubernetes/other.txt:Godeps/_workspace/src/golang.org/x/net/html/testdata/webkit/adoption02.dat
./operations-debs-kubernetes/other.txt:Godeps/_workspace/src/golang.org/x/net/html/testdata/webkit/comments01.dat
./operations-debs-kubernetes/other.txt:Godeps/_workspace/src/golang.org/x/net/html/testdata/webkit/doctype01.dat
./operations-debs-kubernetes/other.txt:Godeps/_workspace/src/golang.org/x/net/html/testdata/webkit/entities01.dat
./operations-debs-kubernetes/other.txt:Godeps/_workspace/src/golang.org/x/net/html/testdata/webkit/entities02.dat
./operations-debs-kubernetes/other.txt:Godeps/_workspace/src/golang.org/x/net/html/testdata/webkit/html5test-com.dat
./operations-debs-kubernetes/other.txt:Godeps/_workspace/src/golang.org/x/net/html/testdata/webkit/inbody01.dat
./operations-debs-kubernetes/other.txt:Godeps/_workspace/src/golang.org/x/net/html/testdata/webkit/isindex.dat
./operations-debs-kubernetes/other.txt:Godeps/_workspace/src/golang.org/x/net/html/testdata/webkit/pending-spec-changes.dat
./operations-debs-kubernetes/other.txt:Godeps/_workspace/src/golang.org/x/net/html/testdata/webkit/scriptdata01.dat
./operations-debs-kubernetes/other.txt:Godeps/_workspace/src/golang.org/x/net/html/testdata/webkit/scripted/adoption01.dat
./operations-debs-kubernetes/other.txt:Godeps/_workspace/src/golang.org/x/net/html/testdata/webkit/scripted/webkit01.dat
./operations-debs-kubernetes/other.txt:Godeps/_workspace/src/golang.org/x/net/html/testdata/webkit/tables01.dat
./operations-debs-kubernetes/other.txt:Godeps/_workspace/src/golang.org/x/net/html/testdata/webkit/tests10.dat
./operations-debs-kubernetes/other.txt:Godeps/_workspace/src/golang.org/x/net/html/testdata/webkit/tests11.dat
./operations-debs-kubernetes/other.txt:Godeps/_workspace/src/golang.org/x/net/html/testdata/webkit/tests12.dat
./operations-debs-kubernetes/other.txt:Godeps/_workspace/src/golang.org/x/net/html/testdata/webkit/tests14.dat
./operations-debs-kubernetes/other.txt:Godeps/_workspace/src/golang.org/x/net/html/testdata/webkit/tests15.dat
./operations-debs-kubernetes/other.txt:Godeps/_workspace/src/golang.org/x/net/html/testdata/webkit/tests16.dat
./operations-debs-kubernetes/other.txt:Godeps/_workspace/src/golang.org/x/net/html/testdata/webkit/tests17.dat
./operations-debs-kubernetes/other.txt:Godeps/_workspace/src/golang.org/x/net/html/testdata/webkit/tests18.dat
./operations-debs-kubernetes/other.txt:Godeps/_workspace/src/golang.org/x/net/html/testdata/webkit/tests19.dat
./operations-debs-kubernetes/other.txt:Godeps/_workspace/src/golang.org/x/net/html/testdata/webkit/tests1.dat
./operations-debs-kubernetes/other.txt:Godeps/_workspace/src/golang.org/x/net/html/testdata/webkit/tests20.dat
./operations-debs-kubernetes/other.txt:Godeps/_workspace/src/golang.org/x/net/html/testdata/webkit/tests21.dat
./operations-debs-kubernetes/other.txt:Godeps/_workspace/src/golang.org/x/net/html/testdata/webkit/tests22.dat
./operations-debs-kubernetes/other.txt:Godeps/_workspace/src/golang.org/x/net/html/testdata/webkit/tests23.dat
./operations-debs-kubernetes/other.txt:Godeps/_workspace/src/golang.org/x/net/html/testdata/webkit/tests24.dat
./operations-debs-kubernetes/other.txt:Godeps/_workspace/src/golang.org/x/net/html/testdata/webkit/tests25.dat
./operations-debs-kubernetes/other.txt:Godeps/_workspace/src/golang.org/x/net/html/testdata/webkit/tests26.dat
./operations-debs-kubernetes/other.txt:Godeps/_workspace/src/golang.org/x/net/html/testdata/webkit/tests2.dat
./operations-debs-kubernetes/other.txt:Godeps/_workspace/src/golang.org/x/net/html/testdata/webkit/tests3.dat
./operations-debs-kubernetes/other.txt:Godeps/_workspace/src/golang.org/x/net/html/testdata/webkit/tests4.dat
./operations-debs-kubernetes/other.txt:Godeps/_workspace/src/golang.org/x/net/html/testdata/webkit/tests5.dat
./operations-debs-kubernetes/other.txt:Godeps/_workspace/src/golang.org/x/net/html/testdata/webkit/tests6.dat
./operations-debs-kubernetes/other.txt:Godeps/_workspace/src/golang.org/x/net/html/testdata/webkit/tests7.dat
./operations-debs-kubernetes/other.txt:Godeps/_workspace/src/golang.org/x/net/html/testdata/webkit/tests8.dat
./operations-debs-kubernetes/other.txt:Godeps/_workspace/src/golang.org/x/net/html/testdata/webkit/tests9.dat
./operations-debs-kubernetes/other.txt:Godeps/_workspace/src/golang.org/x/net/html/testdata/webkit/tests_innerHTML_1.dat
./operations-debs-kubernetes/other.txt:Godeps/_workspace/src/golang.org/x/net/html/testdata/webkit/tricky01.dat
./operations-debs-kubernetes/other.txt:Godeps/_workspace/src/golang.org/x/net/html/testdata/webkit/webkit01.dat
./operations-debs-kubernetes/other.txt:Godeps/_workspace/src/golang.org/x/net/html/testdata/webkit/webkit02.dat
./operations-debs-kubernetes/other.txt:third_party/src/code.google.com/p/go.net/html/testdata/webkit/adoption01.dat
./operations-debs-kubernetes/other.txt:third_party/src/code.google.com/p/go.net/html/testdata/webkit/adoption02.dat
./operations-debs-kubernetes/other.txt:third_party/src/code.google.com/p/go.net/html/testdata/webkit/comments01.dat
./operations-debs-kubernetes/other.txt:third_party/src/code.google.com/p/go.net/html/testdata/webkit/doctype01.dat
./operations-debs-kubernetes/other.txt:third_party/src/code.google.com/p/go.net/html/testdata/webkit/entities01.dat
./operations-debs-kubernetes/other.txt:third_party/src/code.google.com/p/go.net/html/testdata/webkit/entities02.dat
./operations-debs-kubernetes/other.txt:third_party/src/code.google.com/p/go.net/html/testdata/webkit/html5test-com.dat
./operations-debs-kubernetes/other.txt:third_party/src/code.google.com/p/go.net/html/testdata/webkit/inbody01.dat
./operations-debs-kubernetes/other.txt:third_party/src/code.google.com/p/go.net/html/testdata/webkit/isindex.dat
./operations-debs-kubernetes/other.txt:third_party/src/code.google.com/p/go.net/html/testdata/webkit/pending-spec-changes.dat
./operations-debs-kubernetes/other.txt:third_party/src/code.google.com/p/go.net/html/testdata/webkit/pending-spec-changes-plain-text-unsafe.dat
./operations-debs-kubernetes/other.txt:third_party/src/code.google.com/p/go.net/html/testdata/webkit/plain-text-unsafe.dat
./operations-debs-kubernetes/other.txt:third_party/src/code.google.com/p/go.net/html/testdata/webkit/scriptdata01.dat
./operations-debs-kubernetes/other.txt:third_party/src/code.google.com/p/go.net/html/testdata/webkit/scripted/adoption01.dat
./operations-debs-kubernetes/other.txt:third_party/src/code.google.com/p/go.net/html/testdata/webkit/scripted/webkit01.dat
./operations-debs-kubernetes/other.txt:third_party/src/code.google.com/p/go.net/html/testdata/webkit/tables01.dat
./operations-debs-kubernetes/other.txt:third_party/src/code.google.com/p/go.net/html/testdata/webkit/tests10.dat
./operations-debs-kubernetes/other.txt:third_party/src/code.google.com/p/go.net/html/testdata/webkit/tests11.dat
./operations-debs-kubernetes/other.txt:third_party/src/code.google.com/p/go.net/html/testdata/webkit/tests12.dat
./operations-debs-kubernetes/other.txt:third_party/src/code.google.com/p/go.net/html/testdata/webkit/tests14.dat
./operations-debs-kubernetes/other.txt:third_party/src/code.google.com/p/go.net/html/testdata/webkit/tests15.dat
./operations-debs-kubernetes/other.txt:third_party/src/code.google.com/p/go.net/html/testdata/webkit/tests16.dat
./operations-debs-kubernetes/other.txt:third_party/src/code.google.com/p/go.net/html/testdata/webkit/tests17.dat
./operations-debs-kubernetes/other.txt:third_party/src/code.google.com/p/go.net/html/testdata/webkit/tests18.dat
./operations-debs-kubernetes/other.txt:third_party/src/code.google.com/p/go.net/html/testdata/webkit/tests19.dat
./operations-debs-kubernetes/other.txt:third_party/src/code.google.com/p/go.net/html/testdata/webkit/tests1.dat
./operations-debs-kubernetes/other.txt:third_party/src/code.google.com/p/go.net/html/testdata/webkit/tests20.dat
./operations-debs-kubernetes/other.txt:third_party/src/code.google.com/p/go.net/html/testdata/webkit/tests21.dat
./operations-debs-kubernetes/other.txt:third_party/src/code.google.com/p/go.net/html/testdata/webkit/tests22.dat
./operations-debs-kubernetes/other.txt:third_party/src/code.google.com/p/go.net/html/testdata/webkit/tests23.dat
./operations-debs-kubernetes/other.txt:third_party/src/code.google.com/p/go.net/html/testdata/webkit/tests24.dat
./operations-debs-kubernetes/other.txt:third_party/src/code.google.com/p/go.net/html/testdata/webkit/tests25.dat
./operations-debs-kubernetes/other.txt:third_party/src/code.google.com/p/go.net/html/testdata/webkit/tests26.dat
./operations-debs-kubernetes/other.txt:third_party/src/code.google.com/p/go.net/html/testdata/webkit/tests2.dat
./operations-debs-kubernetes/other.txt:third_party/src/code.google.com/p/go.net/html/testdata/webkit/tests3.dat
./operations-debs-kubernetes/other.txt:third_party/src/code.google.com/p/go.net/html/testdata/webkit/tests4.dat
./operations-debs-kubernetes/other.txt:third_party/src/code.google.com/p/go.net/html/testdata/webkit/tests5.dat
./operations-debs-kubernetes/other.txt:third_party/src/code.google.com/p/go.net/html/testdata/webkit/tests6.dat
./operations-debs-kubernetes/other.txt:third_party/src/code.google.com/p/go.net/html/testdata/webkit/tests7.dat
./operations-debs-kubernetes/other.txt:third_party/src/code.google.com/p/go.net/html/testdata/webkit/tests8.dat
./operations-debs-kubernetes/other.txt:third_party/src/code.google.com/p/go.net/html/testdata/webkit/tests9.dat
./operations-debs-kubernetes/other.txt:third_party/src/code.google.com/p/go.net/html/testdata/webkit/tests_innerHTML_1.dat
./operations-debs-kubernetes/other.txt:third_party/src/code.google.com/p/go.net/html/testdata/webkit/tricky01.dat
./operations-debs-kubernetes/other.txt:third_party/src/code.google.com/p/go.net/html/testdata/webkit/webkit01.dat
./operations-debs-kubernetes/other.txt:third_party/src/code.google.com/p/go.net/html/testdata/webkit/webkit02.dat
./operations-debs-kubernetes/other.txt:third_party/src/code.google.com/p/google-api-go-client/google-api-go-generator/testdata/arrayofarray-1.want
./operations-debs-kubernetes/other.txt:third_party/src/code.google.com/p/google-api-go-client/google-api-go-generator/testdata/arrayofmapofstrings.want
./operations-debs-kubernetes/other.txt:third_party/src/code.google.com/p/google-api-go-client/google-api-go-generator/testdata/blogger-3.want
./operations-debs-kubernetes/other.txt:third_party/src/code.google.com/p/google-api-go-client/google-api-go-generator/testdata/getwithoutbody.want
./operations-debs-kubernetes/other.txt:third_party/src/code.google.com/p/google-api-go-client/google-api-go-generator/testdata/mapofstrings-1.want
./operations-debs-kubernetes/other.txt:third_party/src/code.google.com/p/google-api-go-client/google-api-go-generator/testdata/quotednum.want
./operations-debs-kubernetes/other.txt:third_party/src/code.google.com/p/google-api-go-client/google-api-go-generator/testdata/resource-named-service.want
./operations-debs-kubernetes/other.txt:Godeps/_workspace/src/github.com/prometheus/client_golang/text/testdata/protobuf.gz
./operations-debs-kubernetes/other.txt:Godeps/_workspace/src/github.com/prometheus/client_golang/text/testdata/text.gz
./operations-debs-kubernetes/other.txt:pkg/client/testdata/myCA.key
./operations-debs-kubernetes/other.txt:pkg/client/testdata/mycertvalid.key
./operations-debs-kubernetes/other.txt_backup:cmd/mungedocs/testdata/pod.yaml
./operations-debs-kubernetes/other.txt_backup:pkg/api/validation/testdata/v1beta1/invalidPod.yaml
./operations-debs-kubernetes/other.txt_backup:pkg/api/validation/testdata/v1beta1/validPod.yaml
./operations-debs-kubernetes/other.txt_backup:pkg/api/validation/testdata/v1beta3/invalidPod.yaml
./operations-debs-kubernetes/other.txt_backup:pkg/api/validation/testdata/v1beta3/validPod.yaml
./operations-debs-kubernetes/other.txt_backup:pkg/api/validation/testdata/v1/invalidPod.yaml
./operations-debs-kubernetes/other.txt_backup:pkg/api/validation/testdata/v1/validPod.yaml
./operations-debs-kubernetes/other.txt_backup:pkg/api/validation/testdata/v1beta1/invalidPod1.json
./operations-debs-kubernetes/other.txt_backup:pkg/api/validation/testdata/v1beta1/invalidPod2.json
./operations-debs-kubernetes/other.txt_backup:pkg/api/validation/testdata/v1beta1/invalidPod3.json
./operations-debs-kubernetes/other.txt_backup:pkg/api/validation/testdata/v1beta3/invalidPod1.json
./operations-debs-kubernetes/other.txt_backup:pkg/api/validation/testdata/v1beta3/invalidPod2.json
./operations-debs-kubernetes/other.txt_backup:pkg/api/validation/testdata/v1beta3/invalidPod3.json
./operations-debs-kubernetes/other.txt_backup:pkg/api/validation/testdata/v1/invalidPod1.json
./operations-debs-kubernetes/other.txt_backup:pkg/api/validation/testdata/v1/invalidPod2.json
./operations-debs-kubernetes/other.txt_backup:pkg/api/validation/testdata/v1/invalidPod3.json
./operations-debs-kubernetes/other.txt_backup:third_party/src/code.google.com/p/google-api-go-client/google-api-go-generator/testdata/arrayofarray-1.json
./operations-debs-kubernetes/other.txt_backup:third_party/src/code.google.com/p/google-api-go-client/google-api-go-generator/testdata/arrayofmapofstrings.json
./operations-debs-kubernetes/other.txt_backup:third_party/src/code.google.com/p/google-api-go-client/google-api-go-generator/testdata/blogger-3.json
./operations-debs-kubernetes/other.txt_backup:third_party/src/code.google.com/p/google-api-go-client/google-api-go-generator/testdata/getwithoutbody.json
./operations-debs-kubernetes/other.txt_backup:third_party/src/code.google.com/p/google-api-go-client/google-api-go-generator/testdata/mapofstrings-1.json
./operations-debs-kubernetes/other.txt_backup:third_party/src/code.google.com/p/google-api-go-client/google-api-go-generator/testdata/quotednum.json
./operations-debs-kubernetes/other.txt_backup:third_party/src/code.google.com/p/google-api-go-client/google-api-go-generator/testdata/resource-named-service.json
./operations-debs-kubernetes/other.txt_backup:Godeps/_workspace/src/github.com/imdario/mergo/testdata/license.yml
./operations-debs-kubernetes/other.txt_backup:Godeps/_workspace/src/github.com/imdario/mergo/testdata/thing.yml
./operations-debs-kubernetes/other.txt_backup:third_party/src/code.google.com/p/google-api-go-client/.hg/store/data/google-api-go-generator/testdata/arrayofarray-1.json.i
./operations-debs-kubernetes/other.txt_backup:third_party/src/code.google.com/p/google-api-go-client/.hg/store/data/google-api-go-generator/testdata/arrayofarray-1.want.i
./operations-debs-kubernetes/other.txt_backup:third_party/src/code.google.com/p/google-api-go-client/.hg/store/data/google-api-go-generator/testdata/arrayofmapofstrings.json.i
./operations-debs-kubernetes/other.txt_backup:third_party/src/code.google.com/p/google-api-go-client/.hg/store/data/google-api-go-generator/testdata/arrayofmapofstrings.want.i
./operations-debs-kubernetes/other.txt_backup:third_party/src/code.google.com/p/google-api-go-client/.hg/store/data/google-api-go-generator/testdata/blogger-3.json.i
./operations-debs-kubernetes/other.txt_backup:third_party/src/code.google.com/p/google-api-go-client/.hg/store/data/google-api-go-generator/testdata/blogger-3.want.i
./operations-debs-kubernetes/other.txt_backup:third_party/src/code.google.com/p/google-api-go-client/.hg/store/data/google-api-go-generator/testdata/getwithoutbody.json.i
./operations-debs-kubernetes/other.txt_backup:third_party/src/code.google.com/p/google-api-go-client/.hg/store/data/google-api-go-generator/testdata/getwithoutbody.want.i
./operations-debs-kubernetes/other.txt_backup:third_party/src/code.google.com/p/google-api-go-client/.hg/store/data/google-api-go-generator/testdata/mapofstrings-1.json.i
./operations-debs-kubernetes/other.txt_backup:third_party/src/code.google.com/p/google-api-go-client/.hg/store/data/google-api-go-generator/testdata/mapofstrings-1.want.i
./operations-debs-kubernetes/other.txt_backup:third_party/src/code.google.com/p/google-api-go-client/.hg/store/data/google-api-go-generator/testdata/quotednum.json.i
./operations-debs-kubernetes/other.txt_backup:third_party/src/code.google.com/p/google-api-go-client/.hg/store/data/google-api-go-generator/testdata/quotednum.want.i
./operations-debs-kubernetes/other.txt_backup:third_party/src/code.google.com/p/google-api-go-client/.hg/store/data/google-api-go-generator/testdata/resource-named-service.json.i
./operations-debs-kubernetes/other.txt_backup:third_party/src/code.google.com/p/google-api-go-client/.hg/store/data/google-api-go-generator/testdata/resource-named-service.want.i
./operations-debs-kubernetes/other.txt_backup:Godeps/_workspace/src/code.google.com/p/go.net/html/testdata/webkit/adoption01.dat
./operations-debs-kubernetes/other.txt_backup:Godeps/_workspace/src/code.google.com/p/go.net/html/testdata/webkit/adoption02.dat
./operations-debs-kubernetes/other.txt_backup:Godeps/_workspace/src/code.google.com/p/go.net/html/testdata/webkit/comments01.dat
./operations-debs-kubernetes/other.txt_backup:Godeps/_workspace/src/code.google.com/p/go.net/html/testdata/webkit/doctype01.dat
./operations-debs-kubernetes/other.txt_backup:Godeps/_workspace/src/code.google.com/p/go.net/html/testdata/webkit/entities01.dat
./operations-debs-kubernetes/other.txt_backup:Godeps/_workspace/src/code.google.com/p/go.net/html/testdata/webkit/entities02.dat
./operations-debs-kubernetes/other.txt_backup:Godeps/_workspace/src/code.google.com/p/go.net/html/testdata/webkit/html5test-com.dat
./operations-debs-kubernetes/other.txt_backup:Godeps/_workspace/src/code.google.com/p/go.net/html/testdata/webkit/inbody01.dat
./operations-debs-kubernetes/other.txt_backup:Godeps/_workspace/src/code.google.com/p/go.net/html/testdata/webkit/isindex.dat
./operations-debs-kubernetes/other.txt_backup:Godeps/_workspace/src/code.google.com/p/go.net/html/testdata/webkit/pending-spec-changes.dat
./operations-debs-kubernetes/other.txt_backup:Godeps/_workspace/src/code.google.com/p/go.net/html/testdata/webkit/scriptdata01.dat
./operations-debs-kubernetes/other.txt_backup:Godeps/_workspace/src/code.google.com/p/go.net/html/testdata/webkit/scripted/adoption01.dat
./operations-debs-kubernetes/other.txt_backup:Godeps/_workspace/src/code.google.com/p/go.net/html/testdata/webkit/scripted/webkit01.dat
./operations-debs-kubernetes/other.txt_backup:Godeps/_workspace/src/code.google.com/p/go.net/html/testdata/webkit/tables01.dat
./operations-debs-kubernetes/other.txt_backup:Godeps/_workspace/src/code.google.com/p/go.net/html/testdata/webkit/tests10.dat
./operations-debs-kubernetes/other.txt_backup:Godeps/_workspace/src/code.google.com/p/go.net/html/testdata/webkit/tests11.dat
./operations-debs-kubernetes/other.txt_backup:Godeps/_workspace/src/code.google.com/p/go.net/html/testdata/webkit/tests12.dat
./operations-debs-kubernetes/other.txt_backup:Godeps/_workspace/src/code.google.com/p/go.net/html/testdata/webkit/tests14.dat
./operations-debs-kubernetes/other.txt_backup:Godeps/_workspace/src/code.google.com/p/go.net/html/testdata/webkit/tests15.dat
./operations-debs-kubernetes/other.txt_backup:Godeps/_workspace/src/code.google.com/p/go.net/html/testdata/webkit/tests16.dat
./operations-debs-kubernetes/other.txt_backup:Godeps/_workspace/src/code.google.com/p/go.net/html/testdata/webkit/tests17.dat
./operations-debs-kubernetes/other.txt_backup:Godeps/_workspace/src/code.google.com/p/go.net/html/testdata/webkit/tests18.dat
./operations-debs-kubernetes/other.txt_backup:Godeps/_workspace/src/code.google.com/p/go.net/html/testdata/webkit/tests19.dat
./operations-debs-kubernetes/other.txt_backup:Godeps/_workspace/src/code.google.com/p/go.net/html/testdata/webkit/tests1.dat
./operations-debs-kubernetes/other.txt_backup:Godeps/_workspace/src/code.google.com/p/go.net/html/testdata/webkit/tests20.dat
./operations-debs-kubernetes/other.txt_backup:Godeps/_workspace/src/code.google.com/p/go.net/html/testdata/webkit/tests21.dat
./operations-debs-kubernetes/other.txt_backup:Godeps/_workspace/src/code.google.com/p/go.net/html/testdata/webkit/tests22.dat
./operations-debs-kubernetes/other.txt_backup:Godeps/_workspace/src/code.google.com/p/go.net/html/testdata/webkit/tests23.dat
./operations-debs-kubernetes/other.txt_backup:Godeps/_workspace/src/code.google.com/p/go.net/html/testdata/webkit/tests24.dat
./operations-debs-kubernetes/other.txt_backup:Godeps/_workspace/src/code.google.com/p/go.net/html/testdata/webkit/tests25.dat
./operations-debs-kubernetes/other.txt_backup:Godeps/_workspace/src/code.google.com/p/go.net/html/testdata/webkit/tests26.dat
./operations-debs-kubernetes/other.txt_backup:Godeps/_workspace/src/code.google.com/p/go.net/html/testdata/webkit/tests2.dat
./operations-debs-kubernetes/other.txt_backup:Godeps/_workspace/src/code.google.com/p/go.net/html/testdata/webkit/tests3.dat
./operations-debs-kubernetes/other.txt_backup:Godeps/_workspace/src/code.google.com/p/go.net/html/testdata/webkit/tests4.dat
./operations-debs-kubernetes/other.txt_backup:Godeps/_workspace/src/code.google.com/p/go.net/html/testdata/webkit/tests5.dat
./operations-debs-kubernetes/other.txt_backup:Godeps/_workspace/src/code.google.com/p/go.net/html/testdata/webkit/tests6.dat
./operations-debs-kubernetes/other.txt_backup:Godeps/_workspace/src/code.google.com/p/go.net/html/testdata/webkit/tests7.dat
./operations-debs-kubernetes/other.txt_backup:Godeps/_workspace/src/code.google.com/p/go.net/html/testdata/webkit/tests8.dat
./operations-debs-kubernetes/other.txt_backup:Godeps/_workspace/src/code.google.com/p/go.net/html/testdata/webkit/tests9.dat
./operations-debs-kubernetes/other.txt_backup:Godeps/_workspace/src/code.google.com/p/go.net/html/testdata/webkit/tests_innerHTML_1.dat
./operations-debs-kubernetes/other.txt_backup:Godeps/_workspace/src/code.google.com/p/go.net/html/testdata/webkit/tricky01.dat
./operations-debs-kubernetes/other.txt_backup:Godeps/_workspace/src/code.google.com/p/go.net/html/testdata/webkit/webkit01.dat
./operations-debs-kubernetes/other.txt_backup:Godeps/_workspace/src/code.google.com/p/go.net/html/testdata/webkit/webkit02.dat
./operations-debs-kubernetes/other.txt_backup:Godeps/_workspace/src/github.com/docker/docker/pkg/archive/testdata/broken.tar
./operations-debs-kubernetes/other.txt_backup:Godeps/_workspace/src/github.com/docker/docker/vendor/src/code.google.com/p/go/src/pkg/archive/tar/testdata/gnu.tar
./operations-debs-kubernetes/other.txt_backup:Godeps/_workspace/src/github.com/docker/docker/vendor/src/code.google.com/p/go/src/pkg/archive/tar/testdata/nil-uid.tar
./operations-debs-kubernetes/other.txt_backup:Godeps/_workspace/src/github.com/docker/docker/vendor/src/code.google.com/p/go/src/pkg/archive/tar/testdata/pax.tar
./operations-debs-kubernetes/other.txt_backup:Godeps/_workspace/src/github.com/docker/docker/vendor/src/code.google.com/p/go/src/pkg/archive/tar/testdata/sparse-formats.tar
./operations-debs-kubernetes/other.txt_backup:Godeps/_workspace/src/github.com/docker/docker/vendor/src/code.google.com/p/go/src/pkg/archive/tar/testdata/star.tar
./operations-debs-kubernetes/other.txt_backup:Godeps/_workspace/src/github.com/docker/docker/vendor/src/code.google.com/p/go/src/pkg/archive/tar/testdata/ustar.tar
./operations-debs-kubernetes/other.txt_backup:Godeps/_workspace/src/github.com/docker/docker/vendor/src/code.google.com/p/go/src/pkg/archive/tar/testdata/v7.tar
./operations-debs-kubernetes/other.txt_backup:Godeps/_workspace/src/github.com/docker/docker/vendor/src/code.google.com/p/go/src/pkg/archive/tar/testdata/writer-big-long.tar
./operations-debs-kubernetes/other.txt_backup:Godeps/_workspace/src/github.com/docker/docker/vendor/src/code.google.com/p/go/src/pkg/archive/tar/testdata/writer-big.tar
./operations-debs-kubernetes/other.txt_backup:Godeps/_workspace/src/github.com/docker/docker/vendor/src/code.google.com/p/go/src/pkg/archive/tar/testdata/writer.tar
./operations-debs-kubernetes/other.txt_backup:Godeps/_workspace/src/github.com/docker/docker/vendor/src/code.google.com/p/go/src/pkg/archive/tar/testdata/xattrs.tar
./operations-debs-kubernetes/other.txt_backup:Godeps/_workspace/src/golang.org/x/net/html/testdata/webkit/adoption01.dat
./operations-debs-kubernetes/other.txt_backup:Godeps/_workspace/src/golang.org/x/net/html/testdata/webkit/adoption02.dat
./operations-debs-kubernetes/other.txt_backup:Godeps/_workspace/src/golang.org/x/net/html/testdata/webkit/comments01.dat
./operations-debs-kubernetes/other.txt_backup:Godeps/_workspace/src/golang.org/x/net/html/testdata/webkit/doctype01.dat
./operations-debs-kubernetes/other.txt_backup:Godeps/_workspace/src/golang.org/x/net/html/testdata/webkit/entities01.dat
./operations-debs-kubernetes/other.txt_backup:Godeps/_workspace/src/golang.org/x/net/html/testdata/webkit/entities02.dat
./operations-debs-kubernetes/other.txt_backup:Godeps/_workspace/src/golang.org/x/net/html/testdata/webkit/html5test-com.dat
./operations-debs-kubernetes/other.txt_backup:Godeps/_workspace/src/golang.org/x/net/html/testdata/webkit/inbody01.dat
./operations-debs-kubernetes/other.txt_backup:Godeps/_workspace/src/golang.org/x/net/html/testdata/webkit/isindex.dat
./operations-debs-kubernetes/other.txt_backup:Godeps/_workspace/src/golang.org/x/net/html/testdata/webkit/pending-spec-changes.dat
./operations-debs-kubernetes/other.txt_backup:Godeps/_workspace/src/golang.org/x/net/html/testdata/webkit/scriptdata01.dat
./operations-debs-kubernetes/other.txt_backup:Godeps/_workspace/src/golang.org/x/net/html/testdata/webkit/scripted/adoption01.dat
./operations-debs-kubernetes/other.txt_backup:Godeps/_workspace/src/golang.org/x/net/html/testdata/webkit/scripted/webkit01.dat
./operations-debs-kubernetes/other.txt_backup:Godeps/_workspace/src/golang.org/x/net/html/testdata/webkit/tables01.dat
./operations-debs-kubernetes/other.txt_backup:Godeps/_workspace/src/golang.org/x/net/html/testdata/webkit/tests10.dat
./operations-debs-kubernetes/other.txt_backup:Godeps/_workspace/src/golang.org/x/net/html/testdata/webkit/tests11.dat
./operations-debs-kubernetes/other.txt_backup:Godeps/_workspace/src/golang.org/x/net/html/testdata/webkit/tests12.dat
./operations-debs-kubernetes/other.txt_backup:Godeps/_workspace/src/golang.org/x/net/html/testdata/webkit/tests14.dat
./operations-debs-kubernetes/other.txt_backup:Godeps/_workspace/src/golang.org/x/net/html/testdata/webkit/tests15.dat
./operations-debs-kubernetes/other.txt_backup:Godeps/_workspace/src/golang.org/x/net/html/testdata/webkit/tests16.dat
./operations-debs-kubernetes/other.txt_backup:Godeps/_workspace/src/golang.org/x/net/html/testdata/webkit/tests17.dat
./operations-debs-kubernetes/other.txt_backup:Godeps/_workspace/src/golang.org/x/net/html/testdata/webkit/tests18.dat
./operations-debs-kubernetes/other.txt_backup:Godeps/_workspace/src/golang.org/x/net/html/testdata/webkit/tests19.dat
./operations-debs-kubernetes/other.txt_backup:Godeps/_workspace/src/golang.org/x/net/html/testdata/webkit/tests1.dat
./operations-debs-kubernetes/other.txt_backup:Godeps/_workspace/src/golang.org/x/net/html/testdata/webkit/tests20.dat
./operations-debs-kubernetes/other.txt_backup:Godeps/_workspace/src/golang.org/x/net/html/testdata/webkit/tests21.dat
./operations-debs-kubernetes/other.txt_backup:Godeps/_workspace/src/golang.org/x/net/html/testdata/webkit/tests22.dat
./operations-debs-kubernetes/other.txt_backup:Godeps/_workspace/src/golang.org/x/net/html/testdata/webkit/tests23.dat
./operations-debs-kubernetes/other.txt_backup:Godeps/_workspace/src/golang.org/x/net/html/testdata/webkit/tests24.dat
./operations-debs-kubernetes/other.txt_backup:Godeps/_workspace/src/golang.org/x/net/html/testdata/webkit/tests25.dat
./operations-debs-kubernetes/other.txt_backup:Godeps/_workspace/src/golang.org/x/net/html/testdata/webkit/tests26.dat
./operations-debs-kubernetes/other.txt_backup:Godeps/_workspace/src/golang.org/x/net/html/testdata/webkit/tests2.dat
./operations-debs-kubernetes/other.txt_backup:Godeps/_workspace/src/golang.org/x/net/html/testdata/webkit/tests3.dat
./operations-debs-kubernetes/other.txt_backup:Godeps/_workspace/src/golang.org/x/net/html/testdata/webkit/tests4.dat
./operations-debs-kubernetes/other.txt_backup:Godeps/_workspace/src/golang.org/x/net/html/testdata/webkit/tests5.dat
./operations-debs-kubernetes/other.txt_backup:Godeps/_workspace/src/golang.org/x/net/html/testdata/webkit/tests6.dat
./operations-debs-kubernetes/other.txt_backup:Godeps/_workspace/src/golang.org/x/net/html/testdata/webkit/tests7.dat
./operations-debs-kubernetes/other.txt_backup:Godeps/_workspace/src/golang.org/x/net/html/testdata/webkit/tests8.dat
./operations-debs-kubernetes/other.txt_backup:Godeps/_workspace/src/golang.org/x/net/html/testdata/webkit/tests9.dat
./operations-debs-kubernetes/other.txt_backup:Godeps/_workspace/src/golang.org/x/net/html/testdata/webkit/tests_innerHTML_1.dat
./operations-debs-kubernetes/other.txt_backup:Godeps/_workspace/src/golang.org/x/net/html/testdata/webkit/tricky01.dat
./operations-debs-kubernetes/other.txt_backup:Godeps/_workspace/src/golang.org/x/net/html/testdata/webkit/webkit01.dat
./operations-debs-kubernetes/other.txt_backup:Godeps/_workspace/src/golang.org/x/net/html/testdata/webkit/webkit02.dat
./operations-debs-kubernetes/other.txt_backup:third_party/src/code.google.com/p/go.net/html/testdata/webkit/adoption01.dat
./operations-debs-kubernetes/other.txt_backup:third_party/src/code.google.com/p/go.net/html/testdata/webkit/adoption02.dat
./operations-debs-kubernetes/other.txt_backup:third_party/src/code.google.com/p/go.net/html/testdata/webkit/comments01.dat
./operations-debs-kubernetes/other.txt_backup:third_party/src/code.google.com/p/go.net/html/testdata/webkit/doctype01.dat
./operations-debs-kubernetes/other.txt_backup:third_party/src/code.google.com/p/go.net/html/testdata/webkit/entities01.dat
./operations-debs-kubernetes/other.txt_backup:third_party/src/code.google.com/p/go.net/html/testdata/webkit/entities02.dat
./operations-debs-kubernetes/other.txt_backup:third_party/src/code.google.com/p/go.net/html/testdata/webkit/html5test-com.dat
./operations-debs-kubernetes/other.txt_backup:third_party/src/code.google.com/p/go.net/html/testdata/webkit/inbody01.dat
./operations-debs-kubernetes/other.txt_backup:third_party/src/code.google.com/p/go.net/html/testdata/webkit/isindex.dat
./operations-debs-kubernetes/other.txt_backup:third_party/src/code.google.com/p/go.net/html/testdata/webkit/pending-spec-changes.dat
./operations-debs-kubernetes/other.txt_backup:third_party/src/code.google.com/p/go.net/html/testdata/webkit/pending-spec-changes-plain-text-unsafe.dat
./operations-debs-kubernetes/other.txt_backup:third_party/src/code.google.com/p/go.net/html/testdata/webkit/plain-text-unsafe.dat
./operations-debs-kubernetes/other.txt_backup:third_party/src/code.google.com/p/go.net/html/testdata/webkit/scriptdata01.dat
./operations-debs-kubernetes/other.txt_backup:third_party/src/code.google.com/p/go.net/html/testdata/webkit/scripted/adoption01.dat
./operations-debs-kubernetes/other.txt_backup:third_party/src/code.google.com/p/go.net/html/testdata/webkit/scripted/webkit01.dat
./operations-debs-kubernetes/other.txt_backup:third_party/src/code.google.com/p/go.net/html/testdata/webkit/tables01.dat
./operations-debs-kubernetes/other.txt_backup:third_party/src/code.google.com/p/go.net/html/testdata/webkit/tests10.dat
./operations-debs-kubernetes/other.txt_backup:third_party/src/code.google.com/p/go.net/html/testdata/webkit/tests11.dat
./operations-debs-kubernetes/other.txt_backup:third_party/src/code.google.com/p/go.net/html/testdata/webkit/tests12.dat
./operations-debs-kubernetes/other.txt_backup:third_party/src/code.google.com/p/go.net/html/testdata/webkit/tests14.dat
./operations-debs-kubernetes/other.txt_backup:third_party/src/code.google.com/p/go.net/html/testdata/webkit/tests15.dat
./operations-debs-kubernetes/other.txt_backup:third_party/src/code.google.com/p/go.net/html/testdata/webkit/tests16.dat
./operations-debs-kubernetes/other.txt_backup:third_party/src/code.google.com/p/go.net/html/testdata/webkit/tests17.dat
./operations-debs-kubernetes/other.txt_backup:third_party/src/code.google.com/p/go.net/html/testdata/webkit/tests18.dat
./operations-debs-kubernetes/other.txt_backup:third_party/src/code.google.com/p/go.net/html/testdata/webkit/tests19.dat
./operations-debs-kubernetes/other.txt_backup:third_party/src/code.google.com/p/go.net/html/testdata/webkit/tests1.dat
./operations-debs-kubernetes/other.txt_backup:third_party/src/code.google.com/p/go.net/html/testdata/webkit/tests20.dat
./operations-debs-kubernetes/other.txt_backup:third_party/src/code.google.com/p/go.net/html/testdata/webkit/tests21.dat
./operations-debs-kubernetes/other.txt_backup:third_party/src/code.google.com/p/go.net/html/testdata/webkit/tests22.dat
./operations-debs-kubernetes/other.txt_backup:third_party/src/code.google.com/p/go.net/html/testdata/webkit/tests23.dat
./operations-debs-kubernetes/other.txt_backup:third_party/src/code.google.com/p/go.net/html/testdata/webkit/tests24.dat
./operations-debs-kubernetes/other.txt_backup:third_party/src/code.google.com/p/go.net/html/testdata/webkit/tests25.dat
./operations-debs-kubernetes/other.txt_backup:third_party/src/code.google.com/p/go.net/html/testdata/webkit/tests26.dat
./operations-debs-kubernetes/other.txt_backup:third_party/src/code.google.com/p/go.net/html/testdata/webkit/tests2.dat
./operations-debs-kubernetes/other.txt_backup:third_party/src/code.google.com/p/go.net/html/testdata/webkit/tests3.dat
./operations-debs-kubernetes/other.txt_backup:third_party/src/code.google.com/p/go.net/html/testdata/webkit/tests4.dat
./operations-debs-kubernetes/other.txt_backup:third_party/src/code.google.com/p/go.net/html/testdata/webkit/tests5.dat
./operations-debs-kubernetes/other.txt_backup:third_party/src/code.google.com/p/go.net/html/testdata/webkit/tests6.dat
./operations-debs-kubernetes/other.txt_backup:third_party/src/code.google.com/p/go.net/html/testdata/webkit/tests7.dat
./operations-debs-kubernetes/other.txt_backup:third_party/src/code.google.com/p/go.net/html/testdata/webkit/tests8.dat
./operations-debs-kubernetes/other.txt_backup:third_party/src/code.google.com/p/go.net/html/testdata/webkit/tests9.dat
./operations-debs-kubernetes/other.txt_backup:third_party/src/code.google.com/p/go.net/html/testdata/webkit/tests_innerHTML_1.dat
./operations-debs-kubernetes/other.txt_backup:third_party/src/code.google.com/p/go.net/html/testdata/webkit/tricky01.dat
./operations-debs-kubernetes/other.txt_backup:third_party/src/code.google.com/p/go.net/html/testdata/webkit/webkit01.dat
./operations-debs-kubernetes/other.txt_backup:third_party/src/code.google.com/p/go.net/html/testdata/webkit/webkit02.dat
./operations-debs-kubernetes/other.txt_backup:third_party/src/code.google.com/p/google-api-go-client/google-api-go-generator/testdata/arrayofarray-1.want
./operations-debs-kubernetes/other.txt_backup:third_party/src/code.google.com/p/google-api-go-client/google-api-go-generator/testdata/arrayofmapofstrings.want
./operations-debs-kubernetes/other.txt_backup:third_party/src/code.google.com/p/google-api-go-client/google-api-go-generator/testdata/blogger-3.want
./operations-debs-kubernetes/other.txt_backup:third_party/src/code.google.com/p/google-api-go-client/google-api-go-generator/testdata/getwithoutbody.want
./operations-debs-kubernetes/other.txt_backup:third_party/src/code.google.com/p/google-api-go-client/google-api-go-generator/testdata/mapofstrings-1.want
./operations-debs-kubernetes/other.txt_backup:third_party/src/code.google.com/p/google-api-go-client/google-api-go-generator/testdata/quotednum.want
./operations-debs-kubernetes/other.txt_backup:third_party/src/code.google.com/p/google-api-go-client/google-api-go-generator/testdata/resource-named-service.want
./operations-debs-kubernetes/other.txt_backup:Godeps/_workspace/src/github.com/prometheus/client_golang/text/testdata/protobuf.gz
./operations-debs-kubernetes/other.txt_backup:Godeps/_workspace/src/github.com/prometheus/client_golang/text/testdata/text.gz
./operations-debs-kubernetes/build.txt_backup:Godeps/_workspace/src/code.google.com/p/goprotobuf/proto/testdata/Makefile
./operations-debs-kubernetes/build.txt_backup:Godeps/_workspace/src/github.com/gogo/protobuf/proto/testdata/Makefile
./operations-debs-kubernetes/build.txt_backup:Godeps/_workspace/src/github.com/golang/protobuf/proto/testdata/Makefile
