>>> phabricator-phabricator/code.txt: 5 bladfafhafadfa.txt
src/applications/cache/spec/PhabricatorCacheSpec.php
src/applications/cache/spec/PhabricatorDataCacheSpec.php
src/applications/cache/spec/PhabricatorOpcodeCacheSpec.php
src/applications/fact/spec/PhabricatorFactSimpleSpec.php
src/applications/fact/spec/PhabricatorFactSpec.php
>>> operations-debs-kubernetes/build.txt: >>> operations-debs-kubernetes/build.txt: >>> operations-debs-puppet/infra.txt: >>> operations-puppet/infra.txt: >>> operations-puppet-mesos/infra.txt: >>> operations-debs-puppet/infra.txt: 45 bladfafhafadfa.txt
spec/fixtures/unit/parser/lexer/aliastest.pp
spec/fixtures/unit/parser/lexer/append.pp
spec/fixtures/unit/parser/lexer/argumentdefaults.pp
spec/fixtures/unit/parser/lexer/arithmetic_expression.pp
spec/fixtures/unit/parser/lexer/arraytrailingcomma.pp
spec/fixtures/unit/parser/lexer/casestatement.pp
spec/fixtures/unit/parser/lexer/classheirarchy.pp
spec/fixtures/unit/parser/lexer/classincludes.pp
spec/fixtures/unit/parser/lexer/classpathtest.pp
spec/fixtures/unit/parser/lexer/collection_override.pp
spec/fixtures/unit/parser/lexer/collection.pp
spec/fixtures/unit/parser/lexer/collection_within_virtual_definitions.pp
spec/fixtures/unit/parser/lexer/componentmetaparams.pp
spec/fixtures/unit/parser/lexer/componentrequire.pp
spec/fixtures/unit/parser/lexer/deepclassheirarchy.pp
spec/fixtures/unit/parser/lexer/defineoverrides.pp
spec/fixtures/unit/parser/lexer/emptyclass.pp
spec/fixtures/unit/parser/lexer/emptyexec.pp
spec/fixtures/unit/parser/lexer/emptyifelse.pp
spec/fixtures/unit/parser/lexer/falsevalues.pp
spec/fixtures/unit/parser/lexer/filecreate.pp
spec/fixtures/unit/parser/lexer/fqdefinition.pp
spec/fixtures/unit/parser/lexer/fqparents.pp
spec/fixtures/unit/parser/lexer/funccomma.pp
spec/fixtures/unit/parser/lexer/hash.pp
spec/fixtures/unit/parser/lexer/ifexpression.pp
spec/fixtures/unit/parser/lexer/implicititeration.pp
spec/fixtures/unit/parser/lexer/multilinecomments.pp
spec/fixtures/unit/parser/lexer/multipleclass.pp
spec/fixtures/unit/parser/lexer/multipleinstances.pp
spec/fixtures/unit/parser/lexer/multisubs.pp
spec/fixtures/unit/parser/lexer/namevartest.pp
spec/fixtures/unit/parser/lexer/scopetest.pp
spec/fixtures/unit/parser/lexer/selectorvalues.pp
spec/fixtures/unit/parser/lexer/simpledefaults.pp
spec/fixtures/unit/parser/lexer/simpleselector.pp
spec/fixtures/unit/parser/lexer/singleary.pp
spec/fixtures/unit/parser/lexer/singlequote.pp
spec/fixtures/unit/parser/lexer/singleselector.pp
spec/fixtures/unit/parser/lexer/subclass_name_duplication.pp
spec/fixtures/unit/parser/lexer/tagged.pp
spec/fixtures/unit/parser/lexer/tag.pp
spec/fixtures/unit/parser/lexer/virtualresources.pp
spec/fixtures/unit/util/rdoc/basic.pp
spec/unit/provider/selmodule-example.pp
>>> operations-puppet/infra.txt: 13 bladfafhafadfa.txt
modules/backup/spec/fixtures/manifests/site.pp
modules/bacula/spec/fixtures/manifests/site.pp
modules/base/spec/fixtures/manifests/site.pp
modules/install-server/spec/fixtures/manifests/site.pp
modules/mirrors/spec/fixtures/manifests/site.pp
modules/mongodb/spec/fixtures/manifests/site.pp
modules/nrpe/spec/fixtures/manifests/site.pp
modules/osm/spec/fixtures/manifests/site.pp
modules/postgresql/spec/fixtures/manifests/site.pp
modules/rsync/spec/fixtures/manifests/site.pp
modules/servermon/spec/fixtures/manifests/site.pp
modules/squid3/spec/fixtures/manifests/site.pp
modules/url_downloader/spec/fixtures/manifests/site.pp
>>> operations-puppet-mesos/infra.txt: 1 bladfafhafadfa.txt
spec/fixtures/manifests/site.pp
>>> operations-debs-kubernetes/build.txt: 1 bladfafhafadfa.txt
Godeps/_workspace/src/github.com/appc/spec/aci/build.go
>>> operations-debs-puppet/infra_test.txt: 56 bladfafhafadfa.txt
vendor/gems/rspec/lib/spec/interop/test/unit/autorunner.rb
vendor/gems/rspec/lib/spec/interop/test/unit/testcase.rb
vendor/gems/rspec/lib/spec/interop/test/unit/testresult.rb
vendor/gems/rspec/lib/spec/interop/test/unit/testsuite_adapter.rb
vendor/gems/rspec/lib/spec/interop/test/unit/ui/console/testrunner.rb
vendor/gems/rspec/spec/spec/interop/test/unit/spec_spec.rb
vendor/gems/rspec/spec/spec/interop/test/unit/testcase_spec.rb
vendor/gems/rspec/spec/spec/interop/test/unit/testsuite_adapter_spec.rb
vendor/gems/rspec/spec/spec/interop/test/unit/test_unit_spec_helper.rb
vendor/gems/rspec/lib/spec/interop/test.rb
spec/lib/spec/expectations/extensions/object.rb
spec/lib/spec/expectations/extensions/string_and_symbol.rb
spec/lib/spec/extensions/object.rb
spec/lib/spec/mocks/extensions/object.rb
spec/lib/spec/runner/extensions/kernel.rb
spec/lib/spec/runner/extensions/object.rb
test/lib/spec/callback/extensions/module.rb
test/lib/spec/callback/extensions/object.rb
test/lib/spec/expectations/extensions/object.rb
test/lib/spec/expectations/extensions/proc.rb
test/lib/spec/expectations/extensions/string_and_symbol.rb
test/lib/spec/extensions/object.rb
test/lib/spec/mocks/extensions/object.rb
test/lib/spec/runner/extensions/kernel.rb
test/lib/spec/runner/extensions/object.rb
vendor/gems/rspec/lib/spec/expectations/extensions/object.rb
vendor/gems/rspec/lib/spec/expectations/extensions/string_and_symbol.rb
vendor/gems/rspec/lib/spec/extensions/class.rb
vendor/gems/rspec/lib/spec/extensions/main.rb
vendor/gems/rspec/lib/spec/extensions/object.rb
vendor/gems/rspec/lib/spec/mocks/extensions/object.rb
vendor/gems/rspec/lib/spec/runner/extensions/kernel.rb
vendor/gems/rspec/lib/spec/runner/extensions/object.rb
vendor/gems/rspec/lib/spec/story/extensions/main.rb
vendor/gems/rspec/lib/spec/story/extensions/regexp.rb
vendor/gems/rspec/lib/spec/story/extensions/string.rb
vendor/gems/rspec/spec/spec/expectations/extensions/object_spec.rb
vendor/gems/rspec/spec/spec/extensions/main_spec.rb
vendor/gems/rspec/spec/spec/runner/extensions/bug_report_10577_spec.rb
vendor/gems/rspec/spec/spec/runner/extensions/kernel_spec.rb
vendor/gems/rspec/spec/spec/story/extensions/main_spec.rb
vendor/gems/rspec/spec/spec/runner/formatter/html_formatted-1.8.4.html
vendor/gems/rspec/spec/spec/runner/formatter/html_formatted-1.8.5.html
vendor/gems/rspec/spec/spec/runner/formatter/html_formatted-1.8.5-jruby.html
vendor/gems/rspec/spec/spec/runner/formatter/html_formatted-1.8.6.html
vendor/gems/rspec/spec/spec/runner/formatter/html_formatted-1.8.6-jruby.html
vendor/gems/rspec/spec/spec/runner/formatter/text_mate_formatted-1.8.4.html
vendor/gems/rspec/spec/spec/runner/formatter/text_mate_formatted-1.8.6.html
spec/fixtures/faulty_face/puppet/face/syntax.rb
spec/lib/puppet/face/1.0.0/huzzah.rb
spec/lib/puppet/face/basetest.rb
spec/lib/puppet/face/huzzah/obsolete.rb
spec/lib/puppet/face/huzzah.rb
spec/lib/puppet/faces/basetest.rb
spec/lib/puppet/faces/huzzah.rb
spec/lib/puppet/face/version_matching.rb
>>> operations-debs-hhvm/infra_test.txt: 331 bladfafhafadfa.txt
hphp/test/spec/tests/arrays/arrays.php
hphp/test/spec/tests/basic_concepts/memory_model_and_array_types.php
hphp/test/spec/tests/basic_concepts/memory_model_and_handle_types.php
hphp/test/spec/tests/basic_concepts/memory_model_and_resources.php
hphp/test/spec/tests/basic_concepts/memory_model_and_value_types.php
hphp/test/spec/tests/basic_concepts/storage_duration.php
hphp/test/spec/tests/classes/classes.php
hphp/test/spec/tests/classes/cloning.php
hphp/test/spec/tests/classes/constructors.php
hphp/test/spec/tests/classes/destructors.php
hphp/test/spec/tests/classes/dynamic_methods.php
hphp/test/spec/tests/classes/dynamic_properties2.php
hphp/test/spec/tests/classes/dynamic_properties3.php
hphp/test/spec/tests/classes/dynamic_properties.php
hphp/test/spec/tests/classes/__gets_return_type.php
hphp/test/spec/tests/classes/invoke.php
hphp/test/spec/tests/classes/invoking.php
hphp/test/spec/tests/classes/mathlibrary_test1.php
hphp/test/spec/tests/classes/mylist.php
hphp/test/spec/tests/classes/overloading_2.php
hphp/test/spec/tests/classes/overloading_methods.php
hphp/test/spec/tests/classes/overloading.php
hphp/test/spec/tests/classes/overloading_play.php
hphp/test/spec/tests/classes/overloading_properties2.php
hphp/test/spec/tests/classes/overloading_properties.php
hphp/test/spec/tests/classes/__php_incomplete_class.php
hphp/test/spec/tests/classes/point2_test1.php
hphp/test/spec/tests/classes/point_test1.php
hphp/test/spec/tests/classes/property_initializer.php
hphp/test/spec/tests/classes/serializable.php
hphp/test/spec/tests/classes/setting_state.php
hphp/test/spec/tests/classes/sleep_and_wakeup.php
hphp/test/spec/tests/classes/stdClass.php
hphp/test/spec/tests/classes/using_class_declarations.php
hphp/test/spec/tests/classes/vehicle_test1.php
hphp/test/spec/tests/classes/visibility.php
hphp/test/spec/tests/constants/classes.php
hphp/test/spec/tests/constants/constants.php
hphp/test/spec/tests/constants/core_predefined_constants2.php
hphp/test/spec/tests/constants/core_predefined_constants.php
hphp/test/spec/tests/exception_handling/exception_class_experiment_1.php
hphp/test/spec/tests/exception_handling/exception_class_from_within_a_class.php
hphp/test/spec/tests/exception_handling/exception_class.php
hphp/test/spec/tests/exception_handling/exception_class_using_conditional_functions.php
hphp/test/spec/tests/exception_handling/hierarchy_of_exception_classes.php
hphp/test/spec/tests/exception_handling/jump_from_catch_or_finally_clause.php
hphp/test/spec/tests/exception_handling/myrangeexception_test1.php
hphp/test/spec/tests/exception_handling/odds_and_ends.php
hphp/test/spec/tests/exception_handling/set_exception_handler.php
hphp/test/spec/tests/expressions/additive_operators/addition_subtraction_concatenation.php
hphp/test/spec/tests/expressions/additive_operators/array_concatenation.php
hphp/test/spec/tests/expressions/assignment_operators/assignment.php
hphp/test/spec/tests/expressions/binary_logical_operators/binary_logical_operators.php
hphp/test/spec/tests/expressions/bitwise_and,_or,_xor_operators/bitwise_and_or_xor.php
hphp/test/spec/tests/expressions/bitwise_shift_operators/bitwise_shift.php
hphp/test/spec/tests/expressions/coalesce_operator/coalesce.php
hphp/test/spec/tests/expressions/conditional_operator/conditional.php
hphp/test/spec/tests/expressions/equality_operators/comparisons.php
hphp/test/spec/tests/expressions/equality_operators/equality_comparison_of_objects.php
hphp/test/spec/tests/expressions/error_control_operator/error_control.php
hphp/test/spec/tests/expressions/execution_operator/execution_operator.php
hphp/test/spec/tests/expressions/general/associativity.php
hphp/test/spec/tests/expressions/general/order_of_evaluation.php
hphp/test/spec/tests/expressions/general/precedence.php
hphp/test/spec/tests/expressions/general/sequence_points.php
hphp/test/spec/tests/expressions/general/vacuous_expressions.php
hphp/test/spec/tests/expressions/instanceof_operator/instanceof.php
hphp/test/spec/tests/expressions/multiplicative_operators/multiplication_division_modulus.php
hphp/test/spec/tests/expressions/postfix_operators/exponentiation.php
hphp/test/spec/tests/expressions/postfix_operators/member_selection_operator.php
hphp/test/spec/tests/expressions/postfix_operators/post-increment_and_decrement_integer_edge_cases.php
hphp/test/spec/tests/expressions/postfix_operators/post-increment_and_decrement.php
hphp/test/spec/tests/expressions/postfix_operators/scope_resolution_operator.php
hphp/test/spec/tests/expressions/postfix_operators/subscripting_2.php
hphp/test/spec/tests/expressions/postfix_operators/subscripting.php
hphp/test/spec/tests/expressions/primary_expressions/intrinsics_echo.php
hphp/test/spec/tests/expressions/primary_expressions/intrinsics_empty.php
hphp/test/spec/tests/expressions/primary_expressions/intrinsics_eval.php
hphp/test/spec/tests/expressions/primary_expressions/intrinsics_exit.php
hphp/test/spec/tests/expressions/primary_expressions/intrinsics_isset.php
hphp/test/spec/tests/expressions/primary_expressions/intrinsics_list.php
hphp/test/spec/tests/expressions/primary_expressions/intrinsics_print.php
hphp/test/spec/tests/expressions/primary_expressions/intrinsics_unset.php
hphp/test/spec/tests/expressions/primary_expressions/primary.php
hphp/test/spec/tests/expressions/relational_operators/comparisons1.php
hphp/test/spec/tests/expressions/relational_operators/comparisons2.php
hphp/test/spec/tests/expressions/relational_operators/comparisons3.php
hphp/test/spec/tests/expressions/relational_operators/comparisons4.php
hphp/test/spec/tests/expressions/relational_operators/comparisons5.php
hphp/test/spec/tests/expressions/relational_operators/relational_comparison_of_objects.php
hphp/test/spec/tests/expressions/source_file_inclusion/include_once.php
hphp/test/spec/tests/expressions/source_file_inclusion/include.php
hphp/test/spec/tests/expressions/source_file_inclusion/limits.php
hphp/test/spec/tests/expressions/source_file_inclusion/mycolors.php
hphp/test/spec/tests/expressions/source_file_inclusion/require_once.php
hphp/test/spec/tests/expressions/source_file_inclusion/require.php
hphp/test/spec/tests/expressions/source_file_inclusion/return_none.php
hphp/test/spec/tests/expressions/source_file_inclusion/return_without_value.php
hphp/test/spec/tests/expressions/source_file_inclusion/return_with_value.php
hphp/test/spec/tests/expressions/source_file_inclusion/test.php
hphp/test/spec/tests/expressions/unary_operators/cast.php
hphp/test/spec/tests/expressions/unary_operators/pre-increment_and_decrement_integer_edge_cases.php
hphp/test/spec/tests/expressions/unary_operators/pre-increment_and_decrement.php
hphp/test/spec/tests/expressions/unary_operators/unary_arithmetic_operators.php
hphp/test/spec/tests/expressions/yield_operator/yield.php
hphp/test/spec/tests/expressions/yield_operator/yield_play.php
hphp/test/spec/tests/functions/anonymous_functions.php
hphp/test/spec/tests/functions/basics.php
hphp/test/spec/tests/functions/byrefs_in_array_elements.php
hphp/test/spec/tests/functions/byrefs.php
hphp/test/spec/tests/functions/conditionally_defined_function.php
hphp/test/spec/tests/functions/default_arguments.php
hphp/test/spec/tests/functions/order_of_evaluation.php
hphp/test/spec/tests/functions/passing_arguments.php
hphp/test/spec/tests/functions/passing_by_reference.php
hphp/test/spec/tests/functions/recursion.php
hphp/test/spec/tests/functions/type_hints.php
hphp/test/spec/tests/functions/using_byrefs_to_undefined_variables.php
hphp/test/spec/tests/functions/variable_functions.php
hphp/test/spec/tests/interfaces/arrayaccess.php
hphp/test/spec/tests/interfaces/interfaces.php
hphp/test/spec/tests/interfaces/iterator.php
hphp/test/spec/tests/interfaces/vector.php
hphp/test/spec/tests/lexical_structure/comments.php
hphp/test/spec/tests/lexical_structure/keywords.php
hphp/test/spec/tests/lexical_structure/tokens/array_literals.php
hphp/test/spec/tests/lexical_structure/tokens/heredoc_string_literals.php
hphp/test/spec/tests/lexical_structure/tokens/integer_literals_edge_cases.php
hphp/test/spec/tests/lexical_structure/tokens/nowdoc_string_literals.php
hphp/test/spec/tests/lexical_structure/tokens/point2.php
hphp/test/spec/tests/lexical_structure/tokens/point.php
hphp/test/spec/tests/lexical_structure/tokens/string_literals.php
hphp/test/spec/tests/namespaces/name_lookup.php
hphp/test/spec/tests/namespaces/namespaces1.php
hphp/test/spec/tests/namespaces/namespaces2.php
hphp/test/spec/tests/namespaces/using_namespaces_1.php
hphp/test/spec/tests/namespaces/using_namespaces_2.php
hphp/test/spec/tests/namespaces/using_namespaces_3.php
hphp/test/spec/tests/scope/scope.php
hphp/test/spec/tests/serialization/serialize.php
hphp/test/spec/tests/statements/declare/declare.php
hphp/test/spec/tests/statements/expression_statement.php
hphp/test/spec/tests/statements/iteration/do.php
hphp/test/spec/tests/statements/iteration/foreach.php
hphp/test/spec/tests/statements/iteration/for.php
hphp/test/spec/tests/statements/iteration/while.php
hphp/test/spec/tests/statements/jump/break.php
hphp/test/spec/tests/statements/jump/continue.php
hphp/test/spec/tests/statements/jump/goto.php
hphp/test/spec/tests/statements/selection/if.php
hphp/test/spec/tests/statements/selection/switch.php
hphp/test/spec/tests/traits/traits.php
hphp/test/spec/tests/types/resource/resource_from_fopen.php
hphp/test/spec/tests/types/resource/resources.php
hphp/test/spec/tests/types/string/numeric_like_strings.php
hphp/test/spec/tests/types/string/numeric_strings.php
hphp/test/spec/tests/variables/predefined_variables.php
hphp/test/spec/tests/variables/unsetting_variables.php
hphp/test/spec/tests/variables/variable_kinds.php
hphp/test/spec/tests/variables/variable_names.php
hphp/test/spec/tests/variables/variable_variables.php
hphp/test/spec/tests/arrays/arrays.php.expectf
hphp/test/spec/tests/basic_concepts/memory_model_and_array_types.php.expect
hphp/test/spec/tests/basic_concepts/memory_model_and_handle_types.php.expectf
hphp/test/spec/tests/basic_concepts/memory_model_and_resources.php.expect
hphp/test/spec/tests/basic_concepts/memory_model_and_value_types.php.expectf
hphp/test/spec/tests/basic_concepts/storage_duration.php.expectf
hphp/test/spec/tests/classes/classes.php.expect
hphp/test/spec/tests/classes/cloning.php.expectf
hphp/test/spec/tests/classes/constructors.php.expect
hphp/test/spec/tests/classes/destructors.php.expectf
hphp/test/spec/tests/classes/dynamic_methods.php.expectf
hphp/test/spec/tests/classes/dynamic_properties2.php.expectf
hphp/test/spec/tests/classes/dynamic_properties3.php.expectf
hphp/test/spec/tests/classes/dynamic_properties.php.expect
hphp/test/spec/tests/classes/__gets_return_type.php.expect
hphp/test/spec/tests/classes/invoke.php.expect
hphp/test/spec/tests/classes/invoking.php.expect
hphp/test/spec/tests/classes/mathlibrary_test1.php.expectf
hphp/test/spec/tests/classes/mylist.php.expect
hphp/test/spec/tests/classes/overloading_2.php.expectf
hphp/test/spec/tests/classes/overloading_methods.php.expectf
hphp/test/spec/tests/classes/overloading.php.expect
hphp/test/spec/tests/classes/overloading_play.php.expectf
hphp/test/spec/tests/classes/overloading_properties2.php.expectf
hphp/test/spec/tests/classes/overloading_properties.php.expect
hphp/test/spec/tests/classes/__php_incomplete_class.php.expect
hphp/test/spec/tests/classes/point2_test1.php.expect
hphp/test/spec/tests/classes/point_test1.php.expectf
hphp/test/spec/tests/classes/property_initializer.php.expect
hphp/test/spec/tests/classes/serializable.php.expect
hphp/test/spec/tests/classes/setting_state.php.expectf
hphp/test/spec/tests/classes/setting_state.php.norepo
hphp/test/spec/tests/classes/sleep_and_wakeup.php.expectf
hphp/test/spec/tests/classes/stdClass.php.expect
hphp/test/spec/tests/classes/using_class_declarations.php.expect
hphp/test/spec/tests/classes/vehicle_test1.php.expect
hphp/test/spec/tests/classes/visibility.php.expectf
hphp/test/spec/tests/constants/classes.php.expect
hphp/test/spec/tests/constants/constants.php.expectf
hphp/test/spec/tests/constants/core_predefined_constants2.php.expectf
hphp/test/spec/tests/constants/core_predefined_constants.php.expectf
hphp/test/spec/tests/exception_handling/exception_class_experiment_1.php.expectf
hphp/test/spec/tests/exception_handling/exception_class_from_within_a_class.php.expectf
hphp/test/spec/tests/exception_handling/exception_class.php.expectf
hphp/test/spec/tests/exception_handling/exception_class_using_conditional_functions.php.expectf
hphp/test/spec/tests/exception_handling/hierarchy_of_exception_classes.php.expect
hphp/test/spec/tests/exception_handling/jump_from_catch_or_finally_clause.php.expect
hphp/test/spec/tests/exception_handling/myrangeexception_test1.php.expectf
hphp/test/spec/tests/exception_handling/odds_and_ends.php.expect
hphp/test/spec/tests/exception_handling/set_exception_handler.php.expectf
hphp/test/spec/tests/expressions/additive_operators/addition_subtraction_concatenation.php.expect
hphp/test/spec/tests/expressions/additive_operators/array_concatenation.php.expectf
hphp/test/spec/tests/expressions/assignment_operators/assignment.php.expect
hphp/test/spec/tests/expressions/binary_logical_operators/binary_logical_operators.php.expect
hphp/test/spec/tests/expressions/bitwise_and,_or,_xor_operators/bitwise_and_or_xor.php.expect
hphp/test/spec/tests/expressions/bitwise_shift_operators/bitwise_shift.php.expect
hphp/test/spec/tests/expressions/coalesce_operator/coalesce.php.expect
hphp/test/spec/tests/expressions/conditional_operator/conditional.php.expect
hphp/test/spec/tests/expressions/equality_operators/comparisons.php.expectf
hphp/test/spec/tests/expressions/equality_operators/equality_comparison_of_objects.php.expect
hphp/test/spec/tests/expressions/error_control_operator/error_control.php.expectf
hphp/test/spec/tests/expressions/error_control_operator/error_control.php.norepo
hphp/test/spec/tests/expressions/execution_operator/execution_operator.php.expectf
hphp/test/spec/tests/expressions/general/associativity.php.expect
hphp/test/spec/tests/expressions/general/order_of_evaluation.php.expect
hphp/test/spec/tests/expressions/general/order_of_evaluation.php.norepo
hphp/test/spec/tests/expressions/general/precedence.php.expect
hphp/test/spec/tests/expressions/general/sequence_points.php.expect
hphp/test/spec/tests/expressions/general/vacuous_expressions.php.expect
hphp/test/spec/tests/expressions/instanceof_operator/instanceof.php.expect
hphp/test/spec/tests/expressions/multiplicative_operators/multiplication_division_modulus.php.expectf
hphp/test/spec/tests/expressions/postfix_operators/exponentiation.php.expect
hphp/test/spec/tests/expressions/postfix_operators/member_selection_operator.php.expectf
hphp/test/spec/tests/expressions/postfix_operators/post-increment_and_decrement_integer_edge_cases.php.expect
hphp/test/spec/tests/expressions/postfix_operators/post-increment_and_decrement.php.expect
hphp/test/spec/tests/expressions/postfix_operators/scope_resolution_operator.php.expect
hphp/test/spec/tests/expressions/postfix_operators/subscripting_2.php.expectf
hphp/test/spec/tests/expressions/postfix_operators/subscripting.php.expectf
hphp/test/spec/tests/expressions/primary_expressions/intrinsics_echo.php.expect
hphp/test/spec/tests/expressions/primary_expressions/intrinsics_empty.php.expectf
hphp/test/spec/tests/expressions/primary_expressions/intrinsics_eval.php.expect
hphp/test/spec/tests/expressions/primary_expressions/intrinsics_eval.php.norepo
hphp/test/spec/tests/expressions/primary_expressions/intrinsics_exit.php.expect
hphp/test/spec/tests/expressions/primary_expressions/intrinsics_isset.php.expectf
hphp/test/spec/tests/expressions/primary_expressions/intrinsics_list.php.expectf
hphp/test/spec/tests/expressions/primary_expressions/intrinsics_print.php.expect
hphp/test/spec/tests/expressions/primary_expressions/intrinsics_unset.php.expectf
hphp/test/spec/tests/expressions/primary_expressions/intrinsics_unset.php.norepo
hphp/test/spec/tests/expressions/primary_expressions/primary.php.expect
hphp/test/spec/tests/expressions/relational_operators/comparisons1.php.expectf
hphp/test/spec/tests/expressions/relational_operators/comparisons2.php.expectf
hphp/test/spec/tests/expressions/relational_operators/comparisons3.php.expectf
hphp/test/spec/tests/expressions/relational_operators/comparisons4.php.expectf
hphp/test/spec/tests/expressions/relational_operators/comparisons5.php.expectf
hphp/test/spec/tests/expressions/relational_operators/relational_comparison_of_objects.php.expect
hphp/test/spec/tests/expressions/source_file_inclusion/include_once.php.expectf
hphp/test/spec/tests/expressions/source_file_inclusion/include.php.expectf
hphp/test/spec/tests/expressions/source_file_inclusion/include.php.norepo
hphp/test/spec/tests/expressions/source_file_inclusion/limits.php.expectf
hphp/test/spec/tests/expressions/source_file_inclusion/mycolors.php.expectf
hphp/test/spec/tests/expressions/source_file_inclusion/require_once.php.expectf
hphp/test/spec/tests/expressions/source_file_inclusion/require.php.expectf
hphp/test/spec/tests/expressions/source_file_inclusion/require.php.norepo
hphp/test/spec/tests/expressions/source_file_inclusion/return_none.php.expect
hphp/test/spec/tests/expressions/source_file_inclusion/return_without_value.php.expect
hphp/test/spec/tests/expressions/source_file_inclusion/return_with_value.php.expect
hphp/test/spec/tests/expressions/source_file_inclusion/test.php.expectf
hphp/test/spec/tests/expressions/unary_operators/cast.php.expectf
hphp/test/spec/tests/expressions/unary_operators/pre-increment_and_decrement_integer_edge_cases.php.expect
hphp/test/spec/tests/expressions/unary_operators/pre-increment_and_decrement.php.expect
hphp/test/spec/tests/expressions/unary_operators/unary_arithmetic_operators.php.expect
hphp/test/spec/tests/expressions/yield_operator/yield.php.expect
hphp/test/spec/tests/expressions/yield_operator/yield_play.php.expect
hphp/test/spec/tests/functions/anonymous_functions.php.expectf
hphp/test/spec/tests/functions/basics.php.expectf
hphp/test/spec/tests/functions/basics.php.norepo
hphp/test/spec/tests/functions/byrefs_in_array_elements.php.expect
hphp/test/spec/tests/functions/byrefs.php.expectf
hphp/test/spec/tests/functions/byrefs.php.norepo
hphp/test/spec/tests/functions/conditionally_defined_function.php.expect
hphp/test/spec/tests/functions/default_arguments.php.expectf
hphp/test/spec/tests/functions/order_of_evaluation.php.expectf
hphp/test/spec/tests/functions/passing_arguments.php.expectf
hphp/test/spec/tests/functions/passing_by_reference.php.expectf
hphp/test/spec/tests/functions/recursion.php.expect
hphp/test/spec/tests/functions/type_hints.php.expect
hphp/test/spec/tests/functions/using_byrefs_to_undefined_variables.php.expectf
hphp/test/spec/tests/functions/variable_functions.php.expect
hphp/test/spec/tests/interfaces/arrayaccess.php.expect
hphp/test/spec/tests/interfaces/interfaces.php.expect
hphp/test/spec/tests/interfaces/iterator.php.expect
hphp/test/spec/tests/interfaces/vector.php.expect
hphp/test/spec/tests/lexical_structure/comments.php.expect
hphp/test/spec/tests/lexical_structure/keywords.php.expect
hphp/test/spec/tests/lexical_structure/tokens/array_literals.php.expect
hphp/test/spec/tests/lexical_structure/tokens/heredoc_string_literals.php.expect
hphp/test/spec/tests/lexical_structure/tokens/integer_literals_edge_cases.php.expect
hphp/test/spec/tests/lexical_structure/tokens/nowdoc_string_literals.php.expect
hphp/test/spec/tests/lexical_structure/tokens/point2.php.expect
hphp/test/spec/tests/lexical_structure/tokens/point.php.expect
hphp/test/spec/tests/lexical_structure/tokens/string_literals.php.expectf
hphp/test/spec/tests/namespaces/name_lookup.php.expect
hphp/test/spec/tests/namespaces/namespaces1.php.expect
hphp/test/spec/tests/namespaces/namespaces2.php.expect
hphp/test/spec/tests/namespaces/using_namespaces_1.php.expect
hphp/test/spec/tests/namespaces/using_namespaces_2.php.expect
hphp/test/spec/tests/namespaces/using_namespaces_3.php.expect
hphp/test/spec/tests/scope/scope.php.expect
hphp/test/spec/tests/serialization/serialize.php.expect
hphp/test/spec/tests/statements/declare/declare.php.expect
hphp/test/spec/tests/statements/expression_statement.php.expect
hphp/test/spec/tests/statements/iteration/do.php.expect
hphp/test/spec/tests/statements/iteration/foreach.php.expect
hphp/test/spec/tests/statements/iteration/for.php.expect
hphp/test/spec/tests/statements/iteration/while.php.expectf
hphp/test/spec/tests/statements/jump/break.php.expect
hphp/test/spec/tests/statements/jump/continue.php.expect
hphp/test/spec/tests/statements/jump/goto.php.expect
hphp/test/spec/tests/statements/selection/if.php.expectf
hphp/test/spec/tests/statements/selection/switch.php.expect
hphp/test/spec/tests/traits/traits.php.expectf
hphp/test/spec/tests/types/resource/resource_from_fopen.php.expectf
hphp/test/spec/tests/types/resource/resources.php.expect
hphp/test/spec/tests/types/string/numeric_like_strings.php.expect
hphp/test/spec/tests/types/string/numeric_strings.php.expectf
hphp/test/spec/tests/variables/predefined_variables.php.expectf
hphp/test/spec/tests/variables/unsetting_variables.php.expectf
hphp/test/spec/tests/variables/variable_kinds.php.expect
hphp/test/spec/tests/variables/variable_names.php.expectf
hphp/test/spec/tests/variables/variable_variables.php.expectf
>>> mediawiki-extensions-Wikibase/infra_test.txt: 39 bladfafhafadfa.txt
client/tests/selenium/spec/languagelinks/languagelinks_spec.rb
client/tests/selenium/spec/spec_helper.rb
repo/tests/selenium_ruby/spec/add_item/add_item_spec.rb
repo/tests/selenium_ruby/spec/item/description_spec.rb
repo/tests/selenium_ruby/spec/item/empty_item_spec.rb
repo/tests/selenium_ruby/spec/item/item_spec.rb
repo/tests/selenium_ruby/spec/item/label_spec.rb
repo/tests/selenium_ruby/spec/item/sitelinks_spec.rb
repo/tests/selenium_ruby/spec/item/title_spec.rb
repo/tests/selenium_ruby/spec/label/label_spec.rb
repo/tests/selenium_ruby/spec/login/login_spec.rb
repo/tests/selenium_ruby/spec/login/login_spec.rb.orig
repo/tests/selenium_ruby/spec/new_page/bogus_page_spec.rb
repo/tests/selenium_ruby/spec/spec_helper.rb
repo/tests/selenium/spec/aliases/aliases_bugs_spec.rb
repo/tests/selenium/spec/aliases/aliases_spec.rb
repo/tests/selenium/spec/client/client_repo_spec.rb
repo/tests/selenium/spec/errorhandling/errorhandling_spec.rb
repo/tests/selenium/spec/item/blocked_user_spec.rb
repo/tests/selenium/spec/item/bugs_spec.rb
repo/tests/selenium/spec/item/delete_item_spec.rb
repo/tests/selenium/spec/item/description_spec.rb
repo/tests/selenium/spec/item/editonoff_spec.rb
repo/tests/selenium/spec/item/edit_tab_spec.rb
repo/tests/selenium/spec/item/empty_item_spec.rb
repo/tests/selenium/spec/item/label_spec.rb
repo/tests/selenium/spec/item/new_item_spec.rb
repo/tests/selenium/spec/item/non_existing_item_spec.rb
repo/tests/selenium/spec/item/protected_page_spec.rb
repo/tests/selenium/spec/item/sitelinks_spec.rb
repo/tests/selenium/spec/language_selector/language_selector_spec.rb
repo/tests/selenium/spec/sitelinks/sitelinks_spec.rb
repo/tests/selenium/spec/spec_helper.rb
repo/tests/selenium/spec/special/recent_changes_spec.rb
repo/tests/selenium/spec/special/restore_spec.rb
repo/tests/selenium/spec/special/rollback_spec.rb
repo/tests/selenium/spec/special/search_spec.rb
repo/tests/selenium/spec/special/undo_spec.rb
selenium/spec/spec_helper.rb
>>> mediawiki-extensions-VisualEditor/infra_test.txt: 2 bladfafhafadfa.txt
modules/ve-mw/tests/browser/spec/rectangle_spec.rb
modules/ve-mw/test/browser/spec/rectangle_spec.rb
>>> mediawiki-vagrant/infra_test.txt: 96 bladfafhafadfa.txt
puppet/modules/rbenv/spec/classes/rbenv_spec.rb
puppet/modules/rbenv/spec/defines/build_spec.rb
puppet/modules/rbenv/spec/defines/gem_spec.rb
puppet/modules/rbenv/spec/defines/plugin_spec.rb
puppet/modules/rbenv/spec/spec_helper.rb
puppet/modules/stdlib/spec/functions/defined_with_params_spec.rb
puppet/modules/stdlib/spec/functions/ensure_packages_spec.rb
puppet/modules/stdlib/spec/functions/ensure_resource_spec.rb
puppet/modules/stdlib/spec/monkey_patches/alias_should_to_must.rb
puppet/modules/stdlib/spec/monkey_patches/publicize_methods.rb
puppet/modules/stdlib/spec/spec_helper.rb
puppet/modules/stdlib/spec/unit/facter/pe_version_spec.rb
puppet/modules/stdlib/spec/unit/facter/root_home_spec.rb
puppet/modules/stdlib/spec/unit/facter/util/puppet_settings_spec.rb
puppet/modules/stdlib/spec/unit/puppet/parser/functions/abs_spec.rb
puppet/modules/stdlib/spec/unit/puppet/parser/functions/bool2num_spec.rb
puppet/modules/stdlib/spec/unit/puppet/parser/functions/capitalize_spec.rb
puppet/modules/stdlib/spec/unit/puppet/parser/functions/chomp_spec.rb
puppet/modules/stdlib/spec/unit/puppet/parser/functions/chop_spec.rb
puppet/modules/stdlib/spec/unit/puppet/parser/functions/delete_at_spec.rb
puppet/modules/stdlib/spec/unit/puppet/parser/functions/delete_spec.rb
puppet/modules/stdlib/spec/unit/puppet/parser/functions/downcase_spec.rb
puppet/modules/stdlib/spec/unit/puppet/parser/functions/empty_spec.rb
puppet/modules/stdlib/spec/unit/puppet/parser/functions/flatten_spec.rb
puppet/modules/stdlib/spec/unit/puppet/parser/functions/fqdn_rotate_spec.rb
puppet/modules/stdlib/spec/unit/puppet/parser/functions/get_module_path_spec.rb
puppet/modules/stdlib/spec/unit/puppet/parser/functions/getvar_spec.rb
puppet/modules/stdlib/spec/unit/puppet/parser/functions/grep_spec.rb
puppet/modules/stdlib/spec/unit/puppet/parser/functions/hash_spec.rb
puppet/modules/stdlib/spec/unit/puppet/parser/functions/has_interface_with_spec.rb
puppet/modules/stdlib/spec/unit/puppet/parser/functions/has_ip_address_spec.rb
puppet/modules/stdlib/spec/unit/puppet/parser/functions/has_ip_network_spec.rb
puppet/modules/stdlib/spec/unit/puppet/parser/functions/has_key_spec.rb
puppet/modules/stdlib/spec/unit/puppet/parser/functions/is_array_spec.rb
puppet/modules/stdlib/spec/unit/puppet/parser/functions/is_domain_name_spec.rb
puppet/modules/stdlib/spec/unit/puppet/parser/functions/is_float_spec.rb
puppet/modules/stdlib/spec/unit/puppet/parser/functions/is_hash_spec.rb
puppet/modules/stdlib/spec/unit/puppet/parser/functions/is_integer_spec.rb
puppet/modules/stdlib/spec/unit/puppet/parser/functions/is_ip_address_spec.rb
puppet/modules/stdlib/spec/unit/puppet/parser/functions/is_mac_address_spec.rb
puppet/modules/stdlib/spec/unit/puppet/parser/functions/is_numeric_spec.rb
puppet/modules/stdlib/spec/unit/puppet/parser/functions/is_string_spec.rb
puppet/modules/stdlib/spec/unit/puppet/parser/functions/join_keys_to_values_spec.rb
puppet/modules/stdlib/spec/unit/puppet/parser/functions/join_spec.rb
puppet/modules/stdlib/spec/unit/puppet/parser/functions/keys_spec.rb
puppet/modules/stdlib/spec/unit/puppet/parser/functions/lstrip_spec.rb
puppet/modules/stdlib/spec/unit/puppet/parser/functions/max_spec.rb
puppet/modules/stdlib/spec/unit/puppet/parser/functions/member_spec.rb
puppet/modules/stdlib/spec/unit/puppet/parser/functions/merge_spec.rb
puppet/modules/stdlib/spec/unit/puppet/parser/functions/min_spec.rb
puppet/modules/stdlib/spec/unit/puppet/parser/functions/num2bool_spec.rb
puppet/modules/stdlib/spec/unit/puppet/parser/functions/parsejson_spec.rb
puppet/modules/stdlib/spec/unit/puppet/parser/functions/parseyaml_spec.rb
puppet/modules/stdlib/spec/unit/puppet/parser/functions/pick_spec.rb
puppet/modules/stdlib/spec/unit/puppet/parser/functions/prefix_spec.rb
puppet/modules/stdlib/spec/unit/puppet/parser/functions/range_spec.rb
puppet/modules/stdlib/spec/unit/puppet/parser/functions/reject_spec.rb
puppet/modules/stdlib/spec/unit/puppet/parser/functions/reverse_spec.rb
puppet/modules/stdlib/spec/unit/puppet/parser/functions/rstrip_spec.rb
puppet/modules/stdlib/spec/unit/puppet/parser/functions/shuffle_spec.rb
puppet/modules/stdlib/spec/unit/puppet/parser/functions/size_spec.rb
puppet/modules/stdlib/spec/unit/puppet/parser/functions/sort_spec.rb
puppet/modules/stdlib/spec/unit/puppet/parser/functions/squeeze_spec.rb
puppet/modules/stdlib/spec/unit/puppet/parser/functions/str2bool_spec.rb
puppet/modules/stdlib/spec/unit/puppet/parser/functions/str2saltedsha512_spec.rb
puppet/modules/stdlib/spec/unit/puppet/parser/functions/strftime_spec.rb
puppet/modules/stdlib/spec/unit/puppet/parser/functions/strip_spec.rb
puppet/modules/stdlib/spec/unit/puppet/parser/functions/swapcase_spec.rb
puppet/modules/stdlib/spec/unit/puppet/parser/functions/time_spec.rb
puppet/modules/stdlib/spec/unit/puppet/parser/functions/to_bytes_spec.rb
puppet/modules/stdlib/spec/unit/puppet/parser/functions/type_spec.rb
puppet/modules/stdlib/spec/unit/puppet/parser/functions/unique_spec.rb
puppet/modules/stdlib/spec/unit/puppet/parser/functions/upcase_spec.rb
puppet/modules/stdlib/spec/unit/puppet/parser/functions/uriescape_spec.rb
puppet/modules/stdlib/spec/unit/puppet/parser/functions/validate_absolute_path_spec.rb
puppet/modules/stdlib/spec/unit/puppet/parser/functions/validate_array_spec.rb
puppet/modules/stdlib/spec/unit/puppet/parser/functions/validate_bool_spec.rb
puppet/modules/stdlib/spec/unit/puppet/parser/functions/validate_hash_spec.rb
puppet/modules/stdlib/spec/unit/puppet/parser/functions/validate_re_spec.rb
puppet/modules/stdlib/spec/unit/puppet/parser/functions/validate_slength_spec.rb
puppet/modules/stdlib/spec/unit/puppet/parser/functions/validate_string_spec.rb
puppet/modules/stdlib/spec/unit/puppet/parser/functions/values_at_spec.rb
puppet/modules/stdlib/spec/unit/puppet/parser/functions/values_spec.rb
puppet/modules/stdlib/spec/unit/puppet/parser/functions/zip_spec.rb
puppet/modules/stdlib/spec/unit/puppet/provider/file_line/ruby_spec.rb
puppet/modules/stdlib/spec/unit/puppet/type/anchor_spec.rb
puppet/modules/stdlib/spec/unit/puppet/type/file_line_spec.rb
puppet/modules/stdlib/spec/watchr.rb
spec/mediawiki_vagrant/environment_spec.rb
spec/mediawiki_vagrant/settings_definer_spec.rb
spec/mediawiki_vagrant/settings/definitions_spec.rb
spec/mediawiki_vagrant/setting_spec.rb
spec/mediawiki_vagrant/settings_spec.rb
spec/spec_helper.rb
spec/support/mock_environment.rb
spec/support/string.rb
>>> mediawiki/infra_test.txt: 4 bladfafhafadfa.txt
tests/jasmine/spec/mediawiki.jqueryMsg.spec.data.js
tests/jasmine/spec/mediawiki.jqueryMsg.spec.js
tests/jasmine/spec/mediawiki.Uri.spec.js
tests/jasmine/spec/mediawiki.uri.spec.js
>>> operations-puppet/infra_test.txt: 221 bladfafhafadfa.txt
modules/apache/spec/classes/apache_spec.rb
modules/apache/spec/classes/dev_spec.rb
modules/apache/spec/classes/mod/auth_kerb_spec.rb
modules/apache/spec/classes/mod/python_spec.rb
modules/apache/spec/classes/mod/ssl_spec.rb
modules/apache/spec/classes/mod/wsgi_spec.rb
modules/apache/spec/classes/params_spec.rb
modules/apache/spec/classes/php_spec.rb
modules/apache/spec/classes/python_spec.rb
modules/apache/spec/classes/ssl_spec.rb
modules/apache/spec/defines/mod_spec.rb
modules/apache/spec/defines/vhost/proxy_spec.rb
modules/apache/spec/defines/vhost/redirect_spec.rb
modules/apache/spec/defines/vhost_spec.rb
modules/apache/spec/spec_helper.rb
modules/apache/spec/unit/provider/a2mod/gentoo_spec.rb
modules/backup/spec/defines/schedule_spec.rb
modules/backup/spec/defines/set_spec.rb
modules/backup/spec/defines/weeklyschedule_spec.rb
modules/backup/spec/spec_helper.rb
modules/bacula/spec/classes/bacula_client_spec.rb
modules/bacula/spec/classes/bacula_console_spec.rb
modules/bacula/spec/classes/bacula_director_spec.rb
modules/bacula/spec/classes/bacula_storage_spec.rb
modules/bacula/spec/defines/catalog_spec.rb
modules/bacula/spec/defines/fileset_spec.rb
modules/bacula/spec/defines/jobdefaults_spec.rb
modules/bacula/spec/defines/job_spec.rb
modules/bacula/spec/defines/mysql-bpipe_spec.rb
modules/bacula/spec/defines/pool_spec.rb
modules/bacula/spec/defines/schedule_spec.rb
modules/bacula/spec/defines/storage_device_spec.rb
modules/bacula/spec/spec_helper.rb
modules/base/spec/defines/service_unit_spec.rb
modules/base/spec/functions/pick_initscript_spec.rb
modules/base/spec/spec_helper.rb
modules/gitconfig/spec/defines/user_spec.rb
modules/gitconfig/spec/fixtures/modules/gitconfig/manifests
modules/gitconfig/spec/fixtures/modules/gitconfig/templates
modules/gitconfig/spec/fixtures/modules/git/manifests
modules/gitconfig/spec/fixtures/modules/git/templates
modules/gitconfig/spec/spec_helper.rb
modules/git/spec/defines/user_spec.rb
modules/git/spec/spec_helper.rb
modules/install-server/spec/classes/install_server_apt_repository_spec.rb
modules/install-server/spec/classes/install_server_caching_proxy_spec.rb
modules/install-server/spec/classes/install_server_dhcp_server_spec.rb
modules/install-server/spec/classes/install_server_preseed_server_spec.rb
modules/install-server/spec/classes/install_server_tftp_server_spec.rb
modules/install-server/spec/classes/install_server_ubuntu_mirror_spec.rb
modules/install-server/spec/classes/install_server_web_server_spec.rb
modules/install-server/spec/spec_helper.rb
modules/mirrors/spec/classes/mirrors_debian_spec.rb
modules/mirrors/spec/classes/mirrors_spec.rb
modules/mirrors/spec/classes/mirrors_ubuntu_spec.rb
modules/mirrors/spec/spec_helper.rb
modules/mongodb/spec/classes/mongodb_spec.rb
modules/mongodb/spec/spec_helper.rb
modules/mysql/spec/classes/mysql_backup_spec.rb
modules/mysql/spec/classes/mysql_config_spec.rb
modules/mysql/spec/classes/mysql_init_spec.rb
modules/mysql/spec/classes/mysql_java_spec.rb
modules/mysql/spec/classes/mysql_php_spec.rb
modules/mysql/spec/classes/mysql_python_spec.rb
modules/mysql/spec/classes/mysql_ruby_spec.rb
modules/mysql/spec/classes/mysql_server_account_security_spec.rb
modules/mysql/spec/classes/mysql_server_monitor_spec.rb
modules/mysql/spec/classes/mysql_server_spec.rb
modules/mysql/spec/defines/mysql_db_spec.rb
modules/mysql/spec/defines/mysql_server_config_spec.rb
modules/mysql/spec/spec_helper.rb
modules/mysql/spec/unit/mysql_password_spec.rb
modules/mysql/spec/unit/puppet/provider/database_grant/mysql_spec.rb
modules/nrpe/spec/classes/nrpe_spec.rb
modules/nrpe/spec/classes/packages_spec.rb
modules/nrpe/spec/classes/service_spec.rb
modules/nrpe/spec/defines/check_spec.rb
modules/nrpe/spec/defines/monitor_service_spec.rb
modules/nrpe/spec/fixtures/modules/nrpe/files
modules/nrpe/spec/fixtures/modules/nrpe/manifests
modules/nrpe/spec/fixtures/modules/nrpe/templates
modules/nrpe/spec/spec_helper.rb
modules/openstack/spec/classes/openstack_all_spec.rb
modules/openstack/spec/classes/openstack_auth_file_spec.rb
modules/openstack/spec/classes/openstack_cinder_all_spec.rb
modules/openstack/spec/classes/openstack_cinder_controller_spec.rb
modules/openstack/spec/classes/openstack_cinder_storage_spec.rb
modules/openstack/spec/classes/openstack_client_spec.rb
modules/openstack/spec/classes/openstack_compute_spec.rb
modules/openstack/spec/classes/openstack_controller_spec.rb
modules/openstack/spec/classes/openstack_glance_spec.rb
modules/openstack/spec/classes/openstack_horizon_spec.rb
modules/openstack/spec/classes/openstack_keystone_spec.rb
modules/openstack/spec/classes/openstack_neutron_spec.rb
modules/openstack/spec/classes/openstack_nova_controller_spec.rb
modules/openstack/spec/classes/openstack_provision_spec.rb
modules/openstack/spec/classes/openstack_repo_spec.rb
modules/openstack/spec/classes/openstack_repo_uca_spec.rb
modules/openstack/spec/classes/openstack_swift_storage-node.rb
modules/openstack/spec/classes/openstack_test_file_spec.rb
modules/openstack/spec/spec_helper.rb
modules/osm/spec/classes/osm_packages_spec.rb
modules/osm/spec/classes/osm_spec.rb
modules/osm/spec/defines/osm_planet_import_spec.rb
modules/osm/spec/defines/osm_planet_sync_spec.rb
modules/osm/spec/defines/osm_populatedb_spec.rb
modules/osm/spec/defines/osm_shapefile_import_spec.rb
modules/osm/spec/defines/osm_usergrants_spec.rb
modules/osm/spec/spec_helper.rb
modules/postgresql/spec/classes/postgresql_ganglia.rb
modules/postgresql/spec/classes/postgresql_master_spec.rb
modules/postgresql/spec/classes/postgresql_postgis_spec.rb
modules/postgresql/spec/classes/postgresql_server_spec.rb
modules/postgresql/spec/classes/postgresql_slave_spec.rb
modules/postgresql/spec/defines/postgresql_spatial_db_spec.rb
modules/postgresql/spec/defines/postgresql_user_spec.rb
modules/postgresql/spec/spec_helper.rb
modules/rsync/spec/classes/server_spec.rb
modules/rsync/spec/defines/get_spec.rb
modules/rsync/spec/defines/server_module_spec.rb
modules/rsync/spec/spec_helper.rb
modules/servermon/spec/classes/servermon_app_spec.rb
modules/servermon/spec/spec_helper.rb
modules/squid3/spec/classes/squid3_spec.rb
modules/squid3/spec/spec_helper.rb
modules/stdlib/spec/functions/defined_with_params_spec.rb
modules/stdlib/spec/functions/ensure_packages_spec.rb
modules/stdlib/spec/functions/ensure_resource_spec.rb
modules/stdlib/spec/lib/puppet_spec/files.rb
modules/stdlib/spec/lib/puppet_spec/fixtures.rb
modules/stdlib/spec/lib/puppet_spec/matchers.rb
modules/stdlib/spec/lib/puppet_spec/verbose.rb
modules/stdlib/spec/monkey_patches/alias_should_to_must.rb
modules/stdlib/spec/monkey_patches/publicize_methods.rb
modules/stdlib/spec/spec_helper.rb
modules/stdlib/spec/unit/facter/pe_version_spec.rb
modules/stdlib/spec/unit/facter/root_home_spec.rb
modules/stdlib/spec/unit/facter/util/puppet_settings_spec.rb
modules/stdlib/spec/unit/puppet/parser/functions/abs_spec.rb
modules/stdlib/spec/unit/puppet/parser/functions/bool2num_spec.rb
modules/stdlib/spec/unit/puppet/parser/functions/capitalize_spec.rb
modules/stdlib/spec/unit/puppet/parser/functions/chomp_spec.rb
modules/stdlib/spec/unit/puppet/parser/functions/chop_spec.rb
modules/stdlib/spec/unit/puppet/parser/functions/delete_at_spec.rb
modules/stdlib/spec/unit/puppet/parser/functions/delete_spec.rb
modules/stdlib/spec/unit/puppet/parser/functions/downcase_spec.rb
modules/stdlib/spec/unit/puppet/parser/functions/empty_spec.rb
modules/stdlib/spec/unit/puppet/parser/functions/flatten_spec.rb
modules/stdlib/spec/unit/puppet/parser/functions/fqdn_rotate_spec.rb
modules/stdlib/spec/unit/puppet/parser/functions/get_module_path_spec.rb
modules/stdlib/spec/unit/puppet/parser/functions/getvar_spec.rb
modules/stdlib/spec/unit/puppet/parser/functions/grep_spec.rb
modules/stdlib/spec/unit/puppet/parser/functions/hash_spec.rb
modules/stdlib/spec/unit/puppet/parser/functions/has_interface_with_spec.rb
modules/stdlib/spec/unit/puppet/parser/functions/has_ip_address_spec.rb
modules/stdlib/spec/unit/puppet/parser/functions/has_ip_network_spec.rb
modules/stdlib/spec/unit/puppet/parser/functions/has_key_spec.rb
modules/stdlib/spec/unit/puppet/parser/functions/is_array_spec.rb
modules/stdlib/spec/unit/puppet/parser/functions/is_domain_name_spec.rb
modules/stdlib/spec/unit/puppet/parser/functions/is_float_spec.rb
modules/stdlib/spec/unit/puppet/parser/functions/is_hash_spec.rb
modules/stdlib/spec/unit/puppet/parser/functions/is_integer_spec.rb
modules/stdlib/spec/unit/puppet/parser/functions/is_ip_address_spec.rb
modules/stdlib/spec/unit/puppet/parser/functions/is_mac_address_spec.rb
modules/stdlib/spec/unit/puppet/parser/functions/is_numeric_spec.rb
modules/stdlib/spec/unit/puppet/parser/functions/is_string_spec.rb
modules/stdlib/spec/unit/puppet/parser/functions/join_keys_to_values_spec.rb
modules/stdlib/spec/unit/puppet/parser/functions/join_spec.rb
modules/stdlib/spec/unit/puppet/parser/functions/keys_spec.rb
modules/stdlib/spec/unit/puppet/parser/functions/lstrip_spec.rb
modules/stdlib/spec/unit/puppet/parser/functions/max_spec.rb
modules/stdlib/spec/unit/puppet/parser/functions/member_spec.rb
modules/stdlib/spec/unit/puppet/parser/functions/merge_spec.rb
modules/stdlib/spec/unit/puppet/parser/functions/min_spec.rb
modules/stdlib/spec/unit/puppet/parser/functions/num2bool_spec.rb
modules/stdlib/spec/unit/puppet/parser/functions/parsejson_spec.rb
modules/stdlib/spec/unit/puppet/parser/functions/parseyaml_spec.rb
modules/stdlib/spec/unit/puppet/parser/functions/pick_spec.rb
modules/stdlib/spec/unit/puppet/parser/functions/prefix_spec.rb
modules/stdlib/spec/unit/puppet/parser/functions/range_spec.rb
modules/stdlib/spec/unit/puppet/parser/functions/reject_spec.rb
modules/stdlib/spec/unit/puppet/parser/functions/reverse_spec.rb
modules/stdlib/spec/unit/puppet/parser/functions/rstrip_spec.rb
modules/stdlib/spec/unit/puppet/parser/functions/shuffle_spec.rb
modules/stdlib/spec/unit/puppet/parser/functions/size_spec.rb
modules/stdlib/spec/unit/puppet/parser/functions/sort_spec.rb
modules/stdlib/spec/unit/puppet/parser/functions/squeeze_spec.rb
modules/stdlib/spec/unit/puppet/parser/functions/str2bool_spec.rb
modules/stdlib/spec/unit/puppet/parser/functions/str2saltedsha512_spec.rb
modules/stdlib/spec/unit/puppet/parser/functions/strftime_spec.rb
modules/stdlib/spec/unit/puppet/parser/functions/strip_spec.rb
modules/stdlib/spec/unit/puppet/parser/functions/swapcase_spec.rb
modules/stdlib/spec/unit/puppet/parser/functions/time_spec.rb
modules/stdlib/spec/unit/puppet/parser/functions/to_bytes_spec.rb
modules/stdlib/spec/unit/puppet/parser/functions/type_spec.rb
modules/stdlib/spec/unit/puppet/parser/functions/unique_spec.rb
modules/stdlib/spec/unit/puppet/parser/functions/upcase_spec.rb
modules/stdlib/spec/unit/puppet/parser/functions/uriescape_spec.rb
modules/stdlib/spec/unit/puppet/parser/functions/validate_absolute_path_spec.rb
modules/stdlib/spec/unit/puppet/parser/functions/validate_array_spec.rb
modules/stdlib/spec/unit/puppet/parser/functions/validate_bool_spec.rb
modules/stdlib/spec/unit/puppet/parser/functions/validate_hash_spec.rb
modules/stdlib/spec/unit/puppet/parser/functions/validate_re_spec.rb
modules/stdlib/spec/unit/puppet/parser/functions/validate_slength_spec.rb
modules/stdlib/spec/unit/puppet/parser/functions/validate_string_spec.rb
modules/stdlib/spec/unit/puppet/parser/functions/values_at_spec.rb
modules/stdlib/spec/unit/puppet/parser/functions/values_spec.rb
modules/stdlib/spec/unit/puppet/parser/functions/zip_spec.rb
modules/stdlib/spec/unit/puppet/provider/file_line/ruby_spec.rb
modules/stdlib/spec/unit/puppet/type/anchor_spec.rb
modules/stdlib/spec/unit/puppet/type/file_line_spec.rb
modules/stdlib/spec/watchr.rb
modules/strongswan/spec/functions/ipresolve_spec.rb
modules/strongswan/spec/spec_helper.rb
modules/url_downloader/spec/classes/urldownloader_spec.rb
modules/url_downloader/spec/spec_helper.rb
modules/wmflib/spec/functions/role_spec.rb
modules/wmflib/spec/hiera/backend/role_backend_spec.rb
modules/wmflib/spec/hiera/proxy_backend_spec.rb
modules/wmflib/spec/hiera/role_backend_spec.rb
modules/wmflib/spec/spec_helper.rb
>>> operations-debs-kubernetes/infra_test.txt: 71 bladfafhafadfa.txt
Godeps/_workspace/src/github.com/appc/spec/aci/file_test.go
Godeps/_workspace/src/github.com/appc/spec/aci/layout_test.go
Godeps/_workspace/src/github.com/appc/spec/pkg/acirenderer/acirenderer_test.go
Godeps/_workspace/src/github.com/appc/spec/pkg/acirenderer/store_test.go
Godeps/_workspace/src/github.com/appc/spec/pkg/tarheader/pop_posix_test.go
Godeps/_workspace/src/github.com/appc/spec/schema/image_test.go
Godeps/_workspace/src/github.com/appc/spec/schema/pod_test.go
Godeps/_workspace/src/github.com/appc/spec/schema/types/acidentifier_test.go
Godeps/_workspace/src/github.com/appc/spec/schema/types/ackind_test.go
Godeps/_workspace/src/github.com/appc/spec/schema/types/acname_test.go
Godeps/_workspace/src/github.com/appc/spec/schema/types/annotations_test.go
Godeps/_workspace/src/github.com/appc/spec/schema/types/app_test.go
Godeps/_workspace/src/github.com/appc/spec/schema/types/date_test.go
Godeps/_workspace/src/github.com/appc/spec/schema/types/dependencies_test.go
Godeps/_workspace/src/github.com/appc/spec/schema/types/environment_test.go
Godeps/_workspace/src/github.com/appc/spec/schema/types/exec_test.go
Godeps/_workspace/src/github.com/appc/spec/schema/types/hash_test.go
Godeps/_workspace/src/github.com/appc/spec/schema/types/isolator_test.go
Godeps/_workspace/src/github.com/appc/spec/schema/types/labels_test.go
Godeps/_workspace/src/github.com/appc/spec/schema/types/mountpoint_test.go
Godeps/_workspace/src/github.com/appc/spec/schema/types/port_test.go
Godeps/_workspace/src/github.com/appc/spec/schema/types/semver_test.go
Godeps/_workspace/src/github.com/appc/spec/schema/types/url_test.go
Godeps/_workspace/src/github.com/appc/spec/schema/types/uuid_test.go
Godeps/_workspace/src/github.com/appc/spec/schema/types/volume_test.go
Godeps/_workspace/src/github.com/onsi/ginkgo/internal/spec/index_computer_test.go
Godeps/_workspace/src/github.com/onsi/ginkgo/internal/spec/specs_test.go
Godeps/_workspace/src/github.com/onsi/ginkgo/internal/spec/spec_suite_test.go
Godeps/_workspace/src/github.com/onsi/ginkgo/internal/spec/spec_test.go
Godeps/_workspace/src/github.com/appc/spec/aci/doc.go
Godeps/_workspace/src/github.com/appc/spec/aci/file.go
Godeps/_workspace/src/github.com/appc/spec/aci/layout.go
Godeps/_workspace/src/github.com/appc/spec/aci/writer.go
Godeps/_workspace/src/github.com/appc/spec/pkg/acirenderer/acirenderer.go
Godeps/_workspace/src/github.com/appc/spec/pkg/acirenderer/resolve.go
Godeps/_workspace/src/github.com/appc/spec/pkg/tarheader/doc.go
Godeps/_workspace/src/github.com/appc/spec/pkg/tarheader/pop_darwin.go
Godeps/_workspace/src/github.com/appc/spec/pkg/tarheader/pop_linux.go
Godeps/_workspace/src/github.com/appc/spec/pkg/tarheader/pop_posix.go
Godeps/_workspace/src/github.com/appc/spec/pkg/tarheader/tarheader.go
Godeps/_workspace/src/github.com/appc/spec/schema/doc.go
Godeps/_workspace/src/github.com/appc/spec/schema/image.go
Godeps/_workspace/src/github.com/appc/spec/schema/kind.go
Godeps/_workspace/src/github.com/appc/spec/schema/pod.go
Godeps/_workspace/src/github.com/appc/spec/schema/types/acidentifier.go
Godeps/_workspace/src/github.com/appc/spec/schema/types/ackind.go
Godeps/_workspace/src/github.com/appc/spec/schema/types/acname.go
Godeps/_workspace/src/github.com/appc/spec/schema/types/annotations.go
Godeps/_workspace/src/github.com/appc/spec/schema/types/app.go
Godeps/_workspace/src/github.com/appc/spec/schema/types/date.go
Godeps/_workspace/src/github.com/appc/spec/schema/types/dependencies.go
Godeps/_workspace/src/github.com/appc/spec/schema/types/doc.go
Godeps/_workspace/src/github.com/appc/spec/schema/types/environment.go
Godeps/_workspace/src/github.com/appc/spec/schema/types/errors.go
Godeps/_workspace/src/github.com/appc/spec/schema/types/event_handler.go
Godeps/_workspace/src/github.com/appc/spec/schema/types/exec.go
Godeps/_workspace/src/github.com/appc/spec/schema/types/hash.go
Godeps/_workspace/src/github.com/appc/spec/schema/types/isolator.go
Godeps/_workspace/src/github.com/appc/spec/schema/types/isolator_linux_specific.go
Godeps/_workspace/src/github.com/appc/spec/schema/types/isolator_resources.go
Godeps/_workspace/src/github.com/appc/spec/schema/types/labels.go
Godeps/_workspace/src/github.com/appc/spec/schema/types/mountpoint.go
Godeps/_workspace/src/github.com/appc/spec/schema/types/port.go
Godeps/_workspace/src/github.com/appc/spec/schema/types/semver.go
Godeps/_workspace/src/github.com/appc/spec/schema/types/url.go
Godeps/_workspace/src/github.com/appc/spec/schema/types/uuid.go
Godeps/_workspace/src/github.com/appc/spec/schema/types/volume.go
Godeps/_workspace/src/github.com/appc/spec/schema/version.go
Godeps/_workspace/src/github.com/onsi/ginkgo/internal/spec/index_computer.go
Godeps/_workspace/src/github.com/onsi/ginkgo/internal/spec/spec.go
Godeps/_workspace/src/github.com/onsi/ginkgo/internal/spec/specs.go
>>> operations-puppet-mesos/infra_test.txt: 11 bladfafhafadfa.txt
spec/classes/config_spec.rb
spec/classes/init_spec.rb
spec/classes/install_spec.rb
spec/classes/master_spec.rb
spec/classes/repo_spec.rb
spec/classes/slave_spec.rb
spec/defines/property_spec.rb
spec/defines/service_spec.rb
spec/functions/mesos_hash_parser_spec.rb
spec/spec_helper.rb
spec/spec_helper_system.rb
