basedefs.py
bin/packstack
bin/release.sh
common_utils.py
docs/conf.py
docs/packstack.rst
engine-check-update
engine-cleanup.py
engine-config-install.properties
engine_params.py
engine-setup.py
engine-upgrade.py
engine_validators.py
.gitmodules
installer/basedefs.py
installer/common_utils.py
installer/engine_validators.py
installer/LICENSE
installer/output_messages.py
installer/run_setup.py
installer/sample-project/plugins/createfile_101.py
installer/setup_controller.py
installer/setup_params.py
installer/setup_sequences.py
iptables.default
LICENSE
MANIFEST.in
modules/ospluginutils.py
nfs.sysconfig
nfsutils.py
output_messages.py
ovirt_port80.py
packstack
packstack/__init__.py
packstack/installer/basedefs.py
packstack/installer/common_utils.py
packstack/installer/core/drones.py
packstack/installer/core/__init__.py
packstack/installer/core/parameters.py
packstack/installer/core/sequences.py
packstack/installer/datastructures.py
packstack/installer/engine_processors.py
packstack/installer/engine_validators.py
packstack/installer/exceptions.py
packstack/installer/__init__.py
packstack/installer/LICENSE
packstack/installer/output_messages.py
packstack/installer/processors.py
packstack/installer/run_setup.py
packstack/installer/sample-project/plugins/createfile_101.py
packstack/installer/setup_controller.py
packstack/installer/setup_params.py
packstack/installer/setup_sequences.py
packstack/installer/utils/datastructures.py
packstack/installer/utils/decorators.py
packstack/installer/utils/__init__.py
packstack/installer/utils/network.py
packstack/installer/utils/shell.py
packstack/installer/utils/shortcuts.py
packstack/installer/utils/strings.py
packstack/installer/validators.py
packstack/modules/common.py
packstack/modules/__init__.py
packstack/modules/ospluginutils.py
packstack/modules/puppet.py
packstack/modules/shortcuts.py
packstack/plugins/amqp_002.py
packstack/plugins/ceilometer_800.py
packstack/plugins/cinder_250.py
packstack/plugins/dashboard_500.py
packstack/plugins/glance_200.py
packstack/plugins/global_000.py
packstack/plugins/heat_750.py
packstack/plugins/__init__.py
packstack/plugins/keystone_100.py
packstack/plugins/mysql_001.py
packstack/plugins/mysql_003.py
packstack/plugins/nagios_910.py
packstack/plugins/neutron_350.py
packstack/plugins/nova_300.py
packstack/plugins/openstack_client_400.py
packstack/plugins/postscript_948.py
packstack/plugins/postscript_949.py
packstack/plugins/prescript_000.py
packstack/plugins/provision_700.py
packstack/plugins/puppet_950.py
packstack/plugins/qpid_002.py
packstack/plugins/quantum_350.py
packstack/plugins/serverprep_001.py
packstack/plugins/serverprep_901.py
packstack/plugins/serverprep_949.py
packstack/plugins/sshkeys_000.py
packstack/plugins/swift_600.py
packstack/puppet/facts/home_dir.rb
packstack/puppet/facts/is_virtual_packstack.rb
packstack/puppet/modules/apache
packstack/puppet/modules/ceilometer
packstack/puppet/modules/certmonger
packstack/puppet/modules/cinder
packstack/puppet/modules/concat
packstack/puppet/modules/create_resources
packstack/puppet/modules/firewall
packstack/puppet/modules/glance
packstack/puppet/modules/gluster
packstack/puppet/modules/haproxy
packstack/puppet/modules/heat
packstack/puppet/modules/horizon
packstack/puppet/modules/inifile
packstack/puppet/modules/keystone
packstack/puppet/modules/memcached
packstack/puppet/modules/mongodb
packstack/puppet/modules/mysql
packstack/puppet/modules/neutron
packstack/puppet/modules/nova
packstack/puppet/modules/nssdb
packstack/puppet/modules/openstack
packstack/puppet/modules/pacemaker
packstack/puppet/modules/packstack/lib/facter/has_rdo.rb
packstack/puppet/modules/packstack/lib/facter/home_dir.rb
packstack/puppet/modules/packstack/lib/facter/innodb_bufferpoolsize.rb
packstack/puppet/modules/packstack/lib/facter/innodb_logfilesize.rb
packstack/puppet/modules/packstack/lib/facter/is_virtual_packstack.rb
packstack/puppet/modules/packstack/lib/facter/netns.py
packstack/puppet/modules/packstack/lib/facter/netns_support.rb
packstack/puppet/modules/packstack/lib/facter/network.rb
packstack/puppet/modules/packstack/lib/puppet/provider/remote_database_grant/mysql.rb
packstack/puppet/modules/packstack/lib/puppet/provider/remote_database/mysql.rb
packstack/puppet/modules/packstack/lib/puppet/provider/remote_database_user/mysql.rb
packstack/puppet/modules/packstack/lib/puppet/type/remote_database_grant.rb
packstack/puppet/modules/packstack/lib/puppet/type/remote_database.rb
packstack/puppet/modules/packstack/lib/puppet/type/remote_database_user.rb
packstack/puppet/modules/packstack/manifests/firewall.pp
packstack/puppet/modules/packstack/manifests/innodb.pp
packstack/puppet/modules/packstack/manifests/netns/cleanup.pp
packstack/puppet/modules/packstack/manifests/netns.pp
packstack/puppet/modules/packstack/manifests/netns/prepare.pp
packstack/puppet/modules/packstack/manifests/neutron/bridge.pp
packstack/puppet/modules/packstack/templates/cinder-list.erb
packstack/puppet/modules/packstack/templates/glance-index.erb
packstack/puppet/modules/packstack/templates/innodb.cnf.erb
packstack/puppet/modules/packstack/templates/keystone-user-list.erb
packstack/puppet/modules/packstack/templates/nova-list.erb
packstack/puppet/modules/packstack/templates/openstack-neutron.modules.erb
packstack/puppet/modules/packstack/templates/ssl/generate_ssl_certs.sh.erb
packstack/puppet/modules/packstack/templates/swift-list.erb
packstack/puppet/modules/qpid
packstack/puppet/modules/quantum
packstack/puppet/modules/remote/lib/puppet/provider/remote_database_grant/mysql.rb
packstack/puppet/modules/remote/lib/puppet/provider/remote_database/mysql.rb
packstack/puppet/modules/remote/lib/puppet/provider/remote_database_user/mysql.rb
packstack/puppet/modules/remote/lib/puppet/type/remote_database_grant.rb
packstack/puppet/modules/remote/lib/puppet/type/remote_database.rb
packstack/puppet/modules/remote/lib/puppet/type/remote_database_user.rb
packstack/puppet/modules/remote/manifests/db.pp
packstack/puppet/modules/remote/manifests/params.pp
packstack/puppet/modules/rsync
packstack/puppet/modules/ssh
packstack/puppet/modules/stdlib
packstack/puppet/modules/swift
packstack/puppet/modules/sysctl
packstack/puppet/modules/tempest
packstack/puppet/modules/vcsrepo
packstack/puppet/modules/vlan
packstack/puppet/modules/vswitch
packstack/puppet/modules/xinetd
packstack/puppet/templates/amqp.pp
packstack/puppet/templates/ceilometer_nova_disabled.pp
packstack/puppet/templates/ceilometer.pp
packstack/puppet/templates/ceilometer_qpid.pp
packstack/puppet/templates/ceilometer_rabbitmq.pp
packstack/puppet/templates/cinder_backup.pp
packstack/puppet/templates/cinder_ceilometer.pp
packstack/puppet/templates/cinder_gluster.pp
packstack/puppet/templates/cinder_lvm.pp
packstack/puppet/templates/cinder_nfs.pp
packstack/puppet/templates/cinder.pp
packstack/puppet/templates/cinder_qpid.pp
packstack/puppet/templates/cinder_rabbitmq.pp
packstack/puppet/templates/cinder_vmdk.pp
packstack/puppet/templates/firewall.pp
packstack/puppet/templates/firewall_proto.pp
packstack/puppet/templates/glance_ceilometer.pp
packstack/puppet/templates/glance_ceilometer_qpid.pp
packstack/puppet/templates/glance_ceilometer_rabbitmq.pp
packstack/puppet/templates/glance.pp
packstack/puppet/templates/global.pp
packstack/puppet/templates/heat_cfn.pp
packstack/puppet/templates/heat_cloudwatch.pp
packstack/puppet/templates/heat.pp
packstack/puppet/templates/heat_qpid.pp
packstack/puppet/templates/heat_rabbitmq.pp
packstack/puppet/templates/heat_trusts.pp
packstack/puppet/templates/horizon.pp
packstack/puppet/templates/https.pp
packstack/puppet/templates/keystone_ceilometer.pp
packstack/puppet/templates/keystone_cinder.pp
packstack/puppet/templates/keystone_glance.pp
packstack/puppet/templates/keystone_heat.pp
packstack/puppet/templates/keystone_heat_trusts.pp
packstack/puppet/templates/keystone_neutron.pp
packstack/puppet/templates/keystone_nova.pp
packstack/puppet/templates/keystone.pp
packstack/puppet/templates/keystone_quantum.pp
packstack/puppet/templates/keystone_swift.pp
packstack/puppet/templates/mongodb.pp
packstack/puppet/templates/mysql_cinder_install.pp
packstack/puppet/templates/mysql_cinder_noinstall.pp
packstack/puppet/templates/mysql_cinder.pp
packstack/puppet/templates/mysql_glance_install.pp
packstack/puppet/templates/mysql_glance_noinstall.pp
packstack/puppet/templates/mysql_glance.pp
packstack/puppet/templates/mysql_heat_install.pp
packstack/puppet/templates/mysql_heat_noinstall.pp
packstack/puppet/templates/mysql_install.pp
packstack/puppet/templates/mysql_keystone_install.pp
packstack/puppet/templates/mysql_keystone_noinstall.pp
packstack/puppet/templates/mysql_neutron_install.pp
packstack/puppet/templates/mysql_neutron_noinstall.pp
packstack/puppet/templates/mysql_neutron.pp
packstack/puppet/templates/mysql_noinstall.pp
packstack/puppet/templates/mysql_nova_install.pp
packstack/puppet/templates/mysql_nova_noinstall.pp
packstack/puppet/templates/mysql_nova.pp
packstack/puppet/templates/mysql.pp
packstack/puppet/templates/mysql_quantum.pp
packstack/puppet/templates/nagios_nrpe.pp
packstack/puppet/templates/nagios_server.pp
packstack/puppet/templates/neutron_api.pp
packstack/puppet/templates/neutron_bridge_module.pp
packstack/puppet/templates/neutron_dhcp.pp
packstack/puppet/templates/neutron_fwaas.pp
packstack/puppet/templates/neutron_l3.pp
packstack/puppet/templates/neutron_lbaas.pp
packstack/puppet/templates/neutron_lb_agent.pp
packstack/puppet/templates/neutron_lb_plugin.pp
packstack/puppet/templates/neutron_metadata.pp
packstack/puppet/templates/neutron_metering_agent.pp
packstack/puppet/templates/neutron_ml2_plugin.pp
packstack/puppet/templates/neutron_notifications.pp
packstack/puppet/templates/neutron_ovs_agent_gre.pp
packstack/puppet/templates/neutron_ovs_agent_local.pp
packstack/puppet/templates/neutron_ovs_agent.pp
packstack/puppet/templates/neutron_ovs_agent_vlan.pp
packstack/puppet/templates/neutron_ovs_agent_vxlan.pp
packstack/puppet/templates/neutron_ovs_bridge.pp
packstack/puppet/templates/neutron_ovs_plugin_gre.pp
packstack/puppet/templates/neutron_ovs_plugin_local.pp
packstack/puppet/templates/neutron_ovs_plugin.pp
packstack/puppet/templates/neutron_ovs_plugin_vlan.pp
packstack/puppet/templates/neutron_ovs_plugin_vxlan.pp
packstack/puppet/templates/neutron_ovs_port.pp
packstack/puppet/templates/neutron.pp
packstack/puppet/templates/neutron_qpid.pp
packstack/puppet/templates/neutron_rabbitmq.pp
packstack/puppet/templates/nova_api.pp
packstack/puppet/templates/nova_ceilometer.pp
packstack/puppet/templates/nova_ceilometer_qpid.pp
packstack/puppet/templates/nova_ceilometer_rabbitmq.pp
packstack/puppet/templates/nova_cert.pp
packstack/puppet/templates/nova_common.pp
packstack/puppet/templates/nova_common_qpid.pp
packstack/puppet/templates/nova_common_rabbitmq.pp
packstack/puppet/templates/nova_compute_libvirt.pp
packstack/puppet/templates/nova_compute.pp
packstack/puppet/templates/nova_compute_vmware.pp
packstack/puppet/templates/nova_conductor.pp
packstack/puppet/templates/nova_gluster.pp
packstack/puppet/templates/nova_metadata.pp
packstack/puppet/templates/nova_network_libvirt.pp
packstack/puppet/templates/nova_network.pp
packstack/puppet/templates/nova_neutron.pp
packstack/puppet/templates/nova_nfs.pp
packstack/puppet/templates/nova_quantum.pp
packstack/puppet/templates/nova_sched.pp
packstack/puppet/templates/nova_vncproxy.pp
packstack/puppet/templates/ntpd.pp
packstack/puppet/templates/openstack_client.pp
packstack/puppet/templates/persist_ovs_bridge.pp
packstack/puppet/templates/postscript.pp
packstack/puppet/templates/prescript.pp
packstack/puppet/templates/provision_demo.pp
packstack/puppet/templates/provision.pp
packstack/puppet/templates/provision_tempest.pp
packstack/puppet/templates/qpid_auth.pp
packstack/puppet/templates/qpid.pp
packstack/puppet/templates/qpid_ssl.pp
packstack/puppet/templates/quantum_api.pp
packstack/puppet/templates/quantum_dhcp.pp
packstack/puppet/templates/quantum_l3.pp
packstack/puppet/templates/quantum_lb_agent.pp
packstack/puppet/templates/quantum_lb_plugin.pp
packstack/puppet/templates/quantum_metadata.pp
packstack/puppet/templates/quantum_ovs_agent.pp
packstack/puppet/templates/quantum_ovs_bridge.pp
packstack/puppet/templates/quantum_ovs_plugin.pp
packstack/puppet/templates/quantum_ovs_port.pp
packstack/puppet/templates/quantum.pp
packstack/puppet/templates/sshkey.pp
packstack/puppet/templates/swift_builder.pp
packstack/puppet/templates/swift_common.pp
packstack/puppet/templates/swift_loopback.pp
packstack/puppet/templates/swift_proxy.pp
packstack/puppet/templates/swift_storage.pp
packstack/version.py
plugins/all_in_one_100.py
plugins/cinder_250.py
plugins/dashboard_500.py
plugins/example_plugin_000.py
plugins/glance_200.py
plugins/global_000.py
plugins/keystone_100.py
plugins/mysql_001.py
plugins/nova_300.py
plugins/nova_api_310.py
plugins/nova_cert_320.py
plugins/nova_common_390.py
plugins/nova_compute_330.py
plugins/nova_network_340.py
plugins/nova_sched_350.py
plugins/nova_volume_360.py
plugins/openstack_client_400.py
plugins/puppet_950.py
plugins/qpid_002.py
plugins/serverprep_901.py
plugins/sshkeys_000.py
plugins/sshkeys_900.py
plugins/swift_600.py
post_upgrade.py
puppet/modules/apache
puppet/modules/cinder
puppet/modules/concat
puppet/modules/create_resources
puppet/modules/firewall
puppet/modules/glance
puppet/modules/horizon
puppet/modules/inifile
puppet/modules/keystone
puppet/modules/memcached
puppet/modules/mysql
puppet/modules/nova
puppet/modules/openstack
puppet/modules/qpid
puppet/modules/rsync
puppet/modules/ssh
puppet/modules/stdlib
puppet/modules/swift
puppet/modules/sysctl
puppet/modules/vlan
puppet/modules/xinetd
puppet/templates/cinder.pp
puppet/templates/dashboard.pp
puppet/templates/glance.pp
puppet/templates/horizon.pp
puppet/templates/keystone_cinder.pp
puppet/templates/keystone_glance.pp
puppet/templates/keystone_nova.pp
puppet/templates/keystone.pp
puppet/templates/keystone_swift.pp
puppet/templates/mysql.pp
puppet/templates/nova_api.pp
puppet/templates/nova_cert.pp
puppet/templates/nova_common.pp
puppet/templates/nova_compute.pp
puppet/templates/nova_network.pp
puppet/templates/nova_sched.pp
puppet/templates/nova_volume.pp
puppet/templates/openstack_client.pp
puppet/templates/qpid.pp
puppet/templates/swift_builder.pp
puppet/templates/swift_common.pp
puppet/templates/swift_loopback.pp
puppet/templates/swift_proxy.pp
puppet/templates/swift_storage.pp
README
requirements.txt
resources/engine-cron
resources/engine.logrotate
resources/jboss/engine_index.html
resources/jboss/engineVersion.js
resources/jboss/favicon.ico
resources/jboss/images/bg_head.gif
resources/jboss/images/bg_main.gif
resources/jboss/images/logo_redhat.gif
resources/jboss/images/product_name.gif
resources/jboss/ROOT_war-context.xml
resources/jboss/ROOT.war/engine_index.html
resources/jboss/ROOT.war/engineVersion.js
resources/jboss/ROOT.war/favicon.ico
resources/jboss/ROOT.war/images/bg_head.gif
resources/jboss/ROOT.war/images/bg_main.gif
resources/jboss/ROOT.war/style.css
resources/jboss/ROOT.war/WEB-INF/context.xml
resources/jboss/ROOT.war/WEB-INF/jboss-web.xml
resources/jboss/ROOT.war/WEB-INF/web.xml
resources/jboss/style.css
resources/jboss/web-conf.js
resources/postgres/postgres-ds.xml
run_setup.py
run_tests.sh
sample-project/plugins/createfile_101.py
setup_controller.py
setup_params.py
setup.py
setup_sequences.py
spec/openstack-packstack.spec
spec/packstack.spec
tests/__init__.py
tests/installer/__init__.py
tests/installer/test_drones.py
tests/installer/test_processors.py
tests/installer/test_run_setup.py
tests/installer/test_sequences.py
tests/installer/test_setup_params.py
tests/installer/test_utils.py
tests/installer/test_validators.py
tests/modules/__init__.py
tests/modules/test_ospluginutils.py
tests/modules/test_puppet.py
tests/test_base.py
tests/test_ospluginutils.py
tests/test_plugin_serverprep.py
tests/test.py
tests/test_validators.py
tools/pip-requires
tools/test-requires
tox.ini
