CHANGELOG.md
.gitattributes
OpenStack/AssemblyVersionInfo.cs
Openstack/AssemblyVersionInfo.cs
OpenStack/Build/readme.txt
Openstack/Build/readme.txt
OpenStack/Examples/CustomServiceClientExample/App.config
OpenStack/Examples/CustomServiceClientExample/CustomServiceClientExample.csproj
OpenStack/Examples/CustomServiceClientExample/EchoPocoClient.cs
OpenStack/Examples/CustomServiceClientExample/EchoPocoClientFactory.cs
OpenStack/Examples/CustomServiceClientExample/EchoResponse.cs
OpenStack/Examples/CustomServiceClientExample/EchoRestClient.cs
OpenStack/Examples/CustomServiceClientExample/EchoRestClientFactory.cs
OpenStack/Examples/CustomServiceClientExample/EchoServiceClient.cs
OpenStack/Examples/CustomServiceClientExample/EchoServiceClientDefinition.cs
OpenStack/Examples/CustomServiceClientExample/EchoServiceRegistrar.cs
OpenStack/Examples/CustomServiceClientExample/IEchoPocoClient.cs
OpenStack/Examples/CustomServiceClientExample/IEchoPocoClientFactory.cs
OpenStack/Examples/CustomServiceClientExample/IEchoRestClient.cs
OpenStack/Examples/CustomServiceClientExample/IEchoRestClientFactory.cs
OpenStack/Examples/CustomServiceClientExample/IEchoServiceClient.cs
OpenStack/Examples/CustomServiceClientExample/Program.cs
OpenStack/Examples/CustomServiceClientExample/Properties/AssemblyInfo.cs
OpenStack/Examples/Examples.sln
Openstack/Examples/Examples.sln
OpenStack/Examples/SimpleStorageExample/App.config
Openstack/Examples/SimpleStorageExample/App.config
OpenStack/Examples/SimpleStorageExample/Program.cs
Openstack/Examples/SimpleStorageExample/Program.cs
OpenStack/Examples/SimpleStorageExample/Properties/AssemblyInfo.cs
Openstack/Examples/SimpleStorageExample/Properties/AssemblyInfo.cs
OpenStack/Examples/SimpleStorageExample/SimpleStorageExample.csproj
Openstack/Examples/SimpleStorageExample/SimpleStorageExample.csproj
OpenStack/Externals/readme.txt
Openstack/Externals/readme.txt
OpenStack/OpenStack45-PCL/Common/ReflectionExtentions.cs
OpenStack/OpenStack45-PCL/Common/StreamExtentions.cs
OpenStack/OpenStack45-PCL/OpenStack45-PCL.csproj
OpenStack/OpenStack45-PCL/packages.config
OpenStack/OpenStack45-PCL/Properties/AssemblyInfo.cs
OpenStack/OpenStack/Common/Http/DisposableClass.cs
OpenStack/OpenStack.Common/Http/DisposableClass.cs
Openstack/Openstack.Common/Http/DisposableClass.cs
OpenStack/OpenStack/Common/Http/HttpAbstractionClient.cs
OpenStack/OpenStack.Common/Http/HttpAbstractionClient.cs
Openstack/Openstack.Common/Http/HttpAbstractionClient.cs
OpenStack/OpenStack/Common/Http/HttpAbstractionClientFactory.cs
OpenStack/OpenStack.Common/Http/HttpAbstractionClientFactory.cs
Openstack/Openstack.Common/Http/HttpAbstractionClientFactory.cs
OpenStack/OpenStack/Common/Http/HttpHeadersAbstraction.cs
OpenStack/OpenStack.Common/Http/HttpHeadersAbstraction.cs
Openstack/Openstack.Common/Http/HttpHeadersAbstraction.cs
OpenStack/OpenStack/Common/Http/HttpResponseAbstraction.cs
OpenStack/OpenStack.Common/Http/HttpResponseAbstraction.cs
Openstack/Openstack.Common/Http/HttpResponseAbstraction.cs
OpenStack/OpenStack/Common/Http/IHttpAbstractionClient.cs
OpenStack/OpenStack.Common/Http/IHttpAbstractionClient.cs
Openstack/Openstack.Common/Http/IHttpAbstractionClient.cs
OpenStack/OpenStack/Common/Http/IHttpAbstractionClientFactory.cs
OpenStack/OpenStack.Common/Http/IHttpAbstractionClientFactory.cs
Openstack/Openstack.Common/Http/IHttpAbstractionClientFactory.cs
OpenStack/OpenStack/Common/Http/IHttpHeadersAbstraction.cs
OpenStack/OpenStack.Common/Http/IHttpHeadersAbstraction.cs
Openstack/Openstack.Common/Http/IHttpHeadersAbstraction.cs
OpenStack/OpenStack/Common/Http/IHttpResponseAbstraction.cs
OpenStack/OpenStack.Common/Http/IHttpResponseAbstraction.cs
Openstack/Openstack.Common/Http/IHttpResponseAbstraction.cs
Openstack/Openstack.Common/Http/IOpenStackAccessToken.cs
OpenStack/OpenStack/Common/ObjectExtentions.cs
OpenStack/OpenStack.Common/ObjectExtentions.cs
Openstack/Openstack.Common/ObjectExtentions.cs
OpenStack/OpenStack.Common/OpenStack.Common.csproj
Openstack/Openstack.Common/Openstack.Common.csproj
OpenStack/OpenStack/Common/OpenStackServiceRestClientBase.cs
OpenStack/OpenStack.Common/Properties/AssemblyInfo.cs
Openstack/Openstack.Common/Properties/AssemblyInfo.cs
OpenStack/OpenStack/Common/ReflectionExtentions.cs
OpenStack/OpenStack.Common/ServiceLocation/AssemblyNameComparer.cs
Openstack/Openstack.Common/ServiceLocation/AssemblyNameComparer.cs
OpenStack/OpenStack/Common/ServiceLocation/IServiceLocationAssemblyScanner.cs
OpenStack/OpenStack.Common/ServiceLocation/IServiceLocationAssemblyScanner.cs
Openstack/Openstack.Common/ServiceLocation/IServiceLocationAssemblyScanner.cs
OpenStack/OpenStack/Common/ServiceLocation/IServiceLocationManager.cs
OpenStack/OpenStack.Common/ServiceLocation/IServiceLocationManager.cs
Openstack/Openstack.Common/ServiceLocation/IServiceLocationManager.cs
OpenStack/OpenStack/Common/ServiceLocation/IServiceLocationOverrideManager.cs
OpenStack/OpenStack.Common/ServiceLocation/IServiceLocationOverrideManager.cs
Openstack/Openstack.Common/ServiceLocation/IServiceLocationOverrideManager.cs
OpenStack/OpenStack/Common/ServiceLocation/IServiceLocationRegistrar.cs
OpenStack/OpenStack.Common/ServiceLocation/IServiceLocationRegistrar.cs
Openstack/Openstack.Common/ServiceLocation/IServiceLocationRegistrar.cs
OpenStack/OpenStack/Common/ServiceLocation/IServiceLocationRegistrarFactory.cs
OpenStack/OpenStack.Common/ServiceLocation/IServiceLocationRegistrarFactory.cs
Openstack/Openstack.Common/ServiceLocation/IServiceLocationRegistrarFactory.cs
OpenStack/OpenStack/Common/ServiceLocation/IServiceLocationRuntimeManager.cs
OpenStack/OpenStack.Common/ServiceLocation/IServiceLocationRuntimeManager.cs
Openstack/Openstack.Common/ServiceLocation/IServiceLocationRuntimeManager.cs
OpenStack/OpenStack/Common/ServiceLocation/IServiceLocator.cs
OpenStack/OpenStack.Common/ServiceLocation/IServiceLocator.cs
Openstack/Openstack.Common/ServiceLocation/IServiceLocator.cs
OpenStack/OpenStack/Common/ServiceLocation/RuntimeRegistrationManager.cs
OpenStack/OpenStack.Common/ServiceLocation/RuntimeRegistrationManager.cs
Openstack/Openstack.Common/ServiceLocation/RuntimeRegistrationManager.cs
OpenStack/OpenStack/Common/ServiceLocation/ServiceLocationAssemblyScanner.cs
OpenStack/OpenStack.Common/ServiceLocation/ServiceLocationAssemblyScanner.cs
Openstack/Openstack.Common/ServiceLocation/ServiceLocationAssemblyScanner.cs
OpenStack/OpenStack/Common/ServiceLocation/ServiceLocationManager.cs
OpenStack/OpenStack.Common/ServiceLocation/ServiceLocationManager.cs
Openstack/Openstack.Common/ServiceLocation/ServiceLocationManager.cs
OpenStack/OpenStack/Common/ServiceLocation/ServiceLocationRegistrarFactory.cs
OpenStack/OpenStack.Common/ServiceLocation/ServiceLocationRegistrarFactory.cs
Openstack/Openstack.Common/ServiceLocation/ServiceLocationRegistrarFactory.cs
OpenStack/OpenStack/Common/ServiceLocation/ServiceLocator.cs
OpenStack/OpenStack.Common/ServiceLocation/ServiceLocator.cs
Openstack/Openstack.Common/ServiceLocation/ServiceLocator.cs
OpenStack/OpenStack.Common/ServiceRegistrar.cs
Openstack/Openstack.Common/ServiceRegistrar.cs
OpenStack/OpenStack/Common/StreamExtentions.cs
OpenStack/OpenStack/Compute/ComputeFlavor.cs
OpenStack/OpenStack/Compute/ComputeFlavorPayloadConverter.cs
OpenStack/OpenStack/Compute/ComputeImage.cs
OpenStack/OpenStack/Compute/ComputeImagePayloadConverter.cs
OpenStack/OpenStack/Compute/ComputeItem.cs
OpenStack/OpenStack/Compute/ComputeItemMetadataPayloadConverter.cs
OpenStack/OpenStack/Compute/ComputeKeyPair.cs
OpenStack/OpenStack/Compute/ComputeKeyPairPayloadConverter.cs
OpenStack/OpenStack/Compute/ComputerServerStatus.cs
OpenStack/OpenStack/Compute/ComputeServer.cs
OpenStack/OpenStack/Compute/ComputeServerPayloadConverter.cs
OpenStack/OpenStack/Compute/ComputeServiceClient.cs
OpenStack/OpenStack/Compute/ComputeServiceClientDefinition.cs
OpenStack/OpenStack/Compute/ComputeServicePocoClient.cs
OpenStack/OpenStack/Compute/ComputeServicePocoClientFactory.cs
OpenStack/OpenStack/Compute/ComputeServiceRestClient.cs
OpenStack/OpenStack/Compute/ComputeServiceRestClientFactory.cs
OpenStack/OpenStack/Compute/IComputeFlavorPayloadConverter.cs
OpenStack/OpenStack/Compute/IComputeImagePayloadConverter.cs
OpenStack/OpenStack/Compute/IComputeItemMetadataPayloadConverter.cs
OpenStack/OpenStack/Compute/IComputeKeyPairPayloadConverter.cs
OpenStack/OpenStack/Compute/IComputeServerPayloadConverter.cs
OpenStack/OpenStack/Compute/IComputeServiceClient.cs
OpenStack/OpenStack/Compute/IComputeServicePocoClient.cs
OpenStack/OpenStack/Compute/IComputeServicePocoClientFactory.cs
OpenStack/OpenStack/Compute/IComputeServiceRestClient.cs
OpenStack/OpenStack/Compute/IComputeServiceRestClientFactory.cs
OpenStack/OpenStack/Compute/MetadataComputeItem.cs
OpenStack/openstack-dotnet.pfx
OpenStack/OpenStack/Identity/AccessTokenPayloadConverter.cs
Openstack/Openstack/Identity/AccessTokenPayloadConverter.cs
OpenStack/OpenStack/Identity/IAccessTokenPayloadConverter.cs
Openstack/Openstack/Identity/IAccessTokenPayloadConverter.cs
OpenStack/OpenStack/Identity/ICredential.cs
Openstack/Openstack/Identity/ICredential.cs
OpenStack/OpenStack/Identity/IdentityServiceClient.cs
Openstack/Openstack/Identity/IdentityServiceClient.cs
OpenStack/OpenStack/Identity/IdentityServiceClientDefinition.cs
Openstack/Openstack/Identity/IdentityServiceClientDefinition.cs
OpenStack/OpenStack/Identity/IdentityServicePocoClient.cs
Openstack/Openstack/Identity/IdentityServicePocoClient.cs
OpenStack/OpenStack/Identity/IdentityServicePocoClientFactory.cs
Openstack/Openstack/Identity/IdentityServicePocoClientFactory.cs
OpenStack/OpenStack/Identity/IdentityServiceRestClient.cs
Openstack/Openstack/Identity/IdentityServiceRestClient.cs
OpenStack/OpenStack/Identity/IdentityServiceRestClientFactory.cs
Openstack/Openstack/Identity/IdentityServiceRestClientFactory.cs
OpenStack/OpenStack/Identity/IIdentityServiceClient.cs
Openstack/Openstack/Identity/IIdentityServiceClient.cs
OpenStack/OpenStack/Identity/IIdentityServicePocoClient.cs
Openstack/Openstack/Identity/IIdentityServicePocoClient.cs
OpenStack/OpenStack/Identity/IIdentityServicePocoClientFactory.cs
Openstack/Openstack/Identity/IIdentityServicePocoClientFactory.cs
OpenStack/OpenStack/Identity/IIdentityServiceRestClient.cs
Openstack/Openstack/Identity/IIdentityServiceRestClient.cs
OpenStack/OpenStack/Identity/IIdentityServiceRestClientFactory.cs
Openstack/Openstack/Identity/IIdentityServiceRestClientFactory.cs
OpenStack/OpenStack/Identity/IOpenStackCredential.cs
Openstack/Openstack/Identity/IOpenstackCredential.cs
OpenStack/OpenStack/Identity/IOpenStackRegionResolver.cs
Openstack/Openstack/Identity/IOpenstackRegionResolver.cs
OpenStack/OpenStack/Identity/IOpenStackServiceCatalog.cs
Openstack/Openstack/Identity/IOpenstackServiceCatalog.cs
OpenStack/OpenStack/Identity/IOpenStackServiceCatalogPayloadConverter.cs
Openstack/Openstack/Identity/IOpenstackServiceCatalogPayloadConverter.cs
OpenStack/OpenStack/Identity/IOpenStackServiceDefinitionPayloadConverter.cs
Openstack/Openstack/Identity/IOpenstackServiceDefinitionPayloadConverter.cs
OpenStack/OpenStack/Identity/IOpenStackServiceEndpointPayloadConverter.cs
Openstack/Openstack/Identity/IOpenstackServiceEndpointPayloadConverter.cs
OpenStack/OpenStack/Identity/IOpenStackServiceEndpointResolver.cs
Openstack/Openstack/Identity/IOpenstackServiceEndpointResolver.cs
OpenStack/OpenStack/Identity/OpenStackCredential.cs
Openstack/Openstack/Identity/OpenstackCredential.cs
OpenStack/OpenStack/Identity/OpenStackRegionResolver.cs
Openstack/Openstack/Identity/OpenstackRegionResolver.cs
OpenStack/OpenStack/Identity/OpenStackServiceCatalog.cs
Openstack/Openstack/Identity/OpenstackServiceCatalog.cs
OpenStack/OpenStack/Identity/OpenStackServiceCatalogPayloadConverter.cs
Openstack/Openstack/Identity/OpenstackServiceCatalogPayloadConverter.cs
OpenStack/OpenStack/Identity/OpenStackServiceDefinition.cs
Openstack/Openstack/Identity/OpenstackServiceDefinition.cs
OpenStack/OpenStack/Identity/OpenStackServiceDefinitionPayloadConverter.cs
Openstack/Openstack/Identity/OpenstackServiceDefinitionPayloadConverter.cs
OpenStack/OpenStack/Identity/OpenStackServiceEndpoint.cs
Openstack/Openstack/Identity/OpenstackServiceEndpoint.cs
OpenStack/OpenStack/Identity/OpenStackServiceEndpointPayloadConverter.cs
Openstack/Openstack/Identity/OpenstackServiceEndpointPayloadConverter.cs
OpenStack/OpenStack/Identity/OpenStackServiceEndpointResolver.cs
Openstack/Openstack/Identity/OpenstackServiceEndpointResolver.cs
OpenStack/OpenStack/IOpenStackClient.cs
Openstack/Openstack/IOpenstackClient.cs
OpenStack/OpenStack/IOpenStackClientManager.cs
Openstack/Openstack/IOpenstackClientManager.cs
OpenStack/OpenStack/IOpenStackServiceClient.cs
Openstack/Openstack/IOpenstackServiceClient.cs
OpenStack/OpenStack/IOpenStackServiceClientDefinition.cs
Openstack/Openstack/IOpenstackServiceClientDefinition.cs
OpenStack/OpenStack/IOpenStackServiceClientManager.cs
Openstack/Openstack/IOpenstackServiceClientManager.cs
OpenStack/OpenStack/Network/FloatingIp.cs
OpenStack/OpenStack/Network/FloatingIpPayloadConverter.cs
OpenStack/OpenStack/Network/FloatingIpStatus.cs
OpenStack/OpenStack/Network/IFloatingIpPayloadConverter.cs
OpenStack/OpenStack/Network/INetworkPayloadConverter.cs
OpenStack/OpenStack/Network/INetworkServiceClient.cs
OpenStack/OpenStack/Network/INetworkServicePocoClient.cs
OpenStack/OpenStack/Network/INetworkServicePocoClientFactory.cs
OpenStack/OpenStack/Network/INetworkServiceRestClient.cs
OpenStack/OpenStack/Network/INetworkServiceRestClientFactory.cs
OpenStack/OpenStack/Network/Network.cs
OpenStack/OpenStack/Network/NetworkPayloadConverter.cs
OpenStack/OpenStack/Network/NetworkServiceClient.cs
OpenStack/OpenStack/Network/NetworkServiceClientDefinition.cs
OpenStack/OpenStack/Network/NetworkServicePocoClient.cs
OpenStack/OpenStack/Network/NetworkServicePocoClientFactory.cs
OpenStack/OpenStack/Network/NetworkServiceRestClient.cs
OpenStack/OpenStack/Network/NetworkServiceRestClientFactory.cs
OpenStack/OpenStack/Network/NetworkStatus.cs
OpenStack/OpenStack.nuspec
OpenStack/OpenStack/OpenStack40.csproj
OpenStack/OpenStack/OpenStackClient.cs
Openstack/Openstack/OpenstackClient.cs
OpenStack/OpenStack/OpenStackClientFactory.cs
OpenStack/OpenStack/OpenStackClientManager.cs
Openstack/Openstack/OpenstackClientManager.cs
OpenStack/OpenStack/OpenStack.csproj
Openstack/Openstack/Openstack.csproj
OpenStack/OpenStack/OpenStackServiceClientManager.cs
Openstack/Openstack/OpenstackServiceClientManager.cs
OpenStack/OpenStack/packages.config
Openstack/Openstack/packages.config
OpenStack/OpenStack/Properties/AssemblyInfo.cs
Openstack/Openstack/Properties/AssemblyInfo.cs
OpenStack/OpenStack/ServiceClientContext.cs
OpenStack/OpenStack/ServiceRegistrar.cs
Openstack/Openstack/ServiceRegistrar.cs
OpenStack/OpenStack.sln
Openstack/Openstack.sln
OpenStack/OpenStack/Storage/ContainerNameValidator.cs
Openstack/Openstack/Storage/ContainerNameValidator.cs
OpenStack/OpenStack/Storage/DynamicLargeObjectManifest.cs
Openstack/Openstack/Storage/DynamicLargeObjectManifest.cs
OpenStack/OpenStack/Storage/FolderNameValidator.cs
Openstack/Openstack/Storage/FolderNameValidator.cs
OpenStack/OpenStack/Storage/ILargeStorageObjectCreator.cs
Openstack/Openstack/Storage/ILargeStorageObjectCreator.cs
OpenStack/OpenStack/Storage/ILargeStorageObjectCreatorFactory.cs
Openstack/Openstack/Storage/ILargeStorageObjectCreatorFactory.cs
OpenStack/OpenStack/Storage/IStorageAccountPayloadConverter.cs
Openstack/Openstack/Storage/IStorageAccountPayloadConverter.cs
OpenStack/OpenStack/Storage/IStorageContainerPayloadConverter.cs
Openstack/Openstack/Storage/IStorageContainerPayloadConverter.cs
OpenStack/OpenStack/Storage/IStorageFolderPayloadConverter.cs
Openstack/Openstack/Storage/IStorageFolderPayloadConverter.cs
OpenStack/OpenStack/Storage/IStorageObjectPayloadConverter.cs
Openstack/Openstack/Storage/IStorageObjectPayloadConverter.cs
OpenStack/OpenStack/Storage/IStorageServiceClient.cs
Openstack/Openstack/Storage/IStorageServiceClient.cs
OpenStack/OpenStack/Storage/IStorageServicePocoClient.cs
Openstack/Openstack/Storage/IStorageServicePocoClient.cs
OpenStack/OpenStack/Storage/IStorageServicePocoClientFactory.cs
Openstack/Openstack/Storage/IStorageServicePocoClientFactory.cs
OpenStack/OpenStack/Storage/IStorageServiceRestClient.cs
Openstack/Openstack/Storage/IStorageServiceRestClient.cs
OpenStack/OpenStack/Storage/IStorageServiceRestClientFactory.cs
Openstack/Openstack/Storage/IStorageServiceRestClientFactory.cs
OpenStack/OpenStack/Storage/LargeStorageObjectCreator.cs
Openstack/Openstack/Storage/LargeStorageObjectCreator.cs
OpenStack/OpenStack/Storage/LargeStorageObjectCreatorFactory.cs
Openstack/Openstack/Storage/LargeStorageObjectCreatorFactory.cs
OpenStack/OpenStack/Storage/StaticLargeObjectManifest.cs
Openstack/Openstack/Storage/StaticLargeObjectManifest.cs
OpenStack/OpenStack/Storage/StorageAccount.cs
Openstack/Openstack/Storage/StorageAccount.cs
OpenStack/OpenStack/Storage/StorageAccountPayloadConverter.cs
Openstack/Openstack/Storage/StorageAccountPayloadConverter.cs
OpenStack/OpenStack/Storage/StorageContainer.cs
Openstack/Openstack/Storage/StorageContainer.cs
OpenStack/OpenStack/Storage/StorageContainerPayloadConverter.cs
Openstack/Openstack/Storage/StorageContainerPayloadConverter.cs
OpenStack/OpenStack/Storage/StorageFolder.cs
Openstack/Openstack/Storage/StorageFolder.cs
OpenStack/OpenStack/Storage/StorageFolderPayloadConverter.cs
Openstack/Openstack/Storage/StorageFolderPayloadConverter.cs
OpenStack/OpenStack/Storage/StorageItem.cs
Openstack/Openstack/Storage/StorageItem.cs
OpenStack/OpenStack/Storage/StorageItemNameExtractor.cs
Openstack/Openstack/Storage/StorageItemNameExtractor.cs
OpenStack/OpenStack/Storage/StorageManifest.cs
Openstack/Openstack/Storage/StorageManifest.cs
OpenStack/OpenStack/Storage/StorageObject.cs
Openstack/Openstack/Storage/StorageObject.cs
OpenStack/OpenStack/Storage/StorageObjectPayloadConverter.cs
Openstack/Openstack/Storage/StorageObjectPayloadConverter.cs
OpenStack/OpenStack/Storage/StorageServiceClientContext.cs
Openstack/Openstack/Storage/StorageServiceClientContext.cs
OpenStack/OpenStack/Storage/StorageServiceClient.cs
Openstack/Openstack/Storage/StorageServiceClient.cs
OpenStack/OpenStack/Storage/StorageServiceClientDefinition.cs
Openstack/Openstack/Storage/StorageServiceClientDefinition.cs
OpenStack/OpenStack/Storage/StorageServicePocoClient.cs
Openstack/Openstack/Storage/StorageServicePocoClient.cs
OpenStack/OpenStack/Storage/StorageServicePocoClientFactory.cs
Openstack/Openstack/Storage/StorageServicePocoClientFactory.cs
OpenStack/OpenStack/Storage/StorageServiceRestClient.cs
Openstack/Openstack/Storage/StorageServiceRestClient.cs
OpenStack/OpenStack/Storage/StorageServiceRestClientFactory.cs
Openstack/Openstack/Storage/StorageServiceRestClientFactory.cs
OpenStack/OpenStack.Test/Compute/ComputeFlavorPayloadConverterTests.cs
OpenStack/OpenStack.Test/Compute/ComputeImagePayloadConverterTests.cs
OpenStack/OpenStack.Test/Compute/ComputeItemMetadataPayloadConverterTests.cs
OpenStack/OpenStack.Test/Compute/ComputeKeyPairPayloadConverterTests.cs
OpenStack/OpenStack.Test/Compute/ComputeRestSimulator.cs
OpenStack/OpenStack.Test/Compute/ComputeServerPayloadConverterTests.cs
OpenStack/OpenStack.Test/Compute/ComputeServiceClientTests.cs
OpenStack/OpenStack.Test/Compute/ComputeServicePocoClientTests.cs
OpenStack/OpenStack.Test/Compute/ComputeServiceRestClientTests.cs
OpenStack/OpenStack.Test/Compute/TestComputeServicePocoClient.cs
OpenStack/OpenStack.Test/Compute/TestComputeServiceRestClient.cs
OpenStack/OpenStack.Test/Helper.cs
Openstack/Openstack.Test/Helper.cs
OpenStack/OpenStack.Test/HttpAbstraction/HttpAbstractionClientTests.cs
Openstack/Openstack.Test/HttpAbstraction/HttpAbstractionClientTests.cs
OpenStack/OpenStack.Test/HttpAbstraction/HttpHeadersAbstractionTests.cs
Openstack/Openstack.Test/HttpAbstraction/HttpHeadersAbstractionTests.cs
OpenStack/OpenStack.Test/Identity/AccessTokenPayloadConverterTests.cs
Openstack/Openstack.Test/Identity/AccessTokenPayloadConverterTests.cs
OpenStack/OpenStack.Test/Identity/IdentityRestServiceSimulator.cs
Openstack/Openstack.Test/Identity/IdentityRestServiceSimulator.cs
OpenStack/OpenStack.Test/Identity/IdentityServiceClientDefinitionTests.cs
Openstack/Openstack.Test/Identity/IdentityServiceClientDefinitionTests.cs
OpenStack/OpenStack.Test/Identity/IdentityServiceClientTests.cs
Openstack/Openstack.Test/Identity/IdentityServiceClientTests.cs
OpenStack/OpenStack.Test/Identity/IdentityServicePocoClientTests.cs
Openstack/Openstack.Test/Identity/IdentityServicePocoClientTests.cs
OpenStack/OpenStack.Test/Identity/IdentityServiceRestClientTests.cs
Openstack/Openstack.Test/Identity/IdentityServiceRestClientTests.cs
OpenStack/OpenStack.Test/Identity/OpenStackCredentialTests.cs
Openstack/Openstack.Test/Identity/OpenstackCredentialTests.cs
OpenStack/OpenStack.Test/Identity/OpenStackRegionResolverTests.cs
Openstack/Openstack.Test/Identity/OpenstackRegionResolverTests.cs
OpenStack/OpenStack.Test/Identity/OpenStackServiceCatalogPayloadConverterTests.cs
Openstack/Openstack.Test/Identity/OpenstackServiceCatalogPayloadConverterTests.cs
OpenStack/OpenStack.Test/Identity/OpenStackServiceCatalogTests.cs
Openstack/Openstack.Test/Identity/OpenstackServiceCatalogTests.cs
OpenStack/OpenStack.Test/Identity/OpenStackServiceDefinitionPayloadConverterTests.cs
Openstack/Openstack.Test/Identity/OpenstackServiceDefinitionPayloadConverterTests.cs
OpenStack/OpenStack.Test/Identity/OpenStackServiceEndpointPayloadConverterTests.cs
Openstack/Openstack.Test/Identity/OpenstackServiceEndpointPayloadConverterTests.cs
OpenStack/OpenStack.Test/Identity/TestIdentityServicePocoClient.cs
Openstack/Openstack.Test/Identity/TestIdentityServicePocoClient.cs
OpenStack/OpenStack.Test/Identity/TestIdentityServiceRestClient.cs
Openstack/Openstack.Test/Identity/TestIdentityServiceRestClient.cs
OpenStack/OpenStack.Test/Network/FloatingIpPayloadConverterTests.cs
OpenStack/OpenStack.Test/Network/NetworkPayloadConverterTests.cs
OpenStack/OpenStack.Test/Network/NetworkRestSimulator.cs
OpenStack/OpenStack.Test/Network/NetworkServiceClientTests.cs
OpenStack/OpenStack.Test/Network/NetworkServicePocoClientTests.cs
OpenStack/OpenStack.Test/Network/NetworkServiceRestClientTests.cs
OpenStack/OpenStack.Test/Network/TestNetworkServicePocoClient.cs
OpenStack/OpenStack.Test/Network/TestNetworkServiceRestClient.cs
OpenStack/OpenStack.Test/ObjectExtentionsTests.cs
Openstack/Openstack.Test/ObjectExtentionsTests.cs
OpenStack/OpenStack.Test/OpenStackClientManagerTests.cs
Openstack/Openstack.Test/OpenstackClientManagerTests.cs
OpenStack/OpenStack.Test/OpenStackClientTests.cs
Openstack/Openstack.Test/OpenstackClientTests.cs
OpenStack/OpenStack.Test/OpenStackServiceClientManagerTests.cs
Openstack/Openstack.Test/OpenstackServiceClientManagerTests.cs
OpenStack/OpenStack.Test/OpenStack.Test.csproj
Openstack/Openstack.Test/Openstack.Test.csproj
OpenStack/OpenStack.Test/packages.config
Openstack/Openstack.Test/packages.config
OpenStack/OpenStack.Test/Properties/AssemblyInfo.cs
Openstack/Openstack.Test/Properties/AssemblyInfo.cs
OpenStack/OpenStack.Test/RestSimulator.cs
OpenStack/OpenStack.Test/ServiceLocation/ServiceLocationAssemblyScannerTests.cs
Openstack/Openstack.Test/ServiceLocation/ServiceLocationAssemblyScannerTests.cs
OpenStack/OpenStack.Test/ServiceLocation/ServiceLocatorTests.cs
Openstack/Openstack.Test/ServiceLocation/ServiceLocatorTests.cs
OpenStack/OpenStack.Test/Storage/LargeStorageObjectProviderTests.cs
Openstack/Openstack.Test/Storage/LargeStorageObjectProviderTests.cs
OpenStack/OpenStack.Test/Storage/StorageAccountPayloadConverterTests.cs
Openstack/Openstack.Test/Storage/StorageAccountPayloadConverterTests.cs
OpenStack/OpenStack.Test/Storage/StorageContainerPayloadConverterTests.cs
Openstack/Openstack.Test/Storage/StorageContainerPayloadConverterTests.cs
OpenStack/OpenStack.Test/Storage/StorageFolderPayloadConverterTests.cs
Openstack/Openstack.Test/Storage/StorageFolderPayloadConverterTests.cs
OpenStack/OpenStack.Test/Storage/StorageFolderTests.cs
Openstack/Openstack.Test/Storage/StorageFolderTests.cs
OpenStack/OpenStack.Test/Storage/StorageItemTests.cs
Openstack/Openstack.Test/Storage/StorageItemTests.cs
OpenStack/OpenStack.Test/Storage/StorageObjectPayloadConverterTests.cs
Openstack/Openstack.Test/Storage/StorageObjectPayloadConverterTests.cs
OpenStack/OpenStack.Test/Storage/StorageRestSimulator.cs
Openstack/Openstack.Test/Storage/StorageRestSimulator.cs
OpenStack/OpenStack.Test/Storage/StorageServiceClientDefinitionTests.cs
Openstack/Openstack.Test/Storage/StorageServiceClientDefinitionTests.cs
OpenStack/OpenStack.Test/Storage/StorageServiceClientTests.cs
Openstack/Openstack.Test/Storage/StorageServiceClientTests.cs
OpenStack/OpenStack.Test/Storage/StorageServicePocoClientTests.cs
Openstack/Openstack.Test/Storage/StorageServicePocoClientTests.cs
OpenStack/OpenStack.Test/Storage/StorageServiceRestClientTests.cs
Openstack/Openstack.Test/Storage/StorageServiceRestClientTests.cs
OpenStack/OpenStack.Test/Storage/TestLargeStorageObjectCreator.cs
Openstack/Openstack.Test/Storage/TestLargeStorageObjectCreator.cs
OpenStack/OpenStack.Test/Storage/TestStorageManifest.cs
Openstack/Openstack.Test/Storage/TestStorageManifest.cs
OpenStack/OpenStack.Test/Storage/TestStorageServiceClient.cs
Openstack/Openstack.Test/Storage/TestStorageServiceClient.cs
OpenStack/OpenStack.Test/Storage/TestStorageServicePocoClient.cs
Openstack/Openstack.Test/Storage/TestStorageServicePocoClient.cs
OpenStack/OpenStack.Test/Storage/TestStorageServiceRestClient.cs
Openstack/Openstack.Test/Storage/TestStorageServiceRestClient.cs
OpenStack/OpenStack.Test/TestOpenStackRegionResolver.cs
Openstack/Openstack.Test/TestOpenstackRegionResolver.cs
OpenStack/OpenStack.Test/TestOpenStackServiceEndpointResolver.cs
Openstack/Openstack.Test/TestOpenstackServiceEndpointResolver.cs
OpenStack/OpenStack/Threading/System.Runtime.CompilerServices/AsyncTaskMethodBuilder.cs
OpenStack/OpenStack/Threading/System.Runtime.CompilerServices/AsyncTaskMethodBuilderOfT.cs
OpenStack/OpenStack/Threading/System.Runtime.CompilerServices/AsyncVoidMethodBuilder.cs
OpenStack/OpenStack/Threading/System.Runtime.CompilerServices/IAsyncStateMachine.cs
OpenStack/OpenStack/Threading/System.Runtime.CompilerServices/ICriticalNotifyCompletion.cs
OpenStack/OpenStack/Threading/System.Runtime.CompilerServices/INotifyCompletion.cs
OpenStack/OpenStack/Threading/System.Threading.Tasks/TaskAwaiter.cs
OpenStack/OpenStack/Threading/System.Threading.Tasks/TaskAwaiterOfT.cs
OpenStack/OpenStack/Threading/System.Threading.Tasks/TaskCoreExtensions.cs
OpenStack/OpenStack/Threading/System.Threading.Tasks/TaskEx.cs
OpenStack/OpenStack/Threading/System.Threading.Tasks/TaskSchedularHelper.cs
README.rst
