attributes/default.rb
Berksfile
Berksfile.lock
CHANGELOG.md
files/default/add_floaters.py
files/default/nova-compute.conf
files/default/nova_plugin.py
files/default/policy.json
files/default/ui.js
files/default/vnc_auto.html
Gemfile
Gemfile.lock
metadata.rb
README.md
README.rdoc
recipes/allinone.rb
recipes/api-ec2-monitoring.rb
recipes/api-ec2.rb
recipes/api-metadata-monitoring.rb
recipes/api-metadata.rb
recipes/api-os-compute-monitoring.rb
recipes/api-os-compute.rb
recipes/api-os-volume-monitoring.rb
recipes/api-os-volume.rb
recipes/api.rb
recipes/apt.rb
recipes/ceilometer-agent-central.rb
recipes/ceilometer-agent-compute.rb
recipes/ceilometer-api.rb
recipes/ceilometer-collector.rb
recipes/ceilometer-common.rb
recipes/ceilometer-db.rb
recipes/client.rb
recipes/compute-monitoring.rb
recipes/compute.rb
recipes/conductor.rb
recipes/controller.rb
recipes/db.rb
recipes/default.rb
recipes/greenpipe-patch.rb
recipes/identity_registration.rb
recipes/keystone_registration.rb
recipes/libvirt-monitoring.rb
recipes/libvirt.rb
recipes/libvirt_rbd.rb
recipes/mysql.rb
recipes/network-monitoring.rb
recipes/network.rb
recipes/nova-bzr.rb
recipes/nova-cert.rb
recipes/nova-common.rb
recipes/nova-db-monitoring.rb
recipes/nova-db.rb
recipes/nova-directory.rb
recipes/nova-git.rb
recipes/nova-prep.rb
recipes/nova-rsyslog.conf
recipes/nova-rsyslog.rb
recipes/nova-scheduler-patch.rb
recipes/nova-setup-monitoring.rb
recipes/nova-setup.rb
recipes/patch.rb
recipes/python-dependencies.rb
recipes/python-pip.rb
recipes/rabbitmq.rb
recipes/scheduler-monitoring.rb
recipes/scheduler.rb
recipes/setup.rb
recipes/system-dependencies.rb
recipes/tuning.rb
recipes/vncproxy-monitoring.rb
recipes/vncproxy.rb
recipes/volume-monitoring.rb
recipes/volume.rb
.rubocop.yml
run_tests.bash
spec/api-ec2-redhat_spec.rb
spec/api-ec2_spec.rb
spec/api-metadata-redhat_spec.rb
spec/api-metadata_spec.rb
spec/api-os-compute-redhat_spec.rb
spec/api-os-compute_spec.rb
spec/ceilometer-agent-central-opensuse_spec.rb
spec/ceilometer-agent-central_spec.rb
spec/ceilometer-agent-compute-opensuse_spec.rb
spec/ceilometer-agent-compute_spec.rb
spec/ceilometer-api-opensuse_spec.rb
spec/ceilometer-api_spec.rb
spec/ceilometer-collector-opensuse_spec.rb
spec/ceilometer-collector_spec.rb
spec/ceilometer-common-opensuse_spec.rb
spec/ceilometer-common_spec.rb
spec/ceilometer-db_spec.rb
spec/client-redhat_spec.rb
spec/client_spec.rb
spec/compute-opensuse_spec.rb
spec/compute-redhat_spec.rb
spec/compute_spec.rb
spec/compute-suse_spec.rb
spec/conductor_redhat_spec.rb
spec/conductor_spec.rb
spec/db_spec.rb
spec/default_spec.rb
spec/identity_registration_spec.rb
spec/keystone_registration_spec.rb
spec/libvirt-opensuse_spec.rb
spec/libvirt_rbd_spec.rb
spec/libvirt-redhat_spec.rb
spec/libvirt_spec.rb
spec/libvirt-suse_spec.rb
spec/network-redhat_spec.rb
spec/network_spec.rb
spec/nova-cert-redhat_spec.rb
spec/nova-cert_spec.rb
spec/nova-common-redhat_spec.rb
spec/nova-common_spec.rb
spec/nova-setup_spec.rb
spec/scheduler-redhat_spec.rb
spec/scheduler_spec.rb
spec/spec_helper.rb
spec/vncproxy-redhat_spec.rb
spec/vncproxy_spec.rb
Strainerfile
.tailor
templates/default/21-nova.conf.erb
templates/default/api-paste.ini.erb
templates/default/ceilometer.conf.erb
templates/default/collectd-plugin-libvirt.conf.erb
templates/default/collectd-plugin-mysql.conf.erb
templates/default/libvirt-bin.erb
templates/default/libvirtd.conf.erb
templates/default/libvirtd.erb
templates/default/libvirtd-ssh-config
templates/default/libvirtd-ssh-private-key.erb
templates/default/libvirtd-ssh-public-key.erb
templates/default/local_settings.py.erb
templates/default/meter-site.conf.erb
templates/default/mysql-server.seed.erb
templates/default/nova.conf.erb
templates/default/nova-mysql.cnf.erb
templates/default/novarc.erb
templates/default/openrc.erb
templates/default/patches/affinity_filter.py.2012.1+stable~20120612-3ee026e-0ubuntu1.2
templates/default/rootwrap.conf
templates/default/rootwrap.conf.erb
templates/default/rootwrap.d/api-metadata.filters
templates/default/rootwrap.d/api-metadata.filters.erb
templates/default/rootwrap.d/compute.filters
templates/default/rootwrap.d/compute.filters.erb
templates/default/rootwrap.d/network.filters
templates/default/rootwrap.d/network.filters.erb
templates/default/secret.xml.erb
TESTING.md
test/kitchen/Kitchenfile
