attributes/default.rb
attributes/.rubocop.yml
Berksfile
CHANGELOG.md
files/css/bootstrap.min.css
files/css/fulsom.css
files/css/style.css
files/default/css/folsom.css
files/default/css/fulsom.css
files/default/horizon.key
files/default/horizon.pem
files/default/img/body_bkg.gif
files/img/body_bkg.gif
Gemfile
Gemfile.lock
metadata.rb
README.md
recipes/db.rb
recipes/default.rb
recipes/.rubocop.yml
recipes/server.rb
.rubocop.yml
run_tests.bash
spec/db_spec.rb
spec/default_spec.rb
spec/.rubocop.yml
spec/server-fedora_spec.rb
spec/server-opensuse_spec.rb
spec/server-redhat_spec.rb
spec/server_spec.rb
spec/server-suse_spec.rb
spec/spec_helper.rb
Strainerfile
.tailor
templates/default/dash-site.erb
templates/default/default_stylesheets.html.erb
templates/default/essex-final/dash-site.erb
templates/default/essex-final/local_settings.py.erb
templates/default/folsom/dash-site.erb
templates/default/folsom/local_settings.py.erb
templates/default/local_settings.py.erb
templates/default/rs_stylesheets.html.erb
TESTING.md
