.fixtures.yml
Gemfile
lib/puppet/provider/trove_api_paste_ini/ini_setting.rb
lib/puppet/provider/trove_conductor_config/ini_setting.rb
lib/puppet/provider/trove_config/ini_setting.rb
lib/puppet/provider/trove_guestagent_config/ini_setting.rb
lib/puppet/provider/trove.rb
lib/puppet/provider/trove_taskmanager_config/ini_setting.rb
lib/puppet/type/trove_api_paste_ini.rb
lib/puppet/type/trove_conductor_config.rb
lib/puppet/type/trove_config.rb
lib/puppet/type/trove_guestagent_config.rb
lib/puppet/type/trove_paste_api_ini.rb
lib/puppet/type/trove_taskmanager_config.rb
LICENSE
manifests/api.pp
manifests/client.pp
manifests/conductor.pp
manifests/db/mysql/host_access.pp
manifests/db/mysql.pp
manifests/db/postgresql.pp
manifests/db/sync.pp
manifests/generic_service.pp
manifests/guestagent.pp
manifests/init.pp
manifests/keystone/auth.pp
manifests/params.pp
manifests/taskmanager.pp
Modulefile
Rakefile
README.md
spec/classes/trove_api_spec.rb
spec/classes/trove_client_spec.rb
spec/classes/trove_conductor_spec.rb
spec/classes/trove_db_mysql_spec.rb
spec/classes/trove_db_postgresql_spec.rb
spec/classes/trove_guestagent_spec.rb
spec/classes/trove_init_spec.rb
spec/classes/trove_keystone_auth_spec.rb
spec/classes/trove_taskmanager_spec.rb
spec/shared_examples.rb
spec/spec_helper.rb
spec/unit/provider/trove_config/ini_setting_spec.rb
spec/unit/type/trove_config_spec.rb
.travis.yml
