AUTHORS
contrib/devstack/exercises/rally.sh
contrib/devstack/extras.d/70-rally.sh
contrib/devstack/lib/rally
.coveragerc
doc/sample/sample-cloud-verification.json
doc/sample/sample-lxc.json
doc/sample/sample-openstack.json
doc/sample/sample-task-boot-and-delete.json
doc/sample/sample-task.json
doc/sample/sample-task-soft-reboot.json
doc/samples/deployments/devstack-in-dummy.json
doc/samples/deployments/devstack-in-existing-servers.json
doc/samples/deployments/devstack-in-lxc.json
doc/samples/deployments/devstack-in-openstack.json
doc/samples/deployments/devstack-lxc-engine-in-dummy.json
doc/samples/deployments/devstack-lxc-engine-in-dummy.rst
doc/samples/deployments/devstack-lxc.json
doc/samples/deployments/devtack-in-openstack.json
doc/samples/deployments/dummy.json
doc/samples/deployments/existing.json
doc/samples/deployments/fuel-ha.json
doc/samples/deployments/fuel-multinode.json
doc/samples/deployments/multihost.json
doc/samples/deployments/multihost.rst
doc/samples/support/instance_dd_test.sh
doc/samples/tasks/authenticate/keystone.json
doc/samples/tasks/authenticate/keystone.yaml
doc/samples/tasks/authenticate/token_validate_cinder.json
doc/samples/tasks/authenticate/token_validate_cinder.yaml
doc/samples/tasks/authenticate/token_validate_glance.json
doc/samples/tasks/authenticate/token_validate_glance.yaml
doc/samples/tasks/authenticate/token_validate_heat.json
doc/samples/tasks/authenticate/token_validate_heat.yaml
doc/samples/tasks/authenticate/token_validate_neutron.json
doc/samples/tasks/authenticate/token_validate_neutron.yaml
doc/samples/tasks/authenticate/token_validate_nova.json
doc/samples/tasks/authenticate/token_validate_nova.yaml
doc/samples/tasks/boot-and-delete.json
doc/samples/tasks/boot-and-delete-periodic.json
doc/samples/tasks/ceilometer/create-alarm.json
doc/samples/tasks/ceilometer/create-alarm.yaml
doc/samples/tasks/ceilometer/create-and-delete-alarm.json
doc/samples/tasks/ceilometer/create-and-delete-alarm.yaml
doc/samples/tasks/ceilometer/create-and-list-alarm.json
doc/samples/tasks/ceilometer/create-and-list-alarm.yaml
doc/samples/tasks/ceilometer/create-and-query-alarm-history.json
doc/samples/tasks/ceilometer/create-and-query-alarm-history.yaml
doc/samples/tasks/ceilometer/create-and-query-alarms.json
doc/samples/tasks/ceilometer/create-and-query-alarms.yaml
doc/samples/tasks/ceilometer/create-and-query-samples.json
doc/samples/tasks/ceilometer/create-and-query-samples.yaml
doc/samples/tasks/ceilometer/create-and-update-alarm.json
doc/samples/tasks/ceilometer/create-and-update-alarm.yaml
doc/samples/tasks/ceilometer/create-meter-and-get-stats.json
doc/samples/tasks/ceilometer/create-meter-and-get-stats.yaml
doc/samples/tasks/ceilometer/list-alarms.json
doc/samples/tasks/ceilometer/list-alarms.yaml
doc/samples/tasks/ceilometer/list-meters.json
doc/samples/tasks/ceilometer/list-meters.yaml
doc/samples/tasks/ceilometer/list-resouces.json
doc/samples/tasks/ceilometer/list-resources.json
doc/samples/tasks/ceilometer/list-resources.yaml
doc/samples/tasks/ceilometer/list-resoures.yaml
doc/samples/tasks/cinder/create-and-delete-volume.json
doc/samples/tasks/cinder/create-and-delete-volume.yaml
doc/samples/tasks/cinder/create-and-list-volume.json
doc/samples/tasks/cinder/create-and-list-volume.yaml
doc/samples/tasks/cinder/create-volume.json
doc/samples/tasks/cinder/create-volume.yaml
doc/samples/tasks/cloud-verification.json
doc/samples/tasks/contexts/contexts.rst
doc/samples/tasks/contexts/large-ops/create-volume-large-scale.json
doc/samples/tasks/contexts/large-ops/create-volume-large-scale.yaml
doc/samples/tasks/dummy/dummy_exception.json
doc/samples/tasks/dummy/dummy_exception_probability.json
doc/samples/tasks/dummy/dummy_exception_probability.yaml
doc/samples/tasks/dummy/dummy_exception.yaml
doc/samples/tasks/dummy/dummy.json
doc/samples/tasks/dummy/dummy_with_scenario_output.json
doc/samples/tasks/dummy/dummy_with_scenario_output.yaml
doc/samples/tasks/dummy/dummy.yaml
doc/samples/tasks/glance/create-and-delete-image.json
doc/samples/tasks/glance/create-and-delete-image.yaml
doc/samples/tasks/glance/create-and-list-image.json
doc/samples/tasks/glance/create-and-list-image.yaml
doc/samples/tasks/glance/create-image-and-boot-instances.json
doc/samples/tasks/glance/create-image-and-boot-instances.yaml
doc/samples/tasks/glance/list_images.json
doc/samples/tasks/glance/list_images.yaml
doc/samples/tasks/heat/create-and-delete-stack.json
doc/samples/tasks/heat/create-and-delete-stack.yaml
doc/samples/tasks/heat/create-and-list-stack.json
doc/samples/tasks/heat/create-and-list-stack.yaml
doc/samples/tasks/keystone/create-and-delete-user.json
doc/samples/tasks/keystone/create-and-delete-user.yaml
doc/samples/tasks/keystone/create-and-list-tenants.json
doc/samples/tasks/keystone/create-and-list-tenants.yaml
doc/samples/tasks/keystone/create-and-list-users.json
doc/samples/tasks/keystone/create-and-list-users.yaml
doc/samples/tasks/keystone/create-tenant.json
doc/samples/tasks/keystone/create-tenant-with-users.json
doc/samples/tasks/keystone/create-tenant-with-users.yaml
doc/samples/tasks/keystone/create-tenant.yaml
doc/samples/tasks/keystone/create-user.json
doc/samples/tasks/keystone/create-user.yaml
doc/samples/tasks/large-ops/create-volume-large-scale.json
doc/samples/tasks/large-ops/create-volume-large-scale.yaml
doc/samples/tasks/neutron/create_and_list_networks.json
doc/samples/tasks/neutron/create_and_list_networks.yaml
doc/samples/tasks/neutron/create_and_list_ports.json
doc/samples/tasks/neutron/create_and_list_ports.yaml
doc/samples/tasks/neutron/create_and_list_routers.json
doc/samples/tasks/neutron/create_and_list_routers.yaml
doc/samples/tasks/neutron/create_and_list_subnets.json
doc/samples/tasks/neutron/create_and_list_subnets.yaml
doc/samples/tasks/nova/boot-and-delete.json
doc/samples/tasks/nova/boot-and-delete-periodic.json
doc/samples/tasks/nova/boot-and-delete.yaml
doc/samples/tasks/nova/boot-and-list.json
doc/samples/tasks/nova/boot-and-list.yaml
doc/samples/tasks/nova/boot-bounce-delete.json
doc/samples/tasks/nova/boot-bounce-delete.yaml
doc/samples/tasks/nova/boot-from-volume-and-delete.json
doc/samples/tasks/nova/boot-from-volume-and-delete.yaml
doc/samples/tasks/nova/boot-from-volume.json
doc/samples/tasks/nova/boot-from-volume.yaml
doc/samples/tasks/nova/boot.json
doc/samples/tasks/nova/boot-runcommand-delete.json
doc/samples/tasks/nova/boot-runcommand-delete.yaml
doc/samples/tasks/nova/boot-server-from-volume-and-delete.json
doc/samples/tasks/nova/boot-snapshot-boot-delete.json
doc/samples/tasks/nova/boot-snapshot-boot-delete.yaml
doc/samples/tasks/nova/boot.yaml
doc/samples/tasks/nova/rescue-and-unrescue.json
doc/samples/tasks/nova/soft-reboot.json
doc/samples/tasks/quotas/cinder-update.json
doc/samples/tasks/quotas/cinder-update.yaml
doc/samples/tasks/quotas/nova-update-and-delete.json
doc/samples/tasks/quotas/nova-update-and-delete.yaml
doc/samples/tasks/quotas/nova-update.json
doc/samples/tasks/quotas/nova-update.yaml
doc/samples/tasks/rescue-and-unrescue.json
doc/samples/tasks/runners/constant/constant_for_duration.json
doc/samples/tasks/runners/constant/constant_for_duration.yaml
doc/samples/tasks/runners/constant/constant_timeout.json
doc/samples/tasks/runners/constant/constant_timeout.yaml
doc/samples/tasks/runners/periodic/periodic.json
doc/samples/tasks/runners/periodic/periodic.yaml
doc/samples/tasks/runners/rps/rps.json
doc/samples/tasks/runners/rps/rps.yaml
doc/samples/tasks/runners/runners.rst
doc/samples/tasks/runners/serial/serial.json
doc/samples/tasks/runners/serial/serial.yaml
doc/samples/tasks/scenarios/authenticate/keystone.json
doc/samples/tasks/scenarios/authenticate/keystone.yaml
doc/samples/tasks/scenarios/authenticate/token_validate_cinder.json
doc/samples/tasks/scenarios/authenticate/token_validate_cinder.yaml
doc/samples/tasks/scenarios/authenticate/token_validate_glance.json
doc/samples/tasks/scenarios/authenticate/token_validate_glance.yaml
doc/samples/tasks/scenarios/authenticate/token_validate_heat.json
doc/samples/tasks/scenarios/authenticate/token_validate_heat.yaml
doc/samples/tasks/scenarios/authenticate/token_validate_neutron.json
doc/samples/tasks/scenarios/authenticate/token_validate_neutron.yaml
doc/samples/tasks/scenarios/authenticate/token_validate_nova.json
doc/samples/tasks/scenarios/authenticate/token_validate_nova.yaml
doc/samples/tasks/scenarios/ceilometer/create-alarm.json
doc/samples/tasks/scenarios/ceilometer/create-alarm.yaml
doc/samples/tasks/scenarios/ceilometer/create-and-delete-alarm.json
doc/samples/tasks/scenarios/ceilometer/create-and-delete-alarm.yaml
doc/samples/tasks/scenarios/ceilometer/create-and-list-alarm.json
doc/samples/tasks/scenarios/ceilometer/create-and-list-alarm.yaml
doc/samples/tasks/scenarios/ceilometer/create-and-query-alarm-history.json
doc/samples/tasks/scenarios/ceilometer/create-and-query-alarm-history.yaml
doc/samples/tasks/scenarios/ceilometer/create-and-query-alarms.json
doc/samples/tasks/scenarios/ceilometer/create-and-query-alarms.yaml
doc/samples/tasks/scenarios/ceilometer/create-and-query-samples.json
doc/samples/tasks/scenarios/ceilometer/create-and-query-samples.yaml
doc/samples/tasks/scenarios/ceilometer/create-and-update-alarm.json
doc/samples/tasks/scenarios/ceilometer/create-and-update-alarm.yaml
doc/samples/tasks/scenarios/ceilometer/create-meter-and-get-stats.json
doc/samples/tasks/scenarios/ceilometer/create-meter-and-get-stats.yaml
doc/samples/tasks/scenarios/ceilometer/list-alarms.json
doc/samples/tasks/scenarios/ceilometer/list-alarms.yaml
doc/samples/tasks/scenarios/ceilometer/list-meters.json
doc/samples/tasks/scenarios/ceilometer/list-meters.yaml
doc/samples/tasks/scenarios/ceilometer/list-resources.json
doc/samples/tasks/scenarios/ceilometer/list-resources.yaml
doc/samples/tasks/scenarios/cinder/create-and-delete-volume.json
doc/samples/tasks/scenarios/cinder/create-and-delete-volume.yaml
doc/samples/tasks/scenarios/cinder/create-and-list-volume.json
doc/samples/tasks/scenarios/cinder/create-and-list-volume.yaml
doc/samples/tasks/scenarios/cinder/create-volume.json
doc/samples/tasks/scenarios/cinder/create-volume.yaml
doc/samples/tasks/scenarios/dummy/dummy_exception.json
doc/samples/tasks/scenarios/dummy/dummy_exception_probability.json
doc/samples/tasks/scenarios/dummy/dummy_exception_probability.yaml
doc/samples/tasks/scenarios/dummy/dummy_exception.yaml
doc/samples/tasks/scenarios/dummy/dummy.json
doc/samples/tasks/scenarios/dummy/dummy_with_scenario_output.json
doc/samples/tasks/scenarios/dummy/dummy_with_scenario_output.yaml
doc/samples/tasks/scenarios/dummy/dummy.yaml
doc/samples/tasks/scenarios/glance/create-and-delete-image.json
doc/samples/tasks/scenarios/glance/create-and-delete-image.yaml
doc/samples/tasks/scenarios/glance/create-and-list-image.json
doc/samples/tasks/scenarios/glance/create-and-list-image.yaml
doc/samples/tasks/scenarios/glance/create-image-and-boot-instances.json
doc/samples/tasks/scenarios/glance/create-image-and-boot-instances.yaml
doc/samples/tasks/scenarios/glance/list_images.json
doc/samples/tasks/scenarios/glance/list_images.yaml
doc/samples/tasks/scenarios/heat/create-and-delete-stack.json
doc/samples/tasks/scenarios/heat/create-and-delete-stack.yaml
doc/samples/tasks/scenarios/heat/create-and-list-stack.json
doc/samples/tasks/scenarios/heat/create-and-list-stack.yaml
doc/samples/tasks/scenarios/keystone/create-and-delete-user.json
doc/samples/tasks/scenarios/keystone/create-and-delete-user.yaml
doc/samples/tasks/scenarios/keystone/create-and-list-tenants.json
doc/samples/tasks/scenarios/keystone/create-and-list-tenants.yaml
doc/samples/tasks/scenarios/keystone/create-and-list-users.json
doc/samples/tasks/scenarios/keystone/create-and-list-users.yaml
doc/samples/tasks/scenarios/keystone/create-tenant.json
doc/samples/tasks/scenarios/keystone/create-tenant-with-users.json
doc/samples/tasks/scenarios/keystone/create-tenant-with-users.yaml
doc/samples/tasks/scenarios/keystone/create-tenant.yaml
doc/samples/tasks/scenarios/keystone/create-user.json
doc/samples/tasks/scenarios/keystone/create-user.yaml
doc/samples/tasks/scenarios/neutron/create_and_delete_networks.json
doc/samples/tasks/scenarios/neutron/create_and_delete_networks.yaml
doc/samples/tasks/scenarios/neutron/create_and_delete_ports.json
doc/samples/tasks/scenarios/neutron/create_and_delete_ports.yaml
doc/samples/tasks/scenarios/neutron/create_and_delete_subnets.json
doc/samples/tasks/scenarios/neutron/create_and_delete_subnets.yaml
doc/samples/tasks/scenarios/neutron/create_and_list_networks.json
doc/samples/tasks/scenarios/neutron/create_and_list_networks.yaml
doc/samples/tasks/scenarios/neutron/create_and_list_ports.json
doc/samples/tasks/scenarios/neutron/create_and_list_ports.yaml
doc/samples/tasks/scenarios/neutron/create_and_list_routers.json
doc/samples/tasks/scenarios/neutron/create_and_list_routers.yaml
doc/samples/tasks/scenarios/neutron/create_and_list_subnets.json
doc/samples/tasks/scenarios/neutron/create_and_list_subnets.yaml
doc/samples/tasks/scenarios/nova/boot-and-delete.json
doc/samples/tasks/scenarios/nova/boot-and-delete.yaml
doc/samples/tasks/scenarios/nova/boot-and-list.json
doc/samples/tasks/scenarios/nova/boot-and-list.yaml
doc/samples/tasks/scenarios/nova/boot-bounce-delete.json
doc/samples/tasks/scenarios/nova/boot-bounce-delete.yaml
doc/samples/tasks/scenarios/nova/boot-from-volume-and-delete.json
doc/samples/tasks/scenarios/nova/boot-from-volume-and-delete.yaml
doc/samples/tasks/scenarios/nova/boot-from-volume.json
doc/samples/tasks/scenarios/nova/boot-from-volume.yaml
doc/samples/tasks/scenarios/nova/boot.json
doc/samples/tasks/scenarios/nova/boot-snapshot-boot-delete.json
doc/samples/tasks/scenarios/nova/boot-snapshot-boot-delete.yaml
doc/samples/tasks/scenarios/nova/boot.yaml
doc/samples/tasks/scenarios/nova/resize-server.json
doc/samples/tasks/scenarios/nova/resize-server.yaml
doc/samples/tasks/scenarios/quotas/cinder-update.json
doc/samples/tasks/scenarios/quotas/cinder-update.yaml
doc/samples/tasks/scenarios/quotas/nova-update-and-delete.json
doc/samples/tasks/scenarios/quotas/nova-update-and-delete.yaml
doc/samples/tasks/scenarios/quotas/nova-update.json
doc/samples/tasks/scenarios/quotas/nova-update.yaml
doc/samples/tasks/scenarios/requests/check_response.json
doc/samples/tasks/scenarios/requests/check_response.yaml
doc/samples/tasks/scenarios/sahara/create_and_delete_cluster.json
doc/samples/tasks/scenarios/sahara/create_and_delete_cluster.yaml
doc/samples/tasks/scenarios/sahara/create_and_list_node_group_templates.json
doc/samples/tasks/scenarios/sahara/create_and_list_node_group_templates.yaml
doc/samples/tasks/scenarios/sahara/create_delete_node_group_templates.json
doc/samples/tasks/scenarios/sahara/create_delete_node_group_templates.yaml
doc/samples/tasks/scenarios/scenarios.rst
doc/samples/tasks/scenarios/tempest/all_tests.json
doc/samples/tasks/scenarios/tempest/all_tests.yaml
doc/samples/tasks/scenarios/tempest/list_of_tests.json
doc/samples/tasks/scenarios/tempest/list_of_tests.yaml
doc/samples/tasks/scenarios/tempest/set.json
doc/samples/tasks/scenarios/tempest/set.yaml
doc/samples/tasks/scenarios/tempest/single_test.json
doc/samples/tasks/scenarios/tempest/single_test.yaml
doc/samples/tasks/scenarios/tempest/specific_regex.json
doc/samples/tasks/scenarios/tempest/specific_regex.yaml
doc/samples/tasks/scenarios/vm/boot-runcommand-delete.json
doc/samples/tasks/scenarios/vm/boot-runcommand-delete.yaml
doc/samples/tasks/sla/create-and-delete-user.json
doc/samples/tasks/sla/create-and-delete-user.yaml
doc/samples/tasks/soft-reboot.json
doc/samples/tasks/support/instance_dd_test.sh
doc/samples/tasks/tasks.rst
doc/samples/tasks/tempest/all_tests.json
doc/samples/tasks/tempest/all_tests.yaml
doc/samples/tasks/tempest/list_of_tests.json
doc/samples/tasks/tempest/list_of_tests.yaml
doc/samples/tasks/tempest/set.json
doc/samples/tasks/tempest/set.yaml
doc/samples/tasks/tempest/single_test.json
doc/samples/tasks/tempest/single_test.yaml
doc/samples/tasks/tempest/specific_regex.json
doc/samples/tasks/tempest/specific_regex.yaml
doc/samples/tasks/vm/boot-runcommand-delete.json
doc/samples/tasks/vm/boot-runcommand-delete.yaml
doc/source/benchmark.rst
doc/source/cmds.rst
doc/source/concepts.rst
doc/source/conf.py
doc/source/database.rst
doc/source/deploy_engines.rst
doc/source/deploy.rst
doc/source/implementation.rst
doc/source/improve_rally.rst
doc/source/index.rst
doc/source/installation.rst
doc/source/objects.rst
doc/source/osclients.rst
doc/source/overview.rst
doc/source/plugins.rst
doc/source/provisioning.rst
doc/source/rally_gatejob.rst
doc/source/server_providers.rst
doc/source/usage.rst
doc/source/verify.rst
doc/user_stories/keystone/authenticate.rst
doc/user_stories/keystone/authenticate/times_10000_concurrency_16_apacheEnabledKeystone_N.html
doc/user_stories/keystone/authenticate/times_10000_concurrency_16_apacheEnabledKeystone_Y.html
doc/user_stories/keystone/authenticate/times_10000_concurrency_32_apacheEnabledKeystone_N.html
doc/user_stories/keystone/authenticate/times_10000_concurrency_32_apacheEnabledKeystone_Y.html
doc/user_stories/keystone/authenticate/times_10000_concurrency_4_apacheEnabledKeystone_N.html
doc/user_stories/keystone/authenticate/times_10000_concurrency_4_apacheEnabledKeystone_Y.html
etc/rally/rally.conf.sample
install_rally.sh
LICENSE
openstack-common.conf
openstack-patches/master/keystone/0001-Added-tomograph-middleware.patch
openstack-patches/master/keystone/0002-Added-sql-tracing.patch
openstack-patches/master/keystone/0003-Added-RPC-trace.patch
openstack-patches/master/nova/0001-Adding-tomograph-middleware.patch
openstack-patches/master/nova/0002-Added-SQL-queries-trace.patch
openstack-patches/master/nova/0003-Added-RPC-trace.patch
openstack-patches/master/python-cinderclient/0001-Added-trace-header-forwarding.patch
openstack-patches/master/python-glanceclient/0001-Added-trace-header-forwarding.patch
openstack-patches/master/python-keystoneclient/0001-Added-trace-header-forwarding.patch
openstack-patches/master/python-neutronclient/0001-Added-trace-header-forwarding.patch
openstack-patches/master/python-novaclient/0001-Added-trace-header-forwarding.patch
openstack-patches/nova/0001-Adding-tomograph-middleware.patch
openstack-patches/nova/0002-Added-SQL-queries-trace.patch
openstack-patches/nova/0003-Added-RPC-trace.patch
rally/aas/__init__.py
rally/aas/rest/app.py
rally/aas/rest/controllers/__init__.py
rally/aas/rest/controllers/root.py
rally/aas/rest/controllers/v1/__init__.py
rally/aas/rest/controllers/v1/root.py
rally/aas/rest/__init__.py
rally/aas/rest/types.py
rally/api/app.py
rally/api/controllers/__init__.py
rally/api/controllers/root.py
rally/api/controllers/v1/__init__.py
rally/api/controllers/v1/root.py
rally/api/__init__.py
rally/api/types.py
rally/benchmark/base.py
rally/benchmark/benchmark.py
rally/benchmark/cleanup_utils.py
rally/benchmark/config.py
rally/benchmark/context/base.py
rally/benchmark/context/cleaner.py
rally/benchmark/context/cleanup/admin_cleanup.py
rally/benchmark/context/cleanup/cleanup.py
rally/benchmark/context/cleanup/__init__.py
rally/benchmark/context/cleanup/user_cleanup.py
rally/benchmark/context/cleanup/utils.py
rally/benchmark/context/images.py
rally/benchmark/context/__init__.py
rally/benchmark/context/keypair.py
rally/benchmark/context/quotas/cinder_quotas.py
rally/benchmark/context/quotas/__init__.py
rally/benchmark/context/quotas/neutron_quotas.py
rally/benchmark/context/quotas/nova_quotas.py
rally/benchmark/context/quotas.py
rally/benchmark/context/quotas/quotas.py
rally/benchmark/context/roles.py
rally/benchmark/context/sahara_image.py
rally/benchmark/context/secgroup.py
rally/benchmark/context/tempest.py
rally/benchmark/context/users.py
rally/benchmark/engine.py
rally/benchmark/__init__.py
rally/benchmark/processing/charts/histogram.py
rally/benchmark/processing/charts/__init__.py
rally/benchmark/processing/__init__.py
rally/benchmark/processing/plot.py
rally/benchmark/processing/src/index.mako
rally/benchmark/processing/utils.py
rally/benchmark/runner.py
rally/benchmark/runners/base.py
rally/benchmark/runners/constant.py
rally/benchmark/runners/continuous.py
rally/benchmark/runners/__init__.py
rally/benchmark/runners/periodic.py
rally/benchmark/runners/rps.py
rally/benchmark/runners/serial.py
rally/benchmark/scenarios/authenticate/authenticate.py
rally/benchmark/scenarios/authenticate/__init__.py
rally/benchmark/scenarios/base.py
rally/benchmark/scenarios/ceilometer/alarms.py
rally/benchmark/scenarios/ceilometer/ceilometer.py
rally/benchmark/scenarios/ceilometer/__init__.py
rally/benchmark/scenarios/ceilometer/meters.py
rally/benchmark/scenarios/ceilometer/queries.py
rally/benchmark/scenarios/ceilometer/resources.py
rally/benchmark/scenarios/ceilometer/stats.py
rally/benchmark/scenarios/ceilometer/utils.py
rally/benchmark/scenarios/cinder/__init__.py
rally/benchmark/scenarios/cinder/utils.py
rally/benchmark/scenarios/cinder/volumes.py
rally/benchmark/scenarios/dummy/dummy.py
rally/benchmark/scenarios/dummy/__init__.py
rally/benchmark/scenarios/fake.py
rally/benchmark/scenarios/glance/images.py
rally/benchmark/scenarios/glance/__init__.py
rally/benchmark/scenarios/glance/utils.py
rally/benchmark/scenarios/heat/__init__.py
rally/benchmark/scenarios/heat/stacks.py
rally/benchmark/scenarios/heat/utils.py
rally/benchmark/scenarios/__init__.py
rally/benchmark/scenarios/keystone/basic.py
rally/benchmark/scenarios/keystone/__init__.py
rally/benchmark/scenarios/keystone/utils.py
rally/benchmark/scenarios/neutron/__init__.py
rally/benchmark/scenarios/neutron/network.py
rally/benchmark/scenarios/neutron/utils.py
rally/benchmark/scenarios/nova/__init__.py
rally/benchmark/scenarios/nova/servers.py
rally/benchmark/scenarios/nova/utils.py
rally/benchmark/scenarios/quotas/__init__.py
rally/benchmark/scenarios/quotas/quotas.py
rally/benchmark/scenarios/quotas/utils.py
rally/benchmark/scenarios/requests/http_requests.py
rally/benchmark/scenarios/requests/__init__.py
rally/benchmark/scenarios/sahara/clusters.py
rally/benchmark/scenarios/sahara/__init__.py
rally/benchmark/scenarios/sahara/node_group_templates.py
rally/benchmark/scenarios/sahara/utils.py
rally/benchmark/scenarios/tempest/__init__.py
rally/benchmark/scenarios/tempest/tempest.py
rally/benchmark/scenarios/tempest/utils.py
rally/benchmark/scenarios/utils.py
rally/benchmark/scenarios/vm/__init__.py
rally/benchmark/scenarios/vm/utils.py
rally/benchmark/scenarios/vm/vmtasks.py
rally/benchmark/sla/base.py
rally/benchmark/sla/__init__.py
rally/benchmark/temp/__init__.py
rally/benchmark/test.conf
rally/benchmark/test_scenarios/fake.py
rally/benchmark/test_scenarios/__init__.py
rally/benchmark/test_scenarios/utils.py
rally/benchmark/tests.py
rally/benchmark/types.py
rally/benchmark/utils.py
rally/benchmark/validation.py
rally/benchmark/wrappers/__init__.py
rally/benchmark/wrappers/keystone.py
rally/cmd/api.py
rally/cmd/cliutils.py
rally/cmd/commands/deployment.py
rally/cmd/commands/info.py
rally/cmd/commands/__init__.py
rally/cmd/commands/show.py
rally/cmd/commands/task.py
rally/cmd/commands/use.py
rally/cmd/commands/verify.py
rally/cmd/envutils.py
rally/cmd/__init__.py
rally/cmd/main.py
rally/cmd/manage.py
rally/cmd/task_cli.py
rally/consts.py
rally/db/api.py
rally/db/deploy.py
rally/db/__init__.py
rally/db/sqlalchemy/api.py
rally/db/sqlalchemy/__init__.py
rally/db/sqlalchemy/models.py
rally/db/sqlalchemy/types.py
rally/db/task.py
rally/deploy/engine.py
rally/deploy/engines/devstack/install.sh
rally/deploy/engines/devstack/localrc.tpl
rally/deploy/engines/devstack.py
rally/deploy/engines/dummy_engine.py
rally/deploy/engines/dummy.py
rally/deploy/engines/existing.py
rally/deploy/engines/fake_engine.py
rally/deploy/engines/fuel.py
rally/deploy/engines/__init__.py
rally/deploy/engines/lxc.py
rally/deploy/engines/lxc/start.sh
rally/deploy/engines/multihost.py
rally/deploy/fuel/fuelclient.py
rally/deploy/fuel/__init__.py
rally/deploy/__init__.py
rally/deploy/__main__.py
rally/deploy/serverprovider/__init__.py
rally/deploy/serverprovider/__main__.py
rally/deploy/serverprovider/provider.py
rally/deploy/serverprovider/providers/dummy.py
rally/deploy/serverprovider/providers/existing.py
rally/deploy/serverprovider/providers/__init__.py
rally/deploy/serverprovider/providers/lxc/configure_container.sh
rally/deploy/serverprovider/providers/lxc/lxc-install.sh
rally/deploy/serverprovider/providers/lxc.py
rally/deploy/serverprovider/providers/lxc/tunnel-local.sh
rally/deploy/serverprovider/providers/lxc/tunnel-remote.sh
rally/deploy/serverprovider/providers/openstack.py
rally/deploy/serverprovider/providers/virsh/get_domain_ip.sh
rally/deploy/serverprovider/providers/virsh.py
rally/exceptions.py
rally/fileutils.py
rally/fuelclient.py
rally/__init__.py
rally/objects/deploy.py
rally/objects/endpoint.py
rally/objects/__init__.py
rally/objects/task.py
rally/objects/verification.py
rally/openstack/common/apiclient/auth.py
rally/openstack/common/apiclient/base.py
rally/openstack/common/apiclient/client.py
rally/openstack/common/apiclient/exceptions.py
rally/openstack/common/apiclient/fake_client.py
rally/openstack/common/apiclient/__init__.py
rally/openstack/common/cliutils.py
rally/openstack/common/config/generator.py
rally/openstack/common/config/__init__.py
rally/openstack/common/context.py
rally/openstack/common/db/api.py
rally/openstack/common/db/exception.py
rally/openstack/common/db/__init__.py
rally/openstack/common/db/options.py
rally/openstack/common/db/sqlalchemy/__init__.py
rally/openstack/common/db/sqlalchemy/migration.py
rally/openstack/common/db/sqlalchemy/models.py
rally/openstack/common/db/sqlalchemy/provision.py
rally/openstack/common/db/sqlalchemy/session.py
rally/openstack/common/db/sqlalchemy/test_base.py
rally/openstack/common/db/sqlalchemy/test_migrations.py
rally/openstack/common/db/sqlalchemy/utils.py
rally/openstack/common/eventlet_backdoor.py
rally/openstack/common/excutils.py
rally/openstack/common/fileutils.py
rally/openstack/common/fixture/config.py
rally/openstack/common/fixture/__init__.py
rally/openstack/common/fixture/lockutils.py
rally/openstack/common/fixture/mockpatch.py
rally/openstack/common/fixture/moxstubout.py
rally/openstack/common/gettextutils.py
rally/openstack/common/importutils.py
rally/openstack/common/__init__.py
rally/openstack/common/jsonutils.py
rally/openstack/common/local.py
rally/openstack/common/lockutils.py
rally/openstack/common/log.py
rally/openstack/common/loopingcall.py
rally/openstack/common/periodic_task.py
rally/openstack/common/py3kcompat/__init__.py
rally/openstack/common/py3kcompat/urlutils.py
rally/openstack/common/service.py
rally/openstack/common/strutils.py
rally/openstack/common/systemd.py
rally/openstack/common/test.py
rally/openstack/common/threadgroup.py
rally/openstack/common/timeutils.py
rally/openstack/common/uuidutils.py
rally/openstack/__init__.py
rally/orchestrator/api.py
rally/orchestrator/__init__.py
rally/osclients.py
rally/processing.py
rally-scenarios/extra/instance_dd_test.sh
rally-scenarios/plugins/fake_plugin.py
rally-scenarios/rally-neutron.yaml
rally-scenarios/rally.yaml
rally/searchutils.py
rally/serverprovider/__init__.py
rally/serverprovider/__main__.py
rally/serverprovider/provider.py
rally/serverprovider/providers/dummy.py
rally/serverprovider/providers/__init__.py
rally/serverprovider/providers/lxc/configure_container.sh
rally/serverprovider/providers/lxc/container_config_template
rally/serverprovider/providers/lxc/lxc-install.sh
rally/serverprovider/providers/lxc.py
rally/serverprovider/providers/lxc/tunnel-local.sh
rally/serverprovider/providers/lxc/tunnel-remote.sh
rally/serverprovider/providers/openstack.py
rally/serverprovider/providers/virsh/get_domain_ip.sh
rally/serverprovider/providers/virsh.py
rally/sshutils.py
rally/task.py
rally/test.py
rally/tests/db/__init__.py
rally/tests/db/test_db_api.py
rally/tests/__init__.py
rally/utils.py
rally/verification/__init__.py
rally/verification/verifiers/__init__.py
rally/verification/verifiers/tempest/config.ini
rally/verification/verifiers/tempest/config.py
rally/verification/verifiers/tempest/__init__.py
rally/verification/verifiers/tempest/json2html.py
rally/verification/verifiers/tempest/report_templates/main.mako
rally/verification/verifiers/tempest/subunit2json.py
rally/verification/verifiers/tempest/tempest.py
rally/version.py
rally/vmprovider/__init__.py
rally/vmprovider/__main__.py
rally/vmprovider/provider.py
rally/vmprovider/providers/__init__.py
README.md
README.rst
requirements.txt
run_tests.sh
setup.cfg
setup.py
.testr.conf
test-requirements.txt
tests/aas/__init__.py
tests/aas/rest/base.py
tests/aas/rest/controllers/__init__.py
tests/aas/rest/controllers/test_root.py
tests/aas/rest/__init__.py
tests/aas/rest/test_types.py
tests/benchmark/context/cleanup/__init__.py
tests/benchmark/context/cleanup/test_admin_cleanup.py
tests/benchmark/context/cleanup/test_cleanup.py
tests/benchmark/context/cleanup/test_user_cleanup.py
tests/benchmark/context/cleanup/test_utils.py
tests/benchmark/context/__init__.py
tests/benchmark/context/quotas/__init__.py
tests/benchmark/context/quotas/test_cinder_quotas.py
tests/benchmark/context/quotas/test_neutron_quotas.py
tests/benchmark/context/quotas/test_nova_quotas.py
tests/benchmark/context/quotas/test_quotas.py
tests/benchmark/context/test_base.py
tests/benchmark/context/test_cleaner.py
tests/benchmark/context/test_images.py
tests/benchmark/context/test_keypair.py
tests/benchmark/context/test_quotas.py
tests/benchmark/context/test_roles.py
tests/benchmark/context/test_sahara_image.py
tests/benchmark/context/test_secgroups.py
tests/benchmark/context/test_tempest.py
tests/benchmark/context/test_users.py
tests/benchmark/__init__.py
tests/benchmark/processing/__init__.py
tests/benchmark/processing/test_plot.py
tests/benchmark/processing/test_utils.py
tests/benchmark/runners/__init__.py
tests/benchmark/runners/test_base.py
tests/benchmark/runners/test_constant.py
tests/benchmark/runners/test_continuous.py
tests/benchmark/runners/test_periodic.py
tests/benchmark/runners/test_rps.py
tests/benchmark/runners/test_serial.py
tests/benchmark/scenarios/authenticate/__init__.py
tests/benchmark/scenarios/authenticate/test_authenticate.py
tests/benchmark/scenarios/ceilometer/__init__.py
tests/benchmark/scenarios/ceilometer/test_alarms.py
tests/benchmark/scenarios/ceilometer/test_ceilometer.py
tests/benchmark/scenarios/ceilometer/test_meters.py
tests/benchmark/scenarios/ceilometer/test_queries.py
tests/benchmark/scenarios/ceilometer/test_resources.py
tests/benchmark/scenarios/ceilometer/test_stats.py
tests/benchmark/scenarios/ceilometer/test_utils.py
tests/benchmark/scenarios/cinder/__init__.py
tests/benchmark/scenarios/cinder/test_utils.py
tests/benchmark/scenarios/cinder/test_volumes.py
tests/benchmark/scenarios/dummy/__init__.py
tests/benchmark/scenarios/dummy/test_dummy.py
tests/benchmark/scenarios/glance/__init__.py
tests/benchmark/scenarios/glance/test_images.py
tests/benchmark/scenarios/glance/test_utils.py
tests/benchmark/scenarios/heat/__init__.py
tests/benchmark/scenarios/heat/test_stacks.py
tests/benchmark/scenarios/heat/test_utils.py
tests/benchmark/scenarios/__init__.py
tests/benchmark/scenarios/keystone/__init__.py
tests/benchmark/scenarios/keystone/test_basic.py
tests/benchmark/scenarios/keystone/test_utils.py
tests/benchmark/scenarios/neutron/__init__.py
tests/benchmark/scenarios/neutron/test_network.py
tests/benchmark/scenarios/neutron/test_utils.py
tests/benchmark/scenarios/nova/__init__.py
tests/benchmark/scenarios/nova/test_servers.py
tests/benchmark/scenarios/nova/test_utils.py
tests/benchmark/scenarios/quotas/__init__.py
tests/benchmark/scenarios/quotas/test_quotas.py
tests/benchmark/scenarios/quotas/test_utils.py
tests/benchmark/scenarios/requests/__init__.py
tests/benchmark/scenarios/requests/test_http_requests.py
tests/benchmark/scenarios/sahara/__init__.py
tests/benchmark/scenarios/sahara/test_clusters.py
tests/benchmark/scenarios/sahara/test_node_group_templates.py
tests/benchmark/scenarios/sahara/test_utils.py
tests/benchmark/scenarios/tempest/__init__.py
tests/benchmark/scenarios/tempest/test_tempest.py
tests/benchmark/scenarios/tempest/test_utils.py
tests/benchmark/scenarios/test_authenticate.py
tests/benchmark/scenarios/test_base.py
tests/benchmark/scenarios/test_utils.py
tests/benchmark/scenarios/vm/__init__.py
tests/benchmark/scenarios/vm/test_utils.py
tests/benchmark/scenarios/vm/test_vmtasks.py
tests/benchmark/sla/__init__.py
tests/benchmark/sla/test_base.py
tests/benchmark/test_base.py
tests/benchmark/test_benchmark.py
tests/benchmark/test_config.py
tests/benchmark/test_engine.py
tests/benchmark/test_runner.py
tests/benchmark/test_test_engine.py
tests/benchmark/test_types.py
tests/benchmark/test_utils.py
tests/benchmark/test_validation.py
tests/benchmark/wrappers/__init__.py
tests/benchmark/wrappers/test_keystone.py
tests_ci/__init__.py
tests_ci/pre_test_hook.sh
tests_ci/rally-gate.sh
tests_ci/rally-integrated.sh
tests_ci/test_cli.py
tests_ci/test_install.sh
tests/cmd/commands/__init__.py
tests/cmd/commands/test_deployment.py
tests/cmd/commands/test_info.py
tests/cmd/commands/test_show.py
tests/cmd/commands/test_task.py
tests/cmd/commands/test_use.py
tests/cmd/commands/test_verify.py
tests/cmd/__init__.py
tests/cmd/test_cliutils.py
tests/cmd/test_envutils.py
tests/cmd/test_main.py
tests/cmd/test_manage.py
tests/cmd/test_task_cli.py
tests/db/__init__.py
tests/db/test_api.py
tests/db/test_db_api.py
tests/db/test_deploy.py
tests/deploy/engines/__init__.py
tests/deploy/engines/test_devstack.py
tests/deploy/engines/test_dummy.py
tests/deploy/engines/test_existing.py
tests/deploy/engines/test_fuel.py
tests/deploy/__init__.py
tests/deploy/serverprovider/__init__.py
tests/deploy/serverprovider/providers/__init__.py
tests/deploy/serverprovider/providers/test_dummy.py
tests/deploy/serverprovider/providers/test_existing.py
tests/deploy/serverprovider/providers/test_lxc.py
tests/deploy/serverprovider/providers/test_openstack.py
tests/deploy/serverprovider/providers/test_virsh.py
tests/deploy/serverprovider/test_provider.py
tests/deploy/test_devstack_engine.py
tests/deploy/test_dummy_engine.py
tests/deploy/test_engine_factory.py
tests/deploy/test_engine.py
tests/deploy/test_fake_engine.py
tests/deploy/test_lxc.py
tests/deploy/test_multihost.py
tests/deploy/test_task_status.py
tests/doc/__init__.py
tests/doc/test_task_samples.py
tests/fakes.py
tests/fixtures/import/broken.py
tests/fixtures/import/__init__.py
tests/fixtures/import/package/a.py
tests/fixtures/import/package/b.py
tests/fixtures/import/package/__init__.py
tests/fixtures/__init__.py
tests/__init__.py
tests/objects/__init__.py
tests/objects/test_deploy.py
tests/objects/test_endpoint.py
tests/objects/test_task.py
tests/objects/test_verification.py
tests/orchestrator/__init__.py
tests/orchestrator/test_api.py
tests/rally_scenarios/__init__.py
tests/rally_scenarios/test_scenarios.py
tests/serverprovider/__init__.py
tests/serverprovider/providers/__init__.py
tests/serverprovider/providers/test_dummy.py
tests/serverprovider/providers/test_lxc.py
tests/serverprovider/providers/test_openstack.py
tests/serverprovider/providers/test_virsh.py
tests/serverprovider/test_dummy_provider.py
tests/serverprovider/test_lxc.py
tests/serverprovider/test_openstack_provider.py
tests/serverprovider/test_provider.py
tests/serverprovider/test_virsh.py
tests/test_fileutils.py
tests/test_fuelclient.py
tests/test_orhestrator.py
tests/test_osclients.py
tests/test_processing.py
tests/test.py
tests/test_searchutils.py
tests/test_sshutils.py
tests/test_utils.py
tests/verification/__init__.py
tests/verification/verifiers/fake_log.xml
tests/verification/verifiers/fakes.py
tests/verification/verifiers/__init__.py
tests/verification/verifiers/test_config.py
tests/verification/verifiers/test_json2html.py
tests/verification/verifiers/test_tempest.py
tests/vmprovider/__init__.py
tests/vmprovider/test_vm_provider.py
tools/colorizer.py
tools/config/check_uptodate.sh
tools/config/generate_sample.sh
tools/config/oslo.config.generator.rc
tools/install_rally.sh
tools/install_venv_common.py
tools/install_venv.py
tools/install_venv.sh
tools/lint.py
tools/patch_tox_venv.py
tools/run_tests_common.sh
tools/with_venv.sh
tox.ini
