cfn/AutoScalingCeilometer.yaml
cfn/AutoScalingMultiAZSample.template
cfn/AutoScalingMultiAZSample.yaml
cfn/deb/MultiNode_DevStack.yaml
cfn/deb/WordPress_Single_Instance_deb.template
cfn/EC2WithEBSSample.template
cfn/F17/AutoScalingCeilometer.yaml
cfn/F17/AutoScalingMultiAZSample.template
cfn/F17/AutoScalingMultiAZSample.yaml
cfn/F17/EC2WithEBSSample.template
cfn/F17/getting_started.template
cfn/F17/HAProxy_Single_Instance.template
cfn/F17/InstanceGroup.template
cfn/F17/MySQL_Single_Instance.template
cfn/F17/Neutron_floating.template
cfn/F17/Neutron.template
cfn/F17/Neutron.yaml
cfn/F17/PuppetMaster_Single_Instance.template
cfn/F17/Quantum_floating.template
cfn/F17/Quantum.template
cfn/F17/Quantum.yaml
cfn/F17/Rails_Single_Instance.template
cfn/F17/S3_Single_Instance.template
cfn/F17/Swift.template
cfn/F17/VPN_Service.template
cfn/F17/WordPress_2_Instances.template
cfn/F17/WordPress_2_Instances_With_EBS_EIP.template
cfn/F17/WordPress_2_Instances_With_EBS.template
cfn/F17/WordPress_And_Http.template
cfn/F17/WordPress_Composed_Instances.template
cfn/F17/WordPress_NoKey.template
cfn/F17/WordPress_Single_Instance_deb.template
cfn/F17/WordPress_Single_Instance_gold.template
cfn/F17/WordPress_Single_Instance_puppet.template
cfn/F17/WordPress_Single_Instance_Rackspace_Cloud_Servers.template
cfn/F17/WordPress_Single_Instance.template
cfn/F17/WordPress_Single_Instance_With_EBS_EIP.template
cfn/F17/WordPress_Single_Instance_With_EBS.template
cfn/F17/WordPress_Single_Instance_With_EIP.template
cfn/F17/WordPress_Single_Instance_With_HA_AccessPolicy.template
cfn/F17/WordPress_Single_Instance_With_HA.template
cfn/F17/WordPress_Single_Instance_With_HA.yaml
cfn/F17/WordPress_Single_Instance_With_IHA.template
cfn/F17/WordPress_Single_Instance_With_Neutron.template
cfn/F17/WordPress_Single_Instance_With_Quantum.template
cfn/F17/WordPress_Single_Instance.yaml
cfn/F17/WordPress_With_LB.template
cfn/F17/WordPress_With_RDS.template
cfn/F18/WordPress_NoKey.yaml
cfn/F18/WordPress_Single_Instance.template
cfn/F19/WordPress_NoKey.yaml
cfn/getting_started.template
cfn/HAProxy_Single_Instance.template
cfn/InstanceGroup.template
cfn/MySQL_Single_Instance.template
cfn/OpenShift.template
cfn/PuppetMaster_Single_Instance.template
cfn/Quantum_floating.template
cfn/Quantum.template
cfn/Quantum.yaml
cfn/Rails_Single_Instance.template
cfn/S3_Single_Instance.template
cfn/Swift.template
cfn/WordPress_2_Instances.template
cfn/WordPress_2_Instances_With_EBS_EIP.template
cfn/WordPress_2_Instances_With_EBS.template
cfn/WordPress_And_Http.template
cfn/WordPress_Composed_Instances.template
cfn/WordPress_NoKey_F18.yaml
cfn/WordPress_NoKey.template
cfn/WordPress_Single_Instance_deb.template
cfn/WordPress_Single_Instance_gold.template
cfn/WordPress_Single_Instance_puppet.template
cfn/WordPress_Single_Instance_Rackspace_Cloud_Servers.template
cfn/WordPress_Single_Instance.template
cfn/WordPress_Single_Instance_With_EBS_EIP.template
cfn/WordPress_Single_Instance_With_EBS.template
cfn/WordPress_Single_Instance_With_EIP.template
cfn/WordPress_Single_Instance_With_HA_AccessPolicy.template
cfn/WordPress_Single_Instance_With_HA.template
cfn/WordPress_Single_Instance_With_HA.yaml
cfn/WordPress_Single_Instance_With_IHA.template
cfn/WordPress_Single_Instance_With_Quantum.template
cfn/WordPress_Single_Instance.yaml
cfn/WordPress_With_LB.template
cfn/WordPress_With_RDS.template
contrib/rackspace/RackspaceAutoScale.yaml
contrib/rackspace/WordPress_Single_Instance_Rackspace_Cloud_Servers.template
elements/epel-heat-cfntools/install.d/90-heat-cfntools
hot/autoscaling.yaml
hot/chef-server.yaml
hot/F18/NovaInstanceWithCinderVolume_Native.yaml
hot/F18/WordPress_Native.yaml
hot/F18/WordPress_NoKey.yaml
hot/F20/WordPress_2_Instances.yaml
hot/F20/WordPress_Native.yaml
hot/hello_world.yaml
hot/lb_server.yaml
hot/RackspaceAutoScale.yaml
hot/resource_group.yaml
hot/servers_in_existing_neutron_network_no_floating_ips.yaml
hot/servers_in_existing_neutron_net.yaml
hot/servers_in_new_neutron_net.yaml
hot/software-config/elements/heat-config-cfn-init/install.d/50-heat-config-hook-cfn-init
hot/software-config/elements/heat-config-cfn-init/install.d/hook-cfn-init.py
hot/software-config/elements/heat-config/element-deps
hot/software-config/elements/heat-config/install.d/50-heat-config
hot/software-config/elements/heat-config/install.d/heat-config
hot/software-config/elements/heat-config/os-apply-config/var/run/heat-config/heat-config
hot/software-config/elements/heat-config/os-config-applier/var/run/heat-config/heat-config
hot/software-config/elements/heat-config/os-refresh-config/configure.d/55-heat-config
hot/software-config/elements/heat-config-puppet/install.d/50-heat-config-hook-puppet
hot/software-config/elements/heat-config-puppet/install.d/hook-puppet.py
hot/software-config/elements/heat-config-salt/install.d/50-heat-config-hook-salt
hot/software-config/elements/heat-config-salt/install.d/hook-salt.py
hot/software-config/elements/heat-config-script/install.d/50-heat-config-hook-script
hot/software-config/elements/heat-config-script/install.d/hook-script.py
hot/software-config/example-cloud-init.yaml
hot/software-config/example-deploy-sequence.yaml
hot/software-config/example-ssh-copy-id.yaml
hot/software-config/example-templates/config-scripts/example-puppet-manifest.pp
hot/software-config/example-templates/config-scripts/example-salt-state.sls
hot/software-config/example-templates/config-scripts/example-script.sh
hot/software-config/example-templates/example-cfn-init-template.yaml
hot/software-config/example-templates/example-cloud-init.yaml
hot/software-config/example-templates/example-deploy-sequence.yaml
hot/software-config/example-templates/example-puppet-template.yaml
hot/software-config/example-templates/example-salt-template.yaml
hot/software-config/example-templates/example-script-template.yaml
hot/software-config/example-templates/example-ssh-copy-id.yaml
hot/software-config/example-templates/example-structured-template.yaml
hot/software-config/example-templates/wordpress/db_install.sh
hot/software-config/example-templates/wordpress/WordPress_software-config_1-instance.yaml
hot/software-config/example-templates/wordpress/WordPress_software-config_2-instances.yaml
hot/software-config/example-templates/wordpress/wp_install.sh
hot/swift.yaml
jeos/CentOS-6.3-x86_64-cfntools.tdl
jeos/F16-i386-cfntools.tdl
jeos/F16-x86_64-cfntools-openshift.tdl
jeos/F16-x86_64-cfntools.tdl
jeos/F17-i386-cfntools.tdl
jeos/F17-x86_64-cfntools.tdl
jeos/F18-i386-cfntools.tdl
jeos/F18-x86_64-cfntools.tdl
jeos/F18-x86_64-openshift-origin-broker-cfntools.tdl
jeos/F18-x86_64-openshift-origin-node-cfntools.tdl
jeos/U10-amd64-cfntools.tdl
jeos/U12.10-amd64-cfntools.tdl
jeos/U12.10-i386-cfntools.tdl
LICENSE
openshift-enterprise/dib/elements/openshift-enterprise-broker/element-deps
openshift-enterprise/dib/elements/openshift-enterprise-broker/install.d/30-openshift-enterprise-broker
openshift-enterprise/dib/elements/openshift-enterprise-installer/pre-install.d/02-external-network
openshift-enterprise/dib/elements/openshift-enterprise-installer/pre-install.d/03-installer
openshift-enterprise/dib/elements/openshift-enterprise-node/element-deps
openshift-enterprise/dib/elements/openshift-enterprise-node/install.d/30-openshift-enterprise-node
openshift-enterprise/dib/elements/openshift-enterprise-repos/pre-install.d/01-rhsm
openshift-enterprise/elements/openshift-enterprise-broker/element-deps
openshift-enterprise/elements/openshift-enterprise-broker/install.d/30-openshift-enterprise-broker
openshift-enterprise/elements/openshift-enterprise-node/element-deps
openshift-enterprise/elements/openshift-enterprise-node/install.d/30-openshift-enterprise-node
openshift-enterprise/elements/openshift-enterprise-repos/pre-install.d/01-rhsm
openshift-enterprise/heat/aws/OpenShift-1B1N.yaml
openshift-enterprise/heat/neutron/highly-available/ose_ha_env.yaml
openshift-enterprise/heat/neutron/highly-available/ose_ha_stack_env.yaml
openshift-enterprise/heat/neutron/highly-available/ose_ha_stack.yaml
openshift-enterprise/heat/neutron/highly-available/ose_node_env.yaml
openshift-enterprise/heat/neutron/highly-available/ose_node_stack_env.yaml
openshift-enterprise/heat/neutron/highly-available/ose_node_stack.yaml
openshift-enterprise/heat/neutron/OpenShift-1B1N-neutron.yaml
openshift-enterprise/OpenShift.yaml
openshift-origin/centos65/highly-available/oso_ha_env.yaml
openshift-origin/centos65/highly-available/oso_ha_stack.yaml
openshift-origin/centos65/highly-available/oso_ha.yaml
openshift-origin/centos65/highly-available/oso_node_env.yaml
openshift-origin/centos65/highly-available/oso_node_stack.yaml
openshift-origin/centos65/highly-available/oso_node.yaml
openshift-origin/centos65/OpenShift-1B1N.yaml
openshift-origin/centos65/OpenShift.yaml
openshift-origin/elements/heat-cfntools/install.d/05-heat-cfntools
openshift-origin/elements/openshift-origin-broker/element-deps
openshift-origin/elements/openshift-origin-broker/install.d/30-openshift-origin-broker
openshift-origin/elements/openshift-origin-node/element-deps
openshift-origin/elements/openshift-origin-node/install.d/30-openshift-origin-node
openshift-origin/elements/openshift-origin-repos/element-deps
openshift-origin/elements/openshift-origin-repos/pre-install.d/29-puppetlabs-release
openshift-origin/elements/openshift-origin-repos/pre-install.d/30-openshift-origin-repos
openshift-origin/F18/elements/heat-cfntools/install.d/05-heat-cfntools
openshift-origin/F18/elements/openshift-origin-broker/element-deps
openshift-origin/F18/elements/openshift-origin-broker/install.d/30-openshift-origin-broker
openshift-origin/F18/elements/openshift-origin-node/element-deps
openshift-origin/F18/elements/openshift-origin-node/install.d/30-openshift-origin-node
openshift-origin/F18/elements/openshift-origin-repos/element-deps
openshift-origin/F18/elements/openshift-origin-repos/pre-install.d/29-puppetlabs-release
openshift-origin/F18/elements/openshift-origin-repos/pre-install.d/30-openshift-origin-repos
openshift-origin/F18/F18-x86_64-openshift-origin-broker-cfntools.tdl
openshift-origin/F18/F18-x86_64-openshift-origin-node-cfntools.tdl
openshift-origin/F18/OpenShiftAutoScaling.yaml
openshift-origin/F18/OpenShift.template
openshift-origin/F18-x86_64-openshift-origin-broker-cfntools.tdl
openshift-origin/F18-x86_64-openshift-origin-node-cfntools.tdl
openshift-origin/F19/elements/heat-cfntools/install.d/05-heat-cfntools
openshift-origin/F19/elements/openshift-origin-broker/element-deps
openshift-origin/F19/elements/openshift-origin-broker/install.d/30-openshift-origin-broker
openshift-origin/F19/elements/openshift-origin-node/element-deps
openshift-origin/F19/elements/openshift-origin-node/install.d/30-openshift-origin-node
openshift-origin/F19/OpenShift.template
openshift-origin/OpenShiftAutoScaling.template
openshift-origin/OpenShiftAutoScaling.yaml
openshift-origin/OpenShift.template
README.rst
tools/cfn-json2yaml
tools/fetch-cloudformation-examples
tools/heat-jeos.sh
tools/validate-templates
