docs/conf.py
docs/index.rst
docs/make.bat
entropy/audit/audit.json
entropy/audit/audit.py
entropy/audit/base.py
entropy/audit.cfg
entropy/audit/__init__.py
entropy/audit.json
entropy/audit.py
entropy/audit.sh
entropy/audit/vmbooter.py
entropy/audit/vmbooter.template
entropy/audit/vm_count.py
entropy/backends/base.py
entropy/backends/db_backend.py
entropy/backends/file_backend.py
entropy/backends/__init__.py
entropy/cfg/audit.cfg
entropy/cfg/repair.cfg
entropy/engine.py
entropy/entropy.py
entropy/examples/audit/audit.json
entropy/examples/audit/audit.py
entropy/examples/audit/vmbooter.py
entropy/examples/audit/vmbooter.template
entropy/examples/audit/vm_count.py
entropy/examples/cfg/test.cfg
entropy/examples/repair/react.json
entropy/examples/repair/react.py
entropy/examples/repair/vmbooter.py
entropy/examples/repair/vmbooter.template
entropy/examples/repair/vm_count_react.py
entropy/exceptions.py
entropy/globals.py
entropy/__init__.py
entropy/__main__.py
entropy/queues.py
entropy/react.json
entropy/react.py
entropy/repair/base.py
entropy/repair.cfg
entropy/repair/__init__.py
entropy/repair/react.json
entropy/repair/react.py
entropy/repair/vmbooter.py
entropy/repair/vmbooter.template
entropy/repair/vm_count_react.json
entropy/repair/vm_count_react.py
entropy/runthis.json
entropy/runthis.sh
entropy/states.py
entropy/tests/__init__.py
entropy/utils.py
LICENSE
MANIFEST.in
README.md
requirements.txt
run_tests.sh
setup.cfg
setup.py
test-requirements.txt
tox.ini
