cfp/admin.py
cfp/context_processors.py
cfp/forms.py
cfp/__init__.py
cfp/management/commands/__init__.py
cfp/management/commands/loadevent.py
cfp/management/commands/loadtopics.py
cfp/management/__init__.py
cfp/middleware.py
cfp/models.py
cfp/static/arrowBlank
cfp/static/arrowDown
cfp/static/arrowUp
cfp/static/close.gif
cfp/static/edit.gif
cfp/static/loop.gif
cfp/static/odsreg.css
cfp/static/sorting.js
cfp/templates/404.html
cfp/templates/500.html
cfp/templates/base.html
cfp/templates/cfpcreate.html
cfp/templates/cfpdelete.html
cfp/templates/cfpdetails.html
cfp/templates/cfpedit.html
cfp/templates/cfplist.html
cfp/templates/cfpreview.html
cfp/templates/cfpswitch.html
cfp/templates/comments.html
cfp/templates/noevent.html
cfp/templates/regform.html
cfp/templates/topiclist.html
cfp/templates/topicstatus.html
cfp/urls.py
cfp/utils.py
cfp/views.py
event.json.sample
__init__.py
LICENSE
local_settings.py.sample
manage.py
README.rst
scheduling/admin.py
scheduling/forms.py
scheduling/__init__.py
scheduling/management/commands/__init__.py
scheduling/management/commands/loadslots.py
scheduling/management/commands/loadtopics.py
scheduling/management/__init__.py
scheduling/models.py
scheduling/templates/graph.html
scheduling/templates/sched.html
scheduling/templates/scheduling.html
scheduling/templates/slotedit.html
scheduling/templates/slotswap.html
scheduling/urls.py
scheduling/utils.py
scheduling/views.py
settings.py
slots.json.sample
topics.json.sample
urls.py
