config_samples/config/host1/cinder/api-paste.ini
config_samples/config/host1/cinder/cinder.conf
config_samples/config/host1/cinder/logging.conf
config_samples/config/host1/cinder/policy.json
config_samples/config/host1/cinder/rootwrap.conf
config_samples/config/host1/filesystem
config_samples/config/host1/glance/glance-api.conf
config_samples/config/host1/glance/glance-api-paste.ini
config_samples/config/host1/glance/glance-cache.conf
config_samples/config/host1/glance/glance-registry.conf
config_samples/config/host1/glance/glance-registry-paste.ini
config_samples/config/host1/glance/glance-scrubber.conf
config_samples/config/host1/glance/logging.conf
config_samples/config/host1/glance/policy.json
config_samples/config/host1/glance/schema-image.json
config_samples/config/host1/root/etc/cinder/api-paste.ini
config_samples/config/host1/root/etc/cinder/cinder.conf
config_samples/config/host1/root/etc/cinder/logging.conf
config_samples/config/host1/root/etc/cinder/policy.json
config_samples/config/host1/root/etc/cinder/rootwrap.conf
config_samples/config/host1/root/etc/glance/glance-api.conf
config_samples/config/host1/root/etc/glance/glance-api-paste.ini
config_samples/config/host1/root/etc/glance/glance-cache.conf
config_samples/config/host1/root/etc/glance/glance-registry.conf
config_samples/config/host1/root/etc/glance/glance-registry-paste.ini
config_samples/config/host1/root/etc/glance/glance-scrubber.conf
config_samples/config/host1/root/etc/glance/logging.conf
config_samples/config/host1/root/etc/glance/policy.json
config_samples/config/host1/root/etc/glance/schema-image.json
config_samples/config/host1/services.json
config_samples/config/host2/filesystem
config_samples/config/host2/keystone/default_catalog.templates
config_samples/config/host2/keystone/keystone.conf
config_samples/config/host2/keystone/logging.conf
config_samples/config/host2/keystone/policy.json
config_samples/config/host2/nova/api-paste.ini
config_samples/config/host2/nova/logging.conf
config_samples/config/host2/nova/nova.conf
config_samples/config/host2/nova/policy.json
config_samples/config/host2/nova/release
config_samples/config/host2/nova/rootwrap.conf
config_samples/config/host2/nova/version
config_samples/config/host2/root/etc/keystone/default_catalog.templates
config_samples/config/host2/root/etc/keystone/keystone.conf
config_samples/config/host2/root/etc/keystone/logging.conf
config_samples/config/host2/root/etc/keystone/policy.json
config_samples/config/host2/root/etc/nova/api-paste.ini
config_samples/config/host2/root/etc/nova/logging.conf
config_samples/config/host2/root/etc/nova/nova.conf
config_samples/config/host2/root/etc/nova/policy.json
config_samples/config/host2/root/etc/nova/release
config_samples/config/host2/root/etc/nova/rootwrap.conf
config_samples/config/host2/services.json
config_samples/devstack/apache2/apache2.conf
config_samples/devstack/apache2/conf.d/charset
config_samples/devstack/apache2/conf.d/javascript-common.conf
config_samples/devstack/apache2/conf.d/localized-error-pages
config_samples/devstack/apache2/conf.d/other-vhosts-access-log
config_samples/devstack/apache2/conf.d/security
config_samples/devstack/apache2/envvars
config_samples/devstack/apache2/httpd.conf
config_samples/devstack/apache2/magic
config_samples/devstack/apache2/mods-available/actions.conf
config_samples/devstack/apache2/mods-available/actions.load
config_samples/devstack/apache2/mods-available/alias.conf
config_samples/devstack/apache2/mods-available/alias.load
config_samples/devstack/apache2/mods-available/asis.load
config_samples/devstack/apache2/mods-available/auth_basic.load
config_samples/devstack/apache2/mods-available/auth_digest.load
config_samples/devstack/apache2/mods-available/authn_alias.load
config_samples/devstack/apache2/mods-available/authn_anon.load
config_samples/devstack/apache2/mods-available/authn_dbd.load
config_samples/devstack/apache2/mods-available/authn_dbm.load
config_samples/devstack/apache2/mods-available/authn_default.load
config_samples/devstack/apache2/mods-available/authn_file.load
config_samples/devstack/apache2/mods-available/authnz_ldap.load
config_samples/devstack/apache2/mods-available/authz_dbm.load
config_samples/devstack/apache2/mods-available/authz_default.load
config_samples/devstack/apache2/mods-available/authz_groupfile.load
config_samples/devstack/apache2/mods-available/authz_host.load
config_samples/devstack/apache2/mods-available/authz_owner.load
config_samples/devstack/apache2/mods-available/authz_user.load
config_samples/devstack/apache2/mods-available/autoindex.conf
config_samples/devstack/apache2/mods-available/autoindex.load
config_samples/devstack/apache2/mods-available/cache.load
config_samples/devstack/apache2/mods-available/cern_meta.load
config_samples/devstack/apache2/mods-available/cgid.conf
config_samples/devstack/apache2/mods-available/cgid.load
config_samples/devstack/apache2/mods-available/cgi.load
config_samples/devstack/apache2/mods-available/charset_lite.load
config_samples/devstack/apache2/mods-available/dav_fs.conf
config_samples/devstack/apache2/mods-available/dav_fs.load
config_samples/devstack/apache2/mods-available/dav.load
config_samples/devstack/apache2/mods-available/dav_lock.load
config_samples/devstack/apache2/mods-available/dbd.load
config_samples/devstack/apache2/mods-available/deflate.conf
config_samples/devstack/apache2/mods-available/deflate.load
config_samples/devstack/apache2/mods-available/dir.conf
config_samples/devstack/apache2/mods-available/dir.load
config_samples/devstack/apache2/mods-available/disk_cache.conf
config_samples/devstack/apache2/mods-available/disk_cache.load
config_samples/devstack/apache2/mods-available/dump_io.load
config_samples/devstack/apache2/mods-available/env.load
config_samples/devstack/apache2/mods-available/expires.load
config_samples/devstack/apache2/mods-available/ext_filter.load
config_samples/devstack/apache2/mods-available/file_cache.load
config_samples/devstack/apache2/mods-available/filter.load
config_samples/devstack/apache2/mods-available/headers.load
config_samples/devstack/apache2/mods-available/ident.load
config_samples/devstack/apache2/mods-available/imagemap.load
config_samples/devstack/apache2/mods-available/include.load
config_samples/devstack/apache2/mods-available/info.conf
config_samples/devstack/apache2/mods-available/info.load
config_samples/devstack/apache2/mods-available/ldap.conf
config_samples/devstack/apache2/mods-available/ldap.load
config_samples/devstack/apache2/mods-available/log_forensic.load
config_samples/devstack/apache2/mods-available/mem_cache.conf
config_samples/devstack/apache2/mods-available/mem_cache.load
config_samples/devstack/apache2/mods-available/mime.conf
config_samples/devstack/apache2/mods-available/mime.load
config_samples/devstack/apache2/mods-available/mime_magic.conf
config_samples/devstack/apache2/mods-available/mime_magic.load
config_samples/devstack/apache2/mods-available/negotiation.conf
config_samples/devstack/apache2/mods-available/negotiation.load
config_samples/devstack/apache2/mods-available/proxy_ajp.load
config_samples/devstack/apache2/mods-available/proxy_balancer.conf
config_samples/devstack/apache2/mods-available/proxy_balancer.load
config_samples/devstack/apache2/mods-available/proxy.conf
config_samples/devstack/apache2/mods-available/proxy_connect.load
config_samples/devstack/apache2/mods-available/proxy_ftp.conf
config_samples/devstack/apache2/mods-available/proxy_ftp.load
config_samples/devstack/apache2/mods-available/proxy_http.load
config_samples/devstack/apache2/mods-available/proxy.load
config_samples/devstack/apache2/mods-available/proxy_scgi.load
config_samples/devstack/apache2/mods-available/reqtimeout.conf
config_samples/devstack/apache2/mods-available/reqtimeout.load
config_samples/devstack/apache2/mods-available/rewrite.load
config_samples/devstack/apache2/mods-available/setenvif.conf
config_samples/devstack/apache2/mods-available/setenvif.load
config_samples/devstack/apache2/mods-available/speling.load
config_samples/devstack/apache2/mods-available/ssl.conf
config_samples/devstack/apache2/mods-available/ssl.load
config_samples/devstack/apache2/mods-available/status.conf
config_samples/devstack/apache2/mods-available/status.load
config_samples/devstack/apache2/mods-available/substitute.load
config_samples/devstack/apache2/mods-available/suexec.load
config_samples/devstack/apache2/mods-available/unique_id.load
config_samples/devstack/apache2/mods-available/userdir.conf
config_samples/devstack/apache2/mods-available/userdir.load
config_samples/devstack/apache2/mods-available/usertrack.load
config_samples/devstack/apache2/mods-available/version.load
config_samples/devstack/apache2/mods-available/vhost_alias.load
config_samples/devstack/apache2/mods-available/wsgi.conf
config_samples/devstack/apache2/mods-available/wsgi.load
config_samples/devstack/apache2/mods-enabled/alias.conf
config_samples/devstack/apache2/mods-enabled/alias.load
config_samples/devstack/apache2/mods-enabled/auth_basic.load
config_samples/devstack/apache2/mods-enabled/authn_file.load
config_samples/devstack/apache2/mods-enabled/authz_default.load
config_samples/devstack/apache2/mods-enabled/authz_groupfile.load
config_samples/devstack/apache2/mods-enabled/authz_host.load
config_samples/devstack/apache2/mods-enabled/authz_user.load
config_samples/devstack/apache2/mods-enabled/autoindex.conf
config_samples/devstack/apache2/mods-enabled/autoindex.load
config_samples/devstack/apache2/mods-enabled/cgid.conf
config_samples/devstack/apache2/mods-enabled/cgid.load
config_samples/devstack/apache2/mods-enabled/deflate.conf
config_samples/devstack/apache2/mods-enabled/deflate.load
config_samples/devstack/apache2/mods-enabled/dir.conf
config_samples/devstack/apache2/mods-enabled/dir.load
config_samples/devstack/apache2/mods-enabled/env.load
config_samples/devstack/apache2/mods-enabled/mime.conf
config_samples/devstack/apache2/mods-enabled/mime.load
config_samples/devstack/apache2/mods-enabled/negotiation.conf
config_samples/devstack/apache2/mods-enabled/negotiation.load
config_samples/devstack/apache2/mods-enabled/reqtimeout.conf
config_samples/devstack/apache2/mods-enabled/reqtimeout.load
config_samples/devstack/apache2/mods-enabled/setenvif.conf
config_samples/devstack/apache2/mods-enabled/setenvif.load
config_samples/devstack/apache2/mods-enabled/status.conf
config_samples/devstack/apache2/mods-enabled/status.load
config_samples/devstack/apache2/mods-enabled/wsgi.conf
config_samples/devstack/apache2/mods-enabled/wsgi.load
config_samples/devstack/apache2/ports.conf
config_samples/devstack/apache2/sites-available/default
config_samples/devstack/apache2/sites-available/default-ssl
config_samples/devstack/apache2/sites-available/horizon
config_samples/devstack/apache2/sites-enabled/horizon
config_samples/devstack/cinder/api-paste.ini
config_samples/devstack/cinder/cinder.conf
config_samples/devstack/cinder/policy.json
config_samples/devstack/cinder/rootwrap.conf
config_samples/devstack/cinder/rootwrap.d/volume.filters
config_samples/devstack/glance/glance-api.conf
config_samples/devstack/glance/glance-api-paste.ini
config_samples/devstack/glance/glance-cache.conf
config_samples/devstack/glance/glance-registry.conf
config_samples/devstack/glance/glance-registry-paste.ini
config_samples/devstack/glance/policy.json
config_samples/devstack/host1/apache2/apache2.conf
config_samples/devstack/host1/apache2/conf.d/charset
config_samples/devstack/host1/apache2/conf.d/javascript-common.conf
config_samples/devstack/host1/apache2/conf.d/localized-error-pages
config_samples/devstack/host1/apache2/conf.d/other-vhosts-access-log
config_samples/devstack/host1/apache2/conf.d/security
config_samples/devstack/host1/apache2/envvars
config_samples/devstack/host1/apache2/httpd.conf
config_samples/devstack/host1/apache2/magic
config_samples/devstack/host1/apache2/mods-available/actions.conf
config_samples/devstack/host1/apache2/mods-available/actions.load
config_samples/devstack/host1/apache2/mods-available/alias.conf
config_samples/devstack/host1/apache2/mods-available/alias.load
config_samples/devstack/host1/apache2/mods-available/asis.load
config_samples/devstack/host1/apache2/mods-available/auth_basic.load
config_samples/devstack/host1/apache2/mods-available/auth_digest.load
config_samples/devstack/host1/apache2/mods-available/authn_alias.load
config_samples/devstack/host1/apache2/mods-available/authn_anon.load
config_samples/devstack/host1/apache2/mods-available/authn_dbd.load
config_samples/devstack/host1/apache2/mods-available/authn_dbm.load
config_samples/devstack/host1/apache2/mods-available/authn_default.load
config_samples/devstack/host1/apache2/mods-available/authn_file.load
config_samples/devstack/host1/apache2/mods-available/authnz_ldap.load
config_samples/devstack/host1/apache2/mods-available/authz_dbm.load
config_samples/devstack/host1/apache2/mods-available/authz_default.load
config_samples/devstack/host1/apache2/mods-available/authz_groupfile.load
config_samples/devstack/host1/apache2/mods-available/authz_host.load
config_samples/devstack/host1/apache2/mods-available/authz_owner.load
config_samples/devstack/host1/apache2/mods-available/authz_user.load
config_samples/devstack/host1/apache2/mods-available/autoindex.conf
config_samples/devstack/host1/apache2/mods-available/autoindex.load
config_samples/devstack/host1/apache2/mods-available/cache.load
config_samples/devstack/host1/apache2/mods-available/cern_meta.load
config_samples/devstack/host1/apache2/mods-available/cgid.conf
config_samples/devstack/host1/apache2/mods-available/cgid.load
config_samples/devstack/host1/apache2/mods-available/cgi.load
config_samples/devstack/host1/apache2/mods-available/charset_lite.load
config_samples/devstack/host1/apache2/mods-available/dav_fs.conf
config_samples/devstack/host1/apache2/mods-available/dav_fs.load
config_samples/devstack/host1/apache2/mods-available/dav.load
config_samples/devstack/host1/apache2/mods-available/dav_lock.load
config_samples/devstack/host1/apache2/mods-available/dbd.load
config_samples/devstack/host1/apache2/mods-available/deflate.conf
config_samples/devstack/host1/apache2/mods-available/deflate.load
config_samples/devstack/host1/apache2/mods-available/dir.conf
config_samples/devstack/host1/apache2/mods-available/dir.load
config_samples/devstack/host1/apache2/mods-available/disk_cache.conf
config_samples/devstack/host1/apache2/mods-available/disk_cache.load
config_samples/devstack/host1/apache2/mods-available/dump_io.load
config_samples/devstack/host1/apache2/mods-available/env.load
config_samples/devstack/host1/apache2/mods-available/expires.load
config_samples/devstack/host1/apache2/mods-available/ext_filter.load
config_samples/devstack/host1/apache2/mods-available/file_cache.load
config_samples/devstack/host1/apache2/mods-available/filter.load
config_samples/devstack/host1/apache2/mods-available/headers.load
config_samples/devstack/host1/apache2/mods-available/ident.load
config_samples/devstack/host1/apache2/mods-available/imagemap.load
config_samples/devstack/host1/apache2/mods-available/include.load
config_samples/devstack/host1/apache2/mods-available/info.conf
config_samples/devstack/host1/apache2/mods-available/info.load
config_samples/devstack/host1/apache2/mods-available/ldap.conf
config_samples/devstack/host1/apache2/mods-available/ldap.load
config_samples/devstack/host1/apache2/mods-available/log_forensic.load
config_samples/devstack/host1/apache2/mods-available/mem_cache.conf
config_samples/devstack/host1/apache2/mods-available/mem_cache.load
config_samples/devstack/host1/apache2/mods-available/mime.conf
config_samples/devstack/host1/apache2/mods-available/mime.load
config_samples/devstack/host1/apache2/mods-available/mime_magic.conf
config_samples/devstack/host1/apache2/mods-available/mime_magic.load
config_samples/devstack/host1/apache2/mods-available/negotiation.conf
config_samples/devstack/host1/apache2/mods-available/negotiation.load
config_samples/devstack/host1/apache2/mods-available/proxy_ajp.load
config_samples/devstack/host1/apache2/mods-available/proxy_balancer.conf
config_samples/devstack/host1/apache2/mods-available/proxy_balancer.load
config_samples/devstack/host1/apache2/mods-available/proxy.conf
config_samples/devstack/host1/apache2/mods-available/proxy_connect.load
config_samples/devstack/host1/apache2/mods-available/proxy_ftp.conf
config_samples/devstack/host1/apache2/mods-available/proxy_ftp.load
config_samples/devstack/host1/apache2/mods-available/proxy_http.load
config_samples/devstack/host1/apache2/mods-available/proxy.load
config_samples/devstack/host1/apache2/mods-available/proxy_scgi.load
config_samples/devstack/host1/apache2/mods-available/reqtimeout.conf
config_samples/devstack/host1/apache2/mods-available/reqtimeout.load
config_samples/devstack/host1/apache2/mods-available/rewrite.load
config_samples/devstack/host1/apache2/mods-available/setenvif.conf
config_samples/devstack/host1/apache2/mods-available/setenvif.load
config_samples/devstack/host1/apache2/mods-available/speling.load
config_samples/devstack/host1/apache2/mods-available/ssl.conf
config_samples/devstack/host1/apache2/mods-available/ssl.load
config_samples/devstack/host1/apache2/mods-available/status.conf
config_samples/devstack/host1/apache2/mods-available/status.load
config_samples/devstack/host1/apache2/mods-available/substitute.load
config_samples/devstack/host1/apache2/mods-available/suexec.load
config_samples/devstack/host1/apache2/mods-available/unique_id.load
config_samples/devstack/host1/apache2/mods-available/userdir.conf
config_samples/devstack/host1/apache2/mods-available/userdir.load
config_samples/devstack/host1/apache2/mods-available/usertrack.load
config_samples/devstack/host1/apache2/mods-available/version.load
config_samples/devstack/host1/apache2/mods-available/vhost_alias.load
config_samples/devstack/host1/apache2/mods-available/wsgi.conf
config_samples/devstack/host1/apache2/mods-available/wsgi.load
config_samples/devstack/host1/apache2/mods-enabled/alias.conf
config_samples/devstack/host1/apache2/mods-enabled/alias.load
config_samples/devstack/host1/apache2/mods-enabled/auth_basic.load
config_samples/devstack/host1/apache2/mods-enabled/authn_file.load
config_samples/devstack/host1/apache2/mods-enabled/authz_default.load
config_samples/devstack/host1/apache2/mods-enabled/authz_groupfile.load
config_samples/devstack/host1/apache2/mods-enabled/authz_host.load
config_samples/devstack/host1/apache2/mods-enabled/authz_user.load
config_samples/devstack/host1/apache2/mods-enabled/autoindex.conf
config_samples/devstack/host1/apache2/mods-enabled/autoindex.load
config_samples/devstack/host1/apache2/mods-enabled/cgid.conf
config_samples/devstack/host1/apache2/mods-enabled/cgid.load
config_samples/devstack/host1/apache2/mods-enabled/deflate.conf
config_samples/devstack/host1/apache2/mods-enabled/deflate.load
config_samples/devstack/host1/apache2/mods-enabled/dir.conf
config_samples/devstack/host1/apache2/mods-enabled/dir.load
config_samples/devstack/host1/apache2/mods-enabled/env.load
config_samples/devstack/host1/apache2/mods-enabled/mime.conf
config_samples/devstack/host1/apache2/mods-enabled/mime.load
config_samples/devstack/host1/apache2/mods-enabled/negotiation.conf
config_samples/devstack/host1/apache2/mods-enabled/negotiation.load
config_samples/devstack/host1/apache2/mods-enabled/reqtimeout.conf
config_samples/devstack/host1/apache2/mods-enabled/reqtimeout.load
config_samples/devstack/host1/apache2/mods-enabled/setenvif.conf
config_samples/devstack/host1/apache2/mods-enabled/setenvif.load
config_samples/devstack/host1/apache2/mods-enabled/status.conf
config_samples/devstack/host1/apache2/mods-enabled/status.load
config_samples/devstack/host1/apache2/mods-enabled/wsgi.conf
config_samples/devstack/host1/apache2/mods-enabled/wsgi.load
config_samples/devstack/host1/apache2/ports.conf
config_samples/devstack/host1/apache2/sites-available/default
config_samples/devstack/host1/apache2/sites-available/default-ssl
config_samples/devstack/host1/apache2/sites-available/horizon
config_samples/devstack/host1/apache2/sites-enabled/horizon
config_samples/devstack/host1/cinder/api-paste.ini
config_samples/devstack/host1/cinder/cinder.conf
config_samples/devstack/host1/cinder/policy.json
config_samples/devstack/host1/cinder/rootwrap.conf
config_samples/devstack/host1/cinder/rootwrap.d/volume.filters
config_samples/devstack/host1/glance/glance-api.conf
config_samples/devstack/host1/glance/glance-api-paste.ini
config_samples/devstack/host1/glance/glance-cache.conf
config_samples/devstack/host1/glance/glance-registry.conf
config_samples/devstack/host1/glance/glance-registry-paste.ini
config_samples/devstack/host1/glance/policy.json
config_samples/devstack/host1/keystone/keystone.conf
config_samples/devstack/host1/keystone/logging.conf
config_samples/devstack/host1/keystone/policy.json
config_samples/devstack/host1/keystone/ssl/certs/01.pem
config_samples/devstack/host1/keystone/ssl/certs/cakey.pem
config_samples/devstack/host1/keystone/ssl/certs/ca.pem
config_samples/devstack/host1/keystone/ssl/certs/index.txt
config_samples/devstack/host1/keystone/ssl/certs/index.txt.attr
config_samples/devstack/host1/keystone/ssl/certs/index.txt.old
config_samples/devstack/host1/keystone/ssl/certs/openssl.conf
config_samples/devstack/host1/keystone/ssl/certs/req.pem
config_samples/devstack/host1/keystone/ssl/certs/serial
config_samples/devstack/host1/keystone/ssl/certs/serial.old
config_samples/devstack/host1/keystone/ssl/certs/signing_cert.pem
config_samples/devstack/host1/keystone/ssl/private/signing_key.pem
config_samples/devstack/host1/mysql/conf.d/mysqld_safe_syslog.cnf
config_samples/devstack/host1/mysql/debian.cnf
config_samples/devstack/host1/mysql/debian-start
config_samples/devstack/host1/mysql/my.cnf
config_samples/devstack/host1/nova/api-paste.ini
config_samples/devstack/host1/nova/nova.conf
config_samples/devstack/host1/nova/policy.json
config_samples/devstack/host1/nova/rootwrap.conf
config_samples/devstack/host1/nova/rootwrap.d/api-metadata.filters
config_samples/devstack/host1/nova/rootwrap.d/baremetal-compute-ipmi.filters
config_samples/devstack/host1/nova/rootwrap.d/baremetal-deploy-helper.filters
config_samples/devstack/host1/nova/rootwrap.d/compute.filters
config_samples/devstack/host1/nova/rootwrap.d/network.filters
config_samples/devstack/host1/qemu-ifdown
config_samples/devstack/host1/qemu-ifup
config_samples/devstack/host1/qemu/target-x86_64.conf
config_samples/devstack/host1/rabbitmq/rabbitmq-env.conf
config_samples/devstack/keystone/keystone.conf
config_samples/devstack/keystone/logging.conf
config_samples/devstack/keystone/policy.json
config_samples/devstack/keystone/ssl/certs/01.pem
config_samples/devstack/keystone/ssl/certs/cakey.pem
config_samples/devstack/keystone/ssl/certs/ca.pem
config_samples/devstack/keystone/ssl/certs/index.txt
config_samples/devstack/keystone/ssl/certs/index.txt.attr
config_samples/devstack/keystone/ssl/certs/index.txt.old
config_samples/devstack/keystone/ssl/certs/openssl.conf
config_samples/devstack/keystone/ssl/certs/req.pem
config_samples/devstack/keystone/ssl/certs/serial
config_samples/devstack/keystone/ssl/certs/serial.old
config_samples/devstack/keystone/ssl/certs/signing_cert.pem
config_samples/devstack/keystone/ssl/private/signing_key.pem
config_samples/devstack/mysql/conf.d/mysqld_safe_syslog.cnf
config_samples/devstack/mysql/debian.cnf
config_samples/devstack/mysql/debian-start
config_samples/devstack/mysql/my.cnf
config_samples/devstack/nova/api-paste.ini
config_samples/devstack/nova/nova.conf
config_samples/devstack/nova/policy.json
config_samples/devstack/nova/rootwrap.conf
config_samples/devstack/nova/rootwrap.d/api-metadata.filters
config_samples/devstack/nova/rootwrap.d/baremetal-compute-ipmi.filters
config_samples/devstack/nova/rootwrap.d/baremetal-deploy-helper.filters
config_samples/devstack/nova/rootwrap.d/compute.filters
config_samples/devstack/nova/rootwrap.d/network.filters
config_samples/devstack/qemu-ifdown
config_samples/devstack/qemu-ifup
config_samples/devstack/qemu/target-x86_64.conf
config_samples/devstack/rabbitmq/rabbitmq-env.conf
config_samples/fuel_web/1cnt_1cmp_1cndr/1cinder/cinder/api-paste.ini
config_samples/fuel_web/1cnt_1cmp_1cndr/1cinder/cinder/cinder.conf
config_samples/fuel_web/1cnt_1cmp_1cndr/1cinder/cinder/logging.conf
config_samples/fuel_web/1cnt_1cmp_1cndr/1cinder/cinder/policy.json
config_samples/fuel_web/1cnt_1cmp_1cndr/1cinder/cinder/rootwrap.conf
config_samples/fuel_web/1cnt_1cmp_1cndr/1cinder/lvm/archive/cinder_00000-1066551630.vg
config_samples/fuel_web/1cnt_1cmp_1cndr/1cinder/lvm/archive/os_00000-741050037.vg
config_samples/fuel_web/1cnt_1cmp_1cndr/1cinder/lvm/backup/cinder
config_samples/fuel_web/1cnt_1cmp_1cndr/1cinder/lvm/backup/os
config_samples/fuel_web/1cnt_1cmp_1cndr/1cinder/lvm/lvm.conf
config_samples/fuel_web/1cnt_1cmp_1cndr/1comp/libvirt/libvirt.conf
config_samples/fuel_web/1cnt_1cmp_1cndr/1comp/libvirt/libvirtd.conf
config_samples/fuel_web/1cnt_1cmp_1cndr/1comp/libvirt/lxc.conf
config_samples/fuel_web/1cnt_1cmp_1cndr/1comp/libvirt/nwfilter/allow-arp.xml
config_samples/fuel_web/1cnt_1cmp_1cndr/1comp/libvirt/nwfilter/allow-dhcp-server.xml
config_samples/fuel_web/1cnt_1cmp_1cndr/1comp/libvirt/nwfilter/allow-dhcp.xml
config_samples/fuel_web/1cnt_1cmp_1cndr/1comp/libvirt/nwfilter/allow-incoming-ipv4.xml
config_samples/fuel_web/1cnt_1cmp_1cndr/1comp/libvirt/nwfilter/allow-ipv4.xml
config_samples/fuel_web/1cnt_1cmp_1cndr/1comp/libvirt/nwfilter/clean-traffic.xml
config_samples/fuel_web/1cnt_1cmp_1cndr/1comp/libvirt/nwfilter/no-arp-ip-spoofing.xml
config_samples/fuel_web/1cnt_1cmp_1cndr/1comp/libvirt/nwfilter/no-arp-mac-spoofing.xml
config_samples/fuel_web/1cnt_1cmp_1cndr/1comp/libvirt/nwfilter/no-arp-spoofing.xml
config_samples/fuel_web/1cnt_1cmp_1cndr/1comp/libvirt/nwfilter/no-ip-multicast.xml
config_samples/fuel_web/1cnt_1cmp_1cndr/1comp/libvirt/nwfilter/no-ip-spoofing.xml
config_samples/fuel_web/1cnt_1cmp_1cndr/1comp/libvirt/nwfilter/no-mac-broadcast.xml
config_samples/fuel_web/1cnt_1cmp_1cndr/1comp/libvirt/nwfilter/no-mac-spoofing.xml
config_samples/fuel_web/1cnt_1cmp_1cndr/1comp/libvirt/nwfilter/no-other-l2-traffic.xml
config_samples/fuel_web/1cnt_1cmp_1cndr/1comp/libvirt/nwfilter/no-other-rarp-traffic.xml
config_samples/fuel_web/1cnt_1cmp_1cndr/1comp/libvirt/nwfilter/qemu-announce-self-rarp.xml
config_samples/fuel_web/1cnt_1cmp_1cndr/1comp/libvirt/nwfilter/qemu-announce-self.xml
config_samples/fuel_web/1cnt_1cmp_1cndr/1comp/libvirt/qemu.conf
config_samples/fuel_web/1cnt_1cmp_1cndr/1comp/libvirt/qemu/networks/autostart/default.xml
config_samples/fuel_web/1cnt_1cmp_1cndr/1comp/libvirt/qemu/networks/default.xml
config_samples/fuel_web/1cnt_1cmp_1cndr/1comp/lvm/archive/os_00000-1366491051.vg
config_samples/fuel_web/1cnt_1cmp_1cndr/1comp/lvm/archive/vm_00000-2105528902.vg
config_samples/fuel_web/1cnt_1cmp_1cndr/1comp/lvm/backup/os
config_samples/fuel_web/1cnt_1cmp_1cndr/1comp/lvm/backup/vm
config_samples/fuel_web/1cnt_1cmp_1cndr/1comp/lvm/lvm.conf
config_samples/fuel_web/1cnt_1cmp_1cndr/1comp/nova/api-paste.ini
config_samples/fuel_web/1cnt_1cmp_1cndr/1comp/nova/logging.conf
config_samples/fuel_web/1cnt_1cmp_1cndr/1comp/nova/nova.conf
config_samples/fuel_web/1cnt_1cmp_1cndr/1comp/nova/policy.json
config_samples/fuel_web/1cnt_1cmp_1cndr/1comp/nova/release
config_samples/fuel_web/1cnt_1cmp_1cndr/1comp/nova/rootwrap.conf
config_samples/fuel_web/1cnt_1cmp_1cndr/1cont/cinder/api-paste.ini
config_samples/fuel_web/1cnt_1cmp_1cndr/1cont/cinder/cinder.conf
config_samples/fuel_web/1cnt_1cmp_1cndr/1cont/cinder/logging.conf
config_samples/fuel_web/1cnt_1cmp_1cndr/1cont/cinder/policy.json
config_samples/fuel_web/1cnt_1cmp_1cndr/1cont/cinder/rootwrap.conf
config_samples/fuel_web/1cnt_1cmp_1cndr/1cont/glance/glance-api.conf
config_samples/fuel_web/1cnt_1cmp_1cndr/1cont/glance/glance-api-paste.ini
config_samples/fuel_web/1cnt_1cmp_1cndr/1cont/glance/glance-cache.conf
config_samples/fuel_web/1cnt_1cmp_1cndr/1cont/glance/glance-registry.conf
config_samples/fuel_web/1cnt_1cmp_1cndr/1cont/glance/glance-registry-paste.ini
config_samples/fuel_web/1cnt_1cmp_1cndr/1cont/glance/glance-scrubber.conf
config_samples/fuel_web/1cnt_1cmp_1cndr/1cont/glance/logging.conf
config_samples/fuel_web/1cnt_1cmp_1cndr/1cont/glance/policy.json
config_samples/fuel_web/1cnt_1cmp_1cndr/1cont/glance/schema-image.json
config_samples/fuel_web/1cnt_1cmp_1cndr/1cont/httpd/conf.d/openstack-dashboard.conf
config_samples/fuel_web/1cnt_1cmp_1cndr/1cont/httpd/conf.d/ports.conf
config_samples/fuel_web/1cnt_1cmp_1cndr/1cont/httpd/conf.d/ssl.conf
config_samples/fuel_web/1cnt_1cmp_1cndr/1cont/httpd/conf.d/welcome.conf
config_samples/fuel_web/1cnt_1cmp_1cndr/1cont/httpd/conf.d/wsgi.conf
config_samples/fuel_web/1cnt_1cmp_1cndr/1cont/httpd/conf/httpd.conf
config_samples/fuel_web/1cnt_1cmp_1cndr/1cont/httpd/conf/magic
config_samples/fuel_web/1cnt_1cmp_1cndr/1cont/httpd/logs/access_log
config_samples/fuel_web/1cnt_1cmp_1cndr/1cont/httpd/logs/error_log
config_samples/fuel_web/1cnt_1cmp_1cndr/1cont/httpd/logs/error_log-20130707
config_samples/fuel_web/1cnt_1cmp_1cndr/1cont/httpd/logs/error_log-20130714
config_samples/fuel_web/1cnt_1cmp_1cndr/1cont/httpd/logs/error_log-20130721
config_samples/fuel_web/1cnt_1cmp_1cndr/1cont/httpd/logs/error_log-20130728
config_samples/fuel_web/1cnt_1cmp_1cndr/1cont/httpd/modules/mod_actions.so
config_samples/fuel_web/1cnt_1cmp_1cndr/1cont/httpd/modules/mod_alias.so
config_samples/fuel_web/1cnt_1cmp_1cndr/1cont/httpd/modules/mod_asis.so
config_samples/fuel_web/1cnt_1cmp_1cndr/1cont/httpd/modules/mod_auth_basic.so
config_samples/fuel_web/1cnt_1cmp_1cndr/1cont/httpd/modules/mod_auth_digest.so
config_samples/fuel_web/1cnt_1cmp_1cndr/1cont/httpd/modules/mod_authn_alias.so
config_samples/fuel_web/1cnt_1cmp_1cndr/1cont/httpd/modules/mod_authn_anon.so
config_samples/fuel_web/1cnt_1cmp_1cndr/1cont/httpd/modules/mod_authn_dbd.so
config_samples/fuel_web/1cnt_1cmp_1cndr/1cont/httpd/modules/mod_authn_dbm.so
config_samples/fuel_web/1cnt_1cmp_1cndr/1cont/httpd/modules/mod_authn_default.so
config_samples/fuel_web/1cnt_1cmp_1cndr/1cont/httpd/modules/mod_authn_file.so
config_samples/fuel_web/1cnt_1cmp_1cndr/1cont/httpd/modules/mod_authnz_ldap.so
config_samples/fuel_web/1cnt_1cmp_1cndr/1cont/httpd/modules/mod_authz_dbm.so
config_samples/fuel_web/1cnt_1cmp_1cndr/1cont/httpd/modules/mod_authz_default.so
config_samples/fuel_web/1cnt_1cmp_1cndr/1cont/httpd/modules/mod_authz_groupfile.so
config_samples/fuel_web/1cnt_1cmp_1cndr/1cont/httpd/modules/mod_authz_host.so
config_samples/fuel_web/1cnt_1cmp_1cndr/1cont/httpd/modules/mod_authz_owner.so
config_samples/fuel_web/1cnt_1cmp_1cndr/1cont/httpd/modules/mod_authz_user.so
config_samples/fuel_web/1cnt_1cmp_1cndr/1cont/httpd/modules/mod_autoindex.so
config_samples/fuel_web/1cnt_1cmp_1cndr/1cont/httpd/modules/mod_cache.so
config_samples/fuel_web/1cnt_1cmp_1cndr/1cont/httpd/modules/mod_cern_meta.so
config_samples/fuel_web/1cnt_1cmp_1cndr/1cont/httpd/modules/mod_cgid.so
config_samples/fuel_web/1cnt_1cmp_1cndr/1cont/httpd/modules/mod_cgi.so
config_samples/fuel_web/1cnt_1cmp_1cndr/1cont/httpd/modules/mod_dav_fs.so
config_samples/fuel_web/1cnt_1cmp_1cndr/1cont/httpd/modules/mod_dav.so
config_samples/fuel_web/1cnt_1cmp_1cndr/1cont/httpd/modules/mod_dbd.so
config_samples/fuel_web/1cnt_1cmp_1cndr/1cont/httpd/modules/mod_deflate.so
config_samples/fuel_web/1cnt_1cmp_1cndr/1cont/httpd/modules/mod_dir.so
config_samples/fuel_web/1cnt_1cmp_1cndr/1cont/httpd/modules/mod_disk_cache.so
config_samples/fuel_web/1cnt_1cmp_1cndr/1cont/httpd/modules/mod_dumpio.so
config_samples/fuel_web/1cnt_1cmp_1cndr/1cont/httpd/modules/mod_env.so
config_samples/fuel_web/1cnt_1cmp_1cndr/1cont/httpd/modules/mod_expires.so
config_samples/fuel_web/1cnt_1cmp_1cndr/1cont/httpd/modules/mod_ext_filter.so
config_samples/fuel_web/1cnt_1cmp_1cndr/1cont/httpd/modules/mod_filter.so
config_samples/fuel_web/1cnt_1cmp_1cndr/1cont/httpd/modules/mod_headers.so
config_samples/fuel_web/1cnt_1cmp_1cndr/1cont/httpd/modules/mod_ident.so
config_samples/fuel_web/1cnt_1cmp_1cndr/1cont/httpd/modules/mod_include.so
config_samples/fuel_web/1cnt_1cmp_1cndr/1cont/httpd/modules/mod_info.so
config_samples/fuel_web/1cnt_1cmp_1cndr/1cont/httpd/modules/mod_ldap.so
config_samples/fuel_web/1cnt_1cmp_1cndr/1cont/httpd/modules/mod_log_config.so
config_samples/fuel_web/1cnt_1cmp_1cndr/1cont/httpd/modules/mod_log_forensic.so
config_samples/fuel_web/1cnt_1cmp_1cndr/1cont/httpd/modules/mod_logio.so
config_samples/fuel_web/1cnt_1cmp_1cndr/1cont/httpd/modules/mod_mime_magic.so
config_samples/fuel_web/1cnt_1cmp_1cndr/1cont/httpd/modules/mod_mime.so
config_samples/fuel_web/1cnt_1cmp_1cndr/1cont/httpd/modules/mod_negotiation.so
config_samples/fuel_web/1cnt_1cmp_1cndr/1cont/httpd/modules/mod_proxy_ajp.so
config_samples/fuel_web/1cnt_1cmp_1cndr/1cont/httpd/modules/mod_proxy_balancer.so
config_samples/fuel_web/1cnt_1cmp_1cndr/1cont/httpd/modules/mod_proxy_connect.so
config_samples/fuel_web/1cnt_1cmp_1cndr/1cont/httpd/modules/mod_proxy_ftp.so
config_samples/fuel_web/1cnt_1cmp_1cndr/1cont/httpd/modules/mod_proxy_http.so
config_samples/fuel_web/1cnt_1cmp_1cndr/1cont/httpd/modules/mod_proxy_scgi.so
config_samples/fuel_web/1cnt_1cmp_1cndr/1cont/httpd/modules/mod_proxy.so
config_samples/fuel_web/1cnt_1cmp_1cndr/1cont/httpd/modules/mod_reqtimeout.so
config_samples/fuel_web/1cnt_1cmp_1cndr/1cont/httpd/modules/mod_rewrite.so
config_samples/fuel_web/1cnt_1cmp_1cndr/1cont/httpd/modules/mod_setenvif.so
config_samples/fuel_web/1cnt_1cmp_1cndr/1cont/httpd/modules/mod_speling.so
config_samples/fuel_web/1cnt_1cmp_1cndr/1cont/httpd/modules/mod_status.so
config_samples/fuel_web/1cnt_1cmp_1cndr/1cont/httpd/modules/mod_substitute.so
config_samples/fuel_web/1cnt_1cmp_1cndr/1cont/httpd/modules/mod_suexec.so
config_samples/fuel_web/1cnt_1cmp_1cndr/1cont/httpd/modules/mod_unique_id.so
config_samples/fuel_web/1cnt_1cmp_1cndr/1cont/httpd/modules/mod_userdir.so
config_samples/fuel_web/1cnt_1cmp_1cndr/1cont/httpd/modules/mod_usertrack.so
config_samples/fuel_web/1cnt_1cmp_1cndr/1cont/httpd/modules/mod_version.so
config_samples/fuel_web/1cnt_1cmp_1cndr/1cont/httpd/modules/mod_vhost_alias.so
config_samples/fuel_web/1cnt_1cmp_1cndr/1cont/httpd/modules/mod_wsgi.so
config_samples/fuel_web/1cnt_1cmp_1cndr/1cont/httpd/run/httpd.pid
config_samples/fuel_web/1cnt_1cmp_1cndr/1cont/keystone/default_catalog.templates
config_samples/fuel_web/1cnt_1cmp_1cndr/1cont/keystone/keystone.conf
config_samples/fuel_web/1cnt_1cmp_1cndr/1cont/keystone/logging.conf
config_samples/fuel_web/1cnt_1cmp_1cndr/1cont/keystone/policy.json
config_samples/fuel_web/1cnt_1cmp_1cndr/1cont/libvirt/libvirt.conf
config_samples/fuel_web/1cnt_1cmp_1cndr/1cont/nova/api-paste.ini
config_samples/fuel_web/1cnt_1cmp_1cndr/1cont/nova/logging.conf
config_samples/fuel_web/1cnt_1cmp_1cndr/1cont/nova/nova.conf
config_samples/fuel_web/1cnt_1cmp_1cndr/1cont/nova/policy.json
config_samples/fuel_web/1cnt_1cmp_1cndr/1cont/nova/release
config_samples/fuel_web/1cnt_1cmp_1cndr/1cont/nova/rootwrap.conf
config_samples/fuel_web/1cnt_1cmp_1cndr/1cont/ntp.conf
config_samples/fuel_web/1cnt_1cmp_1cndr/1cont/ntp/crypto/pw
config_samples/fuel_web/1cnt_1cmp_1cndr/1cont/ntp/keys
config_samples/fuel_web/1cnt_1cmp_1cndr/1cont/ntp/step-tickers
config_samples/fuel_web/1cnt_1cmp_1cndr/1cont/openstack-dashboard/local_settings
config_samples/fuel_web/1cnt_1cmp_1cndr/1cont/rabbitmq/rabbitmq.config
config_samples/fuel_web/1cnt_1cmp_1cndr/1cont/rabbitmq/rabbitmq-env.conf
config_samples/fuel_web/1cnt_1cmp_1cndr/readme
config_samples/fuel_web/golden_fuelweb/cmp/libvirt/libvirt.conf
config_samples/fuel_web/golden_fuelweb/cmp/libvirt/libvirtd.conf
config_samples/fuel_web/golden_fuelweb/cmp/libvirt/lxc.conf
config_samples/fuel_web/golden_fuelweb/cmp/libvirt/nwfilter/allow-arp.xml
config_samples/fuel_web/golden_fuelweb/cmp/libvirt/nwfilter/allow-dhcp-server.xml
config_samples/fuel_web/golden_fuelweb/cmp/libvirt/nwfilter/allow-dhcp.xml
config_samples/fuel_web/golden_fuelweb/cmp/libvirt/nwfilter/allow-incoming-ipv4.xml
config_samples/fuel_web/golden_fuelweb/cmp/libvirt/nwfilter/allow-ipv4.xml
config_samples/fuel_web/golden_fuelweb/cmp/libvirt/nwfilter/clean-traffic.xml
config_samples/fuel_web/golden_fuelweb/cmp/libvirt/nwfilter/no-arp-ip-spoofing.xml
config_samples/fuel_web/golden_fuelweb/cmp/libvirt/nwfilter/no-arp-mac-spoofing.xml
config_samples/fuel_web/golden_fuelweb/cmp/libvirt/nwfilter/no-arp-spoofing.xml
config_samples/fuel_web/golden_fuelweb/cmp/libvirt/nwfilter/no-ip-multicast.xml
config_samples/fuel_web/golden_fuelweb/cmp/libvirt/nwfilter/no-ip-spoofing.xml
config_samples/fuel_web/golden_fuelweb/cmp/libvirt/nwfilter/no-mac-broadcast.xml
config_samples/fuel_web/golden_fuelweb/cmp/libvirt/nwfilter/no-mac-spoofing.xml
config_samples/fuel_web/golden_fuelweb/cmp/libvirt/nwfilter/no-other-l2-traffic.xml
config_samples/fuel_web/golden_fuelweb/cmp/libvirt/nwfilter/no-other-rarp-traffic.xml
config_samples/fuel_web/golden_fuelweb/cmp/libvirt/nwfilter/qemu-announce-self-rarp.xml
config_samples/fuel_web/golden_fuelweb/cmp/libvirt/nwfilter/qemu-announce-self.xml
config_samples/fuel_web/golden_fuelweb/cmp/libvirt/qemu.conf
config_samples/fuel_web/golden_fuelweb/cmp/libvirt/qemu/networks/autostart/default.xml
config_samples/fuel_web/golden_fuelweb/cmp/libvirt/qemu/networks/default.xml
config_samples/fuel_web/golden_fuelweb/cmp/lvm/archive/os_00000-1760572599.vg
config_samples/fuel_web/golden_fuelweb/cmp/lvm/archive/vm_00000-1437943878.vg
config_samples/fuel_web/golden_fuelweb/cmp/lvm/backup/os
config_samples/fuel_web/golden_fuelweb/cmp/lvm/backup/vm
config_samples/fuel_web/golden_fuelweb/cmp/lvm/lvm.conf
config_samples/fuel_web/golden_fuelweb/cmp/nova/api-paste.ini
config_samples/fuel_web/golden_fuelweb/cmp/nova/logging.conf
config_samples/fuel_web/golden_fuelweb/cmp/nova/nova.conf
config_samples/fuel_web/golden_fuelweb/cmp/nova/policy.json
config_samples/fuel_web/golden_fuelweb/cmp/nova/release
config_samples/fuel_web/golden_fuelweb/cmp/nova/rootwrap.conf
config_samples/fuel_web/golden_fuelweb/cndr/cinder/api-paste.ini
config_samples/fuel_web/golden_fuelweb/cndr/cinder/cinder.conf
config_samples/fuel_web/golden_fuelweb/cndr/cinder/logging.conf
config_samples/fuel_web/golden_fuelweb/cndr/cinder/policy.json
config_samples/fuel_web/golden_fuelweb/cndr/cinder/rootwrap.conf
config_samples/fuel_web/golden_fuelweb/cndr/lvm/archive/cinder_00000-715047446.vg
config_samples/fuel_web/golden_fuelweb/cndr/lvm/archive/os_00000-1387443591.vg
config_samples/fuel_web/golden_fuelweb/cndr/lvm/backup/cinder
config_samples/fuel_web/golden_fuelweb/cndr/lvm/backup/os
config_samples/fuel_web/golden_fuelweb/cndr/lvm/lvm.conf
config_samples/fuel_web/golden_fuelweb/cnt1/cinder/api-paste.ini
config_samples/fuel_web/golden_fuelweb/cnt1/cinder/cinder.conf
config_samples/fuel_web/golden_fuelweb/cnt1/cinder/logging.conf
config_samples/fuel_web/golden_fuelweb/cnt1/cinder/policy.json
config_samples/fuel_web/golden_fuelweb/cnt1/cinder/rootwrap.conf
config_samples/fuel_web/golden_fuelweb/cnt1/glance/glance-api.conf
config_samples/fuel_web/golden_fuelweb/cnt1/glance/glance-api-paste.ini
config_samples/fuel_web/golden_fuelweb/cnt1/glance/glance-cache.conf
config_samples/fuel_web/golden_fuelweb/cnt1/glance/glance-registry.conf
config_samples/fuel_web/golden_fuelweb/cnt1/glance/glance-registry-paste.ini
config_samples/fuel_web/golden_fuelweb/cnt1/glance/glance-scrubber.conf
config_samples/fuel_web/golden_fuelweb/cnt1/glance/logging.conf
config_samples/fuel_web/golden_fuelweb/cnt1/glance/policy.json
config_samples/fuel_web/golden_fuelweb/cnt1/glance/schema-image.json
config_samples/fuel_web/golden_fuelweb/cnt1/keepalived/keepalived.conf
config_samples/fuel_web/golden_fuelweb/cnt1/keystone/default_catalog.templates
config_samples/fuel_web/golden_fuelweb/cnt1/keystone/keystone.conf
config_samples/fuel_web/golden_fuelweb/cnt1/keystone/logging.conf
config_samples/fuel_web/golden_fuelweb/cnt1/keystone/policy.json
config_samples/fuel_web/golden_fuelweb/cnt1/libvirt/libvirt.conf
config_samples/fuel_web/golden_fuelweb/cnt1/lvm/archive/os_00000-138444499.vg
config_samples/fuel_web/golden_fuelweb/cnt1/lvm/backup/os
config_samples/fuel_web/golden_fuelweb/cnt1/lvm/lvm.conf
config_samples/fuel_web/golden_fuelweb/cnt1/mysql/conf.d/wsrep.cnf
config_samples/fuel_web/golden_fuelweb/cnt1/nova/api-paste.ini
config_samples/fuel_web/golden_fuelweb/cnt1/nova/logging.conf
config_samples/fuel_web/golden_fuelweb/cnt1/nova/nova.conf
config_samples/fuel_web/golden_fuelweb/cnt1/nova/policy.json
config_samples/fuel_web/golden_fuelweb/cnt1/nova/release
config_samples/fuel_web/golden_fuelweb/cnt1/nova/rootwrap.conf
config_samples/fuel_web/golden_fuelweb/cnt1/openstack-dashboard/local_settings
config_samples/fuel_web/golden_fuelweb/cnt1/rabbitmq/rabbitmq.config
config_samples/fuel_web/golden_fuelweb/cnt1/rabbitmq/rabbitmq-env.conf
config_samples/fuel_web/golden_fuelweb/cnt1/swift/account.builder
config_samples/fuel_web/golden_fuelweb/cnt1/swift/account.ring.gz
config_samples/fuel_web/golden_fuelweb/cnt1/swift/account-server.conf
config_samples/fuel_web/golden_fuelweb/cnt1/swift/backups/1379338749.container.builder
config_samples/fuel_web/golden_fuelweb/cnt1/swift/backups/1379338750.object.builder
config_samples/fuel_web/golden_fuelweb/cnt1/swift/backups/1379338804.account.builder
config_samples/fuel_web/golden_fuelweb/cnt1/swift/backups/1379339140.container.builder
config_samples/fuel_web/golden_fuelweb/cnt1/swift/backups/1379339140.container.ring.gz
config_samples/fuel_web/golden_fuelweb/cnt1/swift/backups/1379339320.account.builder
config_samples/fuel_web/golden_fuelweb/cnt1/swift/backups/1379339320.account.ring.gz
config_samples/fuel_web/golden_fuelweb/cnt1/swift/backups/1379339498.object.builder
config_samples/fuel_web/golden_fuelweb/cnt1/swift/backups/1379339498.object.ring.gz
config_samples/fuel_web/golden_fuelweb/cnt1/swift/container.builder
config_samples/fuel_web/golden_fuelweb/cnt1/swift/container.ring.gz
config_samples/fuel_web/golden_fuelweb/cnt1/swift/container-server.conf
config_samples/fuel_web/golden_fuelweb/cnt1/swift/container-server.conf.rpmnew
config_samples/fuel_web/golden_fuelweb/cnt1/swift/object.builder
config_samples/fuel_web/golden_fuelweb/cnt1/swift/object-expirer.conf
config_samples/fuel_web/golden_fuelweb/cnt1/swift/object.ring.gz
config_samples/fuel_web/golden_fuelweb/cnt1/swift/object-server.conf
config_samples/fuel_web/golden_fuelweb/cnt1/swift/proxy-server.conf
config_samples/fuel_web/golden_fuelweb/cnt1/swift/swift.conf
config_samples/fuel_web/golden_fuelweb/cnt2/cinder/api-paste.ini
config_samples/fuel_web/golden_fuelweb/cnt2/cinder/cinder.conf
config_samples/fuel_web/golden_fuelweb/cnt2/cinder/logging.conf
config_samples/fuel_web/golden_fuelweb/cnt2/cinder/policy.json
config_samples/fuel_web/golden_fuelweb/cnt2/cinder/rootwrap.conf
config_samples/fuel_web/golden_fuelweb/cnt2/glance/glance-api.conf
config_samples/fuel_web/golden_fuelweb/cnt2/glance/glance-api-paste.ini
config_samples/fuel_web/golden_fuelweb/cnt2/glance/glance-cache.conf
config_samples/fuel_web/golden_fuelweb/cnt2/glance/glance-registry.conf
config_samples/fuel_web/golden_fuelweb/cnt2/glance/glance-registry-paste.ini
config_samples/fuel_web/golden_fuelweb/cnt2/glance/glance-scrubber.conf
config_samples/fuel_web/golden_fuelweb/cnt2/glance/logging.conf
config_samples/fuel_web/golden_fuelweb/cnt2/glance/policy.json
config_samples/fuel_web/golden_fuelweb/cnt2/glance/schema-image.json
config_samples/fuel_web/golden_fuelweb/cnt2/keepalived/keepalived.conf
config_samples/fuel_web/golden_fuelweb/cnt2/keystone/default_catalog.templates
config_samples/fuel_web/golden_fuelweb/cnt2/keystone/keystone.conf
config_samples/fuel_web/golden_fuelweb/cnt2/keystone/logging.conf
config_samples/fuel_web/golden_fuelweb/cnt2/keystone/policy.json
config_samples/fuel_web/golden_fuelweb/cnt2/libvirt/libvirt.conf
config_samples/fuel_web/golden_fuelweb/cnt2/lvm/archive/os_00000-1386071611.vg
config_samples/fuel_web/golden_fuelweb/cnt2/lvm/backup/os
config_samples/fuel_web/golden_fuelweb/cnt2/lvm/lvm.conf
config_samples/fuel_web/golden_fuelweb/cnt2/mysql/conf.d/wsrep.cnf
config_samples/fuel_web/golden_fuelweb/cnt2/nova/api-paste.ini
config_samples/fuel_web/golden_fuelweb/cnt2/nova/logging.conf
config_samples/fuel_web/golden_fuelweb/cnt2/nova/nova.conf
config_samples/fuel_web/golden_fuelweb/cnt2/nova/policy.json
config_samples/fuel_web/golden_fuelweb/cnt2/nova/release
config_samples/fuel_web/golden_fuelweb/cnt2/nova/rootwrap.conf
config_samples/fuel_web/golden_fuelweb/cnt2/openstack-dashboard/local_settings
config_samples/fuel_web/golden_fuelweb/cnt2/rabbitmq/rabbitmq.config
config_samples/fuel_web/golden_fuelweb/cnt2/rabbitmq/rabbitmq-env.conf
config_samples/fuel_web/golden_fuelweb/cnt2/swift/account.ring.gz
config_samples/fuel_web/golden_fuelweb/cnt2/swift/account-server.conf
config_samples/fuel_web/golden_fuelweb/cnt2/swift/container.ring.gz
config_samples/fuel_web/golden_fuelweb/cnt2/swift/container-server.conf
config_samples/fuel_web/golden_fuelweb/cnt2/swift/container-server.conf.rpmnew
config_samples/fuel_web/golden_fuelweb/cnt2/swift/object-expirer.conf
config_samples/fuel_web/golden_fuelweb/cnt2/swift/object.ring.gz
config_samples/fuel_web/golden_fuelweb/cnt2/swift/object-server.conf
config_samples/fuel_web/golden_fuelweb/cnt2/swift/proxy-server.conf
config_samples/fuel_web/golden_fuelweb/cnt2/swift/swift.conf
config_samples/fuel_web/golden_fuelweb/cnt3/cinder/api-paste.ini
config_samples/fuel_web/golden_fuelweb/cnt3/cinder/cinder.conf
config_samples/fuel_web/golden_fuelweb/cnt3/cinder/logging.conf
config_samples/fuel_web/golden_fuelweb/cnt3/cinder/policy.json
config_samples/fuel_web/golden_fuelweb/cnt3/cinder/rootwrap.conf
config_samples/fuel_web/golden_fuelweb/cnt3/glance/glance-api.conf
config_samples/fuel_web/golden_fuelweb/cnt3/glance/glance-api-paste.ini
config_samples/fuel_web/golden_fuelweb/cnt3/glance/glance-cache.conf
config_samples/fuel_web/golden_fuelweb/cnt3/glance/glance-registry.conf
config_samples/fuel_web/golden_fuelweb/cnt3/glance/glance-registry-paste.ini
config_samples/fuel_web/golden_fuelweb/cnt3/glance/glance-scrubber.conf
config_samples/fuel_web/golden_fuelweb/cnt3/glance/logging.conf
config_samples/fuel_web/golden_fuelweb/cnt3/glance/policy.json
config_samples/fuel_web/golden_fuelweb/cnt3/glance/schema-image.json
config_samples/fuel_web/golden_fuelweb/cnt3/keepalived/keepalived.conf
config_samples/fuel_web/golden_fuelweb/cnt3/keystone/default_catalog.templates
config_samples/fuel_web/golden_fuelweb/cnt3/keystone/keystone.conf
config_samples/fuel_web/golden_fuelweb/cnt3/keystone/logging.conf
config_samples/fuel_web/golden_fuelweb/cnt3/keystone/policy.json
config_samples/fuel_web/golden_fuelweb/cnt3/libvirt/libvirt.conf
config_samples/fuel_web/golden_fuelweb/cnt3/lvm/archive/os_00000-1434595773.vg
config_samples/fuel_web/golden_fuelweb/cnt3/lvm/backup/os
config_samples/fuel_web/golden_fuelweb/cnt3/lvm/lvm.conf
config_samples/fuel_web/golden_fuelweb/cnt3/mysql/conf.d/wsrep.cnf
config_samples/fuel_web/golden_fuelweb/cnt3/nova/api-paste.ini
config_samples/fuel_web/golden_fuelweb/cnt3/nova/logging.conf
config_samples/fuel_web/golden_fuelweb/cnt3/nova/nova.conf
config_samples/fuel_web/golden_fuelweb/cnt3/nova/policy.json
config_samples/fuel_web/golden_fuelweb/cnt3/nova/release
config_samples/fuel_web/golden_fuelweb/cnt3/nova/rootwrap.conf
config_samples/fuel_web/golden_fuelweb/cnt3/openstack-dashboard/local_settings
config_samples/fuel_web/golden_fuelweb/cnt3/rabbitmq/rabbitmq.config
config_samples/fuel_web/golden_fuelweb/cnt3/rabbitmq/rabbitmq-env.conf
config_samples/fuel_web/golden_fuelweb/cnt3/swift/account.ring.gz
config_samples/fuel_web/golden_fuelweb/cnt3/swift/account-server.conf
config_samples/fuel_web/golden_fuelweb/cnt3/swift/container.ring.gz
config_samples/fuel_web/golden_fuelweb/cnt3/swift/container-server.conf
config_samples/fuel_web/golden_fuelweb/cnt3/swift/container-server.conf.rpmnew
config_samples/fuel_web/golden_fuelweb/cnt3/swift/object-expirer.conf
config_samples/fuel_web/golden_fuelweb/cnt3/swift/object.ring.gz
config_samples/fuel_web/golden_fuelweb/cnt3/swift/object-server.conf
config_samples/fuel_web/golden_fuelweb/cnt3/swift/proxy-server.conf
config_samples/fuel_web/golden_fuelweb/cnt3/swift/swift.conf
config_samples/fuel_web/readme
config_samples/schema_validation/host1/nova/nova.conf
config_samples/schema_validation/host1/nova/version
config-validator-ui-concept/css/main.css
config-validator-ui-concept/data/validate_stub.json
config-validator-ui-concept/index.html
config-validator-ui-concept/js/app.js
config-validator-ui-concept/js/controllers/validate_controller.js
config-validator-ui-concept/js/filters.js
config-validator-ui-concept/js/main.js
config-validator-ui-concept/lib/angular/angular.min.js
config-validator-ui-concept/lib/angular/angular-route.min.js
config-validator-ui-concept/lib/angular.min.js
config-validator-ui-concept/lib/moment.min.js
config-validator-ui-concept/lib/underscore-min.js
config-validator-ui-concept/partials/main.html
config-validator-ui-concept/semantic-ui/packaged/css/semantic.css
config-validator-ui-concept/semantic-ui/packaged/css/semantic.min.css
config-validator-ui-concept/semantic-ui/packaged/fonts/basic.icons.eot
config-validator-ui-concept/semantic-ui/packaged/fonts/basic.icons.ttf
config-validator-ui-concept/semantic-ui/packaged/fonts/basic.icons.woff
config-validator-ui-concept/semantic-ui/packaged/fonts/icons.eot
config-validator-ui-concept/semantic-ui/packaged/fonts/icons.otf
config-validator-ui-concept/semantic-ui/packaged/fonts/icons.ttf
config-validator-ui-concept/semantic-ui/packaged/fonts/icons.woff
config-validator-ui-concept/semantic-ui/packaged/images/loader-large.gif
config-validator-ui-concept/semantic-ui/packaged/images/loader-large-inverted.gif
config-validator-ui-concept/semantic-ui/packaged/images/loader-medium.gif
config-validator-ui-concept/semantic-ui/packaged/images/loader-medium-inverted.gif
config-validator-ui-concept/semantic-ui/packaged/images/loader-mini.gif
config-validator-ui-concept/semantic-ui/packaged/images/loader-mini-inverted.gif
config-validator-ui-concept/semantic-ui/packaged/images/loader-small.gif
config-validator-ui-concept/semantic-ui/packaged/images/loader-small-inverted.gif
config-validator-ui-concept/semantic-ui/packaged/javascript/semantic.js
config-validator-ui-concept/semantic-ui/packaged/javascript/semantic.min.js
devstack.yaml
discover_test.py
doc/architecture_model.rst
doc/classes_No_Name.dot
doc/configuration_validator.rst
doc/images/src/classes_No_Name.dot
doc/images/src/mvp0_demo_preparation_plan.txt
doc/images/src/openstack_cloud_lifecycle.txt
doc/images/src/openstack_integration_tripleo_arch.txt
doc/images/src/openstack_integration_tripleo_seq.txt
doc/images/src/openstack_integration.txt
doc/images/src/packages_No_Name.dot
doc/images/src/service_architecture.txt
doc/mvp0_demo_preparation_plan.uml
doc/openstack_architecture_model.rst
doc/openstack_diagnostics_proposal.rst
doc/openstack_integration.rst
doc/openstack_integration.txt
doc/packages_No_Name.dot
doc/rules_engine.rst
doc/service_architecture.rst
doc/source/images/src/classes_No_Name.dot
doc/source/images/src/classes_Rubick.dot
doc/source/images/src/mvp0_demo_preparation_plan.txt
doc/source/images/src/openstack_cloud_lifecycle.txt
doc/source/images/src/openstack_integration_tripleo_arch.txt
doc/source/images/src/openstack_integration_tripleo_seq.txt
doc/source/images/src/packages_No_Name.dot
doc/source/images/src/packages_Rubick.dot
doc/source/images/src/rules_engine_class_model.txt
doc/source/images/src/service_architecture.txt
doc/source/openstack_architecture_model.md
doc/source/openstack_architecture_model.rst
doc/source/openstack_diagnostics_proposal.rst
doc/source/openstack_integration.rst
doc/source/rules_engine.rst
doc/source/service_architecture.rst
joker/build/lib.linux-x86_64-2.7/joker/__init__.py
joker/build/lib.linux-x86_64-2.7/joker/nodes.py
joker/dist/joker-0.1-py2.7.egg
joker/__init__.py
joker/joker.egg-info/dependency_links.txt
joker/joker.egg-info/not-zip-safe
joker/joker.egg-info/PKG-INFO
joker/joker.egg-info/SOURCES.txt
joker/joker.egg-info/top_level.txt
joker/joker/__init__.py
joker/joker/nodes.py
joker/joker.yaml
joker/LICENSE
joker/nodes.py
joker/requirements.txt
joker/sandbox/bin/joker.py
joker/sandbox/bin/vagrant-ssh-config2yaml.awk
joker/sandbox/ssh/config
joker/sandbox/worm.json
joker/sandbox/worm.yaml
joker/setup.cfg
joker/setup.py
joker/ssh.py
joker/test_joker.py
joker/test_nodes.py
joker_test.py
joker/test-requirements.txt
joker/tox.ini
localrc
openstack-configuration.txt
ostack_validator/celery.py
ostack_validator/common.py
ostack_validator/config_formats/common.py
ostack_validator/config_formats/ini.py
ostack_validator/config_formats/__init__.py
ostack_validator/config_formats/test_ini.py
ostack_validator/config_model.py
ostack_validator/discovery.py
ostack_validator/exceptions.py
ostack_validator/__init__.py
ostack_validator/inspection.py
ostack_validator/inspections/__init__.py
ostack_validator/inspections/keystone_authtoken.py
ostack_validator/inspections/keystone_endpoints.py
ostack_validator/inspections/lettuce_runner.py
ostack_validator/inspections/lettuce/sample.feature
ostack_validator/inspections/lettuce/steps.py
ostack_validator/json.py
ostack_validator/main.py
ostack_validator/model_parser.py
ostack_validator/model.py
ostack_validator/resource.py
ostack_validator/schema.py
ostack_validator/schemas/cinder/__init__.py
ostack_validator/schemas/cinder/v2013_1_3.py
ostack_validator/schemas/__init__.py
ostack_validator/schemas/keystone/__init__.py
ostack_validator/schemas/keystone/v2013_1_3.py
ostack_validator/schemas/keystone/v2013_1_4.py
ostack_validator/schemas/nova/__init__.py
ostack_validator/schemas/nova/v2013_1_3.py
ostack_validator/schemas/nova/v2013_1_4.py
ostack_validator/schemas/nova/v2013_1.py
ostack_validator/schemas/nova/v2013_2.py
ostack_validator/schemas/readme
ostack_validator/schemas/schema_generator.py
ostack_validator/templates/validation_error.html
ostack_validator/templates/validation_form.html
ostack_validator/templates/validation_result.html
ostack_validator/templates/validation_state.html
ostack_validator/test_config_schema_registry.py
ostack_validator/test_configuration.py
ostack_validator/test_mark.py
ostack_validator/test_model_parser.py
ostack_validator/test_type_validators.py
ostack_validator/test_version.py
ostack_validator/utils.py
ostack_validator/webui.py
Procfile
ProcfileHoncho
Procfile.production
README.md
requirements.txt
rubick/celery.py
rubick/cli.py
rubick/common.py
rubick/config_formats/common.py
rubick/config_formats/ini.py
rubick/config_formats/__init__.py
rubick/config_formats/test_ini.py
rubick/config_model.py
rubick/database.py
rubick/discovery.py
rubick/exceptions.py
rubick/__init__.py
rubick/inspections/__init__.py
rubick/inspections/keystone_authtoken.py
rubick/inspections/keystone_endpoints.py
rubick/inspections/lettuce_runner.py
rubick/inspections/lettuce/sample.feature
rubick/inspections/lettuce/sample_havana.feature
rubick/inspections/lettuce/steps.py
rubick/inspections/lettuce/version.feature
rubick/json.py
rubick/main.py
rubick/model.py
rubick/resource.py
rubick/schema.py
rubick/schemas/cinder/2013.1.3.yml
rubick/schemas/cinder/2013.2.0.yml
rubick/schemas/cinder/cinder.conf.yml
rubick/schemas/cinder/__init__.py
rubick/schemas/cinder/v2013_1_3.py
rubick/schemas/cinder/v2013_2.py
rubick/schemas/collector.py
rubick/schemas/foo/foo.conf.yml
rubick/schemas/generator.py
rubick/schemas/glance_api/2013.2.1.yml
rubick/schemas/glance_api/glance_api.conf.yml
rubick/schemas/glance_api/__init__.py
rubick/schemas/glance_api/v2013_2_1.py
rubick/schemas/glance/__init__.py
rubick/schemas/glance_registry/2013.2.1.yml
rubick/schemas/glance_registry/glance_registry.conf.yml
rubick/schemas/glance_registry/__init__.py
rubick/schemas/glance_registry/v2013_2_1.py
rubick/schemas/glance/v2013_2.py
rubick/schemas/__init__.py
rubick/schemas/keystone/2013.1.3.yml
rubick/schemas/keystone/2013.1.4.yml
rubick/schemas/keystone/2013.2.0.yml
rubick/schemas/keystone/__init__.py
rubick/schemas/keystone/keystone.conf.yml
rubick/schemas/keystone/v2013_1_3.py
rubick/schemas/keystone/v2013_1_4.py
rubick/schemas/keystone/v2013_2.py
rubick/schemas/neutron_dhcp_agent/2013.2.1.yml
rubick/schemas/neutron_dhcp_agent/__init__.py
rubick/schemas/neutron_dhcp_agent/neutron_dhcp_agent.conf.yml
rubick/schemas/neutron_dhcp_agent/v2013_2_1.py
rubick/schemas/neutron/__init__.py
rubick/schemas/neutron_l3_agent/2013.2.1.yml
rubick/schemas/neutron_l3_agent/__init__.py
rubick/schemas/neutron_l3_agent/neutron_l3_agent.conf.yml
rubick/schemas/neutron_l3_agent/v2013_2_1.py
rubick/schemas/neutron_metadata_agent/2013.2.1.yml
rubick/schemas/neutron_metadata_agent/__init__.py
rubick/schemas/neutron_metadata_agent/neutron_metadata_agent.conf.yml
rubick/schemas/neutron_metadata_agent/v2013_2_1.py
rubick/schemas/neutron_openvswitch_agent/2013.2.1.yml
rubick/schemas/neutron_openvswitch_agent/__init__.py
rubick/schemas/neutron_openvswitch_agent/neutron_openvswitch_agent.conf.yml
rubick/schemas/neutron_openvswitch_agent/v2013_2_1.py
rubick/schemas/neutron_server/2013.2.1.yml
rubick/schemas/neutron_server/__init__.py
rubick/schemas/neutron_server/neutron_server.conf.yml
rubick/schemas/neutron_server/v2013_2_1.py
rubick/schemas/neutron/v2013_2.py
rubick/schemas/nova/2013.1.3.yml
rubick/schemas/nova/2013.1.4.yml
rubick/schemas/nova/2013.2.0.yml
rubick/schemas/nova/__init__.py
rubick/schemas/nova/nova.conf.yml
rubick/schemas/nova/v2013_1_3.py
rubick/schemas/nova/v2013_1_4.py
rubick/schemas/nova/v2013_1.py
rubick/schemas/nova/v2013_2.py
rubick/schemas/rabbitmq/3.0.0.yml
rubick/schemas/rabbitmq/__init__.py
rubick/schemas/rabbitmq/rabbitmq.conf.yml
rubick/schemas/rabbitmq/v3_0_0.py
rubick/schemas/readme
rubick/schemas/schema_generator.py
rubick/schemas/swift/2013_2.py
rubick/schemas/swift_account_server/2013.2.1.yml
rubick/schemas/swift_account_server/__init__.py
rubick/schemas/swift_account_server/swift_account_server.conf.yml
rubick/schemas/swift_account_server/v2013_2_1.py
rubick/schemas/swift_container_server/2013.2.1.yml
rubick/schemas/swift_container_server/__init__.py
rubick/schemas/swift_container_server/swift_container_server.conf.yml
rubick/schemas/swift_container_server/v2013_2_1.py
rubick/schemas/swift/__init__.py
rubick/schemas/swift_object_server/2013.2.1.yml
rubick/schemas/swift_object_server/__init__.py
rubick/schemas/swift_object_server/swift_object_server.conf.yml
rubick/schemas/swift_object_server/v2013_2_1.py
rubick/schemas/swift_proxy_server/2013.2.1.yml
rubick/schemas/swift_proxy_server/__init__.py
rubick/schemas/swift_proxy_server/swift_proxy_server.conf.yml
rubick/schemas/swift_proxy_server/v2013_2_1.py
rubick/schemas/swift/v2013_2.py
rubick/schemas/yaml_utils.py
rubick/templates/validation_error.html
rubick/templates/validation_form.html
rubick/templates/validation_result.html
rubick/templates/validation_state.html
rubick/test_config_schema_registry.py
rubick/test_configuration.py
rubick/test_mark.py
rubick/test_type_validators.py
rubick/test_version.py
rubick/utils.py
run_vagrant_provision.sh
setup.cfg
setup.py
static/css/main.css
static/data/validate_stub.json
static/index.html
static/js/app.js
static/js/controllers/validate_controller.js
static/js/filters.js
static/js/main.js
static/lib/angular/angular.min.js
static/lib/angular/angular-route.min.js
static/lib/angular.min.js
static/lib/moment.min.js
static/lib/underscore-min.js
static/partials/main.html
static/semantic-ui/packaged/css/semantic.css
static/semantic-ui/packaged/css/semantic.min.css
static/semantic-ui/packaged/fonts/basic.icons.eot
static/semantic-ui/packaged/fonts/basic.icons.ttf
static/semantic-ui/packaged/fonts/basic.icons.woff
static/semantic-ui/packaged/fonts/icons.eot
static/semantic-ui/packaged/fonts/icons.otf
static/semantic-ui/packaged/fonts/icons.ttf
static/semantic-ui/packaged/fonts/icons.woff
static/semantic-ui/packaged/images/loader-large.gif
static/semantic-ui/packaged/images/loader-large-inverted.gif
static/semantic-ui/packaged/images/loader-medium.gif
static/semantic-ui/packaged/images/loader-medium-inverted.gif
static/semantic-ui/packaged/images/loader-mini.gif
static/semantic-ui/packaged/images/loader-mini-inverted.gif
static/semantic-ui/packaged/images/loader-small.gif
static/semantic-ui/packaged/images/loader-small-inverted.gif
static/semantic-ui/packaged/javascript/semantic.js
static/semantic-ui/packaged/javascript/semantic.min.js
.testr.conf
test-requirements.txt
tox.ini
vagrant/cookbooks/openstack-validator/recipes/default.rb
vagrant/cookbooks/rubick/recipes/default.rb
Vagrantfile
webui.py
