bin/melange
MANIFEST.in
melange_client/client.py
melange/client/client.py
melange/client/cli.py
melange_client/exception.py
melange/client/exception.py
melange_client/__init__.py
melange/client/__init__.py
melange_client/inspector.py
melange/client/inspector.py
melange_client/ipam_client.py
melange/client/ipam_client.py
melange/client/openstack/common/__init__.py
melange/client/openstack/common/setup.py
melange/client/openstack/__init__.py
melange_client/template.py
melange/client/template.py
melange_client/tests/functional/factory.py
melange/client/tests/functional/factory.py
melange_client/tests/functional/__init__.py
melange/client/tests/functional/__init__.py
melange_client/tests/functional/template_test_helper.py
melange/client/tests/functional/template_test_helper.py
melange_client/tests/functional/test_cli.py
melange/client/tests/functional/test_cli.py
melange_client/tests/functional/tests.conf
melange/client/tests/functional/tests.conf
melange_client/tests/__init__.py
melange/client/tests/__init__.py
melange_client/tests/unit/helper/__init__.py
melange/client/tests/unit/helper/__init__.py
melange_client/tests/unit/helper/test_table.py
melange/client/tests/unit/helper/test_table.py
melange_client/tests/unit/__init__.py
melange/client/tests/unit/__init__.py
melange_client/tests/unit/test_client.py
melange/client/tests/unit/test_client.py
melange_client/tests/unit/test_inspector.py
melange/client/tests/unit/test_inspector.py
melange_client/tests/unit/test_ipam_client.py
melange/client/tests/unit/test_ipam_client.py
melange_client/tests/unit/test_utils.py
melange/client/tests/unit/test_utils.py
melange_client/utils.py
melange/client/utils.py
melange_client/views/helpers/__init__.py
melange/client/views/helpers/__init__.py
melange_client/views/helpers/table.py
melange/client/views/helpers/table.py
melange_client/views/__init__.py
melange/client/views/__init__.py
melange_client/views/ip_route_list.tpl
melange/client/views/ip_route_list.tpl
melange/__init__.py
openstack-common.conf
pylintrc
README
README.rst
run_tests.py
run_tests.sh
setup.cfg
setup.py
tools/install_venv.py
tools/pip-requires
tools/test-requires
tools/with_venv.sh
tox.ini
