AUTHORS.md
cafe/common/generators/base.py
cafe/common/generators/__init__.py
cafe/common/generators/security/fuzz.py
cafe/common/generators/security/__init__.py
cafe/common/__init__.py
cafe/common/reporting/base_report.py
cafe/common/reporting/cclogging.py
cafe/common/reporting/__init__.py
cafe/common/reporting/json_report.py
cafe/common/reporting/metrics.py
cafe/common/reporting/reporter.py
cafe/common/reporting/xml_report.py
cafe/common/unicode.py
cafe/configurator/cli.py
cafe/configurator/__init__.py
cafe/configurator/managers.py
cafe/drivers/base.py
cafe/drivers/behave/__init__.py
cafe/drivers/behave/runner.py
cafe/drivers/__init__.py
cafe/drivers/lettuce/__init__.py
cafe/drivers/pyvows/__init__.py
cafe/drivers/pyvows/runner.py
cafe/drivers/specter/__init__.py
cafe/drivers/specter/runner.py
cafe/drivers/unittest/datasets.py
cafe/drivers/unittest/decorators.py
cafe/drivers/unittest/fixtures.py
cafe/drivers/unittest/__init__.py
cafe/drivers/unittest/loaders/base.py
cafe/drivers/unittest/loaders/__init__.py
cafe/drivers/unittest/parsers.py
cafe/drivers/unittest/result.py
cafe/drivers/unittest/runner.py
cafe/drivers/unittest/suite.py
cafe/engine/behaviors.py
cafe/engine/clients/base.py
cafe/engine/clients/commandline.py
cafe/engine/clients/elasticsearch.py
cafe/engine/clients/__init__.py
cafe/engine/clients/mongo.py
cafe/engine/clients/ping.py
cafe/engine/clients/remote_instance/constants.py
cafe/engine/clients/remote_instance/exceptions.py
cafe/engine/clients/remote_instance/__init__.py
cafe/engine/clients/remote_instance/instance_client.py
cafe/engine/clients/remote_instance/linux/base_client.py
cafe/engine/clients/remote_instance/linux/freebsd_client.py
cafe/engine/clients/remote_instance/linux/gentoo_arch_client.py
cafe/engine/clients/remote_instance/linux/__init__.py
cafe/engine/clients/remote_instance/linux/linux_instance_client.py
cafe/engine/clients/remote_instance/models/dir_details.py
cafe/engine/clients/remote_instance/models/file_details.py
cafe/engine/clients/remote_instance/models/__init__.py
cafe/engine/clients/remote_instance/models/partition.py
cafe/engine/clients/remote_instance/windows/__init__.py
cafe/engine/clients/remote_instance/windows/windows_instance_client.py
cafe/engine/clients/rest.py
cafe/engine/clients/soap.py
cafe/engine/clients/sql.py
cafe/engine/clients/ssh.py
cafe/engine/clients/winrm_client.py
cafe/engine/config.py
cafe/engine/http/behaviors.py
cafe/engine/http/client.py
cafe/engine/http/__init__.py
cafe/engine/__init__.py
cafe/engine/models/base.py
cafe/engine/models/behavior_response.py
cafe/engine/models/commandline_response.py
cafe/engine/models/data_interfaces.py
cafe/engine/models/__init__.py
cafe/engine/models/ssh_response.py
cafe/engine/models/winrm_response.py
cafe/engine/mongo/client.py
cafe/engine/mongo/__init__.py
cafe/engine/provider.py
cafe/engine/ssh/behaviors.py
cafe/engine/ssh/client.py
cafe/engine/ssh/__init__.py
cafe/engine/ssh/models/__init__.py
cafe/engine/ssh/models/ssh_response.py
cafe/__init__.py
cafe/resources/github/config.py
cafe/resources/github/__init__.py
cafe/resources/github/issue_tracker.py
cafe/resources/__init__.py
cafe/resources/launchpad/config.py
cafe/resources/launchpad/__init__.py
cafe/resources/launchpad/issue_tracker.py
cafe/resources/rsyslog/client.py
cafe/resources/rsyslog/__init__.py
cafe/tests/common/__init__.py
cafe/tests/common/reporting/__init__.py
cafe/tests/common/reporting/test_reporter.py
cafe/tests/engine/http/__init__.py
cafe/tests/engine/http/test_behaviors.py
cafe/tests/engine/__init__.py
cafe/tests/__init__.py
cafe/tests/resources/__init__.py
cafe/tests/resources/rsyslog/__init__.py
cafe/tests/resources/rsyslog/test_client.py
doc-requires
docs/make.bat
docs/source/architecture/behavior.rst
docs/source/architecture/client.rst
docs/source/architecture/index.rst
docs/source/architecture/model.rst
docs/source/conf.py
docs/source/contributing/development.rst
docs/source/contributing/index.rst
docs/source/contributing/process.rst
docs/source/contributing/standards.rst
docs/source/faq/index.rst
docs/source/getting_started/index.rst
docs/source/getting_started/install.rst
docs/source/getting_started/pyenv/index.rst
docs/source/getting_started/setting_up_env.rst
docs/source/getting_started/using.rst
docs/source/getting_started/virtualenv/index.rst
docs/source/index.rst
docs/source/plugin_dev/index.rst
docs/source/plugin_dev/writing_your_first.rst
HACKING.rst
HISTORY.md
LICENSE
MANIFEST.in
NOTICE
pip-requires
plugins/elasticsearch/cafe/engine/clients/elasticsearch.py
plugins/elasticsearch/cafe/engine/clients/__init__.py
plugins/elasticsearch/cafe/engine/__init__.py
plugins/elasticsearch/cafe/__init__.py
plugins/elasticsearch/setup.py
plugins/http/cafe/engine/clients/__init__.py
plugins/http/cafe/engine/clients/rest.py
plugins/http/cafe/engine/http/behaviors.py
plugins/http/cafe/engine/http/client.py
plugins/http/cafe/engine/http/__init__.py
plugins/http/cafe/engine/__init__.py
plugins/http/cafe/__init__.py
plugins/http/setup.py
plugins/http/test-requirements.txt
plugins/http/tests/engine/http/__init__.py
plugins/http/tests/engine/http/test_behaviors.py
plugins/http/tests/engine/__init__.py
plugins/http/tox.ini
plugins/mongo/cafe/engine/clients/__init__.py
plugins/mongo/cafe/engine/clients/mongo.py
plugins/mongo/cafe/engine/__init__.py
plugins/mongo/cafe/engine/mongo/client.py
plugins/mongo/cafe/engine/mongo/__init__.py
plugins/mongo/cafe/__init__.py
plugins/mongo/setup.py
plugins/rsyslog/cafe/__init__.py
plugins/rsyslog/cafe/resources/__init__.py
plugins/rsyslog/cafe/resources/rsyslog/client.py
plugins/rsyslog/cafe/resources/rsyslog/__init__.py
plugins/rsyslog/setup.py
plugins/rsyslog/test-requirements.txt
plugins/rsyslog/tests/resources/__init__.py
plugins/rsyslog/tests/resources/rsyslog/__init__.py
plugins/rsyslog/tests/resources/rsyslog/test_client.py
plugins/rsyslog/tox.ini
plugins/skip_on_issue/cafe/drivers/__init__.py
plugins/skip_on_issue/cafe/drivers/unittest/__init__.py
plugins/skip_on_issue/cafe/drivers/unittest/issue.py
plugins/skip_on_issue/cafe/__init__.py
plugins/skip_on_issue/cafe/resources/github/config.py
plugins/skip_on_issue/cafe/resources/github/__init__.py
plugins/skip_on_issue/cafe/resources/github/issue_tracker.py
plugins/skip_on_issue/cafe/resources/__init__.py
plugins/skip_on_issue/cafe/resources/jira/config.py
plugins/skip_on_issue/cafe/resources/jira/__init__.py
plugins/skip_on_issue/cafe/resources/jira/issue_tracker.py
plugins/skip_on_issue/cafe/resources/launchpad/config.py
plugins/skip_on_issue/cafe/resources/launchpad/__init__.py
plugins/skip_on_issue/cafe/resources/launchpad/issue_tracker.py
plugins/skip_on_issue/setup.py
plugins/ssh/cafe/engine/clients/__init__.py
plugins/ssh/cafe/engine/clients/ssh.py
plugins/ssh/cafe/engine/__init__.py
plugins/ssh/cafe/engine/models/__init__.py
plugins/ssh/cafe/engine/models/ssh_response.py
plugins/ssh/cafe/engine/ssh/behaviors.py
plugins/ssh/cafe/engine/ssh/client.py
plugins/ssh/cafe/engine/ssh/config.py
plugins/ssh/cafe/engine/ssh/__init__.py
plugins/ssh/cafe/engine/ssh/models/__init__.py
plugins/ssh/cafe/engine/ssh/models/ssh_response.py
plugins/ssh/cafe/__init__.py
plugins/ssh/setup.py
plugins/winrm/cafe/engine/clients/__init__.py
plugins/winrm/cafe/engine/clients/winrm_client.py
plugins/winrm/cafe/engine/__init__.py
plugins/winrm/cafe/engine/winrm/client.py
plugins/winrm/cafe/engine/winrm/__init__.py
plugins/winrm/cafe/__init__.py
plugins/winrm/setup.py
README.md
README.rst
run_tests.sh
setup.py
test-requirements.txt
tests/common/__init__.py
tests/common/reporting/__init__.py
tests/common/reporting/test_reporter.py
tests/engine/http/__init__.py
tests/engine/http/test_behaviors.py
tests/engine/__init__.py
tests/__init__.py
tests/resources/__init__.py
tests/resources/rsyslog/__init__.py
tests/resources/rsyslog/test_client.py
tests/tests/common/__init__.py
tests/tests/common/reporting/__init__.py
tests/tests/common/reporting/test_reporter.py
tests/tests/engine/http/__init__.py
tests/tests/engine/http/test_behaviors.py
tests/tests/engine/__init__.py
tests/tests/__init__.py
tests/tests/resources/__init__.py
tests/tests/resources/rsyslog/__init__.py
tests/tests/resources/rsyslog/test_client.py
tox.ini
