doc/source/conf.py
doc/source/index.rst
doc/source/specs
LICENSE
README.rst
requirements.txt
setup.cfg
setup.py
specs/juno/audit-support-for-federation.rst
specs/juno/auth-specific-data.rst
specs/juno/endpoint-group-filter.rst
specs/juno/endpoint-policy.rst
specs/juno/endpoint-table-missing-reference-to-region-table.rst
specs/juno/explicit-unscoped.rst
specs/juno/filter-credentials-list.rst
specs/juno/generic-mapping-federation.rst
specs/juno/get-catalog.rst
specs/juno/json-home.rst
specs/juno/keystone-api-validation.rst
specs/juno/keystone-to-keystone-federation.rst
specs/juno/multi-backend-uuids.rst
specs/juno/non-persistent-tokens.rst
specs/juno/openid-connect.rst
specs/juno/role-assignment-notifications.rst
specs/juno/service-tokens.rst
specs/juno/template.rst
specs/juno/trusts-redelegation.rst
specs/keystoneclient/template.rst
specs/keystonemiddleware/audit-middleware.rst
specs/keystonemiddleware/service-tokens.rst
specs/keystonemiddleware/split-middleware-repo.rst
specs/template.rst
.testr.conf
tests/__init__.py
tests/test_titles.py
tox.ini
