chef/cookbooks/apache2/attributes/default.rb
chef/cookbooks/apache2/attributes/mod_auth_cas.rb
chef/cookbooks/apache2/attributes/mod_auth_openid.rb
chef/cookbooks/apache2/attributes/mod_ssl.rb
chef/cookbooks/apache2/CHANGELOG.md
chef/cookbooks/apache2/CONTRIBUTING.md
chef/cookbooks/apache2/definitions/apache_conf.rb
chef/cookbooks/apache2/definitions/apache_module.rb
chef/cookbooks/apache2/definitions/apache_site.rb
chef/cookbooks/apache2/definitions/web_app.rb
chef/cookbooks/apache2/files/default/apache2_module_conf_generate.pl
chef/cookbooks/apache2/files/default/tests/minitest/default_test.rb
chef/cookbooks/apache2/files/default/tests/minitest/god_monitor_test.rb
chef/cookbooks/apache2/files/default/tests/minitest/mod_apreq2_test.rb
chef/cookbooks/apache2/files/default/tests/minitest/mod_auth_cas_test.rb
chef/cookbooks/apache2/files/default/tests/minitest/mod_auth_openid_test.rb
chef/cookbooks/apache2/files/default/tests/minitest/mod_cgi_test.rb
chef/cookbooks/apache2/files/default/tests/minitest/mod_dav_svn_test.rb
chef/cookbooks/apache2/files/default/tests/minitest/mod_fastcgi.rb
chef/cookbooks/apache2/files/default/tests/minitest/mod_include_test.rb
chef/cookbooks/apache2/files/default/tests/minitest/mod_perl_test.rb
chef/cookbooks/apache2/files/default/tests/minitest/mod_php5_test.rb
chef/cookbooks/apache2/files/default/tests/minitest/mod_python_test.rb
chef/cookbooks/apache2/files/default/tests/minitest/mod_ssl_test.rb
chef/cookbooks/apache2/files/default/tests/minitest/support/helpers.rb
chef/cookbooks/apache2/Gemfile
chef/cookbooks/apache2/LICENSE
chef/cookbooks/apache2/metadata.rb
chef/cookbooks/apache2/recipes/default.rb
chef/cookbooks/apache2/recipes/god_monitor.rb
chef/cookbooks/apache2/recipes/iptables.rb
chef/cookbooks/apache2/recipes/logrotate.rb
chef/cookbooks/apache2/recipes/mod_actions.rb
chef/cookbooks/apache2/recipes/mod_alias.rb
chef/cookbooks/apache2/recipes/mod_apreq2.rb
chef/cookbooks/apache2/recipes/mod_auth_basic.rb
chef/cookbooks/apache2/recipes/mod_auth_cas.rb
chef/cookbooks/apache2/recipes/mod_auth_digest.rb
chef/cookbooks/apache2/recipes/mod_authn_file.rb
chef/cookbooks/apache2/recipes/mod_authnz_ldap.rb
chef/cookbooks/apache2/recipes/mod_auth_openid.rb
chef/cookbooks/apache2/recipes/mod_authz_default.rb
chef/cookbooks/apache2/recipes/mod_authz_groupfile.rb
chef/cookbooks/apache2/recipes/mod_authz_host.rb
chef/cookbooks/apache2/recipes/mod_authz_user.rb
chef/cookbooks/apache2/recipes/mod_autoindex.rb
chef/cookbooks/apache2/recipes/mod_cgi.rb
chef/cookbooks/apache2/recipes/mod_dav_fs.rb
chef/cookbooks/apache2/recipes/mod_dav.rb
chef/cookbooks/apache2/recipes/mod_dav_svn.rb
chef/cookbooks/apache2/recipes/mod_deflate.rb
chef/cookbooks/apache2/recipes/mod_dir.rb
chef/cookbooks/apache2/recipes/mod_env.rb
chef/cookbooks/apache2/recipes/mod_expires.rb
chef/cookbooks/apache2/recipes/mod_fastcgi.rb
chef/cookbooks/apache2/recipes/mod_fcgid.rb
chef/cookbooks/apache2/recipes/mod_filter.rb
chef/cookbooks/apache2/recipes/mod_headers.rb
chef/cookbooks/apache2/recipes/mod_include.rb
chef/cookbooks/apache2/recipes/mod_ldap.rb
chef/cookbooks/apache2/recipes/mod_log_config.rb
chef/cookbooks/apache2/recipes/mod_logio.rb
chef/cookbooks/apache2/recipes/mod_mime.rb
chef/cookbooks/apache2/recipes/mod_negotiation.rb
chef/cookbooks/apache2/recipes/mod_perl.rb
chef/cookbooks/apache2/recipes/mod_php5.rb
chef/cookbooks/apache2/recipes/mod_proxy_ajp.rb
chef/cookbooks/apache2/recipes/mod_proxy_balancer.rb
chef/cookbooks/apache2/recipes/mod_proxy_connect.rb
chef/cookbooks/apache2/recipes/mod_proxy_http.rb
chef/cookbooks/apache2/recipes/mod_proxy.rb
chef/cookbooks/apache2/recipes/mod_python.rb
chef/cookbooks/apache2/recipes/mod_rewrite.rb
chef/cookbooks/apache2/recipes/mod_setenvif.rb
chef/cookbooks/apache2/recipes/mod_ssl.rb
chef/cookbooks/apache2/recipes/mod_status.rb
chef/cookbooks/apache2/recipes/mod_wsgi.rb
chef/cookbooks/apache2/recipes/mod_xsendfile.rb
chef/cookbooks/apache2/templates/default/a2dismod.erb
chef/cookbooks/apache2/templates/default/a2dissite.erb
chef/cookbooks/apache2/templates/default/a2enmod.erb
chef/cookbooks/apache2/templates/default/a2ensite.erb
chef/cookbooks/apache2/templates/default/apache2.conf.erb
chef/cookbooks/apache2/templates/default/apache2.god.erb
chef/cookbooks/apache2/templates/default/charset.erb
chef/cookbooks/apache2/templates/default/default-site.erb
chef/cookbooks/apache2/templates/default/etc-sysconfig-httpd.erb
chef/cookbooks/apache2/templates/default/mods/alias.conf.erb
chef/cookbooks/apache2/templates/default/mods/auth_cas.conf.erb
chef/cookbooks/apache2/templates/default/mods/auth_cas.load.erb
chef/cookbooks/apache2/templates/default/mods/authopenid.load.erb
chef/cookbooks/apache2/templates/default/mods/autoindex.conf.erb
chef/cookbooks/apache2/templates/default/mods/deflate.conf.erb
chef/cookbooks/apache2/templates/default/mods/dir.conf.erb
chef/cookbooks/apache2/templates/default/mods/fastcgi.conf.erb
chef/cookbooks/apache2/templates/default/mods/fcgid.conf.erb
chef/cookbooks/apache2/templates/default/mods/include.conf.erb
chef/cookbooks/apache2/templates/default/mods/include.erb
chef/cookbooks/apache2/templates/default/mods/mime.conf.erb
chef/cookbooks/apache2/templates/default/mods/negotiation.conf.erb
chef/cookbooks/apache2/templates/default/mods/php5.conf.erb
chef/cookbooks/apache2/templates/default/mods/proxy.conf.erb
chef/cookbooks/apache2/templates/default/mods/setenvif.conf.erb
chef/cookbooks/apache2/templates/default/mods/ssl.conf.erb
chef/cookbooks/apache2/templates/default/mods/status.conf.erb
chef/cookbooks/apache2/templates/default/port_apache.erb
chef/cookbooks/apache2/templates/default/ports.conf.erb
chef/cookbooks/apache2/templates/default/security.erb
chef/cookbooks/apache2/templates/default/web_app.conf.erb
chef/cookbooks/apache2/test/features/alias_paths.feature
chef/cookbooks/apache2/test/features/authenticate_basic.feature
chef/cookbooks/apache2/test/features/authenticate_digest.feature
chef/cookbooks/apache2/test/features/authenticate_openid.feature
chef/cookbooks/apache2/test/features/authorize_groupfile.feature
chef/cookbooks/apache2/test/features/authorize_host.feature
chef/cookbooks/apache2/test/features/authorize_ldap.feature
chef/cookbooks/apache2/test/features/authorize_users.feature
chef/cookbooks/apache2/test/features/basic_web_app.feature
chef/cookbooks/apache2/test/features/basic_webserver.feature
chef/cookbooks/apache2/test/features/compress_server_response.feature
chef/cookbooks/apache2/test/features/control_caching.feature
chef/cookbooks/apache2/test/features/directory_listing.feature
chef/cookbooks/apache2/test/features/host_cgi_scripts.feature
chef/cookbooks/apache2/test/features/host_perl_applications.feature
chef/cookbooks/apache2/test/features/host_php_applications.feature
chef/cookbooks/apache2/test/features/host_python_applications.feature
chef/cookbooks/apache2/test/features/host_source_control_repositories.feature
chef/cookbooks/apache2/test/features/proxy_java_applications.feature
chef/cookbooks/apache2/test/features/secure_requests.feature
chef/cookbooks/apache2/test/features/step_definitions/svn_steps.rb
chef/cookbooks/apache2/test/features/step_definitions/webserver_steps.rb
chef/cookbooks/apache2/test/features/support/env.rb
chef/cookbooks/apache2/test/features/support_older_browsers.feature
chef/cookbooks/apache2/test/features/support/svn_helpers.rb
chef/cookbooks/apache2/test/features/support/web_helpers.rb
chef/cookbooks/apache2/test/kitchen/cookbooks/apache2_test/attributes/default.rb
chef/cookbooks/apache2/test/kitchen/cookbooks/apache2_test/files/default/ssl/ldap.example.com.pem
chef/cookbooks/apache2/test/kitchen/cookbooks/apache2_test/files/default/tests/minitest/modules_test.rb
chef/cookbooks/apache2/test/kitchen/cookbooks/apache2_test/files/default/tests/minitest/support/helpers.rb
chef/cookbooks/apache2/test/kitchen/cookbooks/apache2_test/metadata.rb
chef/cookbooks/apache2/test/kitchen/cookbooks/apache2_test/recipes/basic_web_app.rb
chef/cookbooks/apache2/test/kitchen/cookbooks/apache2_test/recipes/default.rb
chef/cookbooks/apache2/test/kitchen/cookbooks/apache2_test/recipes/god_monitor.rb
chef/cookbooks/apache2/test/kitchen/cookbooks/apache2_test/recipes/mod_auth_basic.rb
chef/cookbooks/apache2/test/kitchen/cookbooks/apache2_test/recipes/mod_auth_digest.rb
chef/cookbooks/apache2/test/kitchen/cookbooks/apache2_test/recipes/mod_authnz_ldap.rb
chef/cookbooks/apache2/test/kitchen/cookbooks/apache2_test/recipes/mod_auth_openid.rb
chef/cookbooks/apache2/test/kitchen/cookbooks/apache2_test/recipes/mod_authz_groupfile.rb
chef/cookbooks/apache2/test/kitchen/cookbooks/apache2_test/recipes/mod_authz_listed_host.rb
chef/cookbooks/apache2/test/kitchen/cookbooks/apache2_test/recipes/mod_authz_unlisted_host.rb
chef/cookbooks/apache2/test/kitchen/cookbooks/apache2_test/recipes/mod_authz_user.rb
chef/cookbooks/apache2/test/kitchen/cookbooks/apache2_test/recipes/mod_cgi.rb
chef/cookbooks/apache2/test/kitchen/cookbooks/apache2_test/recipes/mod_dav_svn.rb
chef/cookbooks/apache2/test/kitchen/cookbooks/apache2_test/recipes/mod_expires.rb
chef/cookbooks/apache2/test/kitchen/cookbooks/apache2_test/recipes/mod_perl.rb
chef/cookbooks/apache2/test/kitchen/cookbooks/apache2_test/recipes/mod_php5.rb
chef/cookbooks/apache2/test/kitchen/cookbooks/apache2_test/recipes/mod_proxy_ajp.rb
chef/cookbooks/apache2/test/kitchen/cookbooks/apache2_test/recipes/mod_python.rb
chef/cookbooks/apache2/test/kitchen/cookbooks/apache2_test/recipes/mod_ssl.rb
chef/cookbooks/apache2/test/kitchen/cookbooks/apache2_test/recipes/mod_status_remote.rb
chef/cookbooks/apache2/test/kitchen/cookbooks/apache2_test/recipes/modules.rb
chef/cookbooks/apache2/test/kitchen/cookbooks/apache2_test/recipes/setup.rb
chef/cookbooks/apache2/test/kitchen/cookbooks/apache2_test/templates/default/auth_basic.conf.erb
chef/cookbooks/apache2/test/kitchen/cookbooks/apache2_test/templates/default/auth_digest.conf.erb
chef/cookbooks/apache2/test/kitchen/cookbooks/apache2_test/templates/default/authnz_ldap.conf.erb
chef/cookbooks/apache2/test/kitchen/cookbooks/apache2_test/templates/default/auth_openid.conf.erb
chef/cookbooks/apache2/test/kitchen/cookbooks/apache2_test/templates/default/authz_groupfile.conf.erb
chef/cookbooks/apache2/test/kitchen/cookbooks/apache2_test/templates/default/authz_host.conf.erb
chef/cookbooks/apache2/test/kitchen/cookbooks/apache2_test/templates/default/authz_user.conf.erb
chef/cookbooks/apache2/test/kitchen/cookbooks/apache2_test/templates/default/cache_test.conf.erb
chef/cookbooks/apache2/test/kitchen/cookbooks/apache2_test/templates/default/entries.ldif.erb
chef/cookbooks/apache2/test/kitchen/cookbooks/apache2_test/templates/default/java_env.conf.erb
chef/cookbooks/apache2/test/kitchen/cookbooks/apache2_test/templates/default/perl_env.conf.erb
chef/cookbooks/apache2/test/kitchen/cookbooks/apache2_test/templates/default/php_env.conf.erb
chef/cookbooks/apache2/test/kitchen/cookbooks/apache2_test/templates/default/python_env.conf.erb
chef/cookbooks/apache2/test/kitchen/cookbooks/apache2_test/templates/default/ssl.conf.erb
chef/cookbooks/apache2/test/kitchen/cookbooks/apache2_test/templates/default/status.conf.erb
chef/cookbooks/apache2/test/kitchen/cookbooks/apache2_test/templates/default/svn_repo.conf.erb
chef/cookbooks/apache2/test/kitchen/cookbooks/Cheffile
chef/cookbooks/apache2/test/kitchen/Kitchenfile
chef/cookbooks/apt/attributes/default.rb
chef/cookbooks/apt/Berksfile
chef/cookbooks/apt/CHANGELOG.md
chef/cookbooks/apt/CONTRIBUTING
chef/cookbooks/apt/files/default/apt-proxy-v2.conf
chef/cookbooks/apt/.kitchen.yml
chef/cookbooks/apt/LICENSE
chef/cookbooks/apt/metadata.rb
chef/cookbooks/apt/providers/preference.rb
chef/cookbooks/apt/providers/repository.rb
chef/cookbooks/apt/recipes/cacher-client.rb
chef/cookbooks/apt/recipes/cacher-ng.rb
chef/cookbooks/apt/recipes/default.rb
chef/cookbooks/apt/resources/preference.rb
chef/cookbooks/apt/resources/repository.rb
chef/cookbooks/apt/spec/cacher-client_spec.rb
chef/cookbooks/apt/spec/cacher-ng_spec.rb
chef/cookbooks/apt/spec/default_spec.rb
chef/cookbooks/apt/spec/spec_helper.rb
chef/cookbooks/apt/templates/debian-6.0/acng.conf.erb
chef/cookbooks/apt/templates/default/01proxy.erb
chef/cookbooks/apt/templates/default/acng.conf.erb
chef/cookbooks/apt/templates/ubuntu-10.04/acng.conf.erb
chef/cookbooks/apt/test/cookbooks/apt_test/files/default/tests/minitest/cacher-client_test.rb
chef/cookbooks/apt/test/cookbooks/apt_test/files/default/tests/minitest/cacher-ng-client_test.rb
chef/cookbooks/apt/test/cookbooks/apt_test/files/default/tests/minitest/cacher-ng_test.rb
chef/cookbooks/apt/test/cookbooks/apt_test/files/default/tests/minitest/default_test.rb
chef/cookbooks/apt/test/cookbooks/apt_test/files/default/tests/minitest/lwrps_test.rb
chef/cookbooks/apt/test/cookbooks/apt_test/files/default/tests/minitest/support/helpers.rb
chef/cookbooks/apt/test/cookbooks/apt_test/metadata.rb
chef/cookbooks/apt/test/cookbooks/apt_test/recipes/cacher-client.rb
chef/cookbooks/apt/test/cookbooks/apt_test/recipes/cacher-ng-client.rb
chef/cookbooks/apt/test/cookbooks/apt_test/recipes/cacher-ng.rb
chef/cookbooks/apt/test/cookbooks/apt_test/recipes/default.rb
chef/cookbooks/apt/test/cookbooks/apt_test/recipes/lwrps.rb
chef/cookbooks/apt/TESTING.md
chef/cookbooks/aws/attributes/default.rb
chef/cookbooks/aws/CHANGELOG.md
chef/cookbooks/aws/CONTRIBUTING
chef/cookbooks/aws/libraries/ec2.rb
chef/cookbooks/aws/LICENSE
chef/cookbooks/aws/metadata.rb
chef/cookbooks/aws/providers/ebs_raid.rb
chef/cookbooks/aws/providers/ebs_volume.rb
chef/cookbooks/aws/providers/elastic_ip.rb
chef/cookbooks/aws/providers/elastic_lb.rb
chef/cookbooks/aws/providers/resource_tag.rb
chef/cookbooks/aws/providers/s3_file.rb
chef/cookbooks/aws/recipes/default.rb
chef/cookbooks/aws/resources/ebs_raid.rb
chef/cookbooks/aws/resources/ebs_volume.rb
chef/cookbooks/aws/resources/elastic_ip.rb
chef/cookbooks/aws/resources/elastic_lb.rb
chef/cookbooks/aws/resources/resource_tag.rb
chef/cookbooks/aws/resources/s3_file.rb
chef/cookbooks/build-essential/attributes/default.rb
chef/cookbooks/build-essential/Berksfile
chef/cookbooks/build-essential/CHANGELOG.md
chef/cookbooks/build-essential/CONTRIBUTING
chef/cookbooks/build-essential/.kitchen.yml
chef/cookbooks/build-essential/LICENSE
chef/cookbooks/build-essential/metadata.rb
chef/cookbooks/build-essential/recipes/debian.rb
chef/cookbooks/build-essential/recipes/default.rb
chef/cookbooks/build-essential/recipes/fedora.rb
chef/cookbooks/build-essential/recipes/mac_os_x.rb
chef/cookbooks/build-essential/recipes/omnios.rb
chef/cookbooks/build-essential/recipes/rhel.rb
chef/cookbooks/build-essential/recipes/smartos.rb
chef/cookbooks/build-essential/recipes/solaris2.rb
chef/cookbooks/build-essential/recipes/suse.rb
chef/cookbooks/build-essential/TESTING.md
chef/cookbooks/chef_handler/attributes/default.rb
chef/cookbooks/chef_handler/CHANGELOG.md
chef/cookbooks/chef_handler/CONTRIBUTING
chef/cookbooks/chef_handler/LICENSE
chef/cookbooks/chef_handler/metadata.rb
chef/cookbooks/chef_handler/providers/default.rb
chef/cookbooks/chef_handler/recipes/default.rb
chef/cookbooks/chef_handler/recipes/json_file.rb
chef/cookbooks/chef_handler/resources/default.rb
chef/cookbooks/collectd/attributes/default.rb
chef/cookbooks/collectd/definitions/collectd_plugin.rb
chef/cookbooks/collectd/files/default/kairosdb_writer.py
chef/cookbooks/collectd/files/default/rabbitmq_info.py
chef/cookbooks/collectd/libraries/default.rb
chef/cookbooks/collectd/metadata.rb
chef/cookbooks/collectd/recipes/client.rb
chef/cookbooks/collectd/recipes/collectd_web.rb
chef/cookbooks/collectd/recipes/default.rb
chef/cookbooks/collectd/recipes/kairosdb.rb
chef/cookbooks/collectd/recipes/rabbitmq.rb
chef/cookbooks/collectd/recipes/server.rb
chef/cookbooks/collectd/templates/default/collectd.conf.erb
chef/cookbooks/collectd/templates/default/collectd_web.conf.erb
chef/cookbooks/collectd/templates/default/collection.conf.erb
chef/cookbooks/collectd/templates/default/plugin.conf.erb
chef/cookbooks/collectd/templates/default/python_plugin.conf.erb
chef/cookbooks/collectd/templates/default/thresholds.conf.erb
chef/cookbooks/cpu/attributes/default.rb
chef/cookbooks/cpu/libraries/default.rb
chef/cookbooks/cpu/metadata.json
chef/cookbooks/cpu/metadata.rb
chef/cookbooks/cpu/providers/affinity.rb
chef/cookbooks/cpu/providers/nice.rb
chef/cookbooks/cpu/recipes/affinity.rb
chef/cookbooks/cpu/recipes/default.rb
chef/cookbooks/cpu/recipes/governor.rb
chef/cookbooks/cpu/resources/affinity.rb
chef/cookbooks/cpu/resources/nice.rb
chef/cookbooks/database/CHANGELOG.md
chef/cookbooks/database/CONTRIBUTING
chef/cookbooks/database/libraries/provider_database_mysql.rb
chef/cookbooks/database/libraries/provider_database_mysql_user.rb
chef/cookbooks/database/libraries/provider_database_postgresql.rb
chef/cookbooks/database/libraries/provider_database_postgresql_user.rb
chef/cookbooks/database/libraries/provider_database_sql_server.rb
chef/cookbooks/database/libraries/provider_database_sql_server_user.rb
chef/cookbooks/database/libraries/resource_database.rb
chef/cookbooks/database/libraries/resource_database_user.rb
chef/cookbooks/database/libraries/resource_mysql_database.rb
chef/cookbooks/database/libraries/resource_mysql_database_user.rb
chef/cookbooks/database/libraries/resource_postgresql_database.rb
chef/cookbooks/database/libraries/resource_postgresql_database_user.rb
chef/cookbooks/database/libraries/resource_sql_server_database.rb
chef/cookbooks/database/libraries/resource_sql_server_database_user.rb
chef/cookbooks/database/LICENSE
chef/cookbooks/database/metadata.rb
chef/cookbooks/database/recipes/default.rb
chef/cookbooks/database/recipes/ebs_backup.rb
chef/cookbooks/database/recipes/ebs_volume.rb
chef/cookbooks/database/recipes/master.rb
chef/cookbooks/database/recipes/mysql.rb
chef/cookbooks/database/recipes/postgresql.rb
chef/cookbooks/database/recipes/snapshot.rb
chef/cookbooks/database/templates/default/app_grants.sql.erb
chef/cookbooks/database/templates/default/aws_config.erb
chef/cookbooks/database/templates/default/chef-solo-database-snapshot.cron.erb
chef/cookbooks/database/templates/default/chef-solo-database-snapshot.json.erb
chef/cookbooks/database/templates/default/chef-solo-database-snapshot.rb.erb
chef/cookbooks/database/templates/default/ebs-backup-cron.erb
chef/cookbooks/database/templates/default/ebs-db-backup.sh.erb
chef/cookbooks/database/templates/default/ebs-db-restore.sh.erb
chef/cookbooks/database/templates/default/s3cfg.erb
chef/cookbooks/dmg/attributes/default.rb
chef/cookbooks/dmg/CHANGELOG.md
chef/cookbooks/dmg/CONTRIBUTING
chef/cookbooks/dmg/LICENSE
chef/cookbooks/dmg/metadata.rb
chef/cookbooks/dmg/providers/package.rb
chef/cookbooks/dmg/recipes/default.rb
chef/cookbooks/dmg/resources/package.rb
chef/cookbooks/erlang/attributes/default.rb
chef/cookbooks/erlang/Berksfile
chef/cookbooks/erlang/CHANGELOG.md
chef/cookbooks/erlang/chefignore
chef/cookbooks/erlang/CONTRIBUTING.md
chef/cookbooks/erlang/files/default/tests/minitest/default_test.rb
chef/cookbooks/erlang/files/default/tests/minitest/esl_test.rb
chef/cookbooks/erlang/files/default/tests/minitest/gui_tools_test.rb
chef/cookbooks/erlang/files/default/tests/minitest/support/helpers.rb
chef/cookbooks/erlang/.kitchen.yml
chef/cookbooks/erlang/LICENSE
chef/cookbooks/erlang/metadata.rb
chef/cookbooks/erlang/recipes/default.rb
chef/cookbooks/erlang/recipes/esl.rb
chef/cookbooks/erlang/recipes/package.rb
chef/cookbooks/erlang/recipes/source.rb
chef/cookbooks/erlang/TESTING.md
chef/cookbooks/git/attributes/default.rb
chef/cookbooks/git/Berksfile
chef/cookbooks/git/CHANGELOG.md
chef/cookbooks/git/CONTRIBUTING
chef/cookbooks/git/Gemfile
chef/cookbooks/git/.kitchen.yml
chef/cookbooks/git/LICENSE
chef/cookbooks/git/metadata.rb
chef/cookbooks/git/recipes/default.rb
chef/cookbooks/git/recipes/server.rb
chef/cookbooks/git/recipes/source.rb
chef/cookbooks/git/recipes/windows.rb
chef/cookbooks/git/templates/default/git-xinetd.d.erb
chef/cookbooks/git/templates/default/sv-git-daemon-log-run.erb
chef/cookbooks/git/templates/default/sv-git-daemon-run.erb
chef/cookbooks/git/TESTING.md
chef/cookbooks/haproxy/attributes/default.rb
chef/cookbooks/haproxy/CHANGELOG.md
chef/cookbooks/haproxy/files/default/haproxy-default
chef/cookbooks/haproxy/libraries/default.rb
chef/cookbooks/haproxy/metadata.json
chef/cookbooks/haproxy/metadata.rb
chef/cookbooks/haproxy/providers/lb.rb
chef/cookbooks/haproxy/recipes/app_lb.rb
chef/cookbooks/haproxy/recipes/default.rb
chef/cookbooks/haproxy/recipes/install_package.rb
chef/cookbooks/haproxy/recipes/install_source.rb
chef/cookbooks/haproxy/recipes/tcp_lb.rb
chef/cookbooks/haproxy/recipes/tuning.rb
chef/cookbooks/haproxy/resources/lb.rb
chef/cookbooks/haproxy/templates/default/haproxy.cfg.erb
chef/cookbooks/haproxy/templates/default/haproxy-init.erb
chef/cookbooks/iptables/CHANGELOG.md
chef/cookbooks/iptables/CONTRIBUTING
chef/cookbooks/iptables/definitions/iptables_rule.rb
chef/cookbooks/iptables/files/default/rebuild-iptables
chef/cookbooks/iptables/LICENSE
chef/cookbooks/iptables/metadata.json
chef/cookbooks/iptables/metadata.rb
chef/cookbooks/iptables/recipes/default.rb
chef/cookbooks/iptables/recipes/disabled.rb
chef/cookbooks/iptables/templates/default/all_established.erb
chef/cookbooks/iptables/templates/default/all_icmp.erb
chef/cookbooks/iptables/templates/default/iptables_load.erb
chef/cookbooks/keepalived/attributes/default.rb
chef/cookbooks/keepalived/CHANGELOG.md
chef/cookbooks/keepalived/metadata.json
chef/cookbooks/keepalived/metadata.rb
chef/cookbooks/keepalived/recipes/default.rb
chef/cookbooks/keepalived/templates/default/keepalived.conf.erb
chef/cookbooks/lvm/Berksfile
chef/cookbooks/lvm/CHANGELOG.md
chef/cookbooks/lvm/CONTRIBUTING.md
chef/cookbooks/lvm/Gemfile
chef/cookbooks/lvm/.kitchen.yml
chef/cookbooks/lvm/libraries/provider_lvm_logical_volume.rb
chef/cookbooks/lvm/libraries/provider_lvm_physical_volume.rb
chef/cookbooks/lvm/libraries/provider_lvm_volume_group.rb
chef/cookbooks/lvm/libraries/resource_lvm_logical_volume.rb
chef/cookbooks/lvm/libraries/resource_lvm_physical_volume.rb
chef/cookbooks/lvm/libraries/resource_lvm_volume_group.rb
chef/cookbooks/lvm/LICENSE
chef/cookbooks/lvm/metadata.rb
chef/cookbooks/lvm/recipes/default.rb
chef/cookbooks/lvm/.rubocop.yml
chef/cookbooks/lvm/spec/default_spec.rb
chef/cookbooks/lvm/spec/spec_helper.rb
chef/cookbooks/lvm/test/fixtures/cookbooks/fake/libraries/helper.rb
chef/cookbooks/lvm/test/fixtures/cookbooks/fake/metadata.rb
chef/cookbooks/lvm/test/fixtures/cookbooks/fake/recipes/create.rb
chef/cookbooks/lvm/TESTING.md
chef/cookbooks/lvm/test/integration/create/bats/verify_created.bats
chef/cookbooks/lvm/.travis.yml
chef/cookbooks/memcached/attributes/default.rb
chef/cookbooks/memcached/Berksfile
chef/cookbooks/memcached/CHANGELOG.md
chef/cookbooks/memcached/CONTRIBUTING
chef/cookbooks/memcached/definitions/memcached_instance.rb
chef/cookbooks/memcached/Gemfile
chef/cookbooks/memcached/.kitchen.yml
chef/cookbooks/memcached/LICENSE
chef/cookbooks/memcached/metadata.rb
chef/cookbooks/memcached/recipes/default.rb
chef/cookbooks/memcached/templates/default/memcached.conf.erb
chef/cookbooks/memcached/templates/default/memcached.default.erb
chef/cookbooks/memcached/templates/default/memcached.sysconfig.redhat.erb
chef/cookbooks/memcached/templates/default/memcached.sysconfig.suse.erb
chef/cookbooks/memcached/templates/default/sv-memcached-log-run.erb
chef/cookbooks/memcached/templates/default/sv-memcached-run.erb
chef/cookbooks/memcached/test/cookbooks/memcached_test/metadata.rb
chef/cookbooks/memcached/test/cookbooks/memcached_test/recipes/default.rb
chef/cookbooks/memcached/test/cookbooks/memcached_test/recipes/instance.rb
chef/cookbooks/memcached/TESTING.md
chef/cookbooks/mysql/attributes/client.rb
chef/cookbooks/mysql/attributes/percona_repo.rb
chef/cookbooks/mysql/attributes/server.rb
chef/cookbooks/mysql/Berksfile
chef/cookbooks/mysql/CHANGELOG.md
chef/cookbooks/mysql/CONTRIBUTING
chef/cookbooks/mysql/.kitchen.yml
chef/cookbooks/mysql/libraries/helpers.rb
chef/cookbooks/mysql/LICENSE
chef/cookbooks/mysql/metadata.rb
chef/cookbooks/mysql/recipes/client.rb
chef/cookbooks/mysql/recipes/default.rb
chef/cookbooks/mysql/recipes/percona_repo.rb
chef/cookbooks/mysql/recipes/ruby.rb
chef/cookbooks/mysql/recipes/server_ec2.rb
chef/cookbooks/mysql/recipes/server.rb
chef/cookbooks/mysql/templates/default/debian.cnf.erb
chef/cookbooks/mysql/templates/default/grants.sql.erb
chef/cookbooks/mysql/templates/default/my.cnf.erb
chef/cookbooks/mysql/templates/default/mysql-server.seed.erb
chef/cookbooks/mysql/templates/default/port_mysql.erb
chef/cookbooks/mysql/templates/windows/my.cnf.erb
chef/cookbooks/mysql/test/cookbooks/mysql_test/attributes/default.rb
chef/cookbooks/mysql/test/cookbooks/mysql_test/files/default/tests/minitest/server_test.rb
chef/cookbooks/mysql/test/cookbooks/mysql_test/files/default/tests/minitest/support/helpers.rb
chef/cookbooks/mysql/test/cookbooks/mysql_test/metadata.rb
chef/cookbooks/mysql/test/cookbooks/mysql_test/recipes/client.rb
chef/cookbooks/mysql/test/cookbooks/mysql_test/recipes/server.rb
chef/cookbooks/mysql/test/features/query_database.feature
chef/cookbooks/mysql/test/features/step_definitions/mysql_steps.rb
chef/cookbooks/mysql/test/features/support/env.rb
chef/cookbooks/mysql/test/features/support/mysql_helpers.rb
chef/cookbooks/mysql/TESTING.md
chef/cookbooks/net/attributes/default.rb
chef/cookbooks/net/Berksfile
chef/cookbooks/net/Berksfile.lock
chef/cookbooks/net/Gemfile
chef/cookbooks/net/Gemfile.lock
chef/cookbooks/net/LICENSE
chef/cookbooks/net/metadata.rb
chef/cookbooks/net/providers/ip.rb
chef/cookbooks/net/providers/nic.rb
chef/cookbooks/net/recipes/default.rb
chef/cookbooks/net/resources/ip.rb
chef/cookbooks/net/resources/nic.rb
chef/cookbooks/net/templates/default/ifcfg.erb
chef/cookbooks/net/.travis.yml
chef/cookbooks/nodejs/attributes/default.rb
chef/cookbooks/nodejs/Berksfile
chef/cookbooks/nodejs/CHANGELOG.md
chef/cookbooks/nodejs/Gemfile
chef/cookbooks/nodejs/.kitchen.yml
chef/cookbooks/nodejs/metadata.rb
chef/cookbooks/nodejs/Rakefile
chef/cookbooks/nodejs/recipes/default.rb
chef/cookbooks/nodejs/recipes/install_from_binary.rb
chef/cookbooks/nodejs/recipes/install_from_package.rb
chef/cookbooks/nodejs/recipes/install_from_source.rb
chef/cookbooks/nodejs/recipes/npm.rb
chef/cookbooks/nodejs/test/integration/package/bats/package.bats
chef/cookbooks/nodejs/test/integration/source/bats/source.bats
chef/cookbooks/nodejs/test/support/Gemfile
chef/cookbooks/nodejs/.travis.yml
chef/cookbooks/ntp/attributes/default.rb
chef/cookbooks/ntp/attributes/ntpdate.rb
chef/cookbooks/ntp/Berksfile
chef/cookbooks/ntp/CHANGELOG.md
chef/cookbooks/ntp/chefignore
chef/cookbooks/ntp/CONTRIBUTING
chef/cookbooks/ntp/files/default/ntp.ini
chef/cookbooks/ntp/files/default/ntp.leapseconds
chef/cookbooks/ntp/files/default/tests/minitest/default_test.rb
chef/cookbooks/ntp/files/default/tests/minitest/disable_test.rb
chef/cookbooks/ntp/files/default/tests/minitest/ntpdate_test.rb
chef/cookbooks/ntp/files/default/tests/minitest/support/helpers.rb
chef/cookbooks/ntp/files/default/tests/minitest/undo_test.rb
chef/cookbooks/ntp/Gemfile
chef/cookbooks/ntp/Guardfile
chef/cookbooks/ntp/.kitchen.yml
chef/cookbooks/ntp/LICENSE
chef/cookbooks/ntp/metadata.rb
chef/cookbooks/ntp/Rakefile
chef/cookbooks/ntp/recipes/default.rb
chef/cookbooks/ntp/recipes/disable.rb
chef/cookbooks/ntp/recipes/ntpdate.rb
chef/cookbooks/ntp/recipes/undo.rb
chef/cookbooks/ntp/recipes/windows_client.rb
chef/cookbooks/ntp/spec/spec_helper.rb
chef/cookbooks/ntp/spec/unit/recipes/default_spec.rb
chef/cookbooks/ntp/spec/unit/recipes/disable_spec.rb
chef/cookbooks/ntp/spec/unit/recipes/ntpdate_spec.rb
chef/cookbooks/ntp/spec/unit/recipes/undo_spec.rb
chef/cookbooks/ntp/spec/unit/recipes/windows_client_spec.rb
chef/cookbooks/ntp/.tailor
chef/cookbooks/ntp/templates/default/ntp.conf.erb
chef/cookbooks/ntp/templates/default/ntpdate.erb
chef/cookbooks/ntp/TESTING.md
chef/cookbooks/ntp/test/ntp/attributes_spec.rb
chef/cookbooks/ntp/test/support/spec_helper.rb
chef/cookbooks/ntp/.travis.yml
chef/cookbooks/ohai/attributes/default.rb
chef/cookbooks/ohai/CHANGELOG.md
chef/cookbooks/ohai/CONTRIBUTING
chef/cookbooks/ohai/LICENSE
chef/cookbooks/ohai/metadata.rb
chef/cookbooks/ohai/recipes/default.rb
chef/cookbooks/openssh/attributes/default.rb
chef/cookbooks/openssh/CHANGELOG.md
chef/cookbooks/openssh/metadata.json
chef/cookbooks/openssh/metadata.rb
chef/cookbooks/openssh/recipes/default.rb
chef/cookbooks/openssh/recipes/iptables.rb
chef/cookbooks/openssh/templates/default/port_ssh.erb
chef/cookbooks/openssh/templates/default/ssh_config.erb
chef/cookbooks/openssh/templates/default/sshd_config.erb
chef/cookbooks/openssl/CHANGELOG.md
chef/cookbooks/openssl/CONTRIBUTING
chef/cookbooks/openssl/libraries/secure_password.rb
chef/cookbooks/openssl/LICENSE
chef/cookbooks/openssl/metadata.json
chef/cookbooks/openssl/metadata.rb
chef/cookbooks/openssl/recipes/default.rb
chef/cookbooks/openstack-block-storage/attributes/default.rb
chef/cookbooks/openstack-block-storage/Berksfile
chef/cookbooks/openstack-block-storage/Berksfile.lock
chef/cookbooks/openstack-block-storage/CHANGELOG.md
chef/cookbooks/openstack-block-storage/files/default/cinder-volumes.sh
chef/cookbooks/openstack-block-storage/Gemfile
chef/cookbooks/openstack-block-storage/Gemfile.lock
chef/cookbooks/openstack-block-storage/metadata.rb
chef/cookbooks/openstack-block-storage/providers/volume.rb
chef/cookbooks/openstack-block-storage/providers/.volume.rb.swp
chef/cookbooks/openstack-block-storage/recipes/api.rb
chef/cookbooks/openstack-block-storage/recipes/cinder-common.rb
chef/cookbooks/openstack-block-storage/recipes/default.rb
chef/cookbooks/openstack-block-storage/recipes/identity_registration.rb
chef/cookbooks/openstack-block-storage/recipes/scheduler.rb
chef/cookbooks/openstack-block-storage/recipes/test.rb
chef/cookbooks/openstack-block-storage/recipes/volume.rb
chef/cookbooks/openstack-block-storage/resources/volume.rb
chef/cookbooks/openstack-block-storage/spec/api-opensuse_spec.rb
chef/cookbooks/openstack-block-storage/spec/api-redhat_spec.rb
chef/cookbooks/openstack-block-storage/spec/api_spec.rb
chef/cookbooks/openstack-block-storage/spec/cinder_common-opensuse_spec.rb
chef/cookbooks/openstack-block-storage/spec/cinder_common-redhat_spec.rb
chef/cookbooks/openstack-block-storage/spec/cinder_common_spec.rb
chef/cookbooks/openstack-block-storage/spec/default_spec.rb
chef/cookbooks/openstack-block-storage/spec/identity_registration_spec.rb
chef/cookbooks/openstack-block-storage/spec/scheduler-opensuse_spec.rb
chef/cookbooks/openstack-block-storage/spec/scheduler-redhat_spec.rb
chef/cookbooks/openstack-block-storage/spec/scheduler_spec.rb
chef/cookbooks/openstack-block-storage/spec/spec_helper.rb
chef/cookbooks/openstack-block-storage/spec/volume-opensuse_spec.rb
chef/cookbooks/openstack-block-storage/spec/volume-redhat_spec.rb
chef/cookbooks/openstack-block-storage/spec/volume_spec.rb
chef/cookbooks/openstack-block-storage/Strainerfile
chef/cookbooks/openstack-block-storage/.tailor
chef/cookbooks/openstack-block-storage/templates/default/api-paste.ini.erb
chef/cookbooks/openstack-block-storage/templates/default/cinder.conf.erb
chef/cookbooks/openstack-block-storage/templates/default/cinder_volumes.sh.erb
chef/cookbooks/openstack-block-storage/templates/default/policy.json.erb
chef/cookbooks/openstack-block-storage/templates/default/shares.conf.erb
chef/cookbooks/openstack-block-storage/templates/default/targets.conf.erb
chef/cookbooks/openstack-common/attributes/default.rb
chef/cookbooks/openstack-common/Berksfile
chef/cookbooks/openstack-common/CHANGELOG.md
chef/cookbooks/openstack-common/Gemfile
chef/cookbooks/openstack-common/Gemfile.lock
chef/cookbooks/openstack-common/libraries/database.rb
chef/cookbooks/openstack-common/libraries/endpoints.rb
chef/cookbooks/openstack-common/libraries/network.rb
chef/cookbooks/openstack-common/libraries/parse.rb
chef/cookbooks/openstack-common/libraries/passwords.rb
chef/cookbooks/openstack-common/libraries/search.rb
chef/cookbooks/openstack-common/libraries/uri.rb
chef/cookbooks/openstack-common/LICENSE
chef/cookbooks/openstack-common/metadata.rb
chef/cookbooks/openstack-common/recipes/databag.rb
chef/cookbooks/openstack-common/recipes/default.rb
chef/cookbooks/openstack-common/recipes/environ.rb
chef/cookbooks/openstack-common/recipes/logging.rb
chef/cookbooks/openstack-common/spec/database_spec.rb
chef/cookbooks/openstack-common/spec/default_spec.rb
chef/cookbooks/openstack-common/spec/default-suse_spec.rb
chef/cookbooks/openstack-common/spec/endpoints_spec.rb
chef/cookbooks/openstack-common/spec/logging_spec.rb
chef/cookbooks/openstack-common/spec/network_spec.rb
chef/cookbooks/openstack-common/spec/parse_spec.rb
chef/cookbooks/openstack-common/spec/password_spec.rb
chef/cookbooks/openstack-common/spec/search_spec.rb
chef/cookbooks/openstack-common/spec/spec_helper.rb
chef/cookbooks/openstack-common/spec/uri_spec.rb
chef/cookbooks/openstack-common/Strainerfile
chef/cookbooks/openstack-common/.tailor
chef/cookbooks/openstack-common/templates/default/logging.conf.erb
chef/cookbooks/openstack-compute/attributes/default.rb
chef/cookbooks/openstack-compute/Berksfile
chef/cookbooks/openstack-compute/Berksfile.lock
chef/cookbooks/openstack-compute/files/default/add_floaters.py
chef/cookbooks/openstack-compute/files/default/nova-compute.conf
chef/cookbooks/openstack-compute/files/default/nova_plugin.py
chef/cookbooks/openstack-compute/files/default/policy.json
chef/cookbooks/openstack-compute/Gemfile
chef/cookbooks/openstack-compute/Gemfile.lock
chef/cookbooks/openstack-compute/metadata.rb
chef/cookbooks/openstack-compute/recipes/api-ec2.rb
chef/cookbooks/openstack-compute/recipes/api-metadata.rb
chef/cookbooks/openstack-compute/recipes/api-os-compute.rb
chef/cookbooks/openstack-compute/recipes/compute.rb
chef/cookbooks/openstack-compute/recipes/conductor.rb
chef/cookbooks/openstack-compute/recipes/default.rb
chef/cookbooks/openstack-compute/recipes/identity_registration.rb
chef/cookbooks/openstack-compute/recipes/libvirt.rb
chef/cookbooks/openstack-compute/recipes/network.rb
chef/cookbooks/openstack-compute/recipes/nova-cert.rb
chef/cookbooks/openstack-compute/recipes/nova-common.rb
chef/cookbooks/openstack-compute/recipes/nova-setup.rb
chef/cookbooks/openstack-compute/recipes/scheduler.rb
chef/cookbooks/openstack-compute/recipes/vncproxy.rb
chef/cookbooks/openstack-compute/spec/api-ec2-redhat_spec.rb
chef/cookbooks/openstack-compute/spec/api-ec2_spec.rb
chef/cookbooks/openstack-compute/spec/api-metadata-redhat_spec.rb
chef/cookbooks/openstack-compute/spec/api-metadata_spec.rb
chef/cookbooks/openstack-compute/spec/api-os-compute-redhat_spec.rb
chef/cookbooks/openstack-compute/spec/api-os-compute_spec.rb
chef/cookbooks/openstack-compute/spec/compute-opensuse_spec.rb
chef/cookbooks/openstack-compute/spec/compute-redhat_spec.rb
chef/cookbooks/openstack-compute/spec/compute_spec.rb
chef/cookbooks/openstack-compute/spec/conductor_redhat_spec.rb
chef/cookbooks/openstack-compute/spec/conductor_spec.rb
chef/cookbooks/openstack-compute/spec/default_spec.rb
chef/cookbooks/openstack-compute/spec/identity_registration_spec.rb
chef/cookbooks/openstack-compute/spec/libvirt-opensuse_spec.rb
chef/cookbooks/openstack-compute/spec/libvirt-redhat_spec.rb
chef/cookbooks/openstack-compute/spec/libvirt_spec.rb
chef/cookbooks/openstack-compute/spec/network-redhat_spec.rb
chef/cookbooks/openstack-compute/spec/network_spec.rb
chef/cookbooks/openstack-compute/spec/nova-cert-redhat_spec.rb
chef/cookbooks/openstack-compute/spec/nova-cert_spec.rb
chef/cookbooks/openstack-compute/spec/nova-common-redhat_spec.rb
chef/cookbooks/openstack-compute/spec/nova-common_spec.rb
chef/cookbooks/openstack-compute/spec/nova-setup_spec.rb
chef/cookbooks/openstack-compute/spec/scheduler-redhat_spec.rb
chef/cookbooks/openstack-compute/spec/scheduler_spec.rb
chef/cookbooks/openstack-compute/spec/spec_helper.rb
chef/cookbooks/openstack-compute/spec/vncproxy-redhat_spec.rb
chef/cookbooks/openstack-compute/spec/vncproxy_spec.rb
chef/cookbooks/openstack-compute/Strainerfile
chef/cookbooks/openstack-compute/.tailor
chef/cookbooks/openstack-compute/templates/default/api-paste.ini.erb
chef/cookbooks/openstack-compute/templates/default/collectd-plugin-mysql.conf.erb
chef/cookbooks/openstack-compute/templates/default/libvirt-bin.erb
chef/cookbooks/openstack-compute/templates/default/libvirtd.conf.erb
chef/cookbooks/openstack-compute/templates/default/libvirtd.erb
chef/cookbooks/openstack-compute/templates/default/nova.conf.erb
chef/cookbooks/openstack-compute/templates/default/openrc.erb
chef/cookbooks/openstack-compute/templates/default/rootwrap.conf.erb
chef/cookbooks/openstack-compute/templates/default/rootwrap.d/api-metadata.filters.erb
chef/cookbooks/openstack-compute/templates/default/rootwrap.d/compute.filters.erb
chef/cookbooks/openstack-compute/templates/default/rootwrap.d/network.filters.erb
chef/cookbooks/openstack-dashboard/attributes/default.rb
chef/cookbooks/openstack-dashboard/Berksfile
chef/cookbooks/openstack-dashboard/files/default/css/folsom.css
chef/cookbooks/openstack-dashboard/files/default/horizon.key
chef/cookbooks/openstack-dashboard/files/default/horizon.pem
chef/cookbooks/openstack-dashboard/Gemfile
chef/cookbooks/openstack-dashboard/Gemfile.lock
chef/cookbooks/openstack-dashboard/metadata.rb
chef/cookbooks/openstack-dashboard/recipes/default.rb
chef/cookbooks/openstack-dashboard/recipes/server.rb
chef/cookbooks/openstack-dashboard/spec/default_spec.rb
chef/cookbooks/openstack-dashboard/spec/server-fedora_spec.rb
chef/cookbooks/openstack-dashboard/spec/server-opensuse_spec.rb
chef/cookbooks/openstack-dashboard/spec/server-redhat_spec.rb
chef/cookbooks/openstack-dashboard/spec/server_spec.rb
chef/cookbooks/openstack-dashboard/spec/spec_helper.rb
chef/cookbooks/openstack-dashboard/Strainerfile
chef/cookbooks/openstack-dashboard/.tailor
chef/cookbooks/openstack-dashboard/templates/default/dash-site.erb
chef/cookbooks/openstack-dashboard/templates/default/default_stylesheets.html.erb
chef/cookbooks/openstack-dashboard/templates/default/local_settings.py.erb
chef/cookbooks/openstack-dashboard/templates/default/rs_stylesheets.html.erb
chef/cookbooks/openstack-identity/attributes/default.rb
chef/cookbooks/openstack-identity/Berksfile
chef/cookbooks/openstack-identity/Berksfile.lock
chef/cookbooks/openstack-identity/files/default/keystone_plugin.py
chef/cookbooks/openstack-identity/Gemfile
chef/cookbooks/openstack-identity/Gemfile.lock
chef/cookbooks/openstack-identity/metadata.rb
chef/cookbooks/openstack-identity/providers/register.rb
chef/cookbooks/openstack-identity/recipes/default.rb
chef/cookbooks/openstack-identity/recipes/registration.rb
chef/cookbooks/openstack-identity/recipes/server.rb
chef/cookbooks/openstack-identity/resources/register.rb
chef/cookbooks/openstack-identity/spec/default_spec.rb
chef/cookbooks/openstack-identity/spec/register_spec.rb
chef/cookbooks/openstack-identity/spec/server-opensuse_spec.rb
chef/cookbooks/openstack-identity/spec/server-redhat_spec.rb
chef/cookbooks/openstack-identity/spec/server_spec.rb
chef/cookbooks/openstack-identity/spec/spec_helper.rb
chef/cookbooks/openstack-identity/Strainerfile
chef/cookbooks/openstack-identity/.tailor
chef/cookbooks/openstack-identity/templates/default/default_catalog.templates.erb
chef/cookbooks/openstack-identity/templates/default/keystone.conf.erb
chef/cookbooks/openstack-image/attributes/default.rb
chef/cookbooks/openstack-image/Berksfile
chef/cookbooks/openstack-image/Berksfile.lock
chef/cookbooks/openstack-image/files/default/glance_plugin.py
chef/cookbooks/openstack-image/files/default/images/cirros-0.3.1-i386-disk.img
chef/cookbooks/openstack-image/files/default/images/cirros-0.3.1-x86_64-disk.img
chef/cookbooks/openstack-image/Gemfile
chef/cookbooks/openstack-image/Gemfile.lock
chef/cookbooks/openstack-image/metadata.rb
chef/cookbooks/openstack-image/providers/image.rb
chef/cookbooks/openstack-image/recipes/api.rb
chef/cookbooks/openstack-image/recipes/identity_registration.rb
chef/cookbooks/openstack-image/recipes/registry.rb
chef/cookbooks/openstack-image/resources/image.rb
chef/cookbooks/openstack-image/spec/api-redhat_spec.rb
chef/cookbooks/openstack-image/spec/api_spec.rb
chef/cookbooks/openstack-image/spec/default_spec.rb
chef/cookbooks/openstack-image/spec/identity_registration_spec.rb
chef/cookbooks/openstack-image/spec/registry-redhat_spec.rb
chef/cookbooks/openstack-image/spec/registry_spec.rb
chef/cookbooks/openstack-image/spec/spec_helper.rb
chef/cookbooks/openstack-image/Strainerfile
chef/cookbooks/openstack-image/.tailor
chef/cookbooks/openstack-image/templates/default/glance-api.conf.erb
chef/cookbooks/openstack-image/templates/default/glance-api-paste.ini.erb
chef/cookbooks/openstack-image/templates/default/glance-cache.conf.erb
chef/cookbooks/openstack-image/templates/default/glance-cache-paste.ini.erb
chef/cookbooks/openstack-image/templates/default/glance-registry.conf.erb
chef/cookbooks/openstack-image/templates/default/glance-registry-paste.ini.erb
chef/cookbooks/openstack-image/templates/default/glance-scrubber.conf.erb
chef/cookbooks/openstack-image/templates/default/glance-scrubber-paste.ini.erb
chef/cookbooks/openstack-image/templates/default/policy.json.erb
chef/cookbooks/openstack-image/templates/default/tinyimage.sh.erb
chef/cookbooks/openstack-metering/attributes/default.rb
chef/cookbooks/openstack-metering/Berksfile
chef/cookbooks/openstack-metering/Berksfile.lock
chef/cookbooks/openstack-metering/CHANGELOG.md
chef/cookbooks/openstack-metering/files/default/policy.json
chef/cookbooks/openstack-metering/Gemfile
chef/cookbooks/openstack-metering/Gemfile.lock
chef/cookbooks/openstack-metering/metadata.rb
chef/cookbooks/openstack-metering/recipes/agent-central.rb
chef/cookbooks/openstack-metering/recipes/agent-compute.rb
chef/cookbooks/openstack-metering/recipes/api.rb
chef/cookbooks/openstack-metering/recipes/collector.rb
chef/cookbooks/openstack-metering/recipes/common.rb
chef/cookbooks/openstack-metering/recipes/identity_registration.rb
chef/cookbooks/openstack-metering/spec/agent-central-opensuse_spec.rb
chef/cookbooks/openstack-metering/spec/agent-central_spec.rb
chef/cookbooks/openstack-metering/spec/agent-compute-opensuse_spec.rb
chef/cookbooks/openstack-metering/spec/agent-compute_spec.rb
chef/cookbooks/openstack-metering/spec/api-opensuse_spec.rb
chef/cookbooks/openstack-metering/spec/api_spec.rb
chef/cookbooks/openstack-metering/spec/collector-opensuse_spec.rb
chef/cookbooks/openstack-metering/spec/collector_spec.rb
chef/cookbooks/openstack-metering/spec/common-opensuse_spec.rb
chef/cookbooks/openstack-metering/spec/common_spec.rb
chef/cookbooks/openstack-metering/spec/identity_registration_spec.rb
chef/cookbooks/openstack-metering/spec/spec_helper.rb
chef/cookbooks/openstack-metering/Strainerfile
chef/cookbooks/openstack-metering/templates/default/ceilometer.conf.erb
chef/cookbooks/openstack-network/attributes/default.rb
chef/cookbooks/openstack-network/Berksfile
chef/cookbooks/openstack-network/Berksfile.lock
chef/cookbooks/openstack-network/files/default/disable-eth-offload.sh
chef/cookbooks/openstack-network/files/default/etc/quantum/rootwrap.d/debug.filters
chef/cookbooks/openstack-network/files/default/etc/quantum/rootwrap.d/dhcp.filters
chef/cookbooks/openstack-network/files/default/etc/quantum/rootwrap.d/iptables-firewall.filters
chef/cookbooks/openstack-network/files/default/etc/quantum/rootwrap.d/l3.filters
chef/cookbooks/openstack-network/files/default/etc/quantum/rootwrap.d/lbaas-haproxy.filters
chef/cookbooks/openstack-network/files/default/etc/quantum/rootwrap.d/linuxbridge-plugin.filters
chef/cookbooks/openstack-network/files/default/etc/quantum/rootwrap.d/nec-plugin.filters
chef/cookbooks/openstack-network/files/default/etc/quantum/rootwrap.d/openvswitch-plugin.filters
chef/cookbooks/openstack-network/files/default/etc/quantum/rootwrap.d/ryu-plugin.filters
chef/cookbooks/openstack-network/files/default/openvswitch/install.sh
chef/cookbooks/openstack-network/files/default/openvswitch/kmod-openvswitch-1.11.0-1.el6.x86_64.rpm
chef/cookbooks/openstack-network/files/default/openvswitch/openvswitch-1.11.0-1.x86_64.rpm
chef/cookbooks/openstack-network/files/default/openvswitch/openvswitch-debuginfo-1.11.0-1.x86_64.rpm
chef/cookbooks/openstack-network/files/default/quantum-ha-tool.py
chef/cookbooks/openstack-network/Gemfile
chef/cookbooks/openstack-network/Gemfile.lock
chef/cookbooks/openstack-network/metadata.rb
chef/cookbooks/openstack-network/recipes/balancer.rb
chef/cookbooks/openstack-network/recipes/bigswitch.rb
chef/cookbooks/openstack-network/recipes/brocade.rb
chef/cookbooks/openstack-network/recipes/cisco.rb
chef/cookbooks/openstack-network/recipes/common.rb
chef/cookbooks/openstack-network/recipes/dhcp_agent.rb
chef/cookbooks/openstack-network/recipes/hyperv.rb
chef/cookbooks/openstack-network/recipes/identity_registration.rb
chef/cookbooks/openstack-network/recipes/l3_agent.rb
chef/cookbooks/openstack-network/recipes/linuxbridge.rb
chef/cookbooks/openstack-network/recipes/metadata_agent.rb
chef/cookbooks/openstack-network/recipes/metaplugin.rb
chef/cookbooks/openstack-network/recipes/midonet.rb
chef/cookbooks/openstack-network/recipes/nec.rb
chef/cookbooks/openstack-network/recipes/nicira.rb
chef/cookbooks/openstack-network/recipes/openvswitch.rb
chef/cookbooks/openstack-network/recipes/plumgrid.rb
chef/cookbooks/openstack-network/recipes/ryu.rb
chef/cookbooks/openstack-network/recipes/server.rb
chef/cookbooks/openstack-network/spec/balancer_spec.rb
chef/cookbooks/openstack-network/spec/common_spec.rb
chef/cookbooks/openstack-network/spec/dhcp_agent-opensuse_spec.rb
chef/cookbooks/openstack-network/spec/dhcp_agent_spec.rb
chef/cookbooks/openstack-network/spec/identity_registration_spec.rb
chef/cookbooks/openstack-network/spec/l3_agent_spec.rb
chef/cookbooks/openstack-network/spec/linuxbridge-opensuse_spec.rb
chef/cookbooks/openstack-network/spec/linuxbridge-redhat_spec.rb
chef/cookbooks/openstack-network/spec/linuxbridge_spec.rb
chef/cookbooks/openstack-network/spec/metadata_agent_spec.rb
chef/cookbooks/openstack-network/spec/openvswitch-opensuse_spec.rb
chef/cookbooks/openstack-network/spec/openvswitch_spec.rb
chef/cookbooks/openstack-network/spec/server-opensuse_spec.rb
chef/cookbooks/openstack-network/spec/server-redhat_spec.rb
chef/cookbooks/openstack-network/spec/server_spec.rb
chef/cookbooks/openstack-network/spec/spec_helper.rb
chef/cookbooks/openstack-network/Strainerfile
chef/cookbooks/openstack-network/templates/default/api-paste.ini.erb
chef/cookbooks/openstack-network/templates/default/dhcp_agent.ini.erb
chef/cookbooks/openstack-network/templates/default/dnsmasq.conf.erb
chef/cookbooks/openstack-network/templates/default/l3_agent.ini.erb
chef/cookbooks/openstack-network/templates/default/lbaas_agent.ini.erb
chef/cookbooks/openstack-network/templates/default/metadata_agent.ini.erb
chef/cookbooks/openstack-network/templates/default/plugins/bigswitch/restproxy.ini.erb
chef/cookbooks/openstack-network/templates/default/plugins/brocade/brocade.ini.erb
chef/cookbooks/openstack-network/templates/default/plugins/cisco/cisco_plugins.ini.erb
chef/cookbooks/openstack-network/templates/default/plugins/hyperv/hyperv_quantum_plugin.ini.erb
chef/cookbooks/openstack-network/templates/default/plugins/linuxbridge/linuxbridge_conf.ini.erb
chef/cookbooks/openstack-network/templates/default/plugins/metaplugin/metaplugin.ini.erb
chef/cookbooks/openstack-network/templates/default/plugins/midonet/midonet.ini.erb
chef/cookbooks/openstack-network/templates/default/plugins/nec/nec.ini.erb
chef/cookbooks/openstack-network/templates/default/plugins/nicira/nvp.ini.erb
chef/cookbooks/openstack-network/templates/default/plugins/openvswitch/openvswitch.erb
chef/cookbooks/openstack-network/templates/default/plugins/openvswitch/ovs_quantum_plugin.ini.erb
chef/cookbooks/openstack-network/templates/default/plugins/plumgrid/plumgrid.ini.erb
chef/cookbooks/openstack-network/templates/default/plugins/ryu/ryu.ini.erb
chef/cookbooks/openstack-network/templates/default/policy.json.erb
chef/cookbooks/openstack-network/templates/default/quantum.conf.erb
chef/cookbooks/openstack-network/templates/default/quantum-server.erb
chef/cookbooks/openstack-network/templates/default/quantum-server.start.erb
chef/cookbooks/openstack-network/templates/default/quantum.sysconfig.erb
chef/cookbooks/openstack-network/templates/default/rootwrap.conf.erb
chef/cookbooks/openstack-object-storage/attributes/default.rb
chef/cookbooks/openstack-object-storage/Berksfile
chef/cookbooks/openstack-object-storage/Berksfile.lock
chef/cookbooks/openstack-object-storage/files/default/5EDB1B62EC4926EA
chef/cookbooks/openstack-object-storage/files/default/cluster_stats.py
chef/cookbooks/openstack-object-storage/files/default/rsync.init
chef/cookbooks/openstack-object-storage/files/default/rsync.service
chef/cookbooks/openstack-object-storage/files/default/swift_stats.py
chef/cookbooks/openstack-object-storage/Gemfile
chef/cookbooks/openstack-object-storage/Gemfile.lock
chef/cookbooks/openstack-object-storage/libraries/drive_utils.rb
chef/cookbooks/openstack-object-storage/libraries/ip_utils.rb
chef/cookbooks/openstack-object-storage/metadata.rb
chef/cookbooks/openstack-object-storage/providers/disk.rb
chef/cookbooks/openstack-object-storage/providers/mounts.rb
chef/cookbooks/openstack-object-storage/providers/ring_script.rb
chef/cookbooks/openstack-object-storage/recipes/account-server.rb
chef/cookbooks/openstack-object-storage/recipes/common.rb
chef/cookbooks/openstack-object-storage/recipes/container-server.rb
chef/cookbooks/openstack-object-storage/recipes/disks.rb
chef/cookbooks/openstack-object-storage/recipes/management-server.rb
chef/cookbooks/openstack-object-storage/recipes/memcached.rb
chef/cookbooks/openstack-object-storage/recipes/object-server.rb
chef/cookbooks/openstack-object-storage/recipes/proxy-server.rb
chef/cookbooks/openstack-object-storage/recipes/ring-repo.rb
chef/cookbooks/openstack-object-storage/recipes/rsync.rb
chef/cookbooks/openstack-object-storage/recipes/setup.rb
chef/cookbooks/openstack-object-storage/recipes/storage-common.rb
chef/cookbooks/openstack-object-storage/resources/disk.rb
chef/cookbooks/openstack-object-storage/resources/mounts.rb
chef/cookbooks/openstack-object-storage/resources/ring_script.rb
chef/cookbooks/openstack-object-storage/run_tests.bash
chef/cookbooks/openstack-object-storage/spec/account_spec.rb
chef/cookbooks/openstack-object-storage/spec/common_spec.rb
chef/cookbooks/openstack-object-storage/spec/container_spec.rb
chef/cookbooks/openstack-object-storage/spec/disks_spec.rb
chef/cookbooks/openstack-object-storage/spec/management_spec.rb
chef/cookbooks/openstack-object-storage/spec/object_spec.rb
chef/cookbooks/openstack-object-storage/spec/proxy_spec.rb
chef/cookbooks/openstack-object-storage/spec/ring-repo_spec.rb
chef/cookbooks/openstack-object-storage/spec/rsync_spec.rb
chef/cookbooks/openstack-object-storage/spec/spec_helper.rb
chef/cookbooks/openstack-object-storage/spec/storage-common_spec.rb
chef/cookbooks/openstack-object-storage/Strainerfile
chef/cookbooks/openstack-object-storage/templates/default/account-server.conf.erb
chef/cookbooks/openstack-object-storage/templates/default/container-server.conf.erb
chef/cookbooks/openstack-object-storage/templates/default/dispersion.conf.erb
chef/cookbooks/openstack-object-storage/templates/default/drive-audit.conf.erb
chef/cookbooks/openstack-object-storage/templates/default/object-server.conf.erb
chef/cookbooks/openstack-object-storage/templates/default/proxy-server.conf.erb
chef/cookbooks/openstack-object-storage/templates/default/pull-rings.sh.erb
chef/cookbooks/openstack-object-storage/templates/default/rsyncd.conf.erb
chef/cookbooks/openstack-object-storage/templates/default/simple-redhat-init-config.erb
chef/cookbooks/openstack-object-storage/templates/default/simple-systemd-config.erb
chef/cookbooks/openstack-ops-database/attributes/default.rb
chef/cookbooks/openstack-ops-database/CHANGELOG.md
chef/cookbooks/openstack-ops-database/LICENSE
chef/cookbooks/openstack-ops-database/metadata.rb
chef/cookbooks/openstack-ops-database/recipes/client.rb
chef/cookbooks/openstack-ops-database/recipes/mysql-client.rb
chef/cookbooks/openstack-ops-database/recipes/mysql-server.rb
chef/cookbooks/openstack-ops-database/recipes/openstack-db.rb
chef/cookbooks/openstack-ops-database/recipes/postgresql-client.rb
chef/cookbooks/openstack-ops-database/recipes/postgresql-server.rb
chef/cookbooks/openstack-ops-database/recipes/server.rb
chef/cookbooks/openstack-ops-messaging/attributes/default.rb
chef/cookbooks/openstack-ops-messaging/Berksfile
chef/cookbooks/openstack-ops-messaging/Berksfile.lock
chef/cookbooks/openstack-ops-messaging/CHANGELOG.md
chef/cookbooks/openstack-ops-messaging/Gemfile
chef/cookbooks/openstack-ops-messaging/Gemfile.lock
chef/cookbooks/openstack-ops-messaging/LICENSE
chef/cookbooks/openstack-ops-messaging/metadata.rb
chef/cookbooks/openstack-ops-messaging/recipes/default.rb
chef/cookbooks/openstack-ops-messaging/recipes/rabbitmq.rb
chef/cookbooks/openstack-ops-messaging/recipes/rabbitmq-server.rb
chef/cookbooks/openstack-ops-messaging/recipes/server.rb
chef/cookbooks/openstack-ops-messaging/spec/rabbitmq-server_spec.rb
chef/cookbooks/openstack-ops-messaging/spec/server_spec.rb
chef/cookbooks/openstack-ops-messaging/spec/spec_helper.rb
chef/cookbooks/openstack-ops-messaging/Strainerfile
chef/cookbooks/openstack-ops-messaging/.tailor
chef/cookbooks/postgresql/attributes/default.rb
chef/cookbooks/postgresql/Berksfile
chef/cookbooks/postgresql/CHANGELOG.md
chef/cookbooks/postgresql/CONTRIBUTING.md
chef/cookbooks/postgresql/files/default/tests/minitest/apt_pgdg_postgresql_test.rb
chef/cookbooks/postgresql/files/default/tests/minitest/default_test.rb
chef/cookbooks/postgresql/files/default/tests/minitest/ruby_test.rb
chef/cookbooks/postgresql/files/default/tests/minitest/server_test.rb
chef/cookbooks/postgresql/files/default/tests/minitest/support/helpers.rb
chef/cookbooks/postgresql/.kitchen.yml
chef/cookbooks/postgresql/libraries/default.rb
chef/cookbooks/postgresql/LICENSE
chef/cookbooks/postgresql/metadata.rb
chef/cookbooks/postgresql/recipes/apt_pgdg_postgresql.rb
chef/cookbooks/postgresql/recipes/client.rb
chef/cookbooks/postgresql/recipes/config_initdb.rb
chef/cookbooks/postgresql/recipes/config_pgtune.rb
chef/cookbooks/postgresql/recipes/contrib.rb
chef/cookbooks/postgresql/recipes/default.rb
chef/cookbooks/postgresql/recipes/ruby.rb
chef/cookbooks/postgresql/recipes/server_debian.rb
chef/cookbooks/postgresql/recipes/server.rb
chef/cookbooks/postgresql/recipes/server_redhat.rb
chef/cookbooks/postgresql/recipes/yum_pgdg_postgresql.rb
chef/cookbooks/postgresql/templates/default/pg_hba.conf.erb
chef/cookbooks/postgresql/templates/default/pgsql.sysconfig.erb
chef/cookbooks/postgresql/templates/default/postgresql.conf.erb
chef/cookbooks/postgresql/TESTING.md
chef/cookbooks/python/attributes/default.rb
chef/cookbooks/python/Berksfile
chef/cookbooks/python/CHANGELOG.md
chef/cookbooks/python/CONTRIBUTING
chef/cookbooks/python/Gemfile
chef/cookbooks/python/.kitchen.yml
chef/cookbooks/python/LICENSE
chef/cookbooks/python/metadata.rb
chef/cookbooks/python/providers/pip.rb
chef/cookbooks/python/providers/virtualenv.rb
chef/cookbooks/python/recipes/default.rb
chef/cookbooks/python/recipes/package.rb
chef/cookbooks/python/recipes/pip.rb
chef/cookbooks/python/recipes/source.rb
chef/cookbooks/python/recipes/virtualenv.rb
chef/cookbooks/python/resources/pip.rb
chef/cookbooks/python/resources/virtualenv.rb
chef/cookbooks/python/src/10/loading_modules_from_a_remote_machine_using_import_hooks/explicit_load.py
chef/cookbooks/python/src/10/loading_modules_from_a_remote_machine_using_import_hooks/metaexample.py
chef/cookbooks/python/src/10/loading_modules_from_a_remote_machine_using_import_hooks/pathexample.py
chef/cookbooks/python/src/10/loading_modules_from_a_remote_machine_using_import_hooks/testcode/fib.py
chef/cookbooks/python/src/10/loading_modules_from_a_remote_machine_using_import_hooks/testcode/grok/blah.py
chef/cookbooks/python/src/10/loading_modules_from_a_remote_machine_using_import_hooks/testcode/grok/__init__.py
chef/cookbooks/python/src/10/loading_modules_from_a_remote_machine_using_import_hooks/testcode/spam.py
chef/cookbooks/python/src/10/loading_modules_from_a_remote_machine_using_import_hooks/urlimport.py
chef/cookbooks/python/src/10/making_separate_directories_import_under_a_common_namespace/bar-package/spam/grok.py
chef/cookbooks/python/src/10/making_separate_directories_import_under_a_common_namespace/example.py
chef/cookbooks/python/src/10/making_separate_directories_import_under_a_common_namespace/foo-package/spam/blah.py
chef/cookbooks/python/src/10/monkeypatching_modules_on_import/example1.py
chef/cookbooks/python/src/10/monkeypatching_modules_on_import/example2.py
chef/cookbooks/python/src/10/monkeypatching_modules_on_import/postimport.py
chef/cookbooks/python/src/10/splitting_a_module_into_multiple_files/example.py
chef/cookbooks/python/src/10/splitting_a_module_into_multiple_files/mymodule/a.py
chef/cookbooks/python/src/10/splitting_a_module_into_multiple_files/mymodule/b.py
chef/cookbooks/python/src/10/splitting_a_module_into_multiple_files/mymodule/__init__.py
chef/cookbooks/python/src/11/adding_ssl_to_network_servers/echoclient.py
chef/cookbooks/python/src/11/adding_ssl_to_network_servers/echoserv.py
chef/cookbooks/python/src/11/adding_ssl_to_network_servers/makecerts.sh
chef/cookbooks/python/src/11/adding_ssl_to_network_servers/sslmixin.py
chef/cookbooks/python/src/11/adding_ssl_to_network_servers/ssl_xmlrpc_client.py
chef/cookbooks/python/src/11/adding_ssl_to_network_servers/ssl_xmlrpc_server.py
chef/cookbooks/python/src/11/creating_a_simple_rest_based_interface/client1.py
chef/cookbooks/python/src/11/creating_a_simple_rest_based_interface/example1.py
chef/cookbooks/python/src/11/creating_a_simple_rest_based_interface/resty.py
chef/cookbooks/python/src/11/creating_a_tcp_server/echoclient.py
chef/cookbooks/python/src/11/creating_a_tcp_server/echoserv1.py
chef/cookbooks/python/src/11/creating_a_tcp_server/echoserv2.py
chef/cookbooks/python/src/11/creating_a_tcp_server/echoserv3.py
chef/cookbooks/python/src/11/creating_a_tcp_server/echoserv4.py
chef/cookbooks/python/src/11/creating_a_tcp_server/echoserv5.py
chef/cookbooks/python/src/11/creating_a_tcp_server/echoserv.py
chef/cookbooks/python/src/11/creating_a_tcp_server/threadedserv.py
chef/cookbooks/python/src/11/creating_a_udp_server/client.py
chef/cookbooks/python/src/11/creating_a_udp_server/timeserv1.py
chef/cookbooks/python/src/11/creating_a_udp_server/timeserv2.py
chef/cookbooks/python/src/11/event_driven_io_explained/eventhandler.py
chef/cookbooks/python/src/11/event_driven_io_explained/tcpclient.py
chef/cookbooks/python/src/11/event_driven_io_explained/tcpserver.py
chef/cookbooks/python/src/11/event_driven_io_explained/threadpool.py
chef/cookbooks/python/src/11/event_driven_io_explained/thrpoolclient.py
chef/cookbooks/python/src/11/event_driven_io_explained/udpclient.py
chef/cookbooks/python/src/11/event_driven_io_explained/udpserver.py
chef/cookbooks/python/src/11/implementing_remote_procedure_call/jsonrpclient.py
chef/cookbooks/python/src/11/implementing_remote_procedure_call/jsonrpcserver.py
chef/cookbooks/python/src/11/implementing_remote_procedure_call/rpcclient.py
chef/cookbooks/python/src/11/implementing_remote_procedure_call/rpcserver.py
chef/cookbooks/python/src/11/interacting_with_http_services_as_a_client/example1.py
chef/cookbooks/python/src/11/interacting_with_http_services_as_a_client/example2.py
chef/cookbooks/python/src/11/interacting_with_http_services_as_a_client/example3.py
chef/cookbooks/python/src/11/interacting_with_http_services_as_a_client/example4.py
chef/cookbooks/python/src/11/passing_a_socket_file_descriptor_between_processes/client1.py
chef/cookbooks/python/src/11/passing_a_socket_file_descriptor_between_processes/server1.py
chef/cookbooks/python/src/11/passing_a_socket_file_descriptor_between_processes/servermp.py
chef/cookbooks/python/src/11/passing_a_socket_file_descriptor_between_processes/server.py
chef/cookbooks/python/src/11/passing_a_socket_file_descriptor_between_processes/workermp.py
chef/cookbooks/python/src/11/passing_a_socket_file_descriptor_between_processes/worker.py
chef/cookbooks/python/src/11/simple_authentication_of_clients/auth.py
chef/cookbooks/python/src/11/simple_authentication_of_clients/client.py
chef/cookbooks/python/src/11/simple_authentication_of_clients/server.py
chef/cookbooks/python/src/11/simple_communication_between_interpreters/echoclient.py
chef/cookbooks/python/src/11/simple_communication_between_interpreters/echoserv.py
chef/cookbooks/python/src/11/simple_remote_procedure_call_with_xmlrpc/client.py
chef/cookbooks/python/src/11/simple_remote_procedure_call_with_xmlrpc/keyserv.py
chef/cookbooks/python/src/11/zero_copy_sending_and_receiving_of_large_arrays/client.py
chef/cookbooks/python/src/11/zero_copy_sending_and_receiving_of_large_arrays/server.py
chef/cookbooks/python/src/11/zero_copy_sending_and_receiving_of_large_arrays/zerocopy.py
chef/cookbooks/python/src/12/defining_an_actor_task/actor.py
chef/cookbooks/python/src/12/defining_an_actor_task/tagged.py
chef/cookbooks/python/src/12/defining_an_actor_task/worker.py
chef/cookbooks/python/src/12/how_to_communicate_between_threads/example1.py
chef/cookbooks/python/src/12/how_to_communicate_between_threads/example2.py
chef/cookbooks/python/src/12/how_to_create_a_thread_pool/example1.py
chef/cookbooks/python/src/12/how_to_create_a_thread_pool/example2.py
chef/cookbooks/python/src/12/how_to_create_a_thread_pool/example3.py
chef/cookbooks/python/src/12/how_to_determine_if_a_thread_has_started/example1.py
chef/cookbooks/python/src/12/how_to_determine_if_a_thread_has_started/example2.py
chef/cookbooks/python/src/12/how_to_determine_if_a_thread_has_started/example3.py
chef/cookbooks/python/src/12/how_to_lock_critical_sections/example1.py
chef/cookbooks/python/src/12/how_to_start_and_stop_threads/example.py
chef/cookbooks/python/src/12/implementing_publish_subscribe_messaging/exchange1.py
chef/cookbooks/python/src/12/implementing_publish_subscribe_messaging/exchange2.py
chef/cookbooks/python/src/12/launching_a_daemon_process_on_unix/daemon.py
chef/cookbooks/python/src/12/locking_with_deadlock_avoidance/deadlock.py
chef/cookbooks/python/src/12/locking_with_deadlock_avoidance/example1.py
chef/cookbooks/python/src/12/locking_with_deadlock_avoidance/example2.py
chef/cookbooks/python/src/12/locking_with_deadlock_avoidance/example3.py
chef/cookbooks/python/src/12/polling_multiple_thread_queues/pqueue.py
chef/cookbooks/python/src/12/simple_parallel_programming/findrobots_par.py
chef/cookbooks/python/src/12/simple_parallel_programming/findrobots.py
chef/cookbooks/python/src/12/simple_parallel_programming/logs/20121217.log.gz
chef/cookbooks/python/src/12/simple_parallel_programming/logs/20121218.log.gz
chef/cookbooks/python/src/12/simple_parallel_programming/logs/20121219.log.gz
chef/cookbooks/python/src/12/simple_parallel_programming/logs/20121220.log.gz
chef/cookbooks/python/src/12/simple_parallel_programming/logs/20121221.log.gz
chef/cookbooks/python/src/12/simple_parallel_programming/logs/20121222.log.gz
chef/cookbooks/python/src/12/simple_parallel_programming/logs/20121223.log.gz
chef/cookbooks/python/src/12/simple_parallel_programming/logs/20121224.log.gz
chef/cookbooks/python/src/12/simple_parallel_programming/logs/20121225.log.gz
chef/cookbooks/python/src/12/simple_parallel_programming/logs/20121226.log.gz
chef/cookbooks/python/src/12/simple_parallel_programming/logs/20121227.log.gz
chef/cookbooks/python/src/12/simple_parallel_programming/logs/20121228.log.gz
chef/cookbooks/python/src/12/simple_parallel_programming/logs/20121229.log.gz
chef/cookbooks/python/src/12/simple_parallel_programming/logs/20121230.log.gz
chef/cookbooks/python/src/12/storing_thread_specific_state/example1.py
chef/cookbooks/python/src/12/storing_thread_specific_state/example2.py
chef/cookbooks/python/src/12/using_generators_as_an_alternative_to_threads/actorsched.py
chef/cookbooks/python/src/12/using_generators_as_an_alternative_to_threads/netsched.py
chef/cookbooks/python/src/12/using_generators_as_an_alternative_to_threads/simple.py
chef/cookbooks/python/src/13/adding_logging_to_libraries/somelib.py
chef/cookbooks/python/src/13/executing_an_external_command_and_getting_its_output/example1.py
chef/cookbooks/python/src/13/executing_an_external_command_and_getting_its_output/example2.py
chef/cookbooks/python/src/13/finding_files/modified_within.py
chef/cookbooks/python/src/13/generating_a_range_of_ip_addresses_from_a_cidr_address/example.py
chef/cookbooks/python/src/13/getting_the_terminal_size/example.py
chef/cookbooks/python/src/13/making_a_stopwatch/stopwatch.py
chef/cookbooks/python/src/13/parsing_command_line_options/search.py
chef/cookbooks/python/src/13/prompting_for_a_password_at_runtime/example.py
chef/cookbooks/python/src/13/putting_limits_on_memory_and_cpu_usage/example.py
chef/cookbooks/python/src/13/reading_configuration_files/config.ini
chef/cookbooks/python/src/13/reading_configuration_files/example1.py
chef/cookbooks/python/src/13/simple_logging_for_scripts/example1.py
chef/cookbooks/python/src/13/simple_logging_for_scripts/example2.py
chef/cookbooks/python/src/13/simple_logging_for_scripts/logconfig.ini
chef/cookbooks/python/src/14/logging_test_output_to_a_file/test.py
chef/cookbooks/python/src/14/make_your_programs_run_faster/example.py
chef/cookbooks/python/src/14/profiling_and_timing_your_program/timethis.py
chef/cookbooks/python/src/14/raising_an_exception_in_response_to_another_exception/example.py
chef/cookbooks/python/src/14/skipping_or_anticipating_test_failures/test.py
chef/cookbooks/python/src/14/testing_for_exceptional_conditions_in_unit_tests/test.py
chef/cookbooks/python/src/14/testing_output_sent_to_stdout/mymodule.py
chef/cookbooks/python/src/14/testing_output_sent_to_stdout/testmymodule.py
chef/cookbooks/python/src/15/accessing_c_code_using_ctypes/example.py
chef/cookbooks/python/src/15/accessing_c_code_using_ctypes/sample.py
chef/cookbooks/python/src/15/calling_python_from_c/embed.c
chef/cookbooks/python/src/15/consuming_an_iterable_from_c/example.py
chef/cookbooks/python/src/15/consuming_an_iterable_from_c/sample.c
chef/cookbooks/python/src/15/consuming_an_iterable_from_c/setup.py
chef/cookbooks/python/src/15/defining_and_exporting_c_apis_from_extension_modules/example.py
chef/cookbooks/python/src/15/defining_and_exporting_c_apis_from_extension_modules/ptexample.c
chef/cookbooks/python/src/15/defining_and_exporting_c_apis_from_extension_modules/ptsetup.py
chef/cookbooks/python/src/15/defining_and_exporting_c_apis_from_extension_modules/pysample.c
chef/cookbooks/python/src/15/defining_and_exporting_c_apis_from_extension_modules/pysample.h
chef/cookbooks/python/src/15/defining_and_exporting_c_apis_from_extension_modules/setup.py
chef/cookbooks/python/src/15/diagnosing_segmentation_faults/example.py
chef/cookbooks/python/src/15/diagnosing_segmentation_faults/sample.c
chef/cookbooks/python/src/15/diagnosing_segmentation_faults/setup.py
chef/cookbooks/python/src/15/managing_opaque_pointers_in_c_extension_modules/example.py
chef/cookbooks/python/src/15/managing_opaque_pointers_in_c_extension_modules/pysample.c
chef/cookbooks/python/src/15/managing_opaque_pointers_in_c_extension_modules/setup.py
chef/cookbooks/python/src/15/passing_null_terminated_strings_to_c_libraries/example.py
chef/cookbooks/python/src/15/passing_null_terminated_strings_to_c_libraries/sample.c
chef/cookbooks/python/src/15/passing_null_terminated_strings_to_c_libraries/setup.py
chef/cookbooks/python/src/15/passing_unicode_strings_to_c_libraries/example.py
chef/cookbooks/python/src/15/passing_unicode_strings_to_c_libraries/sample.c
chef/cookbooks/python/src/15/passing_unicode_strings_to_c_libraries/setup.py
chef/cookbooks/python/src/15/reading_file_like_objects_from_c/example.py
chef/cookbooks/python/src/15/reading_file_like_objects_from_c/sample.c
chef/cookbooks/python/src/15/reading_file_like_objects_from_c/setup.py
chef/cookbooks/python/src/15/sample.c
chef/cookbooks/python/src/15/sample.h
chef/cookbooks/python/src/15/turning_a_function_pointer_into_a_callable/example.py
chef/cookbooks/python/src/15/using_cython_to_write_high_performance_array_operations/example.py
chef/cookbooks/python/src/15/using_cython_to_write_high_performance_array_operations/sample.pyx
chef/cookbooks/python/src/15/using_cython_to_write_high_performance_array_operations/setup.py
chef/cookbooks/python/src/15/working_with_c_strings_of_dubious_encoding/example.py
chef/cookbooks/python/src/15/working_with_c_strings_of_dubious_encoding/sample.c
chef/cookbooks/python/src/15/working_with_c_strings_of_dubious_encoding/setup.py
chef/cookbooks/python/src/15/wrapping_c_code_with_swig/example.py
chef/cookbooks/python/src/15/wrapping_c_code_with_swig/sample.i
chef/cookbooks/python/src/15/wrapping_c_code_with_swig/setup.py
chef/cookbooks/python/src/15/wrapping_existing_c_code_with_cython/csample.pxd
chef/cookbooks/python/src/15/wrapping_existing_c_code_with_cython/example.py
chef/cookbooks/python/src/15/wrapping_existing_c_code_with_cython/sample_alt.pyx
chef/cookbooks/python/src/15/wrapping_existing_c_code_with_cython/sample.pyx
chef/cookbooks/python/src/15/wrapping_existing_c_code_with_cython/setup_alt.py
chef/cookbooks/python/src/15/wrapping_existing_c_code_with_cython/setup.py
chef/cookbooks/python/src/15/writing_an_extension_function_that_operates_on_arrays/example.py
chef/cookbooks/python/src/15/writing_an_extension_function_that_operates_on_arrays/pysample.c
chef/cookbooks/python/src/15/writing_an_extension_function_that_operates_on_arrays/setup.py
chef/cookbooks/python/src/15/writing_a_simple_c_extension_module/example.py
chef/cookbooks/python/src/15/writing_a_simple_c_extension_module/pysample.c
chef/cookbooks/python/src/15/writing_a_simple_c_extension_module/setup.py
chef/cookbooks/python/src/1/calculating_with_dictionaries/example.py
chef/cookbooks/python/src/1/determine_the_top_n_items_occurring_in_a_list/example.py
chef/cookbooks/python/src/1/extracting_a_subset_of_a_dictionary/example.py
chef/cookbooks/python/src/1/filtering_list_elements/example.py
chef/cookbooks/python/src/1/finding_out_what_two_dictionaries_have_in_common/example.py
chef/cookbooks/python/src/1/finding_the_largest_or_smallest_n_items/example.py
chef/cookbooks/python/src/1/grouping-records-together-based-on-a-field/grouping.py
chef/cookbooks/python/src/1/implementing_a_priority_queue/example.py
chef/cookbooks/python/src/1/keeping_the_last_n_items/example.py
chef/cookbooks/python/src/1/keeping_the_last_n_items/somefile.txt
chef/cookbooks/python/src/1/mapping_names_to_sequence_elements/example1.py
chef/cookbooks/python/src/1/removing_duplicates_from_a_sequence_while_maintaining_order/example2.py
chef/cookbooks/python/src/1/removing_duplicates_from_a_sequence_while_maintaining_order/example.py
chef/cookbooks/python/src/1/sort_a_list_of_dictionaries_by_a_common_key/example.py
chef/cookbooks/python/src/1/sort_objects_without_native_comparison_support/example.py
chef/cookbooks/python/src/1/transforming_and_reducing_data_at_the_same_time/example.py
chef/cookbooks/python/src/1/unpack_a_fixed_number_of_elements_from_iterables_of_arbitrary_length/example.py
chef/cookbooks/python/src/1/working_with_multiple_mappings_as_a_single_mapping/example.py
chef/cookbooks/python/src/2/combining_and_concatenating_strings/example.py
chef/cookbooks/python/src/2/matching_and_searching_for_text_patterns_using_regular_expressions/example.py
chef/cookbooks/python/src/2/matching_strings_using_shell_wildcard_patterns/example.py
chef/cookbooks/python/src/2/normalizing_unicode_text_to_a_standard_representation/example.py
chef/cookbooks/python/src/2/reformatting_text_to_fixed_number_of_columns/example.py
chef/cookbooks/python/src/2/sanitizing_and_cleaning_up_text/example.py
chef/cookbooks/python/src/2/searching_and_replacing_text/example.py
chef/cookbooks/python/src/2/specifying_a_regular_expression_for_the_shortest_match/example.py
chef/cookbooks/python/src/2/splitting_strings_on_any_of_multiple_delimiters/example.py
chef/cookbooks/python/src/2/tokenizing_text/example.py
chef/cookbooks/python/src/2/variable_interpolation_in_strings/example.py
chef/cookbooks/python/src/2/writing_a_regular_expression_for_multiline_patterns/example.py
chef/cookbooks/python/src/2/writing_a_simple_recursive_descent_parser/example.py
chef/cookbooks/python/src/2/writing_a_simple_recursive_descent_parser/plyexample.py
chef/cookbooks/python/src/3/determining_last_fridays_date/example.py
chef/cookbooks/python/src/3/finding_the_date_range_for_the_current_month/example.py
chef/cookbooks/python/src/4/creating_data_processing_pipelines/example.py
chef/cookbooks/python/src/4/creating_data_processing_pipelines/www/bar/access-log
chef/cookbooks/python/src/4/creating_data_processing_pipelines/www/bar/access-log-0108.bz2
chef/cookbooks/python/src/4/creating_data_processing_pipelines/www/bar/access-log-0208.bz2
chef/cookbooks/python/src/4/creating_data_processing_pipelines/www/foo/access-log
chef/cookbooks/python/src/4/creating_data_processing_pipelines/www/foo/access-log-0108.gz
chef/cookbooks/python/src/4/creating_data_processing_pipelines/www/foo/access-log-0208.gz
chef/cookbooks/python/src/4/creating_new_iteration_patterns_with_generators/example.py
chef/cookbooks/python/src/4/delegating-iteration/example.py
chef/cookbooks/python/src/4/easy_implementation_of_the_iterator_protocol/example.py
chef/cookbooks/python/src/4/easy_implementation_of_the_iterator_protocol/hardexample.py
chef/cookbooks/python/src/4/generators_with_state/example.py
chef/cookbooks/python/src/4/generators_with_state/somefile.txt
chef/cookbooks/python/src/4/how_to_flatten_a_nested_sequence/example.py
chef/cookbooks/python/src/4/iterate_over_the_index-value_pairs_of_a_list/example.py
chef/cookbooks/python/src/4/iterate_over_the_index-value_pairs_of_a_list/sample.dat
chef/cookbooks/python/src/4/iterating_in_reverse/example.py
chef/cookbooks/python/src/4/iterating_in_sorted_order_over_merged_sorted_iterables/example.py
chef/cookbooks/python/src/4/iterating_on_items_in_separate_containers/example.py
chef/cookbooks/python/src/5/adding_or_changing_the_encoding_of_an_already_open_file/example.py
chef/cookbooks/python/src/5/getting_a_directory_listing/example.py
chef/cookbooks/python/src/5/iterating_over_fixed-sized_records/data.bin
chef/cookbooks/python/src/5/iterating_over_fixed-sized_records/example.py
chef/cookbooks/python/src/5/reading_and_writing_text_data/example.py
chef/cookbooks/python/src/5/reading_and_writing_text_data/sample.txt
chef/cookbooks/python/src/5/wrapping_an_existing_file_descriptor_as_a_file_object/echo.py
chef/cookbooks/python/src/5/writing_bytes_to_a_text_file/example.py
chef/cookbooks/python/src/6/incremental_parsing_of_huge_xml_files/example.py
chef/cookbooks/python/src/6/incremental_parsing_of_huge_xml_files/potholes.xml
chef/cookbooks/python/src/6/parsing_modifying_and_rewriting_xml/example.py
chef/cookbooks/python/src/6/parsing_modifying_and_rewriting_xml/pred.xml
chef/cookbooks/python/src/6/parsing_simple_xml_data/example.py
chef/cookbooks/python/src/6/parsing_xml_documents_with_namespaces/example.py
chef/cookbooks/python/src/6/parsing_xml_documents_with_namespaces/sample.xml
chef/cookbooks/python/src/6/reading_and_writing_binary_arrays_of_structures/readrecords.py
chef/cookbooks/python/src/6/reading_and_writing_binary_arrays_of_structures/unpackrecords.py
chef/cookbooks/python/src/6/reading_and_writing_binary_arrays_of_structures/writerecords.py
chef/cookbooks/python/src/6/reading_and_writing_csv_data/example.py
chef/cookbooks/python/src/6/reading_and_writing_csv_data/stocks.csv
chef/cookbooks/python/src/6/reading_and_writing_csv_data/stocks.tsv
chef/cookbooks/python/src/6/reading_and_writing_json_data/example.py
chef/cookbooks/python/src/6/reading_nested_and_variable_sized_binary_structures/example1.py
chef/cookbooks/python/src/6/reading_nested_and_variable_sized_binary_structures/example2.py
chef/cookbooks/python/src/6/reading_nested_and_variable_sized_binary_structures/example3.py
chef/cookbooks/python/src/6/reading_nested_and_variable_sized_binary_structures/example4.py
chef/cookbooks/python/src/6/reading_nested_and_variable_sized_binary_structures/writepolys.py
chef/cookbooks/python/src/7/accessing_variables_defined_inside_a_closure/example1.py
chef/cookbooks/python/src/7/accessing_variables_defined_inside_a_closure/example2.py
chef/cookbooks/python/src/7/accessing_variables_defined_inside_a_closure/example3.py
chef/cookbooks/python/src/7/carrying_extra_state_with_callback_functions/example.py
chef/cookbooks/python/src/7/functions_that_accept_any_number_of_arguments/example.py
chef/cookbooks/python/src/7/functions_that_only_accept_keyword_arguments/example.py
chef/cookbooks/python/src/7/functions_with_default_arguments/example.py
chef/cookbooks/python/src/7/inlining_callback_functions/example.py
chef/cookbooks/python/src/7/making_an_n-argument_callable_work_as_a_callable_with_fewer_arguments/example1.py
chef/cookbooks/python/src/7/making_an_n-argument_callable_work_as_a_callable_with_fewer_arguments/example2.py
chef/cookbooks/python/src/7/making_an_n-argument_callable_work_as_a_callable_with_fewer_arguments/example3.py
chef/cookbooks/python/src/8/calling_a_method_on_an_object_given_the_name_as_a_string/example.py
chef/cookbooks/python/src/8/calling_a_method_on_a_parent_class/example1.py
chef/cookbooks/python/src/8/calling_a_method_on_a_parent_class/example2.py
chef/cookbooks/python/src/8/calling_a_method_on_a_parent_class/example3.py
chef/cookbooks/python/src/8/calling_a_method_on_a_parent_class/example4.py
chef/cookbooks/python/src/8/calling_a_method_on_a_parent_class/example5.py
chef/cookbooks/python/src/8/changing_the_string_representation_of_instances/example.py
chef/cookbooks/python/src/8/creating_a_new_kind_of_class_or_instance_attribute/example1.py
chef/cookbooks/python/src/8/creating_an_instance_without_invoking_init/example.py
chef/cookbooks/python/test/cookbooks/python_test/files/default/tests/minitest/cook-3084_test.rb
chef/cookbooks/python/test/cookbooks/python_test/metadata.rb
chef/cookbooks/python/test/cookbooks/python_test/recipes/cook-3084.rb
chef/cookbooks/python/test/cookbooks/python_test/recipes/test_exert.rb
chef/cookbooks/python/test/cookbooks/python_test/recipes/test_virtualenv.rb
chef/cookbooks/python/TESTING.md
chef/cookbooks/python/test/integration/exert/bats/exert.bats
chef/cookbooks/python/test/integration/source/bats/source.bats
chef/cookbooks/python/test/integration/virtualenv/bats/virtualenv.bats
chef/cookbooks/rabbitmq/attributes/default.rb
chef/cookbooks/rabbitmq/Berksfile
chef/cookbooks/rabbitmq/CHANGELOG.md
chef/cookbooks/rabbitmq/CONTRIBUTING
chef/cookbooks/rabbitmq/.kitchen.yml
chef/cookbooks/rabbitmq/LICENSE
chef/cookbooks/rabbitmq/metadata.rb
chef/cookbooks/rabbitmq/providers/plugin.rb
chef/cookbooks/rabbitmq/providers/policy.rb
chef/cookbooks/rabbitmq/providers/user.rb
chef/cookbooks/rabbitmq/providers/vhost.rb
chef/cookbooks/rabbitmq/recipes/default.rb
chef/cookbooks/rabbitmq/recipes/mgmt_console.rb
chef/cookbooks/rabbitmq/recipes/plugin_management.rb
chef/cookbooks/rabbitmq/recipes/policy_management.rb
chef/cookbooks/rabbitmq/recipes/user_management.rb
chef/cookbooks/rabbitmq/recipes/virtualhost_management.rb
chef/cookbooks/rabbitmq/resources/plugin.rb
chef/cookbooks/rabbitmq/resources/policy.rb
chef/cookbooks/rabbitmq/resources/user.rb
chef/cookbooks/rabbitmq/resources/vhost.rb
chef/cookbooks/rabbitmq/templates/default/doterlang.cookie.erb
chef/cookbooks/rabbitmq/templates/default/rabbitmq.config.erb
chef/cookbooks/rabbitmq/templates/default/rabbitmq-env.conf.erb
chef/cookbooks/rabbitmq/templates/default/rabbitmq.upstart.conf.erb
chef/cookbooks/rabbitmq/test/cookbooks/rabbitmq_test/files/default/tests/minitest/cluster_test.rb
chef/cookbooks/rabbitmq/test/cookbooks/rabbitmq_test/files/default/tests/minitest/cook-1684_test.rb
chef/cookbooks/rabbitmq/test/cookbooks/rabbitmq_test/files/default/tests/minitest/cook-1724_test.rb
chef/cookbooks/rabbitmq/test/cookbooks/rabbitmq_test/files/default/tests/minitest/cook-2151-3489_test.rb
chef/cookbooks/rabbitmq/test/cookbooks/rabbitmq_test/files/default/tests/minitest/default_test.rb
chef/cookbooks/rabbitmq/test/cookbooks/rabbitmq_test/files/default/tests/minitest/lwrps_test.rb
chef/cookbooks/rabbitmq/test/cookbooks/rabbitmq_test/files/default/tests/minitest/mgmt_console_test.rb
chef/cookbooks/rabbitmq/test/cookbooks/rabbitmq_test/files/default/tests/minitest/ssl_test.rb
chef/cookbooks/rabbitmq/test/cookbooks/rabbitmq_test/files/default/tests/minitest/support/helpers.rb
chef/cookbooks/rabbitmq/test/cookbooks/rabbitmq_test/metadata.rb
chef/cookbooks/rabbitmq/test/cookbooks/rabbitmq_test/recipes/cluster.rb
chef/cookbooks/rabbitmq/test/cookbooks/rabbitmq_test/recipes/cook-2151-3489.rb
chef/cookbooks/rabbitmq/test/cookbooks/rabbitmq_test/recipes/default.rb
chef/cookbooks/rabbitmq/test/cookbooks/rabbitmq_test/recipes/lwrps.rb
chef/cookbooks/rabbitmq/test/cookbooks/rabbitmq_test/recipes/mgmt_console.rb
chef/cookbooks/rabbitmq/test/cookbooks/rabbitmq_test/recipes/ssl.rb
chef/cookbooks/rabbitmq/TESTING.md
chef/cookbooks/rsyslog/attributes/default.rb
chef/cookbooks/rsyslog/files/default/rsyslog.default
chef/cookbooks/rsyslog/files/ubuntu-10.04/rsyslog.default
chef/cookbooks/rsyslog/files/ubuntu-9.10/rsyslog.default
chef/cookbooks/rsyslog/metadata.rb
chef/cookbooks/rsyslog/recipes/client.rb
chef/cookbooks/rsyslog/recipes/default.rb
chef/cookbooks/rsyslog/templates/default/cinder.conf.erb
chef/cookbooks/rsyslog/templates/default/glance.conf.erb
chef/cookbooks/rsyslog/templates/default/keystone.conf.erb
chef/cookbooks/rsyslog/templates/default/nova.conf.erb
chef/cookbooks/rsyslog/templates/default/openstack.conf.erb
chef/cookbooks/rsyslog/templates/default/quantum.conf.erb
chef/cookbooks/rsyslog/templates/default/remote.conf.erb
chef/cookbooks/rsyslog/templates/default/rsyslog.conf.erb
chef/cookbooks/rsyslog/templates/default/server.conf.erb
chef/cookbooks/rsyslog/templates/ubuntu/50-default.conf.erb
chef/cookbooks/runit/attributes/default.rb
chef/cookbooks/runit/Berksfile
chef/cookbooks/runit/CHANGELOG.md
chef/cookbooks/runit/CONTRIBUTING.md
chef/cookbooks/runit/files/default/runit-2.1.1.tar.gz
chef/cookbooks/runit/files/default/runit.seed
chef/cookbooks/runit/files/default/runsvdir
chef/cookbooks/runit/files/ubuntu-6.10/runsvdir
chef/cookbooks/runit/files/ubuntu-7.04/runsvdir
chef/cookbooks/runit/files/ubuntu-7.10/runsvdir
chef/cookbooks/runit/files/ubuntu-8.04/runsvdir
chef/cookbooks/runit/Gemfile
chef/cookbooks/runit/.kitchen.yml
chef/cookbooks/runit/libraries/default.rb
chef/cookbooks/runit/libraries/provider_runit_service.rb
chef/cookbooks/runit/libraries/resource_runit_service.rb
chef/cookbooks/runit/LICENSE
chef/cookbooks/runit/metadata.rb
chef/cookbooks/runit/Rakefile
chef/cookbooks/runit/recipes/default.rb
chef/cookbooks/runit/templates/debian/init.d.erb
chef/cookbooks/runit/templates/default/log-config.erb
chef/cookbooks/runit/templates/gentoo/runit-start.sh.erb
chef/cookbooks/runit/test/cookbooks/runit-other_test/metadata.rb
chef/cookbooks/runit/test/cookbooks/runit-other_test/recipes/default.rb
chef/cookbooks/runit/test/cookbooks/runit-other_test/templates/default/sv-other-cookbook-templates-log-run.erb
chef/cookbooks/runit/test/cookbooks/runit-other_test/templates/default/sv-other-cookbook-templates-run.erb
chef/cookbooks/runit/test/cookbooks/runit_test/files/default/tests/minitest/default_test.rb
chef/cookbooks/runit/test/cookbooks/runit_test/files/default/tests/minitest/service_test.rb
chef/cookbooks/runit/test/cookbooks/runit_test/files/default/tests/minitest/support/helpers.rb
chef/cookbooks/runit/test/cookbooks/runit_test/metadata.rb
chef/cookbooks/runit/test/cookbooks/runit_test/recipes/default.rb
chef/cookbooks/runit/test/cookbooks/runit_test/recipes/service.rb
chef/cookbooks/runit/test/cookbooks/runit_test/templates/default/sv-calabash-run.erb
chef/cookbooks/runit/test/cookbooks/runit_test/templates/default/sv-control-signals-log-run.erb
chef/cookbooks/runit/test/cookbooks/runit_test/templates/default/sv-control-signals-run.erb
chef/cookbooks/runit/test/cookbooks/runit_test/templates/default/sv-control-signals-u.erb
chef/cookbooks/runit/test/cookbooks/runit_test/templates/default/sv-cook-2867-run.erb
chef/cookbooks/runit/test/cookbooks/runit_test/templates/default/sv-default-svlog-run.erb
chef/cookbooks/runit/test/cookbooks/runit_test/templates/default/sv-downed-service-log-run.erb
chef/cookbooks/runit/test/cookbooks/runit_test/templates/default/sv-downed-service-run.erb
chef/cookbooks/runit/test/cookbooks/runit_test/templates/default/sv-env-files-log-run.erb
chef/cookbooks/runit/test/cookbooks/runit_test/templates/default/sv-env-files-run.erb
chef/cookbooks/runit/test/cookbooks/runit_test/templates/default/sv-exist-disabled-log-run.erb
chef/cookbooks/runit/test/cookbooks/runit_test/templates/default/sv-exist-disabled-run.erb
chef/cookbooks/runit/test/cookbooks/runit_test/templates/default/sv-finisher-finish.erb
chef/cookbooks/runit/test/cookbooks/runit_test/templates/default/sv-finisher-log-run.erb
chef/cookbooks/runit/test/cookbooks/runit_test/templates/default/sv-finisher-run.erb
chef/cookbooks/runit/test/cookbooks/runit_test/templates/default/sv-floyds-app-log-run.erb
chef/cookbooks/runit/test/cookbooks/runit_test/templates/default/sv-floyds-app-run.erb
chef/cookbooks/runit/test/cookbooks/runit_test/templates/default/sv-no-svlog-run.erb
chef/cookbooks/runit/test/cookbooks/runit_test/templates/default/sv-plain-defaults-log-run.erb
chef/cookbooks/runit/test/cookbooks/runit_test/templates/default/sv-plain-defaults-run.erb
chef/cookbooks/runit/test/cookbooks/runit_test/templates/default/sv-runsvdir-floyd-log-run.erb
chef/cookbooks/runit/test/cookbooks/runit_test/templates/default/sv-runsvdir-floyd-run.erb
chef/cookbooks/runit/test/cookbooks/runit_test/templates/default/sv-template-options-log-run.erb
chef/cookbooks/runit/test/cookbooks/runit_test/templates/default/sv-template-options-run.erb
chef/cookbooks/runit/test/cookbooks/runit_test/templates/default/sv-yerba-matte-finish.erb
chef/cookbooks/runit/test/cookbooks/runit_test/templates/default/sv-yerba-matte-log-run.erb
chef/cookbooks/runit/test/cookbooks/runit_test/templates/default/sv-yerba-run.erb
chef/cookbooks/runit/TESTING.md
chef/cookbooks/runit/test/spec/libraries/provider_runit_service_spec.rb
chef/cookbooks/runit/test/spec/libraries/resource_runit_service_spec.rb
chef/cookbooks/runit/test/spec/spec_helper.rb
chef/cookbooks/selinux/CHANGELOG.md
chef/cookbooks/selinux/CONTRIBUTING
chef/cookbooks/selinux/LICENSE
chef/cookbooks/selinux/metadata.rb
chef/cookbooks/selinux/recipes/default.rb
chef/cookbooks/selinux/recipes/disabled.rb
chef/cookbooks/selinux/recipes/enforcing.rb
chef/cookbooks/selinux/recipes/permissive.rb
chef/cookbooks/selinux/templates/default/sysconfig/selinux.erb
chef/cookbooks/statsd/attributes/statsd.rb
chef/cookbooks/statsd/files/default/statsd
chef/cookbooks/statsd/files/default/upstart.conf
chef/cookbooks/statsd/metadata.rb
chef/cookbooks/statsd/recipes/default.rb
chef/cookbooks/statsd/templates/default/config.js.erb
chef/cookbooks/sysctl/metadata.rb
chef/cookbooks/sysctl/mysql/attributes/client.rb
chef/cookbooks/sysctl/mysql/attributes/server.rb
chef/cookbooks/sysctl/mysql/CHANGELOG.md
chef/cookbooks/sysctl/mysql/CONTRIBUTING
chef/cookbooks/sysctl/mysql/files/default/tests/minitest/helpers.rb
chef/cookbooks/sysctl/mysql/files/default/tests/minitest/server_test.rb
chef/cookbooks/sysctl/mysql/Gemfile
chef/cookbooks/sysctl/mysql/libraries/helpers.rb
chef/cookbooks/sysctl/mysql/LICENSE
chef/cookbooks/sysctl/mysql/metadata.rb
chef/cookbooks/sysctl/mysql/recipes/client.rb
chef/cookbooks/sysctl/mysql/recipes/default.rb
chef/cookbooks/sysctl/mysql/recipes/server_ec2.rb
chef/cookbooks/sysctl/mysql/recipes/server.rb
chef/cookbooks/sysctl/mysql/templates/default/debian.cnf.erb
chef/cookbooks/sysctl/mysql/templates/default/grants.sql.erb
chef/cookbooks/sysctl/mysql/templates/default/my.cnf.erb
chef/cookbooks/sysctl/mysql/templates/default/mysql-server.seed.erb
chef/cookbooks/sysctl/mysql/templates/default/port_mysql.erb
chef/cookbooks/sysctl/mysql/templates/windows/my.cnf.erb
chef/cookbooks/sysctl/mysql/test/features/query_database.feature
chef/cookbooks/sysctl/mysql/test/features/step_definitions/mysql_steps.rb
chef/cookbooks/sysctl/mysql/test/features/support/env.rb
chef/cookbooks/sysctl/mysql/test/features/support/mysql_helpers.rb
chef/cookbooks/sysctl/mysql/test/kitchen/cookbooks/mysql_test/attributes/default.rb
chef/cookbooks/sysctl/mysql/test/kitchen/cookbooks/mysql_test/metadata.rb
chef/cookbooks/sysctl/mysql/test/kitchen/cookbooks/mysql_test/recipes/client.rb
chef/cookbooks/sysctl/mysql/test/kitchen/cookbooks/mysql_test/recipes/server.rb
chef/cookbooks/sysctl/mysql/test/kitchen/Kitchenfile
chef/cookbooks/sysctl/providers/default.rb
chef/cookbooks/sysctl/providers/multi.rb
chef/cookbooks/sysctl/recipes/default.rb
chef/cookbooks/sysctl/resources/default.rb
chef/cookbooks/sysctl/resources/multi.rb
chef/cookbooks/sysctl/.tailor
chef/cookbooks/sysctl/templates/default/sysctl.conf.erb
chef/cookbooks/windows/attributes/default.rb
chef/cookbooks/windows/CHANGELOG.md
chef/cookbooks/windows/CONTRIBUTING
chef/cookbooks/windows/files/default/handlers/windows_reboot_handler.rb
chef/cookbooks/windows/libraries/feature_base.rb
chef/cookbooks/windows/libraries/helper.rb
chef/cookbooks/windows/libraries/registry_helper.rb
chef/cookbooks/windows/libraries/version.rb
chef/cookbooks/windows/libraries/windows_privileged.rb
chef/cookbooks/windows/LICENSE
chef/cookbooks/windows/metadata.rb
chef/cookbooks/windows/providers/auto_run.rb
chef/cookbooks/windows/providers/batch.rb
chef/cookbooks/windows/providers/feature_dism.rb
chef/cookbooks/windows/providers/feature_servermanagercmd.rb
chef/cookbooks/windows/providers/package.rb
chef/cookbooks/windows/providers/pagefile.rb
chef/cookbooks/windows/providers/path.rb
chef/cookbooks/windows/providers/printer_port.rb
chef/cookbooks/windows/providers/printer.rb
chef/cookbooks/windows/providers/reboot.rb
chef/cookbooks/windows/providers/registry.rb
chef/cookbooks/windows/providers/shortcut.rb
chef/cookbooks/windows/providers/task.rb
chef/cookbooks/windows/providers/zipfile.rb
chef/cookbooks/windows/recipes/default.rb
chef/cookbooks/windows/recipes/reboot_handler.rb
chef/cookbooks/windows/resources/auto_run.rb
chef/cookbooks/windows/resources/batch.rb
chef/cookbooks/windows/resources/feature.rb
chef/cookbooks/windows/resources/package.rb
chef/cookbooks/windows/resources/pagefile.rb
chef/cookbooks/windows/resources/path.rb
chef/cookbooks/windows/resources/printer_port.rb
chef/cookbooks/windows/resources/printer.rb
chef/cookbooks/windows/resources/reboot.rb
chef/cookbooks/windows/resources/registry.rb
chef/cookbooks/windows/resources/shortcut.rb
chef/cookbooks/windows/resources/task.rb
chef/cookbooks/windows/resources/zipfile.rb
chef/cookbooks/xfs/Berksfile
chef/cookbooks/xfs/CHANGELOG.md
chef/cookbooks/xfs/CONTRIBUTING
chef/cookbooks/xfs/.kitchen.yml
chef/cookbooks/xfs/LICENSE
chef/cookbooks/xfs/metadata.rb
chef/cookbooks/xfs/recipes/default.rb
chef/cookbooks/xfs/TESTING.md
chef/cookbooks/yum/attributes/default.rb
chef/cookbooks/yum/attributes/elrepo.rb
chef/cookbooks/yum/attributes/epel.rb
chef/cookbooks/yum/attributes/main.rb
chef/cookbooks/yum/attributes/remi.rb
chef/cookbooks/yum/Berksfile
chef/cookbooks/yum/CHANGELOG.md
chef/cookbooks/yum/CONTRIBUTING.md
chef/cookbooks/yum/files/default/RPM-GPG-KEY-EPEL-6
chef/cookbooks/yum/files/default/tests/minitest/default_test.rb
chef/cookbooks/yum/files/default/tests/minitest/support/helpers.rb
chef/cookbooks/yum/files/default/tests/minitest/test_test.rb
chef/cookbooks/yum/.kitchen.yml
chef/cookbooks/yum/libraries/matchers.rb
chef/cookbooks/yum/LICENSE
chef/cookbooks/yum/metadata.json
chef/cookbooks/yum/metadata.rb
chef/cookbooks/yum/providers/globalconfig.rb
chef/cookbooks/yum/providers/key.rb
chef/cookbooks/yum/providers/repository.rb
chef/cookbooks/yum/recipes/default.rb
chef/cookbooks/yum/recipes/elrepo.rb
chef/cookbooks/yum/recipes/epel.rb
chef/cookbooks/yum/recipes/ius.rb
chef/cookbooks/yum/recipes/remi.rb
chef/cookbooks/yum/recipes/repoforge.rb
chef/cookbooks/yum/recipes/test.rb
chef/cookbooks/yum/recipes/yum.rb
chef/cookbooks/yum/resources/globalconfig.rb
chef/cookbooks/yum/resources/key.rb
chef/cookbooks/yum/resources/repository.rb
chef/cookbooks/yum/templates/default/main.erb
chef/cookbooks/yum/templates/default/repo.erb
chef/cookbooks/yum/templates/default/yum-rhel5.conf.erb
chef/cookbooks/yum/templates/default/yum-rhel6.conf.erb
chef/databags/openstack/openstack.json
chef/roles/allinone-compute.rb
chef/roles/os-base.rb
chef/roles/os-block-storage-api.rb
chef/roles/os-block-storage.rb
chef/roles/os-block-storage-scheduler.rb
chef/roles/os-block-storage-worker.rb
chef/roles/os-compute-api-ec2.rb
chef/roles/os-compute-api-metadata.rb
chef/roles/os-compute-api-os-compute.rb
chef/roles/os-compute-api.rb
chef/roles/os-compute-cert.rb
chef/roles/os-compute-controller.rb
chef/roles/os-compute-scheduler.rb
chef/roles/os-compute-single-controller.rb
chef/roles/os-compute-vncproxy.rb
chef/roles/os-compute-worker.rb
chef/roles/os-controller.rb
chef/roles/os-dashboard.rb
chef/roles/os-ha.rb
chef/roles/os-identity-api-admin.rb
chef/roles/os-identity-api.rb
chef/roles/os-identity.rb
chef/roles/os-image-api.rb
chef/roles/os-image.rb
chef/roles/os-image-registry.rb
chef/roles/os-infra-caching.rb
chef/roles/os-network.rb
chef/roles/os-network-server.rb
chef/roles/os-object-storage-account.rb
chef/roles/os-object-storage-container.rb
chef/roles/os-object-storage-management.rb
chef/roles/os-object-storage-object.rb
chef/roles/os-object-storage-proxy.rb
chef/roles/os-object-storage.rb
chef/roles/os-ops-database.rb
chef/roles/os-ops-messaging.rb
chef/roles/os-single-controller.rb
chef/roles/test-synclog.rb
cobbler/conf/cobbler.conf
cobbler/conf/dhcp.template
cobbler/conf/modules.conf
cobbler/conf/named.template
cobbler/conf/settings
cobbler/conf/tftpd.template
cobbler/conf/zone.template
cobbler/kickstarts/default.ks
cobbler/kickstarts/default.seed
cobbler/snippets/chef
cobbler/snippets/chef-validator.pem
cobbler/snippets/client.rb
cobbler/snippets/cobbler_register
cobbler/snippets/download_config_files
cobbler/snippets/download_config_files_deb
cobbler/snippets/first-boot.json
cobbler/snippets/func_install_if_enabled
cobbler/snippets/func_register_if_enabled
cobbler/snippets/hosts
cobbler/snippets/hosts.xml
cobbler/snippets/kdump.xml
cobbler/snippets/keep_cfengine_keys
cobbler/snippets/keep_files
cobbler/snippets/keep_rhn_keys
cobbler/snippets/keep_ssh_host_keys
cobbler/snippets/kickstart_chef
cobbler/snippets/kickstart_chef_firstrun.sh
cobbler/snippets/kickstart_chef_init
cobbler/snippets/kickstart_chef_rerun.sh
cobbler/snippets/kickstart_chef_rsyslog.conf
cobbler/snippets/kickstart_chef-validator.pem
cobbler/snippets/kickstart_client.rb
cobbler/snippets/kickstart_done
cobbler/snippets/kickstart_hosts
cobbler/snippets/kickstart_limits.conf
cobbler/snippets/kickstart_network_config
cobbler/snippets/kickstart_ntp
cobbler/snippets/kickstart_partition_disks
cobbler/snippets/kickstart_post_anamon
cobbler/snippets/kickstart_post_install_kernel_options
cobbler/snippets/kickstart_post_install_network_config
cobbler/snippets/kickstart_pre_anamon
cobbler/snippets/kickstart_pre_install_network_config
cobbler/snippets/kickstart_pre_partition_disks
cobbler/snippets/kickstart_rsyslog.conf
cobbler/snippets/kickstart_ssh
cobbler/snippets/kickstart_start
cobbler/snippets/kickstart_sysctl.conf
cobbler/snippets/kickstart_yum.conf
cobbler/snippets/kickstart_yum_repo_config
cobbler/snippets/koan_environment
cobbler/snippets/late_apt_repo_config
cobbler/snippets/limits.conf
cobbler/snippets/log_ks_post
cobbler/snippets/log_ks_pre
cobbler/snippets/main_partition_select
cobbler/snippets/network_config
cobbler/snippets/network_config_esx
cobbler/snippets/network_config_esxi
cobbler/snippets/networking.xml
cobbler/snippets/ntp
cobbler/snippets/ntp.conf
cobbler/snippets/partition_disks
cobbler/snippets/partition_select
cobbler/snippets/post_anamon
cobbler/snippets/post_install_kernel_options
cobbler/snippets/post_install_network_config
cobbler/snippets/post_install_network_config_deb
cobbler/snippets/post_koan_add_reinstall_entry
cobbler/snippets/post_run_deb
cobbler/snippets/post_s390_reboot
cobbler/snippets/pre_anamon
cobbler/snippets/pre_install_network_config
cobbler/snippets/pre_partition_select
cobbler/snippets/preseed_apt_repo_config
cobbler/snippets/preseed_chef
cobbler/snippets/preseed_chef_firstrun.sh
cobbler/snippets/preseed_chef_init
cobbler/snippets/preseed_chef_rerun.sh
cobbler/snippets/preseed_chef_rsyslog.conf
cobbler/snippets/preseed_chef-validator.pem
cobbler/snippets/preseed_client.rb
cobbler/snippets/preseed_hosts
cobbler/snippets/preseed_limits.conf
cobbler/snippets/preseed_network_config
cobbler/snippets/preseed_ntp
cobbler/snippets/preseed_partition_disks
cobbler/snippets/preseed_post_anamon
cobbler/snippets/preseed_post_apt_repo_config
cobbler/snippets/preseed_post_install_network_config
cobbler/snippets/preseed_pre_anamon
cobbler/snippets/preseed_pre_install_network_config
cobbler/snippets/preseed_pre_partition_disks
cobbler/snippets/preseed_rsyslog.conf
cobbler/snippets/preseed_ssh
cobbler/snippets/preseed_sysctl.conf
cobbler/snippets/proxy.xml
cobbler/snippets/puppet_install_if_enabled
cobbler/snippets/puppet_register_if_enabled
cobbler/snippets/redhat_register
cobbler/snippets/restore_boot_device
cobbler/snippets/rhn_certificate_based_register
cobbler/snippets/rsyslogchef
cobbler/snippets/rsyslogconf
cobbler/snippets/save_boot_device
cobbler/snippets/ssh
cobbler/snippets/suse_scriptwrapper.xml
cobbler/snippets/sysctl.conf
cobbler/snippets/yum.conf
cobbler/triggers/sync/post/migrate_ks.py
cobbler/triggers/sync/post/migrate_ks.sh
LICENSE
README.md
