CONTRIBUTING.rst
doc/ext/apidoc.py
doc/ext/__init__.py
doc/source/api/index.rst
doc/source/conf.py
doc/source/contributing.rst
doc/source/debugging.rst
doc/source/event_concept.rst
doc/source/index.rst
doc/source/middleware.rst
doc/source/specification/attachments.rst
doc/source/specification/credentials.rst
doc/source/specification/endpoints.rst
doc/source/specification/events.rst
doc/source/specification/geolocations.rst
doc/source/specification/hosts.rst
doc/source/specification/identifiers.rst
doc/source/specification/index.rst
doc/source/specification/measurements.rst
doc/source/specification/paths.rst
doc/source/specification/reasons.rst
doc/source/specification/reportersteps.rst
doc/source/specification/resources.rst
doc/source/specification/tags.rst
doc/source/specification/taxonomy.rst
doc/source/specification/timestamps.rst
doc/source/_templates/.placeholder
etc/pycadf/api_audit_map.conf
etc/pycadf/cinder_api_audit_map.conf
etc/pycadf/glance_api_audit_map.conf
etc/pycadf/neutron_api_audit_map.conf
etc/pycadf/nova_api_audit_map.conf
LICENSE
openstack-common.conf
pycadf/attachment.py
pycadf/audit/api.py
pycadf/audit/__init__.py
pycadf/cadftaxonomy.py
pycadf/cadftype.py
pycadf/credential.py
pycadf/endpoint.py
pycadf/eventfactory.py
pycadf/event.py
pycadf/geolocation.py
pycadf/host.py
pycadf/identifier.py
pycadf/__init__.py
pycadf/measurement.py
pycadf/metric.py
pycadf/middleware/audit.py
pycadf/middleware/base.py
pycadf/middleware/__init__.py
pycadf/middleware/notifier.py
pycadf/openstack/common/config/generator.py
pycadf/openstack/common/config/__init__.py
pycadf/openstack/common/context.py
pycadf/openstack/common/excutils.py
pycadf/openstack/common/fileutils.py
pycadf/openstack/common/fixture/config.py
pycadf/openstack/common/fixture/__init__.py
pycadf/openstack/common/fixture/lockutils.py
pycadf/openstack/common/fixture/logging.py
pycadf/openstack/common/fixture/mockpatch.py
pycadf/openstack/common/fixture/moxstubout.py
pycadf/openstack/common/gettextutils.py
pycadf/openstack/common/importutils.py
pycadf/openstack/common/__init__.py
pycadf/openstack/common/jsonutils.py
pycadf/openstack/common/local.py
pycadf/openstack/common/lockutils.py
pycadf/openstack/common/log.py
pycadf/openstack/common/timeutils.py
pycadf/openstack/__init__.py
pycadf/path.py
pycadf/reason.py
pycadf/reporterstep.py
pycadf/resource.py
pycadf/tag.py
pycadf/tests/audit/__init__.py
pycadf/tests/audit/test_api.py
pycadf/tests/base.py
pycadf/tests/__init__.py
pycadf/tests/middleware/__init__.py
pycadf/tests/middleware/test_audit.py
pycadf/tests/test_cadf_spec.py
pycadf/tests/test_utils.py
pycadf/timestamp.py
pycadf/utils.py
README.rst
requirements.txt
setup.cfg
setup.py
.testr.conf
test-requirements.txt
tools/debug_helper.sh
tools/run_cross_tests.sh
tox.ini
