debian/changelog
debian/compat
debian/control
debian/copyright
debian/rules
debian/source/format
etc/nova/rootwrap.d/openvz.filters
nova/tests/openvz/fakes.py
nova/tests/openvz/__init__.py
nova/tests/openvz/test_driver.py
nova/tests/openvz/test_ext_storage.py
nova/tests/openvz/test_file.py
nova/tests/openvz/test_network.py
nova/tests/openvz/test_utils.py
nova/virt/openvz/driver.py
nova/virt/openvz/file_ext/boot.py
nova/virt/openvz/file_ext/ext_storage.py
nova/virt/openvz/file_ext/__init__.py
nova/virt/openvz/file_ext/shutdown.py
nova/virt/openvz/file_ext/start.py
nova/virt/openvz/file_ext/stop.py
nova/virt/openvz/file.py
nova/virt/openvz/__init__.py
nova/virt/openvz/migration_drivers/__init__.py
nova/virt/openvz/migration_drivers/rsync.py
nova/virt/openvz/migration_drivers/transport.py
nova/virt/openvz/migration.py
nova/virt/openvz/network_drivers/__init__.py
nova/virt/openvz/network_drivers/network_bridge.py
nova/virt/openvz/network_drivers/tc.py
nova/virt/openvz/network_drivers/templates/tc_container_start.template
nova/virt/openvz/network_drivers/templates/tc_container_stop.template
nova/virt/openvz/network_drivers/templates/tc_host_start.template
nova/virt/openvz/network_drivers/templates/tc_host_stop.template
nova/virt/openvz/network.py
nova/virt/openvz/utils.py
nova/virt/openvz/volume_drivers/__init__.py
nova/virt/openvz/volume_drivers/iscsi.py
nova/virt/openvz/volume.py
ovznovadriver/__init__.py
ovznovadriver/localization.py
ovznovadriver/openvz/container.py
ovznovadriver/openvz/driver.py
ovznovadriver/openvz/file_ext/boot.py
ovznovadriver/openvz/file_ext/ext_storage.py
ovznovadriver/openvz/file_ext/__init__.py
ovznovadriver/openvz/file_ext/shutdown.py
ovznovadriver/openvz/file_ext/start.py
ovznovadriver/openvz/file_ext/stop.py
ovznovadriver/openvz/file.py
ovznovadriver/openvz/__init__.py
ovznovadriver/openvz/migration_drivers/__init__.py
ovznovadriver/openvz/migration_drivers/rsync.py
ovznovadriver/openvz/migration_drivers/transport.py
ovznovadriver/openvz/migration.py
ovznovadriver/openvz/network_drivers/__init__.py
ovznovadriver/openvz/network_drivers/network_bridge.py
ovznovadriver/openvz/network_drivers/tc.py
ovznovadriver/openvz/network_drivers/templates/tc_container_start.template
ovznovadriver/openvz/network_drivers/templates/tc_container_stop.template
ovznovadriver/openvz/network_drivers/templates/tc_host_start.template
ovznovadriver/openvz/network_drivers/templates/tc_host_stop.template
ovznovadriver/openvz/network.py
ovznovadriver/openvz/resources.py
ovznovadriver/openvz/utils.py
ovznovadriver/openvz/volume_drivers/__init__.py
ovznovadriver/openvz/volume_drivers/iscsi.py
ovznovadriver/openvz/volume.py
ovznovadriver/tests/openvz/fakes.py
ovznovadriver/tests/openvz/__init__.py
ovznovadriver/tests/openvz/test_driver.py
ovznovadriver/tests/openvz/test_ext_storage.py
ovznovadriver/tests/openvz/test_file.py
ovznovadriver/tests/openvz/test_network.py
ovznovadriver/tests/openvz/test_utils.py
README.md
setup.py
