AUTHORS
CONTRIBUTING.rst
.coveragerc
doc/ext/apidoc.py
doc/ext/__init__.py
docs/api.rst
docs/conf.py
docs/index.rst
doc/source/authentication-plugins.rst
doc/source/conf.py
doc/source/index.rst
doc/source/man/keystone.rst
doc/source/middlewarearchitecture.rst
doc/source/ref/client.rst
doc/source/ref/endpoints.rst
doc/source/ref/exceptions.rst
doc/source/ref/generic-client.rst
doc/source/ref/index.rst
doc/source/ref/roles.rst
doc/source/ref/services.rst
doc/source/ref/tenants.rst
doc/source/ref/users.rst
doc/source/releases.rst
doc/source/shell.rst
doc/source/static/basic.css
doc/source/static/default.css
doc/source/static/header-line.gif
doc/source/static/jquery.tweet.js
doc/source/static/nature.css
doc/source/static/tweaks.css
doc/source/_templates/.placeholder
doc/source/_theme/layout.html
doc/source/_theme/theme.conf
doc/source/using-api.rst
doc/source/using-api-v2.rst
doc/source/using-api-v3.rst
doc/source/using-sessions.rst
docs/ref/client.rst
docs/ref/endpoints.rst
docs/ref/exceptions.rst
docs/ref/generic-client.rst
docs/ref/index.rst
docs/ref/roles.rst
docs/ref/services.rst
docs/ref/tenants.rst
docs/ref/users.rst
docs/releases.rst
docs/shell.rst
docs/using-api.rst
examples/pki/certs/cacert.pem
examples/pki/certs/middleware.pem
examples/pki/certs/signing_cert.pem
examples/pki/certs/ssl_cert.pem
examples/pki/cms/auth_token_revoked.json
examples/pki/cms/auth_token_revoked.pem
examples/pki/cms/auth_token_revoked.pkiz
examples/pki/cms/auth_token_scoped_expired.json
examples/pki/cms/auth_token_scoped_expired.pem
examples/pki/cms/auth_token_scoped_expired.pkiz
examples/pki/cms/auth_token_scoped.json
examples/pki/cms/auth_token_scoped.pem
examples/pki/cms/auth_token_scoped.pkiz
examples/pki/cms/auth_token_unscoped.json
examples/pki/cms/auth_token_unscoped.pem
examples/pki/cms/auth_token_unscoped.pkiz
examples/pki/cms/auth_v3_token_revoked.json
examples/pki/cms/auth_v3_token_revoked.pem
examples/pki/cms/auth_v3_token_revoked.pkiz
examples/pki/cms/auth_v3_token_scoped.json
examples/pki/cms/auth_v3_token_scoped.pem
examples/pki/cms/auth_v3_token_scoped.pkiz
examples/pki/cms/revocation_list.der
examples/pki/cms/revocation_list.json
examples/pki/cms/revocation_list.pem
examples/pki/cms/revocation_list.pkiz
examples/pki/gen_cmsz.py
examples/pki/gen_pki.sh
examples/pki/private/cakey.pem
examples/pki/private/signing_key.pem
examples/pki/private/ssl_key.pem
examples/pki/run_all.sh
HACKING
HACKING.rst
keystoneclient/access.py
keystoneclient/adapter.py
keystoneclient/apiclient/exceptions.py
keystoneclient/apiclient/__init__.py
keystoneclient/auth/base.py
keystoneclient/auth/cli.py
keystoneclient/auth/conf.py
keystoneclient/auth/identity/base.py
keystoneclient/auth/identity/__init__.py
keystoneclient/auth/identity/v2.py
keystoneclient/auth/identity/v3.py
keystoneclient/auth/__init__.py
keystoneclient/auth/token_endpoint.py
keystoneclient/baseclient.py
keystoneclient/base.py
keystoneclient/client.py
keystoneclient/common/cms.py
keystoneclient/common/__init__.py
keystoneclient/contrib/auth/__init__.py
keystoneclient/contrib/auth/v3/__init__.py
keystoneclient/contrib/auth/v3/saml2.py
keystoneclient/contrib/bootstrap/__init__.py
keystoneclient/contrib/bootstrap/shell.py
keystoneclient/contrib/ec2/__init__.py
keystoneclient/contrib/ec2/utils.py
keystoneclient/contrib/__init__.py
keystoneclient/contrib/revoke/__init__.py
keystoneclient/contrib/revoke/model.py
keystoneclient/_discover.py
keystoneclient/discover.py
keystoneclient/exceptions.py
keystoneclient/fixture/discovery.py
keystoneclient/fixture/exception.py
keystoneclient/fixture/__init__.py
keystoneclient/fixture/v2.py
keystoneclient/fixture/v3.py
keystoneclient/generic/client.py
keystoneclient/generic/__init__.py
keystoneclient/generic/shell.py
keystoneclient/httpclient.py
keystoneclient/__init__.py
keystoneclient/middleware/auth_token.py
keystoneclient/middleware/__init__.py
keystoneclient/middleware/memcache_crypt.py
keystoneclient/middleware/s3_token.py
keystoneclient/middleware/test.py
keystoneclient/openstack/common/apiclient/auth.py
keystoneclient/openstack/common/apiclient/base.py
keystoneclient/openstack/common/apiclient/client.py
keystoneclient/openstack/common/apiclient/exceptions.py
keystoneclient/openstack/common/apiclient/fake_client.py
keystoneclient/openstack/common/apiclient/__init__.py
keystoneclient/openstack/common/cfg.py
keystoneclient/openstack/common/fixture/config.py
keystoneclient/openstack/common/fixture/__init__.py
keystoneclient/openstack/common/gettextutils.py
keystoneclient/openstack/common/importutils.py
keystoneclient/openstack/common/iniparser.py
keystoneclient/openstack/common/__init__.py
keystoneclient/openstack/common/jsonutils.py
keystoneclient/openstack/common/memorycache.py
keystoneclient/openstack/common/py3kcompat/__init__.py
keystoneclient/openstack/common/py3kcompat/urlutils.py
keystoneclient/openstack/common/setup.py
keystoneclient/openstack/common/strutils.py
keystoneclient/openstack/common/timeutils.py
keystoneclient/openstack/common/uuidutils.py
keystoneclient/openstack/__init__.py
keystoneclient/service_catalog.py
keystoneclient/session.py
keystoneclient/shell.py
keystoneclient/tests/apiclient/__init__.py
keystoneclient/tests/apiclient/test_exceptions.py
keystoneclient/tests/auth/__init__.py
keystoneclient/tests/auth/test_cli.py
keystoneclient/tests/auth/test_conf.py
keystoneclient/tests/auth/test_identity_common.py
keystoneclient/tests/auth/test_identity_v2.py
keystoneclient/tests/auth/test_identity_v3.py
keystoneclient/tests/auth/test_token_endpoint.py
keystoneclient/tests/auth/utils.py
keystoneclient/tests/client_fixtures.py
keystoneclient/tests/fakes.py
keystoneclient/tests/generic/__init__.py
keystoneclient/tests/generic/test_client.py
keystoneclient/tests/generic/test_shell.py
keystoneclient/tests/__init__.py
keystoneclient/tests/test_auth_token_middleware.py
keystoneclient/tests/test_base.py
keystoneclient/tests/test_cms.py
keystoneclient/tests/test_discovery.py
keystoneclient/tests/test_ec2utils.py
keystoneclient/tests/test_fixtures.py
keystoneclient/tests/test_http.py
keystoneclient/tests/test_https.py
keystoneclient/tests/test_keyring.py
keystoneclient/tests/test_memcache_crypt.py
keystoneclient/tests/test_s3_token_middleware.py
keystoneclient/tests/test_session.py
keystoneclient/tests/test_shell.py
keystoneclient/tests/test_utils.py
keystoneclient/tests/utils.py
keystoneclient/tests/v2_0/client_fixtures.py
keystoneclient/tests/v2_0/fakes.py
keystoneclient/tests/v2_0/__init__.py
keystoneclient/tests/v2_0/test_access.py
keystoneclient/tests/v2_0/test_auth.py
keystoneclient/tests/v2_0/test_client.py
keystoneclient/tests/v2_0/test_discovery.py
keystoneclient/tests/v2_0/test_ec2.py
keystoneclient/tests/v2_0/test_endpoints.py
keystoneclient/tests/v2_0/test_extensions.py
keystoneclient/tests/v2_0/test_roles.py
keystoneclient/tests/v2_0/test_service_catalog.py
keystoneclient/tests/v2_0/test_services.py
keystoneclient/tests/v2_0/test_shell.py
keystoneclient/tests/v2_0/test_tenants.py
keystoneclient/tests/v2_0/test_tokens.py
keystoneclient/tests/v2_0/test_users.py
keystoneclient/tests/v2_0/utils.py
keystoneclient/tests/v3/client_fixtures.py
keystoneclient/tests/v3/__init__.py
keystoneclient/tests/v3/saml2_fixtures.py
keystoneclient/tests/v3/test_access.py
keystoneclient/tests/v3/test_auth.py
keystoneclient/tests/v3/test_auth_saml2.py
keystoneclient/tests/v3/test_client.py
keystoneclient/tests/v3/test_credentials.py
keystoneclient/tests/v3/test_discover.py
keystoneclient/tests/v3/test_domains.py
keystoneclient/tests/v3/test_endpoint_filter.py
keystoneclient/tests/v3/test_endpoints.py
keystoneclient/tests/v3/test_federation.py
keystoneclient/tests/v3/test_groups.py
keystoneclient/tests/v3/test_oauth1.py
keystoneclient/tests/v3/test_policies.py
keystoneclient/tests/v3/test_projects.py
keystoneclient/tests/v3/test_regions.py
keystoneclient/tests/v3/test_role_assignments.py
keystoneclient/tests/v3/test_roles.py
keystoneclient/tests/v3/test_service_catalog.py
keystoneclient/tests/v3/test_services.py
keystoneclient/tests/v3/test_tokens.py
keystoneclient/tests/v3/test_trusts.py
keystoneclient/tests/v3/test_users.py
keystoneclient/tests/v3/utils.py
keystoneclient/utils.py
keystoneclient/v2_0/client.py
keystoneclient/v2_0/ec2.py
keystoneclient/v2_0/endpoints.py
keystoneclient/v2_0/extensions.py
keystoneclient/v2_0/__init__.py
keystoneclient/v2_0/roles.py
keystoneclient/v2_0/services.py
keystoneclient/v2_0/shell.py
keystoneclient/v2_0/tenants.py
keystoneclient/v2_0/tokens.py
keystoneclient/v2_0/users.py
keystoneclient/v3/client.py
keystoneclient/v3/contrib/endpoint_filter.py
keystoneclient/v3/contrib/federation/base.py
keystoneclient/v3/contrib/federation/core.py
keystoneclient/v3/contrib/federation/domains.py
keystoneclient/v3/contrib/federation/identity_providers.py
keystoneclient/v3/contrib/federation/__init__.py
keystoneclient/v3/contrib/federation/mappings.py
keystoneclient/v3/contrib/federation/projects.py
keystoneclient/v3/contrib/federation/protocols.py
keystoneclient/v3/contrib/__init__.py
keystoneclient/v3/contrib/oauth1/access_tokens.py
keystoneclient/v3/contrib/oauth1/auth.py
keystoneclient/v3/contrib/oauth1/consumers.py
keystoneclient/v3/contrib/oauth1/core.py
keystoneclient/v3/contrib/oauth1/__init__.py
keystoneclient/v3/contrib/oauth1/request_tokens.py
keystoneclient/v3/contrib/oauth1/utils.py
keystoneclient/v3/contrib/trusts.py
keystoneclient/v3/credentials.py
keystoneclient/v3/domains.py
keystoneclient/v3/endpoints.py
keystoneclient/v3/groups.py
keystoneclient/v3/__init__.py
keystoneclient/v3/policies.py
keystoneclient/v3/projects.py
keystoneclient/v3/regions.py
keystoneclient/v3/role_assignments.py
keystoneclient/v3/roles.py
keystoneclient/v3/services.py
keystoneclient/v3/tokens.py
keystoneclient/v3/users.py
LICENSE
MANIFEST.in
openstack-common.conf
README.rst
requirements.txt
run_tests.sh
setup.cfg
setup.py
.testr.conf
test-requirements.txt
tests/apiclient/test_exceptions.py
tests/client_fixtures.py
tests/fakes.py
tests/__init__.py
tests/test_access.py
tests/test_auth_token_middleware.py
tests/test_base.py
tests/test_client.py
tests/test_ec2utils.py
tests/test_http.py
tests/test_https.py
tests/test_keyring.py
tests/test_memcache_crypt.py
tests/test_service_catalog.py
tests/test_shell.py
tests/test_utils.py
tests/utils.py
tests/v2_0/client_fixtures.py
tests/v2_0/fakes.py
tests/v2_0/__init__.py
tests/v2_0/test_access.py
tests/v2_0/test_auth.py
tests/v2_0/test_client.py
tests/v2_0/test_discovery.py
tests/v2_0/test_ec2.py
tests/v2_0/test_endpoints.py
tests/v2_0/test_roles.py
tests/v2_0/test_service_catalog.py
tests/v2_0/test_services.py
tests/v2_0/test_shell.py
tests/v2_0/test_tenants.py
tests/v2_0/test_tokens.py
tests/v2_0/test_users.py
tests/v2_0/utils.py
tests/v3/client_fixtures.py
tests/v3/__init__.py
tests/v3/test_access.py
tests/v3/test_auth.py
tests/v3/test_client.py
tests/v3/test_credentials.py
tests/v3/test_discover.py
tests/v3/test_domains.py
tests/v3/test_endpoints.py
tests/v3/test_groups.py
tests/v3/test_policies.py
tests/v3/test_projects.py
tests/v3/test_roles.py
tests/v3/test_service_catalog.py
tests/v3/test_services.py
tests/v3/test_trusts.py
tests/v3/test_users.py
tests/v3/utils.py
tools/debug_helper.sh
tools/generate_authors.sh
tools/install_venv_common.py
tools/install_venv.py
tools/keystone.bash_completion
tools/pip-requires
tools/test-requires
tools/with_venv.sh
tox.ini
