bin/client
bin/db
bin/server
bin/setup_db
config/dev-config.yml
hadoop-swiftn-driver/build.xml
hadoop-swiftn-driver/conf/core-default.xml
hadoop-swiftn-driver/conf/core-site.xml
hadoop-swiftn-driver/conf/hdfs-site.xml
hadoop-swiftn-driver/conf/mapred-site.xml
hadoop-swiftn-driver/lib/hpswift.jar
hadoop-swiftn-driver/pom.xml
hadoop-swiftn-driver/src/main/java/org/apache/hadoop/fs/swiftnative/FileMetadata.java
hadoop-swiftn-driver/src/main/java/org/apache/hadoop/fs/swiftnative/NativeFileSystemStore.java
hadoop-swiftn-driver/src/main/java/org/apache/hadoop/fs/swiftnative/NativeSwiftFileSystem.java
hadoop-swiftn-driver/src/main/java/org/apache/hadoop/fs/swiftnative/PartialListing.java
hadoop-swiftn-driver/src/main/java/org/apache/hadoop/fs/swiftnative/SwiftNativeFileSystemStore.java
hadoop-swiftn-driver/src/main/java/org/apache/hadoop/fs/swift/SwiftCredentials.java
hadoop-swiftn-driver/src/main/java/org/apache/hadoop/fs/swift/SwiftException.java
hadoop-swiftn-driver/src/main/java/org/hpswift/service/Credentials.java
hadoop-swiftn-driver/src/main/java/org/hpswift/service/Swift.java
hadoop-swiftn-driver/src/main/java/org/hpswift/service/SwiftMetadata.java
hadoop-swiftn-driver/src/test/java/org/apache/hadoop/fs/swiftnative/NativeSwiftFileSystemContractBaseTest.java
hadoop-swiftn-driver/src/test/java/org/apache/hadoop/fs/swiftnative/SwiftNativeFileSystemContractTest.java
hadoop-swiftn-driver/src/test/java/org/apache/hadoop/fs/swift/TestSwiftNativeCredentials.java
hadoop-swiftn-driver/swift-examples
mraas/db_shell
mraas/dev-config.yml
mraas/pom.xml
mraas/run
mraas/src/main/java/com/hpcloud/mraas/cli/SetupDatabaseCommand.java
mraas/src/main/java/com/hpcloud/mraas/core/Cluster.java
mraas/src/main/java/com/hpcloud/mraas/core/Saying.java
mraas/src/main/java/com/hpcloud/mraas/db/ClusterDAO.java
mraas/src/main/java/com/hpcloud/mraas/health/TemplateHealthCheck.java
mraas/src/main/java/com/hpcloud/mraas/MraasConfiguration.java
mraas/src/main/java/com/hpcloud/mraas/MraasService.java
mraas/src/main/java/com/hpcloud/mraas/nova/Client.java
mraas/src/main/java/com/hpcloud/mraas/resources/ClusterResource.java
mraas/src/main/java/com/hpcloud/mraas/resources/ClustersResource.java
mraas/src/main/java/com/hpcloud/mraas/resources/HelloWorldResource.java
mraas/src/main/java/com/hpcloud/mraas/sagas/Provisioner.java
mraas/src/main/resources/banner.txt
mraas/src/main/resources/com/hpcloud/mraas/db/ClusterDAO.sql.stg
mraas/src/test/java/com/hpcloud/mraas/tests/core/ClusterTest.java
mraas/src/test/java/com/hpcloud/mraas/tests/nova/ClientTest.java
mraas/src/test/java/com/hpcloud/mraas/tests/resources/ClusterResourceTest.java
mraas/src/test/resources/fixtures/cluster.json
pom.xml
prototype/prototype/cli
prototype/prototype/cluster_manager.py
prototype/prototype/common.py
prototype/prototype/config.py.template
prototype/prototype/hadoop_cluster.py
prototype/prototype/nova_debug.py
prototype/prototype/provision.py
prototype/prototype/ssh.py
README
README.md
src/main/java/com/hpcloud/mraas/app/Destroyer.java
src/main/java/com/hpcloud/mraas/app/JobExecutor.java
src/main/java/com/hpcloud/mraas/app/Provisioner.java
src/main/java/com/hpcloud/mraas/cli/SetupDatabaseCommand.java
src/main/java/com/hpcloud/mraas/core/JobRunner.java
src/main/java/com/hpcloud/mraas/core/MapReduceJobError.java
src/main/java/com/hpcloud/mraas/core/MapReduceJob.java
src/main/java/com/hpcloud/mraas/core/MapReduceJobState.java
src/main/java/com/hpcloud/mraas/domain/Cluster.java
src/main/java/com/hpcloud/mraas/domain/ClusterJob.java
src/main/java/com/hpcloud/mraas/health/TemplateHealthCheck.java
src/main/java/com/hpcloud/mraas/MraasConfiguration.java
src/main/java/com/hpcloud/mraas/MraasService.java
src/main/java/com/hpcloud/mraas/nova/Client.java
src/main/java/com/hpcloud/mraas/persistence/ClusterDAO.java
src/main/java/com/hpcloud/mraas/persistence/MapReduceJobDAO.java
src/main/java/com/hpcloud/mraas/resources/ClusterResource.java
src/main/java/com/hpcloud/mraas/resources/ClustersResource.java
src/main/java/com/hpcloud/mraas/resources/MapReduceJobResource.java
src/main/java/com/hpcloud/mraas/resources/MapReduceJobStatusResource.java
src/main/java/com/hpcloud/mraas/ssh/SSH.java
src/main/resources/banner.txt
src/test/java/com/hpcloud/mraas/tests/domain/ClusterTest.java
src/test/java/com/hpcloud/mraas/tests/nova/ClientTest.java
src/test/java/com/hpcloud/mraas/tests/resources/ClusterResourceTest.java
src/test/resources/fixtures/cluster.json
