activate_venv.sh
ajaxterm/ajaxterm.1
ajaxterm/ajaxterm.css
ajaxterm/ajaxterm.html
ajaxterm/ajaxterm.js
ajaxterm/ajaxterm.py
ajaxterm/configure
ajaxterm/configure.ajaxterm.bin
ajaxterm/configure.initd.debian
ajaxterm/configure.initd.gentoo
ajaxterm/configure.initd.redhat
ajaxterm/configure.makefile
ajaxterm/qweb.py
ajaxterm/sarissa_dhtml.js
ajaxterm/sarissa.js
clean_file_locks.py
clean-vlans
conf/analyze_opts.py
conf/create_conf.py
conf/extract_opts.py
conf/generate_sample.sh
conf/run.sh
CONTRIBUTING.rst
db/schema_diff.py
db/validate_compacted_migration.py
doc/source/conf.py
doc/source/index.rst
doc/source/readme.rst
doc/source/static/basic.css
doc/source/static/default.css
doc/source/static/header-line.gif
doc/source/static/jquery.tweet.js
doc/source/static/nature.css
doc/source/static/tweaks.css
doc/source/_templates/.placeholder
doc/source/_theme/layout.html
doc/source/_theme/theme.conf
enable-pre-commit-hook.sh
esx/guest_tool.py
euca_additions/euca-get-ajax-console
euca-get-ajax-console
euca-get-vnc-console
eventlet-patch
flakes.py
hacking/checks/comments.py
hacking/checks/dictlist.py
hacking/checks/docstrings.py
hacking/checks/except_checks.py
hacking/checks/git.py
hacking/checks/imports.py
hacking/checks/__init__.py
hacking/checks/localization.py
hacking/checks/other.py
hacking/checks/python23.py
hacking/config.py
hacking/core.py
hacking/__init__.py
hacking.py
HACKING.rst
hacking/tests/checks/__init__.py
hacking/tests/checks/test_comments.py
hacking/tests/__init__.py
hacking/tests/test_config.py
hacking/tests/test_core.py
hacking/tests/test_doctest.py
hacking/tests/test_gittest.py
hacking/tests/test_import_exceptions.py
hacking/tests/test_local.py
hacking/tests/test_noqa_decorator.py
install_venv_common.py
install_venv.py
integration-test/test.sh
iscsidev.sh
LICENSE
lintstack.py
lintstack.sh
MANIFEST.in
nova-debug
nova-manage.bash_completion
patch_tox_venv.py
pip-requires
README.rst
regression_tester.py
requirements.txt
rfc.sh
run_pep8.sh
setup.cfg
setup_ipchains.sh
setup_iptables.sh
setup.py
test-options
.testr.conf
test-requirements.txt
test-requires
tox.ini
unused_imports.sh
with_venv.sh
xenserver/cleanup_sm_locks.py
xenserver/destroy_cached_images.py
xenserver/stress_test.py
xenserver/vdi_chain_cleanup.py
xenserver/vm_vdi_cleaner.py
