api/backends/compute.py
api/backends/__init__.py
api/backends/network.py
api/backends/openstack.py
api/backends/storage.py
api/compute/compute_resource.py
api/compute/computeresource.py
api/compute/__init__.py
api/compute/openstack.py
api/compute/templates.py
api/extensions/fiware.py
api/extensions/__init__.py
api/extensions/occi_future.py
api/extensions/openstack.py
api/extensions/os_addon.py
api/extensions/templates.py
api/__init__.py
api/network/__init__.py
api/network/networklink.py
api/network/networkresource.py
api/nova_glue.py
api-paste.ini
api/registry.py
api/storage/__init__.py
api/storage/storagelink.py
api/storage/storageresource.py
api/wsgi_app.py
api/wsgi.py
doc/occi.md
LICENSE
nova_glue/__init__.py
nova_glue/net.py
nova_glue.py
nova_glue/security.py
nova_glue/storage.py
nova_glue/vm.py
nova_glue/vol.py
occi_os_api/backends/compute.py
occi_os_api/backends/__init__.py
occi_os_api/backends/network.py
occi_os_api/backends/openstack.py
occi_os_api/backends/storage.py
occi_os_api/extensions/__init__.py
occi_os_api/extensions/os_addon.py
occi_os_api/extensions/os_mixins.py
occi_os_api/extensions/templates.py
occi_os_api/__init__.py
occi_os_api/nova_glue/__init__.py
occi_os_api/nova_glue/net.py
occi_os_api/nova_glue/security.py
occi_os_api/nova_glue/storage.py
occi_os_api/nova_glue/vm.py
occi_os_api/registry.py
occi_os_api/wsgi.py
README.md
runme.py
run_tests.sh
setup.py
tests/api_registry_test.py
tests/dummy_api.py
tests/extensions/__init__.py
tests/extensions/test_occi_future.py
tests/extensions/test_openstack.py
tests/__init__.py
tests/system_test.py
tests/test_backends_compute.py
tests/test_backends_network.py
tests/test_backends_storage.py
tests/test_computeresource.py
tests/test_storageresource.py
tests/test_wsgi.py
