bin/ceilometer-agent
bin/ceilometer-agent-central
bin/ceilometer-agent-compute
bin/ceilometer-api
bin/ceilometer-api-v1
bin/ceilometer-api-v2
bin/ceilometer-collector
bin/ceilometer-dbsync
bin/ceilometer-nova-compute
bin/ceilometer-nova-instance
bin/ceilometer-rpc-zmq-receiver
bin/ceilometer-send-counter
bin/ceilometer-test-event.py
ceilometer/agent/__init__.py
ceilometer/agent/manager.py
ceilometer/agent.py
ceilometer/alarm/evaluator/combination.py
ceilometer/alarm/evaluator/__init__.py
ceilometer/alarm/evaluator/threshold.py
ceilometer/alarm/evaluator/utils.py
ceilometer/alarm/__init__.py
ceilometer/alarm/notifier/__init__.py
ceilometer/alarm/notifier/log.py
ceilometer/alarm/notifier/rest.py
ceilometer/alarm/notifier/test.py
ceilometer/alarm/notifier/trust.py
ceilometer/alarm/partition/coordination.py
ceilometer/alarm/partition/__init__.py
ceilometer/alarm/rpc.py
ceilometer/alarm/service.py
ceilometer/alarm/storage/base.py
ceilometer/alarm/storage/impl_db2.py
ceilometer/alarm/storage/impl_hbase.py
ceilometer/alarm/storage/impl_log.py
ceilometer/alarm/storage/impl_mongodb.py
ceilometer/alarm/storage/impl_sqlalchemy.py
ceilometer/alarm/storage/__init__.py
ceilometer/alarm/storage/models.py
ceilometer/alarm/storage/pymongo_base.py
ceilometer/alarm/threshold_evaluation.py
ceilometer/api/acl.py
ceilometer/api/app.py
ceilometer/api/app.wsgi
ceilometer/api/config.py
ceilometer/api/controllers/__init__.py
ceilometer/api/controllers/root.py
ceilometer/api/controllers/v2.py
ceilometer/api/hooks.py
ceilometer/api/__init__.py
ceilometer/api/__main__.py
ceilometer/api/middleware.py
ceilometer/api/static/bootstrap/css/bootstrap.css
ceilometer/api/static/bootstrap/css/bootstrap.min.css
ceilometer/api/static/bootstrap/css/bootstrap-responsive.css
ceilometer/api/static/bootstrap/css/bootstrap-responsive.min.css
ceilometer/api/static/bootstrap/js/bootstrap.js
ceilometer/api/static/bootstrap/js/bootstrap.min.js
ceilometer/api/static/d3.v2.js
ceilometer/api/static/d3.v2.min.js
ceilometer/api/static/jquery-1.8.2.min.js
ceilometer/api/static/jquery-1.8.3.js
ceilometer/api/static/LICENSE.d3.v2.min.js
ceilometer/api/static/LICENSE.rickshaw
ceilometer/api/static/rickshaw
ceilometer/api/static/rickshaw.css
ceilometer/api/static/rickshaw.js
ceilometer/api/static/rickshaw.min.css
ceilometer/api/static/rickshaw.min.js
ceilometer/api/templates/list_event.html
ceilometer/api/v1/acl.py
ceilometer/api/v1/app.py
ceilometer/api/v1/blueprint.py
ceilometer/api/v1/__init__.py
ceilometer/api/v1.py
ceilometer/api/v1/static/bootstrap/css/bootstrap.css
ceilometer/api/v1/static/bootstrap/css/bootstrap-responsive.css
ceilometer/api/v1/static/bootstrap/js/bootstrap.js
ceilometer/api/v1/static/d3.v2.js
ceilometer/api/v1/static/jquery-1.8.3.js
ceilometer/api/v1/static/LICENSE.d3.v2.min.js
ceilometer/api/v1/static/LICENSE.rickshaw
ceilometer/api/v1/static/rickshaw.css
ceilometer/api/v1/static/rickshaw.js
ceilometer/api/v1/templates/list_event.html
ceilometer/central/__init__.py
ceilometer/central/manager.py
ceilometer/central/plugin.py
ceilometer/cfg.py
ceilometer/cli.py
ceilometer/cmd/agent_central.py
ceilometer/cmd/agent_compute.py
ceilometer/cmd/agent_notification.py
ceilometer/cmd/alarm.py
ceilometer/cmd/api.py
ceilometer/cmd/collector.py
ceilometer/cmd/__init__.py
ceilometer/cmd/storage.py
ceilometer/collector/dispatcher/database.py
ceilometer/collector/dispatcher/file.py
ceilometer/collector/dispatcher/__init__.py
ceilometer/collector/dispatcher.py
ceilometer/collector/__init__.py
ceilometer/collector/manager.py
ceilometer/collector/meter.py
ceilometer/collector.py
ceilometer/collector/service.py
ceilometer/compute/discovery.py
ceilometer/compute/__init__.py
ceilometer/compute/instance.py
ceilometer/compute/libvirt.py
ceilometer/compute/manager.py
ceilometer/compute/network.py
ceilometer/compute/notifications/cpu.py
ceilometer/compute/notifications/__init__.py
ceilometer/compute/notifications/instance.py
ceilometer/compute/notifications.py
ceilometer/compute/nova_notifier/folsom.py
ceilometer/compute/nova_notifier/grizzly.py
ceilometer/compute/nova_notifier/__init__.py
ceilometer/compute/nova_notifier.py
ceilometer/compute/plugin.py
ceilometer/compute/pollsters/cpu.py
ceilometer/compute/pollsters/disk.py
ceilometer/compute/pollsters/__init__.py
ceilometer/compute/pollsters/instance.py
ceilometer/compute/pollsters/memory.py
ceilometer/compute/pollsters/net.py
ceilometer/compute/pollsters.py
ceilometer/compute/pollsters/util.py
ceilometer/compute/resources.py
ceilometer/compute/util.py
ceilometer/compute/virt/hyperv/__init__.py
ceilometer/compute/virt/hyperv/inspector.py
ceilometer/compute/virt/hyperv/utilsv2.py
ceilometer/compute/virt/__init__.py
ceilometer/compute/virt/inspector.py
ceilometer/compute/virt/libvirt/__init__.py
ceilometer/compute/virt/libvirt/inspector.py
ceilometer/compute/virt/vmware/__init__.py
ceilometer/compute/virt/vmware/inspector.py
ceilometer/compute/virt/vmware/vsphere_operations.py
ceilometer/counter.py
ceilometer/data_processing/__init__.py
ceilometer/data_processing/notifications.py
ceilometer/dispatcher/database.py
ceilometer/dispatcher/file.py
ceilometer/dispatcher/__init__.py
ceilometer/energy/__init__.py
ceilometer/energy/kwapi.py
ceilometer/event/converter.py
ceilometer/event/endpoint.py
ceilometer/event/__init__.py
ceilometer/event/trait_plugins.py
ceilometer/extension_manager.py
ceilometer/hardware/discovery.py
ceilometer/hardware/__init__.py
ceilometer/hardware/inspector/base.py
ceilometer/hardware/inspector/__init__.py
ceilometer/hardware/inspector/snmp.py
ceilometer/hardware/notifications/__init__.py
ceilometer/hardware/notifications/ipmi.py
ceilometer/hardware/plugin.py
ceilometer/hardware/pollsters/cpu.py
ceilometer/hardware/pollsters/disk.py
ceilometer/hardware/pollsters/__init__.py
ceilometer/hardware/pollsters/memory.py
ceilometer/hardware/pollsters/net.py
ceilometer/hardware/pollsters/util.py
ceilometer/identity/__init__.py
ceilometer/identity/notifications.py
ceilometer/image/glance.py
ceilometer/image/__init__.py
ceilometer/image/notifications.py
ceilometer/__init__.py
ceilometer/log.py
ceilometer/messaging.py
ceilometer/meter.py
ceilometer/middleware.py
ceilometer/network/floatingip.py
ceilometer/network/__init__.py
ceilometer/network/notifications.py
ceilometer/network/services/base.py
ceilometer/network/services/discovery.py
ceilometer/network/services/fwaas.py
ceilometer/network/services/__init__.py
ceilometer/network/services/lbaas.py
ceilometer/network/services/vpnaas.py
ceilometer/network/statistics/driver.py
ceilometer/network/statistics/flow.py
ceilometer/network/statistics/__init__.py
ceilometer/network/statistics/opencontrail/client.py
ceilometer/network/statistics/opencontrail/driver.py
ceilometer/network/statistics/opencontrail/__init__.py
ceilometer/network/statistics/opendaylight/client.py
ceilometer/network/statistics/opendaylight/driver.py
ceilometer/network/statistics/opendaylight/__init__.py
ceilometer/network/statistics/port.py
ceilometer/network/statistics/switch.py
ceilometer/network/statistics/table.py
ceilometer/neutron_client.py
ceilometer/notification.py
ceilometer/notifier.py
ceilometer/nova_client.py
ceilometer/nova/__init__.py
ceilometer/nova/manager.py
ceilometer/objectstore/__init__.py
ceilometer/objectstore/swift_middleware.py
ceilometer/objectstore/swift.py
ceilometer/openstack/common/cfg.py
ceilometer/openstack/common/config/generator.py
ceilometer/openstack/common/config/__init__.py
ceilometer/openstack/common/context.py
ceilometer/openstack/common/db/api.py
ceilometer/openstack/common/db/exception.py
ceilometer/openstack/common/db/__init__.py
ceilometer/openstack/common/db/options.py
ceilometer/openstack/common/db/sqlalchemy/__init__.py
ceilometer/openstack/common/db/sqlalchemy/migration.py
ceilometer/openstack/common/db/sqlalchemy/models.py
ceilometer/openstack/common/db/sqlalchemy/provision.py
ceilometer/openstack/common/db/sqlalchemy/session.py
ceilometer/openstack/common/db/sqlalchemy/test_base.py
ceilometer/openstack/common/db/sqlalchemy/test_migrations.py
ceilometer/openstack/common/db/sqlalchemy/utils.py
ceilometer/openstack/common/deprecated/__init__.py
ceilometer/openstack/common/deprecated/wsgi.py
ceilometer/openstack/common/eventlet_backdoor.py
ceilometer/openstack/common/exception.py
ceilometer/openstack/common/excutils.py
ceilometer/openstack/common/fileutils.py
ceilometer/openstack/common/fixture/config.py
ceilometer/openstack/common/fixture/__init__.py
ceilometer/openstack/common/fixture/lockutils.py
ceilometer/openstack/common/fixture/logging.py
ceilometer/openstack/common/fixture/mockpatch.py
ceilometer/openstack/common/fixture/moxstubout.py
ceilometer/openstack/common/gettextutils.py
ceilometer/openstack/common/importutils.py
ceilometer/openstack/common/iniparser.py
ceilometer/openstack/common/__init__.py
ceilometer/openstack/common/jsonutils.py
ceilometer/openstack/common/local.py
ceilometer/openstack/common/lockutils.py
ceilometer/openstack/common/log_handler.py
ceilometer/openstack/common/log.py
ceilometer/openstack/common/loopingcall.py
ceilometer/openstack/common/middleware/audit.py
ceilometer/openstack/common/middleware/base.py
ceilometer/openstack/common/middleware/catch_errors.py
ceilometer/openstack/common/middleware/context.py
ceilometer/openstack/common/middleware/correlation_id.py
ceilometer/openstack/common/middleware/debug.py
ceilometer/openstack/common/middleware/__init__.py
ceilometer/openstack/common/middleware/notifier.py
ceilometer/openstack/common/middleware/request_id.py
ceilometer/openstack/common/middleware/sizelimit.py
ceilometer/openstack/common/network_utils.py
ceilometer/openstack/common/notifier/api.py
ceilometer/openstack/common/notifier/__init__.py
ceilometer/openstack/common/notifier/list_notifier.py
ceilometer/openstack/common/notifier/log_notifier.py
ceilometer/openstack/common/notifier/no_op_notifier.py
ceilometer/openstack/common/notifier/proxy.py
ceilometer/openstack/common/notifier/rabbit_notifier.py
ceilometer/openstack/common/notifier/rpc_notifier2.py
ceilometer/openstack/common/notifier/rpc_notifier.py
ceilometer/openstack/common/notifier/test_notifier.py
ceilometer/openstack/common/policy.py
ceilometer/openstack/common/processutils.py
ceilometer/openstack/common/py3kcompat/__init__.py
ceilometer/openstack/common/py3kcompat/urlutils.py
ceilometer/openstack/common/rpc/amqp.py
ceilometer/openstack/common/rpc/common.py
ceilometer/openstack/common/rpc/dispatcher.py
ceilometer/openstack/common/rpc/impl_fake.py
ceilometer/openstack/common/rpc/impl_kombu.py
ceilometer/openstack/common/rpc/impl_qpid.py
ceilometer/openstack/common/rpc/impl_zmq.py
ceilometer/openstack/common/rpc/__init__.py
ceilometer/openstack/common/rpc/matchmaker.py
ceilometer/openstack/common/rpc/matchmaker_redis.py
ceilometer/openstack/common/rpc/matchmaker_ring.py
ceilometer/openstack/common/rpc/proxy.py
ceilometer/openstack/common/rpc/securemessage.py
ceilometer/openstack/common/rpc/serializer.py
ceilometer/openstack/common/rpc/service.py
ceilometer/openstack/common/rpc/zmq_receiver.py
ceilometer/openstack/common/service.py
ceilometer/openstack/common/setup.py
ceilometer/openstack/common/sslutils.py
ceilometer/openstack/common/strutils.py
ceilometer/openstack/common/systemd.py
ceilometer/openstack/common/test.py
ceilometer/openstack/common/threadgroup.py
ceilometer/openstack/common/timeutils.py
ceilometer/openstack/common/units.py
ceilometer/openstack/common/uuidutils.py
ceilometer/openstack/common/version.py
ceilometer/openstack/common/versionutils.py
ceilometer/openstack/common/xmlutils.py
ceilometer/openstack/__init__.py
ceilometer/orchestration/__init__.py
ceilometer/orchestration/notifications.py
ceilometer/pipeline.py
ceilometer/plugin.py
ceilometer/policy.py
ceilometer/profiler/__init__.py
ceilometer/profiler/notifications.py
ceilometer/publisher/file.py
ceilometer/publisher/__init__.py
ceilometer/publisher/meter_publish.py
ceilometer/publisher/meter.py
ceilometer/publisher/rpc.py
ceilometer/publisher/test.py
ceilometer/publisher/udp.py
ceilometer/publisher/utils.py
ceilometer/publish.py
ceilometer/rpc/__init__.py
ceilometer/sample.py
ceilometer/service.py
ceilometer/signature.py
ceilometer/storage/base.py
ceilometer/storage/hbase/__init__.py
ceilometer/storage/hbase/inmemory.py
ceilometer/storage/hbase/utils.py
ceilometer/storage/impl_db2.py
ceilometer/storage/impl_hbase.py
ceilometer/storage/impl_log.py
ceilometer/storage/impl_mongodb.py
ceilometer/storage/impl_sqlalchemy.py
ceilometer/storage/impl_test.py
ceilometer/storage/__init__.py
ceilometer/storage/migration.py
ceilometer/storage/models.py
ceilometer/storage/mongo/__init__.py
ceilometer/storage/mongo/utils.py
ceilometer/storage/pymongo_base.py
ceilometer/storage/sqlalchemy/alembic/alembic.ini
ceilometer/storage/sqlalchemy/alembic/env.py
ceilometer/storage/sqlalchemy/alembic/script.py.mako
ceilometer/storage/sqlalchemy/alembic/versions/17738166b91_fix_meter_resource_m.py
ceilometer/storage/sqlalchemy/alembic/versions/2c3ccda5a3ad_fix_uniq_name.py
ceilometer/storage/sqlalchemy/alembic/versions/43b1a023dfaa_add_column_repeat_al.py
ceilometer/storage/sqlalchemy/alembic/versions/b6ae66d05e3_remove_extra_indexes.py
ceilometer/storage/sqlalchemy/__init__.py
ceilometer/storage/sqlalchemy/migrate_repo/__init__.py
ceilometer/storage/sqlalchemy/migrate_repo/manage.py
ceilometer/storage/sqlalchemy/migrate_repo/migrate.cfg
ceilometer/storage/sqlalchemy/migrate_repo/versions/001_add_meter_table.py
ceilometer/storage/sqlalchemy/migrate_repo/versions/002_remove_duration.py
ceilometer/storage/sqlalchemy/migrate_repo/versions/003_set_utf8_charset.py
ceilometer/storage/sqlalchemy/migrate_repo/versions/004_add_counter_unit.py
ceilometer/storage/sqlalchemy/migrate_repo/versions/005_remove_resource_timestamp.py
ceilometer/storage/sqlalchemy/migrate_repo/versions/006_counter_volume_is_float.py
ceilometer/storage/sqlalchemy/migrate_repo/versions/007_add_alarm_table.py
ceilometer/storage/sqlalchemy/migrate_repo/versions/008_add_events.py
ceilometer/storage/sqlalchemy/migrate_repo/versions/009_event_strings.py
ceilometer/storage/sqlalchemy/migrate_repo/versions/010_add_index_to_meter.py
ceilometer/storage/sqlalchemy/migrate_repo/versions/011_indexes_cleanup.py
ceilometer/storage/sqlalchemy/migrate_repo/versions/012_add_missing_foreign_keys.py
ceilometer/storage/sqlalchemy/migrate_repo/versions/013_rename_counter_to_meter_alarm.py
ceilometer/storage/sqlalchemy/migrate_repo/versions/014_add_event_message_id.py
ceilometer/storage/sqlalchemy/migrate_repo/versions/015_add_alarm_history_table.py
ceilometer/storage/sqlalchemy/migrate_repo/versions/016_simpler_alarm.py
ceilometer/storage/sqlalchemy/migrate_repo/versions/017_convert_timestamp_as_datetime_to_decimal.py
ceilometer/storage/sqlalchemy/migrate_repo/versions/018_resource_resource_metadata_is_text.py
ceilometer/storage/sqlalchemy/migrate_repo/versions/019_alarm_history_detail_is_text.py
ceilometer/storage/sqlalchemy/migrate_repo/versions/020_add_metadata_tables.py
ceilometer/storage/sqlalchemy/migrate_repo/versions/021_add_event_types.py
ceilometer/storage/sqlalchemy/migrate_repo/versions/021_sqlite_downgrade.sql
ceilometer/storage/sqlalchemy/migrate_repo/versions/021_sqlite_upgrade.sql
ceilometer/storage/sqlalchemy/migrate_repo/versions/022_metadata_int_is_bigint.py
ceilometer/storage/sqlalchemy/migrate_repo/versions/023_add_trait_types.py
ceilometer/storage/sqlalchemy/migrate_repo/versions/023_sqlite_downgrade.sql
ceilometer/storage/sqlalchemy/migrate_repo/versions/023_sqlite_upgrade.sql
ceilometer/storage/sqlalchemy/migrate_repo/versions/024_event_use_floatingprecision.py
ceilometer/storage/sqlalchemy/migrate_repo/versions/025_alarm_use_floatingprecision.py
ceilometer/storage/sqlalchemy/migrate_repo/versions/026_float_size.py
ceilometer/storage/sqlalchemy/migrate_repo/versions/027_remove_alarm_fk_constraints.py
ceilometer/storage/sqlalchemy/migrate_repo/versions/028_alembic_migrations.py
ceilometer/storage/sqlalchemy/migrate_repo/versions/029_sample_recorded_at.py
ceilometer/storage/sqlalchemy/migrate_repo/versions/030_rename_meter_table.py
ceilometer/storage/sqlalchemy/migrate_repo/versions/031_add_new_meter_table.py
ceilometer/storage/sqlalchemy/migrate_repo/versions/032_add_alarm_time_constraints.py
ceilometer/storage/sqlalchemy/migrate_repo/versions/033_alarm_id_rename.py
ceilometer/storage/sqlalchemy/migrate_repo/versions/034_drop_dump_tables.py
ceilometer/storage/sqlalchemy/migrate_repo/versions/035_drop_user_project_tables.py
ceilometer/storage/sqlalchemy/migrate_repo/versions/036_drop_sourceassoc_resource_tables.py
ceilometer/storage/sqlalchemy/migrate_repo/versions/037_sample_index_cleanup.py
ceilometer/storage/sqlalchemy/migrate_repo/versions/__init__.py
ceilometer/storage/sqlalchemy/migration.py
ceilometer/storage/sqlalchemy/models.py
ceilometer/storage/sqlalchemy/session.py
ceilometer/storage/sqlalchemy/utils.py
ceilometer/tests/agentbase.py
ceilometer/tests/alarm/evaluator/base.py
ceilometer/tests/alarm/evaluator/__init__.py
ceilometer/tests/alarm/evaluator/test_base.py
ceilometer/tests/alarm/evaluator/test_combination.py
ceilometer/tests/alarm/evaluator/test_threshold.py
ceilometer/tests/alarm/__init__.py
ceilometer/tests/alarm/partition/__init__.py
ceilometer/tests/alarm/partition/test_coordination.py
ceilometer/tests/alarm/test_notifier.py
ceilometer/tests/alarm/test_partitioned_alarm_svc.py
ceilometer/tests/alarm/test_rpc.py
ceilometer/tests/alarm/test_singleton_alarm_svc.py
ceilometer/tests/api/__init__.py
ceilometer/tests/api.py
ceilometer/tests/api/test_app.py
ceilometer/tests/api/v1/__init__.py
ceilometer/tests/api/v1/test_app.py
ceilometer/tests/api/v1/test_compute_duration_by_resource_scenarios.py
ceilometer/tests/api/v1/test_get_query_ts.py
ceilometer/tests/api/v1/test_list_events_scenarios.py
ceilometer/tests/api/v1/test_list_meters_scenarios.py
ceilometer/tests/api/v1/test_list_projects_scenarios.py
ceilometer/tests/api/v1/test_list_resources_scenarios.py
ceilometer/tests/api/v1/test_list_sources_scenarios.py
ceilometer/tests/api/v1/test_list_users_scenarios.py
ceilometer/tests/api/v1/test_max_project_volume_scenarios.py
ceilometer/tests/api/v1/test_max_resource_volume_scenarios.py
ceilometer/tests/api/v1/test_sum_project_volume_scenarios.py
ceilometer/tests/api/v1/test_sum_resource_volume_scenarios.py
ceilometer/tests/api/v2/__init__.py
ceilometer/tests/api/v2/test_acl_scenarios.py
ceilometer/tests/api/v2/test_alarm_scenarios.py
ceilometer/tests/api/v2/test_app.py
ceilometer/tests/api/v2/test_capabilities.py
ceilometer/tests/api/v2/test_complex_query.py
ceilometer/tests/api/v2/test_complex_query_scenarios.py
ceilometer/tests/api/v2/test_compute_duration_by_resource_scenarios.py
ceilometer/tests/api/v2/test_event_scenarios.py
ceilometer/tests/api/v2/test_list_events_scenarios.py
ceilometer/tests/api/v2/test_list_meters_scenarios.py
ceilometer/tests/api/v2/test_list_resources_scenarios.py
ceilometer/tests/api/v2/test_post_samples_scenarios.py
ceilometer/tests/api/v2/test_query.py
ceilometer/tests/api/v2/test_statistics.py
ceilometer/tests/api/v2/test_statistics_scenarios.py
ceilometer/tests/api/v2/test_wsme_custom_type.py
ceilometer/tests/base.py
ceilometer/tests/central/__init__.py
ceilometer/tests/central/test_manager.py
ceilometer/tests/collector/dispatcher/__init__.py
ceilometer/tests/collector/dispatcher/test_db.py
ceilometer/tests/collector/dispatcher/test_file.py
ceilometer/tests/collector/__init__.py
ceilometer/tests/collector/test_service.py
ceilometer/tests/compute/__init__.py
ceilometer/tests/compute/notifications/__init__.py
ceilometer/tests/compute/notifications/test_cpu.py
ceilometer/tests/compute/notifications/test_instance.py
ceilometer/tests/compute/pollsters/base.py
ceilometer/tests/compute/pollsters/__init__.py
ceilometer/tests/compute/pollsters/test_cpu.py
ceilometer/tests/compute/pollsters/test_diskio.py
ceilometer/tests/compute/pollsters/test_instance.py
ceilometer/tests/compute/pollsters/test_location_metadata.py
ceilometer/tests/compute/pollsters/test_memory.py
ceilometer/tests/compute/pollsters/test_net.py
ceilometer/tests/compute/test_manager.py
ceilometer/tests/compute/test_notifications.py
ceilometer/tests/compute/virt/hyperv/__init__.py
ceilometer/tests/compute/virt/hyperv/test_inspector.py
ceilometer/tests/compute/virt/hyperv/test_utilsv2.py
ceilometer/tests/compute/virt/__init__.py
ceilometer/tests/compute/virt/libvirt/__init__.py
ceilometer/tests/compute/virt/libvirt/test_inspector.py
ceilometer/tests/compute/virt/vmware/__init__.py
ceilometer/tests/compute/virt/vmware/test_inspector.py
ceilometer/tests/compute/virt/vmware/test_vsphere_operations.py
ceilometer/tests/data_processing/__init__.py
ceilometer/tests/data_processing/test_notifications.py
ceilometer/tests/db.py
ceilometer/tests/dispatcher/__init__.py
ceilometer/tests/dispatcher/test_db.py
ceilometer/tests/dispatcher/test_file.py
ceilometer/tests/energy/__init__.py
ceilometer/tests/energy/test_kwapi.py
ceilometer/tests/event/__init__.py
ceilometer/tests/event/test_converter.py
ceilometer/tests/event/test_endpoint.py
ceilometer/tests/event/test_trait_plugins.py
ceilometer/tests/hardware/__init__.py
ceilometer/tests/hardware/inspector/base.py
ceilometer/tests/hardware/inspector/__init__.py
ceilometer/tests/hardware/inspector/test_inspector.py
ceilometer/tests/hardware/inspector/test_snmp.py
ceilometer/tests/hardware/notifications/__init__.py
ceilometer/tests/hardware/notifications/ipmi_test_data.py
ceilometer/tests/hardware/notifications/test_ipmi.py
ceilometer/tests/hardware/pollsters/base.py
ceilometer/tests/hardware/pollsters/__init__.py
ceilometer/tests/hardware/pollsters/test_cpu.py
ceilometer/tests/hardware/pollsters/test_disk.py
ceilometer/tests/hardware/pollsters/test_memory.py
ceilometer/tests/hardware/pollsters/test_net.py
ceilometer/tests/identity/__init__.py
ceilometer/tests/identity/test_notifications.py
ceilometer/tests/image/__init__.py
ceilometer/tests/image/test_glance.py
ceilometer/tests/image/test_notifications.py
ceilometer/tests/__init__.py
ceilometer/tests/network/__init__.py
ceilometer/tests/network/services/__init__.py
ceilometer/tests/network/services/test_fwaas.py
ceilometer/tests/network/services/test_lbaas.py
ceilometer/tests/network/services/test_vpnaas.py
ceilometer/tests/network/statistics/__init__.py
ceilometer/tests/network/statistics/opencontrail/__init__.py
ceilometer/tests/network/statistics/opencontrail/test_client.py
ceilometer/tests/network/statistics/opencontrail/test_driver.py
ceilometer/tests/network/statistics/opendaylight/__init__.py
ceilometer/tests/network/statistics/opendaylight/test_client.py
ceilometer/tests/network/statistics/opendaylight/test_driver.py
ceilometer/tests/network/statistics/test_driver.py
ceilometer/tests/network/statistics/test_flow.py
ceilometer/tests/network/statistics/test_port.py
ceilometer/tests/network/statistics/test_statistics.py
ceilometer/tests/network/statistics/test_switch.py
ceilometer/tests/network/statistics/test_table.py
ceilometer/tests/network/test_floatingip.py
ceilometer/tests/network/test_notifications.py
ceilometer/tests/objectstore/__init__.py
ceilometer/tests/objectstore/test_swift_middleware.py
ceilometer/tests/objectstore/test_swift.py
ceilometer/tests/orchestration/__init__.py
ceilometer/tests/orchestration/test_notifications.py
ceilometer/tests/pipeline_base.py
ceilometer/tests/profiler/__init__.py
ceilometer/tests/profiler/test_notifications.py
ceilometer/tests/publisher/__init__.py
ceilometer/tests/publisher/test_file.py
ceilometer/tests/publisher/test_rpc_publisher.py
ceilometer/tests/publisher/test_udp.py
ceilometer/tests/publisher/test_utils.py
ceilometer/tests/skip.py
ceilometer/tests/sources.json
ceilometer/tests/storage/__init__.py
ceilometer/tests/storage/sqlalchemy/__init__.py
ceilometer/tests/storage/sqlalchemy/test_models.py
ceilometer/tests/storage/test_base.py
ceilometer/tests/storage/test_get_connection.py
ceilometer/tests/storage/test_get_engine.py
ceilometer/tests/storage/test_impl_db2.py
ceilometer/tests/storage/test_impl_hbase.py
ceilometer/tests/storage/test_impl_log.py
ceilometer/tests/storage/test_impl_mongodb.py
ceilometer/tests/storage/test_impl_sqlalchemy.py
ceilometer/tests/storage/test_models.py
ceilometer/tests/storage/test_pymongo_base.py
ceilometer/tests/storage/test_storage_scenarios.py
ceilometer/tests/test_bin.py
ceilometer/tests/test_collector.py
ceilometer/tests/test_decoupled_pipeline.py
ceilometer/tests/test_deprecated_pipeline.py
ceilometer/tests/test_messaging.py
ceilometer/tests/test_middleware.py
ceilometer/tests/test_neutronclient.py
ceilometer/tests/test_notification.py
ceilometer/tests/test_notifier.py
ceilometer/tests/test_novaclient.py
ceilometer/tests/test_pipeline.py
ceilometer/tests/test_plugin.py
ceilometer/tests/test_service.py
ceilometer/tests/test_utils.py
ceilometer/tests/volume/__init__.py
ceilometer/tests/volume/test_notifications.py
ceilometer/transformer/accumulator.py
ceilometer/transformer/arithmetic.py
ceilometer/transformer/conversions.py
ceilometer/transformer/__init__.py
ceilometer/utils.py
ceilometer/version.py
ceilometer/volume/__init__.py
ceilometer/volume/notifications.py
CONTRIBUTING.rst
.coveragerc
doc/dev/agent/writing_agent_plugin.rst
doc/dev/index.rst
doc/dev/initial_setup.rst
doc/requirements.txt
doc/source/agent/writing_agent_plugin.rst
doc/source/api/index.rst
doc/source/api.rst
doc/source/architecture.rst
doc/source/ceilext/api.py
doc/source/ceilext/__init__.py
doc/source/configuration.rst
doc/source/conf.py
doc/source/contributing/areas.rst
doc/source/contributing/index.rst
doc/source/contributing/plugins.rst
doc/source/contributing/resources.rst
doc/source/contributing/source.rst
doc/source/contributing/user.rst
doc/source/events.rst
doc/source/glossary.rst
doc/source/index.rst
doc/source/initial_setup.rst
doc/source/install/dbreco.rst
doc/source/install/development.rst
doc/source/install/index.rst
doc/source/install/manual.rst
doc/source/install/mod_wsgi.rst
doc/source/install.rst
doc/source/measurements.rst
doc/source/releasenotes/folsom.rst
doc/source/releasenotes/index.rst
doc/source/_static/basic.css
doc/source/_static/default.css
doc/source/_static/header-line.gif
doc/source/_static/jquery.tweet.js
doc/source/_static/nature.css
doc/source/_static/tweaks.css
doc/source/_templates/.placeholder
doc/source/_theme/layout.html
doc/source/_theme/theme.conf
doc/source/webapi/index.rst
doc/source/webapi/v1.rst
doc/source/webapi/v2.rst
etc/apache2/ceilometer
etc/ceilometer/api_paste.ini
etc/ceilometer/ceilometer.conf.sample
etc/ceilometer/deprecated_pipeline.yaml
etc/ceilometer/event_definitions.yaml
etc/ceilometer/pipeline.yaml
etc/ceilometer/policy.json
etc/ceilometer/sources.json
LICENSE
MAINTAINERS
MANIFEST.in
nova_tests/__init__.py
nova_tests/test_folsom.py
nova_tests/test_grizzly.py
nova_tests/test_notifier.py
nova_tests/.testr.conf
openstack-common.conf
README.md
README.rst
ReleaseNotes
requirements-py3.txt
requirements.txt
run_tests.sh
run-tests.sh
setup.cfg
setup.py
setup-test-env.sh
.testr.conf
test-requirements-py3.txt
test-requirements.txt
tests/agentbase.py
tests/agent/__init__.py
tests/agent/test_manager.py
tests/alarm/evaluator/base.py
tests/alarm/evaluator/__init__.py
tests/alarm/evaluator/test_base.py
tests/alarm/evaluator/test_combination.py
tests/alarm/evaluator/test_threshold.py
tests/alarm/__init__.py
tests/alarm/partition/__init__.py
tests/alarm/partition/test_coordination.py
tests/alarm/test_notifier.py
tests/alarm/test_partitioned_alarm_svc.py
tests/alarm/test_rpc.py
tests/alarm/test_singleton_alarm_svc.py
tests/alarm/test_threshold_evaluation.py
tests/api/__init__.py
tests/api/test_acl.py
tests/api/v1/compute_duration_by_resource.py
tests/api/v1/__init__.py
tests/api/v1/list_events.py
tests/api/v1/list_meters.py
tests/api/v1/list_projects.py
tests/api/v1/list_resources.py
tests/api/v1/list_sources.py
tests/api/v1/list_users.py
tests/api/v1/max_project_volume.py
tests/api/v1/max_resource_volume.py
tests/api/v1/sum_project_volume.py
tests/api/v1/sum_resource_volume.py
tests/api/v1/test_acl.py
tests/api/v1/test_app.py
tests/api/v1/test_compute_duration_by_resource.py
tests/api/v1/test_compute_duration_by_resource_scenarios.py
tests/api/v1/test_get_query_ts.py
tests/api/v1/test_impl_hbase.py
tests/api/v1/test_impl_mongodb.py
tests/api/v1/test_impl_sqlalchemy.py
tests/api/v1/test_list_events.py
tests/api/v1/test_list_events_scenarios.py
tests/api/v1/test_list_meters.py
tests/api/v1/test_list_meters_scenarios.py
tests/api/v1/test_list_projects.py
tests/api/v1/test_list_projects_scenarios.py
tests/api/v1/test_list_resources.py
tests/api/v1/test_list_resources_scenarios.py
tests/api/v1/test_list_sources.py
tests/api/v1/test_list_sources_scenarios.py
tests/api/v1/test_list_users.py
tests/api/v1/test_list_users_scenarios.py
tests/api/v1/test_max_project_volume.py
tests/api/v1/test_max_project_volume_scenarios.py
tests/api/v1/test_max_resource_volume.py
tests/api/v1/test_max_resource_volume_scenarios.py
tests/api/v1/test_sum_project_volume.py
tests/api/v1/test_sum_project_volume_scenarios.py
tests/api/v1/test_sum_resource_volume.py
tests/api/v1/test_sum_resource_volume_scenarios.py
tests/api/v2/acl.py
tests/api/v2/alarm.py
tests/api/v2/base.py
tests/api/v2/compute_duration_by_resource.py
tests/api/v2/__init__.py
tests/api/v2/list_events.py
tests/api/v2/list_meters.py
tests/api/v2/list_resources.py
tests/api/v2/post_samples.py
tests/api/v2/statistics.py
tests/api/v2/test_acl.py
tests/api/v2/test_acl_scenarios.py
tests/api/v2/test_alarm.py
tests/api/v2/test_alarm_scenarios.py
tests/api/v2/test_app.py
tests/api/v2/test_compute_duration_by_resource.py
tests/api/v2/test_compute_duration_by_resource_scenarios.py
tests/api/v2/test_date_range.py
tests/api/v2/test_get_query_ts.py
tests/api/v2/test_impl_hbase.py
tests/api/v2/test_impl_mongodb.py
tests/api/v2/test_impl_sqlalchemy.py
tests/api/v2/test_list_events.py
tests/api/v2/test_list_events_scenarios.py
tests/api/v2/test_list_meters.py
tests/api/v2/test_list_meters_scenarios.py
tests/api/v2/test_list_projects.py
tests/api/v2/test_list_resources.py
tests/api/v2/test_list_resources_scenarios.py
tests/api/v2/test_list_sources.py
tests/api/v2/test_list_users.py
tests/api/v2/test_max_project_volume.py
tests/api/v2/test_max_resource_volume.py
tests/api/v2/test_post_samples.py
tests/api/v2/test_post_samples_scenarios.py
tests/api/v2/test_query.py
tests/api/v2/test_statistics.py
tests/api/v2/test_statistics_scenarios.py
tests/api/v2/test_sum_project_volume.py
tests/api/v2/test_sum_resource_volume.py
tests/api/v2/test_wsme_custom_type.py
tests/central/__init__.py
tests/central/test_manager.py
tests/collector/dispatcher/__init__.py
tests/collector/dispatcher/test_db.py
tests/collector/dispatcher/test_file.py
tests/collector/__init__.py
tests/collector/test_dispatcher.py
tests/collector/test_manager.py
tests/collector/test_meter.py
tests/collector/test_service.py
tests/compute/__init__.py
tests/compute/pollsters/base.py
tests/compute/pollsters/__init__.py
tests/compute/pollsters/test_cpu.py
tests/compute/pollsters/test_diskio.py
tests/compute/pollsters/test_instance.py
tests/compute/pollsters/test_location_metadata.py
tests/compute/pollsters/test_net.py
tests/compute/test_instance.py
tests/compute/test_libvirt.py
tests/compute/test_manager.py
tests/compute/test_network.py
tests/compute/test_notifications.py
tests/compute/test_nova_notifier.py
tests/compute/test_pollsters.py
tests/compute/virt/hyperv/__init__.py
tests/compute/virt/hyperv/test_inspector.py
tests/compute/virt/hyperv/test_utilsv2.py
tests/compute/virt/__init__.py
tests/compute/virt/libvirt/__init__.py
tests/compute/virt/libvirt/test_inspector.py
tests/energy/__init__.py
tests/energy/test_kwapi.py
tests/image/__init__.py
tests/image/test_glance.py
tests/image/test_notifications.py
tests/__init__.py
tests/network/__init__.py
tests/network/test_floatingip.py
tests/network/test_notifications.py
tests/objectstore/__init__.py
tests/objectstore/test_swift_middleware.py
tests/objectstore/test_swift.py
tests/policy.json
tests/publisher/__init__.py
tests/publisher/test_file.py
tests/publisher/test_meter_publisher.py
tests/publisher/test_rpc_publisher.py
tests/publisher/test_udp.py
tests/sources.json
tests/storage/base.py
tests/storage/__init__.py
tests/storage/sqlalchemy/__init__.py
tests/storage/sqlalchemy/test_models.py
tests/storage/test_base.py
tests/storage/test_get_engine.py
tests/storage/test_impl_db2.py
tests/storage/test_impl_hbase.py
tests/storage/test_impl_log.py
tests/storage/test_impl_mongodb.py
tests/storage/test_impl_sqlalchemy.py
tests/storage/test_models.py
tests/storage/test_register_opts.py
tests/storage/test_storage_scenarios.py
tests/test_bin.py
tests/test_log.py
tests/test_meter.py
tests/test_middleware.py
tests/test_notifier.py
tests/test_novaclient.py
tests/test_pipeline.py
tests/test_plugin.py
tests/test_policy.py
tests/test_publish.py
tests/test_service.py
tests/test_signature.py
tests/test_tools_notificationclient.py
tests/test_utils.py
tests/utils.py
tests/volume/__init__.py
tests/volume/test_notifications.py
tools/conf/check_uptodate.sh
tools/conf/extract_opts.py
tools/conf/generate_sample.sh
tools/config/check_uptodate.sh
tools/config/generate_sample.sh
tools/config/oslo.config.generator.rc
tools/dbsync
tools/debug_helper.sh
tools/enable_notifications.sh
tools/flakes.py
tools/hacking.py
tools/__init__.py
tools/init_testr_if_needed.sh
tools/make_test_data.py
tools/make_test_data.sh
tools/notificationclient.py
tools/pip-requires
tools/pip-requires_essex
tools/release-bugs.py
tools/show_data.py
tools/test-requires
tools/test-requires_essex
tools/test-requires-folsom
tox.ini
wrap_nosetests.sh
