AUTHORS
AUTHORS.rst
bench-requirements.txt
bin/marconi-self-host
.coveragerc
doc/common/common.ent
doc/includewars.xml
doc/marconi-api-ref/os-marconi-apiRef.xml
doc/marconi-api-ref/pom.xml
doc/marconi-get-started/os-marconi-apiGettingStarted.xml
doc/marconi-get-started/pom.xml
doc/pom.xml
doc/source/api.rst
doc/source/conf.py
doc/source/development-environment.rst
doc/source/glossary.rst
doc/source/ha.rst
doc/source/index.rst
doc/source/installing.rst
doc/source/running_tests.rst
doc/source/test_suite.rst
doc-test.conf
doc/user-guide/common/common.ent
doc/user-guide/includewars.xml
doc/user-guide/pom.xml
doc/user-guide/wadl/os-zaqar-apiRef.wadl
doc/user-guide/wadl/samples/auth-20.json
doc/user-guide/wadl/samples/auth-20.xml
doc/user-guide/wadl/samples/checkQueueExists_request-http.txt
doc/user-guide/wadl/samples/checkQueueExists_response-http.txt
doc/user-guide/wadl/samples/claimMessages_request-http.txt
doc/user-guide/wadl/samples/claimMessages_request.json
doc/user-guide/wadl/samples/claimMessages_response-http.txt
doc/user-guide/wadl/samples/claimMessages_response.json
doc/user-guide/wadl/samples/createQueue_request-http.txt
doc/user-guide/wadl/samples/createQueue_response-http.txt
doc/user-guide/wadl/samples/deleteMessage_request-http.txt
doc/user-guide/wadl/samples/deleteMessage_response-http.txt
doc/user-guide/wadl/samples/deleteMessages_request-http.txt
doc/user-guide/wadl/samples/deleteMessages_response-http.txt
doc/user-guide/wadl/samples/deleteQueue_request-http.txt
doc/user-guide/wadl/samples/deleteQueue_response-http.txt
doc/user-guide/wadl/samples/getHomeDocument_request-http.txt
doc/user-guide/wadl/samples/getHomeDocument_response-http.txt
doc/user-guide/wadl/samples/getHomeDocument_response.json
doc/user-guide/wadl/samples/getMessages_request-http.txt
doc/user-guide/wadl/samples/getMessages_response-http.txt
doc/user-guide/wadl/samples/getMessages_response.json
doc/user-guide/wadl/samples/getQueueMetadata_request-http.txt
doc/user-guide/wadl/samples/getQueueMetadata_response-http.txt
doc/user-guide/wadl/samples/getQueueMetadata_response.json
doc/user-guide/wadl/samples/getQueueStats_request-http.txt
doc/user-guide/wadl/samples/getQueueStats_response-http.txt
doc/user-guide/wadl/samples/getQueueStats_response.json
doc/user-guide/wadl/samples/getSetMessagesByID_request-http.txt
doc/user-guide/wadl/samples/getSetMessagesByID_response-http.txt
doc/user-guide/wadl/samples/getSetMessagesByID_response.json
doc/user-guide/wadl/samples/getSpecificMessage_request-http.txt
doc/user-guide/wadl/samples/getSpecificMessage_response-http.txt
doc/user-guide/wadl/samples/getSpecificMessage_response.json
doc/user-guide/wadl/samples/listQueues_request-http.txt
doc/user-guide/wadl/samples/listQueues_response-http.txt
doc/user-guide/wadl/samples/listQueues_response.json
doc/user-guide/wadl/samples/postMessage_request-http.txt
doc/user-guide/wadl/samples/postMessage_request.json
doc/user-guide/wadl/samples/postMessage_response-http.txt
doc/user-guide/wadl/samples/postMessage_response.json
doc/user-guide/wadl/samples/queryClaim_request-http.txt
doc/user-guide/wadl/samples/queryClaim_response-http.txt
doc/user-guide/wadl/samples/queryClaim_response.json
doc/user-guide/wadl/samples/releaseClaim_request-http.txt
doc/user-guide/wadl/samples/releaseClaim_response-http.txt
doc/user-guide/wadl/samples/setQueueMetadata_request-http.txt
doc/user-guide/wadl/samples/setQueueMetadata_request.json
doc/user-guide/wadl/samples/setQueueMetadata_response-http.txt
doc/user-guide/wadl/samples/updateClaim_request-http.txt
doc/user-guide/wadl/samples/updateClaim_request.json
doc/user-guide/wadl/samples/updateClaim_response-http.txt
doc/user-guide/zaqar-api-ref/os-zaqar-apiRef.xml
doc/user-guide/zaqar-api-ref/pom.xml
doc/user-guide/zaqar-get-started/os-zaqar-apiGettingStarted.xml
doc/user-guide/zaqar-get-started/pom.xml
doc/wadl/os-marconi-apiRef.wadl
doc/wadl/os-zaqar-apiRef.wadl
doc/wadl/samples/auth-20.json
doc/wadl/samples/auth-20.xml
doc/wadl/samples/checkQueueExists_request-http.txt
doc/wadl/samples/checkQueueExists_response-http.txt
doc/wadl/samples/claimMessages_request-http.txt
doc/wadl/samples/claimMessages_request.json
doc/wadl/samples/claimMessages_response-http.txt
doc/wadl/samples/claimMessages_response.json
doc/wadl/samples/createQueue_request-http.txt
doc/wadl/samples/createQueue_response-http.txt
doc/wadl/samples/deleteMessage_request-http.txt
doc/wadl/samples/deleteMessage_response-http.txt
doc/wadl/samples/deleteMessages_request-http.txt
doc/wadl/samples/deleteMessages_response-http.txt
doc/wadl/samples/deleteQueue_request-http.txt
doc/wadl/samples/deleteQueue_response-http.txt
doc/wadl/samples/getHomeDocument_request-http.txt
doc/wadl/samples/getHomeDocument_response-http.txt
doc/wadl/samples/getHomeDocument_response.json
doc/wadl/samples/getMessages_request-http.txt
doc/wadl/samples/getMessages_response-http.txt
doc/wadl/samples/getMessages_response.json
doc/wadl/samples/getQueueMetadata_request-http.txt
doc/wadl/samples/getQueueMetadata_response-http.txt
doc/wadl/samples/getQueueMetadata_response.json
doc/wadl/samples/getQueueStats_request-http.txt
doc/wadl/samples/getQueueStats_response-http.txt
doc/wadl/samples/getQueueStats_response.json
doc/wadl/samples/getSetMessagesByID_request-http.txt
doc/wadl/samples/getSetMessagesByID_response-http.txt
doc/wadl/samples/getSetMessagesByID_response.json
doc/wadl/samples/getSpecificMessage_request-http.txt
doc/wadl/samples/getSpecificMessage_response-http.txt
doc/wadl/samples/getSpecificMessage_response.json
doc/wadl/samples/listQueues_request-http.txt
doc/wadl/samples/listQueues_response-http.txt
doc/wadl/samples/listQueues_response.json
doc/wadl/samples/postMessage_request-http.txt
doc/wadl/samples/postMessage_request.json
doc/wadl/samples/postMessage_response-http.txt
doc/wadl/samples/postMessage_response.json
doc/wadl/samples/queryClaim_request-http.txt
doc/wadl/samples/queryClaim_response-http.txt
doc/wadl/samples/queryClaim_response.json
doc/wadl/samples/releaseClaim_request-http.txt
doc/wadl/samples/releaseClaim_response-http.txt
doc/wadl/samples/setQueueMetadata_request-http.txt
doc/wadl/samples/setQueueMetadata_request.json
doc/wadl/samples/setQueueMetadata_response-http.txt
doc/wadl/samples/updateClaim_request-http.txt
doc/wadl/samples/updateClaim_request.json
doc/wadl/samples/updateClaim_response-http.txt
doc/zaqar-api-ref/os-zaqar-apiRef.xml
doc/zaqar-api-ref/pom.xml
doc/zaqar-get-started/os-zaqar-apiGettingStarted.xml
doc/zaqar-get-started/pom.xml
etc/logging.conf-sample
etc/logging.conf.sample
etc/marconi.conf-sample
etc/marconi.conf.sample
etc/marconi-proxy.conf-sample
etc/marconi-queues.conf-sample
etc/paste.ini-sample
etc/zaqar-benchmark.conf.sample
etc/zaqar-benchmark-messages.json
etc/zaqar.conf.sample
functional-test-requirements.txt
HACKING.rst
lib/__init__.py
lib/marconi_paste.py
LICENSE
MANIFEST.in
marconi/bench/cli_config.py
marconi/bench/conductor.py
marconi/bench/consumer.py
marconi/bench/__init__.py
marconi/bench/messages.json
marconi/bench/producer.py
marconi/bin/__init__.py
marconi/bin/server.py
marconi/bootstrap.py
marconi/cmd/gc.py
marconi/cmd/__init__.py
marconi/cmd/server.py
marconi/common/access.py
marconi/common/api.py
marconi/common/cache/_backends/__init__.py
marconi/common/cache/_backends/memcached.py
marconi/common/cache/_backends/memory.py
marconi/common/cache/backends.py
marconi/common/cache/cache.py
marconi/common/cache/__init__.py
marconi/common/cli.py
marconi/common/config.py
marconi/common/decorators.py
marconi/common/errors.py
marconi/common/exceptions.py
marconi/common/__init__.py
marconi/common/kernel.py
marconi/common/pipeline.py
marconi/common/request.py
marconi/common/response.py
marconi/common/schemas/__init__.py
marconi/common/schemas/pools.py
marconi/common/schemas/shards.py
marconi/common/storage/__init__.py
marconi/common/storage/select.py
marconi/common/transport/__init__.py
marconi/common/transport/version.py
marconi/common/transport/wsgi/health.py
marconi/common/transport/wsgi/helpers.py
marconi/common/transport/wsgi/__init__.py
marconi/common/transport/wsgi/utils.py
marconi/common/utils.py
marconi/i18n.py
marconi/__init__.py
marconi/kernel.py
marconi/main.py
marconi/openstack/common/cache/_backends/__init__.py
marconi/openstack/common/cache/_backends/memory.py
marconi/openstack/common/cache/backends.py
marconi/openstack/common/cache/cache.py
marconi/openstack/common/cache/__init__.py
marconi/openstack/common/config/generator.py
marconi/openstack/common/config/__init__.py
marconi/openstack/common/excutils.py
marconi/openstack/common/fileutils.py
marconi/openstack/common/gettextutils.py
marconi/openstack/common/importutils.py
marconi/openstack/common/__init__.py
marconi/openstack/common/jsonutils.py
marconi/openstack/common/local.py
marconi/openstack/common/lockutils.py
marconi/openstack/common/log.py
marconi/openstack/common/py3kcompat/__init__.py
marconi/openstack/common/py3kcompat/urlutils.py
marconi/openstack/common/setup.py
marconi/openstack/common/strutils.py
marconi/openstack/common/timeutils.py
marconi/openstack/common/version.py
marconi/openstack/__init__.py
marconi/proxy/admin/bootstrap.py
marconi/proxy/admin/__init__.py
marconi/proxy/app.py
marconi/proxy/base.py
marconi/proxy/bootstrap.py
marconi/proxy/__init__.py
marconi/proxy/public/bootstrap.py
marconi/proxy/public/__init__.py
marconi/proxy/resources/catalogue.py
marconi/proxy/resources/forward.py
marconi/proxy/resources/health.py
marconi/proxy/resources/__init__.py
marconi/proxy/resources/metadata.py
marconi/proxy/resources/partitions.py
marconi/proxy/resources/queues.py
marconi/proxy/resources/v1.py
marconi/proxy/storage/base.py
marconi/proxy/storage/errors.py
marconi/proxy/storage/exceptions.py
marconi/proxy/storage/__init__.py
marconi/proxy/storage/memory/catalogue.py
marconi/proxy/storage/memory/controllers.py
marconi/proxy/storage/memory/driver.py
marconi/proxy/storage/memory/__init__.py
marconi/proxy/storage/memory/partitions.py
marconi/proxy/storage/mongodb/catalogue.py
marconi/proxy/storage/mongodb/controllers.py
marconi/proxy/storage/mongodb/driver.py
marconi/proxy/storage/mongodb/__init__.py
marconi/proxy/storage/mongodb/options.py
marconi/proxy/storage/mongodb/partitions.py
marconi/proxy/transport/base.py
marconi/proxy/transport/__init__.py
marconi/proxy/transport/schema.py
marconi/proxy/transport/utils.py
marconi/proxy/transport/wsgi/admin/app.py
marconi/proxy/transport/wsgi/admin/driver.py
marconi/proxy/transport/wsgi/admin/__init__.py
marconi/proxy/transport/wsgi/app.py
marconi/proxy/transport/wsgi/catalogue.py
marconi/proxy/transport/wsgi/driver.py
marconi/proxy/transport/wsgi/forward.py
marconi/proxy/transport/wsgi/health.py
marconi/proxy/transport/wsgi/__init__.py
marconi/proxy/transport/wsgi/metadata.py
marconi/proxy/transport/wsgi/partitions.py
marconi/proxy/transport/wsgi/public/app.py
marconi/proxy/transport/wsgi/public/driver.py
marconi/proxy/transport/wsgi/public/__init__.py
marconi/proxy/transport/wsgi/queues.py
marconi/proxy/transport/wsgi/v1.py
marconi/proxy/transport/wsgi/version.py
marconi/proxy/utils/forward.py
marconi/proxy/utils/helpers.py
marconi/proxy/utils/http.py
marconi/proxy/utils/__init__.py
marconi/proxy/utils/lookup.py
marconi/proxy/utils/node.py
marconi/proxy/utils/partition.py
marconi/proxy/utils/round_robin.py
marconi/queues/api/__init__.py
marconi/queues/api/v1_1/__init__.py
marconi/queues/api/v1_1/request.py
marconi/queues/api/v1_1/response.py
marconi/queues/api/v1/__init__.py
marconi/queues/api/v1/request.py
marconi/queues/api/v1/response.py
marconi/queues/bootstrap.py
marconi/queues/__init__.py
marconi/queues/storage/base.py
marconi/queues/storage/errors.py
marconi/queues/storage/exceptions.py
marconi/queues/storage/__init__.py
marconi/queues/storage/mongodb/catalogue.py
marconi/queues/storage/mongodb/claims.py
marconi/queues/storage/mongodb/controllers.py
marconi/queues/storage/mongodb/driver.py
marconi/queues/storage/mongodb/__init__.py
marconi/queues/storage/mongodb/messages.py
marconi/queues/storage/mongodb/options.py
marconi/queues/storage/mongodb/pools.py
marconi/queues/storage/mongodb/queues.py
marconi/queues/storage/mongodb/shards.py
marconi/queues/storage/mongodb/utils.py
marconi/queues/storage/pipeline.py
marconi/queues/storage/pooling.py
marconi/queues/storage/sharding.py
marconi/queues/storage/sqlalchemy/catalogue.py
marconi/queues/storage/sqlalchemy/claims.py
marconi/queues/storage/sqlalchemy/controllers.py
marconi/queues/storage/sqlalchemy/driver.py
marconi/queues/storage/sqlalchemy/__init__.py
marconi/queues/storage/sqlalchemy/messages.py
marconi/queues/storage/sqlalchemy/options.py
marconi/queues/storage/sqlalchemy/pools.py
marconi/queues/storage/sqlalchemy/queues.py
marconi/queues/storage/sqlalchemy/shards.py
marconi/queues/storage/sqlalchemy/tables.py
marconi/queues/storage/sqlalchemy/utils.py
marconi/queues/storage/sqlite/catalogue.py
marconi/queues/storage/sqlite/claims.py
marconi/queues/storage/sqlite/controllers.py
marconi/queues/storage/sqlite/driver.py
marconi/queues/storage/sqlite/__init__.py
marconi/queues/storage/sqlite/messages.py
marconi/queues/storage/sqlite/options.py
marconi/queues/storage/sqlite/queues.py
marconi/queues/storage/sqlite/shards.py
marconi/queues/storage/sqlite/utils.py
marconi/queues/storage/utils.py
marconi/queues/transport/auth.py
marconi/queues/transport/base.py
marconi/queues/transport/__init__.py
marconi/queues/transport/utils.py
marconi/queues/transport/validation.py
marconi/queues/transport/wsgi/admin/driver.py
marconi/queues/transport/wsgi/admin/__init__.py
marconi/queues/transport/wsgi/app.py
marconi/queues/transport/wsgi/claims.py
marconi/queues/transport/wsgi/configs.py
marconi/queues/transport/wsgi/driver.py
marconi/queues/transport/wsgi/errors.py
marconi/queues/transport/wsgi/exceptions.py
marconi/queues/transport/wsgi/health.py
marconi/queues/transport/wsgi/__init__.py
marconi/queues/transport/wsgi/messages.py
marconi/queues/transport/wsgi/metadata.py
marconi/queues/transport/wsgi/public/driver.py
marconi/queues/transport/wsgi/public/__init__.py
marconi/queues/transport/wsgi/queues.py
marconi/queues/transport/wsgi/shards.py
marconi/queues/transport/wsgi/stats.py
marconi/queues/transport/wsgi/utils.py
marconi/queues/transport/wsgi/v1_0/claims.py
marconi/queues/transport/wsgi/v1_0/health.py
marconi/queues/transport/wsgi/v1_0/homedoc.py
marconi/queues/transport/wsgi/v1_0/__init__.py
marconi/queues/transport/wsgi/v1_0/messages.py
marconi/queues/transport/wsgi/v1_0/metadata.py
marconi/queues/transport/wsgi/v1_0/pools.py
marconi/queues/transport/wsgi/v1_0/queues.py
marconi/queues/transport/wsgi/v1_0/shards.py
marconi/queues/transport/wsgi/v1_0/stats.py
marconi/queues/transport/wsgi/v1_1/claims.py
marconi/queues/transport/wsgi/v1_1/health.py
marconi/queues/transport/wsgi/v1_1/homedoc.py
marconi/queues/transport/wsgi/v1_1/__init__.py
marconi/queues/transport/wsgi/v1_1/messages.py
marconi/queues/transport/wsgi/v1_1/metadata.py
marconi/queues/transport/wsgi/v1_1/ping.py
marconi/queues/transport/wsgi/v1_1/pools.py
marconi/queues/transport/wsgi/v1_1/queues.py
marconi/queues/transport/wsgi/v1_1/shards.py
marconi/queues/transport/wsgi/v1_1/stats.py
marconi/queues/transport/wsgi/v1.py
marconi/queues/transport/zmq/__init__.py
marconi/storage/base.py
marconi/storage/driver_base.py
marconi/storage/exceptions.py
marconi/storage/__init__.py
marconi/storage/mongodb/base.py
marconi/storage/mongodb/claims.py
marconi/storage/mongodb/controllers.py
marconi/storage/mongodb/driver.py
marconi/storage/mongodb/__init__.py
marconi/storage/mongodb/messages.py
marconi/storage/mongodb/options.py
marconi/storage/mongodb/queues.py
marconi/storage/mongodb/utils.py
marconi/storage/reference/driver.py
marconi/storage/reference/__init__.py
marconi/storage/sqlite/claims.py
marconi/storage/sqlite/controllers.py
marconi/storage/sqlite/driver.py
marconi/storage/sqlite/__init__.py
marconi/storage/sqlite/messages.py
marconi/storage/sqlite/queues.py
marconi/storage/sqlite/utils.py
marconi/tests/base.py
marconi/tests/common/__init__.py
marconi/tests/common/test_cache.py
marconi/tests/common/test_decorators.py
marconi/tests/etc/drivers_storage_invalid.conf
marconi/tests/etc/drivers_transport_invalid.conf
marconi/tests/etc/functional-tests.conf-sample
marconi/tests/etc/keystone_auth.conf
marconi/tests/etc/wsgi_faulty.conf
marconi/tests/etc/wsgi_memory.conf
marconi/tests/etc/wsgi_mongodb.conf
marconi/tests/etc/wsgi_reference.conf
marconi/tests/etc/wsgi_sqlite.conf
marconi/tests/etc/wsgi_sqlite_default_limits.conf
marconi/tests/etc/wsgi_sqlite_validation.conf
marconi/tests/faulty_storage.py
marconi/tests/functional/base.py
marconi/tests/functional/config.py
marconi/tests/functional/helpers.py
marconi/tests/functional/http.py
marconi/tests/functional/__init__.py
marconi/tests/functional/test_claims.py
marconi/tests/functional/test_messages.py
marconi/tests/functional/test_queue.py
marconi/tests/functional/util/base.py
marconi/tests/functional/util/config.py
marconi/tests/functional/util/helpers.py
marconi/tests/functional/util/http.py
marconi/tests/functional/util/__init__.py
marconi/tests/helpers.py
marconi/tests/__init__.py
marconi/tests/queues/__init__.py
marconi/tests/queues/storage/base.py
marconi/tests/queues/storage/__init__.py
marconi/tests/queues/transport/__init__.py
marconi/tests/queues/transport/wsgi/base.py
marconi/tests/queues/transport/wsgi/__init__.py
marconi/tests/queues/transport/wsgi/test_auth.py
marconi/tests/queues/transport/wsgi/test_claims.py
marconi/tests/queues/transport/wsgi/test_default_limits.py
marconi/tests/queues/transport/wsgi/test_home.py
marconi/tests/queues/transport/wsgi/test_media_type.py
marconi/tests/queues/transport/wsgi/test_messages.py
marconi/tests/queues/transport/wsgi/test_queue_lifecycle.py
marconi/tests/queues/transport/wsgi/test_shards.py
marconi/tests/queues/transport/wsgi/v1_1/__init__.py
marconi/tests/queues/transport/wsgi/v1_1/test_auth.py
marconi/tests/queues/transport/wsgi/v1_1/test_claims.py
marconi/tests/queues/transport/wsgi/v1_1/test_default_limits.py
marconi/tests/queues/transport/wsgi/v1_1/test_home.py
marconi/tests/queues/transport/wsgi/v1_1/test_media_type.py
marconi/tests/queues/transport/wsgi/v1_1/test_messages.py
marconi/tests/queues/transport/wsgi/v1_1/test_pools.py
marconi/tests/queues/transport/wsgi/v1_1/test_queue_lifecycle.py
marconi/tests/queues/transport/wsgi/v1_1/test_shards.py
marconi/tests/queues/transport/wsgi/v1_1/test_validation.py
marconi/tests/queues/transport/wsgi/v1/__init__.py
marconi/tests/queues/transport/wsgi/v1/test_auth.py
marconi/tests/queues/transport/wsgi/v1/test_claims.py
marconi/tests/queues/transport/wsgi/v1/test_default_limits.py
marconi/tests/queues/transport/wsgi/v1/test_home.py
marconi/tests/queues/transport/wsgi/v1/test_media_type.py
marconi/tests/queues/transport/wsgi/v1/test_messages.py
marconi/tests/queues/transport/wsgi/v1/test_pools.py
marconi/tests/queues/transport/wsgi/v1/test_queue_lifecycle.py
marconi/tests/queues/transport/wsgi/v1/test_shards.py
marconi/tests/queues/transport/wsgi/v1/test_validation.py
marconi/tests/storage/base.py
marconi/tests/storage/__init__.py
marconi/tests/storage/test_base.py
marconi/tests/storage/test_impl_mongodb.py
marconi/tests/storage/test_impl_sqlite.py
marconi/tests/system/claim/claimfnlib.py
marconi/tests/system/claim/claim_tests.txt
marconi/tests/system/claim/getdata.py
marconi/tests/system/claim/__init__.py
marconi/tests/system/claim/test_claims.py
marconi/tests/system/claim/test_data.csv
marconi/tests/system/common/config.py
marconi/tests/system/common/functionlib.py
marconi/tests/system/common/http.py
marconi/tests/system/common/__init__.py
marconi/tests/system/etc/__init__.py
marconi/tests/system/etc/system-tests.conf-sample
marconi/tests/system/__init__.py
marconi/tests/system/messages/getdata.py
marconi/tests/system/messages/__init__.py
marconi/tests/system/messages/messages_tests.txt
marconi/tests/system/messages/msgfnlib.py
marconi/tests/system/messages/test_data.csv
marconi/tests/system/messages/test_messages.py
marconi/tests/system/queue/getdata.py
marconi/tests/system/queue/__init__.py
marconi/tests/system/queue/queuefnlib.py
marconi/tests/system/queue/queue_tests.txt
marconi/tests/system/queue/test_data.csv
marconi/tests/system/queue/test_queue.py
marconi/tests/test_bootstrap.py
marconi/tests/test_config.py
marconi/tests/test_simple.py
marconi/tests/test_sqlite.py
marconi/tests/transport/__init__.py
marconi/tests/transport/test_auth.py
marconi/tests/transport/wsgi/base.py
marconi/tests/transport/wsgi/__init__.py
marconi/tests/transport/wsgi/test_app.py
marconi/tests/transport/wsgi/test_auth.py
marconi/tests/transport/wsgi/test_claims.py
marconi/tests/transport/wsgi/test_default_limits.py
marconi/tests/transport/wsgi/test_health.py
marconi/tests/transport/wsgi/test_helpers.py
marconi/tests/transport/wsgi/test_home.py
marconi/tests/transport/wsgi/test_media_type.py
marconi/tests/transport/wsgi/test_messages.py
marconi/tests/transport/wsgi/test_queue_lifecycle.py
marconi/tests/transport/wsgi/test_utils.py
marconi/tests/transport/wsgi/test_validation.py
marconi/tests/util/base.py
marconi/tests/util/faulty_storage.py
marconi/tests/util/helpers.py
marconi/tests/util/__init__.py
marconi/tests/util/suite.py
marconi/tests/util/test_suite.py
marconi/transport/auth.py
marconi/transport/base.py
marconi/transport/driver_base.py
marconi/transport/helpers.py
marconi/transport/__init__.py
marconi/transport/utils.py
marconi/transport/validation.py
marconi/transport/wsgi/app.py
marconi/transport/wsgi/claims.py
marconi/transport/wsgi/driver.py
marconi/transport/wsgi/exceptions.py
marconi/transport/wsgi/health.py
marconi/transport/wsgi/helpers.py
marconi/transport/wsgi/__init__.py
marconi/transport/wsgi/messages.py
marconi/transport/wsgi/metadata.py
marconi/transport/wsgi/queues.py
marconi/transport/wsgi/stats.py
marconi/transport/wsgi/utils.py
marconi/transport/wsgi/v1.py
marconi/transport/zmq/__init__.py
marconi/version.py
openstack-common.conf
README.rst
requirements-py3.txt
requirements.txt
setup.cfg
setup.py
system-test-requirements.txt
.testr.conf
test-requirements-py3.txt
test-requirements.txt
tests/etc/drivers_storage_invalid.conf
tests/etc/drivers_transport_invalid.conf
tests/etc/functional-marconi.conf
tests/etc/functional-tests.conf
tests/etc/functional-zaqar.conf
tests/etc/keystone_auth.conf
tests/etc/wsgi_faulty.conf
tests/etc/wsgi_mongodb.conf
tests/etc/wsgi_mongodb_pooled.conf
tests/etc/wsgi_mongodb_sharded.conf
tests/etc/wsgi_proxy_memory.conf
tests/etc/wsgi_proxy_mongodb.conf
tests/etc/wsgi_sqlalchemy.conf
tests/etc/wsgi_sqlalchemy_default_limits.conf
tests/etc/wsgi_sqlalchemy_pooled.conf
tests/etc/wsgi_sqlalchemy_sharded.conf
tests/etc/wsgi_sqlalchemy_validation.conf
tests/etc/wsgi_sqlite.conf
tests/etc/wsgi_sqlite_default_limits.conf
tests/etc/wsgi_sqlite_sharded.conf
tests/etc/wsgi_sqlite_validation.conf
tests/functional/__init__.py
tests/functional/test_claims.py
tests/functional/test_messages.py
tests/functional/test_queue.py
tests/functional/wsgi/__init__.py
tests/functional/wsgi/v1_1/__init__.py
tests/functional/wsgi/v1_1/test_claims.py
tests/functional/wsgi/v1_1/test_messages.py
tests/functional/wsgi/v1_1/test_pools.py
tests/functional/wsgi/v1_1/test_queues.py
tests/functional/wsgi/v1_1/test_shards.py
tests/functional/wsgi/v1/__init__.py
tests/functional/wsgi/v1/test_claims.py
tests/functional/wsgi/v1/test_messages.py
tests/functional/wsgi/v1/test_queues.py
tests/__init__.py
tests/storage/base.py
tests/storage/__init__.py
tests/storage/test_impl_mongodb.py
tests/storage/test_impl_sqlite.py
tests/test_bootstrap.py
tests/test_config.py
tests/transport/__init__.py
tests/transport/test_auth.py
tests/transport/wsgi/base.py
tests/transport/wsgi/__init__.py
tests/transport/wsgi/test_auth.py
tests/transport/wsgi/test_claims.py
tests/transport/wsgi/test_health.py
tests/transport/wsgi/test_home.py
tests/transport/wsgi/test_media_type.py
tests/transport/wsgi/test_messages.py
tests/transport/wsgi/test_queue_lifecycle.py
tests/transport/wsgi/test_utils.py
tests/transport/wsgi/test_validation.py
tests/unit/common/__init__.py
tests/unit/common/storage/__init__.py
tests/unit/common/storage/test_select.py
tests/unit/common/storage/test_utils.py
tests/unit/common/test_api.py
tests/unit/common/test_decorators.py
tests/unit/common/test_pipeline.py
tests/unit/common/test_request.py
tests/unit/__init__.py
tests/unit/proxy/base.py
tests/unit/proxy/__init__.py
tests/unit/proxy/storage/base.py
tests/unit/proxy/storage/__init__.py
tests/unit/proxy/storage/_test_impl_memory.py
tests/unit/proxy/storage/test_impl_memory.py
tests/unit/proxy/storage/_test_impl_mongodb.py
tests/unit/proxy/storage/test_impl_mongodb.py
tests/unit/proxy/test_catalog.py
tests/unit/proxy/_test_catalogue.py
tests/unit/proxy/test_catalogue.py
tests/unit/proxy/_test_partitions.py
tests/unit/proxy/test_partitions.py
tests/unit/proxy/_test_queues.py
tests/unit/proxy/test_queues.py
tests/unit/queues/__init__.py
tests/unit/queues/storage/__init__.py
tests/unit/queues/storage/test_impl_mongodb.py
tests/unit/queues/storage/test_impl_sqlalchemy.py
tests/unit/queues/storage/test_impl_sqlite.py
tests/unit/queues/storage/test_pool_catalog.py
tests/unit/queues/storage/test_pool_queues.py
tests/unit/queues/storage/test_shard_catalog.py
tests/unit/queues/storage/test_shard_queues.py
tests/unit/queues/transport/__init__.py
tests/unit/queues/transport/test_auth.py
tests/unit/queues/transport/wsgi/base.py
tests/unit/queues/transport/wsgi/__init__.py
tests/unit/queues/transport/wsgi/test_auth.py
tests/unit/queues/transport/wsgi/test_claims.py
tests/unit/queues/transport/wsgi/test_default_limits.py
tests/unit/queues/transport/wsgi/test_health.py
tests/unit/queues/transport/wsgi/test_home.py
tests/unit/queues/transport/wsgi/test_media_type.py
tests/unit/queues/transport/wsgi/test_messages.py
tests/unit/queues/transport/wsgi/test_ping.py
tests/unit/queues/transport/wsgi/test_queue_lifecycle.py
tests/unit/queues/transport/wsgi/test_shards.py
tests/unit/queues/transport/wsgi/test_utils.py
tests/unit/queues/transport/wsgi/test_v1_0.py
tests/unit/queues/transport/wsgi/test_v1_1.py
tests/unit/queues/transport/wsgi/test_validation.py
tests/unit/queues/transport/wsgi/wsgi/test_default_limits.py
tests/unit/storage/base.py
tests/unit/storage/__init__.py
tests/unit/storage/test_impl_mongodb.py
tests/unit/storage/test_impl_sqlite.py
tests/unit/test_bootstrap.py
tests/unit/test_config.py
tests/unit/test_version.py
tests/unit/transport/__init__.py
tests/unit/transport/test_auth.py
tests/unit/transport/wsgi/base.py
tests/unit/transport/wsgi/__init__.py
tests/unit/transport/wsgi/test_auth.py
tests/unit/transport/wsgi/test_claims.py
tests/unit/transport/wsgi/test_default_limits.py
tests/unit/transport/wsgi/test_health.py
tests/unit/transport/wsgi/test_home.py
tests/unit/transport/wsgi/test_media_type.py
tests/unit/transport/wsgi/test_messages.py
tests/unit/transport/wsgi/test_queue_lifecycle.py
tests/unit/transport/wsgi/test_utils.py
tests/unit/transport/wsgi/test_validation.py
tools/config/check_uptodate.sh
tools/config/generate_sample.sh
tools/config/oslo.config.generator.rc
tools/flakes.py
tools/hacking.py
tools/install_venv_common.py
tools/install_venv.py
tools/pip-requires
tools/run_pep8.sh
tools/setup-requires
tools/system-test-requires
tools/test-requires
tox.ini
zaqar/bench/cli_config.py
zaqar/bench/conductor.py
zaqar/bench/config.py
zaqar/bench/consumer.py
zaqar/bench/__init__.py
zaqar/bench/messages.json
zaqar/bench/producer.py
zaqar/cmd/__init__.py
zaqar/cmd/server.py
zaqar/common/access.py
zaqar/common/api.py
zaqar/common/cli.py
zaqar/common/decorators.py
zaqar/common/errors.py
zaqar/common/__init__.py
zaqar/common/pipeline.py
zaqar/common/request.py
zaqar/common/response.py
zaqar/common/schemas/__init__.py
zaqar/common/schemas/pools.py
zaqar/common/storage/__init__.py
zaqar/common/storage/select.py
zaqar/common/transport/__init__.py
zaqar/common/transport/wsgi/helpers.py
zaqar/common/transport/wsgi/__init__.py
zaqar/common/transport/wsgi/utils.py
zaqar/common/utils.py
zaqar/i18n.py
zaqar/__init__.py
zaqar/openstack/common/cache/_backends/__init__.py
zaqar/openstack/common/cache/_backends/memory.py
zaqar/openstack/common/cache/backends.py
zaqar/openstack/common/cache/cache.py
zaqar/openstack/common/cache/__init__.py
zaqar/openstack/common/config/generator.py
zaqar/openstack/common/config/__init__.py
zaqar/openstack/common/excutils.py
zaqar/openstack/common/fileutils.py
zaqar/openstack/common/gettextutils.py
zaqar/openstack/common/importutils.py
zaqar/openstack/common/__init__.py
zaqar/openstack/common/jsonutils.py
zaqar/openstack/common/local.py
zaqar/openstack/common/lockutils.py
zaqar/openstack/common/log.py
zaqar/openstack/common/strutils.py
zaqar/openstack/common/timeutils.py
zaqar/openstack/__init__.py
zaqar/queues/api/__init__.py
zaqar/queues/api/v1_1/__init__.py
zaqar/queues/api/v1_1/request.py
zaqar/queues/api/v1_1/response.py
zaqar/queues/api/v1/__init__.py
zaqar/queues/api/v1/request.py
zaqar/queues/api/v1/response.py
zaqar/queues/bootstrap.py
zaqar/queues/__init__.py
zaqar/queues/storage/base.py
zaqar/queues/storage/errors.py
zaqar/queues/storage/__init__.py
zaqar/queues/storage/mongodb/catalogue.py
zaqar/queues/storage/mongodb/claims.py
zaqar/queues/storage/mongodb/controllers.py
zaqar/queues/storage/mongodb/driver.py
zaqar/queues/storage/mongodb/flavors.py
zaqar/queues/storage/mongodb/__init__.py
zaqar/queues/storage/mongodb/messages.py
zaqar/queues/storage/mongodb/options.py
zaqar/queues/storage/mongodb/pools.py
zaqar/queues/storage/mongodb/queues.py
zaqar/queues/storage/mongodb/utils.py
zaqar/queues/storage/pipeline.py
zaqar/queues/storage/pooling.py
zaqar/queues/storage/sqlalchemy/catalogue.py
zaqar/queues/storage/sqlalchemy/claims.py
zaqar/queues/storage/sqlalchemy/controllers.py
zaqar/queues/storage/sqlalchemy/driver.py
zaqar/queues/storage/sqlalchemy/__init__.py
zaqar/queues/storage/sqlalchemy/messages.py
zaqar/queues/storage/sqlalchemy/options.py
zaqar/queues/storage/sqlalchemy/pools.py
zaqar/queues/storage/sqlalchemy/queues.py
zaqar/queues/storage/sqlalchemy/tables.py
zaqar/queues/storage/sqlalchemy/utils.py
zaqar/queues/storage/utils.py
zaqar/queues/transport/auth.py
zaqar/queues/transport/base.py
zaqar/queues/transport/__init__.py
zaqar/queues/transport/utils.py
zaqar/queues/transport/validation.py
zaqar/queues/transport/wsgi/app.py
zaqar/queues/transport/wsgi/driver.py
zaqar/queues/transport/wsgi/errors.py
zaqar/queues/transport/wsgi/__init__.py
zaqar/queues/transport/wsgi/utils.py
zaqar/queues/transport/wsgi/v1_0/claims.py
zaqar/queues/transport/wsgi/v1_0/health.py
zaqar/queues/transport/wsgi/v1_0/homedoc.py
zaqar/queues/transport/wsgi/v1_0/__init__.py
zaqar/queues/transport/wsgi/v1_0/messages.py
zaqar/queues/transport/wsgi/v1_0/metadata.py
zaqar/queues/transport/wsgi/v1_0/pools.py
zaqar/queues/transport/wsgi/v1_0/queues.py
zaqar/queues/transport/wsgi/v1_0/stats.py
zaqar/queues/transport/wsgi/v1_1/claims.py
zaqar/queues/transport/wsgi/v1_1/health.py
zaqar/queues/transport/wsgi/v1_1/homedoc.py
zaqar/queues/transport/wsgi/v1_1/__init__.py
zaqar/queues/transport/wsgi/v1_1/messages.py
zaqar/queues/transport/wsgi/v1_1/ping.py
zaqar/queues/transport/wsgi/v1_1/pools.py
zaqar/queues/transport/wsgi/v1_1/queues.py
zaqar/queues/transport/wsgi/v1_1/stats.py
zaqar/queues/transport/zmq/__init__.py
zaqar/tests/base.py
zaqar/tests/faulty_storage.py
zaqar/tests/functional/base.py
zaqar/tests/functional/config.py
zaqar/tests/functional/helpers.py
zaqar/tests/functional/http.py
zaqar/tests/functional/__init__.py
zaqar/tests/helpers.py
zaqar/tests/__init__.py
zaqar/tests/queues/__init__.py
zaqar/tests/queues/storage/base.py
zaqar/tests/queues/storage/__init__.py
zaqar/tests/queues/transport/__init__.py
zaqar/tests/queues/transport/wsgi/base.py
zaqar/tests/queues/transport/wsgi/__init__.py
zaqar/tests/queues/transport/wsgi/v1_1/__init__.py
zaqar/tests/queues/transport/wsgi/v1_1/test_auth.py
zaqar/tests/queues/transport/wsgi/v1_1/test_claims.py
zaqar/tests/queues/transport/wsgi/v1_1/test_default_limits.py
zaqar/tests/queues/transport/wsgi/v1_1/test_home.py
zaqar/tests/queues/transport/wsgi/v1_1/test_media_type.py
zaqar/tests/queues/transport/wsgi/v1_1/test_messages.py
zaqar/tests/queues/transport/wsgi/v1_1/test_pools.py
zaqar/tests/queues/transport/wsgi/v1_1/test_queue_lifecycle.py
zaqar/tests/queues/transport/wsgi/v1_1/test_validation.py
zaqar/tests/queues/transport/wsgi/v1/__init__.py
zaqar/tests/queues/transport/wsgi/v1/test_auth.py
zaqar/tests/queues/transport/wsgi/v1/test_claims.py
zaqar/tests/queues/transport/wsgi/v1/test_default_limits.py
zaqar/tests/queues/transport/wsgi/v1/test_home.py
zaqar/tests/queues/transport/wsgi/v1/test_media_type.py
zaqar/tests/queues/transport/wsgi/v1/test_messages.py
zaqar/tests/queues/transport/wsgi/v1/test_pools.py
zaqar/tests/queues/transport/wsgi/v1/test_queue_lifecycle.py
zaqar/tests/queues/transport/wsgi/v1/test_validation.py
zaqar/version.py
