blazarnova/api/extensions/default_reservation.py
blazarnova/api/extensions/__init__.py
blazarnova/api/extensions/reservation.py
blazarnova/api/__init__.py
blazarnova/__init__.py
blazarnova/openstack/common/__init__.py
blazarnova/openstack/common/test.py
blazarnova/openstack/__init__.py
blazarnova/scheduler/filters/blazar_filter.py
blazarnova/scheduler/filters/climate_filter.py
blazarnova/scheduler/filters/__init__.py
blazarnova/scheduler/__init__.py
blazarnova/tests/api/extensions/__init__.py
blazarnova/tests/api/extensions/test_default_reservation.py
blazarnova/tests/api/extensions/test_reservation.py
blazarnova/tests/api/__init__.py
blazarnova/tests/__init__.py
blazarnova/tests/scheduler/filters/__init__.py
blazarnova/tests/scheduler/filters/test_blazar_filter.py
blazarnova/tests/scheduler/__init__.py
climate/filters/host_reservation.py
climate/filters/__init__.py
climate/__init__.py
climatenova/api/extensions/default_reservation.py
climatenova/api/extensions/__init__.py
climatenova/api/extensions/reservation.py
climatenova/api/__init__.py
climatenova/filters/host_reservation.py
climatenova/filters/__init__.py
climatenova/__init__.py
climatenova/openstack/common/__init__.py
climatenova/openstack/common/test.py
climatenova/openstack/__init__.py
climatenova/scheduler/filters/blazar_filter.py
climatenova/scheduler/filters/climate_filter.py
climatenova/scheduler/filters/__init__.py
climatenova/scheduler/__init__.py
climatenova/tests/api/extensions/__init__.py
climatenova/tests/api/extensions/test_default_reservation.py
climatenova/tests/api/extensions/test_reservation.py
climatenova/tests/api/__init__.py
climatenova/tests/__init__.py
climatenova/tests/scheduler/filters/__init__.py
climatenova/tests/scheduler/filters/test_blazar_filter.py
climatenova/tests/scheduler/filters/test_climate_filter.py
climatenova/tests/scheduler/__init__.py
climatenova/tests/test_climate_scheduler.py
climate/openstack/common/gettextutils.py
climate/openstack/common/importutils.py
climate/openstack/common/__init__.py
climate/openstack/common/jsonutils.py
climate/openstack/common/local.py
climate/openstack/common/log.py
climate/openstack/common/test.py
climate/openstack/common/timeutils.py
climate/openstack/__init__.py
climate/tests/__init__.py
climate/tests/test_climate_scheduler.py
etc/nova.conf.example
HACKING.rst
LICENSE
MANIFEST.in
openstack-common.conf
README.md
README.rst
requirements.txt
setup.cfg
setup.py
.testr.conf
test-requirements.txt
tox.ini
