examples/ironic.pp
.fixtures.yml
Gemfile
Gemfile.lock
lib/puppet/provider/ironic_config/ini_setting.rb
lib/puppet/provider/ironic.rb
lib/puppet/type/ironic_config.rb
LICENSE
manifests/api.pp
manifests/client.pp
manifests/conductor.pp
manifests/db/mysql/host_access.pp
manifests/db/mysql.pp
manifests/drivers/ipmi.pp
manifests/drivers/pxe.pp
manifests/init.pp
manifests/keystone/auth.pp
manifests/params.pp
Modulefile
Rakefile
README.md
spec/classes/ironic_api_spec.rb
spec/classes/ironic_client_spec.rb
spec/classes/ironic_conductor_spec.rb
spec/classes/ironic_db_mysql_spec.rb
spec/classes/ironic_drivers_ipmi_spec.rb
spec/classes/ironic_drivers_pxe_spec.rb
spec/classes/ironic_init_spec.rb
spec/classes/ironic_keystone_auth_spec.rb
spec/defines/ironic_db_mysql_host_access_spec.rb
spec/fixtures/manifests/site.pp
spec/shared_examples.rb
spec/spec_helper.rb
spec/unit/provider/ironic_spec.rb
.travis.yml
