CONTRIBUTING.rst
.coveragerc
doc/source/api/v1.rst
doc/source/conf.py
doc/source/contributing.rst
doc/source/index.rst
doc/source/installation.rst
doc/source/readme.rst
doc/source/usage.rst
etc/kite.conf.sample
HACKING.rst
kite/api/app.py
kite/api/hooks.py
kite/api/__init__.py
kite/api/root.py
kite/api/v1/controllers/controller.py
kite/api/v1/controllers/group.py
kite/api/v1/controllers/__init__.py
kite/api/v1/controllers/key.py
kite/api/v1/controllers/ticket.py
kite/api/v1/__init__.py
kite/api/v1/models/base.py
kite/api/v1/models/group.py
kite/api/v1/models/__init__.py
kite/api/v1/models/key.py
kite/api/v1/models/ticket.py
kite/cli/api.py
kite/cli/__init__.py
kite/cli/manage.py
kite/common/crypto.py
kite/common/exception.py
kite/common/__init__.py
kite/common/service.py
kite/common/storage.py
kite/common/utils.py
kite/db/api.py
kite/db/connection.py
kite/db/__init__.py
kite/db/kvs/api.py
kite/db/kvs/__init__.py
kite/db/migration.py
kite/db/sqlalchemy/alembic/env.py
kite/db/sqlalchemy/alembic.ini
kite/db/sqlalchemy/alembic/script.py.mako
kite/db/sqlalchemy/alembic/versions/49c8b865f6b_initialize_kite_tables.py
kite/db/sqlalchemy/api.py
kite/db/sqlalchemy/__init__.py
kite/db/sqlalchemy/migration.py
kite/db/sqlalchemy/models.py
kite/__init__.py
kite/openstack/common/config/generator.py
kite/openstack/common/config/__init__.py
kite/openstack/common/context.py
kite/openstack/common/crypto/__init__.py
kite/openstack/common/crypto/utils.py
kite/openstack/common/db/api.py
kite/openstack/common/db/exception.py
kite/openstack/common/db/__init__.py
kite/openstack/common/db/options.py
kite/openstack/common/db/sqlalchemy/__init__.py
kite/openstack/common/db/sqlalchemy/migration.py
kite/openstack/common/db/sqlalchemy/models.py
kite/openstack/common/db/sqlalchemy/provision.py
kite/openstack/common/db/sqlalchemy/session.py
kite/openstack/common/db/sqlalchemy/test_base.py
kite/openstack/common/db/sqlalchemy/test_migrations.py
kite/openstack/common/db/sqlalchemy/utils.py
kite/openstack/common/excutils.py
kite/openstack/common/fileutils.py
kite/openstack/common/fixture/config.py
kite/openstack/common/fixture/__init__.py
kite/openstack/common/fixture/lockutils.py
kite/openstack/common/fixture/logging.py
kite/openstack/common/fixture/mockpatch.py
kite/openstack/common/fixture/moxstubout.py
kite/openstack/common/gettextutils.py
kite/openstack/common/importutils.py
kite/openstack/common/__init__.py
kite/openstack/common/jsonutils.py
kite/openstack/common/local.py
kite/openstack/common/lockutils.py
kite/openstack/common/log.py
kite/openstack/common/test.py
kite/openstack/common/timeutils.py
kite/openstack/__init__.py
kite/tests/api/base.py
kite/tests/api/__init__.py
kite/tests/api/test.py
kite/tests/api/v1/base.py
kite/tests/api/v1/__init__.py
kite/tests/api/v1/test_group_crud.py
kite/tests/api/v1/test_key.py
kite/tests/api/v1/test_key_tickets.py
kite/tests/api/v1/test.py
kite/tests/base.py
kite/tests/db/base.py
kite/tests/db/__init__.py
kite/tests/db/test_groups.py
kite/tests/db/test_host_key.py
kite/tests/__init__.py
kite/tests/paths.py
kite/tests/test_kite.py
kite/tests/tmp/.gitkeep
kite/tests/unit/base.py
kite/tests/unit/__init__.py
kite/tests/unit/test_crypto.py
kite/tests/unit/test_storage.py
LICENSE
MANIFEST.in
openstack-common.conf
README.rst
requirements.txt
setup.cfg
setup.py
.testr.conf
test-requirements.txt
tools/config/check_uptodate.sh
tools/config/.conf.sample
tools/config/generate_sample.sh
tox.ini
