config-local.yml.bk
docs/mon-api-overview.md
docs/mon-api-spec.md
docs/mon-api-sped.mc
docs/monasca-api-spec.md
etc/security/keystore.jks
etc/security/prod-hpmiddleware-keystore.jks
etc/security/prod-hpmiddleware-truststore.jks
etc/security/project
etc/security/truststore.jks
LICENSE
log/mon-api-2014-04-09.log
log/mon-api.log
pom.xml
pom.xml.orig
README.md
src/deb/control/control
src/deb/control/postinst
src/deb/control/postrm
src/deb/control/prerm
src/deb/etc/mon-api-config.yml-sample
src/deb/init/mon-api.conf
src/main/java/com/hpcloud/middleware/AuthClientFactory.java
src/main/java/com/hpcloud/middleware/AuthClient.java
src/main/java/com/hpcloud/middleware/AuthConnectionException.java
src/main/java/com/hpcloud/middleware/AuthConstants.java
src/main/java/com/hpcloud/middleware/AuthException.java
src/main/java/com/hpcloud/middleware/CatalogV3.java
src/main/java/com/hpcloud/middleware/Config.java
src/main/java/com/hpcloud/middleware/ExceptionHandlerUtil.java
src/main/java/com/hpcloud/middleware/FilterUtils.java
src/main/java/com/hpcloud/middleware/HttpAuthClient.java
src/main/java/com/hpcloud/middleware/HttpClientFactory.java
src/main/java/com/hpcloud/middleware/HttpClientPoolFactory.java
src/main/java/com/hpcloud/middleware/HttpPoolCleaner.java
src/main/java/com/hpcloud/middleware/SignatureBuilderException.java
src/main/java/com/hpcloud/middleware/SignatureExceptionHandler.java
src/main/java/com/hpcloud/middleware/TokenAuth.java
src/main/java/com/hpcloud/middleware/TokenCache.java
src/main/java/com/hpcloud/middleware/TokenExceptionHandler.java
src/main/java/com/hpcloud/middleware/UnavailableException.java
src/main/java/com/hpcloud/mon/app/AlarmService.java
src/main/java/com/hpcloud/mon/app/ApplicationModule.java
src/main/java/com/hpcloud/mon/app/command/CreateAlarmCommand.java
src/main/java/com/hpcloud/mon/app/command/CreateMetricCommand.java
src/main/java/com/hpcloud/mon/app/command/CreateNotificationMethodCommand.java
src/main/java/com/hpcloud/mon/app/command/UpdateAlarmCommand.java
src/main/java/com/hpcloud/mon/ApplicationModule.java
src/main/java/com/hpcloud/mon/app/MetricService.java
src/main/java/com/hpcloud/mon/app/package-info.java
src/main/java/com/hpcloud/mon/app/representation/AlarmHistoryRepresentation.java
src/main/java/com/hpcloud/mon/app/representation/AlarmRepresentation.java
src/main/java/com/hpcloud/mon/app/representation/AlarmsRepresentation.java
src/main/java/com/hpcloud/mon/app/representation/NotificationMethodRepresentation.java
src/main/java/com/hpcloud/mon/app/representation/NotificationMethodsRepresentation.java
src/main/java/com/hpcloud/mon/app/representation/ResetPasswordRepresentation.java
src/main/java/com/hpcloud/mon/app/representation/VersionRepresentation.java
src/main/java/com/hpcloud/mon/app/representation/VersionsRepresentation.java
src/main/java/com/hpcloud/mon/app/validate/AlarmExpressionValidation.java
src/main/java/com/hpcloud/mon/app/validate/DimensionValidation.java
src/main/java/com/hpcloud/mon/app/validate/MetricValidation.java
src/main/java/com/hpcloud/mon/app/validate/NamespaceValidation.java
src/main/java/com/hpcloud/mon/app/validate/Validateable.java
src/main/java/com/hpcloud/mon/app/validate/Validation.java
src/main/java/com/hpcloud/mon/app/validate/ValidationResult.java
src/main/java/com/hpcloud/mon/app/validation/AlarmValidation.java
src/main/java/com/hpcloud/mon/app/validation/DimensionValidation.java
src/main/java/com/hpcloud/mon/app/validation/MetricNameValidation.java
src/main/java/com/hpcloud/mon/app/validation/NamespaceValidation.java
src/main/java/com/hpcloud/mon/app/validation/Validation.java
src/main/java/com/hpcloud/mon/bundle/SwaggerBundle.java
src/main/java/com/hpcloud/mon/Config/DatabaseConfiguration.java
src/main/java/com/hpcloud/mon/Config/InfluxDBConfig.java
src/main/java/com/hpcloud/mon/domain/DomainModule.java
src/main/java/com/hpcloud/mon/domain/exception/EntityExistsException.java
src/main/java/com/hpcloud/mon/domain/exception/EntityNotFoundException.java
src/main/java/com/hpcloud/mon/domain/exception/InvalidEntityException.java
src/main/java/com/hpcloud/mon/domain/model/alarm/AlarmDetail.java
src/main/java/com/hpcloud/mon/domain/model/alarm/Alarm.java
src/main/java/com/hpcloud/mon/domain/model/alarm/AlarmRepository.java
src/main/java/com/hpcloud/mon/domain/model/alarmhistory/AlarmHistory.java
src/main/java/com/hpcloud/mon/domain/model/alarmhistory/AlarmHistoryRepository.java
src/main/java/com/hpcloud/mon/domain/model/alarmhistory/AlarmHistoryType.java
src/main/java/com/hpcloud/mon/domain/model/alarmstatehistory/AlarmStateHistory.java
src/main/java/com/hpcloud/mon/domain/model/alarmstatehistory/AlarmStateHistoryRepository.java
src/main/java/com/hpcloud/mon/domain/model/common/Linked.java
src/main/java/com/hpcloud/mon/domain/model/common/Link.java
src/main/java/com/hpcloud/mon/domain/model/measurement/Measurement.java
src/main/java/com/hpcloud/mon/domain/model/measurement/MeasurementRepository.java
src/main/java/com/hpcloud/mon/domain/model/measurement/Measurements.java
src/main/java/com/hpcloud/mon/domain/model/metric/Datapoint.java
src/main/java/com/hpcloud/mon/domain/model/metric/DatapointRepository.java
src/main/java/com/hpcloud/mon/domain/model/metric/Measurement.java
src/main/java/com/hpcloud/mon/domain/model/metric/MeasurementRepository.java
src/main/java/com/hpcloud/mon/domain/model/metric/MetricDefinitionRepository.java
src/main/java/com/hpcloud/mon/domain/model/metric/MetricRepository.java
src/main/java/com/hpcloud/mon/domain/model/notificationmethod/NotificationMethod.java
src/main/java/com/hpcloud/mon/domain/model/notificationmethod/NotificationMethodRepository.java
src/main/java/com/hpcloud/mon/domain/model/notificationmethod/NotificationMethodType.java
src/main/java/com/hpcloud/mon/domain/model/statistic/Statistic.java
src/main/java/com/hpcloud/mon/domain/model/statistic/StatisticRepository.java
src/main/java/com/hpcloud/mon/domain/model/statistic/Statistics.java
src/main/java/com/hpcloud/mon/domain/model/statistic/StatisticsJoinRow.java
src/main/java/com/hpcloud/mon/domain/model/version/Version.java
src/main/java/com/hpcloud/mon/domain/model/version/VersionRepository.java
src/main/java/com/hpcloud/mon/domain/package-info.java
src/main/java/com/hpcloud/mon/domain/service/impl/VersionRepositoryImpl.java
src/main/java/com/hpcloud/mon/domain/service/LockService.java
src/main/java/com/hpcloud/mon/domain/service/ResourceVerificationService.java
src/main/java/com/hpcloud/mon/infrastructure/compute/ComputeResourceVerificationService.java
src/main/java/com/hpcloud/mon/infrastructure/identity/IdentityServiceClient.java
src/main/java/com/hpcloud/mon/infrastructure/identity/IdentityServiceConfiguration.java
src/main/java/com/hpcloud/mon/infrastructure/InfrastructureModule.java
src/main/java/com/hpcloud/mon/infrastructure/middleware/MiddlewareConfiguration.java
src/main/java/com/hpcloud/mon/infrastructure/objectstore/ObjectStoreResourceVerificationService.java
src/main/java/com/hpcloud/mon/infrastructure/package-info.java
src/main/java/com/hpcloud/mon/infrastructure/persistence/AlarmHistoryRepositoryImpl.java
src/main/java/com/hpcloud/mon/infrastructure/persistence/AlarmRepositoryImpl.java
src/main/java/com/hpcloud/mon/infrastructure/persistence/AlarmStateHistoryInfluxDBRepositoryImpl.java
src/main/java/com/hpcloud/mon/infrastructure/persistence/AlarmStateHistoryRepositoryImpl.java
src/main/java/com/hpcloud/mon/infrastructure/persistence/AlarmStateHistoryVerticaRepositoryImpl.java
src/main/java/com/hpcloud/mon/infrastructure/persistence/DatabaseConfiguration.java
src/main/java/com/hpcloud/mon/infrastructure/persistence/DatapointRepositoryImpl.java
src/main/java/com/hpcloud/mon/infrastructure/persistence/DimensionQueries.java
src/main/java/com/hpcloud/mon/infrastructure/persistence/influxdb/AlarmStateHistoryInfluxDBRepositoryImpl.java
src/main/java/com/hpcloud/mon/infrastructure/persistence/influxdb/AlarmStateHistoryInfluxDbRepositoryImpl.java
src/main/java/com/hpcloud/mon/infrastructure/persistence/InfluxDBConfig.java
src/main/java/com/hpcloud/mon/infrastructure/persistence/influxdb/InfluxDBConfig.java
src/main/java/com/hpcloud/mon/infrastructure/persistence/influxdb/InfluxDbConfig.java
src/main/java/com/hpcloud/mon/infrastructure/persistence/influxdb/MeasurementInfluxDBRepositoryImpl.java
src/main/java/com/hpcloud/mon/infrastructure/persistence/influxdb/MeasurementInfluxDbRepositoryImpl.java
src/main/java/com/hpcloud/mon/infrastructure/persistence/influxdb/MetricDefinitionInfluxDBRepositoryImpl.java
src/main/java/com/hpcloud/mon/infrastructure/persistence/influxdb/MetricDefinitionInfluxDbRepositoryImpl.java
src/main/java/com/hpcloud/mon/infrastructure/persistence/influxdb/StatisticInfluxDBRepositoryImpl.java
src/main/java/com/hpcloud/mon/infrastructure/persistence/influxdb/StatisticInfluxDbRepositoryImpl.java
src/main/java/com/hpcloud/mon/infrastructure/persistence/influxdb/Utils.java
src/main/java/com/hpcloud/mon/infrastructure/persistence/MeasurementInfluxDBRepositoryImpl.java
src/main/java/com/hpcloud/mon/infrastructure/persistence/MeasurementRepositoryImpl.java
src/main/java/com/hpcloud/mon/infrastructure/persistence/MeasurementVerticaRepositoryImpl.java
src/main/java/com/hpcloud/mon/infrastructure/persistence/MetricDefinitionInfluxDBRepositoryImpl.java
src/main/java/com/hpcloud/mon/infrastructure/persistence/MetricDefinitionRepositoryImpl.java
src/main/java/com/hpcloud/mon/infrastructure/persistence/MetricDefinitionRepositoryImpl.java.orig
src/main/java/com/hpcloud/mon/infrastructure/persistence/MetricDefinitionVerticaRepositoryImpl.java
src/main/java/com/hpcloud/mon/infrastructure/persistence/MetricQueries.java
src/main/java/com/hpcloud/mon/infrastructure/persistence/MetricRepositoryImpl.java
src/main/java/com/hpcloud/mon/infrastructure/persistence/mysql/AlarmMySQLRepositoryImpl.java
src/main/java/com/hpcloud/mon/infrastructure/persistence/mysql/AlarmMySqlRepositoryImpl.java
src/main/java/com/hpcloud/mon/infrastructure/persistence/mysql/NotificationMethodMySQLRepositoryImpl.java
src/main/java/com/hpcloud/mon/infrastructure/persistence/mysql/NotificationMethodMySqlRepositoryImpl.java
src/main/java/com/hpcloud/mon/infrastructure/persistence/NotificationMethodRepositoryImpl.java
src/main/java/com/hpcloud/mon/infrastructure/persistence/SQLSanitizer.java
src/main/java/com/hpcloud/mon/infrastructure/persistence/StatisticInfluxDBRepositoryImpl.java
src/main/java/com/hpcloud/mon/infrastructure/persistence/StatisticRepositoryImpl.java
src/main/java/com/hpcloud/mon/infrastructure/persistence/StatisticVerticaRepositoryImpl.java
src/main/java/com/hpcloud/mon/infrastructure/persistence/SubAlarmQueries.java
src/main/java/com/hpcloud/mon/infrastructure/persistence/Utils.java
src/main/java/com/hpcloud/mon/infrastructure/persistence/vertica/AlarmStateHistoryVerticaRepositoryImpl.java
src/main/java/com/hpcloud/mon/infrastructure/persistence/vertica/MeasurementVerticaRepositoryImpl.java
src/main/java/com/hpcloud/mon/infrastructure/persistence/vertica/MetricDefinitionVerticaRepositoryImpl.java
src/main/java/com/hpcloud/mon/infrastructure/persistence/vertica/MetricQueries.java
src/main/java/com/hpcloud/mon/infrastructure/persistence/vertica/StatisticVerticaRepositoryImpl.java
src/main/java/com/hpcloud/mon/infrastructure/servlet/AddressValidationProxyServlet.java
src/main/java/com/hpcloud/mon/infrastructure/servlet/MockAuthenticationFilter.java
src/main/java/com/hpcloud/mon/infrastructure/servlet/PostAuthenticationFilter.java
src/main/java/com/hpcloud/mon/infrastructure/servlet/PreAuthenticationFilter.java
src/main/java/com/hpcloud/mon/infrastructure/servlet/RoleAuthorizationFilter.java
src/main/java/com/hpcloud/mon/infrastructure/servlet/TenantCallCountingFilter.java
src/main/java/com/hpcloud/mon/infrastructure/servlet/TenantValidationFilter.java
src/main/java/com/hpcloud/mon/infrastructure/zookeeper/ZookeeperConfiguration.java
src/main/java/com/hpcloud/mon/infrastructure/zookeeper/ZookeeperLockService.java
src/main/java/com/hpcloud/mon/MonApiApplication.java
src/main/java/com/hpcloud/mon/MonApiConfiguration.java
src/main/java/com/hpcloud/mon/MonApiModule.java
src/main/java/com/hpcloud/mon/PlatformModule.java
src/main/java/com/hpcloud/mon/resource/AlarmResource.java
src/main/java/com/hpcloud/mon/resource/annotation/PATCH.java
src/main/java/com/hpcloud/mon/resource/exception/ConstraintViolationExceptionMapper.java
src/main/java/com/hpcloud/mon/resource/exception/EntityExistsExceptionMapper.java
src/main/java/com/hpcloud/mon/resource/exception/EntityNotFoundExceptionMapper.java
src/main/java/com/hpcloud/mon/resource/exception/ErrorMessage.java
src/main/java/com/hpcloud/mon/resource/exception/Exceptions.java
src/main/java/com/hpcloud/mon/resource/exception/IllegalArgumentExceptionMapper.java
src/main/java/com/hpcloud/mon/resource/exception/InvalidEntityExceptionMapper.java
src/main/java/com/hpcloud/mon/resource/exception/JsonMappingExceptionManager.java
src/main/java/com/hpcloud/mon/resource/exception/JsonProcessingExceptionMapper.java
src/main/java/com/hpcloud/mon/resource/exception/ResourceNotFoundExceptionMapper.java
src/main/java/com/hpcloud/mon/resource/exception/ThrowableExceptionMapper.java
src/main/java/com/hpcloud/mon/resource/Links.java
src/main/java/com/hpcloud/mon/resource/MeasurementResource.java
src/main/java/com/hpcloud/mon/resource/MetricResource.java
src/main/java/com/hpcloud/mon/resource/NotificationMethodResource.java
src/main/java/com/hpcloud/mon/resource/serialization/SubAlarmExpressionSerializer.java
src/main/java/com/hpcloud/mon/resource/StatisticResource.java
src/main/java/com/hpcloud/mon/resource/VersionResource.java
src/main/java/com/hp/csbu/cc/middleware/AuthClientFactory.java
src/main/java/com/hp/csbu/cc/middleware/AuthClient.java
src/main/java/com/hp/csbu/cc/middleware/AuthConnectionException.java
src/main/java/com/hp/csbu/cc/middleware/AuthConstants.java
src/main/java/com/hp/csbu/cc/middleware/AuthException.java
src/main/java/com/hp/csbu/cc/middleware/CatalogV3.java
src/main/java/com/hp/csbu/cc/middleware/Config.java
src/main/java/com/hp/csbu/cc/middleware/DecryptionException.java
src/main/java/com/hp/csbu/cc/middleware/EncryptionException.java
src/main/java/com/hp/csbu/cc/middleware/ExceptionHandlerUtil.java
src/main/java/com/hp/csbu/cc/middleware/FilterUtils.java
src/main/java/com/hp/csbu/cc/middleware/HPS3Signer.java.txt
src/main/java/com/hp/csbu/cc/middleware/HttpAuthClient.java
src/main/java/com/hp/csbu/cc/middleware/HttpClientFactory.java
src/main/java/com/hp/csbu/cc/middleware/HttpClientPoolFactory.java
src/main/java/com/hp/csbu/cc/middleware/HttpPoolCleaner.java
src/main/java/com/hp/csbu/cc/middleware/MemcacheCrypt.text
src/main/java/com/hp/csbu/cc/middleware/S3SignatureAuth.java.txt
src/main/java/com/hp/csbu/cc/middleware/SignatureBuilderException.java
src/main/java/com/hp/csbu/cc/middleware/SignatureExceptionHandler.java
src/main/java/com/hp/csbu/cc/middleware/Signer.java
src/main/java/com/hp/csbu/cc/middleware/ThriftAuthClient.java.txt
src/main/java/com/hp/csbu/cc/middleware/ThriftClientFactory.java.txt
src/main/java/com/hp/csbu/cc/middleware/ThriftClientPoolFactory.java.txt
src/main/java/com/hp/csbu/cc/middleware/TokenAuth.java
src/main/java/com/hp/csbu/cc/middleware/TokenCache.java
src/main/java/com/hp/csbu/cc/middleware/TokenExceptionHandler.java
src/main/java/com/hp/csbu/cc/middleware/UnavailableException.java
src/main/java/com/hp/csbu/cc/security/cs/thrift/service/AuthResponse.java
src/main/java/com/hp/csbu/cc/security/cs/thrift/service/AuthResponse.java.txt
src/main/java/com/hp/csbu/cc/security/cs/thrift/service/ResourceException.java
src/main/java/com/hp/csbu/cc/security/cs/thrift/service/ResourceException.java.txt
src/main/java/com/hp/csbu/cc/security/cs/thrift/service/Role.java
src/main/java/com/hp/csbu/cc/security/cs/thrift/service/Role.java.txt
src/main/java/com/hp/csbu/cc/security/cs/thrift/service/SigAuthRequest.java
src/main/java/com/hp/csbu/cc/security/cs/thrift/service/SigAuthRequest.java.txt
src/main/java/com/hp/csbu/cc/security/cs/thrift/service/SignatureCredentials.java
src/main/java/com/hp/csbu/cc/security/cs/thrift/service/SignatureCredentials.java.txt
src/main/java/com/hp/csbu/cc/security/cs/thrift/service/Token.java
src/main/java/com/hp/csbu/cc/security/cs/thrift/service/Token.java.txt
src/main/java/com/hp/csbu/cc/security/cs/thrift/service/User.java
src/main/java/com/hp/csbu/cc/security/cs/thrift/service/User.java.txt
src/main/resources/mon-api-config.yml
src/main/resources/swagger-ui/css/reset.css
src/main/resources/swagger-ui/css/screen.css
src/main/resources/swagger-ui/images/throbber.gif
src/main/resources/swagger-ui/index.html
src/main/resources/swagger-ui/lib/backbone-min.js
src/main/resources/swagger-ui/lib/handlebars-1.0.0.js
src/main/resources/swagger-ui/lib/highlight.7.3.pack.js
src/main/resources/swagger-ui/lib/jquery-1.8.0.min.js
src/main/resources/swagger-ui/lib/jquery.ba-bbq.min.js
src/main/resources/swagger-ui/lib/jquery.slideto.min.js
src/main/resources/swagger-ui/lib/jquery.wiggle.min.js
src/main/resources/swagger-ui/lib/shred.bundle.js
src/main/resources/swagger-ui/lib/shred/content.js
src/main/resources/swagger-ui/lib/swagger.js
src/main/resources/swagger-ui/lib/swagger-oauth.js
src/main/resources/swagger-ui/lib/underscore-min.js
src/main/resources/swagger-ui/swagger-ui.min.js
src/test/java/com/hpcloud/mon/app/AlarmServiceTest.java
src/test/java/com/hpcloud/mon/app/command/CreateAlarmCommandTest.java
src/test/java/com/hpcloud/mon/app/command/CreateNotificationMethodTest.java
src/test/java/com/hpcloud/mon/app/representation/AlarmsRepresentationTest.java
src/test/java/com/hpcloud/mon/app/representation/NotificationMethodsRepresentationTest.java
src/test/java/com/hpcloud/mon/app/representation/package-info.java
src/test/java/com/hpcloud/mon/app/representation/VersionsRepresentationTest.java
src/test/java/com/hpcloud/mon/app/request/NewAlarmTest.java
src/test/java/com/hpcloud/mon/app/request/NewNotificationMethodTest.java
src/test/java/com/hpcloud/mon/app/validation/AlarmExpressionsTest.java
src/test/java/com/hpcloud/mon/app/validation/DimensionsTest.java
src/test/java/com/hpcloud/mon/domain/model/AbstractModelTest.java
src/test/java/com/hpcloud/mon/domain/model/AlarmTest.java
src/test/java/com/hpcloud/mon/domain/model/NotificationMethodTest.java
src/test/java/com/hpcloud/mon/domain/model/VersionTest.java
src/test/java/com/hpcloud/mon/infrastructure/compute/ComputeResourceVerificationServiceIntegrationTest.java
src/test/java/com/hpcloud/mon/infrastructure/identity/IdentityServiceClientIntegrationTest.java
src/test/java/com/hpcloud/mon/infrastructure/identity/IdentityServiceClientTest.java
src/test/java/com/hpcloud/mon/infrastructure/objectstore/ObjectStoreResourceVerificationServiceIntegrationTest.java
src/test/java/com/hpcloud/mon/infrastructure/persistence/AlarmRepositoryImplTest.java
src/test/java/com/hpcloud/mon/infrastructure/persistence/AlarmStateHistoryInfluxDBRepositoryImplTest.java
src/test/java/com/hpcloud/mon/infrastructure/persistence/AlarmStateHistoryRepositoryImplTest.java
src/test/java/com/hpcloud/mon/infrastructure/persistence/AlarmStateHistoryVerticaRepositoryImplTest.java
src/test/java/com/hpcloud/mon/infrastructure/persistence/influxdb/AlarmStateHistoryInfluxDBRepositoryImplTest.java
src/test/java/com/hpcloud/mon/infrastructure/persistence/influxdb/AlarmStateHistoryInfluxDbRepositoryImplTest.java
src/test/java/com/hpcloud/mon/infrastructure/persistence/influxdb/UtilsTest.java
src/test/java/com/hpcloud/mon/infrastructure/persistence/MeasurementRepositoryImplTest.java
src/test/java/com/hpcloud/mon/infrastructure/persistence/MeasurementVerticaRepositoryImplTest.java
src/test/java/com/hpcloud/mon/infrastructure/persistence/MetricDefinitionRepositoryImplTest.java
src/test/java/com/hpcloud/mon/infrastructure/persistence/MetricDefinitionVerticaRepositoryImplTest.java
src/test/java/com/hpcloud/mon/infrastructure/persistence/mysql/AlarmMySQLRepositoryImplTest.java
src/test/java/com/hpcloud/mon/infrastructure/persistence/mysql/AlarmMySqlRepositoryImplTest.java
src/test/java/com/hpcloud/mon/infrastructure/persistence/mysql/NotificationMethodMySQLRepositoryImplTest.java
src/test/java/com/hpcloud/mon/infrastructure/persistence/mysql/NotificationMethodMySqlRepositoryImplTest.java
src/test/java/com/hpcloud/mon/infrastructure/persistence/NotificationMethodRepositoryImplTest.java
src/test/java/com/hpcloud/mon/infrastructure/persistence/SubAlarmQueriesTest.java
src/test/java/com/hpcloud/mon/infrastructure/persistence/UtilsTest.java
src/test/java/com/hpcloud/mon/infrastructure/persistence/vertica/AlarmStateHistoryVerticaRepositoryImplTest.java
src/test/java/com/hpcloud/mon/infrastructure/persistence/vertica/MeasurementVerticaRepositoryImplTest.java
src/test/java/com/hpcloud/mon/infrastructure/persistence/vertica/MetricDefinitionVerticaRepositoryImplTest.java
src/test/java/com/hpcloud/mon/infrastructure/persistence/vertica/MetricQueriesTest.java
src/test/java/com/hpcloud/mon/integration/AlarmIntegrationTest.java
src/test/java/com/hpcloud/mon/integration/docker/InfluxDBTest.java
src/test/java/com/hpcloud/mon/integration/docker/ITInfluxDBTest.java
src/test/java/com/hpcloud/mon/integration/MetricIntegrationTest.java
src/test/java/com/hpcloud/mon/integration/NotificationMethodIntegrationTest.java
src/test/java/com/hpcloud/mon/MonApiApplicationRunner.java
src/test/java/com/hpcloud/mon/MonApiServiceRunner.java
src/test/java/com/hpcloud/mon/resource/AbstractMonApiResourceTest.java
src/test/java/com/hpcloud/mon/resource/AlarmResourceTest.java
src/test/java/com/hpcloud/mon/resource/exception/ErrorMessages.java
src/test/java/com/hpcloud/mon/resource/LinksTest.java
src/test/java/com/hpcloud/mon/resource/MetricResourceTest.java
src/test/java/com/hpcloud/mon/resource/NotificationMethodResourceTest.java
src/test/java/com/hpcloud/mon/resource/StatisticResourceTest.java
src/test/java/com/hpcloud/mon/resource/VersionResourceTest.java
src/test/resources/com/hpcloud/mon/infrastructure/persistence/alarm.sql
src/test/resources/com/hpcloud/mon/infrastructure/persistence/metrics.sql
src/test/resources/com/hpcloud/mon/infrastructure/persistence/mysql/alarm.sql
src/test/resources/com/hpcloud/mon/infrastructure/persistence/mysql/notification_method.sql
src/test/resources/com/hpcloud/mon/infrastructure/persistence/notification_method.sql
src/test/resources/com/hpcloud/mon/infrastructure/persistence/vertica/metrics.sql
src/test/resources/fixtures/alarm.json
src/test/resources/fixtures/alarms.json
src/test/resources/fixtures/metricSet.json
src/test/resources/fixtures/metricWithoutDimensionName.json
src/test/resources/fixtures/metricWithoutName.json
src/test/resources/fixtures/metricWithoutTimestamp.json
src/test/resources/fixtures/newAlarm.json
src/test/resources/fixtures/newNotificationMethod.json
src/test/resources/fixtures/newNotificationMethodWithInvalidEnum.json
src/test/resources/fixtures/newNotificationMethodWithLowercaseEnum.json
src/test/resources/fixtures/notificationMethod.json
src/test/resources/fixtures/notificationMethods.json
src/test/resources/fixtures/version.json
src/test/resources/fixtures/versions.json
src/test/resources/mon-api-config.yml
