doc/source/conf.py
doc/source/index.rst
doc/source/specs
LICENSE
README.rst
requirements.txt
setup.cfg
setup.py
specs/juno/append-to-remote-file.rst
specs/juno/cdh-plugin.rst
specs/juno/ceilometer-integration.rst
specs/juno/cluster-secgroups.rst
specs/juno/edp-move-examples.rst
specs/juno/edp-refactor-job-manager.rst
specs/juno/edp-spark-job-type.rst
specs/juno/edp-spark-standalone.rst
specs/juno/edp-swift-trust-authentication.rst
specs/juno/error-handling-in-provisioning.rst
specs/juno/move-rest-samples-to-docs.rst
specs/juno/placeholder.rst
specs/juno/storm-integration.rst
specs/kilo/placeholder.rst
specs/saharaclient/placeholder.rst
specs/template.rst
.testr.conf
tests/__init__.py
tests/test_placeholder.py
tests/test_titles.py
tox.ini
