apidocs/includewars.xml
apidocs/pom.xml
apidocs/replacements.config
apidocs/src/cdb-devguide.xml
apidocs/src/resources/bookinfo.xml
apidocs/src/resources/cdb-devguide.xml
apidocs/src/resources/images/Choose_Image_CCP.tiff
apidocs/src/resources/samples/db-auth-20.json
apidocs/src/resources/samples/db-auth-20.xml
apidocs/src/resources/samples/db-auth.json
apidocs/src/resources/samples/db-auth-repose-header.json
apidocs/src/resources/samples/db-auth.xml
apidocs/src/resources/samples/db-change-users-password-request.json
apidocs/src/resources/samples/db-change-users-password-request.xml
apidocs/src/resources/samples/db-change-users-password-response.json
apidocs/src/resources/samples/db-change-users-password-response.xml
apidocs/src/resources/samples/db-check-root-user-request.json
apidocs/src/resources/samples/db-check-root-user-request.xml
apidocs/src/resources/samples/db-check-root-user-response.json
apidocs/src/resources/samples/db-check-root-user-response.xml
apidocs/src/resources/samples/db-create-database-instance-response.json
apidocs/src/resources/samples/db-create-database-instance-response.xml
apidocs/src/resources/samples/db-create-databases-request.json
apidocs/src/resources/samples/db-create-databases-request.xml
apidocs/src/resources/samples/db-create-databases-response.json
apidocs/src/resources/samples/db-create-databases-response.xml
apidocs/src/resources/samples/db-create-instance-request.json
apidocs/src/resources/samples/db-create-instance-request.xml
apidocs/src/resources/samples/db-create-instance-response.json
apidocs/src/resources/samples/db-create-instance-response.xml
apidocs/src/resources/samples/db-create-users-request.json
apidocs/src/resources/samples/db-create-users-request.xml
apidocs/src/resources/samples/db-create-users-response.json
apidocs/src/resources/samples/db-create-users-response.xml
apidocs/src/resources/samples/db-credentials-20.json
apidocs/src/resources/samples/db-credentials-20.xml
apidocs/src/resources/samples/db-credentials.json
apidocs/src/resources/samples/db-credentials.xml
apidocs/src/resources/samples/db-delete-databases-request.json
apidocs/src/resources/samples/db-delete-databases-request.xml
apidocs/src/resources/samples/db-delete-databases-response.json
apidocs/src/resources/samples/db-delete-databases-response.xml
apidocs/src/resources/samples/db-delete-instance-request.json
apidocs/src/resources/samples/db-delete-instance-request.xml
apidocs/src/resources/samples/db-delete-instance-response.json
apidocs/src/resources/samples/db-delete-instance-response.xml
apidocs/src/resources/samples/db-delete-users-request.json
apidocs/src/resources/samples/db-delete-users-request.xml
apidocs/src/resources/samples/db-delete-users-response.json
apidocs/src/resources/samples/db-delete-users-response.xml
apidocs/src/resources/samples/db-enable-root-user-request.json
apidocs/src/resources/samples/db-enable-root-user-request.xml
apidocs/src/resources/samples/db-enable-root-user-response.json
apidocs/src/resources/samples/db-enable-root-user-response.xml
apidocs/src/resources/samples/db-faults-badRequest.json
apidocs/src/resources/samples/db-faults-badRequest.xml
apidocs/src/resources/samples/db-faults-instanceFault.json
apidocs/src/resources/samples/db-faults-instanceFault.xml
apidocs/src/resources/samples/db-faults-itemNotFound.json
apidocs/src/resources/samples/db-faults-itemNotFound.xml
apidocs/src/resources/samples/db-flavors-by-id-request.json
apidocs/src/resources/samples/db-flavors-by-id-request.xml
apidocs/src/resources/samples/db-flavors-by-id-response.json
apidocs/src/resources/samples/db-flavors-by-id-response.xml
apidocs/src/resources/samples/db-flavors-request.json
apidocs/src/resources/samples/db-flavors-request.xml
apidocs/src/resources/samples/db-flavors-response.json
apidocs/src/resources/samples/db-flavors-response-no8_16.json
apidocs/src/resources/samples/db-flavors-response-no8_16.xml
apidocs/src/resources/samples/db-flavors-response.xml
apidocs/src/resources/samples/db-grant-user-access-request.json
apidocs/src/resources/samples/db-grant-user-access-request.xml
apidocs/src/resources/samples/db-grant-user-access-response.json
apidocs/src/resources/samples/db-grant-user-access-response.xml
apidocs/src/resources/samples/db-gs-create-database-instance-response.json
apidocs/src/resources/samples/db-gs-create-database-instance-response.xml
apidocs/src/resources/samples/db-guest-update-request.json
apidocs/src/resources/samples/db-guest-update-request.xml
apidocs/src/resources/samples/db-guest-update-response.json
apidocs/src/resources/samples/db-guest-update-response.xml
apidocs/src/resources/samples/db-instance-reboot-request.json
apidocs/src/resources/samples/db-instance-reboot-request.xml
apidocs/src/resources/samples/db-instance-reboot-response.json
apidocs/src/resources/samples/db-instance-reboot-response.xml
apidocs/src/resources/samples/db-instance-resize-flavor-request.json
apidocs/src/resources/samples/db-instance-resize-flavor-request.xml
apidocs/src/resources/samples/db-instance-resize-flavor-response.json
apidocs/src/resources/samples/db-instance-resize-flavor-response.xml
apidocs/src/resources/samples/db-instance-resize-instance-request.json
apidocs/src/resources/samples/db-instance-resize-instance-request.xml
apidocs/src/resources/samples/db-instance-resize-instance-response.json
apidocs/src/resources/samples/db-instance-resize-instance-response.xml
apidocs/src/resources/samples/db-instance-resize-volume-request.json
apidocs/src/resources/samples/db-instance-resize-volume-request.xml
apidocs/src/resources/samples/db-instance-resize-volume-response.json
apidocs/src/resources/samples/db-instance-resize-volume-response.xml
apidocs/src/resources/samples/db-instance-restart-request.json
apidocs/src/resources/samples/db-instance-restart-request.xml
apidocs/src/resources/samples/db-instance-restart-response.json
apidocs/src/resources/samples/db-instance-restart-response.xml
apidocs/src/resources/samples/db-instances-index-pagination-request.json
apidocs/src/resources/samples/db-instances-index-pagination-request.xml
apidocs/src/resources/samples/db-instances-index-pagination-response.json
apidocs/src/resources/samples/db-instances-index-pagination-response.xml
apidocs/src/resources/samples/db-instances-index-request.json
apidocs/src/resources/samples/db-instances-index-request.xml
apidocs/src/resources/samples/db-instances-index-response.json
apidocs/src/resources/samples/db-instances-index-response.xml
apidocs/src/resources/samples/db-instances-paged-index-request.json
apidocs/src/resources/samples/db-instances-paged-index-request.xml
apidocs/src/resources/samples/db-instances-paged-index-response.json
apidocs/src/resources/samples/db-instances-paged-index-response.xml
apidocs/src/resources/samples/db-instance-status-detail-request.json
apidocs/src/resources/samples/db-instance-status-detail-request.xml
apidocs/src/resources/samples/db-instance-status-detail-response.json
apidocs/src/resources/samples/db-instance-status-detail-response.xml
apidocs/src/resources/samples/db-instance-update-guest-request.json
apidocs/src/resources/samples/db-instance-update-guest-request.xml
apidocs/src/resources/samples/db-instance-update-guest-response.json
apidocs/src/resources/samples/db-instance-update-guest-response.xml
apidocs/src/resources/samples/db-list-databases-pagination-request.json
apidocs/src/resources/samples/db-list-databases-pagination-request.xml
apidocs/src/resources/samples/db-list-databases-pagination-response.json
apidocs/src/resources/samples/db-list-databases-pagination-response.xml
apidocs/src/resources/samples/db-list-databases-request.json
apidocs/src/resources/samples/db-list-databases-request.xml
apidocs/src/resources/samples/db-list-databases-response.json
apidocs/src/resources/samples/db-list-databases-response.xml
apidocs/src/resources/samples/db-list-user-access-request.json
apidocs/src/resources/samples/db-list-user-access-request.xml
apidocs/src/resources/samples/db-list-user-access-response.json
apidocs/src/resources/samples/db-list-user-access-response.xml
apidocs/src/resources/samples/db-list-user-dbs-request.json
apidocs/src/resources/samples/db-list-user-dbs-request.xml
apidocs/src/resources/samples/db-list-user-dbs-response.json
apidocs/src/resources/samples/db-list-user-dbs-response.xml
apidocs/src/resources/samples/db-list-users-pagination-request.json
apidocs/src/resources/samples/db-list-users-pagination-request.xml
apidocs/src/resources/samples/db-list-users-pagination-response.json
apidocs/src/resources/samples/db-list-users-pagination-response.xml
apidocs/src/resources/samples/db-list-users-request.json
apidocs/src/resources/samples/db-list-users-request.xml
apidocs/src/resources/samples/db-list-users-response.json
apidocs/src/resources/samples/db-list-users-response.xml
apidocs/src/resources/samples/db-mgmt-get-account-details-request.json
apidocs/src/resources/samples/db-mgmt-get-account-details-request.xml
apidocs/src/resources/samples/db-mgmt-get-account-details-response.json
apidocs/src/resources/samples/db-mgmt-get-account-details-response.xml
apidocs/src/resources/samples/db-mgmt-get-host-detail-request.json
apidocs/src/resources/samples/db-mgmt-get-host-detail-request.xml
apidocs/src/resources/samples/db-mgmt-get-host-detail-response.json
apidocs/src/resources/samples/db-mgmt-get-host-detail-response.xml
apidocs/src/resources/samples/db-mgmt-get-instance-details-request.json
apidocs/src/resources/samples/db-mgmt-get-instance-details-request.xml
apidocs/src/resources/samples/db-mgmt-get-instance-details-response.json
apidocs/src/resources/samples/db-mgmt-get-instance-details-response.xml
apidocs/src/resources/samples/db-mgmt-get-root-details-request.json
apidocs/src/resources/samples/db-mgmt-get-root-details-request.xml
apidocs/src/resources/samples/db-mgmt-get-root-details-response.json
apidocs/src/resources/samples/db-mgmt-get-root-details-response.xml
apidocs/src/resources/samples/db-mgmt-get-storage-request.json
apidocs/src/resources/samples/db-mgmt-get-storage-request.xml
apidocs/src/resources/samples/db-mgmt-get-storage-response.json
apidocs/src/resources/samples/db-mgmt-get-storage-response.xml
apidocs/src/resources/samples/db-mgmt-get-usage-account-request.json
apidocs/src/resources/samples/db-mgmt-get-usage-account-request.xml
apidocs/src/resources/samples/db-mgmt-get-usage-account-response.json
apidocs/src/resources/samples/db-mgmt-get-usage-account-response.xml
apidocs/src/resources/samples/db-mgmt-get-usage-all-request.json
apidocs/src/resources/samples/db-mgmt-get-usage-all-request.xml
apidocs/src/resources/samples/db-mgmt-get-usage-all-response.json
apidocs/src/resources/samples/db-mgmt-get-usage-all-response.xml
apidocs/src/resources/samples/db-mgmt-get-usage-instance-request.json
apidocs/src/resources/samples/db-mgmt-get-usage-instance-request.xml
apidocs/src/resources/samples/db-mgmt-get-usage-instance-response.json
apidocs/src/resources/samples/db-mgmt-get-usage-instance-response.xml
apidocs/src/resources/samples/db-mgmt-host-update-request.json
apidocs/src/resources/samples/db-mgmt-host-update-request.xml
apidocs/src/resources/samples/db-mgmt-host-update-response.json
apidocs/src/resources/samples/db-mgmt-host-update-response.xml
apidocs/src/resources/samples/db-mgmt-instance-diagnostics-request.json
apidocs/src/resources/samples/db-mgmt-instance-diagnostics-request.xml
apidocs/src/resources/samples/db-mgmt-instance-diagnostics-response.json
apidocs/src/resources/samples/db-mgmt-instance-diagnostics-response.xml
apidocs/src/resources/samples/db-mgmt-instance-hwinfo-request.json
apidocs/src/resources/samples/db-mgmt-instance-hwinfo-request.xml
apidocs/src/resources/samples/db-mgmt-instance-hwinfo-response.json
apidocs/src/resources/samples/db-mgmt-instance-hwinfo-response.xml
apidocs/src/resources/samples/db-mgmt-instance-index-request.json
apidocs/src/resources/samples/db-mgmt-instance-index-request.xml
apidocs/src/resources/samples/db-mgmt-instance-index-response.json
apidocs/src/resources/samples/db-mgmt-instance-index-response.xml
apidocs/src/resources/samples/db-mgmt-list-accounts-request.json
apidocs/src/resources/samples/db-mgmt-list-accounts-request.xml
apidocs/src/resources/samples/db-mgmt-list-accounts-response.json
apidocs/src/resources/samples/db-mgmt-list-accounts-response.xml
apidocs/src/resources/samples/db-mgmt-list-hosts-request.json
apidocs/src/resources/samples/db-mgmt-list-hosts-request.xml
apidocs/src/resources/samples/db-mgmt-list-hosts-response.json
apidocs/src/resources/samples/db-mgmt-list-hosts-response.xml
apidocs/src/resources/samples/db-mgmt-migrate-instance-force-request.json
apidocs/src/resources/samples/db-mgmt-migrate-instance-force-request.xml
apidocs/src/resources/samples/db-mgmt-migrate-instance-force-response.json
apidocs/src/resources/samples/db-mgmt-migrate-instance-force-response.xml
apidocs/src/resources/samples/db-mgmt-migrate-instance-request.json
apidocs/src/resources/samples/db-mgmt-migrate-instance-request.xml
apidocs/src/resources/samples/db-mgmt-migrate-instance-response.json
apidocs/src/resources/samples/db-mgmt-migrate-instance-response.xml
apidocs/src/resources/samples/db-mgmt-reset-instance-task-status-request.json
apidocs/src/resources/samples/db-mgmt-reset-instance-task-status-request.xml
apidocs/src/resources/samples/db-mgmt-reset-instance-task-status-response.json
apidocs/src/resources/samples/db-mgmt-reset-instance-task-status-response.xml
apidocs/src/resources/samples/db-request-types.json
apidocs/src/resources/samples/db-response-types.xml
apidocs/src/resources/samples/db-revoke-user-access-request.json
apidocs/src/resources/samples/db-revoke-user-access-request.xml
apidocs/src/resources/samples/db-revoke-user-access-response.json
apidocs/src/resources/samples/db-revoke-user-access-response.xml
apidocs/src/resources/samples/db-version-request.json
apidocs/src/resources/samples/db-version-request.xml
apidocs/src/resources/samples/db-version-response.json
apidocs/src/resources/samples/db-version-response.xml
apidocs/src/resources/samples/db-versions-request.json
apidocs/src/resources/samples/db-versions-request.xml
apidocs/src/resources/samples/db-versions-response.json
apidocs/src/resources/samples/db-versions-response.xml
apidocs/src/resources/xslts/js/shjs/sh_java.js
apidocs/src/resources/xslts/js/shjs/sh_javascript.js
apidocs/src/resources/xslts/js/shjs/sh_main.js
apidocs/src/resources/xslts/js/shjs/sh_xml.js
apidocs/src/resources/xslts/js/trc/schema/controller.js
apidocs/src/resources/xslts/js/trc/schema/layoutManager.js
apidocs/src/resources/xslts/js/trc/schema/sampleManager.js
apidocs/src/resources/xslts/js/trc/util.js
apidocs/src/resources/xslts/style/schema.css
apidocs/src/resources/xslts/style/shjs/sh_acid.css
apidocs/src/resources/xslts/style/shjs/sh_darkblue.css
apidocs/src/resources/xslts/style/shjs/sh_emacs.css
apidocs/src/resources/xslts/style/shjs/sh_night.css
apidocs/src/resources/xslts/style/shjs/sh_pablo.css
apidocs/src/resources/xslts/style/shjs/sh_print.css
apidocs/src/resources/xslts/style/shjs/sh_style.css
apidocs/src/resources/xslts/style/shjs/sh_whitengrey.css
apidocs/src/resources/xslts/xslt/.htaccess
apidocs/src/resources/xslts/xslt/schema.xslt
apidocs/src/samples/db-change-users-password-request.json
apidocs/src/samples/db-change-users-password-request-json.txt
apidocs/src/samples/db-change-users-password-request.xml
apidocs/src/samples/db-change-users-password-request-xml.txt
apidocs/src/samples/db-change-users-password-response-json.txt
apidocs/src/samples/db-change-users-password-response-xml.txt
apidocs/src/samples/db-check-root-user-request-json.txt
apidocs/src/samples/db-check-root-user-request-xml.txt
apidocs/src/samples/db-check-root-user-response.json
apidocs/src/samples/db-check-root-user-response-json.txt
apidocs/src/samples/db-check-root-user-response.xml
apidocs/src/samples/db-check-root-user-response-xml.txt
apidocs/src/samples/db-create-databases-request.json
apidocs/src/samples/db-create-databases-request-json.txt
apidocs/src/samples/db-create-databases-request.xml
apidocs/src/samples/db-create-databases-request-xml.txt
apidocs/src/samples/db-create-databases-response-json.txt
apidocs/src/samples/db-create-databases-response-xml.txt
apidocs/src/samples/db-create-instance-request.json
apidocs/src/samples/db-create-instance-request-json.txt
apidocs/src/samples/db-create-instance-request.xml
apidocs/src/samples/db-create-instance-request-xml.txt
apidocs/src/samples/db-create-instance-response.json
apidocs/src/samples/db-create-instance-response-json.txt
apidocs/src/samples/db-create-instance-response.xml
apidocs/src/samples/db-create-instance-response-xml.txt
apidocs/src/samples/db-create-users-request.json
apidocs/src/samples/db-create-users-request-json.txt
apidocs/src/samples/db-create-users-request.xml
apidocs/src/samples/db-create-users-request-xml.txt
apidocs/src/samples/db-create-users-response-json.txt
apidocs/src/samples/db-create-users-response-xml.txt
apidocs/src/samples/db-delete-databases-request-json.txt
apidocs/src/samples/db-delete-databases-request-xml.txt
apidocs/src/samples/db-delete-databases-response-json.txt
apidocs/src/samples/db-delete-databases-response-xml.txt
apidocs/src/samples/db-delete-instance-request-json.txt
apidocs/src/samples/db-delete-instance-request-xml.txt
apidocs/src/samples/db-delete-instance-response-json.txt
apidocs/src/samples/db-delete-instance-response-xml.txt
apidocs/src/samples/db-delete-users-request-json.txt
apidocs/src/samples/db-delete-users-request-xml.txt
apidocs/src/samples/db-delete-users-response-json.txt
apidocs/src/samples/db-delete-users-response-xml.txt
apidocs/src/samples/db-enable-root-user-request-json.txt
apidocs/src/samples/db-enable-root-user-request-xml.txt
apidocs/src/samples/db-enable-root-user-response.json
apidocs/src/samples/db-enable-root-user-response-json.txt
apidocs/src/samples/db-enable-root-user-response.xml
apidocs/src/samples/db-enable-root-user-response-xml.txt
apidocs/src/samples/db-faults-badRequest.json
apidocs/src/samples/db-faults-badRequest.xml
apidocs/src/samples/db-faults-instanceFault.json
apidocs/src/samples/db-faults-instanceFault.xml
apidocs/src/samples/db-faults-itemNotFound.json
apidocs/src/samples/db-faults-itemNotFound.xml
apidocs/src/samples/db-flavors-by-id-request-json.txt
apidocs/src/samples/db-flavors-by-id-request-xml.txt
apidocs/src/samples/db-flavors-by-id-response.json
apidocs/src/samples/db-flavors-by-id-response-json.txt
apidocs/src/samples/db-flavors-by-id-response.xml
apidocs/src/samples/db-flavors-by-id-response-xml.txt
apidocs/src/samples/db-flavors-request-json.txt
apidocs/src/samples/db-flavors-request-xml.txt
apidocs/src/samples/db-flavors-response.json
apidocs/src/samples/db-flavors-response-json.txt
apidocs/src/samples/db-flavors-response.xml
apidocs/src/samples/db-flavors-response-xml.txt
apidocs/src/samples/db-grant-user-access-request.json
apidocs/src/samples/db-grant-user-access-request-json.txt
apidocs/src/samples/db-grant-user-access-request.xml
apidocs/src/samples/db-grant-user-access-request-xml.txt
apidocs/src/samples/db-grant-user-access-response-json.txt
apidocs/src/samples/db-grant-user-access-response-xml.txt
apidocs/src/samples/db-instance-resize-instance-request.json
apidocs/src/samples/db-instance-resize-instance-request-json.txt
apidocs/src/samples/db-instance-resize-instance-request.xml
apidocs/src/samples/db-instance-resize-instance-request-xml.txt
apidocs/src/samples/db-instance-resize-instance-response-json.txt
apidocs/src/samples/db-instance-resize-instance-response-xml.txt
apidocs/src/samples/db-instance-resize-volume-request.json
apidocs/src/samples/db-instance-resize-volume-request-json.txt
apidocs/src/samples/db-instance-resize-volume-request.xml
apidocs/src/samples/db-instance-resize-volume-request-xml.txt
apidocs/src/samples/db-instance-resize-volume-response-json.txt
apidocs/src/samples/db-instance-resize-volume-response-xml.txt
apidocs/src/samples/db-instance-restart-request.json
apidocs/src/samples/db-instance-restart-request-json.txt
apidocs/src/samples/db-instance-restart-request.xml
apidocs/src/samples/db-instance-restart-request-xml.txt
apidocs/src/samples/db-instance-restart-response-json.txt
apidocs/src/samples/db-instance-restart-response-xml.txt
apidocs/src/samples/db-instances-index-pagination-request-json.txt
apidocs/src/samples/db-instances-index-pagination-request-xml.txt
apidocs/src/samples/db-instances-index-pagination-response.json
apidocs/src/samples/db-instances-index-pagination-response.xml
apidocs/src/samples/db-instances-index-request-json.txt
apidocs/src/samples/db-instances-index-request-xml.txt
apidocs/src/samples/db-instances-index-response.json
apidocs/src/samples/db-instances-index-response-json.txt
apidocs/src/samples/db-instances-index-response.xml
apidocs/src/samples/db-instances-index-response-xml.txt
apidocs/src/samples/db-instance-status-detail-request-json.txt
apidocs/src/samples/db-instance-status-detail-request-xml.txt
apidocs/src/samples/db-instance-status-detail-response.json
apidocs/src/samples/db-instance-status-detail-response-json.txt
apidocs/src/samples/db-instance-status-detail-response.xml
apidocs/src/samples/db-instance-status-detail-response-xml.txt
apidocs/src/samples/db-list-databases-pagination-request-json.txt
apidocs/src/samples/db-list-databases-pagination-request-xml.txt
apidocs/src/samples/db-list-databases-pagination-response.json
apidocs/src/samples/db-list-databases-pagination-response-json.txt
apidocs/src/samples/db-list-databases-pagination-response.xml
apidocs/src/samples/db-list-databases-pagination-response-xml.txt
apidocs/src/samples/db-list-databases-request-json.txt
apidocs/src/samples/db-list-databases-request-xml.txt
apidocs/src/samples/db-list-databases-response.json
apidocs/src/samples/db-list-databases-response-json.txt
apidocs/src/samples/db-list-databases-response.xml
apidocs/src/samples/db-list-databases-response-xml.txt
apidocs/src/samples/db-list-user-access-request-json.txt
apidocs/src/samples/db-list-user-access-request-xml.txt
apidocs/src/samples/db-list-user-access-response.json
apidocs/src/samples/db-list-user-access-response-json.txt
apidocs/src/samples/db-list-user-access-response.xml
apidocs/src/samples/db-list-user-access-response-xml.txt
apidocs/src/samples/db-list-user-dbs-request-json.txt
apidocs/src/samples/db-list-user-dbs-request-xml.txt
apidocs/src/samples/db-list-user-dbs-response.json
apidocs/src/samples/db-list-user-dbs-response-json.txt
apidocs/src/samples/db-list-user-dbs-response.xml
apidocs/src/samples/db-list-user-dbs-response-xml.txt
apidocs/src/samples/db-list-users-pagination-request-json.txt
apidocs/src/samples/db-list-users-pagination-request-xml.txt
apidocs/src/samples/db-list-users-pagination-response.json
apidocs/src/samples/db-list-users-pagination-response-json.txt
apidocs/src/samples/db-list-users-pagination-response.xml
apidocs/src/samples/db-list-users-pagination-response-xml.txt
apidocs/src/samples/db-list-users-request-json.txt
apidocs/src/samples/db-list-users-request-xml.txt
apidocs/src/samples/db-list-users-response.json
apidocs/src/samples/db-list-users-response-json.txt
apidocs/src/samples/db-list-users-response.xml
apidocs/src/samples/db-list-users-response-xml.txt
apidocs/src/samples/db-revoke-user-access-request-json.txt
apidocs/src/samples/db-revoke-user-access-request-xml.txt
apidocs/src/samples/db-revoke-user-access-response-json.txt
apidocs/src/samples/db-revoke-user-access-response-xml.txt
apidocs/src/samples/db-version-request-json.txt
apidocs/src/samples/db-version-request-xml.txt
apidocs/src/samples/db-version-response.json
apidocs/src/samples/db-version-response-json.txt
apidocs/src/samples/db-version-response.xml
apidocs/src/samples/db-version-response-xml.txt
apidocs/src/samples/db-versions-request-json.txt
apidocs/src/samples/db-versions-request-xml.txt
apidocs/src/samples/db-versions-response.json
apidocs/src/samples/db-versions-response-json.txt
apidocs/src/samples/db-versions-response.xml
apidocs/src/samples/db-versions-response-xml.txt
apidocs/src/xsd/common.ent
apidocs/src/xsd/dbaas.wadl
apidocs/src/xsd/dbaas.xsd
apidocs/src/xslts/js/shjs/sh_java.js
apidocs/src/xslts/js/shjs/sh_javascript.js
apidocs/src/xslts/js/shjs/sh_main.js
apidocs/src/xslts/js/shjs/sh_xml.js
apidocs/src/xslts/js/trc/schema/controller.js
apidocs/src/xslts/js/trc/schema/layoutManager.js
apidocs/src/xslts/js/trc/schema/sampleManager.js
apidocs/src/xslts/js/trc/util.js
apidocs/src/xslts/style/schema.css
apidocs/src/xslts/style/shjs/sh_acid.css
apidocs/src/xslts/style/shjs/sh_darkblue.css
apidocs/src/xslts/style/shjs/sh_emacs.css
apidocs/src/xslts/style/shjs/sh_night.css
apidocs/src/xslts/style/shjs/sh_pablo.css
apidocs/src/xslts/style/shjs/sh_print.css
apidocs/src/xslts/style/shjs/sh_style.css
apidocs/src/xslts/style/shjs/sh_whitengrey.css
apidocs/src/xslts/xslt/.htaccess
apidocs/src/xslts/xslt/schema.xslt
apidocs/target/antrun/build-main.xml
apidocs/target/dependency-maven-plugin-markers/com.rackspace.cloud.api-wadl-tools-jar-1.0.9.marker
apidocs/target/docbkx/autopdf/cdb-devguide.fo
apidocs/target/docbkx/autopdf/pdf.properties
apidocs/target/docbkx/cdb-devguide.xml
apidocs/target/docbkx/cloud/war/add-stop-chunking-pis.xsl
apidocs/target/docbkx/cloud/war/changebars.xsl
apidocs/target/docbkx/cloud/war/copy.xsl
apidocs/target/docbkx/cloud/war/dist/docs/AUTHORS
apidocs/target/docbkx/cloud/war/dist/docs/BUGS
apidocs/target/docbkx/cloud/war/dist/docs/COPYING
apidocs/target/docbkx/cloud/war/dist/xslt/base/common/common.xsl
apidocs/target/docbkx/cloud/war/dist/xslt/base/common/control.xsl
apidocs/target/docbkx/cloud/war/dist/xslt/base/common/footnotes.xsl
apidocs/target/docbkx/cloud/war/dist/xslt/base/common/functions.xsl
apidocs/target/docbkx/cloud/war/dist/xslt/base/common/gentext.xsl
apidocs/target/docbkx/cloud/war/dist/xslt/base/common/i18ndata.xsl
apidocs/target/docbkx/cloud/war/dist/xslt/base/common/inlines.xsl
apidocs/target/docbkx/cloud/war/dist/xslt/base/common/l10n.xsl
apidocs/target/docbkx/cloud/war/dist/xslt/base/common/label-content.xsl
apidocs/target/docbkx/cloud/war/dist/xslt/base/common/locales/af.xml
apidocs/target/docbkx/cloud/war/dist/xslt/base/common/locales/am.xml
apidocs/target/docbkx/cloud/war/dist/xslt/base/common/locales/ar.xml
apidocs/target/docbkx/cloud/war/dist/xslt/base/common/locales/az.xml
apidocs/target/docbkx/cloud/war/dist/xslt/base/common/locales/bg.xml
apidocs/target/docbkx/cloud/war/dist/xslt/base/common/locales/bn.xml
apidocs/target/docbkx/cloud/war/dist/xslt/base/common/locales/bs.xml
apidocs/target/docbkx/cloud/war/dist/xslt/base/common/locales/ca.xml
apidocs/target/docbkx/cloud/war/dist/xslt/base/common/locales/cs.xml
apidocs/target/docbkx/cloud/war/dist/xslt/base/common/locales/cy.xml
apidocs/target/docbkx/cloud/war/dist/xslt/base/common/locales/da.xml
apidocs/target/docbkx/cloud/war/dist/xslt/base/common/locales/de.xml
apidocs/target/docbkx/cloud/war/dist/xslt/base/common/locales/el.xml
apidocs/target/docbkx/cloud/war/dist/xslt/base/common/locales/en.xml
apidocs/target/docbkx/cloud/war/dist/xslt/base/common/locales/eo.xml
apidocs/target/docbkx/cloud/war/dist/xslt/base/common/locales/es.xml
apidocs/target/docbkx/cloud/war/dist/xslt/base/common/locales/et.xml
apidocs/target/docbkx/cloud/war/dist/xslt/base/common/locales/eu.xml
apidocs/target/docbkx/cloud/war/dist/xslt/base/common/locales/fa.xml
apidocs/target/docbkx/cloud/war/dist/xslt/base/common/locales/fi.xml
apidocs/target/docbkx/cloud/war/dist/xslt/base/common/locales/fr.xml
apidocs/target/docbkx/cloud/war/dist/xslt/base/common/locales/ga.xml
apidocs/target/docbkx/cloud/war/dist/xslt/base/common/locales/gl.xml
apidocs/target/docbkx/cloud/war/dist/xslt/base/common/locales/gu.xml
apidocs/target/docbkx/cloud/war/dist/xslt/base/common/locales/he.xml
apidocs/target/docbkx/cloud/war/dist/xslt/base/common/locales/hi.xml
apidocs/target/docbkx/cloud/war/dist/xslt/base/common/locales/hr.xml
apidocs/target/docbkx/cloud/war/dist/xslt/base/common/locales/hu.xml
apidocs/target/docbkx/cloud/war/dist/xslt/base/common/locales/id.xml
apidocs/target/docbkx/cloud/war/dist/xslt/base/common/locales/is.xml
apidocs/target/docbkx/cloud/war/dist/xslt/base/common/locales/it.xml
apidocs/target/docbkx/cloud/war/dist/xslt/base/common/locales/ja.xml
apidocs/target/docbkx/cloud/war/dist/xslt/base/common/locales/kn.xml
apidocs/target/docbkx/cloud/war/dist/xslt/base/common/locales/ko.xml
apidocs/target/docbkx/cloud/war/dist/xslt/base/common/locales/ky.xml
apidocs/target/docbkx/cloud/war/dist/xslt/base/common/locales/la.xml
apidocs/target/docbkx/cloud/war/dist/xslt/base/common/locales/lt.xml
apidocs/target/docbkx/cloud/war/dist/xslt/base/common/locales/lv.xml
apidocs/target/docbkx/cloud/war/dist/xslt/base/common/locales/mn.xml
apidocs/target/docbkx/cloud/war/dist/xslt/base/common/locales/nb.xml
apidocs/target/docbkx/cloud/war/dist/xslt/base/common/locales/nl.xml
apidocs/target/docbkx/cloud/war/dist/xslt/base/common/locales/nn.xml
apidocs/target/docbkx/cloud/war/dist/xslt/base/common/locales/or.xml
apidocs/target/docbkx/cloud/war/dist/xslt/base/common/locales/pa.xml
apidocs/target/docbkx/cloud/war/dist/xslt/base/common/locales/pl.xml
apidocs/target/docbkx/cloud/war/dist/xslt/base/common/locales/pt_br.xml
apidocs/target/docbkx/cloud/war/dist/xslt/base/common/locales/pt.xml
apidocs/target/docbkx/cloud/war/dist/xslt/base/common/locales/ro.xml
apidocs/target/docbkx/cloud/war/dist/xslt/base/common/locales/ru.xml
apidocs/target/docbkx/cloud/war/dist/xslt/base/common/locales/sk.xml
apidocs/target/docbkx/cloud/war/dist/xslt/base/common/locales/sl.xml
apidocs/target/docbkx/cloud/war/dist/xslt/base/common/locales/sq.xml
apidocs/target/docbkx/cloud/war/dist/xslt/base/common/locales/sr_latn.xml
apidocs/target/docbkx/cloud/war/dist/xslt/base/common/locales/sr.xml
apidocs/target/docbkx/cloud/war/dist/xslt/base/common/locales/sv.xml
apidocs/target/docbkx/cloud/war/dist/xslt/base/common/locales/ta.xml
apidocs/target/docbkx/cloud/war/dist/xslt/base/common/locales/th.xml
apidocs/target/docbkx/cloud/war/dist/xslt/base/common/locales/tl.xml
apidocs/target/docbkx/cloud/war/dist/xslt/base/common/locales/tr.xml
apidocs/target/docbkx/cloud/war/dist/xslt/base/common/locales/uk.xml
apidocs/target/docbkx/cloud/war/dist/xslt/base/common/locales/vi.xml
apidocs/target/docbkx/cloud/war/dist/xslt/base/common/locales/xh.xml
apidocs/target/docbkx/cloud/war/dist/xslt/base/common/locales/zh_cn.xml
apidocs/target/docbkx/cloud/war/dist/xslt/base/common/locales/zh_tw.xml
apidocs/target/docbkx/cloud/war/dist/xslt/base/common/locales/zh.xml
apidocs/target/docbkx/cloud/war/dist/xslt/base/common/marklogic.xqy
apidocs/target/docbkx/cloud/war/dist/xslt/base/common/normalize.xsl
apidocs/target/docbkx/cloud/war/dist/xslt/base/common/olink.xsl
apidocs/target/docbkx/cloud/war/dist/xslt/base/common/preprocess.xsl
apidocs/target/docbkx/cloud/war/dist/xslt/base/common/spspace.xsl
apidocs/target/docbkx/cloud/war/dist/xslt/base/common/table.xsl
apidocs/target/docbkx/cloud/war/dist/xslt/base/common/title-content.xsl
apidocs/target/docbkx/cloud/war/dist/xslt/base/common/titlepages.xsl
apidocs/target/docbkx/cloud/war/dist/xslt/base/html/admonitions.xsl
apidocs/target/docbkx/cloud/war/dist/xslt/base/html/annotation.js
apidocs/target/docbkx/cloud/war/dist/xslt/base/html/autoidx.xsl
apidocs/target/docbkx/cloud/war/dist/xslt/base/html/autotoc.xsl
apidocs/target/docbkx/cloud/war/dist/xslt/base/html/biblio.xsl
apidocs/target/docbkx/cloud/war/dist/xslt/base/html/blocks.xsl
apidocs/target/docbkx/cloud/war/dist/xslt/base/html/callouts.xsl
apidocs/target/docbkx/cloud/war/dist/xslt/base/html/chunker.xsl
apidocs/target/docbkx/cloud/war/dist/xslt/base/html/chunkfunc.xsl
apidocs/target/docbkx/cloud/war/dist/xslt/base/html/chunktemp.xsl
apidocs/target/docbkx/cloud/war/dist/xslt/base/html/chunk.xsl
apidocs/target/docbkx/cloud/war/dist/xslt/base/html/component.xsl
apidocs/target/docbkx/cloud/war/dist/xslt/base/html/division.xsl
apidocs/target/docbkx/cloud/war/dist/xslt/base/html/docbook.xsl
apidocs/target/docbkx/cloud/war/dist/xslt/base/html/footnotes.xsl
apidocs/target/docbkx/cloud/war/dist/xslt/base/html/formal.xsl
apidocs/target/docbkx/cloud/war/dist/xslt/base/html/glossary.xsl
apidocs/target/docbkx/cloud/war/dist/xslt/base/html/graphics.xsl
apidocs/target/docbkx/cloud/war/dist/xslt/base/html/html.xsl
apidocs/target/docbkx/cloud/war/dist/xslt/base/html/index.xsl
apidocs/target/docbkx/cloud/war/dist/xslt/base/html/info.xsl
apidocs/target/docbkx/cloud/war/dist/xslt/base/html/inlines.xsl
apidocs/target/docbkx/cloud/war/dist/xslt/base/html/lists.xsl
apidocs/target/docbkx/cloud/war/dist/xslt/base/html/math.xsl
apidocs/target/docbkx/cloud/war/dist/xslt/base/html/msgset.xsl
apidocs/target/docbkx/cloud/war/dist/xslt/base/html/oosynopsis.xsl
apidocs/target/docbkx/cloud/war/dist/xslt/base/html/param.xml
apidocs/target/docbkx/cloud/war/dist/xslt/base/html/param.xsl
apidocs/target/docbkx/cloud/war/dist/xslt/base/html/pi.xsl
apidocs/target/docbkx/cloud/war/dist/xslt/base/html/qandaset.xsl
apidocs/target/docbkx/cloud/war/dist/xslt/base/html/refentry.xsl
apidocs/target/docbkx/cloud/war/dist/xslt/base/html/section.xsl
apidocs/target/docbkx/cloud/war/dist/xslt/base/html/synopsis.xsl
apidocs/target/docbkx/cloud/war/dist/xslt/base/html/table.xsl
apidocs/target/docbkx/cloud/war/dist/xslt/base/html/task.xsl
apidocs/target/docbkx/cloud/war/dist/xslt/base/html/titlepage-mode.xsl
apidocs/target/docbkx/cloud/war/dist/xslt/base/html/titlepage-templates.xsl
apidocs/target/docbkx/cloud/war/dist/xslt/base/html/toc.xsl
apidocs/target/docbkx/cloud/war/dist/xslt/base/html/verbatim-patch.xsl
apidocs/target/docbkx/cloud/war/dist/xslt/base/html/verbatim.xsl
apidocs/target/docbkx/cloud/war/dist/xslt/base/html/xlink.xsl
apidocs/target/docbkx/cloud/war/dist/xslt/base/html/xref.xsl
apidocs/target/docbkx/cloud/war/dist/xslt/base/preprocess/15-transclude.xsl
apidocs/target/docbkx/cloud/war/dist/xslt/base/preprocess/1-db4to5.xsl
apidocs/target/docbkx/cloud/war/dist/xslt/base/preprocess/1-logstruct.xsl
apidocs/target/docbkx/cloud/war/dist/xslt/base/preprocess/2-profile.xsl
apidocs/target/docbkx/cloud/war/dist/xslt/base/preprocess/3-schemaext.xsl
apidocs/target/docbkx/cloud/war/dist/xslt/base/preprocess/4-normalize.xsl
apidocs/target/docbkx/cloud/war/dist/xslt/base/preprocess/profile.xsl
apidocs/target/docbkx/cloud/war/dist/xslt/base/VERSION.xsl
apidocs/target/docbkx/cloud/war/docbook.xsl
apidocs/target/docbkx/cloud/war/preprocess.xsl
apidocs/target/docbkx/cloud/war/static-header.xsl
apidocs/target/docbkx/cloud/war/xhtml2html.xsl
apidocs/target/docbkx/cloud/webhelp/bookinfo.xsl
apidocs/target/docbkx/cloud/webhelp/changebars.xsl
apidocs/target/docbkx/cloud/webhelp/copy.xsl
apidocs/target/docbkx/cloud/webhelp/docbook.xsl
apidocs/target/docbkx/cloud/webhelp/graphics.xsl
apidocs/target/docbkx/cloud/webhelp/profile-webhelp.xsl
apidocs/target/docbkx/cloud/webhelp/revhistory2atom.xsl
apidocs/target/docbkx/cloud/webhelp/titlepage.templates.xsl
apidocs/target/docbkx/cloud/webhelp/titlepage/titlepage.templates.xml
apidocs/target/docbkx/cloud/webhelp/webhelp-chunk-common.xsl
apidocs/target/docbkx/cloud/webhelp/webhelp.xsl
apidocs/target/docbkx/fonts/CartoGothic-Std/CartoGothicStd-BoldItalic.ttf
apidocs/target/docbkx/fonts/CartoGothic-Std/CartoGothicStd-Bold.ttf
apidocs/target/docbkx/fonts/CartoGothic-Std/CartoGothicStd-Book.ttf
apidocs/target/docbkx/fonts/CartoGothic-Std/CartoGothicStd-Italic.ttf
apidocs/target/docbkx/fonts/CartoGothic-Std/FontSite License.txt
apidocs/target/docbkx/fonts/fireflysung-1.3.0/AUTHORS
apidocs/target/docbkx/fonts/fireflysung-1.3.0/Changelog
apidocs/target/docbkx/fonts/fireflysung-1.3.0/Changelog.big5
apidocs/target/docbkx/fonts/fireflysung-1.3.0/COPYRIGHT
apidocs/target/docbkx/fonts/fireflysung-1.3.0/fireflysung.ttf
apidocs/target/docbkx/fonts/fireflysung-1.3.0/fireflysung.xml
apidocs/target/docbkx/fonts/fireflysung-1.3.0/license/big5/ARPHICPL.TXT
apidocs/target/docbkx/fonts/fireflysung-1.3.0/license/english/ARPHICPL.TXT
apidocs/target/docbkx/fonts/fireflysung-1.3.0/license/gb/ARPHICPL.TXT
apidocs/target/docbkx/fonts/fireflysung-1.3.0/makemetrics.sh
apidocs/target/docbkx/fonts/fontconfig.st
apidocs/target/docbkx/images/cloud/openstackextension-cover.st
apidocs/target/docbkx/images/cloud/rackspace-cover.st
apidocs/target/docbkx/webhelp/cdb-devguide-reviewer/atom-doctype.xml
apidocs/target/docbkx/webhelp/cdb-devguide-reviewer/atom.xml
apidocs/target/docbkx/webhelp/cdb-devguide-reviewer/bookinfo.xml
apidocs/target/docbkx/webhelp/cdb-devguide-reviewer/cdb-devguide-reviewer.pdf
apidocs/target/docbkx/webhelp/cdb-devguide-reviewer/common/comments.js
apidocs/target/docbkx/webhelp/cdb-devguide-reviewer/common/css/custom.css
apidocs/target/docbkx/webhelp/cdb-devguide-reviewer/common/css/ie.css
apidocs/target/docbkx/webhelp/cdb-devguide-reviewer/common/css/positioning.css
apidocs/target/docbkx/webhelp/cdb-devguide-reviewer/common/css/positioning-openstack.css
apidocs/target/docbkx/webhelp/cdb-devguide-reviewer/common/css/positioning-openstackextension.css
apidocs/target/docbkx/webhelp/cdb-devguide-reviewer/common/css/positioning-rackspace.css
apidocs/target/docbkx/webhelp/cdb-devguide-reviewer/common/css/positioning-repose.css
apidocs/target/docbkx/webhelp/cdb-devguide-reviewer/common/ga.js
apidocs/target/docbkx/webhelp/cdb-devguide-reviewer/common/images/favicon-openstack.ico
apidocs/target/docbkx/webhelp/cdb-devguide-reviewer/common/images/favicon-rackspace.ico
apidocs/target/docbkx/webhelp/cdb-devguide-reviewer/common/images/favicon-repose.ico
apidocs/target/docbkx/webhelp/cdb-devguide-reviewer/common/images/header-bg.gif
apidocs/target/docbkx/webhelp/cdb-devguide-reviewer/common/images/highlight-blue.gif
apidocs/target/docbkx/webhelp/cdb-devguide-reviewer/common/images/highlight-yellow.gif
apidocs/target/docbkx/webhelp/cdb-devguide-reviewer/common/images/loading.gif
apidocs/target/docbkx/webhelp/cdb-devguide-reviewer/common/jquery/jquery-1.4.2.min.js
apidocs/target/docbkx/webhelp/cdb-devguide-reviewer/common/jquery/jquery-1.4.3.min.js
apidocs/target/docbkx/webhelp/cdb-devguide-reviewer/common/jquery/jquery.cookie.js
apidocs/target/docbkx/webhelp/cdb-devguide-reviewer/common/jquery/jquery.qtip-1.0.0-rc3/INSTALL
apidocs/target/docbkx/webhelp/cdb-devguide-reviewer/common/jquery/jquery.qtip-1.0.0-rc3/jquery.qtip-1.0.0-rc3.min.js
apidocs/target/docbkx/webhelp/cdb-devguide-reviewer/common/jquery/jquery.qtip-1.0.0-rc3/LICENSE
apidocs/target/docbkx/webhelp/cdb-devguide-reviewer/common/jquery/jquery.qtip-1.0.0-rc3/REQUIREMENTS
apidocs/target/docbkx/webhelp/cdb-devguide-reviewer/common/jquery/jquery-ui-1.8.2.custom.min.js
apidocs/target/docbkx/webhelp/cdb-devguide-reviewer/common/jquery/theme-redmond/images/ui-anim_basic_16x16.gif
apidocs/target/docbkx/webhelp/cdb-devguide-reviewer/common/jquery/theme-redmond/jquery-ui-1.8.2.custom.css
apidocs/target/docbkx/webhelp/cdb-devguide-reviewer/common/jquery/treeview/images/file.gif
apidocs/target/docbkx/webhelp/cdb-devguide-reviewer/common/jquery/treeview/images/folder2.gif
apidocs/target/docbkx/webhelp/cdb-devguide-reviewer/common/jquery/treeview/images/folder-closed2.gif
apidocs/target/docbkx/webhelp/cdb-devguide-reviewer/common/jquery/treeview/images/folder-closed.gif
apidocs/target/docbkx/webhelp/cdb-devguide-reviewer/common/jquery/treeview/images/folder.gif
apidocs/target/docbkx/webhelp/cdb-devguide-reviewer/common/jquery/treeview/images/minus.gif
apidocs/target/docbkx/webhelp/cdb-devguide-reviewer/common/jquery/treeview/images/plus.gif
apidocs/target/docbkx/webhelp/cdb-devguide-reviewer/common/jquery/treeview/images/treeview-black.gif
apidocs/target/docbkx/webhelp/cdb-devguide-reviewer/common/jquery/treeview/images/treeview-black-line.gif
apidocs/target/docbkx/webhelp/cdb-devguide-reviewer/common/jquery/treeview/images/treeview-default.gif
apidocs/target/docbkx/webhelp/cdb-devguide-reviewer/common/jquery/treeview/images/treeview-default-line.gif
apidocs/target/docbkx/webhelp/cdb-devguide-reviewer/common/jquery/treeview/images/treeview-famfamfam.gif
apidocs/target/docbkx/webhelp/cdb-devguide-reviewer/common/jquery/treeview/images/treeview-famfamfam-line.gif
apidocs/target/docbkx/webhelp/cdb-devguide-reviewer/common/jquery/treeview/images/treeview-gray.gif
apidocs/target/docbkx/webhelp/cdb-devguide-reviewer/common/jquery/treeview/images/treeview-gray-line.gif
apidocs/target/docbkx/webhelp/cdb-devguide-reviewer/common/jquery/treeview/images/treeview-red.gif
apidocs/target/docbkx/webhelp/cdb-devguide-reviewer/common/jquery/treeview/images/treeview-red-line.gif
apidocs/target/docbkx/webhelp/cdb-devguide-reviewer/common/jquery/treeview/jquery.treeview.async.js
apidocs/target/docbkx/webhelp/cdb-devguide-reviewer/common/jquery/treeview/jquery.treeview.css
apidocs/target/docbkx/webhelp/cdb-devguide-reviewer/common/jquery/treeview/jquery.treeview.js
apidocs/target/docbkx/webhelp/cdb-devguide-reviewer/common/jquery/treeview/jquery.treeview.min.js
apidocs/target/docbkx/webhelp/cdb-devguide-reviewer/common/jquery/treeview/jquery.treeview.pack.js
apidocs/target/docbkx/webhelp/cdb-devguide-reviewer/common/main.js
apidocs/target/docbkx/webhelp/cdb-devguide-reviewer/common/main-openstackextension.js
apidocs/target/docbkx/webhelp/cdb-devguide-reviewer/common/main-openstack.js
apidocs/target/docbkx/webhelp/cdb-devguide-reviewer/common/main-rackspace.js
apidocs/target/docbkx/webhelp/cdb-devguide-reviewer/common/main-repose.js
apidocs/target/docbkx/webhelp/cdb-devguide-reviewer/content/Additional_Resources-d1e532.html
apidocs/target/docbkx/webhelp/cdb-devguide-reviewer/content/API_Operations-d1e2264.html
apidocs/target/docbkx/webhelp/cdb-devguide-reviewer/content/API_Version_Headers-d1e855.html
apidocs/target/docbkx/webhelp/cdb-devguide-reviewer/content/API_Versions.html
apidocs/target/docbkx/webhelp/cdb-devguide-reviewer/content/Authentication-d1e647.html
apidocs/target/docbkx/webhelp/cdb-devguide-reviewer/content/Concepts-d1e563.html
apidocs/target/docbkx/webhelp/cdb-devguide-reviewer/content/Contract_Version-d1e825.html
apidocs/target/docbkx/webhelp/cdb-devguide-reviewer/content/Database_Instances_Actions.html
apidocs/target/docbkx/webhelp/cdb-devguide-reviewer/content/Database_Instances.html
apidocs/target/docbkx/webhelp/cdb-devguide-reviewer/content/database_instance_status.html
apidocs/target/docbkx/webhelp/cdb-devguide-reviewer/content/databases.html
apidocs/target/docbkx/webhelp/cdb-devguide-reviewer/content/datetimeformat.html
apidocs/target/docbkx/webhelp/cdb-devguide-reviewer/content/DB_faults.html
apidocs/target/docbkx/webhelp/cdb-devguide-reviewer/content/DB_service_versions.html
apidocs/target/docbkx/webhelp/cdb-devguide-reviewer/content/DELETE_deleteDatabase__version___accountId__instances__instanceId__databases__databaseName__.html
apidocs/target/docbkx/webhelp/cdb-devguide-reviewer/content/DELETE_deleteInstance__version___accountId__instances__instanceId__.html
apidocs/target/docbkx/webhelp/cdb-devguide-reviewer/content/DELETE_deleteUser__version___accountId__instances__instanceId__users__name__.html
apidocs/target/docbkx/webhelp/cdb-devguide-reviewer/content/DELETE_revokeUserAccess__version___accountId__instances__instanceId__users__name__databases__databaseName__.html
apidocs/target/docbkx/webhelp/cdb-devguide-reviewer/content/Document_Change_History-d1e166.html
apidocs/target/docbkx/webhelp/cdb-devguide-reviewer/content/flavors.html
apidocs/target/docbkx/webhelp/cdb-devguide-reviewer/content/General_API_Information-d1e633.html
apidocs/target/docbkx/webhelp/cdb-devguide-reviewer/content/GET_getDatabases__version___accountId__instances__instanceId__databases_.html
apidocs/target/docbkx/webhelp/cdb-devguide-reviewer/content/GET_getFlavorById__version___accountId__flavors__flavorId__.html
apidocs/target/docbkx/webhelp/cdb-devguide-reviewer/content/GET_getFlavors__version___accountId__flavors_.html
apidocs/target/docbkx/webhelp/cdb-devguide-reviewer/content/GET_getInstanceById__version___accountId__instances__instanceId__.html
apidocs/target/docbkx/webhelp/cdb-devguide-reviewer/content/GET_getInstance__version___accountId__instances_.html
apidocs/target/docbkx/webhelp/cdb-devguide-reviewer/content/GET_getUserAccess__version___accountId__instances__instanceId__users__name__databases_.html
apidocs/target/docbkx/webhelp/cdb-devguide-reviewer/content/GET_getUsers__version___accountId__instances__instanceId__users_.html
apidocs/target/docbkx/webhelp/cdb-devguide-reviewer/content/GET_getVersionInfo__version__.html
apidocs/target/docbkx/webhelp/cdb-devguide-reviewer/content/GET_getVersions__.html
apidocs/target/docbkx/webhelp/cdb-devguide-reviewer/content/GET_isRootEnabled__version___accountId__instances__instanceId__root_.html
apidocs/target/docbkx/webhelp/cdb-devguide-reviewer/content/GET_listUser__version___accountId__instances__instanceId__users__name__.html
apidocs/target/docbkx/webhelp/cdb-devguide-reviewer/content/go01.html
apidocs/target/docbkx/webhelp/cdb-devguide-reviewer/content/index.html
apidocs/target/docbkx/webhelp/cdb-devguide-reviewer/content/Intended_Audience-d1e122.html
apidocs/target/docbkx/webhelp/cdb-devguide-reviewer/content/overview.html
apidocs/target/docbkx/webhelp/cdb-devguide-reviewer/content/pagination.html
apidocs/target/docbkx/webhelp/cdb-devguide-reviewer/content/POST_createDatabase__version___accountId__instances__instanceId__databases_.html
apidocs/target/docbkx/webhelp/cdb-devguide-reviewer/content/POST_createInstance__version___accountId__instances_.html
apidocs/target/docbkx/webhelp/cdb-devguide-reviewer/content/POST_createRoot__version___accountId__instances__instanceId__root_.html
apidocs/target/docbkx/webhelp/cdb-devguide-reviewer/content/POST_createUser__version___accountId__instances__instanceId__users_.html
apidocs/target/docbkx/webhelp/cdb-devguide-reviewer/content/POST_resizeInstance__version___accountId__instances__instanceId__action_.html
apidocs/target/docbkx/webhelp/cdb-devguide-reviewer/content/POST_resizeVolume__version___accountId__instances__instanceId__action_.html
apidocs/target/docbkx/webhelp/cdb-devguide-reviewer/content/POST_restartInstance__version___accountId__instances__instanceId__action_.html
apidocs/target/docbkx/webhelp/cdb-devguide-reviewer/content/PUT_changePass__version___accountId__instances__instanceId__users_.html
apidocs/target/docbkx/webhelp/cdb-devguide-reviewer/content/PUT_grantUserAccess__version___accountId__instances__instanceId__users__name__databases_.html
apidocs/target/docbkx/webhelp/cdb-devguide-reviewer/content/scripts/shAutoloader.js
apidocs/target/docbkx/webhelp/cdb-devguide-reviewer/content/scripts/shBrushAppleScript.js
apidocs/target/docbkx/webhelp/cdb-devguide-reviewer/content/scripts/shBrushAS3.js
apidocs/target/docbkx/webhelp/cdb-devguide-reviewer/content/scripts/shBrushBash.js
apidocs/target/docbkx/webhelp/cdb-devguide-reviewer/content/scripts/shBrushColdFusion.js
apidocs/target/docbkx/webhelp/cdb-devguide-reviewer/content/scripts/shBrushCpp.js
apidocs/target/docbkx/webhelp/cdb-devguide-reviewer/content/scripts/shBrushCSharp.js
apidocs/target/docbkx/webhelp/cdb-devguide-reviewer/content/scripts/shBrushCss.js
apidocs/target/docbkx/webhelp/cdb-devguide-reviewer/content/scripts/shBrushDelphi.js
apidocs/target/docbkx/webhelp/cdb-devguide-reviewer/content/scripts/shBrushDiff.js
apidocs/target/docbkx/webhelp/cdb-devguide-reviewer/content/scripts/shBrushErlang.js
apidocs/target/docbkx/webhelp/cdb-devguide-reviewer/content/scripts/shBrushGroovy.js
apidocs/target/docbkx/webhelp/cdb-devguide-reviewer/content/scripts/shBrushJavaFX.js
apidocs/target/docbkx/webhelp/cdb-devguide-reviewer/content/scripts/shBrushJava.js
apidocs/target/docbkx/webhelp/cdb-devguide-reviewer/content/scripts/shBrushJScript.js
apidocs/target/docbkx/webhelp/cdb-devguide-reviewer/content/scripts/shBrushJSON.js
apidocs/target/docbkx/webhelp/cdb-devguide-reviewer/content/scripts/shBrushPerl.js
apidocs/target/docbkx/webhelp/cdb-devguide-reviewer/content/scripts/shBrushPhp.js
apidocs/target/docbkx/webhelp/cdb-devguide-reviewer/content/scripts/shBrushPlain.js
apidocs/target/docbkx/webhelp/cdb-devguide-reviewer/content/scripts/shBrushPowerShell.js
apidocs/target/docbkx/webhelp/cdb-devguide-reviewer/content/scripts/shBrushPython.js
apidocs/target/docbkx/webhelp/cdb-devguide-reviewer/content/scripts/shBrushRuby.js
apidocs/target/docbkx/webhelp/cdb-devguide-reviewer/content/scripts/shBrushSass.js
apidocs/target/docbkx/webhelp/cdb-devguide-reviewer/content/scripts/shBrushScala.js
apidocs/target/docbkx/webhelp/cdb-devguide-reviewer/content/scripts/shBrushSql.js
apidocs/target/docbkx/webhelp/cdb-devguide-reviewer/content/scripts/shBrushVb.js
apidocs/target/docbkx/webhelp/cdb-devguide-reviewer/content/scripts/shBrushXml.js
apidocs/target/docbkx/webhelp/cdb-devguide-reviewer/content/scripts/shCore.js
apidocs/target/docbkx/webhelp/cdb-devguide-reviewer/content/scripts/shLegacy.js
apidocs/target/docbkx/webhelp/cdb-devguide-reviewer/content/search/default.props
apidocs/target/docbkx/webhelp/cdb-devguide-reviewer/content/search/en-us.props
apidocs/target/docbkx/webhelp/cdb-devguide-reviewer/content/search/es-es.props
apidocs/target/docbkx/webhelp/cdb-devguide-reviewer/content/search/htmlFileInfoList.js
apidocs/target/docbkx/webhelp/cdb-devguide-reviewer/content/search/htmlFileList.js
apidocs/target/docbkx/webhelp/cdb-devguide-reviewer/content/search/index-1.js
apidocs/target/docbkx/webhelp/cdb-devguide-reviewer/content/search/index-2.js
apidocs/target/docbkx/webhelp/cdb-devguide-reviewer/content/search/index-3.js
apidocs/target/docbkx/webhelp/cdb-devguide-reviewer/content/search/ja-jp.props
apidocs/target/docbkx/webhelp/cdb-devguide-reviewer/content/search/nwSearchFnt.js
apidocs/target/docbkx/webhelp/cdb-devguide-reviewer/content/search/punctuation.props
apidocs/target/docbkx/webhelp/cdb-devguide-reviewer/content/search/stemmers/de_stemmer.js
apidocs/target/docbkx/webhelp/cdb-devguide-reviewer/content/search/stemmers/en_stemmer.js
apidocs/target/docbkx/webhelp/cdb-devguide-reviewer/content/search/stemmers/fr_stemmer.js
apidocs/target/docbkx/webhelp/cdb-devguide-reviewer/content/styles/shCore.css
apidocs/target/docbkx/webhelp/cdb-devguide-reviewer/content/styles/shCoreDefault.css
apidocs/target/docbkx/webhelp/cdb-devguide-reviewer/content/styles/shCoreDjango.css
apidocs/target/docbkx/webhelp/cdb-devguide-reviewer/content/styles/shCoreEclipse.css
apidocs/target/docbkx/webhelp/cdb-devguide-reviewer/content/styles/shCoreEmacs.css
apidocs/target/docbkx/webhelp/cdb-devguide-reviewer/content/styles/shCoreFadeToGrey.css
apidocs/target/docbkx/webhelp/cdb-devguide-reviewer/content/styles/shCoreMDUltra.css
apidocs/target/docbkx/webhelp/cdb-devguide-reviewer/content/styles/shCoreMidnight.css
apidocs/target/docbkx/webhelp/cdb-devguide-reviewer/content/styles/shCoreRDark.css
apidocs/target/docbkx/webhelp/cdb-devguide-reviewer/content/styles/shThemeDefault.css
apidocs/target/docbkx/webhelp/cdb-devguide-reviewer/content/styles/shThemeDjango.css
apidocs/target/docbkx/webhelp/cdb-devguide-reviewer/content/styles/shThemeEclipse.css
apidocs/target/docbkx/webhelp/cdb-devguide-reviewer/content/styles/shThemeEmacs.css
apidocs/target/docbkx/webhelp/cdb-devguide-reviewer/content/styles/shThemeFadeToGrey.css
apidocs/target/docbkx/webhelp/cdb-devguide-reviewer/content/styles/shThemeMDUltra.css
apidocs/target/docbkx/webhelp/cdb-devguide-reviewer/content/styles/shThemeMidnight.css
apidocs/target/docbkx/webhelp/cdb-devguide-reviewer/content/styles/shThemeRDark.css
apidocs/target/docbkx/webhelp/cdb-devguide-reviewer/content/synchro_vs_async_faults.html
apidocs/target/docbkx/webhelp/cdb-devguide-reviewer/content/user_management.html
apidocs/target/docbkx/webhelp/cdb-devguide-reviewer/favicon.ico
apidocs/target/docbkx/webhelp/cdb-devguide-reviewer/index.html
apidocs/target/docbkx/webhelp/cdb-devguide-reviewer/webapp/WEB-INF/bookinfo.properties
apidocs/target/docbkx/webhelp/cdb-wadls.war
apidocs/target/generated-resources/normalized/api/v1.0/cdb.wadl
apidocs/target/generated-resources/normalized/api/v1.0/cdb.xsd
apidocs/target/generated-resources/normalized/api/v1.0/samples/db-auth-20.json
apidocs/target/generated-resources/normalized/api/v1.0/samples/db-auth-20.xml
apidocs/target/generated-resources/normalized/api/v1.0/samples/db-auth.json
apidocs/target/generated-resources/normalized/api/v1.0/samples/db-auth-repose-header.json
apidocs/target/generated-resources/normalized/api/v1.0/samples/db-auth.xml
apidocs/target/generated-resources/normalized/api/v1.0/samples/db-change-users-password-request.json
apidocs/target/generated-resources/normalized/api/v1.0/samples/db-change-users-password-request.xml
apidocs/target/generated-resources/normalized/api/v1.0/samples/db-change-users-password-response.json
apidocs/target/generated-resources/normalized/api/v1.0/samples/db-change-users-password-response.xml
apidocs/target/generated-resources/normalized/api/v1.0/samples/db-check-root-user-request.json
apidocs/target/generated-resources/normalized/api/v1.0/samples/db-check-root-user-request.xml
apidocs/target/generated-resources/normalized/api/v1.0/samples/db-check-root-user-response.json
apidocs/target/generated-resources/normalized/api/v1.0/samples/db-check-root-user-response.xml
apidocs/target/generated-resources/normalized/api/v1.0/samples/db-create-database-instance-response.json
apidocs/target/generated-resources/normalized/api/v1.0/samples/db-create-database-instance-response.xml
apidocs/target/generated-resources/normalized/api/v1.0/samples/db-create-databases-request.json
apidocs/target/generated-resources/normalized/api/v1.0/samples/db-create-databases-request.xml
apidocs/target/generated-resources/normalized/api/v1.0/samples/db-create-databases-response.json
apidocs/target/generated-resources/normalized/api/v1.0/samples/db-create-databases-response.xml
apidocs/target/generated-resources/normalized/api/v1.0/samples/db-create-instance-request.json
apidocs/target/generated-resources/normalized/api/v1.0/samples/db-create-instance-request.xml
apidocs/target/generated-resources/normalized/api/v1.0/samples/db-create-instance-response.json
apidocs/target/generated-resources/normalized/api/v1.0/samples/db-create-instance-response.xml
apidocs/target/generated-resources/normalized/api/v1.0/samples/db-create-users-request.json
apidocs/target/generated-resources/normalized/api/v1.0/samples/db-create-users-request.xml
apidocs/target/generated-resources/normalized/api/v1.0/samples/db-create-users-response.json
apidocs/target/generated-resources/normalized/api/v1.0/samples/db-create-users-response.xml
apidocs/target/generated-resources/normalized/api/v1.0/samples/db-credentials-20.json
apidocs/target/generated-resources/normalized/api/v1.0/samples/db-credentials-20.xml
apidocs/target/generated-resources/normalized/api/v1.0/samples/db-credentials.json
apidocs/target/generated-resources/normalized/api/v1.0/samples/db-credentials.xml
apidocs/target/generated-resources/normalized/api/v1.0/samples/db-delete-databases-request.json
apidocs/target/generated-resources/normalized/api/v1.0/samples/db-delete-databases-request.xml
apidocs/target/generated-resources/normalized/api/v1.0/samples/db-delete-databases-response.json
apidocs/target/generated-resources/normalized/api/v1.0/samples/db-delete-databases-response.xml
apidocs/target/generated-resources/normalized/api/v1.0/samples/db-delete-instance-request.json
apidocs/target/generated-resources/normalized/api/v1.0/samples/db-delete-instance-request.xml
apidocs/target/generated-resources/normalized/api/v1.0/samples/db-delete-instance-response.json
apidocs/target/generated-resources/normalized/api/v1.0/samples/db-delete-instance-response.xml
apidocs/target/generated-resources/normalized/api/v1.0/samples/db-delete-users-request.json
apidocs/target/generated-resources/normalized/api/v1.0/samples/db-delete-users-request.xml
apidocs/target/generated-resources/normalized/api/v1.0/samples/db-delete-users-response.json
apidocs/target/generated-resources/normalized/api/v1.0/samples/db-delete-users-response.xml
apidocs/target/generated-resources/normalized/api/v1.0/samples/db-enable-root-user-request.json
apidocs/target/generated-resources/normalized/api/v1.0/samples/db-enable-root-user-request.xml
apidocs/target/generated-resources/normalized/api/v1.0/samples/db-enable-root-user-response.json
apidocs/target/generated-resources/normalized/api/v1.0/samples/db-enable-root-user-response.xml
apidocs/target/generated-resources/normalized/api/v1.0/samples/db-faults-badRequest.json
apidocs/target/generated-resources/normalized/api/v1.0/samples/db-faults-badRequest.xml
apidocs/target/generated-resources/normalized/api/v1.0/samples/db-faults-instanceFault.json
apidocs/target/generated-resources/normalized/api/v1.0/samples/db-faults-instanceFault.xml
apidocs/target/generated-resources/normalized/api/v1.0/samples/db-faults-itemNotFound.json
apidocs/target/generated-resources/normalized/api/v1.0/samples/db-faults-itemNotFound.xml
apidocs/target/generated-resources/normalized/api/v1.0/samples/db-flavors-by-id-request.json
apidocs/target/generated-resources/normalized/api/v1.0/samples/db-flavors-by-id-request.xml
apidocs/target/generated-resources/normalized/api/v1.0/samples/db-flavors-by-id-response.json
apidocs/target/generated-resources/normalized/api/v1.0/samples/db-flavors-by-id-response.xml
apidocs/target/generated-resources/normalized/api/v1.0/samples/db-flavors-request.json
apidocs/target/generated-resources/normalized/api/v1.0/samples/db-flavors-request.xml
apidocs/target/generated-resources/normalized/api/v1.0/samples/db-flavors-response.json
apidocs/target/generated-resources/normalized/api/v1.0/samples/db-flavors-response-no8_16.json
apidocs/target/generated-resources/normalized/api/v1.0/samples/db-flavors-response-no8_16.xml
apidocs/target/generated-resources/normalized/api/v1.0/samples/db-flavors-response.xml
apidocs/target/generated-resources/normalized/api/v1.0/samples/db-grant-user-access-request.json
apidocs/target/generated-resources/normalized/api/v1.0/samples/db-grant-user-access-request.xml
apidocs/target/generated-resources/normalized/api/v1.0/samples/db-grant-user-access-response.json
apidocs/target/generated-resources/normalized/api/v1.0/samples/db-grant-user-access-response.xml
apidocs/target/generated-resources/normalized/api/v1.0/samples/db-gs-create-database-instance-response.json
apidocs/target/generated-resources/normalized/api/v1.0/samples/db-gs-create-database-instance-response.xml
apidocs/target/generated-resources/normalized/api/v1.0/samples/db-guest-update-request.json
apidocs/target/generated-resources/normalized/api/v1.0/samples/db-guest-update-request.xml
apidocs/target/generated-resources/normalized/api/v1.0/samples/db-guest-update-response.json
apidocs/target/generated-resources/normalized/api/v1.0/samples/db-guest-update-response.xml
apidocs/target/generated-resources/normalized/api/v1.0/samples/db-instance-reboot-request.json
apidocs/target/generated-resources/normalized/api/v1.0/samples/db-instance-reboot-request.xml
apidocs/target/generated-resources/normalized/api/v1.0/samples/db-instance-reboot-response.json
apidocs/target/generated-resources/normalized/api/v1.0/samples/db-instance-reboot-response.xml
apidocs/target/generated-resources/normalized/api/v1.0/samples/db-instance-resize-flavor-request.json
apidocs/target/generated-resources/normalized/api/v1.0/samples/db-instance-resize-flavor-request.xml
apidocs/target/generated-resources/normalized/api/v1.0/samples/db-instance-resize-flavor-response.json
apidocs/target/generated-resources/normalized/api/v1.0/samples/db-instance-resize-flavor-response.xml
apidocs/target/generated-resources/normalized/api/v1.0/samples/db-instance-resize-instance-request.json
apidocs/target/generated-resources/normalized/api/v1.0/samples/db-instance-resize-instance-request.xml
apidocs/target/generated-resources/normalized/api/v1.0/samples/db-instance-resize-instance-response.json
apidocs/target/generated-resources/normalized/api/v1.0/samples/db-instance-resize-instance-response.xml
apidocs/target/generated-resources/normalized/api/v1.0/samples/db-instance-resize-volume-request.json
apidocs/target/generated-resources/normalized/api/v1.0/samples/db-instance-resize-volume-request.xml
apidocs/target/generated-resources/normalized/api/v1.0/samples/db-instance-resize-volume-response.json
apidocs/target/generated-resources/normalized/api/v1.0/samples/db-instance-resize-volume-response.xml
apidocs/target/generated-resources/normalized/api/v1.0/samples/db-instance-restart-request.json
apidocs/target/generated-resources/normalized/api/v1.0/samples/db-instance-restart-request.xml
apidocs/target/generated-resources/normalized/api/v1.0/samples/db-instance-restart-response.json
apidocs/target/generated-resources/normalized/api/v1.0/samples/db-instance-restart-response.xml
apidocs/target/generated-resources/normalized/api/v1.0/samples/db-instances-index-pagination-request.json
apidocs/target/generated-resources/normalized/api/v1.0/samples/db-instances-index-pagination-request.xml
apidocs/target/generated-resources/normalized/api/v1.0/samples/db-instances-index-pagination-response.json
apidocs/target/generated-resources/normalized/api/v1.0/samples/db-instances-index-pagination-response.xml
apidocs/target/generated-resources/normalized/api/v1.0/samples/db-instances-index-request.json
apidocs/target/generated-resources/normalized/api/v1.0/samples/db-instances-index-request.xml
apidocs/target/generated-resources/normalized/api/v1.0/samples/db-instances-index-response.json
apidocs/target/generated-resources/normalized/api/v1.0/samples/db-instances-index-response.xml
apidocs/target/generated-resources/normalized/api/v1.0/samples/db-instances-paged-index-request.json
apidocs/target/generated-resources/normalized/api/v1.0/samples/db-instances-paged-index-request.xml
apidocs/target/generated-resources/normalized/api/v1.0/samples/db-instances-paged-index-response.json
apidocs/target/generated-resources/normalized/api/v1.0/samples/db-instances-paged-index-response.xml
apidocs/target/generated-resources/normalized/api/v1.0/samples/db-instance-status-detail-request.json
apidocs/target/generated-resources/normalized/api/v1.0/samples/db-instance-status-detail-request.xml
apidocs/target/generated-resources/normalized/api/v1.0/samples/db-instance-status-detail-response.json
apidocs/target/generated-resources/normalized/api/v1.0/samples/db-instance-status-detail-response.xml
apidocs/target/generated-resources/normalized/api/v1.0/samples/db-instance-update-guest-request.json
apidocs/target/generated-resources/normalized/api/v1.0/samples/db-instance-update-guest-request.xml
apidocs/target/generated-resources/normalized/api/v1.0/samples/db-instance-update-guest-response.json
apidocs/target/generated-resources/normalized/api/v1.0/samples/db-instance-update-guest-response.xml
apidocs/target/generated-resources/normalized/api/v1.0/samples/db-list-databases-pagination-request.json
apidocs/target/generated-resources/normalized/api/v1.0/samples/db-list-databases-pagination-request.xml
apidocs/target/generated-resources/normalized/api/v1.0/samples/db-list-databases-pagination-response.json
apidocs/target/generated-resources/normalized/api/v1.0/samples/db-list-databases-pagination-response.xml
apidocs/target/generated-resources/normalized/api/v1.0/samples/db-list-databases-request.json
apidocs/target/generated-resources/normalized/api/v1.0/samples/db-list-databases-request.xml
apidocs/target/generated-resources/normalized/api/v1.0/samples/db-list-databases-response.json
apidocs/target/generated-resources/normalized/api/v1.0/samples/db-list-databases-response.xml
apidocs/target/generated-resources/normalized/api/v1.0/samples/db-list-user-access-request.json
apidocs/target/generated-resources/normalized/api/v1.0/samples/db-list-user-access-request.xml
apidocs/target/generated-resources/normalized/api/v1.0/samples/db-list-user-access-response.json
apidocs/target/generated-resources/normalized/api/v1.0/samples/db-list-user-access-response.xml
apidocs/target/generated-resources/normalized/api/v1.0/samples/db-list-user-dbs-request.json
apidocs/target/generated-resources/normalized/api/v1.0/samples/db-list-user-dbs-request.xml
apidocs/target/generated-resources/normalized/api/v1.0/samples/db-list-user-dbs-response.json
apidocs/target/generated-resources/normalized/api/v1.0/samples/db-list-user-dbs-response.xml
apidocs/target/generated-resources/normalized/api/v1.0/samples/db-list-users-pagination-request.json
apidocs/target/generated-resources/normalized/api/v1.0/samples/db-list-users-pagination-request.xml
apidocs/target/generated-resources/normalized/api/v1.0/samples/db-list-users-pagination-response.json
apidocs/target/generated-resources/normalized/api/v1.0/samples/db-list-users-pagination-response.xml
apidocs/target/generated-resources/normalized/api/v1.0/samples/db-list-users-request.json
apidocs/target/generated-resources/normalized/api/v1.0/samples/db-list-users-request.xml
apidocs/target/generated-resources/normalized/api/v1.0/samples/db-list-users-response.json
apidocs/target/generated-resources/normalized/api/v1.0/samples/db-list-users-response.xml
apidocs/target/generated-resources/normalized/api/v1.0/samples/db-mgmt-get-account-details-request.json
apidocs/target/generated-resources/normalized/api/v1.0/samples/db-mgmt-get-account-details-request.xml
apidocs/target/generated-resources/normalized/api/v1.0/samples/db-mgmt-get-account-details-response.json
apidocs/target/generated-resources/normalized/api/v1.0/samples/db-mgmt-get-account-details-response.xml
apidocs/target/generated-resources/normalized/api/v1.0/samples/db-mgmt-get-host-detail-request.json
apidocs/target/generated-resources/normalized/api/v1.0/samples/db-mgmt-get-host-detail-request.xml
apidocs/target/generated-resources/normalized/api/v1.0/samples/db-mgmt-get-host-detail-response.json
apidocs/target/generated-resources/normalized/api/v1.0/samples/db-mgmt-get-host-detail-response.xml
apidocs/target/generated-resources/normalized/api/v1.0/samples/db-mgmt-get-instance-details-request.json
apidocs/target/generated-resources/normalized/api/v1.0/samples/db-mgmt-get-instance-details-request.xml
apidocs/target/generated-resources/normalized/api/v1.0/samples/db-mgmt-get-instance-details-response.json
apidocs/target/generated-resources/normalized/api/v1.0/samples/db-mgmt-get-instance-details-response.xml
apidocs/target/generated-resources/normalized/api/v1.0/samples/db-mgmt-get-root-details-request.json
apidocs/target/generated-resources/normalized/api/v1.0/samples/db-mgmt-get-root-details-request.xml
apidocs/target/generated-resources/normalized/api/v1.0/samples/db-mgmt-get-root-details-response.json
apidocs/target/generated-resources/normalized/api/v1.0/samples/db-mgmt-get-root-details-response.xml
apidocs/target/generated-resources/normalized/api/v1.0/samples/db-mgmt-get-storage-request.json
apidocs/target/generated-resources/normalized/api/v1.0/samples/db-mgmt-get-storage-request.xml
apidocs/target/generated-resources/normalized/api/v1.0/samples/db-mgmt-get-storage-response.json
apidocs/target/generated-resources/normalized/api/v1.0/samples/db-mgmt-get-storage-response.xml
apidocs/target/generated-resources/normalized/api/v1.0/samples/db-mgmt-get-usage-account-request.json
apidocs/target/generated-resources/normalized/api/v1.0/samples/db-mgmt-get-usage-account-request.xml
apidocs/target/generated-resources/normalized/api/v1.0/samples/db-mgmt-get-usage-account-response.json
apidocs/target/generated-resources/normalized/api/v1.0/samples/db-mgmt-get-usage-account-response.xml
apidocs/target/generated-resources/normalized/api/v1.0/samples/db-mgmt-get-usage-all-request.json
apidocs/target/generated-resources/normalized/api/v1.0/samples/db-mgmt-get-usage-all-request.xml
apidocs/target/generated-resources/normalized/api/v1.0/samples/db-mgmt-get-usage-all-response.json
apidocs/target/generated-resources/normalized/api/v1.0/samples/db-mgmt-get-usage-all-response.xml
apidocs/target/generated-resources/normalized/api/v1.0/samples/db-mgmt-get-usage-instance-request.json
apidocs/target/generated-resources/normalized/api/v1.0/samples/db-mgmt-get-usage-instance-request.xml
apidocs/target/generated-resources/normalized/api/v1.0/samples/db-mgmt-get-usage-instance-response.json
apidocs/target/generated-resources/normalized/api/v1.0/samples/db-mgmt-get-usage-instance-response.xml
apidocs/target/generated-resources/normalized/api/v1.0/samples/db-mgmt-host-update-request.json
apidocs/target/generated-resources/normalized/api/v1.0/samples/db-mgmt-host-update-request.xml
apidocs/target/generated-resources/normalized/api/v1.0/samples/db-mgmt-host-update-response.json
apidocs/target/generated-resources/normalized/api/v1.0/samples/db-mgmt-host-update-response.xml
apidocs/target/generated-resources/normalized/api/v1.0/samples/db-mgmt-instance-diagnostics-request.json
apidocs/target/generated-resources/normalized/api/v1.0/samples/db-mgmt-instance-diagnostics-request.xml
apidocs/target/generated-resources/normalized/api/v1.0/samples/db-mgmt-instance-diagnostics-response.json
apidocs/target/generated-resources/normalized/api/v1.0/samples/db-mgmt-instance-diagnostics-response.xml
apidocs/target/generated-resources/normalized/api/v1.0/samples/db-mgmt-instance-hwinfo-request.json
apidocs/target/generated-resources/normalized/api/v1.0/samples/db-mgmt-instance-hwinfo-request.xml
apidocs/target/generated-resources/normalized/api/v1.0/samples/db-mgmt-instance-hwinfo-response.json
apidocs/target/generated-resources/normalized/api/v1.0/samples/db-mgmt-instance-hwinfo-response.xml
apidocs/target/generated-resources/normalized/api/v1.0/samples/db-mgmt-instance-index-request.json
apidocs/target/generated-resources/normalized/api/v1.0/samples/db-mgmt-instance-index-request.xml
apidocs/target/generated-resources/normalized/api/v1.0/samples/db-mgmt-instance-index-response.json
apidocs/target/generated-resources/normalized/api/v1.0/samples/db-mgmt-instance-index-response.xml
apidocs/target/generated-resources/normalized/api/v1.0/samples/db-mgmt-list-accounts-request.json
apidocs/target/generated-resources/normalized/api/v1.0/samples/db-mgmt-list-accounts-request.xml
apidocs/target/generated-resources/normalized/api/v1.0/samples/db-mgmt-list-accounts-response.json
apidocs/target/generated-resources/normalized/api/v1.0/samples/db-mgmt-list-accounts-response.xml
apidocs/target/generated-resources/normalized/api/v1.0/samples/db-mgmt-list-hosts-request.json
apidocs/target/generated-resources/normalized/api/v1.0/samples/db-mgmt-list-hosts-request.xml
apidocs/target/generated-resources/normalized/api/v1.0/samples/db-mgmt-list-hosts-response.json
apidocs/target/generated-resources/normalized/api/v1.0/samples/db-mgmt-list-hosts-response.xml
apidocs/target/generated-resources/normalized/api/v1.0/samples/db-mgmt-migrate-instance-force-request.json
apidocs/target/generated-resources/normalized/api/v1.0/samples/db-mgmt-migrate-instance-force-request.xml
apidocs/target/generated-resources/normalized/api/v1.0/samples/db-mgmt-migrate-instance-force-response.json
apidocs/target/generated-resources/normalized/api/v1.0/samples/db-mgmt-migrate-instance-force-response.xml
apidocs/target/generated-resources/normalized/api/v1.0/samples/db-mgmt-migrate-instance-request.json
apidocs/target/generated-resources/normalized/api/v1.0/samples/db-mgmt-migrate-instance-request.xml
apidocs/target/generated-resources/normalized/api/v1.0/samples/db-mgmt-migrate-instance-response.json
apidocs/target/generated-resources/normalized/api/v1.0/samples/db-mgmt-migrate-instance-response.xml
apidocs/target/generated-resources/normalized/api/v1.0/samples/db-mgmt-reset-instance-task-status-request.json
apidocs/target/generated-resources/normalized/api/v1.0/samples/db-mgmt-reset-instance-task-status-request.xml
apidocs/target/generated-resources/normalized/api/v1.0/samples/db-mgmt-reset-instance-task-status-response.json
apidocs/target/generated-resources/normalized/api/v1.0/samples/db-mgmt-reset-instance-task-status-response.xml
apidocs/target/generated-resources/normalized/api/v1.0/samples/db-request-types.json
apidocs/target/generated-resources/normalized/api/v1.0/samples/db-response-types.xml
apidocs/target/generated-resources/normalized/api/v1.0/samples/db-revoke-user-access-request.json
apidocs/target/generated-resources/normalized/api/v1.0/samples/db-revoke-user-access-request.xml
apidocs/target/generated-resources/normalized/api/v1.0/samples/db-revoke-user-access-response.json
apidocs/target/generated-resources/normalized/api/v1.0/samples/db-revoke-user-access-response.xml
apidocs/target/generated-resources/normalized/api/v1.0/samples/db-version-request.json
apidocs/target/generated-resources/normalized/api/v1.0/samples/db-version-request.xml
apidocs/target/generated-resources/normalized/api/v1.0/samples/db-version-response.json
apidocs/target/generated-resources/normalized/api/v1.0/samples/db-version-response.xml
apidocs/target/generated-resources/normalized/api/v1.0/samples/db-versions-request.json
apidocs/target/generated-resources/normalized/api/v1.0/samples/db-versions-request.xml
apidocs/target/generated-resources/normalized/api/v1.0/samples/db-versions-response.json
apidocs/target/generated-resources/normalized/api/v1.0/samples/db-versions-response.xml
apidocs/target/generated-resources/normalized/api/v1.0/xsd/cdb.xsd
apidocs/target/generated-resources/normalized/api/v1.0/xslts/js/shjs/sh_java.js
apidocs/target/generated-resources/normalized/api/v1.0/xslts/js/shjs/sh_javascript.js
apidocs/target/generated-resources/normalized/api/v1.0/xslts/js/shjs/sh_main.js
apidocs/target/generated-resources/normalized/api/v1.0/xslts/js/shjs/sh_xml.js
apidocs/target/generated-resources/normalized/api/v1.0/xslts/js/trc/schema/controller.js
apidocs/target/generated-resources/normalized/api/v1.0/xslts/js/trc/schema/layoutManager.js
apidocs/target/generated-resources/normalized/api/v1.0/xslts/js/trc/schema/sampleManager.js
apidocs/target/generated-resources/normalized/api/v1.0/xslts/js/trc/util.js
apidocs/target/generated-resources/normalized/api/v1.0/xslts/style/schema.css
apidocs/target/generated-resources/normalized/api/v1.0/xslts/style/shjs/sh_acid.css
apidocs/target/generated-resources/normalized/api/v1.0/xslts/style/shjs/sh_darkblue.css
apidocs/target/generated-resources/normalized/api/v1.0/xslts/style/shjs/sh_emacs.css
apidocs/target/generated-resources/normalized/api/v1.0/xslts/style/shjs/sh_night.css
apidocs/target/generated-resources/normalized/api/v1.0/xslts/style/shjs/sh_pablo.css
apidocs/target/generated-resources/normalized/api/v1.0/xslts/style/shjs/sh_print.css
apidocs/target/generated-resources/normalized/api/v1.0/xslts/style/shjs/sh_style.css
apidocs/target/generated-resources/normalized/api/v1.0/xslts/style/shjs/sh_whitengrey.css
apidocs/target/generated-resources/normalized/api/v1.0/xslts/xslt/.htaccess
apidocs/target/generated-resources/normalized/api/v1.0/xslts/xslt/schema.xslt
apidocs/target/generated-resources/normalized/bookinfo.xml
apidocs/target/generated-resources/xml/xslt/38371-dbaas.wadl
apidocs/target/generated-resources/xml/xslt/38371-dbaas-xsd-1.xsd
apidocs/target/generated-resources/xsl/normalizeWadl1.xsl
apidocs/target/generated-resources/xsl/normalizeWadl2.xsl
apidocs/target/generated-resources/xsl/normalizeWadl3.xsl
apidocs/target/generated-resources/xsl/normalizeWadl4.xsl
apidocs/target/generated-resources/xsl/normalizeWadl5.xsl
apidocs/target/generated-resources/xsl/normalizeWadl.xsl
apidocs/target/generated-resources/xsl/summarize-wadl.xsl
apidocs/target/generated-resources/xsl/wadl-links.xsl
apidocs/target/generated-resources/xsl/wadl.xsl
doc-test.conf
doc-test.exceptions
doc-test-exceptions.txt
openstack-database-api/src/markdown/database-api-v1.md
README.rst
test-requirements.txt
tox.ini
xsd/common.ent
xsd/dbaas.wadl
xsd/dbaas.xsd
