change-merged
close_pull_requests.py
CONTRIBUTING.md
expire_old_reviews.py
fetch_remotes.py
gerritx/cmd/close_pull_requests.py
gerritx/cmd/expire_old_reviews.py
gerritx/cmd/fetch_remotes.py
gerritx/cmd/__init__.py
gerritx/cmd/manage_projects.py
gerritx/cmd/notify_impact.py
gerritx/cmd/process_cache.py
gerritx/cmd/run_mirror.py
gerritx/cmd/trivial_rebase.py
gerritx/cmd/update_blueprint.py
gerritx/cmd/update_bug.py
gerritx/__init__.py
gerritx/openstack/common/__init__.py
gerritx/openstack/common/setup.py
gerritx/openstack/common/version.py
gerritx/openstack/__init__.py
gerritx/version.py
get_group_uuid.py
jeepyb/cmd/close_pull_requests.py
jeepyb/cmd/create_cgitrepos.py
jeepyb/cmd/expire_old_reviews.py
jeepyb/cmd/fetch_remotes.py
jeepyb/cmd/__init__.py
jeepyb/cmd/manage_projects.py
jeepyb/cmd/notify_impact.py
jeepyb/cmd/openstackwatch.py
jeepyb/cmd/process_cache.py
jeepyb/cmd/run_mirror.py
jeepyb/cmd/trivial_rebase.py
jeepyb/cmd/update_blueprint.py
jeepyb/cmd/update_bug.py
jeepyb/config/openstackwatch.ini-sample
jeepyb/gerritdb.py
jeepyb/__init__.py
jeepyb/openstack/common/__init__.py
jeepyb/openstack/common/setup.py
jeepyb/openstack/common/version.py
jeepyb/openstack/__init__.py
jeepyb/projects.py
jeepyb/version.py
make_local_repos.py
manage_projects.py
MANIFEST.in
notify_doc_impact.py
notify_impact.py
openstack-common.conf
patchset-created
pypi_mirror/cmd/__init__.py
pypi_mirror/cmd/run_mirror.py
pypi_mirror/__init__.py
README.rst
requirements.txt
run_mirror.py
setup.cfg
setup.py
test-requirements.txt
tools/pip-requires
tools/test-requires
tox.ini
update_blueprint.py
update_bug.py
update_cla_group.py
update_gerrit_users.py
update_users.py
