cornfig/cornfig.py
cornfig/__init__.py
.coveragerc
LICENSE
MANIFEST.in
os_apply_config/apply_config.py
os_apply_config/collect_config.py
os_apply_config/config_exception.py
os_apply_config/__init__.py
os_apply_config/os_apply_config.py
os_apply_config/renderers.py
os_apply_config/tests/__init__.py
os_apply_config/tests/templates/etc/glance/script.conf
os_apply_config/tests/templates/etc/keystone/keystone.conf
os_apply_config/tests/test_apply_config.py
os_apply_config/tests/test_collect_config.py
os_apply_config/tests/test_json_renderer.py
os_apply_config/tests/test_os_apply_config.py
os_apply_config/tests/test_value_type.py
os_apply_config/value_types.py
os_apply_config/version.py
os_config_applier/config_exception.py
os_config_applier/__init__.py
os_config_applier/os_config_applier.py
os_config_applier/renderers.py
os_config_applier/tests/__init__.py
os_config_applier/tests/templates/etc/glance/script.conf
os_config_applier/tests/templates/etc/keystone/keystone.conf
os_config_applier/tests/test_json_renderer.py
os_config_applier/tests/test_os_config_applier.py
os_config_applier/tests/test_value_type.py
os_config_applier/value_types.py
README.md
README.rst
requirements.txt
run_tests.sh
setup.cfg
setup.py
.testr.conf
test-requirements.txt
tests/cornfig_tests.py
tests/__init__.py
tests/json_renderer_tests.py
tests/os_config_applier_tests.py
tests/templates/etc/glance/script.conf
tests/templates/etc/keystone/keystone.conf
tests/value_type_tests.py
tox.ini
.travis.yml
