CONTRIBUTING.rst
.coveragerc
doc/source/conf.py
doc/source/contributing.rst
doc/source/index.rst
doc/source/installation.rst
doc/source/readme.rst
doc/source/usage.rst
HACKING.rst
heat-translator/exit.py
heat-translator/exit.pyc
heat-translator/heat/__init__.py
heat-translator/heat/__init__.pyc
heat-translator/main.py
heat-translator/source.py
heat-translator/source.pyc
heat-translator/tosca/__init__.py
heat-translator/tosca/__init__.pyc
heat-translator/tosca/inputs.py
heat-translator/tosca/inputs.pyc
heat-translator/tosca/nodetemplates/capabilitytype.py
heat-translator/tosca/nodetemplates/capabilitytype.pyc
heat-translator/tosca/nodetemplates/constraints.py
heat-translator/tosca/nodetemplates/constraints.pyc
heat-translator/tosca/nodetemplates/__init__.py
heat-translator/tosca/nodetemplates/__init__.pyc
heat-translator/tosca/nodetemplates/node_template.py
heat-translator/tosca/nodetemplates/node_template.pyc
heat-translator/tosca/nodetemplates/node_templates.py
heat-translator/tosca/nodetemplates/node_templates.pyc
heat-translator/tosca/nodetemplates/nodetype.py
heat-translator/tosca/nodetemplates/nodetype.pyc
heat-translator/tosca/nodetemplates/nodetypeschema.yaml
heat-translator/tosca/nodetemplates/nodetypesdef.yaml
heat-translator/tosca/nodetemplates/properties.py
heat-translator/tosca/nodetemplates/properties.pyc
heat-translator/tosca/nodetemplates/relationshiptype.py
heat-translator/tosca/nodetemplates/relationshiptype.pyc
heat-translator/tosca/nodetemplates/requirementtype.py
heat-translator/tosca/nodetemplates/requirementtype.pyc
heat-translator/tosca/nodetemplates/rootnodetype.py
heat-translator/tosca/nodetemplates/rootnodetype.pyc
heat-translator/tosca/nodetemplates/schema.py
heat-translator/tosca/nodetemplates/schema.pyc
heat-translator/tosca/outputs.py
heat-translator/tosca/outputs.pyc
heat-translator/tosca/tests/__init__.py
heat-translator/tosca/tests/__init__.pyc
heat-translator/tosca/tests/squaretest.pyc
heat-translator/tosca/tests/test2.pyc
heat-translator/tosca/tests/test3.pyc
heat-translator/tosca/tests/test4.pyc
heat-translator/tosca/tests/testattrs.pyc
heat-translator/tosca/tests/tosca.yaml
heat-translator/tosca/tosca_profile.py
heat-translator/tosca/tosca_profile.pyc
heat-translator/tosca/translate.py
heat-translator/tosca/translate.pyc
heat-translator/tosca/validate.py
heat-translator/tosca/validate.pyc
heat-translator/utils.py
heat-translator/yaml_loader.py
heat-translator/yaml_loader.pyc
LICENSE
MANIFEST.in
openstack-common.conf
README.md
README.rst
requirements.txt
setup.cfg
setup.py
.testr.conf
test-requirements.txt
tox.ini
translator/hot/__init__.py
translator/hot/syntax/hot_output.py
translator/hot/syntax/hot_parameter.py
translator/hot/syntax/hot_resource.py
translator/hot/syntax/hot_template.py
translator/hot/syntax/__init__.py
translator/hot/tosca/__init__.py
translator/hot/tosca/tosca_block_storage_attachment.py
translator/hot/tosca/tosca_block_storage.py
translator/hot/tosca/tosca_compute.py
translator/hot/tosca/tosca_database.py
translator/hot/tosca/tosca_dbms.py
translator/hot/tosca/tosca_webserver.py
translator/hot/tosca/tosca_wordpress.py
translator/hot/tosca_translator.py
translator/hot/translate_inputs.py
translator/hot/translate_node_templates.py
translator/hot/translate_outputs.py
translator/__init__.py
translator/tests/base.py
translator/tests/data/tosca_blockstorage_with_attachment.yaml
translator/tests/data/tosca_multiple_blockstorage_with_attachment.yaml
translator/tests/__init__.py
translator/tests/test_blockstorage.py
translator/toscalib/common/exception.py
translator/toscalib/common/__init__.py
translator/toscalib/elements/attribute_definition.py
translator/toscalib/elements/capabilitytype.py
translator/toscalib/elements/constraints.py
translator/toscalib/elements/entitytype.py
translator/toscalib/elements/__init__.py
translator/toscalib/elements/interfaces.py
translator/toscalib/elements/nodetype.py
translator/toscalib/elements/properties.py
translator/toscalib/elements/property_definition.py
translator/toscalib/elements/relationshiptype.py
translator/toscalib/elements/statefulentitytype.py
translator/toscalib/elements/TOSCA_definition.yaml
translator/toscalib/entity_template.py
translator/toscalib/functions.py
translator/toscalib/__init__.py
translator/toscalib/nodetemplate.py
translator/toscalib/parameters.py
translator/toscalib/properties.py
translator/toscalib/relationship_template.py
translator/toscalib/tests/base.py
translator/toscalib/tests/data/custom_types/wordpress.yaml
translator/toscalib/tests/data/test_tosca_normative_type_by_shortname.yaml
translator/toscalib/tests/data/test_tosca_top_level_error1.yaml
translator/toscalib/tests/data/test_tosca_top_level_error2.yaml
translator/toscalib/tests/data/tosca_single_instance_wordpress.yaml
translator/toscalib/tests/__init__.py
translator/toscalib/tests/test_constraints.py
translator/toscalib/tests/test_exception.py
translator/toscalib/tests/test_toscadef.py
translator/toscalib/tests/test_toscatpl.py
translator/toscalib/tests/test_toscatplvalidation.py
translator/toscalib/tosca_template.py
translator/toscalib/tpl_relationship_graph.py
translator/toscalib/utils/gettextutils.py
translator/toscalib/utils/__init__.py
translator/toscalib/utils/yamlparser.py
