CONTRIBUTING.rst
.coveragerc
doc/conf.py
doc/index.rst
docs/examples/complex_graph.py
docs/examples/reverting_linear.py
docs/examples/simple_linear_listening.py
docs/examples/simple_linear.py
doc/source/arguments_and_results.rst
doc/source/atoms.rst
doc/source/conductors.rst
doc/source/conf.py
doc/source/engines.rst
doc/source/examples.rst
doc/source/exceptions.rst
doc/source/failure.rst
doc/source/img/engine_states.txt
doc/source/index.rst
doc/source/inputs_and_outputs.rst
doc/source/jobs.rst
doc/source/notifications.rst
doc/source/patterns.rst
doc/source/persistence.rst
doc/source/resumption.rst
doc/source/states.rst
doc/source/storage.rst
doc/source/templates/layout.html
doc/source/utils.rst
doc/source/workers.rst
doc/taskflow.engines.action_engine.rst
doc/taskflow.engines.rst
doc/taskflow.jobs.rst
doc/taskflow.listeners.rst
doc/taskflow.patterns.rst
doc/taskflow.persistence.backends.rst
doc/taskflow.persistence.backends.sqlalchemy.rst
doc/taskflow.persistence.rst
doc/taskflow.rst
doc/taskflow.utils.rst
.DS_Store
LICENSE
MANIFEST.in
openstack-common.conf
optional-requirements.txt
pylintrc
README.md
README.rst
requirements.txt
run_tests.sh
setup.cfg
setup.py
.setup.py.swp
taskflow/atom.py
taskflow/backends/api.py
taskflow/backends/base.py
taskflow/backends/celery/celeryapp.py
taskflow/backends/celery/.celeryapp.py.swp
taskflow/backends/celery/celeryconfig.py
taskflow/backends/celery/.celeryconfig.py.swp
taskflow/backends/celery/__init__.py
taskflow/backends/__init__.py
taskflow/backends/memory/api.py
taskflow/backends/memory/__init__.py
taskflow/backends/memory/memory.py
taskflow/backends/memory.py
taskflow/backends/migration.py
taskflow/backends/sqlalchemy/api.py
taskflow/backends/sqlalchemy/__init__.py
taskflow/backends/sqlalchemy/models.py
taskflow/backends/sqlalchemy/session.py
taskflow/backends/sql.py
taskflow/blocks/base.py
taskflow/blocks/__init__.py
taskflow/blocks/patterns.py
taskflow/blocks/task.py
taskflow/catalog.py
taskflow/common/config.py
taskflow/common/config.pyc
taskflow/common/.config.py.swp
taskflow/common/exception.py
taskflow/common/__init__.py
taskflow/common/__init__.pyc
taskflow/conductors/base.py
taskflow/conductors/__init__.py
taskflow/conductors/single_threaded.py
taskflow/db/api.py
taskflow/db/api.pyc
taskflow/db/base.py
taskflow/db/.DS_Store
taskflow/db/__init__.py
taskflow/db/__init__.pyc
taskflow/db/migration.py
taskflow/db/sqlalchemy/api.py
taskflow/db/sqlalchemy/api.pyc
taskflow/db/sqlalchemy/.api.py.swp
taskflow/db/sqlalchemy/.DS_Store
taskflow/db/sqlalchemy/__init__.py
taskflow/db/sqlalchemy/__init__.pyc
taskflow/db/sqlalchemy/models.py
taskflow/db/sqlalchemy/models.pyc
taskflow/db/sqlalchemy/.models.py.swp
taskflow/db/sqlalchemy/session.py
taskflow/db/sqlalchemy/.session.py.swp
taskflow/decorators.py
taskflow/.DS_Store
taskflow/engines/action_engine/analyzer.py
taskflow/engines/action_engine/base_action.py
taskflow/engines/action_engine/compiler.py
taskflow/engines/action_engine/engine.py
taskflow/engines/action_engine/executor.py
taskflow/engines/action_engine/graph_action.py
taskflow/engines/action_engine/graph_analyzer.py
taskflow/engines/action_engine/__init__.py
taskflow/engines/action_engine/parallel_action.py
taskflow/engines/action_engine/retry_action.py
taskflow/engines/action_engine/runner.py
taskflow/engines/action_engine/runtime.py
taskflow/engines/action_engine/seq_action.py
taskflow/engines/action_engine/task_action.py
taskflow/engines/base.py
taskflow/engines/helpers.py
taskflow/engines/__init__.py
taskflow/engines/worker_based/cache.py
taskflow/engines/worker_based/dispatcher.py
taskflow/engines/worker_based/endpoint.py
taskflow/engines/worker_based/engine.py
taskflow/engines/worker_based/executor.py
taskflow/engines/worker_based/__init__.py
taskflow/engines/worker_based/protocol.py
taskflow/engines/worker_based/proxy.py
taskflow/engines/worker_based/remote_task.py
taskflow/engines/worker_based/server.py
taskflow/engines/worker_based/worker.py
taskflow/examples/build_a_car.py
taskflow/examples/buildsystem.py
taskflow/examples/calculate_in_parallel.py
taskflow/examples/calculate_linear.py
taskflow/examples/complex_graph.py
taskflow/examples/create_parallel_volume.py
taskflow/examples/delayed_return.py
taskflow/examples/example_utils.py
taskflow/examples/fake_billing.py
taskflow/examples/fake_boot_vm2.py
taskflow/examples/fake_boot_vm.py
taskflow/examples/graph_flow.py
taskflow/examples/job_board_no_test.py
taskflow/examples/persistence_example.py
taskflow/examples/pseudo_scoping.out.txt
taskflow/examples/pseudo_scoping.py
taskflow/examples/resume_from_backend.out.txt
taskflow/examples/resume_from_backend.py
taskflow/examples/resume_many_flows/my_flows.py
taskflow/examples/resume_many_flows/my_utils.py
taskflow/examples/resume_many_flows.out.txt
taskflow/examples/resume_many_flows.py
taskflow/examples/resume_many_flows/resume_all.py
taskflow/examples/resume_many_flows/run_flow.py
taskflow/examples/resume_vm_boot.py
taskflow/examples/resume_volume_create.py
taskflow/examples/retry_flow.out.txt
taskflow/examples/retry_flow.py
taskflow/examples/reverting_linear.out.txt
taskflow/examples/reverting_linear.py
taskflow/examples/run_by_iter_enumerate.out.txt
taskflow/examples/run_by_iter_enumerate.py
taskflow/examples/run_by_iter.out.txt
taskflow/examples/run_by_iter.py
taskflow/examples/simple_linear_listening.out.txt
taskflow/examples/simple_linear_listening.py
taskflow/examples/simple_linear.out.txt
taskflow/examples/simple_linear.py
taskflow/examples/worker_based_flow.out.txt
taskflow/examples/worker_based_flow.py
taskflow/examples/worker_based/flow.py
taskflow/examples/worker_based/worker.py
taskflow/examples/wrapped_exception.py
taskflow/exceptions.py
taskflow/failure.py
taskflow/flow.py
taskflow/functor_task.py
taskflow/generics/flowdetail.py
taskflow/generics/flow.py
taskflow/generics/__init__.py
taskflow/generics/jobboard.py
taskflow/generics/job.py
taskflow/generics/logbook.py
taskflow/generics/taskdetail.py
taskflow/generics/task.py
taskflow/graph_utils.py
taskflow/__init__.py
taskflow/__init__.pyc
taskflow/jobboard/api.py
taskflow/jobboard/drivers/db.py
taskflow/jobboard/drivers/__init__.py
taskflow/jobboard/drivers/memory.py
taskflow/jobboard/drivers/mq.py
taskflow/jobboard/drivers/zk.py
taskflow/jobboard/__init__.py
taskflow/jobboard.py
taskflow/job.py
taskflow/.job.py.swp
taskflow/jobs/backends/impl_zookeeper.py
taskflow/jobs/backends/__init__.py
taskflow/jobs/__init__.py
taskflow/jobs/jobboard.py
taskflow/jobs/job.py
taskflow/listeners/base.py
taskflow/listeners/__init__.py
taskflow/listeners/logging.py
taskflow/listeners/printing.py
taskflow/listeners/timing.py
taskflow/locks/api.py
taskflow/locks/drivers/db.py
taskflow/locks/drivers/file.py
taskflow/locks/drivers/__init__.py
taskflow/locks/drivers/memory.py
taskflow/locks/drivers/zk.py
taskflow/locks/__init__.py
taskflow/logbook/api.py
taskflow/logbook/drivers/db.py
taskflow/logbook/drivers/memory.py
taskflow/logbook/drivers/zk.py
taskflow/logbook/__init__.py
taskflow/logbook.py
taskflow/.logbook.py.swp
taskflow/openstack/common/db/api.py
taskflow/openstack/common/db/exception.py
taskflow/openstack/common/db/__init__.py
taskflow/openstack/common/db/sqlalchemy/__init__.py
taskflow/openstack/common/db/sqlalchemy/migration.py
taskflow/openstack/common/db/sqlalchemy/models.py
taskflow/openstack/common/db/sqlalchemy/session.py
taskflow/openstack/common/db/sqlalchemy/utils.py
taskflow/openstack/common/.DS_Store
taskflow/openstack/common/exception.py
taskflow/openstack/common/excutils.py
taskflow/openstack/common/fileutils.py
taskflow/openstack/common/gettextutils.py
taskflow/openstack/common/importutils.py
taskflow/openstack/common/__init__.py
taskflow/openstack/common/jsonutils.py
taskflow/openstack/common/local.py
taskflow/openstack/common/lockutils.py
taskflow/openstack/common/log.py
taskflow/openstack/common/network_utils.py
taskflow/openstack/common/py3kcompat/__init__.py
taskflow/openstack/common/py3kcompat/urlutils.py
taskflow/openstack/common/strutils.py
taskflow/openstack/common/timeutils.py
taskflow/openstack/common/.timeutils.py.swp
taskflow/openstack/common/uuidutils.py
taskflow/openstack/common/versionutils.py
taskflow/openstack/.DS_Store
taskflow/openstack/__init__.py
taskflow/patterns/base.py
taskflow/patterns/distributed_flow.py
taskflow/patterns/distributed.py
taskflow/patterns/distributed_workflow.py
taskflow/patterns/graph_flow.py
taskflow/patterns/graph_workflow.py
taskflow/patterns/__init__.py
taskflow/patterns/linear_flow.py
taskflow/patterns/linear_workflow.py
taskflow/patterns/ordered_flow.py
taskflow/patterns/ordered_workflow.py
taskflow/patterns/resumption/__init__.py
taskflow/patterns/resumption/logbook.py
taskflow/patterns/threaded_flow.py
taskflow/patterns/unordered_flow.py
taskflow/persistence/backends/api.py
taskflow/persistence/backends/base.py
taskflow/persistence/backends/impl_dir.py
taskflow/persistence/backends/impl_memory.py
taskflow/persistence/backends/impl_sqlalchemy.py
taskflow/persistence/backends/impl_zookeeper.py
taskflow/persistence/backends/__init__.py
taskflow/persistence/backends/memory/api.py
taskflow/persistence/backends/memory/__init__.py
taskflow/persistence/backends/memory/memory.py
taskflow/persistence/backends/sqlalchemy/alembic/alembic.ini
taskflow/persistence/backends/sqlalchemy/alembic/env.py
taskflow/persistence/backends/sqlalchemy/alembic/script.py.mako
taskflow/persistence/backends/sqlalchemy/alembic/versions/14b227d79a87_add_intention_column.py
taskflow/persistence/backends/sqlalchemy/alembic/versions/1c783c0c2875_replace_exception_an.py
taskflow/persistence/backends/sqlalchemy/alembic/versions/1cea328f0f65_initial_logbook_deta.py
taskflow/persistence/backends/sqlalchemy/alembic/versions/589dccdf2b6e_rename_taskdetails_to_atomdetails.py
taskflow/persistence/backends/sqlalchemy/alembic/versions/84d6e888850_add_task_detail_type.py
taskflow/persistence/backends/sqlalchemy/api.py
taskflow/persistence/backends/sqlalchemy/base.py
taskflow/persistence/backends/sqlalchemy/__init__.py
taskflow/persistence/backends/sqlalchemy/migration.py
taskflow/persistence/backends/sqlalchemy/models.py
taskflow/persistence/backends/sqlalchemy/session.py
taskflow/persistence/flowdetail.py
taskflow/persistence/__init__.py
taskflow/persistence/logbook.py
taskflow/persistence/taskdetail.py
taskflow/persistence/utils.py
taskflow/promise.py
taskflow/reservation.py
taskflow/retry.py
taskflow/states.py
taskflow/states.pyc
taskflow/storage.py
taskflow/task.py
taskflow/test.db
taskflow/test.py
taskflow/tests/.DS_Store
taskflow/tests/__init__.py
taskflow/tests/test_examples.py
taskflow/tests/unit/conductor/__init__.py
taskflow/tests/unit/conductor/test_conductor.py
taskflow/tests/unit/__init__.py
taskflow/tests/unit/jobs/base.py
taskflow/tests/unit/jobs/__init__.py
taskflow/tests/unit/jobs/test_entrypoint.py
taskflow/tests/unit/jobs/test_zk_job.py
taskflow/tests/unit/memory_api/__init__.py
taskflow/tests/unit/memory_api/test_flowdetail_api.py
taskflow/tests/unit/memory_api/test_logbook_api.py
taskflow/tests/unit/memory_api/test_taskdetail_api.py
taskflow/tests/unit/patterns/__init__.py
taskflow/tests/unit/patterns/test_graph_flow.py
taskflow/tests/unit/patterns/test_linear_flow.py
taskflow/tests/unit/patterns/test_unordered_flow.py
taskflow/tests/unit/persistence/base.py
taskflow/tests/unit/persistence/__init__.py
taskflow/tests/unit/persistence/test_dir_persistence.py
taskflow/tests/unit/persistence/test_memory_persistence.py
taskflow/tests/unit/persistence/test_sql_persistence.py
taskflow/tests/unit/persistence/test_zake_persistence.py
taskflow/tests/unit/persistence/test_zk_persistence.py
taskflow/tests/unit/sql_db_api/__init__.py
taskflow/tests/unit/sql_db_api/test_flowdetail_api.py
taskflow/tests/unit/sql_db_api/test_logbook_api.py
taskflow/tests/unit/sql_db_api/test_taskdetail_api.py
taskflow/tests/unit/test_action_engine_compile.py
taskflow/tests/unit/test_action_engine.py
taskflow/tests/unit/test_arguments_passing.py
taskflow/tests/unit/test_check_transition.py
taskflow/tests/unit/test_db_api.py
taskflow/tests/unit/test_decorators.py
taskflow/tests/unit/test_duration.py
taskflow/tests/unit/test_engine_helpers.py
taskflow/tests/unit/test_flattening.py
taskflow/tests/unit/test_flow_dependencies.py
taskflow/tests/unit/test_functor_task.py
taskflow/tests/unit/test_graph_flow.py
taskflow/tests/unit/test_graph_workflow.py
taskflow/tests/unit/test_green_executor.py
taskflow/tests/unit/test_linear_flow.py
taskflow/tests/unit/test_linear_workflow.py
taskflow/tests/unit/test_memory.py
taskflow/tests/unit/.test_memory.py.swp
taskflow/tests/unit/test_progress.py
taskflow/tests/unit/test_retries.py
taskflow/tests/unit/test_sql_db_api.py
taskflow/tests/unit/test_storage.py
taskflow/tests/unit/test_suspend_flow.py
taskflow/tests/unit/test_task.py
taskflow/tests/unit/test_threaded_flow.py
taskflow/tests/unit/test_types.py
taskflow/tests/unit/test_unordered_flow.py
taskflow/tests/unit/test_utils_async_utils.py
taskflow/tests/unit/test_utils_binary.py
taskflow/tests/unit/test_utils_failure.py
taskflow/tests/unit/test_utils_lock_utils.py
taskflow/tests/unit/test_utils.py
taskflow/tests/unit/worker_based/__init__.py
taskflow/tests/unit/worker_based/test_dispatcher.py
taskflow/tests/unit/worker_based/test_endpoint.py
taskflow/tests/unit/worker_based/test_engine.py
taskflow/tests/unit/worker_based/test_executor.py
taskflow/tests/unit/worker_based/test_message_pump.py
taskflow/tests/unit/worker_based/test_pipeline.py
taskflow/tests/unit/worker_based/test_protocol.py
taskflow/tests/unit/worker_based/test_proxy.py
taskflow/tests/unit/worker_based/test_remote_task.py
taskflow/tests/unit/worker_based/test_server.py
taskflow/tests/unit/worker_based/test_worker.py
taskflow/tests/utils.py
taskflow/types/cache.py
taskflow/types/graph.py
taskflow/types/__init__.py
taskflow/types/latch.py
taskflow/types/time.py
taskflow/types/timing.py
taskflow/types/tree.py
taskflow/utils/async_utils.py
taskflow/utils/eventlet_utils.py
taskflow/utils/flow_utils.py
taskflow/utils/graph_utils.py
taskflow/utils/__init__.py
taskflow/utils/kazoo_utils.py
taskflow/utils/lock_utils.py
taskflow/utils/misc.py
taskflow/utils/persistence_utils.py
taskflow/utils.py
taskflow/utils.pyc
taskflow/utils/reflection.py
taskflow/utils/threading_utils.py
taskflow/version.py
taskflow/wrappers.py
test-2.x-requirements.txt
.testr.conf
test-requirements.txt
tools/check_doc.py
tools/clear_zk.py
tools/generate_states.sh
tools/install_venv_common.py
tools/install_venv.py
tools/pip-requires
tools/run_cross_tests.sh
tools/state_graph.py
tools/test-requires
tools/toxgen.py
tools/with_venv.sh
tox.ini
tox-tmpl.ini
update.py
