etc/nova/nova.conf.sample
etc/nova/solver_scheduler_conf.sample
installation/install
installation/install.sh
installation/uninstall
installation/uninstall.sh
install_manager
LICENSE
nova/scheduler/driver.py
nova/scheduler/filter_scheduler.py
nova/scheduler/filters/core_filter.py
nova/scheduler/host_manager.py
nova/scheduler/manager.py
nova/scheduler/solver_scheduler.py
nova/scheduler/solvers/costs/__init__.py
nova/scheduler/solvers/costs/ip_distance_cost.py
nova/scheduler/solvers/costs/ram_cost.py
nova/scheduler/solvers/costs/volume_affinity_cost.py
nova/scheduler/solvers/hosts_ortools_linear_solver.py
nova/scheduler/solvers/hosts_pulp_solver.py
nova/scheduler/solvers/hosts_pulp_solver_v2.py
nova/scheduler/solvers/__init__.py
nova/scheduler/solvers/linearconstraints/active_host_constraint.py
nova/scheduler/solvers/linearconstraints/affinity_constraint.py
nova/scheduler/solvers/linearconstraints/all_hosts_constraint.py
nova/scheduler/solvers/linearconstraints/availability_zone_constraint.py
nova/scheduler/solvers/linearconstraints/different_host_constraint.py
nova/scheduler/solvers/linearconstraints/__init__.py
nova/scheduler/solvers/linearconstraints/io_ops_constraint.py
nova/scheduler/solvers/linearconstraints/max_disk_allocation_constraint.py
nova/scheduler/solvers/linearconstraints/max_instances_per_host_constraint.py
nova/scheduler/solvers/linearconstraints/max_ram_allocation_constraint.py
nova/scheduler/solvers/linearconstraints/max_vcpu_allocation_constraint.py
nova/scheduler/solvers/linearconstraints/non_trivial_solution_constraint.py
nova/scheduler/solvers/linearconstraints/num_hosts_per_instance_constraint.py
nova/scheduler/solvers/linearconstraints/num_instances_per_host_constraint.py
nova/scheduler/solvers/linearconstraints/resource_allocation_constraint.py
nova/scheduler/solvers/linearconstraints/same_host_constraint.py
nova/scheduler/solvers/pluggable_hosts_pulp_solver.py
nova/tests/scheduler/fakes.py
nova/tests/scheduler/solvers/__init__.py
nova/tests/scheduler/solvers/test_active_host_constraint.py
nova/tests/scheduler/solvers/test_allocation_constraints.py
nova/tests/scheduler/solvers/test_availability_zone_constraint.py
nova/tests/scheduler/solvers/test_costs.py
nova/tests/scheduler/solvers/test_io_ops_constraint.py
nova/tests/scheduler/solvers/test_linearconstraints.py
nova/tests/scheduler/solvers/test_max_instances_per_host_constraint.py
nova/tests/scheduler/solvers/test_non_trivial_solution_constraint.py
nova/tests/scheduler/solvers/test_volume_affinity_cost.py
nova/tests/scheduler/test_host_manager.py
nova/tests/scheduler/test_solver_scheduler.py
nova/volume/cinder.py
README.md
requirements.txt
solver-scheduler
solver_scheduler.rst
