AUTHORS
cloudservers/backup_schedules.py
cloudservers/base.py
cloudservers/client.py
cloudservers/exceptions.py
cloudservers/flavors.py
cloudservers/images.py
cloudservers/__init__.py
cloudservers/ipgroups.py
cloudservers/servers.py
cloudservers/shell.py
CONTRIBUTING.rst
.coveragerc
docs/api.rst
docs/conf.py
docs/index.rst
doc/source/api.rst
doc/source/conf.py
doc/source/index.rst
doc/source/man/nova.rst
doc/source/ref/backup_schedules.rst
doc/source/ref/exceptions.rst
doc/source/ref/flavors.rst
doc/source/ref/images.rst
doc/source/ref/index.rst
doc/source/ref/ipgroups.rst
doc/source/ref/servers.rst
doc/source/releases.rst
doc/source/shell.rst
docs/ref/backup_schedules.rst
docs/ref/exceptions.rst
docs/ref/flavors.rst
docs/ref/images.rst
docs/ref/index.rst
docs/ref/ipgroups.rst
docs/ref/servers.rst
docs/releases.rst
docs/shell.rst
HACKING
HACKING.rst
LICENSE
MANIFEST.in
novaclient/accounts.py
novaclient/auth_plugin.py
novaclient/backup_schedules.py
novaclient/base.py
novaclient/client.py
novaclient/crypto.py
novaclient/exceptions.py
novaclient/extension.py
novaclient/flavors.py
novaclient/images.py
novaclient/__init__.py
novaclient/ipgroups.py
novaclient/keystone/client.py
novaclient/keystone/__init__.py
novaclient/keystone/shell.py
novaclient/keystone/tenants.py
novaclient/keystone/users.py
novaclient/openstack/common/apiclient/auth.py
novaclient/openstack/common/apiclient/base.py
novaclient/openstack/common/apiclient/client.py
novaclient/openstack/common/apiclient/exceptions.py
novaclient/openstack/common/apiclient/fake_client.py
novaclient/openstack/common/apiclient/__init__.py
novaclient/openstack/common/cliutils.py
novaclient/openstack/common/gettextutils.py
novaclient/openstack/common/importutils.py
novaclient/openstack/common/__init__.py
novaclient/openstack/common/jsonutils.py
novaclient/openstack/common/network_utils.py
novaclient/openstack/common/py3kcompat/__init__.py
novaclient/openstack/common/py3kcompat/urlutils.py
novaclient/openstack/common/setup.py
novaclient/openstack/common/strutils.py
novaclient/openstack/common/timeutils.py
novaclient/openstack/common/uuidutils.py
novaclient/openstack/common/version.py
novaclient/openstack/__init__.py
novaclient/servers.py
novaclient/service_catalog.py
novaclient/shell.py
novaclient/tests/fakes.py
novaclient/tests/fixture_data/agents.py
novaclient/tests/fixture_data/aggregates.py
novaclient/tests/fixture_data/availability_zones.py
novaclient/tests/fixture_data/base.py
novaclient/tests/fixture_data/certs.py
novaclient/tests/fixture_data/client.py
novaclient/tests/fixture_data/cloudpipe.py
novaclient/tests/fixture_data/fixedips.py
novaclient/tests/fixture_data/floatingips.py
novaclient/tests/fixture_data/fping.py
novaclient/tests/fixture_data/hosts.py
novaclient/tests/fixture_data/hypervisors.py
novaclient/tests/fixture_data/images.py
novaclient/tests/fixture_data/__init__.py
novaclient/tests/fixture_data/keypairs.py
novaclient/tests/fixture_data/limits.py
novaclient/tests/fixture_data/networks.py
novaclient/tests/fixture_data/quotas.py
novaclient/tests/fixture_data/security_group_rules.py
novaclient/tests/fixture_data/security_groups.py
novaclient/tests/fixture_data/server_groups.py
novaclient/tests/fixture_data/servers.py
novaclient/tests/idfake.pem
novaclient/tests/__init__.py
novaclient/tests/test_auth_plugins.py
novaclient/tests/test_base.py
novaclient/tests/test_client.py
novaclient/tests/test_discover.py
novaclient/tests/test_http.py
novaclient/tests/test_service_catalog.py
novaclient/tests/test_shell.py
novaclient/tests/test_utils.py
novaclient/tests/utils.py
novaclient/tests/v1_1/contrib/fakes.py
novaclient/tests/v1_1/contrib/__init__.py
novaclient/tests/v1_1/contrib/test_assisted_volume_snapshots.py
novaclient/tests/v1_1/contrib/test_baremetal.py
novaclient/tests/v1_1/contrib/test_cells.py
novaclient/tests/v1_1/contrib/test_instance_actions.py
novaclient/tests/v1_1/contrib/test_list_extensions.py
novaclient/tests/v1_1/contrib/test_migrations.py
novaclient/tests/v1_1/contrib/test_server_external_events.py
novaclient/tests/v1_1/contrib/test_tenant_networks.py
novaclient/tests/v1_1/fakes.py
novaclient/tests/v1_1/__init__.py
novaclient/tests/v1_1/test_agents.py
novaclient/tests/v1_1/test_aggregates.py
novaclient/tests/v1_1/test_auth.py
novaclient/tests/v1_1/test_availability_zone.py
novaclient/tests/v1_1/test_certs.py
novaclient/tests/v1_1/test_cloudpipe.py
novaclient/tests/v1_1/test_coverage_ext.py
novaclient/tests/v1_1/testfile.txt
novaclient/tests/v1_1/test_fixed_ips.py
novaclient/tests/v1_1/test_flavor_access.py
novaclient/tests/v1_1/test_flavors.py
novaclient/tests/v1_1/test_floating_ip_dns.py
novaclient/tests/v1_1/test_floating_ip_pools.py
novaclient/tests/v1_1/test_floating_ips_bulk.py
novaclient/tests/v1_1/test_floating_ips.py
novaclient/tests/v1_1/test_fping.py
novaclient/tests/v1_1/test_hosts.py
novaclient/tests/v1_1/test_hypervisors.py
novaclient/tests/v1_1/test_images.py
novaclient/tests/v1_1/test_keypairs.py
novaclient/tests/v1_1/test_limits.py
novaclient/tests/v1_1/test_networks.py
novaclient/tests/v1_1/test_quota_classes.py
novaclient/tests/v1_1/test_quotas.py
novaclient/tests/v1_1/test_security_group_rules.py
novaclient/tests/v1_1/test_security_groups.py
novaclient/tests/v1_1/test_server_groups.py
novaclient/tests/v1_1/test_servers.py
novaclient/tests/v1_1/test_services.py
novaclient/tests/v1_1/test_shell.py
novaclient/tests/v1_1/test_usage.py
novaclient/tests/v1_1/test_volumes.py
novaclient/tests/v1_1/utils.py
novaclient/tests/v3/fakes.py
novaclient/tests/v3/__init__.py
novaclient/tests/v3/test_agents.py
novaclient/tests/v3/test_aggregates.py
novaclient/tests/v3/test_availability_zone.py
novaclient/tests/v3/test_certs.py
novaclient/tests/v3/test_flavor_access.py
novaclient/tests/v3/test_flavors.py
novaclient/tests/v3/test_hosts.py
novaclient/tests/v3/test_hypervisors.py
novaclient/tests/v3/test_images.py
novaclient/tests/v3/test_keypairs.py
novaclient/tests/v3/test_list_extensions.py
novaclient/tests/v3/test_quota_classes.py
novaclient/tests/v3/test_quotas.py
novaclient/tests/v3/test_servers.py
novaclient/tests/v3/test_services.py
novaclient/tests/v3/test_shell.py
novaclient/tests/v3/test_usage.py
novaclient/tests/v3/test_volumes.py
novaclient/utils.py
novaclient/v1_0/accounts.py
novaclient/v1_0/backup_schedules.py
novaclient/v1_0/base.py
novaclient/v1_0/client.py
novaclient/v1_0/exceptions.py
novaclient/v1_0/flavors.py
novaclient/v1_0/images.py
novaclient/v1_0/__init__.py
novaclient/v1_0/ipgroups.py
novaclient/v1_0/servers.py
novaclient/v1_0/shell.py
novaclient/v1_0/zones.py
novaclient/v1_1/agents.py
novaclient/v1_1/aggregates.py
novaclient/v1_1/availability_zones.py
novaclient/v1_1/base.py
novaclient/v1_1/certs.py
novaclient/v1_1/client.py
novaclient/v1_1/cloudpipe.py
novaclient/v1_1/contrib/assisted_volume_snapshots.py
novaclient/v1_1/contrib/baremetal.py
novaclient/v1_1/contrib/cells.py
novaclient/v1_1/contrib/deferred_delete.py
novaclient/v1_1/contrib/host_evacuate.py
novaclient/v1_1/contrib/host_servers_migrate.py
novaclient/v1_1/contrib/__init__.py
novaclient/v1_1/contrib/instance_action.py
novaclient/v1_1/contrib/list_extensions.py
novaclient/v1_1/contrib/metadata_extensions.py
novaclient/v1_1/contrib/migrations.py
novaclient/v1_1/contrib/server_external_events.py
novaclient/v1_1/contrib/tenant_networks.py
novaclient/v1_1/coverage_ext.py
novaclient/v1_1/exceptions.py
novaclient/v1_1/fixed_ips.py
novaclient/v1_1/flavor_access.py
novaclient/v1_1/flavors.py
novaclient/v1_1/floating_ip_dns.py
novaclient/v1_1/floating_ip_pools.py
novaclient/v1_1/floating_ips_bulk.py
novaclient/v1_1/floating_ips.py
novaclient/v1_1/fping.py
novaclient/v1_1/hosts.py
novaclient/v1_1/hypervisors.py
novaclient/v1_1/images.py
novaclient/v1_1/__init__.py
novaclient/v1_1/keypairs.py
novaclient/v1_1/limits.py
novaclient/v1_1/networks.py
novaclient/v1_1/quota_classes.py
novaclient/v1_1/quotas.py
novaclient/v1_1/security_group_rules.py
novaclient/v1_1/security_groups.py
novaclient/v1_1/server_groups.py
novaclient/v1_1/servers.py
novaclient/v1_1/services.py
novaclient/v1_1/shell.py
novaclient/v1_1/usage.py
novaclient/v1_1/versions.py
novaclient/v1_1/virtual_interfaces.py
novaclient/v1_1/volume_snapshots.py
novaclient/v1_1/volumes.py
novaclient/v1_1/volume_types.py
novaclient/v1_1/zones.py
novaclient/v3/agents.py
novaclient/v3/aggregates.py
novaclient/v3/availability_zones.py
novaclient/v3/certs.py
novaclient/v3/client.py
novaclient/v3/flavor_access.py
novaclient/v3/flavors.py
novaclient/v3/hosts.py
novaclient/v3/hypervisors.py
novaclient/v3/images.py
novaclient/v3/__init__.py
novaclient/v3/keypairs.py
novaclient/v3/list_extensions.py
novaclient/v3/quota_classes.py
novaclient/v3/quotas.py
novaclient/v3/servers.py
novaclient/v3/services.py
novaclient/v3/shell.py
novaclient/v3/usage.py
novaclient/v3/volumes.py
novaclient/zones.py
novatools/backup_schedules.py
novatools/base.py
novatools/client.py
novatools/exceptions.py
novatools/flavors.py
novatools/images.py
novatools/__init__.py
novatools/ipgroups.py
novatools/servers.py
novatools/shell.py
novatools/zones.py
openstack-common.conf
README.rst
requirements.txt
run_tests.sh
setup.cfg
setup.py
.testr.conf
test-requirements.txt
tests/fakeserver.py
tests/fakes.py
tests/__init__.py
tests/test_accounts.py
tests/test_auth_plugins.py
tests/test_auth.py
tests/test_backup_schedules.py
tests/test_base.py
tests/test_client.py
tests/test_discover.py
tests/testfile.txt
tests/test_flavors.py
tests/test_http.py
tests/test_images.py
tests/test_ipgroups.py
tests/test_servers.py
tests/test_service_catalog.py
tests/test_shell.py
tests/test_utils.py
tests/test_zones.py
tests/utils.py
tests/v1_0/fakes.py
tests/v1_0/__init__.py
tests/v1_0/test_accounts.py
tests/v1_0/test_auth.py
tests/v1_0/test_backup_schedules.py
tests/v1_0/test_base.py
tests/v1_0/test_client.py
tests/v1_0/testfile.txt
tests/v1_0/test_flavors.py
tests/v1_0/test_images.py
tests/v1_0/test_ipgroups.py
tests/v1_0/test_servers.py
tests/v1_0/test_shell.py
tests/v1_0/test_zones.py
tests/v1_0/utils.py
tests/v1_1/contrib/fakes.py
tests/v1_1/contrib/__init__.py
tests/v1_1/contrib/test_baremetal.py
tests/v1_1/contrib/test_instance_actions.py
tests/v1_1/contrib/test_list_extensions.py
tests/v1_1/contrib/test_tenant_networks.py
tests/v1_1/fakes.py
tests/v1_1/__init__.py
tests/v1_1/test_agents.py
tests/v1_1/test_aggregates.py
tests/v1_1/test_auth.py
tests/v1_1/test_availability_zone.py
tests/v1_1/test_base.py
tests/v1_1/test_certs.py
tests/v1_1/test_client.py
tests/v1_1/test_cloudpipe.py
tests/v1_1/test_coverage_ext.py
tests/v1_1/testfile.txt
tests/v1_1/test_fixed_ips.py
tests/v1_1/test_flavor_access.py
tests/v1_1/test_flavors.py
tests/v1_1/test_floating_ip_dns.py
tests/v1_1/test_floating_ip_pools.py
tests/v1_1/test_floating_ips_bulk.py
tests/v1_1/test_floating_ips.py
tests/v1_1/test_fping.py
tests/v1_1/test_hosts.py
tests/v1_1/test_hypervisors.py
tests/v1_1/test_images.py
tests/v1_1/test_keypairs.py
tests/v1_1/test_limits.py
tests/v1_1/test_networks.py
tests/v1_1/test_quota_classes.py
tests/v1_1/test_quotas.py
tests/v1_1/test_security_group_rules.py
tests/v1_1/test_security_groups.py
tests/v1_1/test_servers.py
tests/v1_1/test_services.py
tests/v1_1/test_shell.py
tests/v1_1/test_usage.py
tests/v1_1/test_zones.py
tests/v1_1/utils.py
tools/generate_authors.sh
tools/install_venv_common.py
tools/install_venv.py
tools/nova.bash_completion
tools/nova.zsh_completion
tools/pip-requires
tools/rfc.sh
tools/test-requires
tools/with_venv.sh
tox.ini
