baremetal-mkinitrd.sh
bin/dib-lint
bin/dib-run-parts
bin/diskimage_builder
bin/disk-image-create
bin/disk-image-get-kernel
bin/element-info
bin/ramdisk-image-create
diskimage_builder/element_dependencies.py
diskimage_builder/elements.py
diskimage_builder/__init__.py
diskimage_builder/test_elementdeps.py
diskimage_builder/test_elements.py
diskimage_builder/tests/__init__.py
diskimage_builder/tests/test_elementdeps.py
diskimage_builder/tests/test_elements.py
diskimage_builder/tests/test_no_dup_filenames.py
docs/ci.md
docs/docker.md
elements/apt-conf/extra-data.d/99-override-default-apt-conf
elements/apt-preferences/extra-data.d/99-set-apt-package-pins
elements/apt-sources/extra-data.d/99-override-default-apt-sources
elements/baremetal/cleanup.d/99-extract-kernel-and-ramdisk
elements/baremetal/install.d/02-stable-interface-names
elements/base/bin/dib-run-parts
elements/base/bin/install-packages
elements/base/cleanup.d/01-ccache
elements/base/cleanup.d/99-tidy-logs
elements/base/dib-first-boot
elements/base/dib-init-system
elements/base/element-deps
elements/base/environment.d/10-ccache.bash
elements/base/environment.d/10-dib-init-system.bash
elements/base/environment.d/10-SYSTEMD_SYSTEM_UNIT_DIR.bash
elements/base/extra-data.d/50-store-build-settings
elements/base/extra-data.d/99-enable-install-types
elements/base/finalise.d/01-install-dib-first-boot
elements/base/finalise.d/02-remove-ccache
elements/base/finalise.d/52-force-text-mode-console
elements/base/install.d/00-baseline-environment
elements/base/install.d/00-ccache
elements/base/install.d/05-force-text-mode-console
elements/base/install.d/10-cloud-init
elements/base/install.d/50-store-build-settings
elements/base/install.d/99-dkms
elements/base/install.d/99-up-to-date
elements/base/pkg-map
elements/base/post-install.d/99-dkms
elements/base/pre-install.d/00-baseline-tools
elements/base/pre-install.d/00-disable-apt-recommends
elements/base/pre-install.d/01-baseline-tools
elements/base/pre-install.d/01-install-bin
elements/base/pre-install.d/02-baseline-tools
elements/base/pre-install.d/03-baseline-tools
elements/base/pre-install.d/04-dib-init-system
elements/base/pre-install.d/99-apt-get-update
elements/base/root.d/01-ccache
elements/cache-url/bin/cache-url
elements/centos7/element-deps
elements/centos7/element-provides
elements/centos7/environment.d/10-centos7-distro-name.bash
elements/centos7/install.d/00-install-cloud-init
elements/centos7/pre-install.d/06-yum-repos
elements/centos7/root.d/10-centos7-cloud-image
elements/centos7/source-repository-centos7
elements/cinder-config/config/etc/cinder/api-paste.ini
elements/cinder-config/config/etc/cinder/cinder.conf
elements/cinder-config/config/etc/cinder/policy.json
elements/cinder-config/config/etc/cinder/rootwrap.conf
elements/cinder-config/config/etc/cinder/rootwrap.d/volume.filters
elements/cinder-config/config/etc/default/iscsitarget
elements/cinder-config/element-deps
elements/cinder-config/install.d/01-cinder-config
elements/cinder/element-deps
elements/cinder/install.d/72-cinder
elements/cinder/migration
elements/cinder/os-refresh-config/migration.d/72-cinder-resize-volume-groups
elements/cinder/os-refresh-config/post-configure.d/72-cinder
elements/cinder/os-refresh-config/pre-configure.d/72-cinder
elements/cinder/post-configure
elements/cinder/pre-configure
elements/cleanup-kernel-initrd/cleanup.d/99-cleanup-kernel-initrd
elements/cloud-init-datasources/install.d/05-set-cloud-init-sources
elements/cloud-init-nocloud/element-deps
elements/cloud-init-nocloud/environment.d/10-cloud-init-nocloud.bash
elements/cloud-init-nocloud/install.d/05-inject-local-source-data
elements/cloud-init-nocloud/install.d/05-set-cloud-init-sources
elements/config-applier/element-deps
elements/config-applier/install.d/20-config-applier
elements/config-applier/install.d/config-applier.upstart
elements/config-applier/source-repository-config-applier
elements/debian/bin/map-services
elements/debian/element-deps
elements/debian/element-provides
elements/debian/environment.d/10-debian-distro-name.bash
elements/debian/root.d/08-debootstrap
elements/debian-systemd/element-deps
elements/debian-systemd/root.d/05-debian-systemd
elements/debian-upstart/element-deps
elements/debian-upstart/root.d/05-debian-upstart
elements/debian-upstart/root.d/20-debian-fix-upstart-jobs
elements/debian-upstart/root.d/99-cleanup-debian-upstart
elements/deploy-baremetal/binary-deps.d/deploy
elements/deploy-baremetal/element-provides
elements/deploy-baremetal/init.d/80-deploy
elements/deploy-baremetal/install.d/51-deploy-baremetal-install-tgt
elements/deploy-baremetal/install.d/51-install-tgt
elements/deploy-baremetal/install.d/52-deploy-baremetal-install-busybox
elements/deploy-baremetal/install.d/52-install-busybox
elements/deploy/binary-deps
elements/deploy/binary-deps.d/deploy
elements/deploy/element-deps
elements/deploy/init
elements/deploy/init.d/80-deploy
elements/deploy/init.d/deploy
elements/deploy/install.d/51-install-tgt
elements/deploy/install.d/52-install-busybox
elements/deploy-ironic/binary-deps.d/deploy-ironic
elements/deploy-ironic/element-provides
elements/deploy-ironic/init.d/80-deploy-ironic
elements/deploy-ironic/install.d/51-deploy-ironic-install-tgt
elements/deploy-ironic/install.d/51-install-tgt
elements/deploy-ironic/install.d/52-deploy-ironic-install-busybox
elements/deploy-ironic/install.d/52-install-busybox
elements/deploy-ironic/install.d/53-install-curl
elements/deploy-kexec/binary-deps.d/deploy-kexec
elements/deploy-kexec/element-deps
elements/deploy-kexec/init.d/81-deploy-kexec
elements/deploy-kexec/init.d/zdeploy-kexec
elements/deploy-kexec/install.d/53-install-kexec
elements/deploy/root.d/50-redhat-prepare-fs
elements/devstack/block-device-size.d/10-size
elements/devstack/element-deps
elements/devstack/install.d/50-user
elements/devstack/install.d/51-grub
elements/devstack/install.d/52-image-toolchain
elements/devstack/install.d/53-devstack
elements/devstack/install.d/97-haveged
elements/devstack/install.d/98-baremetal-network
elements/devstack/install.d/99-ssh
elements/dhcp-all-interfaces/install.d/50-dhcp-all-interfaces
elements/dhcp-all-interfaces/install.d/60-remove-cloud-image-interfaces
elements/dhcp-all-interfaces/install.d/dhcp-all-interfaces.conf
elements/dhcp-all-interfaces/install.d/dhcp-all-interfaces.init
elements/dhcp-all-interfaces/install.d/dhcp-all-interfaces.service
elements/dhcp-all-interfaces/install.d/dhcp-all-interfaces.sh
elements/dhcp-all-interfaces/install.d/dhcp-all-interfaces-udev.rules
elements/dhcp-all-interfaces/install.d/dhcp-interface@.service
elements/dhcp-all-interfaces/install.d/generate-interfaces-file.sh
elements/dhcp-all-interfaces/install.d/udev.rules
elements/dib-run-parts/bin/dib-run-parts
elements/dib-run-parts/root.d/90-base-dib-run-parts
elements/dib-run-parts/root.d/dib-run-parts
elements/disable-selinux/post-install.d/15-disable-selinux
elements/dkms/post-install.d/99-dkms
elements/dpkg/bin/install-packages
elements/dpkg/cleanup.d/01-copy-dpkg-manifest
elements/dpkg/cleanup.d/40-unblock-daemons
elements/dpkg/cleanup.d/50-remove-img-build-proxy
elements/dpkg/cleanup.d/99-clean-up-cache
elements/dpkg/element-deps
elements/dpkg/extra-data.d/01-copy-apt-keys
elements/dpkg/post-install.d/99-clean-up-cache
elements/dpkg/post-install.d/99-write-dpkg-manifest
elements/dpkg/pre-install.d/00-disable-apt-recommends
elements/dpkg/pre-install.d/01-dpkg-install-bin
elements/dpkg/pre-install.d/01-install-bin
elements/dpkg/pre-install.d/02-add-apt-keys
elements/dpkg/pre-install.d/99-apt-get-update
elements/dpkg/root.d/50-build-with-http-cache
elements/dpkg/root.d/60-block-apt-translations
elements/dpkg/root.d/99-block-daemons
elements/dpkg/root.d/99-shared_apt_cache
elements/dracut-network/dracut-029-netgen.patch
elements/dracut-network/dracut-write-ifcfg.patch
elements/dracut-network/element-deps
elements/dracut-network/finalise.d/98-regenerate-initramfs
elements/dracut-network/install.d/10-install-dracut-network
elements/dracut-network/install.d/11-patch-dracut
elements/enable-serial-console/cleanup.d/99-fix-grub
elements/enable-serial-console/install.d/20-stty
elements/enable-serial-console/install.d/serial-console-udev.rules
elements/enable-serial-console/install.d/ttySx.conf
elements/fedora/bin/install-packages
elements/fedora/bin/map-packages
elements/fedora/bin/map-services
elements/fedora/element-deps
elements/fedora/element-provides
elements/fedora/environment.d/10-fedora-distro-name.bash
elements/fedora/finalise.d/01-clean-old-kernels.sh
elements/fedora/finalise.d/11-selinux-autorelabel
elements/fedora/finalise.d/11-selinux-fixfiles-restore
elements/fedora/finalise.d/99-cleanup-tmp-grub
elements/fedora/finalise.d/99-setup-first-boot
elements/fedora/install.d/00-fedora-fixup-audit
elements/fedora/install.d/00-fedora-fixup-openssl
elements/fedora/install.d/00-fedora-fixup-pyopenssl
elements/fedora/install.d/00-fedora-fixup-vim
elements/fedora/install.d/00-lsb
elements/fedora/install.d/01-install-deps
elements/fedora/install.d/01-rc-local
elements/fedora/post-install.d/05-fstab-rootfs-label
elements/fedora/post-install.d/06-network-config-nonzeroconf
elements/fedora/pre-install.d/00-allow-root-sudo
elements/fedora/pre-install.d/00-usr-local-bin-secure-path
elements/fedora/pre-install.d/01-install-bin
elements/fedora/pre-install.d/01-override-yum-arch
elements/fedora/pre-install.d/01-set-fedora-mirror
elements/fedora/pre-install.d/02-lsb
elements/fedora/pre-install.d/15-fedora-fixup-grub-cfg
elements/fedora/pre-install.d/15-fedora-remove-grub
elements/fedora/root.d/10-fedora-cloud-image
elements/fedora/source-repository-fedora
elements/glance-api/element-deps
elements/glance-api/first-boot.d/05-glance-api
elements/glance-api/first-boot.d/etc_init_glance-api.conf
elements/glance-api/install.d/05-glance-api
elements/glance/element-deps
elements/glance/install.d/75-glance
elements/glance/os-config-applier/etc/glance/glance-api.conf
elements/glance/os-config-applier/etc/glance/glance-api-paste.ini
elements/glance/os-config-applier/etc/glance/glance-cache.conf
elements/glance/os-config-applier/etc/glance/glance-registry.conf
elements/glance/os-config-applier/etc/glance/glance-registry-paste.ini
elements/glance/os-config-applier/etc/glance/glance-scrubber.conf
elements/glance/os-config-applier/etc/glance/logging.conf
elements/glance/os-config-applier/etc/glance/policy.json
elements/glance/os-config-applier/etc/glance/schema-image.json
elements/glance/os-refresh-config/post-configure.d/75-glance
elements/heat-cfntools/element-deps
elements/heat-cfntools/install.d/05-heat-cfntools
elements/heat-cfntools/install.d/10-ec2-user
elements/heat-cfntools/os-config-applier/etc/cfn/cfn-credentials
elements/heat-cfntools/os-config-applier/etc/cfn/cfn-hup.conf
elements/heat-cfntools/os-config-applier/etc/cfn/hooks.conf
elements/heat-jeos/install.d/05-heat-jeos
elements/heat-jeos/install.d/10-ec2-user
elements/hwburnin/binary-deps
elements/hwburnin/binary-deps.d/hwburnin
elements/hwburnin/init
elements/hwburnin/init.d/70-hwburnin
elements/hwburnin/init.d/hwburnin
elements/hwdiscovery/binary-deps
elements/hwdiscovery/binary-deps.d/hwdiscovery
elements/hwdiscovery/init
elements/hwdiscovery/init.d/60-hwdiscovery
elements/hwdiscovery/init.d/hwdiscovery
elements/hwdiscovery/install.d/10-hwinfo
elements/icinga-core/install.d/05-icinga-core
elements/icinga-web/install.d/06-icinga-web
elements/jenkins/first-boot.d/10-jenkins
elements/jenkins/install.d/10-jenkins
elements/jenkins/install.d/11-jenkins-plugins
elements/jenkins/install.d/defaults
elements/jenkins/pre-install.d/10-jenkins
elements/keystone-config/element-deps
elements/keystone-config/os-config-applier/etc/keystone/keystone.conf
elements/keystone-config/os-config-applier/etc/keystone/logging.conf
elements/keystone-config/os-config-applier/etc/keystone/policy.json
elements/keystone/element-deps
elements/keystone/first-boot.d/05-keystone
elements/keystone/first-boot.d/etc_init_keystone.conf
elements/keystone/install.d/05-keystone
elements/keystone/install.d/70-keystone
elements/keystone/os-config-applier/etc/keystone/keystone.conf
elements/keystone/os-config-applier/etc/keystone/logging.conf
elements/keystone/os-config-applier/etc/keystone/policy.json
elements/keystone/post-configure
elements/local-config/extra-data.d/62-ssh-key
elements/local-config/install.d/61-http-proxy
elements/local-config/install.d/62-ssh-key
elements/local-config/pre-install.d/02-proxy-settings
elements/manifests/cleanup.d/01-copy-manifests-dir
elements/manifests/environment.d/15-manifests
elements/manifests/extra-data.d/20-manifest-dir
elements/mellanox/init
elements/mellanox/init.d/01-mellanox
elements/mellanox/init.d/05-mellanox
elements/mellanox/init.d/mellanox
elements/mellanox/install.d/65-mellanox
elements/mellanox/install.d/mellanox.modprobe
elements/mellanox/install.d/mellanox-rules.udev
elements/mellanox/udev/81-mellanox-drivers.rules
elements/mellanox/udev.d/81-mellanox-drivers.rules
elements/modprobe-blacklist/install.d/80-modprobe-blacklist
elements/mysql/element-deps
elements/mysql/first-boot.d/05-ipforwarding
elements/mysql/first-boot.d/10-ntp
elements/mysql/first-boot.d/50-mysql
elements/mysql/first-boot.d/defaults
elements/mysql/first-boot.d/my.cnf
elements/mysql/install.d/10-mysql
elements/mysql/install.d/50-user
elements/mysql/install.d/97-haveged
elements/mysql/install.d/99-clean-apt
elements/mysql/install.d/my.cnf
elements/mysql/install.d/mysql-set-server-id.upstart
elements/mysql-migration/element-deps
elements/mysql-migration/os-config-applier/etc/mysql/migration_default
elements/mysql-migration/os-config-applier/root/metadata.my.cnf
elements/mysql-migration/os-refresh-config/migration.d/10-bootstrap-mysql
elements/mysql/os-config-applier/etc/mysql/dbusers.json
elements/mysql/os-config-applier/etc/mysql/static-dbusers.json
elements/mysql/os-refresh-config/post-configure.d/50-mysql-users
elements/mysql/pre-install.d/50-percona-server
elements/nova-api/element-deps
elements/nova-api/install.d/05-nova-api
elements/nova-api/upstart/nova-api.conf
elements/nova/element-deps
elements/nova/install.d/74-nova
elements/nova/os-config-applier/etc/nova/api-paste.ini
elements/nova/os-config-applier/etc/nova/logging.conf
elements/nova/os-config-applier/etc/nova/nova.conf
elements/nova/os-config-applier/etc/nova/rootwrap.conf
elements/nova/os-config-applier/etc/nova/rootwrap.d/api-metadata.filters
elements/nova/os-config-applier/etc/nova/rootwrap.d/baremetal-compute-ipmi.filters
elements/nova/os-config-applier/etc/nova/rootwrap.d/baremetal-deploy-helper.filters
elements/nova/os-config-applier/etc/nova/rootwrap.d/compute.filters
elements/nova/os-config-applier/etc/nova/rootwrap.d/network.filters
elements/nova/os-refresh-config/post-configure.d/74-nova
elements/nova-vm/first-boot.d/05-ipforwarding
elements/nova-vm/first-boot.d/10-ntp
elements/nova-vm/first-boot.d/15-mysql
elements/nova-vm/first-boot.d/20-rabbitmq
elements/nova-vm/first-boot.d/30-keystone
elements/nova-vm/first-boot.d/31-keystone-data
elements/nova-vm/first-boot.d/32-keystone-endpoints
elements/nova-vm/first-boot.d/40-glance
elements/nova-vm/first-boot.d/50-nova
elements/nova-vm/first-boot.d/defaults
elements/nova-vm/install.d/05-controller-code-deps
elements/nova-vm/install.d/10-controller-openstack-deps
elements/nova-vm/install.d/20-dkms-iscsi
elements/nova-vm/install.d/99-clean-apt
elements/openstack-all/element-deps
elements/openstack-db/element-deps
elements/openstack-db/first-boot.d/50-openstack-db
elements/openstack-db/install.d/50-openstack-db
elements/opensuse/bin/install-packages
elements/opensuse/bin/map-packages
elements/opensuse/bin/map-services
elements/opensuse/element-deps
elements/opensuse/element-provides
elements/opensuse/environment.d/10-opensuse-distro-name.bash
elements/opensuse/extra-data.d/01-inject-defaults
elements/opensuse/install.d/00-opensuse-setup-installs
elements/opensuse/install.d/01-ccache-symlinks
elements/opensuse/install.d/01-login-defs
elements/opensuse/post-install.d/10-mkinitrd
elements/opensuse/post-install.d/99-remove-lost-and-found
elements/opensuse/pre-install.d/00-opensuse-setup
elements/opensuse/pre-install.d/01-install-bin
elements/opensuse/pre-install.d/01-opensuse-install-bin
elements/opensuse/root.d/10-opensuse-cloud-image
elements/os-config-applier/element-deps
elements/os-config-applier/install.d/10-os-config-applier
elements/os-config-applier/install.d/50-os-config-applier
elements/os-config-applier/install.d/99-install-config-templates
elements/os-config-applier/os-config-applier/.os-config-applier
elements/os-config-applier/os-refresh-config/configure.d/50-os-config-applier
elements/os-refresh-config/element-deps
elements/os-refresh-config/install.d/01-os-refresh-config
elements/os-refresh-config/install.d/60-os-refresh-config-hup
elements/os-refresh-config/install.d/99-os-refresh-config-install-scripts
elements/os-refresh-config/install.d/cfn-hup.conf
elements/os-refresh-config/install.d/hooks.conf
elements/os-refresh-config/os-refresh-config/.git-keep-empty
elements/os-svc-install/bin/os-db-create
elements/os-svc-install/bin/os-svc-daemon
elements/os-svc-install/bin/os-svc-install
elements/os-svc-install/install.d/04-os-svc-install
elements/os-svc-install/os-svc-install
elements/os-svc-install/pre-install.d/04-os-svc-install
elements/package-installs/install.d/00-package-installs
elements/package-installs/install.d/99-package-uninstalls
elements/pip-cache/environment.d/10-pip-cache
elements/pip-cache/root.d/01-pip-cache
elements/pkg-map/bin/pkg-map
elements/pkg-map/extra-data.d/10-create-pkg-map-dir
elements/pypi/extra-data.d/00-mount-pypi-mirror
elements/pypi/post-install.d/00-unconfigure-pypi-mirror
elements/pypi/pre-install.d/00-configure-pypi-mirror
elements/quantum-api/first-boot.d/05-quantum-api
elements/quantum-api/first-boot.d/etc_init_quantum-api.conf
elements/quantum-api/install.d/05-quantum-api
elements/quantum/element-deps
elements/quantum/install.d/76-quantum
elements/quantum/os-config-applier/etc/quantum/api-paste.ini
elements/quantum/os-config-applier/etc/quantum/dhcp_agent.ini
elements/quantum/os-config-applier/etc/quantum/l3_agent.ini
elements/quantum/os-config-applier/etc/quantum/metadata_agent.ini
elements/quantum/os-config-applier/etc/quantum/plugins/openvswitch/ovs_quantum_plugin.ini
elements/quantum/os-config-applier/etc/quantum/policy.json
elements/quantum/os-config-applier/etc/quantum/quantum.conf
elements/quantum/os-config-applier/etc/quantum/rootwrap.conf
elements/quantum/os-refresh-config/post-configure.d/76-quantum
elements/ramdisk/binary-deps.d/ramdisk
elements/ramdisk/cleanup.d/99-extract-ramdisk-files
elements/ramdisk/element-deps
elements/ramdisk/extra-data.d/01-inject-ramdisk-build-files
elements/ramdisk/extra-data.d/scripts/d/init-func
elements/ramdisk/extra-data.d/scripts/init
elements/ramdisk/extra-data.d/scripts/init-end
elements/ramdisk/init.d/02-start-network
elements/ramdisk/install.d/20-install-dhcp-client
elements/ramdisk/pkg-map
elements/ramdisk/post-install.d/01-ensure-binaries
elements/ramdisk/post-install.d/99-build-ramdisk
elements/redhat-common/bin/extract-image
elements/redhat-common/bin/map-packages
elements/redhat-common/bin/map-services
elements/redhat-common/finalise.d/01-clean-old-kernels.sh
elements/redhat-common/finalise.d/99-cleanup-tmp-grub
elements/redhat-common/finalise.d/99-redhat-setup-first-boot
elements/redhat-common/finalise.d/99-setup-first-boot
elements/redhat-common/install.d/01-install-deps
elements/redhat-common/pre-install.d/00-usr-local-bin-secure-path
elements/redhat-common/pre-install.d/02-lsb
elements/redhat-common/pre-install.d/15-remove-grub
elements/rhel7/element-deps
elements/rhel7/element-provides
elements/rhel7/environment.d/10-rhel7-distro-name.bash
elements/rhel7/pre-install.d/05-yum-repos
elements/rhel7/root.d/10-rhel7-cloud-image
elements/rhel7/root.d/10-rhel-cloud-image
elements/rhel7/source-repository-rhel7
elements/rhel/bin/install-packages
elements/rhel/bin/map-packages
elements/rhel-common/pre-install.d/00-rhsm
elements/rhel-common/pre-install.d/10-rhel-blacklist
elements/rhel/element-deps
elements/rhel/element-provides
elements/rhel/environment.d/10-rhel-distro-name.bash
elements/rhel/finalise.d/60-rhsm-unregister
elements/rhel/pre-install.d/00-rhsm
elements/rhel/pre-install.d/10-rhel-blacklist
elements/rhel/pre-install.d/10-yum-blacklist
elements/rhel/root.d/10-rhel-cloud-image
elements/rpm-distro/finalise.d/11-selinux-fixfiles-restore
elements/rpm-distro/post-install.d/05-fstab-rootfs-label
elements/rpm-distro/post-install.d/06-network-config-nonzeroconf
elements/rpm-distro/pre-install.d/00-allow-heat-admin-sudo
elements/rpm-distro/pre-install.d/00-allow-root-sudo
elements/rpm-distro/pre-install.d/00-usr-local-bin-secure-path
elements/rpm-distro/pre-install.d/01-install-bin
elements/rpm-distro/pre-install.d/01-override-yum-arch
elements/rpm-distro/pre-install.d/01-rpm-distro-install-bin
elements/salt-master/install.d/10-salt-master
elements/salt-master/pre-install.d/10-salt-master
elements/salt-minion/install.d/10-salt-minion
elements/salt-minion/pre-install.d/10-salt-minion
elements/select-boot-kernel-initrd/bin/select-boot-kernel-initrd
elements/select-boot-kernel-initrd/cleanup.d/99-remove-dib-img-functions
elements/select-boot-kernel-initrd/extra-data.d/99-copy-dib-img-functions
elements/selinux-permissive/install.d/11-selinux-permissive
elements/serial-console/cleanup.d/99-fix-grub
elements/serial-console/element-deps
elements/serial-console/extra-data.d/20-stty
elements/serial-console/install.d/20-stty
elements/serial-console/install.d/serial-console-udev.rules
elements/serial-console/install.d/ttySx.conf
elements/source-repositories/element-deps
elements/source-repositories/extra-data.d/98-source-repositories
elements/source-repositories/extra-data.d/99-getsources
elements/source-repositories/install.d/01-source-repositories
elements/stable-interface-names/install.d/02-stable-interface-names
elements/stackuser/install.d/50-user
elements/swift/install.d/10-swift-deps
elements/tripleo-staging/pre-install.d/01-bleeding-edge
elements/ubuntu/bin/map-services
elements/ubuntu/element-deps
elements/ubuntu/element-provides
elements/ubuntu/environment.d/10-ubuntu-distro-name.bash
elements/ubuntu/environment.d/99-cloud-init-datasources.bash
elements/ubuntu/finalise.d/99-setup-first-boot
elements/ubuntu/finalise.d/99-ubuntu-setup-first-boot
elements/ubuntu/first-boot.d/01-ssh
elements/ubuntu/install.d/10-support-physical-hardware
elements/ubuntu/pre-install.d/00-remove-apt-xapian-index
elements/ubuntu/pre-install.d/00-remove-grub
elements/ubuntu/pre-install.d/01-set-ubuntu-mirror
elements/ubuntu/root.d/10-cache-ubuntu-tarball
elements/vm/block-device.d/10-partition
elements/vm/cleanup.d/51-bootloader
elements/vm/finalise.d/50-remove-bogus-udev-links
elements/vm/finalise.d/51-bootloader
elements/vm/finalise.d/51-grub
elements/vm/finalise.d/52-force-text-mode-console
elements/vm/install.d/51-grub
elements/yum/bin/install-packages
elements/yum/pre-install.d/01-yum-keepcache
elements/yum/root.d/50-yum-cache
elements/zypper/post-install.d/99-zypper-no-keep-packages
elements/zypper/pre-install.d/01-zypper-keep-packages
elements/zypper/root.d/50-zypper-cache
flavours/baremetal/binary-deps
flavours/baremetal/init
flavours/base/install.d/10-cloud-init
flavours/deploy/binary-deps
flavours/deploy/init
flavours/devstack/block-device-size.d/10-size
flavours/devstack/install.d/50-user
flavours/devstack/install.d/51-grub
flavours/devstack/install.d/52-image-toolchain
flavours/devstack/install.d/97-haveged
flavours/devstack/install.d/98-baremetal-network
flavours/devstack/install.d/99-ssh
flavours/hwburnin/binary-deps
flavours/hwburnin/init
flavours/hwdiscovery/binary-deps
flavours/hwdiscovery/init
flavours/hwdiscovery/install.d/10-AMQPLib
flavours/hwdiscovery/install.d/10-hwinfo
flavours/jenkins/first-boot.d/10-jenkins
flavours/jenkins/install.d/10-jenkins
flavours/jenkins/install.d/11-jenkins-plugins
flavours/jenkins/install.d/20-httpproxy
flavours/jenkins/install.d/defaults
flavours/jenkins/install.d/httpproxy.jenkins
flavours/jenkins/pre-install.d/10-jenkins
flavours/local-config/extra-data.d/62-ssh-key
flavours/local-config/install.d/61-http-proxy
flavours/local-config/install.d/62-ssh-key
flavours/mellanox/init
flavours/mellanox/udev/81-mellanox-drivers.rules
flavours/mysql/first-boot.d/05-ipforwarding
flavours/mysql/first-boot.d/10-ntp
flavours/mysql/first-boot.d/50-mysql
flavours/mysql/first-boot.d/defaults
flavours/mysql/first-boot.d/my.cnf
flavours/mysql/install.d/10-mysql
flavours/mysql/install.d/50-user
flavours/mysql/install.d/97-haveged
flavours/mysql/install.d/99-clean-apt
flavours/mysql/pre-install.d/50-percona-server
flavours/nova-vm/first-boot.d/05-ipforwarding
flavours/nova-vm/first-boot.d/10-ntp
flavours/nova-vm/first-boot.d/15-mysql
flavours/nova-vm/first-boot.d/20-rabbitmq
flavours/nova-vm/first-boot.d/30-keystone
flavours/nova-vm/first-boot.d/31-keystone-data
flavours/nova-vm/first-boot.d/32-keystone-endpoints
flavours/nova-vm/first-boot.d/40-glance
flavours/nova-vm/first-boot.d/50-nova
flavours/nova-vm/first-boot.d/defaults
flavours/nova-vm/install.d/05-controller-code-deps
flavours/nova-vm/install.d/10-controller-openstack-deps
flavours/nova-vm/install.d/20-dkms-iscsi
flavours/nova-vm/install.d/99-clean-apt
flavours/salt/install.d/10-salt
flavours/salt-master/10-salt-master
flavours/salt-master/install.d/10-salt-master
flavours/salt-master/pre-install.d/10-salt-master
flavours/salt-minion/install.d/10-salt-minion
flavours/salt-minion/pre-install.d/10-salt-minion
flavours/salt/pre-install.d/10-salt
flavours/swift/install.d/10-swift-deps
flavours/vm/block-device.d/10-partition
lib/common-defaults
lib/common-functions
lib/die
lib/img-defaults
lib/img-functions
lib/ramdisk-defaults
lib/ramdisk-functions
LICENSE
MANIFEST.in
phy-mkinitrd.sh
README.md
requirements.txt
scripts/d/init-func
scripts/init
scripts/init-end
setup.cfg
setup.py
sudoers.d/img-build-sudoers
.testr.conf
test-requirements.txt
tools/test-requires
tox.ini
udev/firmware.sh
udev/rules.d/50-firmware.rules
udev/rules.d/80-drivers.rules
