CONTRIBUTING.rst
.coveragerc
doc/source/conf.py
doc/source/contributing.rst
doc/source/index.rst
doc/source/installation.rst
doc/source/readme.rst
doc/source/usage.rst
HACKING.rst
LICENSE
MANIFEST.in
openstack-common.conf
os_cloud_config/cmd/generate_keystone_pki.py
os_cloud_config/cmd/init_keystone.py
os_cloud_config/cmd/__init__.py
os_cloud_config/cmd/register_nodes.py
os_cloud_config/cmd/tests/__init__.py
os_cloud_config/cmd/tests/test_generate_keystone_pki.py
os_cloud_config/cmd/tests/test_init_keystone.py
os_cloud_config/cmd/tests/test_register_nodes.py
os_cloud_config/exception.py
os_cloud_config/__init__.py
os_cloud_config/keystone_pki.py
os_cloud_config/keystone.py
os_cloud_config/nodes.py
os_cloud_config/openstack/common/gettextutils.py
os_cloud_config/openstack/common/__init__.py
os_cloud_config/openstack/__init__.py
os_cloud_config/tests/base.py
os_cloud_config/tests/__init__.py
os_cloud_config/tests/test_keystone_pki.py
os_cloud_config/tests/test_keystone.py
os_cloud_config/tests/test_nodes.py
os_cloud_config/tests/test_os_cloud_config.py
os_cloud_config/tests/test_utils.py
os_cloud_config/utils/_clients.py
os_cloud_config/utils/__init__.py
os_cloud_config/utils.py
os_cloud_config/utils/tests/test_clients.py
os_cloud_config/utils/tests/test_utils.py
README.rst
requirements.txt
setup.cfg
setup.py
.testr.conf
test-requirements.txt
tox.ini
