cli_lib.py
cli.py
CONTRIBUTING.rst
.coveragerc
doc/source/conf.py
doc/source/index.rst
HACKING.rst
__init__.py
LICENSE
MANIFEST.in
neutronclient/client.py
neutronclient/common/clientmanager.py
neutronclient/common/command.py
neutronclient/common/constants.py
neutronclient/common/exceptions.py
neutronclient/common/__init__.py
neutronclient/common/serializer.py
neutronclient/common/utils.py
neutronclient/common/validators.py
neutronclient/__init__.py
neutronclient/neutron/client.py
neutronclient/neutron/__init__.py
neutronclient/neutron/v2_0/agent.py
neutronclient/neutron/v2_0/agentscheduler.py
neutronclient/neutron/v2_0/credential.py
neutronclient/neutron/v2_0/extension.py
neutronclient/neutron/v2_0/floatingip.py
neutronclient/neutron/v2_0/fw/firewallpolicy.py
neutronclient/neutron/v2_0/fw/firewall.py
neutronclient/neutron/v2_0/fw/firewallrule.py
neutronclient/neutron/v2_0/fw/__init__.py
neutronclient/neutron/v2_0/__init__.py
neutronclient/neutron/v2_0/lb/healthmonitor.py
neutronclient/neutron/v2_0/lb/__init__.py
neutronclient/neutron/v2_0/lb/member.py
neutronclient/neutron/v2_0/lb/pool.py
neutronclient/neutron/v2_0/lb/vip.py
neutronclient/neutron/v2_0/metering.py
neutronclient/neutron/v2_0/nec/__init__.py
neutronclient/neutron/v2_0/nec/packetfilter.py
neutronclient/neutron/v2_0/netpartition.py
neutronclient/neutron/v2_0/networkprofile.py
neutronclient/neutron/v2_0/network.py
neutronclient/neutron/v2_0/nsx/__init__.py
neutronclient/neutron/v2_0/nsx/networkgateway.py
neutronclient/neutron/v2_0/nsx/qos_queue.py
neutronclient/neutron/v2_0/nvpnetworkgateway.py
neutronclient/neutron/v2_0/nvp_qos_queue.py
neutronclient/neutron/v2_0/policyprofile.py
neutronclient/neutron/v2_0/port.py
neutronclient/neutron/v2_0/quota.py
neutronclient/neutron/v2_0/router.py
neutronclient/neutron/v2_0/securitygroup.py
neutronclient/neutron/v2_0/servicetype.py
neutronclient/neutron/v2_0/subnet.py
neutronclient/neutron/v2_0/vpn/ikepolicy.py
neutronclient/neutron/v2_0/vpn/__init__.py
neutronclient/neutron/v2_0/vpn/ipsecpolicy.py
neutronclient/neutron/v2_0/vpn/ipsec_site_connection.py
neutronclient/neutron/v2_0/vpn/utils.py
neutronclient/neutron/v2_0/vpn/vpnservice.py
neutronclient/openstack/common/exception.py
neutronclient/openstack/common/gettextutils.py
neutronclient/openstack/common/importutils.py
neutronclient/openstack/common/__init__.py
neutronclient/openstack/common/jsonutils.py
neutronclient/openstack/common/strutils.py
neutronclient/openstack/common/timeutils.py
neutronclient/openstack/__init__.py
neutronclient/shell.py
neutronclient/tests/__init__.py
neutronclient/tests/unit/fw/__init__.py
neutronclient/tests/unit/fw/test_cli20_firewallpolicy.py
neutronclient/tests/unit/fw/test_cli20_firewall.py
neutronclient/tests/unit/fw/test_cli20_firewallrule.py
neutronclient/tests/unit/__init__.py
neutronclient/tests/unit/lb/__init__.py
neutronclient/tests/unit/lb/test_cli20_healthmonitor.py
neutronclient/tests/unit/lb/test_cli20_member.py
neutronclient/tests/unit/lb/test_cli20_pool.py
neutronclient/tests/unit/lb/test_cli20_vip.py
neutronclient/tests/unit/test_auth.py
neutronclient/tests/unit/test_casual_args.py
neutronclient/tests/unit/test_cli20_agenschedulers.py
neutronclient/tests/unit/test_cli20_agents.py
neutronclient/tests/unit/test_cli20_credential.py
neutronclient/tests/unit/test_cli20_extensions.py
neutronclient/tests/unit/test_cli20_floatingips.py
neutronclient/tests/unit/test_cli20_metering.py
neutronclient/tests/unit/test_cli20_networkprofile.py
neutronclient/tests/unit/test_cli20_network.py
neutronclient/tests/unit/test_cli20_nsx_networkgateway.py
neutronclient/tests/unit/test_cli20_nsx_queue.py
neutronclient/tests/unit/test_cli20_nuage_netpartition.py
neutronclient/tests/unit/test_cli20_nvpnetworkgateway.py
neutronclient/tests/unit/test_cli20_nvp_queue.py
neutronclient/tests/unit/test_cli20_packetfilter.py
neutronclient/tests/unit/test_cli20_policyprofile.py
neutronclient/tests/unit/test_cli20_port.py
neutronclient/tests/unit/test_cli20.py
neutronclient/tests/unit/test_cli20_router.py
neutronclient/tests/unit/test_cli20_securitygroup.py
neutronclient/tests/unit/test_cli20_servicetype.py
neutronclient/tests/unit/test_cli20_subnet.py
neutronclient/tests/unit/test_command_meta.py
neutronclient/tests/unit/test_http.py
neutronclient/tests/unit/test_name_or_id.py
neutronclient/tests/unit/test_quota.py
neutronclient/tests/unit/test_shell.py
neutronclient/tests/unit/test_ssl.py
neutronclient/tests/unit/test_utils.py
neutronclient/tests/unit/test_validators.py
neutronclient/tests/unit/vpn/__init__.py
neutronclient/tests/unit/vpn/test_cli20_ikepolicy.py
neutronclient/tests/unit/vpn/test_cli20_ipsecpolicy.py
neutronclient/tests/unit/vpn/test_cli20_ipsec_site_connection.py
neutronclient/tests/unit/vpn/test_cli20_vpnservice.py
neutronclient/tests/unit/vpn/test_utils.py
neutronclient/v2_0/client.py
neutronclient/v2_0/__init__.py
neutronclient/version.py
neutron_test.sh
openstack-common.conf
.pylintrc
quantum/client/batch_config.py
quantumclient/client.py
quantum/client/cli_lib.py
quantumclient/cli_lib.py
quantum/client/cli.py
quantumclient/cli.py
quantumclient/common/clientmanager.py
quantumclient/common/command.py
quantumclient/common/constants.py
quantumclient/common/exceptions.py
quantumclient/common/__init__.py
quantumclient/common/serializer.py
quantumclient/common/utils.py
quantum/client/__init__.py
quantumclient/__init__.py
quantumclient/openstack/common/exception.py
quantumclient/openstack/common/gettextutils.py
quantumclient/openstack/common/__init__.py
quantumclient/openstack/common/jsonutils.py
quantumclient/openstack/common/setup.py
quantumclient/openstack/common/strutils.py
quantumclient/openstack/common/timeutils.py
quantumclient/openstack/__init__.py
quantumclient/quantum/client.py
quantumclient/quantum/__init__.py
quantumclient/quantum/v1_1/__init__.py
quantumclient/quantum/v1_1/interface.py
quantumclient/quantum/v1_1/network.py
quantumclient/quantum/v1_1/port.py
quantumclient/quantum/v2_0/agent.py
quantumclient/quantum/v2_0/agentscheduler.py
quantumclient/quantum/v2_0/extension.py
quantumclient/quantum/v2_0/floatingip.py
quantumclient/quantum/v2_0/__init__.py
quantumclient/quantum/v2_0/lb/healthmonitor.py
quantumclient/quantum/v2_0/lb/__init__.py
quantumclient/quantum/v2_0/lb/member.py
quantumclient/quantum/v2_0/lb/pool.py
quantumclient/quantum/v2_0/lb/vip.py
quantumclient/quantum/v2_0/network.py
quantumclient/quantum/v2_0/nvpnetworkgateway.py
quantumclient/quantum/v2_0/nvp_qos_queue.py
quantumclient/quantum/v2_0/port.py
quantumclient/quantum/v2_0/quota.py
quantumclient/quantum/v2_0/router.py
quantumclient/quantum/v2_0/securitygroup.py
quantumclient/quantum/v2_0/subnet.py
quantumclient/shell.py
quantum/client/tests/__init__.py
quantumclient/tests/__init__.py
quantum/client/tests/unit/__init__.py
quantumclient/tests/unit/__init__.py
quantumclient/tests/unit/lb/__init__.py
quantumclient/tests/unit/lb/test_cli20_healthmonitor.py
quantumclient/tests/unit/lb/test_cli20_member.py
quantumclient/tests/unit/lb/test_cli20_pool.py
quantumclient/tests/unit/lb/test_cli20_vip.py
quantumclient/tests/unit/stubs.py
quantumclient/tests/unit/test_auth.py
quantumclient/tests/unit/test_casual_args.py
quantumclient/tests/unit/test_cli20_floatingips.py
quantumclient/tests/unit/test_cli20_network.py
quantumclient/tests/unit/test_cli20_nvpnetworkgateway.py
quantumclient/tests/unit/test_cli20_nvp_queue.py
quantumclient/tests/unit/test_cli20_port.py
quantumclient/tests/unit/test_cli20.py
quantumclient/tests/unit/test_cli20_router.py
quantumclient/tests/unit/test_cli20_securitygroup.py
quantumclient/tests/unit/test_cli20_subnet.py
quantum/client/tests/unit/test_clientlib.py
quantumclient/tests/unit/test_clientlib.py
quantum/client/tests/unit/test_cli.py
quantumclient/tests/unit/test_cli.py
quantumclient/tests/unit/test_name_or_id.py
quantumclient/tests/unit/test_quota.py
quantumclient/tests/unit/test_shell.py
quantumclient/tests/unit/test_utils.py
quantumclient/v2_0/client.py
quantumclient/v2_0/__init__.py
quantumclient/version.py
quantum/common/config.py
quantum/common/exceptions.py
quantum/common/flags.py
quantum/common/__init__.py
quantum/common/serializer.py
quantum/common/test_lib.py
quantum/common/utils.py
quantum/__init__.py
quantum_test.sh
README
README.rst
requirements.txt
setup.cfg
setup.py
.testr.conf
test-requirements.txt
tests/__init__.py
tests/unit/fw/__init__.py
tests/unit/fw/test_cli20_firewallpolicy.py
tests/unit/fw/test_cli20_firewall.py
tests/unit/fw/test_cli20_firewallrule.py
tests/unit/__init__.py
tests/unit/lb/__init__.py
tests/unit/lb/test_cli20_healthmonitor.py
tests/unit/lb/test_cli20_member.py
tests/unit/lb/test_cli20_pool.py
tests/unit/lb/test_cli20_vip.py
tests/unit/test_auth.py
tests/unit/test_casual_args.py
tests/unit/test_cli20_agenschedulers.py
tests/unit/test_cli20_credential.py
tests/unit/test_cli20_extensions.py
tests/unit/test_cli20_floatingips.py
tests/unit/test_cli20_networkprofile.py
tests/unit/test_cli20_network.py
tests/unit/test_cli20_nvpnetworkgateway.py
tests/unit/test_cli20_nvp_queue.py
tests/unit/test_cli20_policyprofile.py
tests/unit/test_cli20_port.py
tests/unit/test_cli20.py
tests/unit/test_cli20_router.py
tests/unit/test_cli20_securitygroup.py
tests/unit/test_cli20_servicetype.py
tests/unit/test_cli20_subnet.py
tests/unit/test_http.py
tests/unit/test_name_or_id.py
tests/unit/test_quota.py
tests/unit/test_shell.py
tests/unit/test_ssl.py
tests/unit/test_utils.py
tests/unit/vpn/__init__.py
tests/unit/vpn/test_cli20_ikepolicy.py
tests/unit/vpn/test_cli20_ipsecpolicy.py
tests/unit/vpn/test_cli20_ipsec_site_connection.py
tests/unit/vpn/test_cli20_vpnservice.py
tests/unit/vpn/test_utils.py
tools/neutron.bash_completion
tools/pip-requires
tools/quantum.bash_completion
tools/test-requires
tox.ini
version.py
