CONTRIBUTING.rst
docs/conf.py
doc/source/conf.py
doc/source/index.rst
doc/source/pydocs.rst
doc/source/usage.rst
docs/source/conf.py
docs/source/index.rst
docs/source/pydocs.rst
docs/source/usage.rst
LICENSE
MANIFEST.in
openstack-common.conf
README.rst
reddwarfclient/accounts.py
reddwarfclient/auth.py
reddwarfclient/backups.py
reddwarfclient/base.py
reddwarfclient/client.py
reddwarfclient/cli.py
reddwarfclient/common.py
reddwarfclient/config.py
reddwarfclient/databases.py
reddwarfclient/diagnostics.py
reddwarfclient/exceptions.py
reddwarfclient/flavors.py
reddwarfclient/hosts.py
reddwarfclient/__init__.py
reddwarfclient/instances.py
reddwarfclient/limits.py
reddwarfclient/management.py
reddwarfclient/mcli.py
reddwarfclient/quota.py
reddwarfclient/root.py
reddwarfclient/security_groups.py
reddwarfclient/storage.py
reddwarfclient/tests/test_accounts.py
reddwarfclient/tests/test_auth.py
reddwarfclient/tests/test_base.py
reddwarfclient/tests/test_client.py
reddwarfclient/tests/test_common.py
reddwarfclient/tests/test_instances.py
reddwarfclient/tests/test_limits.py
reddwarfclient/tests/test_management.py
reddwarfclient/tests/test_secgroups.py
reddwarfclient/tests/test_users.py
reddwarfclient/tests/test_utils.py
reddwarfclient/tests/test_xml.py
reddwarfclient/users.py
reddwarfclient/utils.py
reddwarfclient/versions.py
reddwarfclient/xml.py
requirements.txt
run_local.sh
setup.cfg
setup.py
.testr.conf
test-requirements.txt
tests/test_accounts.py
tests/test_auth.py
tests/test_base.py
tests/test_client.py
tests/test_common.py
tests/test_instances.py
tests/test_limits.py
tests/test_management.py
tests/test_secgroups.py
tests/test_users.py
tests/test_utils.py
tests/test_xml.py
tools/install_venv_common.py
tools/pip-requires
tools/test-requires
tox.ini
troveclient/accounts.py
troveclient/auth.py
troveclient/backups.py
troveclient/base.py
troveclient/client.py
troveclient/cli.py
troveclient/common.py
troveclient/compat/auth.py
troveclient/compat/base.py
troveclient/compat/client.py
troveclient/compat/cli.py
troveclient/compat/common.py
troveclient/compat/exceptions.py
troveclient/compat/__init__.py
troveclient/compat/mcli.py
troveclient/compat/tests/__init__.py
troveclient/compat/tests/test_auth.py
troveclient/compat/tests/test_common.py
troveclient/compat/tests/test_xml.py
troveclient/compat/utils.py
troveclient/compat/versions.py
troveclient/compat/xml.py
troveclient/databases.py
troveclient/diagnostics.py
troveclient/exceptions.py
troveclient/extension.py
troveclient/flavors.py
troveclient/hosts.py
troveclient/__init__.py
troveclient/instances.py
troveclient/limits.py
troveclient/management.py
troveclient/mcli.py
troveclient/openstack/common/apiclient/auth.py
troveclient/openstack/common/apiclient/base.py
troveclient/openstack/common/apiclient/client.py
troveclient/openstack/common/apiclient/exceptions.py
troveclient/openstack/common/apiclient/fake_client.py
troveclient/openstack/common/apiclient/__init__.py
troveclient/openstack/common/gettextutils.py
troveclient/openstack/common/importutils.py
troveclient/openstack/common/__init__.py
troveclient/openstack/common/py3kcompat/__init__.py
troveclient/openstack/common/py3kcompat/urlutils.py
troveclient/openstack/common/strutils.py
troveclient/openstack/__init__.py
troveclient/quota.py
troveclient/root.py
troveclient/security_groups.py
troveclient/service_catalog.py
troveclient/shell.py
troveclient/storage.py
troveclient/tests/__init__.py
troveclient/tests/test_accounts.py
troveclient/tests/test_auth.py
troveclient/tests/test_backups.py
troveclient/tests/test_base.py
troveclient/tests/test_client.py
troveclient/tests/test_common.py
troveclient/tests/test_configurations.py
troveclient/tests/test_datastores.py
troveclient/tests/test_discover.py
troveclient/tests/test_instances.py
troveclient/tests/test_limits.py
troveclient/tests/test_management.py
troveclient/tests/test_metadata.py
troveclient/tests/test_secgroups.py
troveclient/tests/test_users.py
troveclient/tests/test_utils.py
troveclient/tests/test_xml.py
troveclient/users.py
troveclient/utils.py
troveclient/v1/accounts.py
troveclient/v1/backups.py
troveclient/v1/client.py
troveclient/v1/configurations.py
troveclient/v1/databases.py
troveclient/v1/datastores.py
troveclient/v1/diagnostics.py
troveclient/v1/flavors.py
troveclient/v1/hosts.py
troveclient/v1/__init__.py
troveclient/v1/instances.py
troveclient/v1/limits.py
troveclient/v1/management.py
troveclient/v1/metadata.py
troveclient/v1/quota.py
troveclient/v1/root.py
troveclient/v1/security_groups.py
troveclient/v1/shell.py
troveclient/v1/storage.py
troveclient/v1/users.py
troveclient/versions.py
troveclient/xml.py
