AUTHORS
doc/source/client.rst
doc/source/cloner.rst
doc/source/conf.py
doc/source/gating.rst
doc/source/index.rst
doc/source/launchers.rst
doc/source/merger.rst
doc/source/reporters.rst
doc/source/statsd.rst
doc/source/triggers.rst
doc/source/zuul.rst
etc/clonemap.yaml-sample
etc/layout.yaml-sample
etc/logging.conf-sample
etc/status/fetch-dependencies.sh
etc/status.html
etc/status.js
etc/status/public_html/app.js
etc/status/public_html/index.html
etc/status/public_html/jquery.zuul.js
etc/status/public_html/status-basic.json-sample
etc/status/public_html/status-openstack.json-sample
etc/status/public_html/status-tree.json-sample
etc/status/public_html/styles/zuul.css
etc/status/public_html/zuul.app.js
etc/zuul.conf-sample
LICENSE
MANIFEST.in
NEWS.rst
openstack-common.conf
README
README.rst
requirements.txt
setup.cfg
setup.py
TESTING.rst
.testr.conf
test-requirements.txt
tests/base.py
tests/fixtures/clonemap.yaml
tests/fixtures/custom_functions_live_reconfiguration_functions.py
tests/fixtures/custom_functions.py
tests/fixtures/layout-bad-queue.yaml
tests/fixtures/layout-build-parameters.yaml
tests/fixtures/layout-current-patchset.yaml
tests/fixtures/layout-delayed-repo-init.yaml
tests/fixtures/layout-footer-message.yaml
tests/fixtures/layout-gating.yaml
tests/fixtures/layout-idle.yaml
tests/fixtures/layout-live-reconfiguration-functions.yaml
tests/fixtures/layout-merge-failure.yaml
tests/fixtures/layout-merge-queues.yaml
tests/fixtures/layout-no-jobs.yaml
tests/fixtures/layout-no-timer.yaml
tests/fixtures/layout-pipeline-requirements.yaml
tests/fixtures/layout-rate-limit.yaml
tests/fixtures/layout-repo-deleted.yaml
tests/fixtures/layout-require-approval.yaml
tests/fixtures/layout-requirement-current-patchset.yaml
tests/fixtures/layout-requirement-email.yaml
tests/fixtures/layout-requirement-newer-than.yaml
tests/fixtures/layout-requirement-older-than.yaml
tests/fixtures/layout-requirement-open.yaml
tests/fixtures/layout-requirement-status.yaml
tests/fixtures/layout-requirement-username.yaml
tests/fixtures/layout-requirement-vote1.yaml
tests/fixtures/layout-requirement-vote2.yaml
tests/fixtures/layout-requirement-vote.yaml
tests/fixtures/layouts/bad_merge_failure.yaml
tests/fixtures/layouts/bad_pipelines
tests/fixtures/layouts/bad_pipelines10.yaml
tests/fixtures/layouts/bad_pipelines1.yaml
tests/fixtures/layouts/bad_pipelines2.yaml
tests/fixtures/layouts/bad_pipelines3.yaml
tests/fixtures/layouts/bad_pipelines4.yaml
tests/fixtures/layouts/bad_pipelines5.yaml
tests/fixtures/layouts/bad_pipelines6.yaml
tests/fixtures/layouts/bad_pipelines7.yaml
tests/fixtures/layouts/bad_pipelines8.yaml
tests/fixtures/layouts/bad_pipelines9.yaml
tests/fixtures/layouts/bad_projects1.yaml
tests/fixtures/layouts/bad_projects2.yaml
tests/fixtures/layouts/bad_swift.yaml
tests/fixtures/layouts/bad_template1.yaml
tests/fixtures/layouts/bad_template2.yaml
tests/fixtures/layouts/bad_template3.yaml
tests/fixtures/layouts/good_layout.yaml
tests/fixtures/layouts/good_merge_failure.yaml
tests/fixtures/layouts/good_require_approvals.yaml
tests/fixtures/layouts/good_swift.yaml
tests/fixtures/layouts/good_template1.yaml
tests/fixtures/layout-smtp.yaml
tests/fixtures/layout-swift.yaml
tests/fixtures/layout-timer-smtp.yaml
tests/fixtures/layout-timer.yaml
tests/fixtures/layout.yaml
tests/fixtures/layout-zuultrigger-enqueued.yaml
tests/fixtures/layout-zuultrigger-merged.yaml
tests/fixtures/zuul.conf
tests/__init__.py
tests/test_clonemapper.py
tests/test_cloner.py
tests/test_layoutvalidator.py
tests/test_requirements.py
tests/test_scheduler.py
tests/test_stack_dump.py
tests/test_zuultrigger.py
tools/pip-requires
tools/test-requires
tools/trigger-job.py
tools/zuul-changes.py
tox.ini
zuul/cmd/client.py
zuul/cmd/cloner.py
zuul/cmd/__init__.py
zuul/cmd/merger.py
zuul/cmd/server.py
zuul/__init__.py
zuul/launcher/gearman.py
zuul/launcher/__init__.py
zuul/launcher/jenkins.py
zuul/layoutvalidator.py
zuul/lib/clonemapper.py
zuul/lib/cloner.py
zuul/lib/gerrit.py
zuul/lib/__init__.py
zuul/lib/swift.py
zuul/merger/client.py
zuul/merger/__init__.py
zuul/merger/merger.py
zuul/merger.py
zuul/merger/server.py
zuul/model.py
zuul/openstack/common/__init__.py
zuul/openstack/common/setup.py
zuul/openstack/common/version.py
zuul/openstack/__init__.py
zuul/reporter/gerrit.py
zuul/reporter/__init__.py
zuul/reporter/smtp.py
zuul/rpcclient.py
zuul/rpclistener.py
zuul/scheduler.py
zuul-server
zuul/trigger/gerrit.py
zuul/trigger/__init__.py
zuul/trigger/timer.py
zuul/trigger/zuultrigger.py
zuul/version.py
zuul/webapp.py
