browser/browser/VizGrimoireJS
browser/dashboard/VizGrimoireJS
browser/data/json/havana/json
browser/VizGrimoireJS
companies.html
company.html
custom.css
dashboard/VizGrimoireJS
dashboard/VizGrimoireJS/update.sh
doc/css
doc/custom.css
doc/data/json
doc/lib
footer.html
header.html
index-companies.html
index-dev.html
index.html
its-dev.html
its.html
its-repos.html
its-repository.html
menu.js
mls.html
mls-repos.html
mls-repository.html
navigation.html
newbrowser/browser/VizGrimoireJS
newbrowser/dashboard/VizGrimoireJS
notes.css
notes.html
project-card.html
refcard.html
releases/config.json
releases/data/essex
releases/data/folsom
releases/data/grizzly
releases/data/havana
releases/data/havana/json
releases/data/icehouse
releases/data/json
releases/data/whole_project
releases/VizGrimoireJS
repositories.html
repository.html
scm.html
scm-repos.html
scm-repository.html
theme.css
top-dev.html
top.html
vizgrimoire.css
VizGrimoireJS/update.sh
VizGrimoireJS/vizgrimoire.css
