check-sanity
clean.sh
devstack.final.localrc
devstack.localrc
devstack.localrc.base
devstack.localrc.example
devstack.localrc.target
devstack.localrc.trunk
devstack.localrc.trunk.in
devstack.localrc.work
devstack.localrc.work.in
devstack.start.localrc
from-grizzly/upgrade-cinder
from-grizzly/upgrade-devstack
from-grizzly/upgrade-glance
from-grizzly/upgrade-keystone
from-grizzly/upgrade-neutron
from-grizzly/upgrade-nova
from-grizzly/upgrade-oslo
from-grizzly/upgrade-packages
from-grizzly/upgrade-swift
from-grizzly/upgrade-tempest
from-havana/upgrade-cinder
from-havana/upgrade-devstack
from-havana/upgrade-glance
from-havana/upgrade-horizon
from-havana/upgrade-keystone
from-havana/upgrade-neutron
from-havana/upgrade-nova
from-havana/upgrade-oslo
from-havana/upgrade-packages
from-havana/upgrade-swift
from-havana/upgrade-tempest
from-icehouse/upgrade-ceilometer
from-icehouse/upgrade-keystone
from-icehouse/upgrade-neutron
functions
grenaderc
grenade.sh
HACKING.rst
javelin.conf
javelinrc
LICENSE
prep-base
prep-final
prep-start
prep-target
prep-trunk
prep-work
README.md
README.rst
resources.yaml
save-state
setup-grenade
setup-javelin
stop-base
test-requirements.txt
TODO.rst
tools/outfilter.py
tox.ini
upgrade-ceilometer
upgrade-cinder
upgrade-devstack
upgrade-glance
upgrade-horizon
upgrade-infra
upgrade-keystone
upgrade-neutron
upgrade-nova
upgrade-oslo
upgrade_packages
upgrade-packages
upgrade-swift
upgrade-tempest
upgrade-volume
wrap-final
wrap-start
wrap-trunk
wrap-work
