bin/devops
bin/dos.py
devops/controller.py
devops/driver/dummy/dummy_driver.py
devops/driver/dummy/__init__.py
devops/driver/__init__.py
devops/driver/ipmi/__init__.py
devops/driver/ipmi/ipmi_driver.py
devops/driver/libvirt/__init__.py
devops/driver/libvirt/libvirt_driver.py
devops/driver/libvirt/libvirt_xml_builder.py
devops/driver/libvirt.py
devops/driver/test_libvirt.py
devops/error.py
devops/helpers/helpers.py
devops/helpers/__init__.py
devops/helpers/network.py
devops/helpers.py
devops/helpers/retry.py
devops/helpers/scancodes.py
devops/__init__.py
devops/libvirt_cleanup
devops/log.yaml
devops/__main__.py
devops/main.py
devops/manager.py
devops/migrations/0001_initial.py
devops/migrations/__init__.py
devops/model.py
devops/models.py
devops/my_yaml.py
devops/network.py
devops/scancodes.py
devops/settings.py
devops/shell.py
devops/test_network.py
devops/test_scancodes.py
devops/tests/__init__.py
devops/tests/test_errors.py
devops/tests/test_libvirt_xml_builder.py
devops/tests/test_manager.py
devops/tests/test_models.py
devops/tests/test_scancodes.py
devops/tests/use_cases.py
devops/test_xml.py
devops/test_yaml_config_loader.py
devops/xml.py
devops/yaml_config_loader.py
docs/source/conf.py
docs/source/getstart.rst
docs/source/index.rst
docs/source/modules/devops.driver.dummy.rst
docs/source/modules/devops.driver.libvirt.rst
docs/source/modules/devops.driver.rst
docs/source/modules/devops.helpers.rst
docs/source/modules/devops.rst
docs/source/modules/devops.tests.rst
docs/source/modules/modules.rst
docs/source/modules.rst
install_admin.py
integration_tests.py
libvirt_cleanup
LICENSE
migration_2.0-2.1
migrations/readme.md
migrations/stable_2.1/migration.sql
node_ip_address_integration.py
README.md
run2.py
run.py
run_tests.sh
samples/cdrom.py
samples/install_admin.py
samples/node_ip_address_integration.py
samples/one.py
samples/run.py
scripts/devops
setup.py
src/devops/api.py
src/devops/controller.py
src/devops/driver/dummy/dummy_driver.py
src/devops/driver/dummy/__init__.py
src/devops/driver/__init__.py
src/devops/driver/libvirt-command-line.py
src/devops/driver/libvirt/__init__.py
src/devops/driver/libvirt/libvirt_driver.py
src/devops/driver/libvirt/libvirt_xml_builder.py
src/devops/error.py
src/devops/helpers/helpers.py
src/devops/helpers/__init__.py
src/devops/helpers/network.py
src/devops/helpers/retry.py
src/devops/helpers/scancodes.py
src/devops/__init__.py
src/devops/manager.py
src/devops/managers.py
src/devops/model.py
src/devops/models.py
src/devops/model.txt
src/devops.py
src/devops/settings.py
src/devops/shell.py
src/devops/tests/__init__.py
src/devops/tests/test_api.py
src/devops/tests/test_errors.py
src/devops/tests/test_manager.py
src/devops/tests/test_models.py
src/devops/tests/test_network.py
src/devops/tests/test_scancodes.py
src/dos.py
src/__init__.py
src/manage.py
src/settings/__init__.py
src/settings/settings.py
src/test/__init__.py
src/test/test_libvirt.py
src/test/test_network.py
src/test/test_scancodes.py
src/test/test_xml.py
src/test/test_yaml_config_loader.py
test_node_ip_address.py
test/test_libvirt.py
test/test_network.py
test/test_scancodes.py
test/test_xml.py
test/test_yaml_config_loader.py
tox.ini
