AUTHORS
doc/source/api.rst
doc/source/conf.py
doc/source/index.rst
doc/source/_templates/sidebarlinks.html
doc/source/_theme_rtd/layout.html
doc/source/_theme_rtd/theme.conf
HACKING.rst
LICENSE
MANIFEST.in
openstack-common.conf
README.rst
requirements.txt
run_tests.sh
saharaclient/api/base.py
saharaclient/api/client.py
saharaclient/api/clusters.py
saharaclient/api/cluster_templates.py
saharaclient/api/data_sources.py
saharaclient/api/helpers.py
saharaclient/api/httpclient.py
saharaclient/api/images.py
saharaclient/api/__init__.py
saharaclient/api/job_binaries.py
saharaclient/api/job_binary_internals.py
saharaclient/api/job_executions.py
saharaclient/api/jobs.py
saharaclient/api/node_group_templates.py
saharaclient/api/parameters.py
saharaclient/api/plugins.py
saharaclient/api/shell.py
saharaclient/client.py
saharaclient/__init__.py
saharaclient/nova/auth_plugin.py
saharaclient/nova/base.py
saharaclient/nova/extension.py
saharaclient/nova/__init__.py
saharaclient/nova/utils.py
saharaclient/openstack/common/apiclient/auth.py
saharaclient/openstack/common/apiclient/base.py
saharaclient/openstack/common/apiclient/client.py
saharaclient/openstack/common/apiclient/exceptions.py
saharaclient/openstack/common/apiclient/fake_client.py
saharaclient/openstack/common/apiclient/__init__.py
saharaclient/openstack/common/cliutils.py
saharaclient/openstack/common/gettextutils.py
saharaclient/openstack/common/importutils.py
saharaclient/openstack/common/__init__.py
saharaclient/openstack/common/strutils.py
saharaclient/openstack/common/uuidutils.py
saharaclient/openstack/__init__.py
saharaclient/shell.py
saharaclient/tests/__init__.py
saharaclient/tests/integration/configs/config.py
saharaclient/tests/integration/configs/__init__.py
saharaclient/tests/integration/configs/itest.conf.sample
saharaclient/tests/integration/configs/itest.conf.sample-full
saharaclient/tests/integration/__init__.py
saharaclient/tests/integration/tests/base.py
saharaclient/tests/integration/tests/clidriver.py
saharaclient/tests/integration/tests/cluster.py
saharaclient/tests/integration/tests/edp.py
saharaclient/tests/integration/tests/full_test_driver.py
saharaclient/tests/integration/tests/__init__.py
saharaclient/tests/integration/tests/resources/edp-java/edp-java.jar
saharaclient/tests/integration/tests/resources/edp-java/WordCount.java
saharaclient/tests/integration/tests/resources/edp-job.pig
saharaclient/tests/integration/tests/resources/edp-lib.jar
saharaclient/tests/integration/tests/resources/edp-mapreduce.jar
saharaclient/tests/integration/tests/test_hdp.py
saharaclient/tests/integration/tests/test_vanilla2.py
saharaclient/tests/integration/tests/test_vanilla.py
saharaclient/tests/integration/tests/utils.py
saharaclient/tests/nova/__init__.py
saharaclient/tests/nova/test_shell.py
saharaclient/tests/nova/utils.py
saharaclient/tests/test_resource.py
saharaclient/tests/unit/__init__.py
saharaclient/tests/unit/nova/__init__.py
saharaclient/tests/unit/nova/test_shell.py
saharaclient/tests/unit/nova/utils.py
saharaclient/tests/unit/test_httpclient.py
saharaclient/tests/unit/test_resource.py
saharaclient/version.py
savannaclient/api/base.py
savannaclient/api/client.py
savannaclient/api/clusters.py
savannaclient/api/cluster_templates.py
savannaclient/api/data_sources.py
savannaclient/api/helpers.py
savannaclient/api/httpclient.py
savannaclient/api/images.py
savannaclient/api/__init__.py
savannaclient/api/job_binaries.py
savannaclient/api/job_binary_internals.py
savannaclient/api/job_executions.py
savannaclient/api/job_origins.py
savannaclient/api/jobs.py
savannaclient/api/node_group_templates.py
savannaclient/api/parameters.py
savannaclient/api/plugins.py
savannaclient/api/shell.py
savannaclient/client.py
savannaclient/__init__.py
savannaclient/nova/auth_plugin.py
savannaclient/nova/base.py
savannaclient/nova/extension.py
savannaclient/nova/__init__.py
savannaclient/nova/utils.py
savannaclient/openstack/common/apiclient/auth.py
savannaclient/openstack/common/apiclient/base.py
savannaclient/openstack/common/apiclient/client.py
savannaclient/openstack/common/apiclient/exceptions.py
savannaclient/openstack/common/apiclient/fake_client.py
savannaclient/openstack/common/apiclient/__init__.py
savannaclient/openstack/common/cliutils.py
savannaclient/openstack/common/gettextutils.py
savannaclient/openstack/common/importutils.py
savannaclient/openstack/common/__init__.py
savannaclient/openstack/common/jsonutils.py
savannaclient/openstack/common/local.py
savannaclient/openstack/common/log.py
savannaclient/openstack/common/py3kcompat/__init__.py
savannaclient/openstack/common/py3kcompat/urlutils.py
savannaclient/openstack/common/strutils.py
savannaclient/openstack/common/timeutils.py
savannaclient/openstack/common/uuidutils.py
savannaclient/openstack/__init__.py
savannaclient/shell.py
savannaclient/tests/__init__.py
savannaclient/tests/nova/__init__.py
savannaclient/tests/nova/test_shell.py
savannaclient/tests/nova/utils.py
savannaclient/tests/test_resource.py
savannaclient/version.py
setup.cfg
setup.py
.testr.conf
test-requirements.txt
tools/install_venv_common.py
tools/install_venv.py
tools/with_venv.sh
tox.ini
