CONTRIBUTING.rst
doc/source/conf.py
doc/source/ext/gen_ref.py
doc/source/index.rst
doc/source/man/heat.rst
heatclient/client.py
heatclient/client.pyc
heatclient/common/base.py
heatclient/common/base.pyc
heatclient/common/environment_format.py
heatclient/common/http.py
heatclient/common/http.pyc
heatclient/common/__init__.py
heatclient/common/__init__.pyc
heatclient/common/template_format.py
heatclient/common/template_utils.py
heatclient/common/utils.py
heatclient/common/utils.pyc
heatclient/exceptions.py
heatclient/exc.py
heatclient/exc.pyc
heatclient/__init__.py
heatclient/__init__.pyc
heatclient/openstack/common/apiclient/auth.py
heatclient/openstack/common/apiclient/base.py
heatclient/openstack/common/apiclient/client.py
heatclient/openstack/common/apiclient/exceptions.py
heatclient/openstack/common/apiclient/fake_client.py
heatclient/openstack/common/apiclient/__init__.py
heatclient/openstack/common/cliutils.py
heatclient/openstack/common/gettextutils.py
heatclient/openstack/common/importutils.py
heatclient/openstack/common/importutils.pyc
heatclient/openstack/common/__init__.py
heatclient/openstack/common/__init__.pyc
heatclient/openstack/common/jsonutils.py
heatclient/openstack/common/py3kcompat/__init__.py
heatclient/openstack/common/py3kcompat/urlutils.py
heatclient/openstack/common/setup.py
heatclient/openstack/common/setup.pyc
heatclient/openstack/common/strutils.py
heatclient/openstack/common/timeutils.py
heatclient/openstack/common/uuidutils.py
heatclient/openstack/common/version.py
heatclient/openstack/common/version.pyc
heatclient/openstack/__init__.py
heatclient/openstack/__init__.pyc
heatclient/shell.py
heatclient/tests/fakes.py
heatclient/tests/__init__.py
heatclient/tests/keystone_client_fixtures.py
heatclient/tests/test_build_info.py
heatclient/tests/test_common_http.py
heatclient/tests/test_environment_format.py
heatclient/tests/test_events.py
heatclient/tests/test_resources.py
heatclient/tests/test_resource_types.py
heatclient/tests/test_shell.py
heatclient/tests/test_software_configs.py
heatclient/tests/test_software_deployments.py
heatclient/tests/test_stacks.py
heatclient/tests/test_template_format.py
heatclient/tests/test_template_utils.py
heatclient/tests/test_utils.py
heatclient/tests/v1/__init__.py
heatclient/tests/var/adopt_stack_data.json
heatclient/tests/var/minimal.template
heatclient/v1/actions.py
heatclient/v1/build_info.py
heatclient/v1/client.py
heatclient/v1/client.pyc
heatclient/v1/events.py
heatclient/v1/__init__.py
heatclient/v1/__init__.pyc
heatclient/v1/resources.py
heatclient/v1/resource_types.py
heatclient/v1/shell.py
heatclient/v1/software_configs.py
heatclient/v1/software_deployments.py
heatclient/v1/stacks.py
heatclient/v1/stacks.pyc
heatclient/versioninfo
heatclient/version.py
heatclient/version.pyc
LICENSE
MANIFEST.in
openstack-common.conf
README.md
README.rst
requirements.txt
run_tests.sh
setup.cfg
setup.py
.testr.conf
test-requirements.txt
tests/fakes.py
tests/__init__.py
tests/__init__.pyc
tests/minimal.template
tests/test_common_http.py
tests/test_foo.py
tests/test_foo.pyc
tests/test_shell.py
tests/test_utils.py
tests/v1/__init__.py
tests/v1/test_shell.py
tests/var/minimal.template
tools/heat.bash_completion
tools/install_venv_common.py
tools/install_venv.py
tools/pip-requires
tools/requirements_style_check.sh
tools/test-requires
tools/with_venv.sh
tox.ini
