contrib/build-farm/images/drone/build-ubuntu13_04-docker.sh
contrib/build-farm/images/drone/build-ubuntu13_04-qcow2.sh
contrib/build-farm/images/drone/Dockerfile
contrib/build-farm/images/drone/elements/drone/install.d/02-install-drone
contrib/build-farm/images/jenkins/build-ubuntu13_04-docker.sh
contrib/build-farm/images/jenkins/build-ubuntu13_04-qcow2.sh
contrib/build-farm/images/jenkins/Dockerfile
contrib/build-farm/images/jenkins/elements/jenkins/install.d/02-install-jenkins
contrib/devstack/extras.d/70-solum.sh
contrib/devstack/lib/solum
contrib/devstack/local.conf
contrib/devstack/setup_devstack.sh
contrib/diskimage-builder/build-fedora19.sh
contrib/diskimage-builder/build-ubuntu13_04.sh
contrib/diskimage-builder/elements/tomcat/install.d/02-install-tomcat
contrib/example-gitpush/create-app
contrib/example-gitpush/deploy-app
contrib/example-gitpush/install
contrib/example-gitpush/prepare
contrib/git-hook/post-receive
contrib/infra/build-farm/images/drone/build-ubuntu12_04-docker.sh
contrib/infra/build-farm/images/drone/build-ubuntu12_04-qcow2.sh
contrib/infra/build-farm/images/drone/build-ubuntu13_04-docker.sh
contrib/infra/build-farm/images/drone/build-ubuntu13_04-qcow2.sh
contrib/infra/build-farm/images/drone/Dockerfile
contrib/infra/build-farm/images/drone/elements/drone/install.d/02-install-drone
contrib/infra/build-farm/images/guestagent/build-ubuntu12_04-docker.sh
contrib/infra/build-farm/images/guestagent/build-ubuntu12_04-qcow2.sh
contrib/infra/build-farm/images/guestagent/Dockerfile
contrib/infra/build-farm/images/guestagent/elements/guestagent/install.d/02-install-guestagent
contrib/infra/build-farm/images/jenkins/build-ubuntu12_04-docker.sh
contrib/infra/build-farm/images/jenkins/build-ubuntu12_04-qcow2.sh
contrib/infra/build-farm/images/jenkins/build-ubuntu13_04-docker.sh
contrib/infra/build-farm/images/jenkins/build-ubuntu13_04-qcow2.sh
contrib/infra/build-farm/images/jenkins/Dockerfile
contrib/infra/build-farm/images/jenkins/elements/jenkins/install.d/02-install-jenkins
contrib/infra/source-control/images/gitolite/build-ubuntu12_04-docker.sh
contrib/infra/source-control/images/gitolite/build-ubuntu12_04-qcow2.sh
contrib/infra/source-control/images/gitolite/build-ubuntu13_04-docker.sh
contrib/infra/source-control/images/gitolite/build-ubuntu13_04-qcow2.sh
contrib/infra/source-control/images/gitolite/Dockerfile
contrib/infra/source-control/images/gitolite/elements/gitolite/install.d/02-install-gitolite
contrib/lp-cedarish/docker/app-common
contrib/lp-cedarish/docker/build-app
contrib/lp-cedarish/docker/fix_docker_first_boot
contrib/lp-cedarish/docker/prepare
contrib/lp-cedarish/docker/unittest-app
contrib/lp-cedarish/vm/build-app
contrib/lp-cedarish/vm/elements/cedarish/element-deps
contrib/lp-cedarish/vm/elements/cedarish/install.d/02-install-cedarish
contrib/lp-cedarish/vm/elements/cedarish/post-install.d/09-cleanup
contrib/lp-cedarish/vm/prepare
contrib/lp-cedarish/vm-slug/build-app
contrib/lp-cedarish/vm-slug/build-cedarish
contrib/lp-cedarish/vm-slug/build-slug
contrib/lp-cedarish/vm-slug/download-cedarish
contrib/lp-cedarish/vm-slug/get_docker_io.sh
contrib/lp-cedarish/vm-slug/prepare
contrib/lp-cedarish/vm/user-data.txt
contrib/lp-dockerfile/docker/build-app
contrib/lp-dockerfile/docker/prepare
CONTRIBUTING.rst
.coveragerc
coverage.sh
doc/source/configure_and_run/index.rst
doc/source/conf.py
doc/source/contribute/index.rst
doc/source/contributing.rst
doc/source/develop_applications/index.rst
doc/source/develop_applications/webapi/builder_v1.rst
doc/source/develop_applications/webapi/index.rst
doc/source/develop_applications/webapi/v1.rst
doc/source/develop_applications/webapi/version.rst
doc/source/getting_started/index.rst
doc/source/index.rst
doc/source/installation.rst
doc/source/install/index.rst
doc/source/man/index.rst
doc/source/man/solum-db-manage.rst
doc/source/readme.rst
doc/source/usage.rst
doc/source/webapi/index.rst
doc/source/webapi/v1.rst
etc/solum/solum.conf.sample
etc/solum/templates/basic_for_docker.yaml
etc/solum/templates/basic.yaml
etc/solum/templates/empty.yaml
etc/solum/templates/infra.yaml
etc/solum/workbooks/build_deploy.yaml
etc/solum/workbooks/build.yaml
example_plans/ex1.yaml
examples/language-packs/chef/Dockerfile
examples/language-packs/chef/Gemfile
examples/language-packs/chef/testgem.sh
examples/language-packs/go/Dockerfile
examples/language-packs/go/hello.go
examples/language-packs/go/testgo.sh
examples/plans/docker_registry.yaml
examples/plans/ex1.yaml
examples/plans/ghost.yaml
examples/plans/mysql.yaml
examples/plans/solum-pep8.yaml
functionaltests/api/base.py
functionaltests/api/__init__.py
functionaltests/api/test_versions.py
functionaltests/api/v1/__init__.py
functionaltests/api/v1/public/__init__.py
functionaltests/api/v1/public/test_trigger.py
functionaltests/api/v1/test_assembly.py
functionaltests/api/v1/test_component.py
functionaltests/api/v1/test_extension.py
functionaltests/api/v1/test_language_pack.py
functionaltests/api/v1/test_operation.py
functionaltests/api/v1/test_plan.py
functionaltests/api/v1/test_root.py
functionaltests/api/v1/test_sensor.py
functionaltests/api/v1/test_service.py
functionaltests/gate_hook.sh
functionaltests/__init__.py
functionaltests/post_test_hook.sh
functionaltests/pre_test_hook.sh
functionaltests/run_tests.sh
HACKING.rst
LICENSE
MANIFEST.in
openstack-common.conf
README.md
README.rst
requirements.txt
setup.cfg
setup.py
solum/api/app.py
solum/api/auth.py
solum/api/config.py
solum/api/controllers/common_types.py
solum/api/controllers/__init__.py
solum/api/controllers/root.py
solum/api/controllers/v1/assembly.py
solum/api/controllers/v1/component.py
solum/api/controllers/v1/datamodel/assembly.py
solum/api/controllers/v1/datamodel/component.py
solum/api/controllers/v1/datamodel/execution.py
solum/api/controllers/v1/datamodel/extension.py
solum/api/controllers/v1/datamodel/infrastructure.py
solum/api/controllers/v1/datamodel/__init__.py
solum/api/controllers/v1/datamodel/language_pack.py
solum/api/controllers/v1/datamodel/operation.py
solum/api/controllers/v1/datamodel/pipeline.py
solum/api/controllers/v1/datamodel/plan.py
solum/api/controllers/v1/datamodel/sensor.py
solum/api/controllers/v1/datamodel/service.py
solum/api/controllers/v1/datamodel/types.py
solum/api/controllers/v1/execution.py
solum/api/controllers/v1/extension.py
solum/api/controllers/v1/infrastructure.py
solum/api/controllers/v1/__init__.py
solum/api/controllers/v1/language_pack.py
solum/api/controllers/v1/operation.py
solum/api/controllers/v1/pipeline.py
solum/api/controllers/v1/plan.py
solum/api/controllers/v1/pub/__init__.py
solum/api/controllers/v1/public.py
solum/api/controllers/v1/pub/trigger.py
solum/api/controllers/v1.py
solum/api/controllers/v1/root.py
solum/api/controllers/v1/sensor.py
solum/api/controllers/v1/service.py
solum/api/controllers/v1/types.py
solum/api/handlers/assembly_handler.py
solum/api/handlers/component_handler.py
solum/api/handlers/extension_handler.py
solum/api/handlers/handler.py
solum/api/handlers/infrastructure_handler.py
solum/api/handlers/__init__.py
solum/api/handlers/language_pack_handler.py
solum/api/handlers/operation_handler.py
solum/api/handlers/pipeline_handler.py
solum/api/handlers/plan_handler.py
solum/api/handlers/sensor_handler.py
solum/api/handlers/service_handler.py
solum/api/__init__.py
solum/builder/app.py
solum/builder/config.py
solum/builder/controllers/__init__.py
solum/builder/controllers/root.py
solum/builder/controllers/v1/image.py
solum/builder/controllers/v1/__init__.py
solum/builder/controllers/v1/root.py
solum/builder/handlers/image_handler.py
solum/builder/handlers/__init__.py
solum/builder/__init__.py
solum/cmd/api.py
solum/cmd/builder.py
solum/cmd/conductor.py
solum/cmd/db_manage.py
solum/cmd/deployer.py
solum/cmd/__init__.py
solum/cmd/worker.py
solum/common/catalog.py
solum/common/clients.py
solum/common/context.py
solum/common/exception.py
solum/common/heat_utils.py
solum/common/__init__.py
solum/common/rpc/__init__.py
solum/common/rpc/service.py
solum/common/safe_utils.py
solum/common/service.py
solum/common/solum_keystoneclient.py
solum/common/trace_data.py
solum/common/urlfetch.py
solum/common/yamlutils.py
solum/conductor/api.py
solum/conductor/config.py
solum/conductor/handlers/default.py
solum/conductor/handlers/__init__.py
solum/conductor/__init__.py
solum/config.py
solum/deployer/api.py
solum/deployer/config.py
solum/deployer/handlers/default.py
solum/deployer/handlers/heat.py
solum/deployer/handlers/__init__.py
solum/deployer/handlers/noop.py
solum/deployer/__init__.py
solum/__init__.py
solum/mistral_actions/builder.py
solum/mistral_actions/heat.py
solum/mistral_actions/__init__.py
solum/objects/application.py
solum/objects/assembly.py
solum/objects/base.py
solum/objects/compiler_versions.py
solum/objects/component.py
solum/objects/execution.py
solum/objects/extension.py
solum/objects/image.py
solum/objects/infrastructure_stack.py
solum/objects/__init__.py
solum/objects/language_pack.py
solum/objects/operation.py
solum/objects/os_platform.py
solum/objects/pipeline.py
solum/objects/plan.py
solum/objects/registry.py
solum/objects/sensor.py
solum/objects/service.py
solum/objects/sqlalchemy/application.py
solum/objects/sqlalchemy/assembly.py
solum/objects/sqlalchemy/component.py
solum/objects/sqlalchemy/execution.py
solum/objects/sqlalchemy/extension.py
solum/objects/sqlalchemy/image.py
solum/objects/sqlalchemy/infrastructure_stack.py
solum/objects/sqlalchemy/__init__.py
solum/objects/sqlalchemy/language_pack.py
solum/objects/sqlalchemy/migration/alembic.ini
solum/objects/sqlalchemy/migration/alembic_migrations/env.py
solum/objects/sqlalchemy/migration/alembic_migrations/__init__.py
solum/objects/sqlalchemy/migration/alembic_migrations/script.py.mako
solum/objects/sqlalchemy/migration/alembic_migrations/versions/12d90235e174_add_uri_to_component.py
solum/objects/sqlalchemy/migration/alembic_migrations/versions/1767df1e2659_add_extension.py
solum/objects/sqlalchemy/migration/alembic_migrations/versions/18b94e085cf9_update_component_foreign_keys.py
solum/objects/sqlalchemy/migration/alembic_migrations/versions/23f2a946d20e_update_lp_table_to_match_model.py
solum/objects/sqlalchemy/migration/alembic_migrations/versions/27e7701946fe_add_missing_description_field.py
solum/objects/sqlalchemy/migration/alembic_migrations/versions/2e60bd23410d_add_trigger_to_assembly.py
solum/objects/sqlalchemy/migration/alembic_migrations/versions/365ff074069c_add_language_pack_table.py
solum/objects/sqlalchemy/migration/alembic_migrations/versions/37d6ad94f2ce_add_service_table.py
solum/objects/sqlalchemy/migration/alembic_migrations/versions/396a439167dc_add_component.py
solum/objects/sqlalchemy/migration/alembic_migrations/versions/3d1c8e21f103_add_sensor.py
solum/objects/sqlalchemy/migration/alembic_migrations/versions/3d69d7ff26cb_add_image_table.py
solum/objects/sqlalchemy/migration/alembic_migrations/versions/3f2eaf30c19f_add_assembly.py
solum/objects/sqlalchemy/migration/alembic_migrations/versions/44fcd06e4009_add_status_to_assembly.py
solum/objects/sqlalchemy/migration/alembic_migrations/versions/46ffedad6d56_add_operation.py
solum/objects/sqlalchemy/migration/alembic_migrations/versions/498adc6185ae_create_initial_db_schema.py
solum/objects/sqlalchemy/migration/alembic_migrations/versions/498adc6185ae_drop_service_from_language_pack.py
solum/objects/sqlalchemy/migration/alembic_migrations/versions/49f732ce446c_update_plan_raw_content.py
solum/objects/sqlalchemy/migration/alembic_migrations/versions/4d72260e56e_merge_plan_and_application.py
solum/objects/sqlalchemy/migration/alembic_migrations/versions/4ee48e775ad7_add_application_uri_to_assembly.py
solum/objects/sqlalchemy/migration/alembic_migrations/versions/594288b1585a_initial_schema.py
solum/objects/sqlalchemy/migration/alembic_migrations/versions/9012e1a6ff1_add_more_to_image.py
solum/objects/sqlalchemy/migration/alembic_migrations/versions/a42f578cef8_add_plan.py
solum/objects/sqlalchemy/migration/__init__.py
solum/objects/sqlalchemy/models.py
solum/objects/sqlalchemy/operation.py
solum/objects/sqlalchemy/pipeline.py
solum/objects/sqlalchemy/plan.py
solum/objects/sqlalchemy/sensor.py
solum/objects/sqlalchemy/service.py
solum/openstack/common/config/generator.py
solum/openstack/common/config/__init__.py
solum/openstack/common/context.py
solum/openstack/common/db/api.py
solum/openstack/common/db/exception.py
solum/openstack/common/db/__init__.py
solum/openstack/common/db/sqlalchemy/__init__.py
solum/openstack/common/db/sqlalchemy/migration_cli/ext_alembic.py
solum/openstack/common/db/sqlalchemy/migration_cli/ext_base.py
solum/openstack/common/db/sqlalchemy/migration_cli/ext_migrate.py
solum/openstack/common/db/sqlalchemy/migration_cli/__init__.py
solum/openstack/common/db/sqlalchemy/migration_cli/manager.py
solum/openstack/common/db/sqlalchemy/migration.py
solum/openstack/common/db/sqlalchemy/models.py
solum/openstack/common/db/sqlalchemy/provision.py
solum/openstack/common/db/sqlalchemy/session.py
solum/openstack/common/db/sqlalchemy/test_migrations.py
solum/openstack/common/db/sqlalchemy/utils.py
solum/openstack/common/excutils.py
solum/openstack/common/fileutils.py
solum/openstack/common/fixture/config.py
solum/openstack/common/fixture/__init__.py
solum/openstack/common/fixture/lockutils.py
solum/openstack/common/fixture/mockpatch.py
solum/openstack/common/fixture/moxstubout.py
solum/openstack/common/gettextutils.py
solum/openstack/common/importutils.py
solum/openstack/common/__init__.py
solum/openstack/common/jsonutils.py
solum/openstack/common/local.py
solum/openstack/common/lockutils.py
solum/openstack/common/log.py
solum/openstack/common/py3kcompat/__init__.py
solum/openstack/common/py3kcompat/urlutils.py
solum/openstack/common/strutils.py
solum/openstack/common/test.py
solum/openstack/common/timeutils.py
solum/openstack/common/uuidutils.py
solum/openstack/common/versionutils.py
solum/openstack/__init__.py
solum/tests/api/base.py
solum/tests/api/controllers/__init__.py
solum/tests/api/controllers/v1/__init__.py
solum/tests/api/controllers/v1/public/__init__.py
solum/tests/api/controllers/v1/public/test_trigger.py
solum/tests/api/controllers/v1/test_assembly.py
solum/tests/api/controllers/v1/test_component.py
solum/tests/api/controllers/v1/test_extension.py
solum/tests/api/controllers/v1/test_infrastructure.py
solum/tests/api/controllers/v1/test_language_pack.py
solum/tests/api/controllers/v1/test_operation.py
solum/tests/api/controllers/v1/test_pipeline.py
solum/tests/api/controllers/v1/test_plan.py
solum/tests/api/controllers/v1/test_sensor.py
solum/tests/api/controllers/v1/test_service.py
solum/tests/api/controllers/v1/test_types.py
solum/tests/api/handlers/__init__.py
solum/tests/api/handlers/test_assembly.py
solum/tests/api/handlers/test_component.py
solum/tests/api/handlers/test_extension.py
solum/tests/api/handlers/test_infrastructure.py
solum/tests/api/handlers/test_lp_handler.py
solum/tests/api/handlers/test_operation.py
solum/tests/api/handlers/test_pipeline.py
solum/tests/api/handlers/test_plan.py
solum/tests/api/handlers/test_sensor.py
solum/tests/api/handlers/test_service.py
solum/tests/api/__init__.py
solum/tests/api/test_app.py
solum/tests/api/test_auth.py
solum/tests/api/test_functional.py
solum/tests/api/v1/__init__.py
solum/tests/api/v1/public/__init__.py
solum/tests/api/v1/public/test_trigger.py
solum/tests/api/v1/test_assembly.py
solum/tests/api/v1/test_component.py
solum/tests/api/v1/test_extension.py
solum/tests/api/v1/test_functional.py
solum/tests/api/v1/test_infrastructure.py
solum/tests/api/v1/test_language_pack.py
solum/tests/api/v1/test_lp_handler.py
solum/tests/api/v1/test_operation.py
solum/tests/api/v1/test_pipeline.py
solum/tests/api/v1/test_plan.py
solum/tests/api/v1/test_sensor.py
solum/tests/api/v1/test_service.py
solum/tests/api/v1/test_types.py
solum/tests/base.py
solum/tests/builder/handlers/__init__.py
solum/tests/builder/handlers/test_image.py
solum/tests/builder/__init__.py
solum/tests/builder/v1/__init__.py
solum/tests/builder/v1/test_image.py
solum/tests/common/__init__.py
solum/tests/common/rpc/__init__.py
solum/tests/common/rpc/test_service.py
solum/tests/common/test_catalog.py
solum/tests/common/test_clients.py
solum/tests/common/test_context.py
solum/tests/common/test_exception_base.py
solum/tests/common/test_service.py
solum/tests/common/test_solum_keystoneclient.py
solum/tests/common/test_trace_data.py
solum/tests/common/test_urlfetch.py
solum/tests/common/test_yamlutils.py
solum/tests/conductor/handlers/__init__.py
solum/tests/conductor/handlers/test_default.py
solum/tests/conductor/__init__.py
solum/tests/deployer/handlers/__init__.py
solum/tests/deployer/handlers/test_default.py
solum/tests/deployer/handlers/test_heat.py
solum/tests/deployer/handlers/test_noop.py
solum/tests/deployer/__init__.py
solum/tests/fakes.py
solum/tests/__init__.py
solum/tests/objects/__init__.py
solum/tests/objects/test_assembly.py
solum/tests/objects/test_compiler_versions.py
solum/tests/objects/test_component.py
solum/tests/objects/test_execution.py
solum/tests/objects/test_extension.py
solum/tests/objects/test_image.py
solum/tests/objects/test_infrastructure_stack.py
solum/tests/objects/test_language_pack.py
solum/tests/objects/test_objects_sqlalchemy.py
solum/tests/objects/test_operation.py
solum/tests/objects/test_os_platform.py
solum/tests/objects/test_pipeline.py
solum/tests/objects/test_plan.py
solum/tests/objects/test_sensor.py
solum/tests/objects/test_service.py
solum/tests/objects/test_sqlalchemy.py
solum/tests/test_db_manage.py
solum/tests/test_exception_base.py
solum/tests/test_service.py
solum/tests/test_solum.py
solum/tests/test_version.py
solum/tests/utils.py
solum/tests/worker/handlers/__init__.py
solum/tests/worker/handlers/test_default.py
solum/tests/worker/handlers/test_noop.py
solum/tests/worker/handlers/test_shell_nobuild.py
solum/tests/worker/handlers/test_shell.py
solum/tests/worker/handlers/test_subprocess.py
solum/tests/worker/__init__.py
solum/version.py
solum/worker/api.py
solum/worker/config.py
solum/worker/handlers/default.py
solum/worker/handlers/__init__.py
solum/worker/handlers/noop.py
solum/worker/handlers/shell_nobuild.py
solum/worker/handlers/shell.py
solum/worker/handlers/subprocess.py
solum/worker/__init__.py
.testr.conf
test-requirements.txt
tools/check_for_alembic_branches.sh
tools/config/check_uptodate.sh
tools/config/generate_sample.sh
tools/config/oslo.config.generator.rc
tools/send-echo-to-worker.py
tox.ini
