bootstrap/bootstrap.xml
bootstrap/configure-baremetal-network
bootstrap/configure-bootstrap-vm
bootstrap/configure-seed-vm
bootstrap/img-build-sudoers
bootstrap/make-bootstrap-image
bootstrap/seed.xml
cloudprompt
Deploying.md
devtest.md
doc/ext/extract_docs.py
doc/ext/__init__.py
docs/ci.md
doc/source/conf.py
doc/source/deploying.rst
doc/source/index.rst
doc/source/neutron_notes.rst
doc/source/resources.rst
doc/source/troubleshooting.rst
doc/source/userguide.rst
image-config/bootstrap/install.d/40-haveged
image-config/bootstrap/install.d/50-user
image-config/bootstrap/install.d/51-grub
image-config/bootstrap/install.d/52-image-toolchain
image-config/bootstrap/install.d/60-image-toolchain
image-config/bootstrap/install.d/61-http-proxy
image-config/bootstrap/install.d/62-ssh-key
image-config/bootstrap/install.d/97-haveged
image-config/bootstrap/install.d/98-baremetal-network
image-config/bootstrap/install.d/99-ssh
image-config/bootstrap/pre-install.d/10-apt-no-translations
image-config/controller/first-boot.d/05-ipforwarding
image-config/controller/first-boot.d/10-ntp
image-config/controller/first-boot.d/15-mysql
image-config/controller/first-boot.d/20-rabbitmq
image-config/controller/first-boot.d/30-keystone
image-config/controller/first-boot.d/31-keystone-data
image-config/controller/first-boot.d/32-keystone-endpoints
image-config/controller/first-boot.d/40-glance
image-config/controller/first-boot.d/50-nova
image-config/controller/first-boot.d/defaults
image-config/controller/install.d/05-controller-code-deps
image-config/controller/install.d/10-controller-openstack-deps
image-config/controller/install.d/20-dkms-iscsi
image-config/controller/install.d/99-clean-apt
image-config/demo/install.d/10-salt
image-config/demo/pre-install.d/10-salt
image-config/local-config/install.d/61-http-proxy
image-config/local-config/install.d/62-ssh-key
image-config/swift/install.d/10-swift-deps
images/baremetal-bootstrap.dia
images/baremetal-build-and-test-cycle.dia
images/baremetal-build-images.dia
images/baremetal-deploy.odp
images/baremetal-discovery.odp
images/nova-baremetal-deploy-process.dia
images/tripleo-concept.odp
images/tripleo-overview.dia
libvirt-templates/libvirtxml.tmpl
LICENSE
localrc
neutron_notes.md
notes.md
other-requirements.txt
overcloudrc
overcloudrc-user
presentations/TripleO architecture overview.odp
quantum_notes.md
README.md
README.rst
resources.md
scripts/assert-admin-users
scripts/assert-user
scripts/assert-users
scripts/automate-bm/init.py
scripts/automate-bm/template.qcow2
scripts/bm_poser/bm_poser
scripts/bm_poser/lib/functions.py
scripts/bm_poser/lib/__init__.py
scripts/bm_poser/lib/settings.py
scripts/bm_poser/lib/template.xml
scripts/bm_poseur/bm_poseur
scripts/bm_poseur/lib/actions.py
scripts/bm_poseur/lib/__init__.py
scripts/bm_poseur/lib/settings.py
scripts/bm_poseur/lib/template.qcow2
scripts/bm_poseur/lib/template.xml
scripts/bm-setup.sh
scripts/boot-elements
scripts/boot-seed-vm
scripts/cleanup-env
scripts/common-functions
scripts/configure-vm
scripts/create-baremetal-deploy-ramdisk.sh
scripts/create-baremetal-image.sh
scripts/createBmGlanceDeployRamdisk.sh
scripts/createBmImage.sh
scripts/create-nodes
scripts/defaults
scripts/demo
scripts/deploystack
scripts/devtest_end.sh
scripts/devtest_overcloud.sh
scripts/devtest_ramdisk.sh
scripts/devtest_seed.sh
scripts/devtest_setup.sh
scripts/devtest.sh
scripts/devtest_testenv.sh
scripts/devtest_undercloud.sh
scripts/devtest_update_network.sh
scripts/devtest_variables.sh
scripts/extract-docs
scripts/extract-docs.awk
scripts/fixup-devstack.sh
scripts/functions
scripts/generate-user-data.sh
scripts/get-vm-ip
scripts/get-vm-mac
scripts/img-defaults
scripts/img-functions
scripts/init-keystone
scripts/init_nova_bm_db.sql
scripts/install.d/05-tripleo-core-deps
scripts/install.d/10-salt
scripts/install.d/99-unblock_daemons
scripts/install-dependencies
scripts/in_target.d/10-salt
scripts/loadimage
scripts/load-image
scripts/openstack-images.sh
scripts/os-adduser
scripts/os-make-password
scripts/outage-bot
scripts/populate-nova-bm-db.sh
scripts/pre-install.d/00-block_daemons
scripts/pre-install.d/01-enable-ppas
scripts/pre-install.d/02-ppa-tripleo
scripts/pre-install.d/10-salt
scripts/pre-install.d/99-apt-update
scripts/prepare-devstack-for-baremetal.sh
scripts/pull-tools
scripts/refresh-env
scripts/register-endpoint
scripts/register-nodes
scripts/select-cloud
scripts/send-irc
scripts/set-os-type
scripts/set-pip-vars
scripts/set-source-vars
scripts/setup-baremetal
scripts/setup-clienttools
scripts/setup-endpoints
scripts/setup-env
scripts/setup-network
scripts/setup-neutron
scripts/setup-overcloud-passwords
scripts/setup-passwords
scripts/setup-seed-vm
scripts/setup-undercloud-passwords
scripts/set-usergroup-membership
scripts/stack-ready
scripts/takeovernode
scripts/update-admin-ssh-keys
scripts/user-config
scripts/user-setup.sh
scripts/wait_for
scripts/wait_for_hypervisor_stats
scripts/wait_for_stack_ready
scripts/write-tripleorc
seedrc
setup.cfg
setup.py
stacks/1box.yaml
stacks/all-by-class.yaml
stacks/all-components.yaml
stacks/keystone-autoscale.yaml
stacks/keystone.yaml
stacks/one-component.yaml
stacks/rabbitmq.yaml
templates/brbm.xml
templates/vm.xml
test-requirements.txt
tox.ini
tripleo-cloud/ssh-keys/derekh
tripleo-cloud/ssh-keys/devananda
tripleo-cloud/ssh-keys/dprince
tripleo-cloud/ssh-keys/GheRivero
tripleo-cloud/ssh-keys/greghaynes
tripleo-cloud/ssh-keys/jog0
tripleo-cloud/ssh-keys/lifeless
tripleo-cloud/ssh-keys/Ng
tripleo-cloud/ssh-keys/slagle
tripleo-cloud/ssh-keys/SpamapS
tripleo-cloud/ssh-keys/tchaypo
tripleo-cloud/tripleo-cd-admins
tripleo-cloud/tripleo-cd-ssh-keys
tripleo-cloud/tripleo-cd-users
troubleshooting.md
undercloudrc
