docs/conf.py
docs/index.rst
docs/installation.rst
docs/make.bat
doc/source/conf.py
doc/source/index.rst
doc/source/installation.rst
doc/source/ref/backend.rst
doc/source/ref/forms.rst
doc/source/ref/user.rst
doc/source/ref/utils.rst
doc/source/ref/views.rst
docs/ref/backend.rst
docs/ref/forms.rst
docs/ref/user.rst
docs/ref/utils.rst
docs/ref/views.rst
LICENSE
MANIFEST.in
openstack_auth/backend.py
openstack_auth/exceptions.py
openstack_auth/forms.py
openstack_auth/__init__.py
openstack_auth/locale/ar/LC_MESSAGES/django.mo
openstack_auth/locale/ca/LC_MESSAGES/django.mo
openstack_auth/locale/de/LC_MESSAGES/django.mo
openstack_auth/locale/en_AU/LC_MESSAGES/django.mo
openstack_auth/locale/en_GB/LC_MESSAGES/django.mo
openstack_auth/locale/en/LC_MESSAGES/django.mo
openstack_auth/locale/es/LC_MESSAGES/django.mo
openstack_auth/locale/es_MX/LC_MESSAGES/django.mo
openstack_auth/locale/fr/LC_MESSAGES/django.mo
openstack_auth/locale/hi/LC_MESSAGES/django.mo
openstack_auth/locale/ja/LC_MESSAGES/django.mo
openstack_auth/locale/ko_KR/LC_MESSAGES/django.mo
openstack_auth/locale/nl_NL/LC_MESSAGES/django.mo
openstack_auth/locale/pa_IN/LC_MESSAGES/django.mo
openstack_auth/locale/pl_PL/LC_MESSAGES/django.mo
openstack_auth/locale/pt_BR/LC_MESSAGES/django.mo
openstack_auth/locale/pt/LC_MESSAGES/django.mo
openstack_auth/locale/ru/LC_MESSAGES/django.mo
openstack_auth/locale/sl_SI/LC_MESSAGES/django.mo
openstack_auth/locale/sr/LC_MESSAGES/django.mo
openstack_auth/locale/tr_TR/LC_MESSAGES/django.mo
openstack_auth/locale/uk/LC_MESSAGES/django.mo
openstack_auth/locale/zh_CN/LC_MESSAGES/django.mo
openstack_auth/locale/zh_TW/LC_MESSAGES/django.mo
openstack_auth/tests/data.py
openstack_auth/tests/data_v2.py
openstack_auth/tests/data_v3.py
openstack_auth/tests/__init__.py
openstack_auth/tests/models.py
openstack_auth/tests/run_tests.py
openstack_auth/tests/settings.py
openstack_auth/tests/templates/auth/blank.html
openstack_auth/tests/templates/auth/login.html
openstack_auth/tests/tests.py
openstack_auth/tests/urls.py
openstack_auth/urls.py
openstack_auth/user.py
openstack_auth/utils.py
openstack_auth/views.py
README.rst
requirements.txt
setup.cfg
setup.py
test-requirements.txt
tox.ini
.tx/config
