AUTHORS
.coveragerc
doc/source/commands.rst
doc/source/conf.py
doc/source/index.rst
doc/source/man/openstack.rst
doc/source/plugins.rst
doc/source/releases.rst
doc/source/_static/basic.css
doc/source/_static/default.css
doc/source/_static/header-line.gif
doc/source/_static/jquery.tweet.js
doc/source/_static/nature.css
doc/source/_static/tweaks.css
doc/source/_theme/layout.html
doc/source/_theme/theme.conf
docs/source/conf.py
docs/source/index.rst
HACKING
HACKING.rst
LICENSE
MANIFEST.in
openstackclient/common/clientmanager.py
openstackclient/common/commandmanager.py
openstackclient/common/command.py
openstackclient/common/exceptions.py
openstackclient/common/extension.py
openstackclient/common/__init__.py
openstackclient/common/limits.py
openstackclient/common/module.py
openstackclient/common/openstackkeyring.py
openstackclient/common/parseractions.py
openstackclient/common/quota.py
openstackclient/common/restapi.py
openstackclient/common/timing.py
openstackclient/common/utils.py
openstackclient/compute/client.py
openstackclient/compute/__init__.py
openstackclient/compute/v2/agent.py
openstackclient/compute/v2/aggregate.py
openstackclient/compute/v2/console.py
openstackclient/compute/v2/fixedip.py
openstackclient/compute/v2/flavor.py
openstackclient/compute/v2/floatingippool.py
openstackclient/compute/v2/floatingip.py
openstackclient/compute/v2/host.py
openstackclient/compute/v2/hypervisor.py
openstackclient/compute/v2/__init__.py
openstackclient/compute/v2/keypair.py
openstackclient/compute/v2/security_group.py
openstackclient/compute/v2/server.py
openstackclient/compute/v2/service.py
openstackclient/compute/v2/usage.py
openstackclient/identity/client.py
openstackclient/identity/common.py
openstackclient/identity/__init__.py
openstackclient/identity/v2_0/ec2creds.py
openstackclient/identity/v2_0/endpoint.py
openstackclient/identity/v2_0/__init__.py
openstackclient/identity/v2_0/project.py
openstackclient/identity/v2_0/role.py
openstackclient/identity/v2_0/service.py
openstackclient/identity/v2_0/tenant.py
openstackclient/identity/v2_0/token.py
openstackclient/identity/v2_0/user.py
openstackclient/identity/v3/consumer.py
openstackclient/identity/v3/credential.py
openstackclient/identity/v3/domain.py
openstackclient/identity/v3/endpoint.py
openstackclient/identity/v3/group.py
openstackclient/identity/v3/identity_provider.py
openstackclient/identity/v3/__init__.py
openstackclient/identity/v3/oauth.py
openstackclient/identity/v3/policy.py
openstackclient/identity/v3/project.py
openstackclient/identity/v3/role_assignment.py
openstackclient/identity/v3/role.py
openstackclient/identity/v3/service.py
openstackclient/identity/v3/token.py
openstackclient/identity/v3/user.py
openstackclient/image/client.py
openstackclient/image/__init__.py
openstackclient/image/v1/image.py
openstackclient/image/v1/__init__.py
openstackclient/image/v2/image.py
openstackclient/image/v2/__init__.py
openstackclient/__init__.py
openstackclient/network/client.py
openstackclient/network/common.py
openstackclient/network/__init__.py
openstackclient/network/v2_0/__init__.py
openstackclient/network/v2_0/network.py
openstackclient/network/v2/__init__.py
openstackclient/network/v2/network.py
openstackclient/object/client.py
openstackclient/object/__init__.py
openstackclient/object/v1/container.py
openstackclient/object/v1/__init__.py
openstackclient/object/v1/lib/container.py
openstackclient/object/v1/lib/__init__.py
openstackclient/object/v1/lib/object.py
openstackclient/object/v1/object.py
openstackclient/openstack/common/cfg.py
openstackclient/openstack/common/gettextutils.py
openstackclient/openstack/common/iniparser.py
openstackclient/openstack/common/__init__.py
openstackclient/openstack/common/setup.py
openstackclient/openstack/common/strutils.py
openstackclient/openstack/__init__.py
openstackclient/shell.py
openstackclient/tests/common/__init__.py
openstackclient/tests/common/test_clientmanager.py
openstackclient/tests/common/test_commandmanager.py
openstackclient/tests/common/test_extension.py
openstackclient/tests/common/test_module.py
openstackclient/tests/common/test_parseractions.py
openstackclient/tests/common/test_restapi.py
openstackclient/tests/common/test_timing.py
openstackclient/tests/common/test_utils.py
openstackclient/tests/compute/__init__.py
openstackclient/tests/compute/test_compute.py
openstackclient/tests/compute/v2/fakes.py
openstackclient/tests/compute/v2/__init__.py
openstackclient/tests/compute/v2/test_server.py
openstackclient/tests/fakes.py
openstackclient/tests/identity/fakes.py
openstackclient/tests/identity/__init__.py
openstackclient/tests/identity/test_identity.py
openstackclient/tests/identity/v2_0/fakes.py
openstackclient/tests/identity/v2_0/__init__.py
openstackclient/tests/identity/v2_0/test_endpoint.py
openstackclient/tests/identity/v2_0/test_identity.py
openstackclient/tests/identity/v2_0/test_project.py
openstackclient/tests/identity/v2_0/test_projects.py
openstackclient/tests/identity/v2_0/test_role.py
openstackclient/tests/identity/v2_0/test_service.py
openstackclient/tests/identity/v2_0/test_token.py
openstackclient/tests/identity/v2_0/test_user.py
openstackclient/tests/identity/v2_0/test_users.py
openstackclient/tests/identity/v3/fakes.py
openstackclient/tests/identity/v3/__init__.py
openstackclient/tests/identity/v3/test_consumer.py
openstackclient/tests/identity/v3/test_group.py
openstackclient/tests/identity/v3/test_identity_provider.py
openstackclient/tests/identity/v3/test_identity.py
openstackclient/tests/identity/v3/test_oauth.py
openstackclient/tests/identity/v3/test_project.py
openstackclient/tests/identity/v3/test_role_assignment.py
openstackclient/tests/identity/v3/test_role.py
openstackclient/tests/identity/v3/test_service.py
openstackclient/tests/identity/v3/test_token.py
openstackclient/tests/identity/v3/test_user.py
openstackclient/tests/image/__init__.py
openstackclient/tests/image/test_image.py
openstackclient/tests/image/v1/fakes.py
openstackclient/tests/image/v1/__init__.py
openstackclient/tests/image/v1/test_image.py
openstackclient/tests/image/v2/fakes.py
openstackclient/tests/image/v2/__init__.py
openstackclient/tests/image/v2/test_image.py
openstackclient/tests/__init__.py
openstackclient/tests/network/common.py
openstackclient/tests/network/__init__.py
openstackclient/tests/network/test_common.py
openstackclient/tests/network/v2_0/__init__.py
openstackclient/tests/network/v2_0/test_network.py
openstackclient/tests/network/v2/__init__.py
openstackclient/tests/network/v2/test_network.py
openstackclient/tests/object/fakes.py
openstackclient/tests/object/__init__.py
openstackclient/tests/object/test_container.py
openstackclient/tests/object/test_object.py
openstackclient/tests/object/v1/fakes.py
openstackclient/tests/object/v1/__init__.py
openstackclient/tests/object/v1/lib/__init__.py
openstackclient/tests/object/v1/lib/test_container.py
openstackclient/tests/object/v1/lib/test_object.py
openstackclient/tests/object/v1/test_container.py
openstackclient/tests/object/v1/test_object.py
openstackclient/tests/test_shell.py
openstackclient/tests/utils.py
openstackclient/tests/volume/__init__.py
openstackclient/tests/volume/test_find_resource.py
openstackclient/tests/volume/test_volume.py
openstackclient/tests/volume/v1/fakes.py
openstackclient/tests/volume/v1/__init__.py
openstackclient/tests/volume/v1/test_volumecmd.py
openstackclient/tests/volume/v1/test_volume.py
openstackclient/utils.py.dt
openstackclient/volume/client.py
openstackclient/volume/__init__.py
openstackclient/volume/v1/backup.py
openstackclient/volume/v1/__init__.py
openstackclient/volume/v1/quota.py
openstackclient/volume/v1/snapshot.py
openstackclient/volume/v1/type.py
openstackclient/volume/v1/volume.py
openstack-common.conf
README.rst
requirements.txt
run_tests.sh
setup.cfg
setup.py
.testr.conf
test-requirements.txt
tests/common/test_clientmanager.py
tests/common/test_commandmanager.py
tests/common/test_parseractions.py
tests/compute/__init__.py
tests/compute/test_compute.py
tests/identity/__init__.py
tests/identity/test_identity.py
tests/image/__init__.py
tests/image/test_image.py
tests/__init__.py
tests/test_authors.py
tests/test_clientmanager_clientcache.py
tests/test_clientmanager.py
tests/test_shell.py
tests/test_utils.py
tests/utils.py
tests/volume/__init__.py
tests/volume/test_volume.py
tools/install_venv_common.py
tools/install_venv.py
tools/pip-requires
tools/test-requires
tools/with_venv.sh
tox.ini
