doc/source/conf.py
doc/source/_exts/members.py
doc/source/index.rst
doc/source/reference
doc/source/resolutions
doc/source/_static/.placeholder
pre-history/meetings
README.md
README.rst
reference/charter
reference/charter.rst
reference/extra-atcs
reference/incubation-integration-requirements
reference/incubation-integration-requirements.rst
reference/index.rst
reference/members
reference/membership.rst
reference/new-programs-requirements
reference/new-programs-requirements.rst
reference/programs.yaml
resolutions/20131106-ceilometer-and-heat-official-names
resolutions/20131106-ceilometer-and-heat-official-names.rst
resolutions/20140211-tc_defcore_response
resolutions/20140211-tc_defcore_response.rst
resolutions/20140402-defcore-designated-sections-guidelines
resolutions/20140402-defcore-designated-sections-guidelines.rst
resolutions/20140617-defcore-capabilities-scoring/defcore.csv
resolutions/20140617-defcore-capabilities-scoring/extract.py
resolutions/20140617-defcore-capabilities-scoring.rst
resolutions/20140711-election-activities.rst
resolutions/index.rst
resolutions/.placeholder
setup.cfg
setup.py
test-requirements.txt
tox.ini
