Berksfile
Berksfile.lock
CHANGELOG.md
Cheffile
Cheffile.lock
.chef/knife.rb
cookbooks/mysql/attributes/client.rb
cookbooks/mysql/attributes/server.rb
cookbooks/mysql/CHANGELOG.md
cookbooks/mysql/CONTRIBUTING
cookbooks/mysql/libraries/database.rb
cookbooks/mysql/libraries/helpers.rb
cookbooks/mysql/LICENSE
cookbooks/mysql/metadata.json
cookbooks/mysql/metadata.rb
cookbooks/mysql/recipes/client.rb
cookbooks/mysql/recipes/default.rb
cookbooks/mysql/recipes/server_ec2.rb
cookbooks/mysql/recipes/server.rb
cookbooks/mysql/templates/default/debian.cnf.erb
cookbooks/mysql/templates/default/grants.sql.erb
cookbooks/mysql/templates/default/my.cnf.erb
cookbooks/mysql/templates/default/mysql-server.seed.erb
cookbooks/mysql/templates/default/port_mysql.erb
cookbooks/mysql/templates/windows/my.cnf.erb
cookbooks/osops-utils/libraries/database.rb
cookbooks/osops-utils/libraries/ip_location.rb
cookbooks/osops-utils/libraries/patch.rb
cookbooks/osops-utils/metadata.rb
cookbooks/osops-utils/recipes/autoetchosts.rb
cookbooks/osops-utils/recipes/default.rb
cookbooks/rabbitmq/attributes/default.rb
cookbooks/rabbitmq/CHANGELOG.md
cookbooks/rabbitmq/CONTRIBUTING
cookbooks/rabbitmq/LICENSE
cookbooks/rabbitmq/metadata.rb
cookbooks/rabbitmq/providers/user.rb
cookbooks/rabbitmq/providers/vhost.rb
cookbooks/rabbitmq/recipes/default.rb
cookbooks/rabbitmq/resources/user.rb
cookbooks/rabbitmq/resources/vhost.rb
cookbooks/rabbitmq/templates/default/doterlang.cookie.erb
cookbooks/rabbitmq/templates/default/rabbitmq.config.erb
cookbooks/rabbitmq/templates/default/rabbitmq-env.conf.erb
documentation/glance.md
documentation/horizon.md
documentation/keystone.md
documentation/nova.md
documentation/omnigraffle/essex-roles.graffle
documentation/style-guide.md
environments/example.rb
environments/production.rb
environments/testing.rb
environments/vagrant-aio-neutron.json
environments/vagrant-aio-nova.json
environments/vagrant.json
environments/vagrant-multi-neutron.json
environments/vagrant.rb
Gemfile
Gemfile.lock
infrastructure.yml
LICENSE
README.md
roles/allinone-compute.json
roles/allinone-compute.rb
roles/allinone.rb
roles/base.rb
roles/ceph-mds.json
roles/ceph-mon.json
roles/ceph-osd.json
roles/ceph-radosgw.json
roles/ceph-tgt.json
roles/glance-api.rb
roles/glance-images.rb
roles/glance.rb
roles/glance-registry.rb
roles/horizon-server.rb
roles/keystone.rb
roles/lxc.rb
roles/mysql-master.rb
roles/nova-api-ec2.rb
roles/nova-api-os-compute.rb
roles/nova-scheduler.rb
roles/nova-setup.rb
roles/nova-vncproxy.rb
roles/nova-volume.rb
roles/os-base.json
roles/os-base.rb
roles/os-block-storage-api.json
roles/os-block-storage-api.rb
roles/os-block-storage.json
roles/os-block-storage.rb
roles/os-block-storage-scheduler.json
roles/os-block-storage-scheduler.rb
roles/os-block-storage-volume.json
roles/os-block-storage-volume.rb
roles/os-block-storage-worker.rb
roles/os-client.json
roles/os-client.rb
roles/os-compute-api-ec2.json
roles/os-compute-api-ec2.rb
roles/os-compute-api.json
roles/os-compute-api-metadata.json
roles/os-compute-api-metadata.rb
roles/os-compute-api-os-compute.json
roles/os-compute-api-os-compute.rb
roles/os-compute-api.rb
roles/os-compute-cert.json
roles/os-compute-cert.rb
roles/os-compute-conductor.json
roles/os-compute-conductor.rb
roles/os-compute-scheduler.json
roles/os-compute-scheduler.rb
roles/os-compute-setup.json
roles/os-compute-setup.rb
roles/os-compute-single-controller.json
roles/os-compute-single-controller-no-network.json
roles/os-compute-single-controller-no-network.rb
roles/os-compute-single-controller.rb
roles/os-compute-vncproxy.json
roles/os-compute-vncproxy.rb
roles/os-compute-worker.json
roles/os-compute-worker.rb
roles/os-dashboard.json
roles/os-dashboard.rb
roles/os-database.rb
roles/os-identity-api-admin.rb
roles/os-identity-api.rb
roles/os-identity.json
roles/os-identity.rb
roles/os-image-api.json
roles/os-image-api.rb
roles/os-image.json
roles/os-image.rb
roles/os-image-registry.json
roles/os-image-registry.rb
roles/os-image-upload.json
roles/os-image-upload.rb
roles/os-infra-caching.rb
roles/os-metering-agent-central.rb
roles/os-metering-agent-compute.rb
roles/os-metering-api.rb
roles/os-metering-collector.rb
roles/os-network-dhcp-agent.json
roles/os-network-dhcp-agent.rb
roles/os-network.json
roles/os-network-l3-agent.json
roles/os-network-l3-agent.rb
roles/os-network-metadata-agent.json
roles/os-network-metadata-agent.rb
roles/os-network-openvswitch.json
roles/os-network-openvswitch.rb
roles/os-network.rb
roles/os-network-server.json
roles/os-network-server.rb
roles/os-networks.rb
roles/os-object-storage-account.json
roles/os-object-storage-account.rb
roles/os-object-storage-container.json
roles/os-object-storage-container.rb
roles/os-object-storage.json
roles/os-object-storage-management.json
roles/os-object-storage-management.rb
roles/os-object-storage-object.json
roles/os-object-storage-object.rb
roles/os-object-storage-proxy.json
roles/os-object-storage-proxy.rb
roles/os-object-storage.rb
roles/os-ops-caching.json
roles/os-ops-caching.rb
roles/os-ops-database.json
roles/os-ops-database.rb
roles/os-ops-messaging.json
roles/os-ops-messaging.rb
roles/os-orchestration-api-cfn.json
roles/os-orchestration-api-cfn.rb
roles/os-orchestration-api-cloudwatch.json
roles/os-orchestration-api-cloudwatch.rb
roles/os-orchestration-api.json
roles/os-orchestration-api.rb
roles/os-orchestration-engine.json
roles/os-orchestration-engine.rb
roles/os-orchestration.json
roles/os-orchestration.rb
roles/os-telemetry-agent-central.json
roles/os-telemetry-agent-central.rb
roles/os-telemetry-agent-compute.json
roles/os-telemetry-agent-compute.rb
roles/os-telemetry-agent-notification.json
roles/os-telemetry-agent-notification.rb
roles/os-telemetry-alarm-evaluator.json
roles/os-telemetry-alarm-evaluator.rb
roles/os-telemetry-alarm-notifier.json
roles/os-telemetry-alarm-notifier.rb
roles/os-telemetry-api.json
roles/os-telemetry-api.rb
roles/os-telemetry-collector.json
roles/os-telemetry-collector.rb
roles/os-telemetry.json
roles/os-telemetry.rb
roles/rabbitmq-server.rb
roles/single-compute.rb
roles/single-controller.rb
TESTING.md
TODO.md
TODO.org
Vagabondfile
Vagrantfile
Vagrantfile-aio-neutron
Vagrantfile-aio-nova
Vagrantfile-multi-neutron
