cinder/transfer/api.py
cinder/transfer/__init__.py
cinder/units.py
cinder/utils.py
cinder/version.py
cinder/volume/api.py
cinder/volume/configuration.py
cinder/volume/driver.py
cinder/volume/drivers/block_device.py
cinder/volume/drivers/coraid.py
cinder/volume/drivers/emc/cinder_emc_config.xml.sample
cinder/volume/drivers/emc/emc_cli_fc.py
cinder/volume/drivers/emc/emc_cli_iscsi.py
cinder/volume/drivers/emc/emc_smis_common.py
cinder/volume/drivers/emc/emc_smis_fc.py
cinder/volume/drivers/emc/emc_smis_iscsi.py
cinder/volume/drivers/emc/emc_vnx_cli.py
cinder/volume/drivers/emc/__init__.py
cinder/volume/drivers/emc.py
cinder/volume/drivers/eqlx.py
cinder/volume/drivers/glusterfs.py
cinder/volume/drivers/gpfs.py
cinder/volume/drivers/hds/hds.py
cinder/volume/drivers/hds/hnas_backend.py
cinder/volume/drivers/hds/hus_backend.py
cinder/volume/drivers/hds/__init__.py
cinder/volume/drivers/hds/iscsi.py
cinder/volume/drivers/hds/nfs.py
cinder/volume/drivers/huawei/cinder_huawei_conf.xml.sample
cinder/volume/drivers/huawei/huawei_dorado.py
cinder/volume/drivers/huawei/huawei_hvs.py
cinder/volume/drivers/huawei/huawei_iscsi.py
cinder/volume/drivers/huawei/huawei_t.py
cinder/volume/drivers/huawei/huawei_utils.py
cinder/volume/drivers/huawei/__init__.py
cinder/volume/drivers/huawei/rest_common.py
cinder/volume/drivers/huawei/ssh_common.py
cinder/volume/drivers/ibm/gpfs.py
cinder/volume/drivers/ibm/ibmnas.py
cinder/volume/drivers/ibm/__init__.py
cinder/volume/drivers/ibm/storwize_svc/helpers.py
cinder/volume/drivers/ibm/storwize_svc/__init__.py
cinder/volume/drivers/ibm/storwize_svc/ssh.py
cinder/volume/drivers/ibm/xiv_ds8k.py
cinder/volume/drivers/__init__.py
cinder/volume/drivers/lvm.py
cinder/volume/drivers/netapp/api.py
cinder/volume/drivers/netapp/common.py
cinder/volume/drivers/netapp/eseries/client.py
cinder/volume/drivers/netapp/eseries/__init__.py
cinder/volume/drivers/netapp/eseries/iscsi.py
cinder/volume/drivers/netapp/__init__.py
cinder/volume/drivers/netapp/iscsi.py
cinder/volume/drivers/netapp_nfs.py
cinder/volume/drivers/netapp/nfs.py
cinder/volume/drivers/netapp/options.py
cinder/volume/drivers/netapp.py
cinder/volume/drivers/netapp/ssc_utils.py
cinder/volume/drivers/netapp/utils.py
cinder/volume/drivers/nexenta/__init__.py
cinder/volume/drivers/nexenta/iscsi.py
cinder/volume/drivers/nexenta/jsonrpc.py
cinder/volume/drivers/nexenta/nfs.py
cinder/volume/drivers/nexenta/options.py
cinder/volume/drivers/nexenta/utils.py
cinder/volume/drivers/nexenta/volume.py
cinder/volume/drivers/nfs.py
cinder/volume/drivers/nimble.py
cinder/volume/drivers/prophetstor/dplcommon.py
cinder/volume/drivers/prophetstor/dpl_fc.py
cinder/volume/drivers/prophetstor/dpl_iscsi.py
cinder/volume/drivers/prophetstor/__init__.py
cinder/volume/drivers/prophetstor/options.py
cinder/volume/drivers/pure.py
cinder/volume/drivers/rbd.py
cinder/volume/drivers/san/hp/hp_3par_common.py
cinder/volume/drivers/san/hp/hp_3par_fc.py
cinder/volume/drivers/san/hp/hp_3par_iscsi.py
cinder/volume/drivers/san/hp/hp_lefthand_cliq_proxy.py
cinder/volume/drivers/san/hp/hp_lefthand_iscsi.py
cinder/volume/drivers/san/hp/hp_lefthand_rest_proxy.py
cinder/volume/drivers/san/hp/hp_msa_client.py
cinder/volume/drivers/san/hp/hp_msa_common.py
cinder/volume/drivers/san/hp/hp_msa_fc.py
cinder/volume/drivers/san/hp/__init__.py
cinder/volume/drivers/san/hp_lefthand.py
cinder/volume/drivers/san/__init__.py
cinder/volume/drivers/san/san.py
cinder/volume/drivers/san/solaris.py
cinder/volume/drivers/scality.py
cinder/volume/drivers/sheepdog.py
cinder/volume/drivers/solidfire.py
cinder/volume/drivers/storwize_svc.py
cinder/volume/drivers/vmware/api.py
cinder/volume/drivers/vmware/error_util.py
cinder/volume/drivers/vmware/__init__.py
cinder/volume/drivers/vmware/io_util.py
cinder/volume/drivers/vmware/pbm.py
cinder/volume/drivers/vmware/read_write_util.py
cinder/volume/drivers/vmware/vim.py
cinder/volume/drivers/vmware/vim_util.py
cinder/volume/drivers/vmware/vmdk.py
cinder/volume/drivers/vmware/vmware_images.py
cinder/volume/drivers/vmware/volumeops.py
cinder/volume/drivers/vmware/wsdl/5.5/core-types.xsd
cinder/volume/drivers/vmware/wsdl/5.5/pbm-messagetypes.xsd
cinder/volume/drivers/vmware/wsdl/5.5/pbmService.wsdl
cinder/volume/drivers/vmware/wsdl/5.5/pbm-types.xsd
cinder/volume/drivers/vmware/wsdl/5.5/pbm.wsdl
cinder/volume/drivers/windows/constants.py
cinder/volume/drivers/windows/__init__.py
cinder/volume/drivers/windows.py
cinder/volume/drivers/windows/utilsfactory.py
cinder/volume/drivers/windows/vhdutils.py
cinder/volume/drivers/windows/vhdutilsv2.py
cinder/volume/drivers/windows/windows.py
cinder/volume/drivers/windows/windows_utils.py
cinder/volume/drivers/xenapi/__init__.py
cinder/volume/drivers/xenapi/lib.py
cinder/volume/drivers/xenapi/sm.py
cinder/volume/drivers/xenapi/tools.py
cinder/volume/drivers/xiv_ds8k.py
cinder/volume/drivers/xiv.py
cinder/volume/drivers/zadara.py
cinder/volume/flows/api/create_volume.py
cinder/volume/flows/api/__init__.py
cinder/volume/flows/base.py
cinder/volume/flows/common.py
cinder/volume/flows/create_volume/__init__.py
cinder/volume/flows/create_volume.py
cinder/volume/flows/__init__.py
cinder/volume/flows/manager/create_volume.py
cinder/volume/flows/manager/__init__.py
cinder/volume/flows/manager/manage_existing.py
cinder/volume/flows/utils.py
cinder/volume/__init__.py
cinder/volume/iscsi.py
cinder/volume/manager.py
cinder/volume/netapp_nfs.py
cinder/volume/netapp.py
cinder/volume/nexenta/__init__.py
cinder/volume/nexenta/jsonrpc.py
cinder/volume/nexenta/volume.py
cinder/volume/nfs.py
cinder/volume/qos_specs.py
cinder/volume/rpcapi.py
cinder/volume/san/hp_lefthand.py
cinder/volume/san/__init__.py
cinder/volume/san.py
cinder/volume/san/san.py
cinder/volume/san/solaris.py
cinder/volume/solidfire.py
cinder/volume/storwize_svc.py
cinder/volume/targets/driver.py
cinder/volume/targets/fake.py
cinder/volume/targets/iet.py
cinder/volume/targets/__init__.py
cinder/volume/targets/iscsi.py
cinder/volume/targets/iser.py
cinder/volume/targets/lio.py
cinder/volume/targets/tgt.py
cinder/volume/utils.py
cinder/volume/volume_types.py
cinder/volume/windows.py
cinder/volume/xenapi/__init__.py
cinder/volume/xenapi/lib.py
cinder/volume/xenapi_sm.py
cinder/volume/xensm.py
cinder/volume/xiv.py
cinder/volume/zadara.py
cinder/wsgi.py
cinder/zonemanager/drivers/brocade/brcd_fabric_opts.py
cinder/zonemanager/drivers/brocade/brcd_fc_san_lookup_service.py
cinder/zonemanager/drivers/brocade/brcd_fc_zone_client_cli.py
cinder/zonemanager/drivers/brocade/brcd_fc_zone_driver.py
cinder/zonemanager/drivers/brocade/fc_zone_constants.py
cinder/zonemanager/drivers/brocade/__init__.py
cinder/zonemanager/drivers/fc_common.py
cinder/zonemanager/drivers/fc_zone_driver.py
cinder/zonemanager/drivers/__init__.py
cinder/zonemanager/fc_common.py
cinder/zonemanager/fc_san_lookup_service.py
cinder/zonemanager/fc_zone_manager.py
cinder/zonemanager/__init__.py
cinder/zonemanager/utils.py
contrib/openstack-config
contrib/redhat-eventlet.patch
CONTRIBUTING.md
.coveragerc
doc/ext/cinder_autodoc.py
doc/ext/cinder_todo.py
doc/ext/__init__.py
doc/ext/nova_autodoc.py
doc/ext/nova_todo.py
doc/find_autodoc_modules.sh
doc/generate_autodoc_index.sh
doc/source/conf.py
doc/source/devref/addmethod.openstackapi.rst
doc/source/devref/aggregates.rst
doc/source/devref/api.rst
doc/source/devref/architecture.rst
doc/source/devref/auth.rst
doc/source/devref/cinder.rst
doc/source/devref/cloudpipe.rst
doc/source/devref/database.rst
doc/source/devref/development.environment.rst
doc/source/devref/down.sh
doc/source/devref/drivers.rst
doc/source/devref/fakes.rst
doc/source/devref/filter_scheduler.rst
doc/source/devref/gerrit.rst
doc/source/devref/glance.rst
doc/source/devref/il8n.rst
doc/source/devref/index.rst
doc/source/devref/interfaces
doc/source/devref/jenkins.rst
doc/source/devref/launchpad.rst
doc/source/devref/multinic.rst
doc/source/devref/network.rst
doc/source/devref/nova.rst
doc/source/devref/rc.local
doc/source/devref/rpc.rst
doc/source/devref/scheduler.rst
doc/source/devref/server.conf.template
doc/source/devref/services.rst
doc/source/devref/threading.rst
doc/source/devref/unit_tests.rst
doc/source/devref/up.sh
doc/source/devref/volume.rst
doc/source/devref/xensmvolume.rst
doc/source/_ga/layout.html
doc/source/image_src/multinic_1.odg
doc/source/image_src/multinic_2.odg
doc/source/image_src/multinic_3.odg
doc/source/index.rst
doc/source/man/cinder-manage.rst
doc/source/man/nova-manage.rst
doc/source/_static/basic.css
doc/source/_static/default.css
doc/source/_static/jquery.tweet.js
doc/source/_static/.placeholder
doc/source/_static/tweaks.css
doc/source/_templates/.placeholder
doc/source/_theme/layout.html
doc/source/_theme/theme.conf
etc/cinder/api-paste.ini
etc/cinder/cinder.conf.sample
etc/cinder/cinder_emc_config.xml.sample
etc/cinder/logging_sample.conf
etc/cinder/policy.json
etc/cinder/rootwrap.conf
etc/cinder/rootwrap.d/volume.filters
HACKING.rst
LICENSE
MANIFEST.in
openstack-common.conf
pylintrc
rally-scenarios/cinder.yaml
README.rst
requirements.txt
run_tests.sh
setup.cfg
setup.py
taskflow.conf
.testr.conf
test-requirements.txt
tools/clean_file_locks.py
tools/clean-vlans
tools/colorizer.py
tools/conf/check_uptodate.sh
tools/conf/create_conf.py
tools/conf/extract_opts.py
tools/conf/generate_sample.sh
tools/config/check_uptodate.sh
tools/config/generate_sample.sh
tools/config/oslo.config.generator.rc
tools/conf/oslo.config.generator.rc
tools/enable-pre-commit-hook.sh
tools/flakes.py
tools/hacking.py
tools/lintstack.py
tools/lintstack.sh
tools/pip-requires
tools/rfc.sh
tools/test-requires
tox.ini
