apiclient/__init__.py
apiclient/test_exceptions.py
auth/__init__.py
auth/test_identity_v2.py
auth/test_identity_v3.py
auth/test_token_endpoint.py
auth_token.py
client_fixtures.py
CONTRIBUTING.rst
core.py
.coveragerc
doc/ext/apidoc.py
doc/ext/__init__.py
docs/ext/apidoc.py
docs/ext/__init__.py
doc/source/conf.py
doc/source/index.rst
doc/source/middlewarearchitecture.rst
doc/source/static/basic.css
doc/source/static/default.css
doc/source/static/header-line.gif
doc/source/static/jquery.tweet.js
doc/source/static/nature.css
doc/source/static/tweaks.css
doc/source/_templates/.placeholder
doc/source/_theme/layout.html
doc/source/_theme/theme.conf
docs/source/conf.py
docs/source/index.rst
docs/source/man/keystone.rst
docs/source/middlewarearchitecture.rst
docs/source/static/basic.css
docs/source/static/default.css
docs/source/static/jquery.tweet.js
docs/source/static/nature.css
docs/source/static/tweaks.css
docs/source/_templates/.placeholder
docs/source/_theme/layout.html
docs/source/_theme/theme.conf
docs/source/using-api-v2.rst
docs/source/using-api-v3.rst
docs/source/using-sessions.rst
ec2_token.py
examples/pki/certs/cacert.pem
examples/pki/certs/middleware.pem
examples/pki/certs/signing_cert.pem
examples/pki/certs/ssl_cert.pem
examples/pki/cms/auth_token_revoked.json
examples/pki/cms/auth_token_revoked.pem
examples/pki/cms/auth_token_revoked.pkiz
examples/pki/cms/auth_token_scoped_expired.json
examples/pki/cms/auth_token_scoped_expired.pem
examples/pki/cms/auth_token_scoped_expired.pkiz
examples/pki/cms/auth_token_scoped.json
examples/pki/cms/auth_token_scoped.pem
examples/pki/cms/auth_token_scoped.pkiz
examples/pki/cms/auth_token_unscoped.json
examples/pki/cms/auth_token_unscoped.pem
examples/pki/cms/auth_token_unscoped.pkiz
examples/pki/cms/auth_v3_token_revoked.json
examples/pki/cms/auth_v3_token_revoked.pem
examples/pki/cms/auth_v3_token_revoked.pkiz
examples/pki/cms/auth_v3_token_scoped.json
examples/pki/cms/auth_v3_token_scoped.pem
examples/pki/cms/auth_v3_token_scoped.pkiz
examples/pki/cms/revocation_list.der
examples/pki/cms/revocation_list.json
examples/pki/cms/revocation_list.pem
examples/pki/cms/revocation_list.pkiz
examples/pki/gen_cmsz.py
examples/pki/gen_pki.sh
examples/pki/private/cakey.pem
examples/pki/private/signing_key.pem
examples/pki/private/ssl_key.pem
examples/pki/run_all.sh
ext/apidoc.py
ext/__init__.py
fakes.py
generic/__init__.py
generic/test_client.py
generic/test_shell.py
glance_auth_token.py
HACKING.rst
__init__.py
internal.py
keystonemiddleware/auth_token.py
keystonemiddleware/ec2_token.py
keystonemiddleware/__init__.py
keystonemiddleware/_memcache_crypt.py
keystonemiddleware/memcache_crypt.py
keystonemiddleware/openstack/common/fixture/config.py
keystonemiddleware/openstack/common/fixture/__init__.py
keystonemiddleware/openstack/common/gettextutils.py
keystonemiddleware/openstack/common/importutils.py
keystonemiddleware/openstack/common/__init__.py
keystonemiddleware/openstack/common/jsonutils.py
keystonemiddleware/openstack/common/memorycache.py
keystonemiddleware/openstack/common/strutils.py
keystonemiddleware/openstack/common/timeutils.py
keystonemiddleware/openstack/__init__.py
keystonemiddleware/opts.py
keystonemiddleware/s3_token.py
keystonemiddleware/tests/apiclient/__init__.py
keystonemiddleware/tests/apiclient/test_exceptions.py
keystonemiddleware/tests/auth/__init__.py
keystonemiddleware/tests/auth/test_identity_v2.py
keystonemiddleware/tests/auth/test_identity_v3.py
keystonemiddleware/tests/auth/test_token_endpoint.py
keystonemiddleware/tests/client_fixtures.py
keystonemiddleware/tests/fakes.py
keystonemiddleware/tests/generic/__init__.py
keystonemiddleware/tests/generic/test_client.py
keystonemiddleware/tests/generic/test_shell.py
keystonemiddleware/tests/__init__.py
keystonemiddleware/tests/test_auth_token_middleware.py
keystonemiddleware/tests/test_base.py
keystonemiddleware/tests/test_cms.py
keystonemiddleware/tests/test_discovery.py
keystonemiddleware/tests/test_ec2utils.py
keystonemiddleware/tests/test_http.py
keystonemiddleware/tests/test_https.py
keystonemiddleware/tests/test_keyring.py
keystonemiddleware/tests/test_memcache_crypt.py
keystonemiddleware/tests/test_opts.py
keystonemiddleware/tests/test_s3_token_middleware.py
keystonemiddleware/tests/test_session.py
keystonemiddleware/tests/test_shell.py
keystonemiddleware/tests/test_utils.py
keystonemiddleware/tests/utils.py
keystonemiddleware/tests/v2_0/client_fixtures.py
keystonemiddleware/tests/v2_0/fakes.py
keystonemiddleware/tests/v2_0/__init__.py
keystonemiddleware/tests/v2_0/test_access.py
keystonemiddleware/tests/v2_0/test_auth.py
keystonemiddleware/tests/v2_0/test_client.py
keystonemiddleware/tests/v2_0/test_discovery.py
keystonemiddleware/tests/v2_0/test_ec2.py
keystonemiddleware/tests/v2_0/test_endpoints.py
keystonemiddleware/tests/v2_0/test_extensions.py
keystonemiddleware/tests/v2_0/test_roles.py
keystonemiddleware/tests/v2_0/test_service_catalog.py
keystonemiddleware/tests/v2_0/test_services.py
keystonemiddleware/tests/v2_0/test_shell.py
keystonemiddleware/tests/v2_0/test_tenants.py
keystonemiddleware/tests/v2_0/test_tokens.py
keystonemiddleware/tests/v2_0/test_users.py
keystonemiddleware/tests/v2_0/utils.py
keystonemiddleware/tests/v3/client_fixtures.py
keystonemiddleware/tests/v3/__init__.py
keystonemiddleware/tests/v3/test_access.py
keystonemiddleware/tests/v3/test_auth.py
keystonemiddleware/tests/v3/test_client.py
keystonemiddleware/tests/v3/test_credentials.py
keystonemiddleware/tests/v3/test_discover.py
keystonemiddleware/tests/v3/test_domains.py
keystonemiddleware/tests/v3/test_endpoint_filter.py
keystonemiddleware/tests/v3/test_endpoints.py
keystonemiddleware/tests/v3/test_federation.py
keystonemiddleware/tests/v3/test_groups.py
keystonemiddleware/tests/v3/test_oauth1.py
keystonemiddleware/tests/v3/test_policies.py
keystonemiddleware/tests/v3/test_projects.py
keystonemiddleware/tests/v3/test_regions.py
keystonemiddleware/tests/v3/test_role_assignments.py
keystonemiddleware/tests/v3/test_roles.py
keystonemiddleware/tests/v3/test_service_catalog.py
keystonemiddleware/tests/v3/test_services.py
keystonemiddleware/tests/v3/test_trusts.py
keystonemiddleware/tests/v3/test_users.py
keystonemiddleware/tests/v3/utils.py
LICENSE
MANIFEST.in
memcache_crypt.py
nova_auth_token.py
nova_keystone_context.py
openstack-common.conf
pki/certs/cacert.pem
pki/certs/middleware.pem
pki/certs/signing_cert.pem
pki/certs/ssl_cert.pem
pki/cms/auth_token_revoked.json
pki/cms/auth_token_revoked.pem
pki/cms/auth_token_revoked.pkiz
pki/cms/auth_token_scoped_expired.json
pki/cms/auth_token_scoped_expired.pem
pki/cms/auth_token_scoped_expired.pkiz
pki/cms/auth_token_scoped.json
pki/cms/auth_token_scoped.pem
pki/cms/auth_token_scoped.pkiz
pki/cms/auth_token_unscoped.json
pki/cms/auth_token_unscoped.pem
pki/cms/auth_token_unscoped.pkiz
pki/cms/auth_v3_token_revoked.json
pki/cms/auth_v3_token_revoked.pem
pki/cms/auth_v3_token_revoked.pkiz
pki/cms/auth_v3_token_scoped.json
pki/cms/auth_v3_token_scoped.pem
pki/cms/auth_v3_token_scoped.pkiz
pki/cms/revocation_list.der
pki/cms/revocation_list.json
pki/cms/revocation_list.pem
pki/cms/revocation_list.pkiz
pki/gen_cmsz.py
pki/gen_pki.sh
pki/private/cakey.pem
pki/private/signing_key.pem
pki/private/ssl_key.pem
pki/run_all.sh
README.rst
requirements.txt
s3_token.py
setup.cfg
setup.py
source/conf.py
source/index.rst
source/man/keystone.rst
source/middlewarearchitecture.rst
source/ref/client.rst
source/ref/endpoints.rst
source/ref/exceptions.rst
source/ref/generic-client.rst
source/ref/index.rst
source/ref/roles.rst
source/ref/services.rst
source/ref/tenants.rst
source/ref/users.rst
source/releases.rst
source/shell.rst
source/static/basic.css
source/static/default.css
source/static/header-line.gif
source/static/jquery.tweet.js
source/static/nature.css
source/static/tweaks.css
source/_templates/.placeholder
source/_theme/layout.html
source/_theme/theme.conf
source/using-api.rst
source/using-api-v2.rst
source/using-api-v3.rst
source/using-sessions.rst
swift_auth.py
test_auth_token_middleware.py
test_base.py
test_cms.py
test_discovery.py
test_ec2utils.py
test_http.py
test_https.py
test_keyring.py
test_memcache_crypt.py
test.py
.testr.conf
testr.conf
test-requirements.txt
test_s3_token_middleware.py
test_session.py
test_shell.py
test_utils.py
tools/debug_helper.sh
tools/install_venv_common.py
tox.ini
.update-venv/include/python2.7
.update-venv/.Python
utils.py
v2_0/client_fixtures.py
v2_0/fakes.py
v2_0/__init__.py
v2_0/test_access.py
v2_0/test_auth.py
v2_0/test_client.py
v2_0/test_discovery.py
v2_0/test_ec2.py
v2_0/test_endpoints.py
v2_0/test_extensions.py
v2_0/test_roles.py
v2_0/test_service_catalog.py
v2_0/test_services.py
v2_0/test_shell.py
v2_0/test_tenants.py
v2_0/test_tokens.py
v2_0/test_users.py
v2_0/utils.py
v3/client_fixtures.py
v3/__init__.py
v3/test_access.py
v3/test_auth.py
v3/test_client.py
v3/test_credentials.py
v3/test_discover.py
v3/test_domains.py
v3/test_endpoint_filter.py
v3/test_endpoints.py
v3/test_federation.py
v3/test_groups.py
v3/test_oauth1.py
v3/test_policies.py
v3/test_projects.py
v3/test_regions.py
v3/test_role_assignments.py
v3/test_roles.py
v3/test_service_catalog.py
v3/test_services.py
v3/test_trusts.py
v3/test_users.py
v3/utils.py
