example/all.pp
.fixtures.yml
Gemfile
lib/puppet/provider/designate_config/ini_setting.rb
lib/puppet/type/designate_config.rb
LICENSE
manifests/agent.pp
manifests/api.pp
manifests/backend/bind9.pp
manifests/central.pp
manifests/client.pp
manifests/db/mysql/host_access.pp
manifests/db/mysql.pp
manifests/db.pp
manifests/dns.pp
manifests/init.pp
manifests/keystone/auth.pp
manifests/params.pp
manifests/sink.pp
Modulefile
Rakefile
README
README.md
spec/classes/ceilometer_db_mysql_spec.rb
spec/classes/designate_db_mysql_spec.rb
spec/spec_helper.rb
