bin/client.py
bin/mnbtest.py
bin/upgrade_worker_V1toV2.sh
bin/upgrade_worker_V2toV3.sh
build_pdf.sh
debian/changelog
debian/compat
debian/control
debian/copyright
debian/libra_pool_mgm.upstart
debian/libra.postinst
debian/libra_statsd.upstart
debian/libra_worker.upstart
debian/pyversions
debian/rules
doc/admin_api/about.rst
doc/admin_api/api.rst
doc/admin_api/config.rst
doc/admin_api/index.rst
doc/admin_api/schedulers.rst
doc/admin_api/stats-drivers.rst
doc/admin_api/v1api.rst
doc/api/about.rst
doc/api/api.rst
doc/api/config.rst
doc/api/index.rst
doc/api/rest/algorithms.rst
doc/api/rest/health-monitor.rst
doc/api/rest/limits.rst
doc/api/rest/load-balancer.rst
doc/api/rest/logs.rst
doc/api/rest/node.rst
doc/api/rest/protocols.rst
doc/api/rest/vip.rst
doc/architecture/index.rst
doc/architecture/logical.rst
doc/architecture/production.rst
doc/client/command.rst
doc/client/index.rst
doc/client.rst
doc/config.rst
doc/conf.py
doc/getting-started.rst
doc/glossary.rst
doc/index.rst
doc/installation/ppa.rst
doc/install/development.rst
doc/install/diskimage-builder.rst
doc/install/index.rst
doc/install/openstack.rst
doc/install/ppa.rst
doc/install/production.rst
doc/install/verify.rst
doc/introduction.rst
doc/libra.style
doc/pool_mgm/about.rst
doc/pool_mgm/code.rst
doc/pool_mgm/commands.rst
doc/pool_mgm/config.rst
doc/pool_mgm/index.rst
doc/sources/libralayout.odg
doc/statsd/about.rst
doc/statsd/config.rst
doc/statsd/drivers.rst
doc/statsd/index.rst
doc/worker/about.rst
doc/worker/code.rst
doc/worker/config.rst
doc/worker/driver.rst
doc/worker/drivers/haproxy.rst
doc/worker/index.rst
doc/worker/messages.rst
etc/api.cfg
etc/libra_api.py
etc/libra.cfg
etc/libra_worker.conf
etc/logging.conf
etc/mgm.cfg
etc/mnb.cfg
etc/sample_libra.cfg
etc/worker.cfg
lbaas/faults.py
lbaas/__init__.py
lbaas/json_gearman.py
lbaas_mgm/faults.py
lbaas_mgm/__init__.py
lbaas_mgm/json_gearman.py
lbaas_mgm/listener.py
lbaas_mgm/mgm.py
lbaas/tests/__init__.py
lbaas/tests/test_lbaas_task.py
lbaas_worker/faults.py
lbaas_worker/__init__.py
lbaas_worker/json_gearman.py
lbaas/worker.py
lbaas_worker/worker.py
libra/admin_api/acl.py
libra/admin_api/app.py
libra/admin_api/config.py
libra/admin_api/controllers/devices.py
libra/admin_api/controllers/__init__.py
libra/admin_api/controllers/root.py
libra/admin_api/controllers/usage.py
libra/admin_api/controllers/v1/devices.py
libra/admin_api/controllers/v1/__init__.py
libra/admin_api/controllers/v1.py
libra/admin_api/controllers/v1/v1.py
libra/admin_api/controllers/v2/devices.py
libra/admin_api/controllers/v2/__init__.py
libra/admin_api/controllers/v2/loadbalancers.py
libra/admin_api/controllers/v2/status.py
libra/admin_api/controllers/v2/user.py
libra/admin_api/controllers/v2/v2_0.py
libra/admin_api/device_pool/__init__.py
libra/admin_api/device_pool/manage_pool.py
libra/admin_api/expunge/expunge.py
libra/admin_api/expunge/__init__.py
libra/admin_api/__init__.py
libra/admin_api/library/__init__.py
libra/admin_api/library/rebuild.py
libra/admin_api/model/__init__.py
libra/admin_api/model/lbaas.py
libra/admin_api/model/responses.py
libra/admin_api/model/validators.py
libra/admin_api/stats/billing_sched.py
libra/admin_api/stats/drivers/base.py
libra/admin_api/stats/drivers/database/driver.py
libra/admin_api/stats/drivers/database/__init__.py
libra/admin_api/stats/drivers/datadog/driver.py
libra/admin_api/stats/drivers/datadog/__init__.py
libra/admin_api/stats/drivers/dummy/driver.py
libra/admin_api/stats/drivers/dummy/__init__.py
libra/admin_api/stats/drivers/__init__.py
libra/admin_api/stats/__init__.py
libra/admin_api/stats/offline_sched.py
libra/admin_api/stats/ping_sched.py
libra/admin_api/stats/scheduler.py
libra/admin_api/stats/stats_gearman.py
libra/admin_api/stats/stats_sched.py
libra/api/acl.py
libra/api/app.py
libra/api/config.py
libra/api/controllers/connection_throttle.py
libra/api/controllers/health_monitor.py
libra/api/controllers/__init__.py
libra/api/controllers/limits.py
libra/api/controllers/load_balancers.py
libra/api/controllers/logs.py
libra/api/controllers/nodes.py
libra/api/controllers/protocols.py
libra/api/controllers/root.py
libra/api/controllers/session_persistence.py
libra/api/controllers/v1.py
libra/api/controllers/virtualips.py
libra/api/__init__.py
libra/api/library/exp.py
libra/api/library/expunge.py
libra/api/library/gearman_client.py
libra/api/library/__init__.py
libra/api/library/ip_filter.py
libra/api/library/libra_rest_controller.py
libra/api/main.py
libra/api/model/__init__.py
libra/api/model/lbaas.py
libra/api/model/lbaas.sql
libra/api/model/responses.py
libra/api/model/validation.py
libra/api/model/validators.py
libra/api/templates/error.html
libra/api/tests/config.py
libra/api/tests/__init__.py
libra/api/tests/test_functional.py
libra/api/tests/test_units.py
libra/api/wsme_overrides.py
libra/client/clientoptions.py
libra/client/client.py
libra/client/__init__.py
libra/client/libraapi.py
libra/common/api/gearman_client.py
libra/common/api/__init__.py
libra/common/api/lbaas.py
libra/common/api/lbaas.sql
libra/common/api/mnb.py
libra/common/api/server.py
libra/common/exc.py
libra/common/faults.py
libra/common/__init__.py
libra/common/json_gearman.py
libra/common/lbstats.py
libra/common/logger.py
libra/common/logging_handler.py
libra/common/log.py
libra/common/options.py
libra/common/utils.py
libra/gear/acl.py
libra/gear/constants.py
libra/gear/__init__.py
libra/__init__.py
libra/mgm/controllers/build.py
libra/mgm/controllers/delete.py
libra/mgm/controllers/__init__.py
libra/mgm/controllers/root.py
libra/mgm/controllers/vip.py
libra/mgm/drivers/base.py
libra/mgm/drivers/dummy/driver.py
libra/mgm/drivers/dummy/__init__.py
libra/mgm/drivers/hp_rest/driver.py
libra/mgm/drivers/hp_rest/__init__.py
libra/mgm/drivers/__init__.py
libra/mgm/faults.py
libra/mgm/gearman_worker.py
libra/mgm/__init__.py
libra/mgm/json_gearman.py
libra/mgm/listener.py
libra/mgm/mgm.py
libra/mgm/node_list.py
libra/mgm/nova.py
libra/mgm/rest.py
libra/mgm/schedulers/build.py
libra/mgm/schedulers/__init__.py
libra/mgm/schedulers/submit.py
libra/openstack/common/context.py
libra/openstack/common/crypto/__init__.py
libra/openstack/common/crypto/utils.py
libra/openstack/common/eventlet_backdoor.py
libra/openstack/common/excutils.py
libra/openstack/common/fileutils.py
libra/openstack/common/fixture/config.py
libra/openstack/common/fixture/__init__.py
libra/openstack/common/fixture/lockutils.py
libra/openstack/common/fixture/mockpatch.py
libra/openstack/common/fixture/moxstubout.py
libra/openstack/common/gettextutils.py
libra/openstack/common/importutils.py
libra/openstack/common/__init__.py
libra/openstack/common/jsonutils.py
libra/openstack/common/local.py
libra/openstack/common/lockutils.py
libra/openstack/common/log.py
libra/openstack/common/loopingcall.py
libra/openstack/common/network_utils.py
libra/openstack/common/notifier/api.py
libra/openstack/common/notifier/__init__.py
libra/openstack/common/notifier/log_notifier.py
libra/openstack/common/notifier/no_op_notifier.py
libra/openstack/common/notifier/rpc_notifier2.py
libra/openstack/common/notifier/rpc_notifier.py
libra/openstack/common/notifier/test_notifier.py
libra/openstack/common/rpc/amqp.py
libra/openstack/common/rpc/common.py
libra/openstack/common/rpc/dispatcher.py
libra/openstack/common/rpc/impl_fake.py
libra/openstack/common/rpc/impl_kombu.py
libra/openstack/common/rpc/impl_qpid.py
libra/openstack/common/rpc/impl_zmq.py
libra/openstack/common/rpc/__init__.py
libra/openstack/common/rpc/matchmaker.py
libra/openstack/common/rpc/matchmaker_redis.py
libra/openstack/common/rpc/matchmaker_ring.py
libra/openstack/common/rpc/proxy.py
libra/openstack/common/rpc/securemessage.py
libra/openstack/common/rpc/serializer.py
libra/openstack/common/rpc/service.py
libra/openstack/common/rpc/zmq_receiver.py
libra/openstack/common/service.py
libra/openstack/common/setup.py
libra/openstack/common/sslutils.py
libra/openstack/common/test.py
libra/openstack/common/threadgroup.py
libra/openstack/common/timeutils.py
libra/openstack/common/uuidutils.py
libra/openstack/common/versionutils.py
libra/openstack/common/xmlutils.py
libra/openstack/__init__.py
libra/statsd/admin_api.py
libra/statsd/drivers/base.py
libra/statsd/drivers/datadog/driver.py
libra/statsd/drivers/datadog/__init__.py
libra/statsd/drivers/dummy/driver.py
libra/statsd/drivers/dummy/__init__.py
libra/statsd/drivers/hp_rest/driver.py
libra/statsd/drivers/hp_rest/__init__.py
libra/statsd/drivers/__init__.py
libra/statsd/gearman.py
libra/statsd/__init__.py
libra/statsd/main.py
libra/statsd/scheduler.py
libra/statsd/statsd_gearman.py
libra/tests/admin_api/__init__.py
libra/tests/api_base.py
libra/tests/api/__init__.py
libra/tests/api/v1_1/__init__.py
libra/tests/base.py
libra/tests/fake_body.json
libra/tests/__init__.py
libra/tests/mgm/___init__.py
libra/tests/mock_objects.py
libra/tests/test_haproxy_driver.py
libra/tests/test_lbaas_mgm.py
libra/tests/test_lbstats.py
libra/tests/test_worker_controller.py
libra/tests/worker/__init__.py
libra/tests/worker/test_controller.py
libra/tests/worker/test_driver_haproxy.py
libra/tests/worker/test_lbstats.py
libra/tests/worker/test_stats.py
libra/worker/controller.py
libra/worker/drivers/base.py
libra/worker/drivers/haproxy/driver.py
libra/worker/drivers/haproxy/__init__.py
libra/worker/drivers/haproxy/lbstats.py
libra/worker/drivers/haproxy/query.py
libra/worker/drivers/haproxy/services_base.py
libra/worker/drivers/haproxy/stats.py
libra/worker/drivers/haproxy/ubuntu_services.py
libra/worker/drivers/__init__.py
libra/worker/faults.py
libra/worker/__init__.py
libra/worker/json_gearman.py
libra/worker/main.py
libra/worker/stats_client.py
libra/worker/utils.py
libra/worker/worker.py
MANIFEST.in
openstack-common.conf
README
requirements.txt
setup.cfg
setup.py
.testr.conf
test-requirements.txt
tests/__init__.py
tests/mock_objects.py
tests/mock.py
tests/test_haproxy_driver.py
tests/test_lbaas_client.py
tests/test_lbaas_mgm.py
tests/test_lbaas_task.py
tests/test_lbaas_worker.py
tests/test_lbstats.py
tests/test_worker_controller.py
tools/pip-requires
tools/test-requires
tox.ini
WORKER_MSG_FMT_VERSIONS
