attributes/default.rb
attributes/.rubocop.yml
Berksfile
Berksfile.lock
CHANGELOG.md
files/default/policy.json
Gemfile
Gemfile.lock
metadata.rb
README.md
recipes/agent-central.rb
recipes/agent-compute.rb
recipes/agent-notification.rb
recipes/alarm-evaluator.rb
recipes/alarm-notifier.rb
recipes/api.rb
recipes/client.rb
recipes/collector.rb
recipes/common.rb
recipes/identity_registration.rb
recipes/.rubocop.yml
.rubocop.yml
spec/agent-central-opensuse_spec.rb
spec/agent-central-rhel_spec.rb
spec/agent-central_spec.rb
spec/agent-central-suse_spec.rb
spec/agent-compute-opensuse_spec.rb
spec/agent-compute-rhel_spec.rb
spec/agent-compute_spec.rb
spec/agent-compute-suse_spec.rb
spec/agent-notification-rhel_spec.rb
spec/agent-notification_spec.rb
spec/agent-notification-suse_spec.rb
spec/alarm-evaluator-rhel_spec.rb
spec/alarm-evaluator_spec.rb
spec/alarm-evaluator-suse_spec.rb
spec/alarm-notifier-rhel_spec.rb
spec/alarm-notifier_spec.rb
spec/alarm-notifier-suse_spec.rb
spec/api-opensuse_spec.rb
spec/api-rhel_spec.rb
spec/api_spec.rb
spec/api-suse_spec.rb
spec/client-redhat_spec.rb
spec/client_spec.rb
spec/collector-opensuse_spec.rb
spec/collector-rhel_spec.rb
spec/collector_spec.rb
spec/collector-suse_spec.rb
spec/common-opensuse_spec.rb
spec/common-rhel_spec.rb
spec/common_spec.rb
spec/common-suse_spec.rb
spec/identity_registration_spec.rb
spec/.rubocop.yml
spec/spec_helper.rb
Strainerfile
templates/default/ceilometer.conf.erb
TESTING.md
