CHANGELOG
lib/puppet/application/dashboard.rb
lib/puppet/dashboard/classifier.rb
lib/puppet/face/dashboard.rb
LICENSE
manifests/init.pp
manifests/params.pp
manifests/passenger.pp
Modulefile
README
README.markdown
site_lib/puppet/application/dashboard.rb
site_lib/puppet/dashboard/classifier.rb
site_lib/puppet/face/dashboard.rb
spec/spec_helper.rb
spec/spec.opts
spec/unit/face/dashboard_spec.rb
templates/config.Debian.erb
templates/config.RedHat.erb
templates/database.yml.erb
templates/logrotate.erb
templates/passenger-vhost.erb
templates/puppet-dashboard.default.erb
templates/puppet-dashboard.logrotate.erb
templates/puppet-dashboard-passenger-vhost.erb
templates/puppet-dashboard-sysconfig
tests/init.pp
TODO
