autogenerate_config_docs/autohelp.py
autogenerate-config-docs/autohelp.py
autogenerate_config_docs/autohelp-wrapper
autogenerate_config_docs/common.py
autogenerate-config-docs/common.py
autogenerate_config_docs/diff_branches.py
autogenerate_config_docs/extract_swift_flags.py
autogenerate-config-docs/extract_swift_flags.py
autogenerate-config-docs/flagmappings/ceilometer.flagmappings
autogenerate-config-docs/flagmappings/cinder.flagmappings
autogenerate-config-docs/flagmappings/glance.flagmappings
autogenerate-config-docs/flagmappings/neutron.flagmappings
autogenerate-config-docs/flagmappings/nova.flagmappings
autogenerate-config-docs/flow.dia
autogenerate_config_docs/hooks.py
autogenerate_config_docs/__init__.py
autogenerate-config-docs/__init__.py
autogenerate_config_docs/test/genconfs.sh
autogenerate-config-docs/test/genconfs.sh
autogenerate_config_docs/test/generator.py
autogenerate-config-docs/test/generator.py
bin/build-ha-guide.sh
bin/doc-tools-check-languages
bin/doc-tools-check-languages.conf
bin/generatedocbook
bin/generatepot
bin/markdown-docbook.sh
build_environment/bin/package.sh
build_environment/files/fetch.sh
build_environment/files/nginx.default
build_environment/files/playbook.yaml
build_environment/Vagrantfile
build_environment/Vagrantfile.box
build-ha-guide.sh
cleanup/prettify.py
cleanup/remove_trailing_whitespaces.sh
cleanup/remove_unnecessary_spaces.py
cleanup/retf/disabled_rules.yaml
cleanup/retf/retf.py
client-requirements.txt
doc/source/conf.py
doc/source/index.rst
doc/source/installation.rst
doc/source/man/openstack-doc-test.rst
doc/source/readme.rst
doc/source/release_notes.rst
doc/source/usage.rst
doc-test.conf.sample
generatedocbook
generatepot
HACKING.rst
LICENSE
MANIFEST.in
openstack-common.conf
os_doc_tools/commands.py
os_doc_tools/common.py
os_doc_tools/dn2osdbk.py
os_doc_tools/doctest.py
os_doc_tools/handle_pot.py
os_doc_tools/__init__.py
os_doc_tools/jsoncheck.py
os_doc_tools/openstack/common/gettextutils.py
os_doc_tools/openstack/common/importutils.py
os_doc_tools/openstack/common/__init__.py
os_doc_tools/openstack/common/jsonutils.py
os_doc_tools/openstack/common/local.py
os_doc_tools/openstack/common/log.py
os_doc_tools/openstack/common/strutils.py
os_doc_tools/openstack/common/timeutils.py
os_doc_tools/openstack/__init__.py
os_doc_tools/resources/dn2osdbk.xsl
os_doc_tools/resources/wadl.xsd
os_doc_tools/resources/xml.xsd
os_doc_tools/scripts/build-ha-guide.sh
os_doc_tools/scripts/markdown-docbook.sh
os_doc_tools/scripts/pandoc-template.docbook
pylintrc
README.rst
RELEASE_NOTES.rst
requirements.txt
rfc.sh
setup.cfg
setup.py
sitemap/generator/__init__.py
sitemap/generator/items.py
sitemap/generator/pipelines.py
sitemap/generator/settings.py
sitemap/generator/spiders/__init__.py
sitemap/generator/spiders/sitemap.py
sitemap/scrapy.cfg
sitemap/transform-sitemap.xslt
test.py
test-requirements.txt
tools/install_venv_common.py
tools/install_venv.py
tools/with_venv.sh
tox.ini
validate.py
