AUTHORS
bootstrap.sh
doc/source/conf.py
doc/source/index.rst
examples/create_vm/create_vm_example.yaml
examples/__init__.py
examples/vm_job/run.py
examples/vm_job/run_vm_job.yaml
examples/vm_job/web_app.py
examples/webhooks/api/app.py
examples/webhooks/api/client.py
examples/webhooks/api/controllers/__init__.py
examples/webhooks/api/controllers/resource.py
examples/webhooks/api/controllers/root.py
examples/webhooks/api/controllers/tasks.py
examples/webhooks/api/__init__.py
examples/webhooks/cmd/__init__.py
examples/webhooks/cmd/run.py
examples/webhooks/config.py
examples/webhooks/demo.yaml
examples/webhooks/__init__.py
examples/webhooks/tasks.py
examples/webhooks/version.py
LICENSE
local.conf
mistralextra/examples/__init__.py
mistralextra/__init__.py
README.md
requirements.txt
setup.cfg
setup.py
simple_app/api/app.py
simple_app/api/client.py
simple_app/api/controllers/__init__.py
simple_app/api/controllers/resource.py
simple_app/api/controllers/root.py
simple_app/api/controllers/tasks.py
simple_app/api/__init__.py
simple_app/cmd/__init__.py
simple_app/cmd/main.py
simple_app/config.py
simple_app/demo.yaml
simple_app/__init__.py
simple_app/tasks.py
simple_app/version.py
test-requirements.txt
tools/update_env_deps
tox.ini
Vagrantfile
