cornfig/cornfig.py
cornfig/__init__.py
.coveragerc
LICENSE
MANIFEST.in
openstack-common.conf
os_apply_config/collect.py
os_apply_config/config_exception.py
os_apply_config/__init__.py
os_apply_config/os_apply_config.py
os_apply_config/renderers.py
os_apply_config/tests/__init__.py
os_apply_config/tests/templates/etc/glance/script.conf
os_apply_config/tests/templates/etc/keystone/keystone.conf
os_apply_config/tests/test_collect.py
os_apply_config/tests/test_json_renderer.py
os_apply_config/tests/test_os_apply_config.py
os_apply_config/tests/test_value_type.py
os_apply_config/value_types.py
os-collect-config-and-friends.odg
os_collect_config/cache.py
os_collect_config/cfn.py
os_collect_config/collect.py
os_collect_config/common.py
os_collect_config/ec2.py
os_collect_config/exc.py
os_collect_config/heat_local.py
os_collect_config/heat.py
os_collect_config/__init__.py
os_collect_config/keystone.py
os_collect_config/local.py
os_collect_config/openstack/common/authutils.py
os_collect_config/openstack/common/cfgfilter.py
os_collect_config/openstack/common/cliutils.py
os_collect_config/openstack/common/config/generator.py
os_collect_config/openstack/common/config/__init__.py
os_collect_config/openstack/common/context.py
os_collect_config/openstack/common/db/api.py
os_collect_config/openstack/common/db/exception.py
os_collect_config/openstack/common/db/__init__.py
os_collect_config/openstack/common/db/sqlalchemy/__init__.py
os_collect_config/openstack/common/db/sqlalchemy/models.py
os_collect_config/openstack/common/db/sqlalchemy/session.py
os_collect_config/openstack/common/db/sqlalchemy/utils.py
os_collect_config/openstack/common/deprecated/__init__.py
os_collect_config/openstack/common/deprecated/wsgi.py
os_collect_config/openstack/common/eventlet_backdoor.py
os_collect_config/openstack/common/exception.py
os_collect_config/openstack/common/excutils.py
os_collect_config/openstack/common/fileutils.py
os_collect_config/openstack/common/fixture/__init__.py
os_collect_config/openstack/common/fixture/mockpatch.py
os_collect_config/openstack/common/fixture/moxstubout.py
os_collect_config/openstack/common/funcutils.py
os_collect_config/openstack/common/gettextutils.py
os_collect_config/openstack/common/importutils.py
os_collect_config/openstack/common/__init__.py
os_collect_config/openstack/common/jsonutils.py
os_collect_config/openstack/common/local.py
os_collect_config/openstack/common/lockutils.py
os_collect_config/openstack/common/log_handler.py
os_collect_config/openstack/common/log.py
os_collect_config/openstack/common/loopingcall.py
os_collect_config/openstack/common/memorycache.py
os_collect_config/openstack/common/middleware/base.py
os_collect_config/openstack/common/middleware/context.py
os_collect_config/openstack/common/middleware/correlation_id.py
os_collect_config/openstack/common/middleware/debug.py
os_collect_config/openstack/common/middleware/__init__.py
os_collect_config/openstack/common/middleware/sizelimit.py
os_collect_config/openstack/common/network_utils.py
os_collect_config/openstack/common/notifier/api.py
os_collect_config/openstack/common/notifier/__init__.py
os_collect_config/openstack/common/notifier/log_notifier.py
os_collect_config/openstack/common/notifier/no_op_notifier.py
os_collect_config/openstack/common/notifier/rpc_notifier2.py
os_collect_config/openstack/common/notifier/rpc_notifier.py
os_collect_config/openstack/common/notifier/test_notifier.py
os_collect_config/openstack/common/pastedeploy.py
os_collect_config/openstack/common/periodic_task.py
os_collect_config/openstack/common/policy.py
os_collect_config/openstack/common/processutils.py
os_collect_config/openstack/common/rootwrap/cmd.py
os_collect_config/openstack/common/rootwrap/filters.py
os_collect_config/openstack/common/rootwrap/__init__.py
os_collect_config/openstack/common/rootwrap/wrapper.py
os_collect_config/openstack/common/rpc/amqp.py
os_collect_config/openstack/common/rpc/common.py
os_collect_config/openstack/common/rpc/dispatcher.py
os_collect_config/openstack/common/rpc/impl_fake.py
os_collect_config/openstack/common/rpc/impl_kombu.py
os_collect_config/openstack/common/rpc/impl_qpid.py
os_collect_config/openstack/common/rpc/impl_zmq.py
os_collect_config/openstack/common/rpc/__init__.py
os_collect_config/openstack/common/rpc/matchmaker.py
os_collect_config/openstack/common/rpc/matchmaker_redis.py
os_collect_config/openstack/common/rpc/matchmaker_ring.py
os_collect_config/openstack/common/rpc/proxy.py
os_collect_config/openstack/common/rpc/serializer.py
os_collect_config/openstack/common/rpc/service.py
os_collect_config/openstack/common/rpc/zmq_receiver.py
os_collect_config/openstack/common/scheduler/base_filter.py
os_collect_config/openstack/common/scheduler/base_handler.py
os_collect_config/openstack/common/scheduler/base_weight.py
os_collect_config/openstack/common/scheduler/filters/availability_zone_filter.py
os_collect_config/openstack/common/scheduler/filters/capabilities_filter.py
os_collect_config/openstack/common/scheduler/filters/extra_specs_ops.py
os_collect_config/openstack/common/scheduler/filters/__init__.py
os_collect_config/openstack/common/scheduler/filters/json_filter.py
os_collect_config/openstack/common/scheduler/__init__.py
os_collect_config/openstack/common/scheduler/weights/__init__.py
os_collect_config/openstack/common/service.py
os_collect_config/openstack/common/sslutils.py
os_collect_config/openstack/common/strutils.py
os_collect_config/openstack/common/threadgroup.py
os_collect_config/openstack/common/timeutils.py
os_collect_config/openstack/common/uuidutils.py
os_collect_config/openstack/common/xmlutils.py
os_collect_config/openstack/__init__.py
os_collect_config/tests/__init__.py
os_collect_config/tests/test_cache.py
os_collect_config/tests/test_cfn.py
os_collect_config/tests/test_collect.py
os_collect_config/tests/test_ec2.py
os_collect_config/tests/test_heat_local.py
os_collect_config/tests/test_heat.py
os_collect_config/tests/test_keystone.py
os_collect_config/tests/test_local.py
os_collect_config/version.py
os_config_applier/config_exception.py
os_config_applier/__init__.py
os_config_applier/os_config_applier.py
os_config_applier/renderers.py
os_config_applier/tests/__init__.py
os_config_applier/tests/templates/etc/glance/script.conf
os_config_applier/tests/templates/etc/keystone/keystone.conf
os_config_applier/tests/test_json_renderer.py
os_config_applier/tests/test_os_config_applier.py
os_config_applier/tests/test_value_type.py
os_config_applier/value_types.py
README.md
README.rst
requirements.txt
run_tests.sh
setup.cfg
setup.py
.testr.conf
test-requirements.txt
tests/cornfig_tests.py
tests/__init__.py
tests/json_renderer_tests.py
tests/os_config_applier_tests.py
tests/templates/etc/glance/script.conf
tests/templates/etc/keystone/keystone.conf
tests/value_type_tests.py
tox.ini
.travis.yml
