detail.py
dev-requirements.txt
global-requirements.txt
MANIFEST.in
mirror-requirements.txt
projects.txt
README.rst
requirements.txt
setup.cfg
setup.py
.testr.conf
test-requirements.txt
tests/files/dev-req.txt
tests/files/gr-base.txt
tests/files/old-setup.py
tests/files/pbr_setup.cfg
tests/files/project.txt
tests/files/project-with-bad-requirement.txt
tests/files/project-with-oslo-tar.txt
tests/files/setup.cfg
tests/files/setup.py
tests/files/test-project.txt
tests/__init__.py
tests/test_update_pbr.py
tests/test_update.py
tests/test_update_suffix.py
tools/pip-requires
tools/test-requires
tools/update.sh
tox.ini
update.py
