CONTRIBUTING.rst
.coveragerc
doc/source/api/encodeutils.rst
doc/source/api/excutils.rst
doc/source/api/importutils.rst
doc/source/api/index.rst
doc/source/api/netutils.rst
doc/source/api/strutils.rst
doc/source/api/timeutils.rst
doc/source/api/units.rst
doc/source/conf.py
doc/source/contributing.rst
doc/source/index.rst
doc/source/installation.rst
doc/source/readme.rst
doc/source/usage.rst
HACKING.rst
LICENSE
MANIFEST.in
openstack-common.conf
openstack/common/excutils.py
openstack/common/importutils.py
openstack/common/network_utils.py
openstack/common/strutils.py
openstack/common/timeutils.py
oslo/__init__.py
oslo/utils/encodeutils.py
oslo/utils/excutils.py
oslo/utils/_i18n.py
oslo/utils/i18n.py
oslo/utils/importutils.py
oslo/utils/__init__.py
oslo/utils/netutils.py
oslo/utils/network_utils.py
oslo/utils/openstack/common/gettextutils.py
oslo/utils/openstack/common/importutils.py
oslo/utils/openstack/common/__init__.py
oslo/utils/openstack/common/jsonutils.py
oslo/utils/openstack/common/local.py
oslo/utils/openstack/common/log.py
oslo/utils/openstack/common/strutils.py
oslo/utils/openstack/common/timeutils.py
oslo/utils/openstack/common/units.py
oslo/utils/openstack/__init__.py
oslo/utils/strutils.py
oslo/utils/timeutils.py
oslo/utils/units.py
README.rst
requirements.txt
setup.cfg
setup.py
.testr.conf
test-requirements.txt
tests/base.py
tests/fake/__init__.py
tests/__init__.py
tests/test_excutils.py
tests/test_importutils.py
tests/test_netutils.py
tests/test_network_utils.py
tests/tests_encodeutils.py
tests/test_strutils.py
tests/test_timeutils.py
tests/test_utils.py
tests/unit/test_excutils.py
tests/unit/test_importutils.py
tests/unit/test_network_utils.py
tests/unit/test_strutils.py
tests/unit/test_timeutils.py
tools/run_cross_tests.sh
tox.ini
