download/download.sh
download/pom.xml
LICENSE
pom.xml
README.md
src/deb/control/control
src/deb/control/postinst
src/deb/control/postrm
src/deb/control/prerm
src/deb/etc/mon-thresh-config.yml-sample
src/deb/init/mon-thresh
src/deb/init/mon-thresh.conf
src/main/config/mon-thresh-sample-config.yml
src/main/java/com/hpcloud/maas/app/AlarmCreatedEventHandler.java
src/main/java/com/hpcloud/maas/app/AlarmDeletedEventHandler.java
src/main/java/com/hpcloud/maas/app/EndpointDeletedEventHandler.java
src/main/java/com/hpcloud/maas/domain/model/AlarmData.java
src/main/java/com/hpcloud/maas/domain/model/Alarm.java
src/main/java/com/hpcloud/maas/domain/model/AlarmStateTransitionEvent.java
src/main/java/com/hpcloud/maas/domain/model/CompositeAlarm.java
src/main/java/com/hpcloud/maas/domain/model/MetricData.java
src/main/java/com/hpcloud/maas/domain/model/SlidingWindowStats.java
src/main/java/com/hpcloud/maas/domain/model/Statistic.java
src/main/java/com/hpcloud/maas/domain/model/Statistics.java
src/main/java/com/hpcloud/maas/domain/model/SubAlarmData.java
src/main/java/com/hpcloud/maas/domain/model/SubAlarm.java
src/main/java/com/hpcloud/maas/domain/model/SubAlarmStats.java
src/main/java/com/hpcloud/maas/domain/service/AlarmDAO.java
src/main/java/com/hpcloud/maas/domain/service/AlarmingService.java
src/main/java/com/hpcloud/maas/domain/service/AlarmStore.java
src/main/java/com/hpcloud/maas/domain/service/impl/AlarmStoreImpl.java
src/main/java/com/hpcloud/maas/domain/service/MetricDefinitionDAO.java
src/main/java/com/hpcloud/maas/domain/service/SubAlarmDAO.java
src/main/java/com/hpcloud/maas/domain/service/SubAlarmStatsRepository.java
src/main/java/com/hpcloud/maas/infrastructure/alarming/AlarmingServiceImpl.java
src/main/java/com/hpcloud/maas/infrastructure/messaging/MessagingModule.java
src/main/java/com/hpcloud/maas/infrastructure/persistence/AlarmDAOImpl.java
src/main/java/com/hpcloud/maas/infrastructure/persistence/MetricDefinitionDAOImpl.java
src/main/java/com/hpcloud/maas/infrastructure/persistence/PersistenceModule.java
src/main/java/com/hpcloud/maas/infrastructure/persistence/SubAlarmDAOImpl.java
src/main/java/com/hpcloud/maas/infrastructure/storm/amqp/AMQPSpoutConfiguration.java
src/main/java/com/hpcloud/maas/infrastructure/storm/amqp/AMQPSpout.java
src/main/java/com/hpcloud/maas/infrastructure/storm/amqp/ExclusiveQueueWithBinding.java
src/main/java/com/hpcloud/maas/infrastructure/storm/amqp/MetricTupleDeserializer.java
src/main/java/com/hpcloud/maas/infrastructure/storm/amqp/QueueDeclarator.java
src/main/java/com/hpcloud/maas/infrastructure/storm/amqp/SharedQueueWithBinding.java
src/main/java/com/hpcloud/maas/infrastructure/storm/Logging.java
src/main/java/com/hpcloud/maas/infrastructure/storm/Streams.java
src/main/java/com/hpcloud/maas/infrastructure/storm/TupleDeserializer.java
src/main/java/com/hpcloud/maas/infrastructure/storm/Tuples.java
src/main/java/com/hpcloud/maas/infrastructure/thresholding/AlarmLookupBolt.java
src/main/java/com/hpcloud/maas/infrastructure/thresholding/Alarms.java
src/main/java/com/hpcloud/maas/infrastructure/thresholding/AlarmThresholdingBolt.java
src/main/java/com/hpcloud/maas/infrastructure/thresholding/CollectdMetricDeserializer.java
src/main/java/com/hpcloud/maas/infrastructure/thresholding/deserializer/CollectdMetricDeserializer.java
src/main/java/com/hpcloud/maas/infrastructure/thresholding/deserializer/MaasEventDeserializer.java
src/main/java/com/hpcloud/maas/infrastructure/thresholding/deserializer/MaasMetricDeserializer.java
src/main/java/com/hpcloud/maas/infrastructure/thresholding/EventProcessingBolt.java
src/main/java/com/hpcloud/maas/infrastructure/thresholding/EventTupleDeserializer.java
src/main/java/com/hpcloud/maas/infrastructure/thresholding/MaasEventDeserializer.java
src/main/java/com/hpcloud/maas/infrastructure/thresholding/MaasMetricDeserializer.java
src/main/java/com/hpcloud/maas/infrastructure/thresholding/MetricAggregationBolt.java
src/main/java/com/hpcloud/maas/infrastructure/thresholding/MetricFilteringBolt.java
src/main/java/com/hpcloud/maas/infrastructure/thresholding/MetricTupleDeserializer.java
src/main/java/com/hpcloud/maas/ThresholdingConfiguration.java
src/main/java/com/hpcloud/maas/ThresholdingEngine.java
src/main/java/com/hpcloud/maas/TopologyModule.java
src/main/java/com/hpcloud/maas/util/config/ConfigurationException.java
src/main/java/com/hpcloud/maas/util/config/ConfigurationFactory.java
src/main/java/com/hpcloud/maas/util/config/Configurations.java
src/main/java/com/hpcloud/maas/util/stats/SlidingWindowStats.java
src/main/java/com/hpcloud/maas/util/stats/Statistic.java
src/main/java/com/hpcloud/maas/util/stats/Statistics.java
src/main/java/com/hpcloud/maas/util/time/TimeResolution.java
src/main/java/com/hpcloud/maas/util/time/Timescale.java
src/main/java/com/hpcloud/maas/util/time/Times.java
src/main/java/com/hpcloud/maas/util/validation/Validator.java
src/main/java/com/hpcloud/mon/domain/model/Alarm.java
src/main/java/com/hpcloud/mon/domain/model/AlarmStateTransitionEvent.java
src/main/java/com/hpcloud/mon/domain/model/MetricDefinitionAndTenantId.java
src/main/java/com/hpcloud/mon/domain/model/MetricDefinitionAndTenantIdMatcher.java
src/main/java/com/hpcloud/mon/domain/model/SubAlarm.java
src/main/java/com/hpcloud/mon/domain/model/SubAlarmStats.java
src/main/java/com/hpcloud/mon/domain/service/AlarmDAO.java
src/main/java/com/hpcloud/mon/domain/service/MetricDefinitionDAO.java
src/main/java/com/hpcloud/mon/domain/service/SubAlarmDAO.java
src/main/java/com/hpcloud/mon/domain/service/SubAlarmMetricDefinition.java
src/main/java/com/hpcloud/mon/domain/service/SubAlarmStatsRepository.java
src/main/java/com/hpcloud/mon/EventSpoutConfig.java
src/main/java/com/hpcloud/mon/infrastructure/messaging/MessagingModule.java
src/main/java/com/hpcloud/mon/infrastructure/persistence/AlarmDAOImpl.java
src/main/java/com/hpcloud/mon/infrastructure/persistence/MetricDefinitionDAOImpl.java
src/main/java/com/hpcloud/mon/infrastructure/persistence/PersistenceModule.java
src/main/java/com/hpcloud/mon/infrastructure/persistence/SubAlarmDAOImpl.java
src/main/java/com/hpcloud/mon/infrastructure/thresholding/AlarmEventForwarder.java
src/main/java/com/hpcloud/mon/infrastructure/thresholding/AlarmThresholdingBolt.java
src/main/java/com/hpcloud/mon/infrastructure/thresholding/DataSourceFactory.java
src/main/java/com/hpcloud/mon/infrastructure/thresholding/deserializer/CollectdMetricDeserializer.java
src/main/java/com/hpcloud/mon/infrastructure/thresholding/deserializer/EventDeserializer.java
src/main/java/com/hpcloud/mon/infrastructure/thresholding/deserializer/MaasEventDeserializer.java
src/main/java/com/hpcloud/mon/infrastructure/thresholding/deserializer/MaasMetricDeserializer.java
src/main/java/com/hpcloud/mon/infrastructure/thresholding/deserializer/MetricDeserializer.java
src/main/java/com/hpcloud/mon/infrastructure/thresholding/EventProcessingBolt.java
src/main/java/com/hpcloud/mon/infrastructure/thresholding/EventSpout.java
src/main/java/com/hpcloud/mon/infrastructure/thresholding/KafkaAlarmEventForwarder.java
src/main/java/com/hpcloud/mon/infrastructure/thresholding/KafkaSpout.java
src/main/java/com/hpcloud/mon/infrastructure/thresholding/MetricAggregationBolt.java
src/main/java/com/hpcloud/mon/infrastructure/thresholding/MetricFilteringBolt.java
src/main/java/com/hpcloud/mon/infrastructure/thresholding/MetricSpout.java
src/main/java/com/hpcloud/mon/infrastructure/thresholding/ProducerModule.java
src/main/java/com/hpcloud/mon/infrastructure/thresholding/PropertyFinder.java
src/main/java/com/hpcloud/mon/KafkaConsumerConfiguration.java
src/main/java/com/hpcloud/mon/KafkaProducerConfiguration.java
src/main/java/com/hpcloud/mon/KafkaSpoutConfig.java
src/main/java/com/hpcloud/mon/MetricSpoutConfig.java
src/main/java/com/hpcloud/mon/ThresholdingConfiguration.java
src/main/java/com/hpcloud/mon/ThresholdingEngine.java
src/main/java/com/hpcloud/mon/TopologyModule.java
src/main/resources/com/hpcloud/maas/infrastructure/persistence/alarm.sql
src/main/resources/logback.xml
src/main/resources/storm.yaml
src/test/java/com/hpcloud/infrastructure/storm/Topologies.java
src/test/java/com/hpcloud/maas/Assert.java
src/test/java/com/hpcloud/maas/domain/model/AlarmStateTransitionEventTest.java
src/test/java/com/hpcloud/maas/domain/model/AlarmTest.java
src/test/java/com/hpcloud/maas/domain/model/MetricAlarmDataTest.java
src/test/java/com/hpcloud/maas/domain/model/SlidingWindowStatsTest.java
src/test/java/com/hpcloud/maas/domain/model/SubAlarmStatsTest.java
src/test/java/com/hpcloud/maas/infrastructure/persistence/AlarmDAOImplTest.java
src/test/java/com/hpcloud/maas/infrastructure/persistence/MetricDefinitionDAOImplTest.java
src/test/java/com/hpcloud/maas/infrastructure/persistence/SubAlarmDAOImplTest.java
src/test/java/com/hpcloud/maas/infrastructure/storm/NoopSpout.java
src/test/java/com/hpcloud/maas/infrastructure/storm/PeriodicTupleProvider.java
src/test/java/com/hpcloud/maas/infrastructure/storm/TestSpout.java
src/test/java/com/hpcloud/maas/infrastructure/storm/Topologies.java
src/test/java/com/hpcloud/maas/infrastructure/storm/TopologyTestCase.java
src/test/java/com/hpcloud/maas/infrastructure/thresholding/AlarmThresholdingBoltTest.java
src/test/java/com/hpcloud/maas/infrastructure/thresholding/CollectdMetricDeserializerTest.java
src/test/java/com/hpcloud/maas/infrastructure/thresholding/deserializer/CollectdMetricDeserializerTest.java
src/test/java/com/hpcloud/maas/infrastructure/thresholding/deserializer/MaasEventDeserializerTest.java
src/test/java/com/hpcloud/maas/infrastructure/thresholding/deserializer/MaasMetricDeserializerTest.java
src/test/java/com/hpcloud/maas/infrastructure/thresholding/MaasEventDeserializerTest.java
src/test/java/com/hpcloud/maas/infrastructure/thresholding/MaasMetricDeserializerTest.java
src/test/java/com/hpcloud/maas/infrastructure/thresholding/MetricAggregationBoltTest.java
src/test/java/com/hpcloud/maas/TestThresholdingEngine.java
src/test/java/com/hpcloud/maas/ThresholdingEngineRunner.java
src/test/java/com/hpcloud/maas/ThresholdingEngineTest1.java
src/test/java/com/hpcloud/maas/ThresholdingEngineTest.java
src/test/java/com/hpcloud/maas/util/stats/SlidingWindowStatsTest.java
src/test/java/com/hpcloud/maas/util/stats/StatisticsTest.java
src/test/java/com/hpcloud/maas/util/time/TimesTest.java
src/test/java/com/hpcloud/mon/Assert.java
src/test/java/com/hpcloud/mon/domain/model/AlarmStateTransitionEventTest.java
src/test/java/com/hpcloud/mon/domain/model/AlarmTest.java
src/test/java/com/hpcloud/mon/domain/model/MetricDefinitionAndTenantIdMatcherTest.java
src/test/java/com/hpcloud/mon/domain/model/SubAlarmStatsTest.java
src/test/java/com/hpcloud/mon/infrastructure/persistence/AlarmDAOImplTest.java
src/test/java/com/hpcloud/mon/infrastructure/persistence/MetricDefinitionDAOImplTest.java
src/test/java/com/hpcloud/mon/infrastructure/persistence/SubAlarmDAOImplTest.java
src/test/java/com/hpcloud/mon/infrastructure/thresholding/AlarmThresholdingBoltTest.java
src/test/java/com/hpcloud/mon/infrastructure/thresholding/deserializer/CollectdMetricDeserializerTest.java
src/test/java/com/hpcloud/mon/infrastructure/thresholding/deserializer/EventDeserializerTest.java
src/test/java/com/hpcloud/mon/infrastructure/thresholding/deserializer/MaasEventDeserializerTest.java
src/test/java/com/hpcloud/mon/infrastructure/thresholding/deserializer/MaasMetricDeserializerTest.java
src/test/java/com/hpcloud/mon/infrastructure/thresholding/deserializer/MetricDeserializerTest.java
src/test/java/com/hpcloud/mon/infrastructure/thresholding/EventProcessingBoltTest.java
src/test/java/com/hpcloud/mon/infrastructure/thresholding/MetricAggregationBoltTest.java
src/test/java/com/hpcloud/mon/infrastructure/thresholding/MetricFilteringBoltTest.java
src/test/java/com/hpcloud/mon/infrastructure/thresholding/PropertyFinderTest.java
src/test/java/com/hpcloud/mon/ThresholdingEngineAlarmTest.java
src/test/java/com/hpcloud/mon/ThresholdingEngineRunner.java
src/test/java/com/hpcloud/mon/ThresholdingEngineTest1.java
src/test/java/com/hpcloud/mon/ThresholdingEngineTest.java
src/test/java/com/hpcloud/PrinterBolt.java
src/test/java/com/hpcloud/PrintSampleStream.java
src/test/java/com/hpcloud/RandomSentenceSpout.java
src/test/java/com/hpcloud/TestWordsSpout.java
src/test/resources/com/hpcloud/maas/infrastructure/persistence/alarm.sql
src/test/resources/com/hpcloud/mon/infrastructure/persistence/alarm.sql
src/test/resources/log4j.properties
src/test/resources/logback.xml
thresh/pom.xml
thresh/src/deb/control/control
thresh/src/deb/control/postinst
thresh/src/deb/control/postrm
thresh/src/deb/control/prerm
thresh/src/deb/etc/mon-thresh-config.yml-sample
thresh/src/deb/etc/thresh-config.yml-sample
thresh/src/deb/init/monasca-thresh
thresh/src/deb/init/mon-thresh
thresh/src/main/config/mon-thresh-sample-config.yml
thresh/src/main/config/thresh-sample-config.yml
thresh/src/main/java/com/hpcloud/mon/domain/model/Alarm.java
thresh/src/main/java/com/hpcloud/mon/domain/model/MetricDefinitionAndTenantId.java
thresh/src/main/java/com/hpcloud/mon/domain/model/MetricDefinitionAndTenantIdMatcher.java
thresh/src/main/java/com/hpcloud/mon/domain/model/SubAlarm.java
thresh/src/main/java/com/hpcloud/mon/domain/model/SubAlarmStats.java
thresh/src/main/java/com/hpcloud/mon/domain/service/AlarmDAO.java
thresh/src/main/java/com/hpcloud/mon/domain/service/MetricDefinitionDAO.java
thresh/src/main/java/com/hpcloud/mon/domain/service/SubAlarmDAO.java
thresh/src/main/java/com/hpcloud/mon/domain/service/SubAlarmMetricDefinition.java
thresh/src/main/java/com/hpcloud/mon/domain/service/SubAlarmStatsRepository.java
thresh/src/main/java/com/hpcloud/mon/EventSpoutConfig.java
thresh/src/main/java/com/hpcloud/mon/infrastructure/persistence/AlarmDAOImpl.java
thresh/src/main/java/com/hpcloud/mon/infrastructure/persistence/MetricDefinitionDAOImpl.java
thresh/src/main/java/com/hpcloud/mon/infrastructure/persistence/PersistenceModule.java
thresh/src/main/java/com/hpcloud/mon/infrastructure/persistence/SubAlarmDAOImpl.java
thresh/src/main/java/com/hpcloud/mon/infrastructure/thresholding/AlarmEventForwarder.java
thresh/src/main/java/com/hpcloud/mon/infrastructure/thresholding/AlarmThresholdingBolt.java
thresh/src/main/java/com/hpcloud/mon/infrastructure/thresholding/DataSourceFactory.java
thresh/src/main/java/com/hpcloud/mon/infrastructure/thresholding/deserializer/EventDeserializer.java
thresh/src/main/java/com/hpcloud/mon/infrastructure/thresholding/EventProcessingBolt.java
thresh/src/main/java/com/hpcloud/mon/infrastructure/thresholding/EventSpout.java
thresh/src/main/java/com/hpcloud/mon/infrastructure/thresholding/KafkaAlarmEventForwarder.java
thresh/src/main/java/com/hpcloud/mon/infrastructure/thresholding/KafkaSpout.java
thresh/src/main/java/com/hpcloud/mon/infrastructure/thresholding/MetricAggregationBolt.java
thresh/src/main/java/com/hpcloud/mon/infrastructure/thresholding/MetricFilteringBolt.java
thresh/src/main/java/com/hpcloud/mon/infrastructure/thresholding/MetricSpout.java
thresh/src/main/java/com/hpcloud/mon/infrastructure/thresholding/ProducerModule.java
thresh/src/main/java/com/hpcloud/mon/infrastructure/thresholding/PropertyFinder.java
thresh/src/main/java/com/hpcloud/mon/KafkaSpoutConfig.java
thresh/src/main/java/com/hpcloud/mon/MetricSpoutConfig.java
thresh/src/main/java/com/hpcloud/mon/ThresholdingConfiguration.java
thresh/src/main/java/com/hpcloud/mon/ThresholdingEngine.java
thresh/src/main/java/com/hpcloud/mon/TopologyModule.java
thresh/src/main/java/monasca/thresh/domain/model/Alarm.java
thresh/src/main/java/monasca/thresh/domain/model/MetricDefinitionAndTenantId.java
thresh/src/main/java/monasca/thresh/domain/model/MetricDefinitionAndTenantIdMatcher.java
thresh/src/main/java/monasca/thresh/domain/model/SubAlarm.java
thresh/src/main/java/monasca/thresh/domain/model/SubAlarmStats.java
thresh/src/main/java/monasca/thresh/domain/service/AlarmDAO.java
thresh/src/main/java/monasca/thresh/domain/service/MetricDefinitionDAO.java
thresh/src/main/java/monasca/thresh/domain/service/SubAlarmDAO.java
thresh/src/main/java/monasca/thresh/domain/service/SubAlarmMetricDefinition.java
thresh/src/main/java/monasca/thresh/domain/service/SubAlarmStatsRepository.java
thresh/src/main/java/monasca/thresh/EventSpoutConfig.java
thresh/src/main/java/monasca/thresh/infrastructure/persistence/AlarmDAOImpl.java
thresh/src/main/java/monasca/thresh/infrastructure/persistence/MetricDefinitionDAOImpl.java
thresh/src/main/java/monasca/thresh/infrastructure/persistence/PersistenceModule.java
thresh/src/main/java/monasca/thresh/infrastructure/persistence/SubAlarmDAOImpl.java
thresh/src/main/java/monasca/thresh/infrastructure/thresholding/AlarmEventForwarder.java
thresh/src/main/java/monasca/thresh/infrastructure/thresholding/AlarmThresholdingBolt.java
thresh/src/main/java/monasca/thresh/infrastructure/thresholding/DataSourceFactory.java
thresh/src/main/java/monasca/thresh/infrastructure/thresholding/deserializer/EventDeserializer.java
thresh/src/main/java/monasca/thresh/infrastructure/thresholding/EventProcessingBolt.java
thresh/src/main/java/monasca/thresh/infrastructure/thresholding/EventSpout.java
thresh/src/main/java/monasca/thresh/infrastructure/thresholding/KafkaAlarmEventForwarder.java
thresh/src/main/java/monasca/thresh/infrastructure/thresholding/KafkaSpout.java
thresh/src/main/java/monasca/thresh/infrastructure/thresholding/MetricAggregationBolt.java
thresh/src/main/java/monasca/thresh/infrastructure/thresholding/MetricFilteringBolt.java
thresh/src/main/java/monasca/thresh/infrastructure/thresholding/MetricSpout.java
thresh/src/main/java/monasca/thresh/infrastructure/thresholding/ProducerModule.java
thresh/src/main/java/monasca/thresh/infrastructure/thresholding/PropertyFinder.java
thresh/src/main/java/monasca/thresh/KafkaSpoutConfig.java
thresh/src/main/java/monasca/thresh/MetricSpoutConfig.java
thresh/src/main/java/monasca/thresh/ThresholdingConfiguration.java
thresh/src/main/java/monasca/thresh/ThresholdingEngine.java
thresh/src/main/java/monasca/thresh/TopologyModule.java
thresh/src/main/resources/logback.xml
thresh/src/test/java/com/hpcloud/mon/Assert.java
thresh/src/test/java/com/hpcloud/mon/domain/model/AlarmTest.java
thresh/src/test/java/com/hpcloud/mon/domain/model/MetricDefinitionAndTenantIdMatcherTest.java
thresh/src/test/java/com/hpcloud/mon/domain/model/SubAlarmStatsTest.java
thresh/src/test/java/com/hpcloud/mon/infrastructure/persistence/AlarmDAOImplTest.java
thresh/src/test/java/com/hpcloud/mon/infrastructure/persistence/MetricDefinitionDAOImplTest.java
thresh/src/test/java/com/hpcloud/mon/infrastructure/persistence/SubAlarmDAOImplTest.java
thresh/src/test/java/com/hpcloud/mon/infrastructure/thresholding/AlarmThresholdingBoltTest.java
thresh/src/test/java/com/hpcloud/mon/infrastructure/thresholding/deserializer/EventDeserializerTest.java
thresh/src/test/java/com/hpcloud/mon/infrastructure/thresholding/EventProcessingBoltTest.java
thresh/src/test/java/com/hpcloud/mon/infrastructure/thresholding/MetricAggregationBoltTest.java
thresh/src/test/java/com/hpcloud/mon/infrastructure/thresholding/MetricFilteringBoltTest.java
thresh/src/test/java/com/hpcloud/mon/infrastructure/thresholding/PropertyFinderTest.java
thresh/src/test/java/com/hpcloud/mon/ThresholdingEngineAlarmTest.java
thresh/src/test/java/com/hpcloud/mon/ThresholdingEngineRunner.java
thresh/src/test/java/com/hpcloud/mon/ThresholdingEngineTest1.java
thresh/src/test/java/com/hpcloud/mon/ThresholdingEngineTest.java
thresh/src/test/java/monasca/thresh/Assert.java
thresh/src/test/java/monasca/thresh/domain/model/AlarmTest.java
thresh/src/test/java/monasca/thresh/domain/model/MetricDefinitionAndTenantIdMatcherTest.java
thresh/src/test/java/monasca/thresh/domain/model/SubAlarmStatsTest.java
thresh/src/test/java/monasca/thresh/infrastructure/persistence/AlarmDAOImplTest.java
thresh/src/test/java/monasca/thresh/infrastructure/persistence/MetricDefinitionDAOImplTest.java
thresh/src/test/java/monasca/thresh/infrastructure/persistence/SubAlarmDAOImplTest.java
thresh/src/test/java/monasca/thresh/infrastructure/thresholding/AlarmThresholdingBoltTest.java
thresh/src/test/java/monasca/thresh/infrastructure/thresholding/deserializer/EventDeserializerTest.java
thresh/src/test/java/monasca/thresh/infrastructure/thresholding/EventProcessingBoltTest.java
thresh/src/test/java/monasca/thresh/infrastructure/thresholding/MetricAggregationBoltTest.java
thresh/src/test/java/monasca/thresh/infrastructure/thresholding/MetricFilteringBoltTest.java
thresh/src/test/java/monasca/thresh/infrastructure/thresholding/PropertyFinderTest.java
thresh/src/test/java/monasca/thresh/ThresholdingEngineAlarmTest.java
thresh/src/test/java/monasca/thresh/ThresholdingEngineRunner.java
thresh/src/test/java/monasca/thresh/ThresholdingEngineTest1.java
thresh/src/test/java/monasca/thresh/ThresholdingEngineTest.java
thresh/src/test/resources/com/hpcloud/mon/infrastructure/persistence/alarm.sql
thresh/src/test/resources/logback.xml
thresh/src/test/resources/monasca/thresh/infrastructure/persistence/alarm.sql
