bin/cinder-keystone-setup
bin/heat
bin/heat-api
bin/heat-api-cfn
bin/heat-api-cloudwatch
bin/heat-boto
bin/heat-cfn
bin/heat-db-setup
bin/heat-db-setup-fedora
bin/heat-engine
bin/heat-keystone-setup
bin/heat-keystone-setup-domain
bin/heat-manage
bin/heat-metadata
bin/heat-watch
bin/run-parser.py
BUILDING.rst
cftools/cfn-hup
cftools/cfn-init
cftools/cfn-signal
contrib/barbican/barbican/clients.py
contrib/barbican/barbican/__init__.py
contrib/barbican/barbican/resources/__init__.py
contrib/barbican/barbican/resources/order.py
contrib/barbican/barbican/resources/secret.py
contrib/barbican/barbican/tests/__init__.py
contrib/barbican/barbican/tests/test_clients.py
contrib/barbican/barbican/tests/test_order.py
contrib/barbican/barbican/tests/test_secret.py
contrib/barbican/requirements.txt
contrib/barbican/setup.cfg
contrib/barbican/setup.py
contrib/bin/run_tests.py
contrib/docker/docker/__init__.py
contrib/docker/docker/resources/docker_container.py
contrib/docker/docker/resources/__init__.py
contrib/docker/docker/tests/fake_docker_client.py
contrib/docker/docker/tests/__init__.py
contrib/docker/docker/tests/test_docker_container.py
contrib/docker/__init__.py
contrib/docker_plugin/__init__.py
contrib/docker-plugin/__init__.py
contrib/docker-plugin/plugin/docker_container.py
contrib/docker-plugin/plugin/__init__.py
contrib/docker_plugin/requirements.txt
contrib/docker-plugin/requirements.txt
contrib/docker_plugin/resources/docker_container.py
contrib/docker_plugin/resources/__init__.py
contrib/docker_plugin/tests/fake_docker_client.py
contrib/docker-plugin/tests/fake_docker_client.py
contrib/docker_plugin/tests/__init__.py
contrib/docker-plugin/tests/__init__.py
contrib/docker_plugin/tests/test_docker_container.py
contrib/docker-plugin/tests/test_docker_container.py
contrib/docker/requirements.txt
contrib/docker/resources/docker_container.py
contrib/docker/resources/__init__.py
contrib/docker/setup.cfg
contrib/docker/setup.py
contrib/docker/tests/fake_docker_client.py
contrib/docker/tests/__init__.py
contrib/docker/tests/test_docker_container.py
contrib/extraroute/extraroute/__init__.py
contrib/extraroute/extraroute/resources/extraroute.py
contrib/extraroute/extraroute/resources/__init__.py
contrib/extraroute/extraroute/tests/__init__.py
contrib/extraroute/extraroute/tests/test_extraroute.py
contrib/extraroute/setup.cfg
contrib/extraroute/setup.py
contrib/heat_barbican/heat_barbican/client.py
contrib/heat_barbican/heat_barbican/__init__.py
contrib/heat_barbican/heat_barbican/resources/__init__.py
contrib/heat_barbican/heat_barbican/resources/order.py
contrib/heat_barbican/heat_barbican/resources/secret.py
contrib/heat_barbican/heat_barbican/tests/__init__.py
contrib/heat_barbican/heat_barbican/tests/test_order.py
contrib/heat_barbican/heat_barbican/tests/test_secret.py
contrib/heat_barbican/requirements.txt
contrib/heat_barbican/setup.cfg
contrib/heat_barbican/setup.py
contrib/heat_keystoneclient_v2/heat_keystoneclient_v2/client.py
contrib/heat_keystoneclient_v2/heat_keystoneclient_v2/__init__.py
contrib/heat_keystoneclient_v2/heat_keystoneclient_v2/tests/__init__.py
contrib/heat_keystoneclient_v2/heat_keystoneclient_v2/tests/test_client.py
contrib/heat_keystoneclient_v2/setup.cfg
contrib/heat_keystoneclient_v2/setup.py
contrib/heat_marconi/heat_marconi/client.py
contrib/heat_marconi/heat_marconi/__init__.py
contrib/heat_marconi/heat_marconi/resources/__init__.py
contrib/heat_marconi/heat_marconi/resources/queue.py
contrib/heat_marconi/heat_marconi/tests/__init__.py
contrib/heat_marconi/heat_marconi/tests/test_queue.py
contrib/heat_marconi/requirements.txt
contrib/heat_marconi/setup.cfg
contrib/heat_marconi/setup.py
contrib/marconi/clients.py
contrib/marconi/__init__.py
contrib/marconi/marconi/clients.py
contrib/marconi/marconi/__init__.py
contrib/marconi/marconi/resources/__init__.py
contrib/marconi/marconi/resources/queue.py
contrib/marconi/marconi/tests/__init__.py
contrib/marconi/marconi/tests/test_queue.py
contrib/marconi-plugin/__init__.py
contrib/marconi/plugin/__init__.py
contrib/marconi-plugin/plugin/__init__.py
contrib/marconi-plugin/plugin/queue.py
contrib/marconi/plugin/queue.py
contrib/marconi-plugin/requirements.txt
contrib/marconi-plugin/tests/__init__.py
contrib/marconi-plugin/tests/test_queue.py
contrib/marconi/requirements.txt
contrib/marconi/resources/__init__.py
contrib/marconi/resources/queue.py
contrib/marconi/setup.cfg
contrib/marconi/setup.py
contrib/marconi/tests/__init__.py
contrib/marconi/tests/test_queue.py
contrib/nova_flavor/nova_flavor/__init__.py
contrib/nova_flavor/nova_flavor/resources/__init__.py
contrib/nova_flavor/nova_flavor/resources/nova_flavor.py
contrib/nova_flavor/nova_flavor/tests/__init__.py
contrib/nova_flavor/nova_flavor/tests/test_nova_flavor.py
contrib/nova_flavor/setup.cfg
contrib/nova_flavor/setup.py
contrib/rackspace/clients.py
contrib/rackspace/heat/engine/__init__.py
contrib/rackspace/heat/engine/plugins/auto_scale.py
contrib/rackspace/heat/engine/plugins/clients.py
contrib/rackspace/heat/engine/plugins/clouddatabase.py
contrib/rackspace/heat/engine/plugins/cloud_dns.py
contrib/rackspace/heat/engine/plugins/cloud_loadbalancer.py
contrib/rackspace/heat/engine/plugins/cloud_server.py
contrib/rackspace/heat/engine/plugins/__init__.py
contrib/rackspace/heat/engine/plugins/rackspace_resource.py
contrib/rackspace/heat/__init__.py
contrib/rackspace/heat/tests/__init__.py
contrib/rackspace/heat/tests/test_auto_scale.py
contrib/rackspace/heat/tests/test_clouddatabase.py
contrib/rackspace/heat/tests/test_cloud_loadbalancer.py
contrib/rackspace/heat/tests/test_rackspace_clients.py
contrib/rackspace/heat/tests/test_rackspace_cloud_server.py
contrib/rackspace/heat/tests/test_rackspace_dns.py
contrib/rackspace/__init__.py
contrib/rackspace/rackspace/clients.py
contrib/rackspace/rackspace/__init__.py
contrib/rackspace/rackspace/resources/auto_scale.py
contrib/rackspace/rackspace/resources/cloud_dns.py
contrib/rackspace/rackspace/resources/cloud_loadbalancer.py
contrib/rackspace/rackspace/resources/cloudnetworks.py
contrib/rackspace/rackspace/resources/cloud_server.py
contrib/rackspace/rackspace/resources/__init__.py
contrib/rackspace/rackspace/tests/__init__.py
contrib/rackspace/rackspace/tests/test_auto_scale.py
contrib/rackspace/rackspace/tests/test_cloud_loadbalancer.py
contrib/rackspace/rackspace/tests/test_cloudnetworks.py
contrib/rackspace/rackspace/tests/test_rackspace_clients.py
contrib/rackspace/rackspace/tests/test_rackspace_cloud_server.py
contrib/rackspace/rackspace/tests/test_rackspace_dns.py
contrib/rackspace/requirements.txt
contrib/rackspace/resources/auto_scale.py
contrib/rackspace/resources/clouddatabase.py
contrib/rackspace/resources/cloud_dns.py
contrib/rackspace/resources/cloud_loadbalancer.py
contrib/rackspace/resources/cloudnetworks.py
contrib/rackspace/resources/cloud_server.py
contrib/rackspace/resources/__init__.py
contrib/rackspace/setup.cfg
contrib/rackspace/setup.py
contrib/rackspace/tests/__init__.py
contrib/rackspace/tests/test_auto_scale.py
contrib/rackspace/tests/test_clouddatabase.py
contrib/rackspace/tests/test_cloud_loadbalancer.py
contrib/rackspace/tests/test_cloudnetworks.py
contrib/rackspace/tests/test_rackspace_clients.py
contrib/rackspace/tests/test_rackspace_cloud_server.py
contrib/rackspace/tests/test_rackspace_dns.py
contrib/redhat-eventlet.patch
contrib/.testr.conf
CONTRIBUTING.rst
.coveragerc
doc/docbkx/api-ref/pom.xml
doc/docbkx/api-ref/src/docbkx/api-ref.xml
doc/docbkx/api-ref/src/wadls/heat-api/src/heat-api-1.0.wadl
doc/docbkx/api-ref/src/wadls/heat-api/src/samples/stack_create.json
doc/docbkx/api-ref/src/wadls/heat-api/src/samples/stack_update.json
doc/docbkx/api-ref/src/wadls/heat-api/src/samples/template_validate.json
doc/docbkx/heat-admin/app_core.xml
doc/docbkx/heat-admin/bk-heat-admin-guide.xml
doc/docbkx/heat-admin/ch_install.xml
doc/docbkx/heat-admin/ch_limitations.xml
doc/docbkx/heat-admin/ch_overview.xml
doc/docbkx/heat-admin/ch_preface.xml
doc/docbkx/heat-admin/ch_using.xml
doc/docbkx/heat-admin/pom.xml
doc/docbkx/heat-cli-guide/pom.xml
doc/docbkx/heat-cli-guide/src/bk-cli-guide.xml
doc/docbkx/heat-cli-guide/src/heat_cli_commands.xml
doc/docbkx/heat-cli-guide/src/heat_cli_howto.xml
doc/docbkx/heat-cli-guide/src/heat_cli_install.xml
docs/api.md
docs/GettingStarted.rst
docs/man/man1/heat.1
docs/man/man1/heat-api.1
docs/man/man1/heat-api-cfn.1
docs/man/man1/heat-boto.1
docs/man/man1/heat-cfn.1
docs/man/man1/heat-db-setup.1
docs/man/man1/heat-engine.1
docs/man/man1/heat-metadata.1
doc/source/architecture.rst
doc/source/conf.py
doc/source/ext/__init__.py
doc/source/ext/resources.py
doc/source/getting_started/index.rst
doc/source/getting_started/jeos_building.rst
doc/source/getting_started/on_devstack.rst
doc/source/getting_started/on_fedora.rst
doc/source/getting_started/on_other.rst
doc/source/getting_started/on_ubuntu.rst
doc/source/getting_started/standalone.rst
doc/source/glossary.rst
doc/source/index.rst
doc/source/man/heat-api-cfn.rst
doc/source/man/heat-api-cloudwatch.rst
doc/source/man/heat-api.rst
doc/source/man/heat-boto.rst
doc/source/man/heat-cfn.rst
doc/source/man/heat-db-setup.rst
doc/source/man/heat-engine.rst
doc/source/man/heat-keystone-setup.rst
doc/source/man/heat-manage.rst
doc/source/man/heat-watch.rst
doc/source/man/index.rst
doc/source/pluginguide.rst
doc/source/scale_deployment.rst
doc/source/scaleout_apis.rst
doc/source/_static/basic.css
doc/source/_static/default.css
doc/source/_static/header-line.gif
doc/source/_static/jquery.tweet.js
doc/source/_static/nature.css
doc/source/_static/tweaks.css
doc/source/template_guide/cfn.rst
doc/source/template_guide/contrib.rst
doc/source/template_guide/environment.rst
doc/source/template_guide/functions.rst
doc/source/template_guide/hot_guide.rst
doc/source/template_guide/hot_spec.rst
doc/source/template_guide/index.rst
doc/source/template_guide/openstack.rst
doc/source/template_guide/rackspace.rst
doc/source/templates/cfn/WordPress_Single_Instance.rst
doc/source/templates/hot/hello_world.rst
doc/source/templates/index.rst
doc/source/_templates/.placeholder
doc/source/_theme/layout.html
doc/source/_theme/theme.conf
doc/source/troubleshooting/index.rst
etc/bash_completion.d/heat
etc/bash_completion.d/heat-cfn
etc/boto.cfg
etc/heat-api
etc/heat-api-cfn.conf
etc/heat-api-cfn-paste.ini
etc/heat-api-cloudwatch.conf
etc/heat-api-cloudwatch-paste.ini
etc/heat-api.conf
etc/heat-api-paste.ini
etc/heat/api-paste.ini
etc/heat/boto.cfg
etc/heat-engine.conf
etc/heat-engine-paste.ini
etc/heat/environment.d/default.yaml
etc/heat/heat-api-cfn.conf
etc/heat/heat-api-cfn-paste.ini
etc/heat/heat-api-cloudwatch.conf
etc/heat/heat-api-cloudwatch-paste.ini
etc/heat/heat-api.conf
etc/heat/heat-api-paste.ini
etc/heat/heat.conf.sample
etc/heat/heat-engine.conf
etc/heat/heat-metadata.conf
etc/heat/heat-metadata-paste.ini
etc/heat-metadata.conf
etc/heat-metadata-paste.ini
etc/heat/policy.json
etc/heat/templates/AWS_CloudWatch_Alarm.yaml
etc/heat/templates/AWS_RDS_DBInstance.yaml
HACKING.rst
heat/api/aws/ec2token.py
heat/api/aws/exception.py
heat/api/aws/__init__.py
heat/api/aws/utils.py
heat/api/cfn/__init__.py
heat/api/cfn/v1/__init__.py
heat/api/cfn/v1/signal.py
heat/api/cfn/v1/stacks.py
heat/api/cfn/v1/waitcondition.py
heat/api/cfn/versions.py
heat/api/cloudwatch/__init__.py
heat/api/cloudwatch/versions.py
heat/api/cloudwatch/watch.py
heat/api/__init__.py
heat/api/middleware/context.py
heat/api/middleware/fault.py
heat/api/middleware/__init__.py
heat/api/middleware/ssl.py
heat/api/middleware/version_negotiation.py
heat/api/middleware/x_forwarded_for.py
heat/api/openstack/__init__.py
heat/api/openstack/v1/actions.py
heat/api/openstack/v1/build_info.py
heat/api/openstack/v1/events.py
heat/api/openstack/v1/__init__.py
heat/api/openstack/v1/resources.py
heat/api/openstack/v1/software_configs.py
heat/api/openstack/v1/software_deployments.py
heat/api/openstack/v1/stacks.py
heat/api/openstack/v1/util.py
heat/api/openstack/v1/views/__init__.py
heat/api/openstack/v1/views/stacks_view.py
heat/api/openstack/v1/views/views_common.py
heat/api/openstack/versions.py
heat/api/v1/ec2token.py
heat/api/v1/exception.py
heat/api/v1/__init__.py
heat/api/v1/router.py
heat/api/v1/stacks.py
heat/api/versions.py
heat/boto_client_cloudwatch.py
heat/boto_client.py
heat/cfn_client/boto_client_cloudwatch.py
heat/cfn_client/boto_client.py
heat/cfn_client/client.py
heat/cfn_client/__init__.py
heat/cfn_client/utils.py
heat/cfntools/cfn-get-metadata
heat/cfntools/cfn_helper.py
heat/cfntools/cfn-hup
heat/cfntools/cfn-init
heat/cfntools/cfn-push-stats
heat/cfntools/cfn-signal
heat/cfntools/__init__.py
heat/client.py
heat/cloudformation.py
heat/cloudformations.py
heat/cloudinit/boothook.sh
heat/cloudinit/config
heat/cloudinit/__init__.py
heat/cloudinit/loguserdata.py
heat/cloudinit/loguserdata.sh
heat/cloudinit/part_handler.py
heat/cloudinit/part-handler.py
heat/cmd/__init__.py
heat/cmd/manage.py
heat/common/auth_password.py
heat/common/auth.py
heat/common/auth_token.py
heat/common/auth_url.py
heat/common/cfg.py
heat/common/client.py
heat/common/config.py
heat/common/context.py
heat/common/crypt.py
heat/common/custom_backend_auth.py
heat/common/ec2signer.py
heat/common/environment_format.py
heat/common/exception.py
heat/common/heat_keystoneclient.py
heat/common/identifier.py
heat/common/__init__.py
heat/common/messaging.py
heat/common/notify.py
heat/common/param_utils.py
heat/common/plugin_loader.py
heat/common/policy.py
heat/common/serializers.py
heat/common/short_id.py
heat/common/systemd.py
heat/common/template_format.py
heat/common/timeutils.py
heat/common/urlfetch.py
heat/common/utils.py
heat/common/wsgi.py
heat/context.py
heat/db/anydbm/api.py
heat/db/anydbm/__init__.py
heat/db/api.py
heat/db/__init__.py
heat/db/migration.py
heat/db/sqlalchemy/api.py
heat/db/sqlalchemy/filters.py
heat/db/sqlalchemy/__init__.py
heat/db/sqlalchemy/manage.py
heat/db/sqlalchemy/migrate_repo/__init__.py
heat/db/sqlalchemy/migrate_repo/manage.py
heat/db/sqlalchemy/migrate_repo/migrate.cfg
heat/db/sqlalchemy/migrate_repo/versions/001_norwhal.py
heat/db/sqlalchemy/migrate_repo/versions/002_Add_event_data.py
heat/db/sqlalchemy/migrate_repo/versions/003_add_missing_cols.py
heat/db/sqlalchemy/migrate_repo/versions/004_guest_watch.py
heat/db/sqlalchemy/migrate_repo/versions/005_user_creds.py
heat/db/sqlalchemy/migrate_repo/versions/006_nested_stacks.py
heat/db/sqlalchemy/migrate_repo/versions/007_resource_work.py
heat/db/sqlalchemy/migrate_repo/versions/008_user_parameters.py
heat/db/sqlalchemy/migrate_repo/versions/009_remove_parsed_template.py
heat/db/sqlalchemy/migrate_repo/versions/010_add_stack_timeout_col.py
heat/db/sqlalchemy/migrate_repo/versions/011_stack_tenant.py
heat/db/sqlalchemy/migrate_repo/versions/012_stack_id_uuid.py
heat/db/sqlalchemy/migrate_repo/versions/013_owner_id_uuid.py
heat/db/sqlalchemy/migrate_repo/versions/014_watch_stackid.py
heat/db/sqlalchemy/migrate_repo/versions/015_add_stack_rollback_col.py
heat/db/sqlalchemy/migrate_repo/versions/015_grizzly.py
heat/db/sqlalchemy/migrate_repo/versions/016_timeout_nullable.py
heat/db/sqlalchemy/migrate_repo/versions/017_event_state_status.py
heat/db/sqlalchemy/migrate_repo/versions/018_resource_id_uuid.py
heat/db/sqlalchemy/migrate_repo/versions/019_resource_action_status.py
heat/db/sqlalchemy/migrate_repo/versions/020_stack_action.py
heat/db/sqlalchemy/migrate_repo/versions/021_resource_data.py
heat/db/sqlalchemy/migrate_repo/versions/022_stack_event_soft_delete.py
heat/db/sqlalchemy/migrate_repo/versions/023_raw_template_mysql_longtext.py
heat/db/sqlalchemy/migrate_repo/versions/024_event_resource_name.py
heat/db/sqlalchemy/migrate_repo/versions/025_user_creds_drop_service.py
heat/db/sqlalchemy/migrate_repo/versions/026_user_creds_drop_aws.py
heat/db/sqlalchemy/migrate_repo/versions/027_user_creds_trusts.py
heat/db/sqlalchemy/migrate_repo/versions/028_text_mysql_longtext.py
heat/db/sqlalchemy/migrate_repo/versions/029_event_id_to_uuid.py
heat/db/sqlalchemy/migrate_repo/versions/029_stack_lock.py
heat/db/sqlalchemy/migrate_repo/versions/030_remove_uuidutils.py
heat/db/sqlalchemy/migrate_repo/versions/031_stack_lock.py
heat/db/sqlalchemy/migrate_repo/versions/032_decrypt_method.py
heat/db/sqlalchemy/migrate_repo/versions/033_software_config.py
heat/db/sqlalchemy/migrate_repo/versions/034_raw_template_files.py
heat/db/sqlalchemy/migrate_repo/versions/035_event_uuid_to_id.py
heat/db/sqlalchemy/migrate_repo/versions/036_stack_domain_project.py
heat/db/sqlalchemy/migrate_repo/versions/037_migrate_hot_template.py
heat/db/sqlalchemy/migrate_repo/versions/038_software_config_json_config.py
heat/db/sqlalchemy/migrate_repo/versions/039_user_creds_nullable.py
heat/db/sqlalchemy/migrate_repo/versions/040_software_deployment_no_signal_id.py
heat/db/sqlalchemy/migrate_repo/versions/041_migrate_hot_template_resources.py
heat/db/sqlalchemy/migrate_repo/versions/042_software_deployment_domain_project.py
heat/db/sqlalchemy/migrate_repo/versions/043_migrate_template_versions.py
heat/db/sqlalchemy/migrate_repo/versions/044_snapshots.py
heat/db/sqlalchemy/migrate_repo/versions/045_stack_backup.py
heat/db/sqlalchemy/migrate_repo/versions/__init__.py
heat/db/sqlalchemy/migration.py
heat/db/sqlalchemy/models.py
heat/db/sqlalchemy/mutable.py
heat/db/sqlalchemy/session.py
heat/db/sqlalchemy/types.py
heat/db/sync.py
heat/db/utils.py
heat/doc/__init__.py
heat/doc/resources.py
heat/engine/api/__init__.py
heat/engine/api.py
heat/engine/api/v1/events.py
heat/engine/api/v1/__init__.py
heat/engine/api/v1/stacks.py
heat/engine/attributes.py
heat/engine/auth.py
heat/engine/autoscaling.py
heat/engine/capelistener.py
heat/engine/cfn/functions.py
heat/engine/cfn/__init__.py
heat/engine/cfn/template.py
heat/engine/checkeddict.py
heat/engine/client.py
heat/engine/clients/client_plugin.py
heat/engine/clients/__init__.py
heat/engine/clients/os/ceilometer.py
heat/engine/clients/os/cinder.py
heat/engine/clients/os/glance.py
heat/engine/clients/os/heat_plugin.py
heat/engine/clients/os/__init__.py
heat/engine/clients/os/keystone.py
heat/engine/clients/os/neutron.py
heat/engine/clients/os/nova.py
heat/engine/clients/os/swift.py
heat/engine/clients/os/trove.py
heat/engine/clients.py
heat/engine/cloud_watch.py
heat/engine/components.py
heat/engine/constraints.py
heat/engine/dbinstance.py
heat/engine/dependencies.py
heat/engine/eip.py
heat/engine/environment.py
heat/engine/escalation_policy.py
heat/engine/event.py
heat/engine/format.py
heat/engine/function.py
heat/engine/hot/functions.py
heat/engine/hot/__init__.py
heat/engine/hot/parameters.py
heat/engine/hot.py
heat/engine/hot/template.py
heat/engine/identifier.py
heat/engine/__init__.py
heat/engine/instance.py
heat/engine/json2capexml.py
heat/engine/loadbalancer.py
heat/engine/manager.py
heat/engine/notification/autoscaling.py
heat/engine/notification/__init__.py
heat/engine/notification.py
heat/engine/notification/stack.py
heat/engine/parameter_groups.py
heat/engine/parameters.py
heat/engine/parser.py
heat/engine/plugin_manager.py
heat/engine/properties.py
heat/engine/resource.py
heat/engine/resources/autoscaling.py
heat/engine/resources/ceilometer/alarm.py
heat/engine/resources/ceilometer/__init__.py
heat/engine/resources/cloud_watch.py
heat/engine/resources/dbinstance.py
heat/engine/resources/eip.py
heat/engine/resources/event.py
heat/engine/resources/glance_image.py
heat/engine/resources/glance_utils.py
heat/engine/resources/image.py
heat/engine/resources/__init__.py
heat/engine/resources/instance.py
heat/engine/resources/internet_gateway.py
heat/engine/resources/iso_8601.py
heat/engine/resources/loadbalancer.py
heat/engine/resources/network_interface.py
heat/engine/resources/neutron/firewall.py
heat/engine/resources/neutron/floatingip.py
heat/engine/resources/neutron/__init__.py
heat/engine/resources/neutron/loadbalancer.py
heat/engine/resources/neutron/metering.py
heat/engine/resources/neutron/net.py
heat/engine/resources/neutron/network_gateway.py
heat/engine/resources/neutron/neutron.py
heat/engine/resources/neutron/neutron_utils.py
heat/engine/resources/neutron/port.py
heat/engine/resources/neutron/provider_net.py
heat/engine/resources/neutron/router.py
heat/engine/resources/neutron/security_group.py
heat/engine/resources/neutron/subnet.py
heat/engine/resources/neutron/vpnservice.py
heat/engine/resources/nova_floatingip.py
heat/engine/resources/nova_keypair.py
heat/engine/resources/nova_servergroup.py
heat/engine/resources/nova_utils.py
heat/engine/resources/os_database.py
heat/engine/resources/properties.py
heat/engine/resources.py
heat/engine/resources/quantum/floatingip.py
heat/engine/resources/quantum/__init__.py
heat/engine/resources/quantum/net.py
heat/engine/resources/quantum/port.py
heat/engine/resources/quantum/quantum.py
heat/engine/resources/quantum/router.py
heat/engine/resources/quantum/subnet.py
heat/engine/resources/rackspace/clouddatabase.py
heat/engine/resources/rackspace/cloud_loadbalancer.py
heat/engine/resources/rackspace/cloud_server.py
heat/engine/resources/rackspace/__init__.py
heat/engine/resources/rackspace/rackspace_resource.py
heat/engine/resources/random_string.py
heat/engine/resources/register.py
heat/engine/resources/resource_group.py
heat/engine/resources/resource.py
heat/engine/resources/route_table.py
heat/engine/resources/s3.py
heat/engine/resources/security_group.py
heat/engine/resources/server.py
heat/engine/resources/software_config/cloud_config.py
heat/engine/resources/software_config/__init__.py
heat/engine/resources/software_config/multi_part.py
heat/engine/resources/software_config/software_config.py
heat/engine/resources/software_config/software_deployment.py
heat/engine/resources/software_config/structured_config.py
heat/engine/resources/stack.py
heat/engine/resources/subnet.py
heat/engine/resources/swift.py
heat/engine/resources/swiftsignal.py
heat/engine/resources/template_resource.py
heat/engine/resources/user.py
heat/engine/resources/volume.py
heat/engine/resources/vpc.py
heat/engine/resources/wait_condition.py
heat/engine/resource_types.py
heat/engine/rpcapi.py
heat/engine/rsrc_defn.py
heat/engine/s3.py
heat/engine/scheduler.py
heat/engine/security_group.py
heat/engine/service.py
heat/engine/signal_responder.py
heat/engine/simpledb.py
heat/engine/stack_lock.py
heat/engine/stack.py
heat/engine/stack_resource.py
heat/engine/stack_user.py
heat/engine/support.py
heat/engine/systemctl.py
heat/engine/template.py
heat/engine/timestamp.py
heat/engine/update.py
heat/engine/user.py
heat/engine/volume.py
heat/engine/wait_condition.py
heat/engine/watchrule.py
heat/__init__.py
heat/jeos/F16-i386-cfntools-jeos.tdl
heat/jeos/F16-i386-gold-jeos.tdl
heat/jeos/F16-x86_64-cfntools-jeos.tdl
heat/jeos/F16-x86_64-cftools-jeos.tdl
heat/jeos/F16-x86_64-gold-jeos.tdl
heat/jeos/F17-i386-cfntools-jeos.tdl
heat/jeos/F17-i386-gold-jeos.tdl
heat/jeos/F17-x86_64-cfntools-jeos.tdl
heat/jeos/F17-x86_64-cftools-jeos.tdl
heat/jeos/F17-x86_64-gold-jeos.tdl
heat/jeos/U10-amd64-cfntools-jeos.tdl
heat/local.py
heat/manager.py
heat/metadata/api/__init__.py
heat/metadata/api/v1/__init__.py
heat/metadata/api/v1/metadata.py
heat/metadata/db.py
heat/metadata/__init__.py
heat/openstack/common/cfg.py
heat/openstack/common/cliutils.py
heat/openstack/common/config/generator.py
heat/openstack/common/config/__init__.py
heat/openstack/common/context.py
heat/openstack/common/crypto/__init__.py
heat/openstack/common/crypto/utils.py
heat/openstack/common/db/api.py
heat/openstack/common/db/exception.py
heat/openstack/common/db/__init__.py
heat/openstack/common/db/options.py
heat/openstack/common/db/sqlalchemy/__init__.py
heat/openstack/common/db/sqlalchemy/migration.py
heat/openstack/common/db/sqlalchemy/models.py
heat/openstack/common/db/sqlalchemy/provision.py
heat/openstack/common/db/sqlalchemy/session.py
heat/openstack/common/db/sqlalchemy/test_base.py
heat/openstack/common/db/sqlalchemy/test_migrations.py
heat/openstack/common/db/sqlalchemy/utils.py
heat/openstack/common/eventlet_backdoor.py
heat/openstack/common/exception.py
heat/openstack/common/excutils.py
heat/openstack/common/fileutils.py
heat/openstack/common/fixture/config.py
heat/openstack/common/fixture/__init__.py
heat/openstack/common/fixture/lockutils.py
heat/openstack/common/fixture/logging.py
heat/openstack/common/fixture/mockpatch.py
heat/openstack/common/fixture/moxstubout.py
heat/openstack/common/gettextutils.py
heat/openstack/common/importutils.py
heat/openstack/common/iniparser.py
heat/openstack/common/__init__.py
heat/openstack/common/jsonutils.py
heat/openstack/common/local.py
heat/openstack/common/lockutils.py
heat/openstack/common/log_handler.py
heat/openstack/common/log.py
heat/openstack/common/loopingcall.py
heat/openstack/common/middleware/base.py
heat/openstack/common/middleware/__init__.py
heat/openstack/common/middleware/request_id.py
heat/openstack/common/network_utils.py
heat/openstack/common/notifier/api.py
heat/openstack/common/notifier/__init__.py
heat/openstack/common/notifier/list_notifier.py
heat/openstack/common/notifier/log_notifier.py
heat/openstack/common/notifier/no_op_notifier.py
heat/openstack/common/notifier/proxy.py
heat/openstack/common/notifier/rabbit_notifier.py
heat/openstack/common/notifier/rpc_notifier2.py
heat/openstack/common/notifier/rpc_notifier.py
heat/openstack/common/notifier/test_notifier.py
heat/openstack/common/policy.py
heat/openstack/common/processutils.py
heat/openstack/common/py3kcompat/__init__.py
heat/openstack/common/py3kcompat/urlutils.py
heat/openstack/common/rpc/amqp.py
heat/openstack/common/rpc/common.py
heat/openstack/common/rpc/dispatcher.py
heat/openstack/common/rpc/impl_fake.py
heat/openstack/common/rpc/impl_kombu.py
heat/openstack/common/rpc/impl_qpid.py
heat/openstack/common/rpc/impl_zmq.py
heat/openstack/common/rpc/__init__.py
heat/openstack/common/rpc/matchmaker.py
heat/openstack/common/rpc/matchmaker_redis.py
heat/openstack/common/rpc/matchmaker_ring.py
heat/openstack/common/rpc/proxy.py
heat/openstack/common/rpc/securemessage.py
heat/openstack/common/rpc/serializer.py
heat/openstack/common/rpc/service.py
heat/openstack/common/rpc/zmq_receiver.py
heat/openstack/common/service.py
heat/openstack/common/setup.py
heat/openstack/common/sslutils.py
heat/openstack/common/strutils.py
heat/openstack/common/systemd.py
heat/openstack/common/test.py
heat/openstack/common/threadgroup.py
heat/openstack/common/timeutils.py
heat/openstack/common/utils.py
heat/openstack/common/uuidutils.py
heat/openstack/common/version.py
heat/openstack/common/versionutils.py
heat/openstack/__init__.py
heat/rpc/amqp.py
heat/rpc/api.py
heat/rpc/client.py
heat/rpc/common.py
heat/rpc/impl_fake.py
heat/rpc/impl_kombu.py
heat/rpc/impl_qpid.py
heat/rpc/__init__.py
heat/scaling/__init__.py
heat/scaling/template.py
heat/service.py
heat.spec
heat/testing/fake/__init__.py
heat/testing/__init__.py
heat/testing/runner.py
heat/tests/common.py
heat/tests/db/__init__.py
heat/tests/db/test_migrations.conf
heat/tests/db/test_migrations.py
heat/tests/examples/__init__.py
heat/tests/examples/tags.txt
heat/tests/examples/test1.py
heat/tests/examples/test2.py
heat/tests/examples/test3.py
heat/tests/fakes.py
heat/tests/functional/__init__.py
heat/tests/functional/test_AutoScalingMultiAZSample.py
heat/tests/functional/test_bin_heat.py
heat/tests/functional/test_CFN_API_Actions_Boto.py
heat/tests/functional/test_CFN_API_Actions.py
heat/tests/functional/test_CFN_API_UpdateStack.py
heat/tests/functional/test_HAProxy_Single_Instance.py
heat/tests/functional/test_OpenShift_Prebuilt_JEOS.py
heat/tests/functional/test_WordPress_2_Instances.py
heat/tests/functional/test_WordPress_2_Instances_With_EBS_EIP.py
heat/tests/functional/test_WordPress_2_Instances_With_EBS.py
heat/tests/functional/test_WordPress_2_Intances.py
heat/tests/functional/test_WordPress_Composed_Instances.py
heat/tests/functional/test_WordPress_Single_Instance_Boto.py
heat/tests/functional/test_WordPress_Single_Instance.py
heat/tests/functional/test_WordPress_Single_Instance_With_EBS_EIP.py
heat/tests/functional/test_WordPress_Single_Instance_With_EBS.py
heat/tests/functional/test_WordPress_Single_Instance_With_EIP.py
heat/tests/functional/test_WordPress_Single_Instance_With_HA.py
heat/tests/functional/test_WordPress_Single_Instance_With_IHA.py
heat/tests/functional/test_WordPress_With_LB.py
heat/tests/functional/test_WordPress_With_RDS.py
heat/tests/functional/util.py
heat/tests/functional/verify.py
heat/tests/generic_resource.py
heat/tests/__init__.py
heat/tests/policy/check_admin.json
heat/tests/policy/deny_stack_user.json
heat/tests/policy/notallowed.json
heat/tests/templates/Neutron.template
heat/tests/templates/Neutron.yaml
heat/tests/templates/Quantum.template
heat/tests/templates/Quantum.yaml
heat/tests/templates/WordPress_Single_Instance.template
heat/tests/templates/WordPress_Single_Instance.yaml
heat/tests/test_api_aws.py
heat/tests/test_api_cfn_v1.py
heat/tests/test_api_cloudwatch.py
heat/tests/test_api_ec2token.py
heat/tests/test_api_openstack_v1.py
heat/tests/test_api_openstack_v1_util.py
heat/tests/test_api_openstack_v1_views_stacks_view_builder.py
heat/tests/test_api_openstack_v1_views_views_common.py
heat/tests/test_api_v1.py
heat/tests/test_attributes.py
heat/tests/test_auth_password.py
heat/tests/test_auth_url.py
heat/tests/test_autoscaling.py
heat/tests/test_autoscaling_update_policy.py
heat/tests/test_ceilometer_alarm.py
heat/tests/test_cfn.py
heat/tests/test_clients.py
heat/tests/test_cli.py
heat/tests/test_cloud_config.py
heat/tests/test_clouddatabase.py
heat/tests/test_cloud_loadbalancer.py
heat/tests/test_cloudwatch.py
heat/tests/test_common_context.py
heat/tests/test_common_param_utils.py
heat/tests/test_common_policy.py
heat/tests/test_common_serializers.py
heat/tests/test_components.py
heat/tests/test_constraints.py
heat/tests/test_cw_alarm.py
heat/tests/test_dbinstance.py
heat/tests/test_dependencies.py
heat/tests/test_eip.py
heat/tests/test_empty_stack.py
heat/tests/test_engine_api_utils.py
heat/tests/test_engine_manager.py
heat/tests/test_engine_service.py
heat/tests/test_environment_format.py
heat/tests/test_environment.py
heat/tests/test_event.py
heat/tests/test_exception.py
heat/tests/test_fault_middleware.py
heat/tests/test_format.py
heat/tests/test_function.py
heat/tests/test_glance_client.py
heat/tests/test_glance_image.py
heat/tests/test_glance_utils.py
heat/tests/test_heat_autoscaling_group.py
heat/tests/test_heatclient.py
heat/tests/test_hot.py
heat/tests/test_identifier.py
heat/tests/test_image.py
heat/tests/testing-overview.txt
heat/tests/test_instance_group.py
heat/tests/test_instance_group_update_policy.py
heat/tests/test_instance_network.py
heat/tests/test_instance.py
heat/tests/test_iso_8601.py
heat/tests/test_iso8601_utils.py
heat/tests/test_loadbalancer.py
heat/tests/test_loguserdata.py
heat/tests/test_manager.py
heat/tests/test_metadata_refresh.py
heat/tests/test_multi_part.py
heat/tests/test_nested_stack.py
heat/tests/test_neutron_autoscaling.py
heat/tests/test_neutron_firewall.py
heat/tests/test_neutron_loadbalancer.py
heat/tests/test_neutron_metering.py
heat/tests/test_neutron_network_gateway.py
heat/tests/test_neutron.py
heat/tests/test_neutron_security_group.py
heat/tests/test_neutron_vpnservice.py
heat/tests/test_nokey.py
heat/tests/test_notifications.py
heat/tests/test_nova_client.py
heat/tests/test_nova_floatingip.py
heat/tests/test_nova_keypair.py
heat/tests/test_nova_servergroup.py
heat/tests/test_nova_utils.py
heat/tests/test_os_database.py
heat/tests/test_parameters.py
heat/tests/test_parser.py
heat/tests/test_plugin_loader.py
heat/tests/test_plugin_manager.py
heat/tests/test_properties.py
heat/tests/test_provider_template.py
heat/tests/test_quantum.py
heat/tests/test_rackspace_cloud_server.py
heat/tests/test_random_string.py
heat/tests/test_resource_group.py
heat/tests/test_resource.py
heat/tests/test_resources.py
heat/tests/test_restarter.py
heat/tests/test_rpcapi.py
heat/tests/test_rpc_client.py
heat/tests/test_rsrc_defn.py
heat/tests/test_s3.py
heat/tests/test_scaling_template.py
heat/tests/test_scheduler.py
heat/tests/test_security_group.py
heat/tests/test_server.py
heat/tests/test_server_tags.py
heat/tests/test_short_id.py
heat/tests/test_signal.py
heat/tests/test_software_config.py
heat/tests/test_software_deployment.py
heat/tests/test_sqlalchemy_api.py
heat/tests/test_sqlalchemy_filters.py
heat/tests/test_sqlalchemy_types.py
heat/tests/test_ssl_middleware.py
heat/tests/test_stack_lock.py
heat/tests/test_stack_resource.py
heat/tests/test_stacks.py
heat/tests/test_stack_user.py
heat/tests/test_structured_config.py
heat/tests/test_support.py
heat/tests/test_swift_client.py
heat/tests/test_swift.py
heat/tests/test_swiftsignal.py
heat/tests/test_template_format.py
heat/tests/test_template.py
heat/tests/test_timeutils.py
heat/tests/test_urlfetch.py
heat/tests/test_user.py
heat/tests/test_validate.py
heat/tests/test_version_negotiation_middleware.py
heat/tests/test_volume.py
heat/tests/test_vpc.py
heat/tests/test_waitcondition.py
heat/tests/test_watch.py
heat/tests/test_wsgi.py
heat/tests/test_x_forwarded_for_middleware.py
heat/tests/unit/__init__.py
heat/tests/unit/test_checkeddict.py
heat/tests/unit/test_template_convert.py
heat/tests/utils.py
heat/tests/v1_1/fakes.py
heat/tests/v1_1/__init__.py
heat/tests/v1_1/testfile.txt
heat/tests/v1_1/utils.py
heat/utils.py
heat/version.py
install.sh
LICENSE
MANIFEST.in
openstack-common.conf
pylintrc
rally-scenarios/heat-fakevirt.yaml
rally-scenarios/plugins/sample_plugin.py
README
README.rst
rel-eng/packages/heat
rel-eng/packages/.readme
rel-eng/tito.props
requirements.txt
run_tests.py
run_tests.sh
setup.cfg
setup.py
templates/AutoScalingMultiAZSample.template
templates/EC2WithEBSSample.template
templates/getting_started.template
templates/HAProxy_Single_Instance.template
templates/InstanceGroup.template
templates/MySQL_Single_Instance.template
templates/OpenShift_Prebuilt_JEOS.template
templates/OpenShift.template
templates/ppetit.template
templates/PuppetMaster_Single_Instance.template
templates/Quantum_floating.template
templates/Quantum.template
templates/Quantum.yaml
templates/Rails_Single_Instance.template
templates/S3_Single_Instance.template
templates/Swift.template
templates/WordPress_2_Instances.template
templates/WordPress_2_Instances_With_EBS_EIP.template
templates/WordPress_2_Instances_With_EBS.template
templates/WordPress_2_Instances_With_EBS_Volume.template
templates/WordPress_And_Http.template
templates/WordPress_Composed_Instances.template
templates/WordPress_NoKey.template
templates/WordPress_Single_Instance_cfntools.template
templates/WordPress_Single_Instance_cftools.template
templates/WordPress_Single_Instance_deb.template
templates/WordPress_Single_Instance_gold.template
templates/WordPress_Single_Instance_puppet.template
templates/WordPress_Single_Instance.template
templates/WordPress_Single_Instance_With_EBS_EIP.template
templates/WordPress_Single_Instance_With_EBS.template
templates/WordPress_Single_Instance_With_EBS_Volume.template
templates/WordPress_Single_Instance_With_EIP.template
templates/WordPress_Single_Instance_With_HA_AccessPolicy.template
templates/WordPress_Single_Instance_With_HA.template
templates/WordPress_Single_Instance_With_IHA.template
templates/WordPress_Single_Instance_With_Quantum.template
templates/WordPress_Single_Instance.yaml
templates/WordPress_With_LB.template
templates/WordPress_With_RDS.template
.testr.conf
test-requirements.txt
tools/cfn-json2yaml
tools/conf/check_uptodate.sh
tools/conf/generate_sample.sh
tools/config/check_uptodate.sh
tools/config/generate_sample.sh
tools/config/oslo.config.generator.rc
tools/create_heat_domain
tools/experimental_create.py
tools/experimental_ssh_eventlet.py
tools/fetch-cloudformation-examples
tools/glance-jeos-add-from-github.sh
tools/hacking.py
tools/heat-db-drop
tools/heat-keystone-service
tools/heat-keystone-service-devstack
tools/install_venv_common.py
tools/install_venv.py
tools/integration.sh
tools/nova_create_flavors.sh
tools/openstack
tools/openstack_ubuntu
tools/patch_tox_venv.py
tools/pip-requires
tools/pyflakes-bypass.py
tools/requirements_style_check.sh
tools/rst2script.sed
tools/run_pep8.sh
tools/state_transitions.py
tools/test-requires
tools/test-requires-rpm
tools/uninstall-heat
tools/with_venv.sh
tox.ini
uninstall.sh
var/lib/heat/.dummy
var/log/heat/api.log
var/log/heat/engine.log
var/log/heat/metadata.log
