doc/source/builders.rst
doc/source/configuration.rst
doc/source/conf.py
doc/source/definition.rst
doc/source/extending.rst
doc/source/general.rst
doc/source/hipchat.rst
doc/source/index.rst
doc/source/installation.rst
doc/source/metadata.rst
doc/source/notifications.rst
doc/source/parameters.rst
doc/source/project_flow.rst
doc/source/project_freestyle.rst
doc/source/project_matrix.rst
doc/source/project_maven.rst
doc/source/properties.rst
doc/source/publishers.rst
doc/source/reporters.rst
doc/source/scm.rst
doc/source/triggers.rst
doc/source/wrappers.rst
doc/source/zuul.rst
etc/jenkins_jobs.ini-sample
example/ceilometer.yml
example/cinder.yml
example/devstack-gate.yml
example/devstack.yml
example/gerritbot.yml
example/gerritlib.yml
example/gerrit-verification-status-plugin.yml
example/gerrit.yml
example/glance.yml
example/heat.yml
example/horizon.yml
example/jenkins-job-builder.yml
example/keystone.yml
example/macros.yml
example/mraas.yml
example/nova.yml
example/openstack-ci-puppet.yml
example/openstack-common.yml
example/openstack-publish-jobs.yml
example/pbr.yml
example/pypi-jobs.yml
example/pypi-mirror.yml
example/python-bitrot-jobs.yml
example/python-cinderclient.yml
example/python-glanceclient.yml
example/python-jobs.yml
example/python-keystoneclient.yml
example/python-novaclient.yml
example/python-openstackclient.yml
example/python-quantumclient.yml
example/python-swiftclient.yml
example/quantum.yml
example/reddwarf.yml
example/requirements.yml
example/swift.yml
example/tempest.yml
example/zuul.yml
jenkins-jobs
jenkins_jobs/builder.py
jenkins_jobs/cmd.py
jenkins_jobs/errors.py
jenkins_jobs/__init__.py
jenkins_jobs/local_yaml.py
jenkins_jobs/modules/assignednode.py
jenkins_jobs/modules/base.py
jenkins_jobs/modules/builders.py
jenkins_jobs/modules/general.py
jenkins_jobs/modules/hipchat_notif.py
jenkins_jobs/modules/hudson_model.py
jenkins_jobs/modules/__init__.py
jenkins_jobs/modules/logrotate.py
jenkins_jobs/modules/metadata.py
jenkins_jobs/modules/notifications.py
jenkins_jobs/modules/parameters.py
jenkins_jobs/modules/project_flow.py
jenkins_jobs/modules/project_freestyle.py
jenkins_jobs/modules/project_matrix.py
jenkins_jobs/modules/project_maven.py
jenkins_jobs/modules/project_multijob.py
jenkins_jobs/modules/properties.py
jenkins_jobs/modules/publishers.py
jenkins_jobs/modules/reporters.py
jenkins_jobs/modules/scm.py
jenkins_jobs/modules/triggers.py
jenkins_jobs/modules/wrappers.py
jenkins_jobs/modules/zuul.py
jenkins_jobs/openstack/common/__init__.py
jenkins_jobs/openstack/common/setup.py
jenkins_jobs/openstack/common/version.py
jenkins_jobs/openstack/__init__.py
jenkins_jobs.py
jenkins_jobs/sphinx/__init__.py
jenkins_jobs/sphinx/yaml.py
jenkins_jobs/version.py
jenkins_talker.py
LICENSE
MANIFEST.in
modules/assignednode.py
modules/builders.py
modules/__init__.py
modules/logrotate.py
modules/project_freestyle.py
modules/project_maven.py
modules/properties.py
modules/publisher_coverage.py
modules/publisher_docs.py
modules/publisher_ftp.py
modules/publisher_junit.py
modules/publisher_none.py
modules/publisher_pep8.py
modules/publisher_ppa.py
modules/publishers.py
modules/publisher_tarball.py
modules/publisher_venv.py
modules/publisher_war.py
modules/scm.py
modules/trigger_gerrit.py
modules/trigger_none.py
modules/trigger_pollscm.py
modules/triggers.py
modules/trigger_timed.py
modules/wrappers.py
modules/zuul.py
openstack-common.conf
projects/openstack/ceilometer.yml
projects/openstack/cinder.yml
projects/openstack/devstack-gate.yml
projects/openstack/devstack.yml
projects/openstack/gerritbot.yml
projects/openstack/gerritlib.yml
projects/openstack/gerrit-verification-status-plugin.yml
projects/openstack/gerrit.yml
projects/openstack/glance.yml
projects/openstack/heat.yml
projects/openstack/horizon.yml
projects/openstack/keystone.yml
projects/openstack/melange.yml
projects/openstack/mraas.yml
projects/openstack/nova.yml
projects/openstack/openstack-ci-puppet.yml
projects/openstack/openstack-common.yml
projects/openstack/pbr.yml
projects/openstack/pypi-mirror.yml
projects/openstack/python-cinderclient.yml
projects/openstack/python-glanceclient.yml
projects/openstack/python-keystoneclient.yml
projects/openstack/python-melangeclient.yml
projects/openstack/python-novaclient.yml
projects/openstack/python-openstackclient.yml
projects/openstack/python-quantumclient.yml
projects/openstack/python-swiftclient.yml
projects/openstack/quantum.yml
projects/openstack/reddwarf.yml
projects/openstack/swift.yml
projects/openstack/tempest.yml
projects/openstack/zuul.yml
projects/stackforge/ceilometer.yml
projects/stackforge/heat.yml
projects/stackforge/mraas.yml
projects/stackforge/reddwarf.yml
README.md
README.rst
requirements.txt
samples/gerrit-trigger.yaml
samples/pipeline.yaml
samples/release.yaml
samples/sonar.yaml
setup.cfg
setup.py
templates/openstack_publish_jobs.yml
templates/pypi_jobs.yml
templates/python_bitrot_jobs.yml
templates/python_jobs.yml
templates/python_library_jobs.yml
.testr.conf
test-requirements.txt
tests/base.py
tests/builders/fixtures/ant001.xml
tests/builders/fixtures/ant001.yaml
tests/builders/fixtures/ant002.xml
tests/builders/fixtures/ant002.yaml
tests/builders/fixtures/artifact-resolver.xml
tests/builders/fixtures/artifact-resolver.yaml
tests/builders/fixtures/batch.xml
tests/builders/fixtures/batch.yaml
tests/builders/fixtures/builders-from.xml
tests/builders/fixtures/builders-from.yaml
tests/builders/fixtures/conditional-step-notbuild-aborted.xml
tests/builders/fixtures/conditional-step-notbuild-aborted.yaml
tests/builders/fixtures/conditional-step-success-failure.xml
tests/builders/fixtures/conditional-step-success-failure.yaml
tests/builders/fixtures/conditional-step-success-unstable.xml
tests/builders/fixtures/conditional-step-success-unstable.yaml
tests/builders/fixtures/copy-artifact001.xml
tests/builders/fixtures/copy-artifact001.yaml
tests/builders/fixtures/critical-block-end.xml
tests/builders/fixtures/critical-block-end.yaml
tests/builders/fixtures/critical-block-start.xml
tests/builders/fixtures/critical-block-start.yaml
tests/builders/fixtures/critical-block.xml
tests/builders/fixtures/critical-block.yaml
tests/builders/fixtures/gradle.xml
tests/builders/fixtures/gradle.yaml
tests/builders/fixtures/grails.xml
tests/builders/fixtures/grails.yaml
tests/builders/fixtures/groovy001.xml
tests/builders/fixtures/groovy001.yaml
tests/builders/fixtures/groovy002.xml
tests/builders/fixtures/groovy002.yaml
tests/builders/fixtures/inject.xml
tests/builders/fixtures/inject.yaml
tests/builders/fixtures/managed-script.xml
tests/builders/fixtures/managed-script.yaml
tests/builders/fixtures/managed-winbatch.xml
tests/builders/fixtures/managed-winbatch.yaml
tests/builders/fixtures/maven-target001.xml
tests/builders/fixtures/maven-target001.yaml
tests/builders/fixtures/maven-target-doc.xml
tests/builders/fixtures/maven-target-doc.yaml
tests/builders/fixtures/msbuild.xml
tests/builders/fixtures/msbuild.yaml
tests/builders/fixtures/multibuild.xml
tests/builders/fixtures/multibuild.yaml
tests/builders/fixtures/python.xml
tests/builders/fixtures/python.yaml
tests/builders/fixtures/sbt.xml
tests/builders/fixtures/sbt.yaml
tests/builders/fixtures/shell.xml
tests/builders/fixtures/shell.yaml
tests/builders/fixtures/shining-panda-customenv.xml
tests/builders/fixtures/shining-panda-customenv.yaml
tests/builders/fixtures/shining-panda-pythonenv.xml
tests/builders/fixtures/shining-panda-pythonenv.yaml
tests/builders/fixtures/shining-panda-virtualenv.xml
tests/builders/fixtures/shining-panda-virtualenv.yaml
tests/builders/fixtures/system-groovy001.xml
tests/builders/fixtures/system-groovy001.yaml
tests/builders/fixtures/system-groovy002.xml
tests/builders/fixtures/system-groovy002.yaml
tests/builders/fixtures/trigger-builds001.xml
tests/builders/fixtures/trigger-builds001.yaml
tests/builders/fixtures/trigger-builds002.xml
tests/builders/fixtures/trigger-builds002.yaml
tests/builders/fixtures/trigger-builds003.xml
tests/builders/fixtures/trigger-builds003.yaml
tests/builders/__init__.py
tests/builders/test_builders.py
tests/cmd/fixtures/cmd-001.conf
tests/cmd/fixtures/cmd-001.xml
tests/cmd/fixtures/cmd-001.yaml
tests/cmd/__init__.py
tests/cmd/test_cmd.py
tests/general/fixtures/assigned-node001.xml
tests/general/fixtures/assigned-node001.yaml
tests/general/fixtures/assigned-node002.xml
tests/general/fixtures/assigned-node002.yaml
tests/general/fixtures/matrix-axis001.xml
tests/general/fixtures/matrix-axis001.yaml
tests/general/fixtures/matrix-axis002.xml
tests/general/fixtures/matrix-axis002.yaml
tests/general/fixtures/project-maven001.xml
tests/general/fixtures/project-maven001.yaml
tests/general/fixtures/project-maven002.xml
tests/general/fixtures/project-maven002.yaml
tests/general/fixtures/project-type001.xml
tests/general/fixtures/project-type001.yaml
tests/general/fixtures/project-type002.xml
tests/general/fixtures/project-type002.yaml
tests/general/fixtures/project-type003.xml
tests/general/fixtures/project-type003.yaml
tests/general/fixtures/project-type004.xml
tests/general/fixtures/project-type004.yaml
tests/general/fixtures/set-retry-count001.xml
tests/general/fixtures/set-retry-count001.yaml
tests/general/__init__.py
tests/general/test_general.py
test.sh
tests/__init__.py
tests/localyaml/fixtures/include001.json
tests/localyaml/fixtures/include001.yaml
tests/localyaml/fixtures/include001.yaml.inc
tests/localyaml/fixtures/include-raw001-hello-world.sh
tests/localyaml/fixtures/include-raw001.json
tests/localyaml/fixtures/include-raw001-vars.sh
tests/localyaml/fixtures/include-raw001.yaml
tests/localyaml/fixtures/include-raw-escaped001.json
tests/localyaml/fixtures/include-raw-escaped001.yaml
tests/localyaml/__init__.py
tests/localyaml/test_localyaml.py
tests/macros/__init__.py
tests/macros/scm/multi-scms001.xml
tests/macros/scm/multi-scms001.yaml
tests/macros/scm/multi-scms002.xml
tests/macros/scm/multi-scms002.yaml
tests/macros/scm/scm001.xml
tests/macros/scm/scm001.yaml
tests/macros/scm/scm002.xml
tests/macros/scm/scm002.yaml
tests/macros/test_macros.py
tests/notifications/fixtures/http-endpoint001.xml
tests/notifications/fixtures/http-endpoint001.yaml
tests/notifications/__init__.py
tests/notifications/test_notifications.py
tests/parameters/fixtures/dynamic-choice-param001.xml
tests/parameters/fixtures/dynamic-choice-param001.yaml
tests/parameters/__init__.py
tests/parameters/test_parameters.py
tests/properties/fixtures/authorization.xml
tests/properties/fixtures/authorization.yaml
tests/properties/fixtures/batch-task.xml
tests/properties/fixtures/batch-task.yaml
tests/properties/fixtures/copyartifact.xml
tests/properties/fixtures/copyartifact.yaml
tests/properties/fixtures/delivery-pipeline1.xml
tests/properties/fixtures/delivery-pipeline1.yaml
tests/properties/fixtures/delivery-pipeline2.xml
tests/properties/fixtures/delivery-pipeline2.yaml
tests/properties/fixtures/fingerprinter.xml
tests/properties/fixtures/fingerprinter.yaml
tests/properties/fixtures/heavy-job.xml
tests/properties/fixtures/heavy-job.yaml
tests/properties/fixtures/least-load001.xml
tests/properties/fixtures/least-load001.yaml
tests/properties/fixtures/least-load002.xml
tests/properties/fixtures/least-load002.yaml
tests/properties/fixtures/slave-utilization1.xml
tests/properties/fixtures/slave-utilization1.yaml
tests/properties/fixtures/slave-utilization2.xml
tests/properties/fixtures/slave-utilization2.yaml
tests/properties/fixtures/throttle001.xml
tests/properties/fixtures/throttle001.yaml
tests/properties/fixtures/zeromq-event.xml
tests/properties/fixtures/zeromq-event.yaml
tests/properties/__init__.py
tests/properties/test_properties.py
tests/publishers/fixtures/archive001.xml
tests/publishers/fixtures/archive001.yaml
tests/publishers/fixtures/artifact-dep.xml
tests/publishers/fixtures/artifact-dep.yaml
tests/publishers/fixtures/blame001.xml
tests/publishers/fixtures/blame001.yaml
tests/publishers/fixtures/build001.xml
tests/publishers/fixtures/build001.yaml
tests/publishers/fixtures/campfire001.xml
tests/publishers/fixtures/campfire001.yaml
tests/publishers/fixtures/campfire002.xml
tests/publishers/fixtures/campfire002.yaml
tests/publishers/fixtures/campfire003.xml
tests/publishers/fixtures/campfire003.yaml
tests/publishers/fixtures/checkstyle001.xml
tests/publishers/fixtures/checkstyle001.yaml
tests/publishers/fixtures/checkstyle002.xml
tests/publishers/fixtures/checkstyle002.yaml
tests/publishers/fixtures/checkstyle003.xml
tests/publishers/fixtures/checkstyle003.yaml
tests/publishers/fixtures/cigame.xml
tests/publishers/fixtures/cigame.yaml
tests/publishers/fixtures/clone-workspace001.xml
tests/publishers/fixtures/clone-workspace001.yaml
tests/publishers/fixtures/clone-workspace002.xml
tests/publishers/fixtures/clone-workspace002.yaml
tests/publishers/fixtures/cloverphp001.xml
tests/publishers/fixtures/cloverphp001.yaml
tests/publishers/fixtures/cloverphp002.xml
tests/publishers/fixtures/cloverphp002.yaml
tests/publishers/fixtures/cloverphp003.xml
tests/publishers/fixtures/cloverphp003.yaml
tests/publishers/fixtures/description-setter001.xml
tests/publishers/fixtures/description-setter001.yaml
tests/publishers/fixtures/description-setter002.xml
tests/publishers/fixtures/description-setter002.yaml
tests/publishers/fixtures/description-setter.xml
tests/publishers/fixtures/description-setter.yaml
tests/publishers/fixtures/doxygen001.xml
tests/publishers/fixtures/doxygen001.yaml
tests/publishers/fixtures/email-ext001.xml
tests/publishers/fixtures/email-ext001.yaml
tests/publishers/fixtures/email-ext002.xml
tests/publishers/fixtures/email-ext002.yaml
tests/publishers/fixtures/emotional-jenkins.xml
tests/publishers/fixtures/emotional-jenkins.yaml
tests/publishers/fixtures/fitnesse001.xml
tests/publishers/fixtures/fitnesse001.yaml
tests/publishers/fixtures/git001.xml
tests/publishers/fixtures/git001.yaml
tests/publishers/fixtures/github-notifier.xml
tests/publishers/fixtures/github-notifier.yaml
tests/publishers/fixtures/ircbot001.xml
tests/publishers/fixtures/ircbot001.yaml
tests/publishers/fixtures/ircbot002.xml
tests/publishers/fixtures/ircbot002.yaml
tests/publishers/fixtures/junit001.xml
tests/publishers/fixtures/junit001.yaml
tests/publishers/fixtures/junit002.xml
tests/publishers/fixtures/junit002.yaml
tests/publishers/fixtures/mavendeploy001.xml
tests/publishers/fixtures/mavendeploy001.yaml
tests/publishers/fixtures/pipeline001.xml
tests/publishers/fixtures/pipeline001.yaml
tests/publishers/fixtures/pipeline002.xml
tests/publishers/fixtures/pipeline002.yaml
tests/publishers/fixtures/plot001.xml
tests/publishers/fixtures/plot001.yaml
tests/publishers/fixtures/plot002.xml
tests/publishers/fixtures/plot002.yaml
tests/publishers/fixtures/plot003.xml
tests/publishers/fixtures/plot003.yaml
tests/publishers/fixtures/postbuildscript000.xml
tests/publishers/fixtures/postbuildscript000.yaml
tests/publishers/fixtures/postbuildscript001.xml
tests/publishers/fixtures/postbuildscript001.yaml
tests/publishers/fixtures/postbuildscript002.xml
tests/publishers/fixtures/postbuildscript002.yaml
tests/publishers/fixtures/postbuildscript003.xml
tests/publishers/fixtures/postbuildscript003.yaml
tests/publishers/fixtures/ruby-metrics.xml
tests/publishers/fixtures/ruby-metrics.yaml
tests/publishers/fixtures/scp001.xml
tests/publishers/fixtures/scp001.yaml
tests/publishers/fixtures/sitemonitor001.xml
tests/publishers/fixtures/sitemonitor001.yaml
tests/publishers/fixtures/stash001.xml
tests/publishers/fixtures/stash001.yaml
tests/publishers/fixtures/testng001.xml
tests/publishers/fixtures/testng001.yaml
tests/publishers/fixtures/trigger_success.xml
tests/publishers/fixtures/trigger_success.yaml
tests/publishers/fixtures/xunit001.xml
tests/publishers/fixtures/xunit001.yaml
tests/publishers/__init__.py
tests/publishers/test_publishers.py
tests/scm/fixtures/git001.xml
tests/scm/fixtures/git001.yaml
tests/scm/fixtures/git-ignore-notify01.xml
tests/scm/fixtures/git-ignore-notify01.yaml
tests/scm/fixtures/git-ignore-notify02.xml
tests/scm/fixtures/git-ignore-notify02.yaml
tests/scm/fixtures/git-ignore-notify03.xml
tests/scm/fixtures/git-ignore-notify03.yaml
tests/scm/fixtures/gitlab.xml
tests/scm/fixtures/gitlab.yaml
tests/scm/fixtures/git-multiple-remotes.xml
tests/scm/fixtures/git-multiple-remotes.yaml
tests/scm/fixtures/git-shallow-clone01.xml
tests/scm/fixtures/git-shallow-clone01.yaml
tests/scm/fixtures/git-shallow-clone02.xml
tests/scm/fixtures/git-shallow-clone02.yaml
tests/scm/fixtures/git-shallow-clone03.xml
tests/scm/fixtures/git-shallow-clone03.yaml
tests/scm/fixtures/local-branch001.xml
tests/scm/fixtures/local-branch001.yaml
tests/scm/fixtures/repo001.xml
tests/scm/fixtures/repo001.yaml
tests/scm/fixtures/stash.xml
tests/scm/fixtures/stash.yaml
tests/scm/fixtures/store001.xml
tests/scm/fixtures/store001.yaml
tests/scm/fixtures/svn-multiple-repos-001.xml
tests/scm/fixtures/svn-multiple-repos-001.yaml
tests/scm/fixtures/svn-regions-001.xml
tests/scm/fixtures/svn-regions-001.yaml
tests/scm/fixtures/workspace001.xml
tests/scm/fixtures/workspace001.yaml
tests/scm/__init__.py
tests/scm/test_scm.py
tests/triggers/fixtures/gerrit001.xml
tests/triggers/fixtures/gerrit001.yaml
tests/triggers/fixtures/gerrit002.xml
tests/triggers/fixtures/gerrit002.yaml
tests/triggers/fixtures/gerrit003.xml
tests/triggers/fixtures/gerrit003.yaml
tests/triggers/fixtures/gerrit004.xml
tests/triggers/fixtures/gerrit004.yaml
tests/triggers/fixtures/github-pull-request.xml
tests/triggers/fixtures/github-pull-request.yaml
tests/triggers/fixtures/gitlab-merge-request.xml
tests/triggers/fixtures/gitlab-merge-request.yaml
tests/triggers/fixtures/pollurl001.xml
tests/triggers/fixtures/pollurl001.yaml
tests/triggers/fixtures/reverse.xml
tests/triggers/fixtures/reverse.yaml
tests/triggers/fixtures/script.xml
tests/triggers/fixtures/script.yaml
tests/triggers/__init__.py
tests/triggers/test_triggers.py
tests/wrappers/fixtures/ci-skip001.xml
tests/wrappers/fixtures/ci-skip001.yaml
tests/wrappers/fixtures/delivery-pipeline1.xml
tests/wrappers/fixtures/delivery-pipeline1.yaml
tests/wrappers/fixtures/delivery-pipeline2.xml
tests/wrappers/fixtures/delivery-pipeline2.yaml
tests/wrappers/fixtures/env-file001.xml
tests/wrappers/fixtures/env-file001.yaml
tests/wrappers/fixtures/exclusion001.xml
tests/wrappers/fixtures/exclusion001.yaml
tests/wrappers/fixtures/exclusion002.xml
tests/wrappers/fixtures/exclusion002.yaml
tests/wrappers/fixtures/exclusion003.xml
tests/wrappers/fixtures/exclusion003.yaml
tests/wrappers/fixtures/logfilesize001.xml
tests/wrappers/fixtures/logfilesize001.yaml
tests/wrappers/fixtures/logfilesize002.xml
tests/wrappers/fixtures/logfilesize002.yaml
tests/wrappers/fixtures/logfilesize003.xml
tests/wrappers/fixtures/logfilesize003.yaml
tests/wrappers/fixtures/logstash001.xml
tests/wrappers/fixtures/logstash001.yaml
tests/wrappers/fixtures/logstash002.xml
tests/wrappers/fixtures/logstash002.yaml
tests/wrappers/fixtures/logstash003.xml
tests/wrappers/fixtures/logstash003.yaml
tests/wrappers/fixtures/matrix-tie-parent.xml
tests/wrappers/fixtures/matrix-tie-parent.yaml
tests/wrappers/fixtures/rbenv001.xml
tests/wrappers/fixtures/rbenv001.yaml
tests/wrappers/fixtures/rbenv002.xml
tests/wrappers/fixtures/rbenv002.yaml
tests/wrappers/fixtures/rbenv003.xml
tests/wrappers/fixtures/rbenv003.yaml
tests/wrappers/fixtures/timeout001.xml
tests/wrappers/fixtures/timeout001.yaml
tests/wrappers/fixtures/timeout002.xml
tests/wrappers/fixtures/timeout002.yaml
tests/wrappers/fixtures/timeout003.xml
tests/wrappers/fixtures/timeout003.yaml
tests/wrappers/__init__.py
tests/wrappers/test_wrappers.py
tests/yamlparser/fixtures/add_managed_to_desc.xml
tests/yamlparser/fixtures/add_managed_to_desc.yaml
tests/yamlparser/fixtures/complete001.xml
tests/yamlparser/fixtures/complete001.yaml
tests/yamlparser/fixtures/custom_distri.xml
tests/yamlparser/fixtures/custom_distri.yaml
tests/yamlparser/fixtures/dont_overwrite_desc.conf
tests/yamlparser/fixtures/dont_overwrite_desc.xml
tests/yamlparser/fixtures/dont_overwrite_desc.yaml
tests/yamlparser/fixtures/include001.xml
tests/yamlparser/fixtures/include001.yaml
tests/yamlparser/fixtures/include001.yaml.inc
tests/yamlparser/fixtures/include-raw001.xml
tests/yamlparser/fixtures/include-raw001.yaml
tests/yamlparser/fixtures/include-raw002-cool.sh
tests/yamlparser/fixtures/include-raw002-cool.zsh
tests/yamlparser/fixtures/include-raw002.xml
tests/yamlparser/fixtures/include-raw002.yaml
tests/yamlparser/fixtures/include-raw-escape001.conf
tests/yamlparser/fixtures/include-raw-escape001-echo-vars.sh
tests/yamlparser/fixtures/include-raw-escape001.xml
tests/yamlparser/fixtures/include-raw-escape001.yaml
tests/yamlparser/fixtures/scm_remote_deep_bug.xml
tests/yamlparser/fixtures/scm_remote_deep_bug.yaml
tests/yamlparser/fixtures/templates001.xml
tests/yamlparser/fixtures/templates001.yaml
tests/yamlparser/fixtures/templates002.xml
tests/yamlparser/fixtures/templates002.yaml
tests/yamlparser/fixtures/templates003.xml
tests/yamlparser/fixtures/templates003.yaml
tests/yamlparser/fixtures/var_applied_in_defaults.xml
tests/yamlparser/fixtures/var_applied_in_defaults.yaml
tests/yamlparser/__init__.py
tests/yamlparser/test_yamlparser.py
tools/jenkins-jobs.py
tools/pip-requires
tools/run-compare-xml-samples.sh
tools/run-compare-xml.sh
tools/test-requires
tools/test.sh
tox.ini
