AUTHORS
CHANGELOG
doc/rnc/access_control_policy.rnc
doc/rnc/bucket_logging_status.rnc
doc/rnc/common.rnc
doc/rnc/complete_multipart_upload_result.rnc
doc/rnc/complete_multipart_upload.rnc
doc/rnc/copy_object_result.rnc
doc/rnc/create_bucket_configuration.rnc
doc/rnc/delete_result.rnc
doc/rnc/delete.rnc
doc/rnc/error.rnc
doc/rnc/initiate_multipart_upload_result.rnc
doc/rnc/lifecycle_configuration.rnc
doc/rnc/list_all_my_buckets_result.rnc
doc/rnc/list_bucket_result.rnc
doc/rnc/list_multipart_uploads_result.rnc
doc/rnc/list_parts_result.rnc
doc/rnc/list_versions_result.rnc
doc/rnc/location_constraint.rnc
doc/rnc/versioning_configuration.rnc
doc/source/conf.py
doc/source/index.rst
doc/source/_static/.empty
doc/source/swift3.rst
doc/source/_templates/.empty
etc/proxy-server.conf-sample
LICENSE
README.md
requirements.txt
setup.cfg
setup.py
swift3/cfg.py
swift3/controllers/acl.py
swift3/controllers/base.py
swift3/controllers/bucket.py
swift3/controllers/__init__.py
swift3/controllers/location.py
swift3/controllers/logging.py
swift3/controllers/multi_delete.py
swift3/controllers/multi_upload.py
swift3/controllers/obj.py
swift3/controllers/service.py
swift3/controllers/versioning.py
swift3/etree.py
swift3/exception.py
swift3/__init__.py
swift3/middleware.py
swift3/request.py
swift3/response.py
swift3/swift3.py
swift3/test/functional/001
swift3/test/functional/001.out
swift3/test/functional/002
swift3/test/functional/002.out
swift3/test/functional/003
swift3/test/functional/003.out
swift3/test/functional/check
swift3/test/functional/common
swift3/test/functional/common.config
swift3/test/functional/common.filter
swift3/test/functional/common.rc
swift3/test/functional/conf/account-server.conf.in
swift3/test/functional/conf/container-server.conf.in
swift3/test/functional/conf/keystone.conf.in
swift3/test/functional/conf/keystone-paste.ini
swift3/test/functional/conf/object-server.conf.in
swift3/test/functional/conf/policy.json
swift3/test/functional/conf/proxy-server.conf.in
swift3/test/functional/conf/swift.conf.in
swift3/test/functional/group
swift3/test/functional/run_daemon.py
swift3/test/functional/run_test.sh
swift3/test/functional/s3curl.pl
swift3/test/functional/s3.rc
swift3/test/functional/setup_keystone
swift3/test/functional/swift.rc
swift3/test/functional/xmlindent.py
swift3/test/functional/xpath.py
swift3/test/__init__.py
swift3/test/unit/helpers.py
swift3/test/unit/__init__.py
swift3/test/unit/test_acl.py
swift3/test/unit/test_bucket.py
swift3/test/unit/test_cfg.py
swift3/test/unit/test_etree.py
swift3/test/unit/test_location.py
swift3/test/unit/test_logging.py
swift3/test/unit/test_middleware.py
swift3/test/unit/test_multi_delete.py
swift3/test/unit/test_multi_upload.py
swift3/test/unit/test_obj.py
swift3/test/unit/test_service.py
swift3/test/unit/test_swift3.py
swift3/test/unit/test_utils.py
swift3/test/unit/test_versioning.py
swift3/utils.py
test-requirements.txt
tox.ini
.unittests
