bin/dashboard
bin/full-update
bin/grab-unmapped
bin/processor
bin/stackalytics
bin/stackalytics-dashboard
bin/update
dashboard/dashboard.py
dashboard/decorators.py
dashboard/helpers.py
dashboard/__init__.py
dashboard/kpi.py
dashboard/memory_storage.py
dashboard/old_dashboard.py
dashboard/parameters.py
dashboard/reports.py
dashboard/static/css/fonts/ostackportal_moon.eot
dashboard/static/css/fonts/ostackportal_moon.ttf
dashboard/static/css/fonts/ostackportal_moon.woff
dashboard/static/css/jquery.dataTables.css
dashboard/static/css/jquery.dataTables_themeroller.css
dashboard/static/css/jquery.jqplot.min.css
dashboard/static/css/jquery-ui/images/animated-overlay.gif
dashboard/static/css/jquery-ui/jquery-ui-1.10.4.custom.css
dashboard/static/css/moonfonts.css
dashboard/static/css/select2.css
dashboard/static/css/style.css
dashboard/static/css/ui-darkness/images/animated-overlay.gif
dashboard/static/css/ui-darkness/jquery-ui-1.10.1.custom.css
dashboard/static/css/ui-darkness/jquery-ui-1.10.1.custom.min.css
dashboard/static/demo_page.css
dashboard/static/demo_table.css
dashboard/static/demo_table_jui.css
dashboard/static/images/mirantis_logo.gif
dashboard/static/images/select2-spinner.gif
dashboard/static/jquery.dataTables.js
dashboard/static/js/driverlog-ui.js
dashboard/static/js/excanvas.min.js
dashboard/static/js/jqplot.barRenderer.min.js
dashboard/static/js/jqplot.bubbleRenderer.min.js
dashboard/static/js/jqplot.canvasAxisLabelRenderer.min.js
dashboard/static/js/jqplot.canvasAxisTickRenderer.min.js
dashboard/static/js/jqplot.canvasTextRenderer.min.js
dashboard/static/js/jqplot.categoryAxisRenderer.min.js
dashboard/static/js/jqplot.cursor.min.js
dashboard/static/js/jqplot.dateAxisRenderer.min.js
dashboard/static/js/jqplot.highlighter.min.js
dashboard/static/js/jqplot.json2.min.js
dashboard/static/js/jqplot.pieRenderer.min.js
dashboard/static/js/jquery-1.9.1.min.js
dashboard/static/js/jquery.dataTables.min.js
dashboard/static/js/jquery.gravatar.js
dashboard/static/js/jquery.jqplot.min.js
dashboard/static/js/jquery.timeago.js
dashboard/static/js/jquery.tmpl.js
dashboard/static/js/jquery-ui-1.10.1.custom.min.js
dashboard/static/js/jquery-ui.min.js
dashboard/static/js/md5.js
dashboard/static/js/select2.min.js
dashboard/static/js/stackalytics-ui.js
dashboard/templates/404.html
dashboard/templates/base.html
dashboard/templates/blueprint_report.html
dashboard/templates/commits.html
dashboard/templates/commits_overview.html
dashboard/templates/companies.html
dashboard/templates/company_details.html
dashboard/templates/engineer_details.html
dashboard/templates/engineers.html
dashboard/templates/kpi/base_kpi.html
dashboard/templates/kpi/example.html
dashboard/templates/kpi/kpi.html
dashboard/templates/layout.html
dashboard/templates/_macros/activity_log.html
dashboard/templates/_macros/contribution_summary.html
dashboard/templates/_macros/user_profile.html
dashboard/templates/module_details.html
dashboard/templates/overview.html
dashboard/templates/reports/activity.html
dashboard/templates/reports/base_report.html
dashboard/templates/reports/blueprint_summary.html
dashboard/templates/reports/company_activity.html
dashboard/templates/reports/contribution.html
dashboard/templates/reports/driverlog.html
dashboard/templates/reports/members.html
dashboard/templates/reports/open_reviews.html
dashboard/templates/reports/registrants.html
dashboard/templates/reports/reviews.html
dashboard/templates/reports/user_activity.html
dashboard/templates/unmapped.html
dashboard/templates/widget.html
dashboard/vault.py
dashboard/web.py
dashboard/web.wsgi
doc/source/conf.py
doc/source/devref/gerrit.rst
doc/source/devref/jenkins.rst
doc/source/devref/launchpad.rst
doc/source/index.rst
doc/source/_static/basic.css
doc/source/_static/default.css
doc/source/_static/nature.css
doc/source/_static/tweaks.css
doc/source/_templates/sidebarlinks.html
doc/source/_theme/layout.html
doc/source/_theme/theme.conf
doc/source/userdoc/api_v1.0.rst
etc/copy_of_programs.yaml
etc/corrections.json
etc/corrections.schema.json
etc/dashboard.conf
etc/default_data.json
etc/default_data.schema.json
etc/domain-company
etc/email-aliases
etc/email-company
etc/launchpad-company
etc/launchpad-ids
etc/openstack.conf
etc/stackalytics.conf
etc/test_default_data.json
etc/test_programs.yaml
LICENSE
MANIFEST.in
openstack-common.conf
README.md
README.rst
requirements-py3.txt
requirements.txt
scripts/gerrit/parse-reviews.py
scripts/grab-all-emails.sh
scripts/grab-buglist.sh
scripts/grab-launchpad-ids.sh
scripts/grab-mailmap.sh
scripts/grab-unmatched.sh
scripts/launchpad/buglist.py
scripts/launchpad/grab-unmapped-launchpad-ids.py
scripts/launchpad/map-email-to-lp-name.py
scripts/pull-repos.sh
setup.cfg
setup.py
stackalytics/dashboard/decorators.py
stackalytics/dashboard/helpers.py
stackalytics/dashboard/__init__.py
stackalytics/dashboard/kpi.py
stackalytics/dashboard/memory_storage.py
stackalytics/dashboard/parameters.py
stackalytics/dashboard/reports.py
stackalytics/dashboard/static/css/jquery.dataTables.css
stackalytics/dashboard/static/css/jquery.jqplot.min.css
stackalytics/dashboard/static/css/jquery-ui/jquery-ui-1.10.4.custom.css
stackalytics/dashboard/static/css/moonfonts.css
stackalytics/dashboard/static/css/select2.css
stackalytics/dashboard/static/css/style.css
stackalytics/dashboard/static/js/driverlog-ui.js
stackalytics/dashboard/static/js/excanvas.min.js
stackalytics/dashboard/static/js/jqplot.barRenderer.min.js
stackalytics/dashboard/static/js/jqplot.bubbleRenderer.min.js
stackalytics/dashboard/static/js/jqplot.canvasAxisLabelRenderer.min.js
stackalytics/dashboard/static/js/jqplot.canvasAxisTickRenderer.min.js
stackalytics/dashboard/static/js/jqplot.canvasTextRenderer.min.js
stackalytics/dashboard/static/js/jqplot.categoryAxisRenderer.min.js
stackalytics/dashboard/static/js/jqplot.cursor.min.js
stackalytics/dashboard/static/js/jqplot.dateAxisRenderer.min.js
stackalytics/dashboard/static/js/jqplot.highlighter.min.js
stackalytics/dashboard/static/js/jqplot.json2.min.js
stackalytics/dashboard/static/js/jqplot.pieRenderer.min.js
stackalytics/dashboard/static/js/jquery-1.9.1.min.js
stackalytics/dashboard/static/js/jquery.dataTables.min.js
stackalytics/dashboard/static/js/jquery.gravatar.js
stackalytics/dashboard/static/js/jquery.jqplot.min.js
stackalytics/dashboard/static/js/jquery.timeago.js
stackalytics/dashboard/static/js/jquery.tmpl.js
stackalytics/dashboard/static/js/jquery-ui.min.js
stackalytics/dashboard/static/js/js-yaml.min.js
stackalytics/dashboard/static/js/md5.js
stackalytics/dashboard/static/js/select2.min.js
stackalytics/dashboard/static/js/stackalytics-kpi.js
stackalytics/dashboard/static/js/stackalytics-ui.js
stackalytics/dashboard/templates/404.html
stackalytics/dashboard/templates/base.html
stackalytics/dashboard/templates/kpi/base_kpi.html
stackalytics/dashboard/templates/kpi/example.html
stackalytics/dashboard/templates/kpi/script.html
stackalytics/dashboard/templates/layout.html
stackalytics/dashboard/templates/_macros/activity_log.html
stackalytics/dashboard/templates/_macros/contribution_summary.html
stackalytics/dashboard/templates/_macros/module_details.html
stackalytics/dashboard/templates/_macros/user_profile.html
stackalytics/dashboard/templates/overview.html
stackalytics/dashboard/templates/reports/activity.html
stackalytics/dashboard/templates/reports/base_report.html
stackalytics/dashboard/templates/reports/blueprint_summary.html
stackalytics/dashboard/templates/reports/company_activity.html
stackalytics/dashboard/templates/reports/contribution.html
stackalytics/dashboard/templates/reports/cores.html
stackalytics/dashboard/templates/reports/driverlog.html
stackalytics/dashboard/templates/reports/external_ci.html
stackalytics/dashboard/templates/reports/members.html
stackalytics/dashboard/templates/reports/open_reviews.html
stackalytics/dashboard/templates/reports/user_activity.html
stackalytics/dashboard/templates/widget.html
stackalytics/dashboard/vault.py
stackalytics/dashboard/web.py
stackalytics/dashboard/web.wsgi
stackalytics/__init__.py
stackalytics/openstack/common/gettextutils.py
stackalytics/openstack/common/importutils.py
stackalytics/openstack/common/__init__.py
stackalytics/openstack/common/jsonutils.py
stackalytics/openstack/common/local.py
stackalytics/openstack/common/log.py
stackalytics/openstack/common/py3kcompat/__init__.py
stackalytics/openstack/common/py3kcompat/urlutils.py
stackalytics/openstack/common/strutils.py
stackalytics/openstack/common/timeutils.py
stackalytics/openstack/__init__.py
stackalytics/processor/bps.py
stackalytics/processor/commit_processor.py
stackalytics/processor/config.py
stackalytics/processor/default_data_processor.py
stackalytics/processor/driverlog.py
stackalytics/processor/dump.py
stackalytics/processor/__init__.py
stackalytics/processor/launchpad_utils.py
stackalytics/processor/lp.py
stackalytics/processor/main.py
stackalytics/processor/mls.py
stackalytics/processor/mps.py
stackalytics/processor/normalizer.py
stackalytics/processor/persistent_storage.py
stackalytics/processor/rcs.py
stackalytics/processor/record_processor.py
stackalytics/processor/runtime_storage.py
stackalytics/processor/user_utils.py
stackalytics/processor/utils.py
stackalytics/processor/vcs.py
stackalytics/version.py
.testr.conf
test-requirements.txt
tests/api/__init__.py
tests/api/test_api.py
tests/api/test_companies.py
tests/api/test_modules.py
tests/api/test_releases.py
tests/api/test_stats.py
tests/api/test_users.py
tests/__init__.py
tests/unit/__init__.py
tests/unit/test_commit_processor.py
tests/unit/test_config_files.py
tests/unit/test_dashboard.py
tests/unit/test_data.py
tests/unit/test_default_data_processor.py
tests/unit/test_driverlog.py
tests/unit/test_dump.py
tests/unit/test_mls.py
tests/unit/test_mps.py
tests/unit/test_record_processor.py
tests/unit/test_utils.py
tests/unit/test_vcs.py
tests/unit/test_web_utils.py
tools/install_venv.sh
tools/requirements_style_check.sh
tools/with_venv.sh
tox.ini
