.idea/libraries/Maven__ch_qos_logback_logback_classic_1_1_1.xml
.idea/libraries/Maven__ch_qos_logback_logback_core_1_1_1.xml
.idea/libraries/Maven__com_codahale_metrics_metrics_annotation_3_0_1.xml
.idea/libraries/Maven__com_codahale_metrics_metrics_core_3_0_1.xml
.idea/libraries/Maven__com_codahale_metrics_metrics_healthchecks_3_0_1.xml
.idea/libraries/Maven__com_codahale_metrics_metrics_jdbi_3_0_1.xml
.idea/libraries/Maven__com_codahale_metrics_metrics_jersey_3_0_1.xml
.idea/libraries/Maven__com_codahale_metrics_metrics_jetty9_3_0_1.xml
.idea/libraries/Maven__com_codahale_metrics_metrics_json_3_0_1.xml
.idea/libraries/Maven__com_codahale_metrics_metrics_jvm_3_0_1.xml
.idea/libraries/Maven__com_codahale_metrics_metrics_logback_3_0_1.xml
.idea/libraries/Maven__com_codahale_metrics_metrics_servlets_3_0_1.xml
.idea/libraries/Maven__com_fasterxml_jackson_core_jackson_databind_2_3_0.xml
.idea/libraries/Maven__com_fasterxml_jackson_dataformat_jackson_dataformat_yaml_2_3_0.xml
.idea/libraries/Maven__com_fasterxml_jackson_datatype_jackson_datatype_guava_2_3_2.xml
.idea/libraries/Maven__com_fasterxml_jackson_datatype_jackson_datatype_joda_2_3_0.xml
.idea/libraries/Maven__com_fasterxml_jackson_jaxrs_jackson_jaxrs_base_2_3_2.xml
.idea/libraries/Maven__com_fasterxml_jackson_jaxrs_jackson_jaxrs_json_provider_2_3_2.xml
.idea/libraries/Maven__com_fasterxml_jackson_module_jackson_module_afterburner_2_3_2.xml
.idea/libraries/Maven__com_fasterxml_jackson_module_jackson_module_jaxb_annotations_2_3_2.xml
.idea/libraries/Maven__com_google_code_findbugs_annotations_2_0_2.xml
.idea/libraries/Maven__com_google_code_findbugs_jsr305_2_0_0.xml
.idea/libraries/Maven__com_google_guava_guava_16_0_1.xml
.idea/libraries/Maven__com_sun_jersey_jersey_core_1_18_1.xml
.idea/libraries/Maven__com_sun_jersey_jersey_server_1_18_1.xml
.idea/libraries/Maven__com_sun_jersey_jersey_servlet_1_18_1.xml
.idea/libraries/Maven__io_dropwizard_dropwizard_configuration_0_7_0.xml
.idea/libraries/Maven__io_dropwizard_dropwizard_core_0_7_0.xml
.idea/libraries/Maven__io_dropwizard_dropwizard_db_0_7_0.xml
.idea/libraries/Maven__io_dropwizard_dropwizard_jackson_0_7_0.xml
.idea/libraries/Maven__io_dropwizard_dropwizard_jdbi_0_7_0.xml
.idea/libraries/Maven__io_dropwizard_dropwizard_jersey_0_7_0.xml
.idea/libraries/Maven__io_dropwizard_dropwizard_jetty_0_7_0.xml
.idea/libraries/Maven__io_dropwizard_dropwizard_lifecycle_0_7_0.xml
.idea/libraries/Maven__io_dropwizard_dropwizard_logging_0_7_0.xml
.idea/libraries/Maven__io_dropwizard_dropwizard_metrics_0_7_0.xml
.idea/libraries/Maven__io_dropwizard_dropwizard_servlets_0_7_0.xml
.idea/libraries/Maven__io_dropwizard_dropwizard_util_0_7_0.xml
.idea/libraries/Maven__io_dropwizard_dropwizard_validation_0_7_0.xml
.idea/libraries/Maven__javax_el_javax_el_api_2_2_5.xml
.idea/libraries/Maven__joda_time_joda_time_2_3.xml
.idea/libraries/Maven__net_sourceforge_argparse4j_argparse4j_0_4_3.xml
.idea/libraries/Maven__org_apache_tomcat_tomcat_jdbc_7_0_50.xml
.idea/libraries/Maven__org_apache_tomcat_tomcat_juli_7_0_50.xml
.idea/libraries/Maven__org_eclipse_jetty_jetty_continuation_9_0_7_v20131107.xml
.idea/libraries/Maven__org_eclipse_jetty_jetty_http_9_0_7_v20131107.xml
.idea/libraries/Maven__org_eclipse_jetty_jetty_io_9_0_7_v20131107.xml
.idea/libraries/Maven__org_eclipse_jetty_jetty_security_9_0_7_v20131107.xml
.idea/libraries/Maven__org_eclipse_jetty_jetty_server_9_0_7_v20131107.xml
.idea/libraries/Maven__org_eclipse_jetty_jetty_servlet_9_0_7_v20131107.xml
.idea/libraries/Maven__org_eclipse_jetty_jetty_servlets_9_0_7_v20131107.xml
.idea/libraries/Maven__org_eclipse_jetty_jetty_util_9_0_7_v20131107.xml
.idea/libraries/Maven__org_eclipse_jetty_toolchain_setuid_jetty_setuid_java_1_0_2.xml
.idea/libraries/Maven__org_glassfish_web_javax_el_2_2_6.xml
.idea/libraries/Maven__org_hibernate_hibernate_validator_4_3_0_Final.xml
.idea/libraries/Maven__org_jdbi_jdbi_2_53.xml
.idea/libraries/Maven__org_slf4j_jul_to_slf4j_1_7_6.xml
.idea/libraries/Maven__org_slf4j_log4j_over_slf4j_1_7_6.xml
.idea/libraries/Maven__org_slf4j_slf4j_api_1_7_6.xml
LICENSE
pom.xml
README.md
src/deb/control/control
src/deb/control/postinst
src/deb/control/postrm
src/deb/control/prerm
src/deb/etc/persister-config.yml-sample
src/deb/init/mon-persister.conf
src/main/java/com/hpcloud/configuration/DeDuperConfiguration.java
src/main/java/com/hpcloud/configuration/DisruptorConfiguration.java
src/main/java/com/hpcloud/configuration/KafkaConfiguration.java
src/main/java/com/hpcloud/configuration/MonDeDuperConfiguration.java
src/main/java/com/hpcloud/configuration/MonPersisterConfiguration.java
src/main/java/com/hpcloud/configuration/VerticaMetricRepositoryConfiguration.java
src/main/java/com/hpcloud/configuration/VerticaOutputProcessorConfiguration.java
src/main/java/com/hpcloud/consumer/KafkaConsumer.java
src/main/java/com/hpcloud/consumer/KafkaConsumerRunnableBasicFactory.java
src/main/java/com/hpcloud/consumer/KafkaConsumerRunnableBasic.java
src/main/java/com/hpcloud/consumer/MonConsumer.java
src/main/java/com/hpcloud/consumer/MonPersisterConsumer.java
src/main/java/com/hpcloud/dbi/DBIProvider.java
src/main/java/com/hpcloud/DBIProvider.java
src/main/java/com/hpcloud/dedupe/MonDeDuperHeartbeat.java
src/main/java/com/hpcloud/dedupe/MonDeDuper.java
src/main/java/com/hpcloud/dedupe/MonPersisterDeDuperHeartbeat.java
src/main/java/com/hpcloud/DisruptorConfiguration.java
src/main/java/com/hpcloud/disruptor/DisruptorExceptionHandler.java
src/main/java/com/hpcloud/disruptor/DisruptorFactory.java
src/main/java/com/hpcloud/disruptor/DisruptorProvider.java
src/main/java/com/hpcloud/disruptor/event/MetricMessageEventFactory.java
src/main/java/com/hpcloud/disruptor/event/MetricMessageEventHandlerFactory.java
src/main/java/com/hpcloud/disruptor/event/MetricMessageEventHandler.java
src/main/java/com/hpcloud/disruptor/event/MetricMessageEvent.java
src/main/java/com/hpcloud/DisruptorFactory.java
src/main/java/com/hpcloud/event/MetricMessageEventFactory.java
src/main/java/com/hpcloud/event/MetricMessageEventHandlerFactory.java
src/main/java/com/hpcloud/event/MetricMessageEventHandler.java
src/main/java/com/hpcloud/event/MetricMessageEvent.java
src/main/java/com/hpcloud/event/StringEventFactory.java
src/main/java/com/hpcloud/event/StringEventHandlerFactory.java
src/main/java/com/hpcloud/event/StringEventHandler.java
src/main/java/com/hpcloud/event/StringEvent.java
src/main/java/com/hpcloud/healthcheck/SimpleHealthCheck.java
src/main/java/com/hpcloud/KafkaConfiguration.java
src/main/java/com/hpcloud/KafkaConsumer.java
src/main/java/com/hpcloud/KafkaConsumerRunnableBasic.java
src/main/java/com/hpcloud/message/MetricEnvelope.java
src/main/java/com/hpcloud/message/MetricMessage.java
src/main/java/com/hpcloud/MonConsumer.java
src/main/java/com/hpcloud/MonDeDuper.java
src/main/java/com/hpcloud/mon/persister/configuration/AlarmHistoryConfiguration.java
src/main/java/com/hpcloud/mon/persister/configuration/DatabaseConfiguration.java
src/main/java/com/hpcloud/mon/persister/configuration/DeduperConfiguration.java
src/main/java/com/hpcloud/mon/persister/configuration/DisruptorConfiguration.java
src/main/java/com/hpcloud/mon/persister/configuration/InfluxDBConfiguration.java
src/main/java/com/hpcloud/MonPersisterConfiguration.java
src/main/java/com/hpcloud/mon/persister/configuration/KafkaConfiguration.java
src/main/java/com/hpcloud/mon/persister/configuration/MetricConfiguration.java
src/main/java/com/hpcloud/mon/persister/configuration/MonPersisterConfiguration.java
src/main/java/com/hpcloud/mon/persister/configuration/OutputProcessorConfiguration.java
src/main/java/com/hpcloud/mon/persister/configuration/PipelineConfiguration.java
src/main/java/com/hpcloud/mon/persister/configuration/VerticaMetricRepositoryConfiguration.java
src/main/java/com/hpcloud/mon/persister/configuration/VerticaOutputProcessorConfiguration.java
src/main/java/com/hpcloud/mon/persister/consumer/AlarmStateTransitionConsumerFactory.java
src/main/java/com/hpcloud/mon/persister/consumer/AlarmStateTransitionConsumer.java
src/main/java/com/hpcloud/mon/persister/consumer/AlarmStateTransitionsConsumer.java
src/main/java/com/hpcloud/mon/persister/consumer/Consumer.java
src/main/java/com/hpcloud/mon/persister/consumer/KafkaAlarmStateTransitionConsumerFactory.java
src/main/java/com/hpcloud/mon/persister/consumer/KafkaAlarmStateTransitionConsumer.java
src/main/java/com/hpcloud/mon/persister/consumer/KafkaAlarmStateTransitionConsumerRunnableBasicFactory.java
src/main/java/com/hpcloud/mon/persister/consumer/KafkaAlarmStateTransitionConsumerRunnableBasic.java
src/main/java/com/hpcloud/mon/persister/consumer/KafkaChannelFactory.java
src/main/java/com/hpcloud/mon/persister/consumer/KafkaChannel.java
src/main/java/com/hpcloud/mon/persister/consumer/KafkaConsumer.java
src/main/java/com/hpcloud/mon/persister/consumer/KafkaConsumerRunnableBasicFactory.java
src/main/java/com/hpcloud/mon/persister/consumer/KafkaConsumerRunnableBasic.java
src/main/java/com/hpcloud/mon/persister/consumer/KafkaMetricsConsumerFactory.java
src/main/java/com/hpcloud/mon/persister/consumer/KafkaMetricsConsumer.java
src/main/java/com/hpcloud/mon/persister/consumer/KafkaMetricsConsumerRunnableBasicFactory.java
src/main/java/com/hpcloud/mon/persister/consumer/KafkaMetricsConsumerRunnableBasic.java
src/main/java/com/hpcloud/mon/persister/consumer/KafkaStreams.java
src/main/java/com/hpcloud/mon/persister/consumer/KafkaStreamsProvider.java
src/main/java/com/hpcloud/mon/persister/consumer/MetricsConsumerFactory.java
src/main/java/com/hpcloud/mon/persister/consumer/MetricsConsumer.java
src/main/java/com/hpcloud/mon/persister/consumer/MonPersisterConsumer.java
src/main/java/com/hpcloud/mon/persister/dbi/DBIProvider.java
src/main/java/com/hpcloud/mon/persister/dedupe/MonPersisterDeduperHeartbeat.java
src/main/java/com/hpcloud/mon/persister/disruptor/AlarmHistoryDisruptorProvider.java
src/main/java/com/hpcloud/mon/persister/disruptor/AlarmStateHistoryDisruptor.java
src/main/java/com/hpcloud/mon/persister/disruptor/DisruptorExceptionHandler.java
src/main/java/com/hpcloud/mon/persister/disruptor/DisruptorProvider.java
src/main/java/com/hpcloud/mon/persister/disruptor/event/AlarmStateTransitionedEventFactory.java
src/main/java/com/hpcloud/mon/persister/disruptor/event/AlarmStateTransitionedEventHandlerFactory.java
src/main/java/com/hpcloud/mon/persister/disruptor/event/AlarmStateTransitionedEventHandler.java
src/main/java/com/hpcloud/mon/persister/disruptor/event/AlarmStateTransitionedEventHolder.java
src/main/java/com/hpcloud/mon/persister/disruptor/event/AlarmStateTransitionedMessageEventFactory.java
src/main/java/com/hpcloud/mon/persister/disruptor/event/AlarmStateTransitionedMessageEventHandlerFactory.java
src/main/java/com/hpcloud/mon/persister/disruptor/event/AlarmStateTransitionedMessageEventHandler.java
src/main/java/com/hpcloud/mon/persister/disruptor/event/AlarmStateTransitionedMessageEvent.java
src/main/java/com/hpcloud/mon/persister/disruptor/event/AlarmStateTransitionMessageEventFactory.java
src/main/java/com/hpcloud/mon/persister/disruptor/event/AlarmStateTransitionMessageEventHandlerFactory.java
src/main/java/com/hpcloud/mon/persister/disruptor/event/AlarmStateTransitionMessageEventHandler.java
src/main/java/com/hpcloud/mon/persister/disruptor/event/AlarmStateTransitionMessageEvent.java
src/main/java/com/hpcloud/mon/persister/disruptor/event/FlushableHandler.java
src/main/java/com/hpcloud/mon/persister/disruptor/event/MetricFactory.java
src/main/java/com/hpcloud/mon/persister/disruptor/event/MetricHandlerFactory.java
src/main/java/com/hpcloud/mon/persister/disruptor/event/MetricHandler.java
src/main/java/com/hpcloud/mon/persister/disruptor/event/MetricHolder.java
src/main/java/com/hpcloud/mon/persister/disruptor/event/MetricMessageEventFactory.java
src/main/java/com/hpcloud/mon/persister/disruptor/event/MetricMessageEventHandlerFactory.java
src/main/java/com/hpcloud/mon/persister/disruptor/event/MetricMessageEventHandler.java
src/main/java/com/hpcloud/mon/persister/disruptor/event/MetricMessageEvent.java
src/main/java/com/hpcloud/mon/persister/disruptor/ManagedDisruptor.java
src/main/java/com/hpcloud/mon/persister/disruptor/MetricDisruptor.java
src/main/java/com/hpcloud/mon/persister/disruptor/MetricDisruptorProvider.java
src/main/java/com/hpcloud/mon/persister/healthcheck/SimpleHealthCheck.java
src/main/java/com/hpcloud/mon/persister/message/AlarmStateTransitionMessage.java
src/main/java/com/hpcloud/mon/persister/message/MetricEnvelope.java
src/main/java/com/hpcloud/mon/persister/message/MetricMessage.java
src/main/java/com/hpcloud/MonPersisterModule.java
src/main/java/com/hpcloud/mon/persister/MonPersisterApplication.java
src/main/java/com/hpcloud/mon/persister/MonPersisterModule.java
src/main/java/com/hpcloud/mon/persister/MonPersisterService.java
src/main/java/com/hpcloud/mon/persister/pipeline/AlarmStateTransitionPipelineFactory.java
src/main/java/com/hpcloud/mon/persister/pipeline/AlarmStateTransitionPipeline.java
src/main/java/com/hpcloud/mon/persister/pipeline/event/AlarmStateTransitionedEventHandlerFactory.java
src/main/java/com/hpcloud/mon/persister/pipeline/event/AlarmStateTransitionedEventHandler.java
src/main/java/com/hpcloud/mon/persister/pipeline/event/FlushableHandler.java
src/main/java/com/hpcloud/mon/persister/pipeline/event/MetricHandlerFactory.java
src/main/java/com/hpcloud/mon/persister/pipeline/event/MetricHandler.java
src/main/java/com/hpcloud/mon/persister/pipeline/ManagedPipeline.java
src/main/java/com/hpcloud/mon/persister/pipeline/MetricPipelineFactory.java
src/main/java/com/hpcloud/mon/persister/pipeline/MetricPipeline.java
src/main/java/com/hpcloud/mon/persister/repository/AlarmRepository.java
src/main/java/com/hpcloud/mon/persister/repository/DefinitionId.java
src/main/java/com/hpcloud/mon/persister/repository/InfluxDBAlarmRepository.java
src/main/java/com/hpcloud/mon/persister/repository/InfluxDBMetricRepository.java
src/main/java/com/hpcloud/mon/persister/repository/InfluxRepository.java
src/main/java/com/hpcloud/mon/persister/repository/MetricRepository.java
src/main/java/com/hpcloud/mon/persister/repository/RepositoryCommitHeartbeat.java
src/main/java/com/hpcloud/mon/persister/repository/Sha1HashId.java
src/main/java/com/hpcloud/mon/persister/repository/VerticaAlarmRepository.java
src/main/java/com/hpcloud/mon/persister/repository/VerticaAlarmStateHistoryRepository.java
src/main/java/com/hpcloud/mon/persister/repository/VerticaMetricRepository.java
src/main/java/com/hpcloud/mon/persister/repository/VerticaMetricsConstants.java
src/main/java/com/hpcloud/mon/persister/repository/VerticaRepository.java
src/main/java/com/hpcloud/mon/persister/resource/PlaceHolder.java
src/main/java/com/hpcloud/mon/persister/resource/Resource.java
src/main/java/com/hpcloud/MonPersisterService.java
src/main/java/com/hpcloud/PlaceHolder.java
src/main/java/com/hpcloud/repository/VerticaMetricRepository.java
src/main/java/com/hpcloud/repository/VerticaRepository.java
src/main/java/com/hpcloud/Resource.java
src/main/java/com/hpcloud/resource/PlaceHolder.java
src/main/java/com/hpcloud/resource/Resource.java
src/main/java/com/hpcloud/SimpleHealthCheck.java
src/main/java/com/hpcloud/StringEventFactory.java
src/main/java/com/hpcloud/StringEventHandlerFactory.java
src/main/java/com/hpcloud/StringEventHandler.java
src/main/java/com/hpcloud/StringEvent.java
src/main/java/com/hpcloud/VerticaMetricRepository.java
src/main/java/com/hpcloud/VerticaOutputProcessorConfiguration.java
src/main/java/com/hpcloud/VerticaRepository.java
src/main/resources/banner.txt
src/main/resources/com/hpcloud/mon/persister/banner.txt
src/main/resources/com/hpcloud/mon-persister-config.yml
src/main/resources/com/hpcloud/mon/persister/log4j.properties
src/main/resources/com/hpcloud/mon/persister/mon-persister-config.yml
src/main/resources/log4j.properties
src/main/resources/mon-persister-config.yml
src/test/java/com/hpcloud/KafkaConsumerTest.java
src/test/java/com/hpcloud/MonConsumerTest.java
src/test/java/com/hpcloud/mon/persister/MonPersisterConsumerTest.java
src/test/java/com/hpcloud/mon/persister/Test.java
