build_pdf.sh
client/clientoptions.py
client/client.py
client/__init__.py
client/libraapi.py
CONTRIBUTING.rst
debian/changelog
debian/compat
debian/control
debian/copyright
debian/pyversions
debian/rules
doc/command.rst
doc/conf.py
doc/examples.rst
doc/index.rst
doc/installation.rst
doc/introduction.rst
HACKING.rst
libraclient/clientoptions.py
libraclient/client.py
libraclient/__init__.py
libraclient/libraapi.py
libraclient/openstack/common/apiclient/auth.py
libraclient/openstack/common/apiclient/base.py
libraclient/openstack/common/apiclient/client.py
libraclient/openstack/common/apiclient/exceptions.py
libraclient/openstack/common/apiclient/fake_client.py
libraclient/openstack/common/apiclient/__init__.py
libraclient/openstack/common/apiclient/keystone.py
libraclient/openstack/common/cliutils.py
libraclient/openstack/common/gettextutils.py
libraclient/openstack/common/importutils.py
libraclient/openstack/common/__init__.py
libraclient/openstack/common/py3kcompat/__init__.py
libraclient/openstack/common/py3kcompat/urlutils.py
libraclient/openstack/common/strutils.py
libraclient/openstack/__init__.py
libraclient/shell.py
libraclient/utils.py
libraclient/v1_1/algorithms.py
libraclient/v1_1/base.py
libraclient/v1_1/client.py
libraclient/v1_1/__init__.py
libraclient/v1_1/limits.py
libraclient/v1_1/loadbalancer.py
libraclient/v1_1/protocols.py
libraclient/v1_1/shell.py
LICENSE
MANIFEST.in
openstack-common.conf
openstack/common/importutils.py
openstack/common/__init__.py
openstack/common/setup.py
openstack/__init__.py
README
README.rst
requirements.txt
setup.cfg
setup.py
.testr.conf
test-requirements.txt
tests/__init__.py
tests/test_lbaas_client.py
tools/pip-requires
tools/test-requires
tox.ini
