.coveragerc
doc/source/conf.py
doc/source/index.rst
HACKING.rst
LICENSE
MANIFEST.in
neutronclient/client.py
neutronclient/common/clientmanager.py
neutronclient/common/command.py
neutronclient/common/constants.py
neutronclient/common/exceptions.py
neutronclient/common/__init__.py
neutronclient/common/serializer.py
neutronclient/common/utils.py
neutronclient/common/validators.py
neutronclient/__init__.py
neutronclient/neutron/client.py
neutronclient/neutron/__init__.py
neutronclient/neutron/v2_0/agent.py
neutronclient/neutron/v2_0/agentscheduler.py
neutronclient/neutron/v2_0/credential.py
neutronclient/neutron/v2_0/extension.py
neutronclient/neutron/v2_0/floatingip.py
neutronclient/neutron/v2_0/fw/firewallpolicy.py
neutronclient/neutron/v2_0/fw/firewall.py
neutronclient/neutron/v2_0/fw/firewallrule.py
neutronclient/neutron/v2_0/fw/__init__.py
neutronclient/neutron/v2_0/__init__.py
neutronclient/neutron/v2_0/lb/healthmonitor.py
neutronclient/neutron/v2_0/lb/__init__.py
neutronclient/neutron/v2_0/lb/member.py
neutronclient/neutron/v2_0/lb/pool.py
neutronclient/neutron/v2_0/lb/vip.py
neutronclient/neutron/v2_0/metering.py
neutronclient/neutron/v2_0/nec/__init__.py
neutronclient/neutron/v2_0/nec/packetfilter.py
neutronclient/neutron/v2_0/netpartition.py
neutronclient/neutron/v2_0/networkprofile.py
neutronclient/neutron/v2_0/network.py
neutronclient/neutron/v2_0/nsx/__init__.py
neutronclient/neutron/v2_0/nsx/networkgateway.py
neutronclient/neutron/v2_0/nsx/qos_queue.py
neutronclient/neutron/v2_0/policyprofile.py
neutronclient/neutron/v2_0/port.py
neutronclient/neutron/v2_0/quota.py
neutronclient/neutron/v2_0/router.py
neutronclient/neutron/v2_0/securitygroup.py
neutronclient/neutron/v2_0/servicetype.py
neutronclient/neutron/v2_0/subnet.py
neutronclient/neutron/v2_0/vpn/ikepolicy.py
neutronclient/neutron/v2_0/vpn/__init__.py
neutronclient/neutron/v2_0/vpn/ipsecpolicy.py
neutronclient/neutron/v2_0/vpn/ipsec_site_connection.py
neutronclient/neutron/v2_0/vpn/utils.py
neutronclient/neutron/v2_0/vpn/vpnservice.py
neutronclient/openstack/common/gettextutils.py
neutronclient/openstack/common/importutils.py
neutronclient/openstack/common/__init__.py
neutronclient/openstack/common/jsonutils.py
neutronclient/openstack/common/strutils.py
neutronclient/openstack/common/timeutils.py
neutronclient/openstack/__init__.py
neutronclient/shell.py
neutronclient/tests/__init__.py
neutronclient/tests/unit/fw/__init__.py
neutronclient/tests/unit/fw/test_cli20_firewallpolicy.py
neutronclient/tests/unit/fw/test_cli20_firewall.py
neutronclient/tests/unit/fw/test_cli20_firewallrule.py
neutronclient/tests/unit/__init__.py
neutronclient/tests/unit/lb/__init__.py
neutronclient/tests/unit/lb/test_cli20_healthmonitor.py
neutronclient/tests/unit/lb/test_cli20_member.py
neutronclient/tests/unit/lb/test_cli20_pool.py
neutronclient/tests/unit/lb/test_cli20_vip.py
neutronclient/tests/unit/test_auth.py
neutronclient/tests/unit/test_casual_args.py
neutronclient/tests/unit/test_cli20_agenschedulers.py
neutronclient/tests/unit/test_cli20_agents.py
neutronclient/tests/unit/test_cli20_credential.py
neutronclient/tests/unit/test_cli20_extensions.py
neutronclient/tests/unit/test_cli20_floatingips.py
neutronclient/tests/unit/test_cli20_metering.py
neutronclient/tests/unit/test_cli20_networkprofile.py
neutronclient/tests/unit/test_cli20_network.py
neutronclient/tests/unit/test_cli20_nsx_networkgateway.py
neutronclient/tests/unit/test_cli20_nsx_queue.py
neutronclient/tests/unit/test_cli20_nuage_netpartition.py
neutronclient/tests/unit/test_cli20_packetfilter.py
neutronclient/tests/unit/test_cli20_policyprofile.py
neutronclient/tests/unit/test_cli20_port.py
neutronclient/tests/unit/test_cli20.py
neutronclient/tests/unit/test_cli20_router.py
neutronclient/tests/unit/test_cli20_securitygroup.py
neutronclient/tests/unit/test_cli20_servicetype.py
neutronclient/tests/unit/test_cli20_subnet.py
neutronclient/tests/unit/test_command_meta.py
neutronclient/tests/unit/test_http.py
neutronclient/tests/unit/test_name_or_id.py
neutronclient/tests/unit/test_quota.py
neutronclient/tests/unit/test_shell.py
neutronclient/tests/unit/test_ssl.py
neutronclient/tests/unit/test_utils.py
neutronclient/tests/unit/test_validators.py
neutronclient/tests/unit/vpn/__init__.py
neutronclient/tests/unit/vpn/test_cli20_ikepolicy.py
neutronclient/tests/unit/vpn/test_cli20_ipsecpolicy.py
neutronclient/tests/unit/vpn/test_cli20_ipsec_site_connection.py
neutronclient/tests/unit/vpn/test_cli20_vpnservice.py
neutronclient/tests/unit/vpn/test_utils.py
neutronclient/v2_0/client.py
neutronclient/v2_0/__init__.py
neutronclient/version.py
neutron_test.sh
openstack-common.conf
.pylintrc
README.rst
requirements.txt
setup.cfg
setup.py
tackerclient/client.py
tackerclient/common/clientmanager.py
tackerclient/common/command.py
tackerclient/common/constants.py
tackerclient/common/exceptions.py
tackerclient/common/__init__.py
tackerclient/common/serializer.py
tackerclient/common/utils.py
tackerclient/common/validators.py
tackerclient/__init__.py
tackerclient/openstack/common/gettextutils.py
tackerclient/openstack/common/importutils.py
tackerclient/openstack/common/__init__.py
tackerclient/openstack/common/jsonutils.py
tackerclient/openstack/common/strutils.py
tackerclient/openstack/common/timeutils.py
tackerclient/openstack/__init__.py
tackerclient/shell.py
tackerclient/tacker/client.py
tackerclient/tacker/__init__.py
tackerclient/tacker/v1_0/extension.py
tackerclient/tacker/v1_0/__init__.py
tackerclient/tacker/v1_0/vm/device.py
tackerclient/tacker/v1_0/vm/device_template.py
tackerclient/tacker/v1_0/vm/__init__.py
tackerclient/tacker/v1_0/vm/service_instance.py
tackerclient/tests/__init__.py
tackerclient/tests/unit/__init__.py
tackerclient/tests/unit/test_auth.py
tackerclient/tests/unit/test_casual_args.py
tackerclient/tests/unit/test_cli10_extensions.py
tackerclient/tests/unit/test_cli10.py
tackerclient/tests/unit/test_cli20_extensions.py
tackerclient/tests/unit/test_cli20.py
tackerclient/tests/unit/test_command_meta.py
tackerclient/tests/unit/test_http.py
tackerclient/tests/unit/test_shell.py
tackerclient/tests/unit/test_ssl.py
tackerclient/tests/unit/test_utils.py
tackerclient/tests/unit/test_validators.py
tackerclient/tests/unit/vm/__init__.py
tackerclient/tests/unit/vm/test_cli10_device.py
tackerclient/tests/unit/vm/test_cli10_device_template.py
tackerclient/tests/unit/vm/test_cli10_service_instance.py
tackerclient/v1_0/client.py
tackerclient/v1_0/__init__.py
tackerclient/version.py
tacker_test.sh
.testr.conf
test-requirements.txt
tools/neutron.bash_completion
tools/tacker.bash_completion
tox.ini
