attributes/default.rb
attributes/.rubocop.yml
Berksfile
Berksfile.lock
CHANGELOG.md
files/default/glance_plugin.py
Gemfile
Gemfile.lock
libraries/matchers.rb
metadata.rb
providers/image.rb
providers/.rubocop.yml
README.md
recipes/api.rb
recipes/client.rb
recipes/db.rb
recipes/default.rb
recipes/glance-rsyslog.rb
recipes/identity_registration.rb
recipes/image_upload.rb
recipes/keystone_registration.rb
recipes/registry.rb
recipes/.rubocop.yml
resources/image.rb
resources/.rubocop.yml
.rubocop-todo.yml
.rubocop.yml
run_tests.bash
spec/api-redhat_spec.rb
spec/api_spec.rb
spec/client-redhat_spec.rb
spec/client_spec.rb
spec/db_spec.rb
spec/default_spec.rb
spec/identity_registration_spec.rb
spec/image_upload_spec.rb
spec/keystone_registration_spec.rb
spec/registry-redhat_spec.rb
spec/registry_spec.rb
spec/.rubocop.yml
spec/spec_helper.rb
Strainerfile
.tailor
templates/default/22-glance.conf.erb
templates/default/glance-api.conf.erb
templates/default/glance-api-paste.ini.erb
templates/default/glance-cache.conf.erb
templates/default/glance-cache-paste.ini.erb
templates/default/glance-registry.conf.erb
templates/default/glance-registry-paste.ini.erb
templates/default/glance-scrubber.conf.erb
templates/default/glance-scrubber-paste.ini.erb
templates/default/policy.json.erb
templates/default/swift.py
TESTING.md
