CONTRIBUTING.rst
cookiecutter.json
{{cookiecutter.repo_name}}/AUTHORS.rst
{{cookiecutter.repo_name}}/CONTRIBUTING.rst
{{cookiecutter.repo_name}}/{{cookiecutter.module_name}}/__init__.py
{{cookiecutter.repo_name}}/{{cookiecutter.module_name}}/tests/base.py
{{cookiecutter.repo_name}}/{{cookiecutter.module_name}}/tests/__init__.py
{{cookiecutter.repo_name}}/{{cookiecutter.module_name}}/tests/test_{{cookiecutter.module_name}}.py
{{cookiecutter.repo_name}}/{{cookiecutter.repo_name}}/{{cookiecutter.repo_name}}.py
{{cookiecutter.repo_name}}/{{cookiecutter.repo_name}}/__init__.py
{{cookiecutter.repo_name}}/{{cookiecutter.repo_name}}/tests/__init__.py
{{cookiecutter.repo_name}}/{{cookiecutter.repo_name}}/tests/test_{{cookiecutter.repo_name}}.py
{{cookiecutter.repo_name}}/.coveragerc
{{cookiecutter.repo_name}}/docs/authors.rst
{{cookiecutter.repo_name}}/docs/conf.py
{{cookiecutter.repo_name}}/docs/contributing.rst
{{cookiecutter.repo_name}}/docs/history.rst
{{cookiecutter.repo_name}}/docs/index.rst
{{cookiecutter.repo_name}}/docs/installation.rst
{{cookiecutter.repo_name}}/docs/make.bat
{{cookiecutter.repo_name}}/doc/source/conf.py
{{cookiecutter.repo_name}}/doc/source/contributing.rst
{{cookiecutter.repo_name}}/doc/source/index.rst
{{cookiecutter.repo_name}}/doc/source/installation.rst
{{cookiecutter.repo_name}}/doc/source/readme.rst
{{cookiecutter.repo_name}}/doc/source/usage.rst
{{cookiecutter.repo_name}}/docs/readme.rst
{{cookiecutter.repo_name}}/docs/usage.rst
{{cookiecutter.repo_name}}/HACKING.rst
{{cookiecutter.repo_name}}/HISTORY.rst
{{cookiecutter.repo_name}}/LICENSE
{{cookiecutter.repo_name}}/MANIFEST.in
{{cookiecutter.repo_name}}/openstack-common.conf
{{cookiecutter.repo_name}}/requirements.txt
{{cookiecutter.repo_name}}/setup.cfg
{{cookiecutter.repo_name}}/setup.py
{{cookiecutter.repo_name}}/.testr.conf
{{cookiecutter.repo_name}}/test-requirements.txt
{{cookiecutter.repo_name}}/tests/__init__.py
{{cookiecutter.repo_name}}/tests/test_{{cookiecutter.repo_name}}.py
{{cookiecutter.repo_name}}/tests/test_{{project.repo_name}}.py
{{cookiecutter.repo_name}}/tox.ini
{{cookiecutter.repo_name}}/.travis.yml
json/project.json
package/AUTHORS.rst
package/CONTRIBUTING.rst
package/docs/authors.rst
package/docs/conf.py
package/docs/contributing.rst
package/docs/history.rst
package/docs/index.rst
package/docs/installation.rst
package/docs/make.bat
package/docs/readme.rst
package/docs/usage.rst
package/HISTORY.rst
package/LICENSE
package/MANIFEST.in
package/my_proj/complexity.py
package/my_proj/__init__.py
package/requirements.txt
package/setup.py
package/tests/__init__.py
package/tests/input/about.html
package/tests/input/base.html
package/tests/input/index.html
package/tests/input/test.json
package/tests/test_complexity.py
package/tests/test_package.py
package/tox.ini
package/.travis.yml
{{project.repo_name}}/AUTHORS.rst
{{project.repo_name}}/CONTRIBUTING.rst
{{project.repo_name}}/docs/authors.rst
{{project.repo_name}}/docs/conf.py
{{project.repo_name}}/docs/contributing.rst
{{project.repo_name}}/docs/history.rst
{{project.repo_name}}/docs/index.rst
{{project.repo_name}}/docs/installation.rst
{{project.repo_name}}/docs/make.bat
{{project.repo_name}}/docs/readme.rst
{{project.repo_name}}/docs/usage.rst
{{project.repo_name}}/HISTORY.rst
{{project.repo_name}}/LICENSE
{{project.repo_name}}/MANIFEST.in
{{project.repo_name}}/{{project.repo_name}}/__init__.py
{{project.repo_name}}/{{project.repo_name}}/{{project.repo_name}}
{{project.repo_name}}/{{project.repo_name}}/{{project.repo_name}}.py
{{project.repo_name}}/requirements.txt
{{project.repo_name}}/setup.py
{{project.repo_name}}/tests/__init__.py
{{project.repo_name}}/tests/test_{{project.repo_name}}.py
{{project.repo_name}}/tox.ini
{{project.repo_name}}/.travis.yml
README.rst
repo_name/AUTHORS.rst
repo_name/CONTRIBUTING.rst
repo_name/docs/authors.rst
repo_name/docs/conf.py
repo_name/docs/contributing.rst
repo_name/docs/history.rst
repo_name/docs/index.rst
repo_name/docs/installation.rst
repo_name/docs/make.bat
repo_name/docs/readme.rst
repo_name/docs/usage.rst
repo_name/HISTORY.rst
repo_name/LICENSE
repo_name/MANIFEST.in
repo_name/repo_name/__init__.py
repo_name/repo_name/repo_name.py
repo_name/requirements.txt
repo_name/setup.py
repo_name/tests/__init__.py
repo_name/tests/test_package.py
repo_name/tox.ini
repo_name/.travis.yml
