examples/base_provision.pp
examples/create_network.sh
examples/install_sample.sh
examples/neutron.pp
examples/neutron_with_pacemaker.pp
examples/quantum.pp
files/qemu.conf
files/quantum-agent.conf
files/quantum-dhcp-agent.conf
files/quantum-server.conf
files/rootwrap.conf
.fixtures.yml
Gemfile
lib/puppet/parser/functions/validate_network_vlan_ranges.rb
lib/puppet/parser/functions/validate_tunnel_id_ranges.rb
lib/puppet/parser/functions/validate_vni_ranges.rb
lib/puppet/parser/functions/validate_vxlan_udp_port.rb
lib/puppet/provider/neutron_api_config/ini_setting.rb
lib/puppet/provider/neutron_config/ini_setting.rb
lib/puppet/provider/neutron_dhcp_agent_config/ini_setting.rb
lib/puppet/provider/neutron_fwaas_service_config/ini_setting.rb
lib/puppet/provider/neutron_l3_agent_config/ini_setting.rb
lib/puppet/provider/neutron_l3_ovs_bridge/neutron.rb
lib/puppet/provider/neutron_lbaas_agent_config/ini_setting.rb
lib/puppet/provider/neutron_metadata_agent_config/ini_setting.rb
lib/puppet/provider/neutron_metering_agent_config/ini_setting.rb
lib/puppet/provider/neutron_network/neutron.rb
lib/puppet/provider/neutron_plugin_cisco_credentials/ini_setting.rb
lib/puppet/provider/neutron_plugin_cisco_db_conn/ini_setting.rb
lib/puppet/provider/neutron_plugin_cisco/ini_setting.rb
lib/puppet/provider/neutron_plugin_cisco_l2network/ini_setting.rb
lib/puppet/provider/neutron_plugin_linuxbridge/ini_setting.rb
lib/puppet/provider/neutron_plugin_ml2/ini_setting.rb
lib/puppet/provider/neutron_plugin_nvp/ini_setting.rb
lib/puppet/provider/neutron_plugin_ovs/ini_setting.rb
lib/puppet/provider/neutron_port/neutron.rb
lib/puppet/provider/neutron.rb
lib/puppet/provider/neutron_router_interface/neutron.rb
lib/puppet/provider/neutron_router/neutron.rb
lib/puppet/provider/neutron_subnet/neutron.rb
lib/puppet/provider/neutron_vpnaas_agent_config/ini_setting.rb
lib/puppet/provider/nova_admin_tenant_id_setter/ini_setting.rb
lib/puppet/provider/quantum_api_config/ini_setting.rb
lib/puppet/provider/quantum_config/ini_setting.rb
lib/puppet/provider/quantum_dhcp_agent_config/ini_setting.rb
lib/puppet/provider/quantum_l3_agent_config/ini_setting.rb
lib/puppet/provider/quantum_l3_ovs_bridge/quantum.rb
lib/puppet/provider/quantum_lbaas_agent_config/ini_setting.rb
lib/puppet/provider/quantum_metadata_agent_config/ini_setting.rb
lib/puppet/provider/quantum_network/quantum.rb
lib/puppet/provider/quantum_plugin_cisco_credentials/ini_setting.rb
lib/puppet/provider/quantum_plugin_cisco_db_conn/ini_setting.rb
lib/puppet/provider/quantum_plugin_cisco/ini_setting.rb
lib/puppet/provider/quantum_plugin_cisco_l2network/ini_setting.rb
lib/puppet/provider/quantum_plugin_linuxbridge/ini_setting.rb
lib/puppet/provider/quantum_plugin_ovs/ini_setting.rb
lib/puppet/provider/quantum_plugin_ovs/init_setting.rb
lib/puppet/provider/quantum.rb
lib/puppet/provider/quantum_router_interface/quantum.rb
lib/puppet/provider/quantum_router/quantum.rb
lib/puppet/provider/quantum_subnet/quantum.rb
lib/puppet/type/neutron_api_config.rb
lib/puppet/type/neutron_config.rb
lib/puppet/type/neutron_dhcp_agent_config.rb
lib/puppet/type/neutron_fwaas_service_config.rb
lib/puppet/type/neutron_l3_agent_config.rb
lib/puppet/type/neutron_l3_ovs_bridge.rb
lib/puppet/type/neutron_lbaas_agent_config.rb
lib/puppet/type/neutron_metadata_agent_config.rb
lib/puppet/type/neutron_metering_agent_config.rb
lib/puppet/type/neutron_network.rb
lib/puppet/type/neutron_plugin_cisco_credentials.rb
lib/puppet/type/neutron_plugin_cisco_db_conn.rb
lib/puppet/type/neutron_plugin_cisco_l2network.rb
lib/puppet/type/neutron_plugin_cisco.rb
lib/puppet/type/neutron_plugin_linuxbridge.rb
lib/puppet/type/neutron_plugin_ml2.rb
lib/puppet/type/neutron_plugin_nvp.rb
lib/puppet/type/neutron_plugin_ovs.rb
lib/puppet/type/neutron_port.rb
lib/puppet/type/neutron_router_interface.rb
lib/puppet/type/neutron_router.rb
lib/puppet/type/neutron_subnet.rb
lib/puppet/type/neutron_vpnaas_agent_config.rb
lib/puppet/type/nova_admin_tenant_id_setter.rb
lib/puppet/type/quantum_api_config.rb
lib/puppet/type/quantum_config.rb
lib/puppet/type/quantum_dhcp_agent_config.rb
lib/puppet/type/quantum_dhcp_agent.rb
lib/puppet/type/quantum_l3_agent_config.rb
lib/puppet/type/quantum_l3_agent.rb
lib/puppet/type/quantum_l3_ovs_bridge.rb
lib/puppet/type/quantum_lbaas_agent_config.rb
lib/puppet/type/quantum_metadata_agent_config.rb
lib/puppet/type/quantum_network.rb
lib/puppet/type/quantum_plugin_cisco_credentials.rb
lib/puppet/type/quantum_plugin_cisco_db_conn.rb
lib/puppet/type/quantum_plugin_cisco_l2network.rb
lib/puppet/type/quantum_plugin_cisco.rb
lib/puppet/type/quantum_plugin_linuxbridge.rb
lib/puppet/type/quantum_plugin_ovs.rb
lib/puppet/type/quantum_router_interface.rb
lib/puppet/type/quantum_router.rb
lib/puppet/type/quantum_subnet.rb
LICENSE
manifests/agents/dhcp.pp
manifests/agents/l3.pp
manifests/agents/lbaas.pp
manifests/agents/linuxbridge.pp
manifests/agents/metadata.pp
manifests/agents/metering.pp
manifests/agents/ml2/linuxbridge.pp
manifests/agents/ml2/ovs.pp
manifests/agents/n1kv_vem.pp
manifests/agents/ovs.pp
manifests/agents/vpnaas.pp
manifests/client.pp
manifests/config.pp
manifests/db/host_access.pp
manifests/db/mysql/host_access.pp
manifests/db/mysql.pp
manifests/dhcp.pp
manifests/init.pp
manifests/keystone/auth.pp
manifests/l3.pp
manifests/params.pp
manifests/plugins/cisco.pp
manifests/plugins/linuxbridge.pp
manifests/plugins/ml2/cisco/nexus_creds.pp
manifests/plugins/ml2/cisco/nexus.pp
manifests/plugins/ml2/driver.pp
manifests/plugins/ml2.pp
manifests/plugins/ml2/validate_network_vlan_ranges.pp
manifests/plugins/ml2/validate_tunnel_id_ranges.pp
manifests/plugins/ml2/validate_vni_ranges.pp
manifests/plugins/nvp.pp
manifests/plugins/openvswitch.pp
manifests/plugins/ovs/agent.pp
manifests/plugins/ovs/bridge.pp
manifests/plugins/ovs/init.pp
manifests/plugins/ovs/port.pp
manifests/plugins/ovs.pp
manifests/quota.pp
manifests/server/notifications.pp
manifests/server.pp
manifests/services/fwaas.pp
Modulefile
Rakefile
README.md
spec/classes/neutron_agents_dhcp_spec.rb
spec/classes/neutron_agents_l3_spec.rb
spec/classes/neutron_agents_lbaas_spec.rb
spec/classes/neutron_agents_linuxbridge_spec.rb
spec/classes/neutron_agents_metadata_spec.rb
spec/classes/neutron_agents_metering_spec.rb
spec/classes/neutron_agents_ml2_linuxbridge_spec.rb
spec/classes/neutron_agents_ml2_ovs_spec.rb
spec/classes/neutron_agents_n1kv_vem_spec.rb
spec/classes/neutron_agents_ovs_spec.rb
spec/classes/neutron_agents_vpnaas_spec.rb
spec/classes/neutron_client_spec.rb
spec/classes/neutron_db_mysql_spec.rb
spec/classes/neutron_init_spec.rb
spec/classes/neutron_keystone_auth_spec.rb
spec/classes/neutron_plugins_cisco_ml2_spec.rb
spec/classes/neutron_plugins_cisco_spec.rb
spec/classes/neutron_plugins_linuxbridge_spec.rb
spec/classes/neutron_plugins_ml2_spec.rb
spec/classes/neutron_plugins_nvp_spec.rb
spec/classes/neutron_plugins_ovs_spec.rb
spec/classes/neutron_quota_spec.rb
spec/classes/neutron_server_notifications_spec.rb
spec/classes/neutron_server_spec.rb
spec/classes/neutron_services_fwaas_spec.rb
spec/classes/quantum_agents_dhcp_spec.rb
spec/classes/quantum_agents_l3_spec.rb
spec/classes/quantum_agents_lbaas_spec.rb
spec/classes/quantum_agents_linuxbridge_spec.rb
spec/classes/quantum_agents_metadata_spec.rb
spec/classes/quantum_agents_ovs_spec.rb
spec/classes/quantum_client_spec.rb
spec/classes/quantum_db_mysql_spec.rb
spec/classes/quantum_init_spec.rb
spec/classes/quantum_keystone_auth_spec.rb
spec/classes/quantum_plugins_cisco_spec.rb
spec/classes/quantum_plugins_linuxbridge_spec.rb
spec/classes/quantum_plugins_ovs_spec.rb
spec/classes/quantum_quota_spec.rb
spec/classes/quantum_server_spec.rb
spec/defines/neutron_db_mysql_host_access_spec.rb
spec/defines/quantum_db_mysql_host_access_spec.rb
spec/shared_examples.rb
spec/spec_helper.rb
spec/unit/provider/neutron_l3_ovs_bridge/neutron_spec.rb
spec/unit/provider/neutron_network/neutron_spec.rb
spec/unit/provider/neutron_router_interface/neutron_spec.rb
spec/unit/provider/neutron_router/neutron_spec.rb
spec/unit/provider/neutron_spec.rb
spec/unit/provider/neutron_subnet/neutron_spec.rb
spec/unit/provider/nova_admin_tenant_id_setter/neutron_spec.rb
spec/unit/provider/quantum_l3_ovs_bridge/quantum_spec.rb
spec/unit/provider/quantum_network/quantum_spec.rb
spec/unit/provider/quantum_router_interface/quantum_spec.rb
spec/unit/provider/quantum_router/quantum_spec.rb
spec/unit/provider/quantum_spec.rb
spec/unit/provider/quantum_subnet/quantum_spec.rb
templates/ml2_conf_cisco.ini.erb
templates/n1kv.conf.erb
