contrib/redhat-eventlet.patch
CONTRIBUTING.rst
docs/api/api.md
docs/api/curl.rst
docs/api/img/model.odg
docs/api/img/model_v2.odg
docs/api/img/model_v3.odg
docs/api/img/model_v4.odg
docs/CONTRIBUTING.rst
docs/debugging-with-ipython.rst
docs/demo-data-script.rst
docs/heat/using-heat-api-with-boto.rst
docs/index.rst
docs/INSTALL.rst
doc/source/api/api.md
doc/source/api/curl.rst
doc/source/conf.py
doc/source/CONTRIBUTING.rst
doc/source/debugging-with-ipython.rst
doc/source/demo-data-script.rst
doc/source/index.rst
doc/source/INSTALL.rst
doc/source/recommended-reading.rst
doc/source/resource-class-demo-script.rst
doc/source/_static/basic.css
doc/source/_static/default.css
doc/source/_static/header-line.gif
doc/source/_static/jquery.tweet.js
doc/source/_static/nature.css
doc/source/_static/pygments.css
doc/source/_static/tweaks.css
doc/source/_theme/layout.html
doc/source/_theme/theme.conf
docs/recommended-reading.rst
docs/resource-class-demo-script.rst
etc/ironic/policy.json
etc/ironic/rootwrap.conf
etc/ironic/rootwrap.d/ironic-deploy-helper.filters
etc/ironic/rootwrap.d/ironic-manage-ipmi.filters
etc/tuskar/boto.conf
etc/tuskar/nova_overcloud_config.yml
etc/tuskar/policy.json
etc/tuskar/tuskar.conf.sample
INSTALL.rst
ironic/api/acl.py
ironic/api/app.py
ironic/api/config.py
ironic/api/controllers/__init__.py
ironic/api/controllers/root.py
ironic/api/controllers/v1.py
ironic/api/hooks.py
ironic/api/__init__.py
ironic/api/model/__init__.py
ironic/api/templates/index.html
ironic/cmd/api.py
ironic/cmd/dbsync.py
ironic/cmd/__init__.py
ironic/cmd/manager.py
ironic/common/config.py
ironic/common/context.py
ironic/common/exception.py
ironic/common/__init__.py
ironic/common/paths.py
ironic/common/policy.py
ironic/common/safe_utils.py
ironic/common/service.py
ironic/common/utils.py
ironic/db/api.py
ironic/db/__init__.py
ironic/db/migration.py
ironic/db/models.py
ironic/db/sqlalchemy/api.py
ironic/db/sqlalchemy/__init__.py
ironic/db/sqlalchemy/migrate_repo/__init__.py
ironic/db/sqlalchemy/migrate_repo/manage.py
ironic/db/sqlalchemy/migrate_repo/migrate.cfg
ironic/db/sqlalchemy/migrate_repo/versions/001_init.py
ironic/db/sqlalchemy/migrate_repo/versions/002_drop_bm_deployments.py
ironic/db/sqlalchemy/migrate_repo/versions/002_nodes_use_more_json.py
ironic/db/sqlalchemy/migrate_repo/versions/003_add_chassis_table.py
ironic/db/sqlalchemy/migrate_repo/versions/003_add_uuid_to_bm_nodes.py
ironic/db/sqlalchemy/migrate_repo/versions/004_add_instance_name_to_bm_nodes.py
ironic/db/sqlalchemy/migrate_repo/versions/004_rename_ifaces_to_ports.py
ironic/db/sqlalchemy/migrate_repo/versions/005_drop_unused_columns_from_nodes.py
ironic/db/sqlalchemy/migrate_repo/versions/006_move_prov_mac_address.py
ironic/db/sqlalchemy/migrate_repo/versions/__init__.py
ironic/db/sqlalchemy/migration.py
ironic/db/sqlalchemy/models.py
ironic/db/sqlalchemy/session.py
ironic/drivers/__init__.py
ironic/__init__.py
ironic/manager/__init__.py
ironic/manager/manager.py
ironic/netconf.py
ironic/openstack/common/cliutils.py
ironic/openstack/common/context.py
ironic/openstack/common/db/api.py
ironic/openstack/common/db/exception.py
ironic/openstack/common/db/__init__.py
ironic/openstack/common/db/sqlalchemy/__init__.py
ironic/openstack/common/db/sqlalchemy/models.py
ironic/openstack/common/db/sqlalchemy/session.py
ironic/openstack/common/db/sqlalchemy/utils.py
ironic/openstack/common/eventlet_backdoor.py
ironic/openstack/common/excutils.py
ironic/openstack/common/fileutils.py
ironic/openstack/common/gettextutils.py
ironic/openstack/common/importutils.py
ironic/openstack/common/__init__.py
ironic/openstack/common/jsonutils.py
ironic/openstack/common/local.py
ironic/openstack/common/lockutils.py
ironic/openstack/common/log_handler.py
ironic/openstack/common/log.py
ironic/openstack/common/loopingcall.py
ironic/openstack/common/network_utils.py
ironic/openstack/common/notifier/api.py
ironic/openstack/common/notifier/__init__.py
ironic/openstack/common/notifier/log_notifier.py
ironic/openstack/common/notifier/no_op_notifier.py
ironic/openstack/common/notifier/rpc_notifier2.py
ironic/openstack/common/notifier/rpc_notifier.py
ironic/openstack/common/notifier/test_notifier.py
ironic/openstack/common/periodic_task.py
ironic/openstack/common/plugin/callbackplugin.py
ironic/openstack/common/plugin/__init__.py
ironic/openstack/common/plugin/pluginmanager.py
ironic/openstack/common/plugin/plugin.py
ironic/openstack/common/policy.py
ironic/openstack/common/processutils.py
ironic/openstack/common/rootwrap/cmd.py
ironic/openstack/common/rootwrap/filters.py
ironic/openstack/common/rootwrap/__init__.py
ironic/openstack/common/rootwrap/wrapper.py
ironic/openstack/common/rpc/amqp.py
ironic/openstack/common/rpc/common.py
ironic/openstack/common/rpc/dispatcher.py
ironic/openstack/common/rpc/impl_fake.py
ironic/openstack/common/rpc/impl_kombu.py
ironic/openstack/common/rpc/impl_qpid.py
ironic/openstack/common/rpc/impl_zmq.py
ironic/openstack/common/rpc/__init__.py
ironic/openstack/common/rpc/matchmaker.py
ironic/openstack/common/rpc/matchmaker_redis.py
ironic/openstack/common/rpc/matchmaker_ring.py
ironic/openstack/common/rpc/proxy.py
ironic/openstack/common/rpc/serializer.py
ironic/openstack/common/rpc/service.py
ironic/openstack/common/rpc/zmq_receiver.py
ironic/openstack/common/service.py
ironic/openstack/common/setup.py
ironic/openstack/common/threadgroup.py
ironic/openstack/common/timeutils.py
ironic/openstack/common/uuidutils.py
ironic/openstack/common/version.py
ironic/openstack/__init__.py
ironic/tests/base.py
ironic/tests/conf_fixture.py
ironic/tests/db/base.py
ironic/tests/db/__init__.py
ironic/tests/drivers/__init__.py
ironic/tests/fake_policy.py
ironic/tests/__init__.py
ironic/tests/manager/__init__.py
ironic/tests/manager/test_manager.py
ironic/tests/policy_fixture.py
ironic/tests/test_dbsync.py
ironic/tests/test_utils.py
ironic/version.py
LICENSE
MANIFEST.in
openstack-common.conf
README.rst
requirements.txt
setup.cfg
setup.py
.testr.conf
test-requirements.txt
tools/conf/generate_sample.sh
tools/config/check_uptodate.sh
tools/config/generate_sample.sh
tools/config/oslo.config.generator.rc
tools/flakes.py
tools/initial_data.py
tools/__init__.py
tools/install_venv_common.py
tools/patch_tox_venv.py
tools/requirements_style_check.sh
tools/sample_data.py
tools/with_venv.sh
tox.ini
.travis.yml
tuskar/api/acl.py
tuskar/api/app.py
tuskar/api/config.py
tuskar/api/controllers/__init__.py
tuskar/api/controllers/root.py
tuskar/api/controllers/v1/controller.py
tuskar/api/controllers/v1/data_center.py
tuskar/api/controllers/v1/flavor.py
tuskar/api/controllers/v1/__init__.py
tuskar/api/controllers/v1/models.py
tuskar/api/controllers/v1/node.py
tuskar/api/controllers/v1/overcloud.py
tuskar/api/controllers/v1/overcloud_roles.py
tuskar/api/controllers/v1.py
tuskar/api/controllers/v1/rack.py
tuskar/api/controllers/v1/resource_category.py
tuskar/api/controllers/v1/resource_class.py
tuskar/api/controllers/v1/types/base.py
tuskar/api/controllers/v1/types/capacity.py
tuskar/api/controllers/v1/types/chassis.py
tuskar/api/controllers/v1/types/error.py
tuskar/api/controllers/v1/types/flavor.py
tuskar/api/controllers/v1/types/__init__.py
tuskar/api/controllers/v1/types/link.py
tuskar/api/controllers/v1/types/node.py
tuskar/api/controllers/v1/types/overcloud.py
tuskar/api/controllers/v1/types/rack.py
tuskar/api/controllers/v1/types/relation.py
tuskar/api/controllers/v1/types/resource_class.py
tuskar/api/controllers/v2/controller.py
tuskar/api/controllers/v2/__init__.py
tuskar/api/controllers/v2/models.py
tuskar/api/controllers/v2/plans.py
tuskar/api/controllers/v2/roles.py
tuskar/api/hooks.py
tuskar/api/__init__.py
tuskar/api/model/__init__.py
tuskar/api/renderers.py
tuskar/api/templates/compute.yaml
tuskar/api/templates/index.html
tuskar/api/templates/not_compute.yaml
tuskar/api/templates/overcloud.yaml
tuskar/api/templates/provision.conf.mako
tuskar/api/templates/provision.sh.mako
tuskar/cmd/api.py
tuskar/cmd/dbsync.py
tuskar/cmd/__init__.py
tuskar/cmd/manager.py
tuskar/common/config.py
tuskar/common/context.py
tuskar/common/exception.py
tuskar/common/__init__.py
tuskar/common/paths.py
tuskar/common/policy.py
tuskar/common/safe_utils.py
tuskar/common/service.py
tuskar/common/utils.py
tuskar/compute/__init__.py
tuskar/compute/nova.py
tuskar/db/api.py
tuskar/db/__init__.py
tuskar/db/migration.py
tuskar/db/sqlalchemy/api.py
tuskar/db/sqlalchemy/__init__.py
tuskar/db/sqlalchemy/migrate_repo/__init__.py
tuskar/db/sqlalchemy/migrate_repo/manage.py
tuskar/db/sqlalchemy/migrate_repo/migrate.cfg
tuskar/db/sqlalchemy/migrate_repo/versions/001_init.py
tuskar/db/sqlalchemy/migrate_repo/versions/002_add_stored_file.py
tuskar/db/sqlalchemy/migrate_repo/versions/__init__.py
tuskar/db/sqlalchemy/migration.py
tuskar/db/sqlalchemy/models.py
tuskar/drivers/__init__.py
tuskar/heat/client.py
tuskar/heat/__init__.py
tuskar/heat/template_tools.py
tuskar/__init__.py
tuskar/manager/__init__.py
tuskar/manager/manager.py
tuskar/manager/models.py
tuskar/manager/name_utils.py
tuskar/manager/plan.py
tuskar/manager/role.py
tuskar/netconf.py
tuskar/openstack/common/cliutils.py
tuskar/openstack/common/config/generator.py
tuskar/openstack/common/config/__init__.py
tuskar/openstack/common/context.py
tuskar/openstack/common/db/api.py
tuskar/openstack/common/db/exception.py
tuskar/openstack/common/db/__init__.py
tuskar/openstack/common/db/sqlalchemy/__init__.py
tuskar/openstack/common/db/sqlalchemy/models.py
tuskar/openstack/common/db/sqlalchemy/session.py
tuskar/openstack/common/db/sqlalchemy/utils.py
tuskar/openstack/common/eventlet_backdoor.py
tuskar/openstack/common/excutils.py
tuskar/openstack/common/fileutils.py
tuskar/openstack/common/fixture/config.py
tuskar/openstack/common/fixture/__init__.py
tuskar/openstack/common/fixture/lockutils.py
tuskar/openstack/common/fixture/logging.py
tuskar/openstack/common/fixture/mockpatch.py
tuskar/openstack/common/fixture/moxstubout.py
tuskar/openstack/common/gettextutils.py
tuskar/openstack/common/importutils.py
tuskar/openstack/common/__init__.py
tuskar/openstack/common/jsonutils.py
tuskar/openstack/common/local.py
tuskar/openstack/common/lockutils.py
tuskar/openstack/common/log_handler.py
tuskar/openstack/common/log.py
tuskar/openstack/common/loopingcall.py
tuskar/openstack/common/network_utils.py
tuskar/openstack/common/notifier/api.py
tuskar/openstack/common/notifier/__init__.py
tuskar/openstack/common/notifier/log_notifier.py
tuskar/openstack/common/notifier/no_op_notifier.py
tuskar/openstack/common/notifier/rpc_notifier2.py
tuskar/openstack/common/notifier/rpc_notifier.py
tuskar/openstack/common/notifier/test_notifier.py
tuskar/openstack/common/periodic_task.py
tuskar/openstack/common/plugin/callbackplugin.py
tuskar/openstack/common/plugin/__init__.py
tuskar/openstack/common/plugin/pluginmanager.py
tuskar/openstack/common/plugin/plugin.py
tuskar/openstack/common/policy.py
tuskar/openstack/common/processutils.py
tuskar/openstack/common/rootwrap/cmd.py
tuskar/openstack/common/rootwrap/filters.py
tuskar/openstack/common/rootwrap/__init__.py
tuskar/openstack/common/rootwrap/wrapper.py
tuskar/openstack/common/rpc/amqp.py
tuskar/openstack/common/rpc/common.py
tuskar/openstack/common/rpc/dispatcher.py
tuskar/openstack/common/rpc/impl_fake.py
tuskar/openstack/common/rpc/impl_kombu.py
tuskar/openstack/common/rpc/impl_qpid.py
tuskar/openstack/common/rpc/impl_zmq.py
tuskar/openstack/common/rpc/__init__.py
tuskar/openstack/common/rpc/matchmaker.py
tuskar/openstack/common/rpc/matchmaker_redis.py
tuskar/openstack/common/rpc/matchmaker_ring.py
tuskar/openstack/common/rpc/proxy.py
tuskar/openstack/common/rpc/serializer.py
tuskar/openstack/common/rpc/service.py
tuskar/openstack/common/rpc/zmq_receiver.py
tuskar/openstack/common/service.py
tuskar/openstack/common/setup.py
tuskar/openstack/common/strutils.py
tuskar/openstack/common/test.py
tuskar/openstack/common/threadgroup.py
tuskar/openstack/common/timeutils.py
tuskar/openstack/common/uuidutils.py
tuskar/openstack/common/version.py
tuskar/openstack/__init__.py
tuskar/storage/drivers/base.py
tuskar/storage/drivers/__init__.py
tuskar/storage/drivers/sqlalchemy.py
tuskar/storage/exceptions.py
tuskar/storage/__init__.py
tuskar/storage/models.py
tuskar/storage/stores.py
tuskar/templates/composer.py
tuskar/templates/heat.py
tuskar/templates/__init__.py
tuskar/templates/namespace.py
tuskar/templates/parser.py
tuskar/templates/plan.py
tuskar/tests/api/api.py
tuskar/tests/api/controllers/__init__.py
tuskar/tests/api/controllers/v1/__init__.py
tuskar/tests/api/controllers/v1/test_data_centers.py
tuskar/tests/api/controllers/v1/test_flavors.py
tuskar/tests/api/controllers/v1/test_models.py
tuskar/tests/api/controllers/v1/test_nodes.py
tuskar/tests/api/controllers/v1/test_overcloud.py
tuskar/tests/api/controllers/v1/test_overcloud_roles.py
tuskar/tests/api/controllers/v1/test_overclouds.py
tuskar/tests/api/controllers/v1/test_racks.py
tuskar/tests/api/controllers/v1/test_resource_category.py
tuskar/tests/api/controllers/v1/test_resource_class.py
tuskar/tests/api/controllers/v2/__init__.py
tuskar/tests/api/controllers/v2/test_plans.py
tuskar/tests/api/controllers/v2/test_roles.py
tuskar/tests/api/__init__.py
tuskar/tests/api.py
tuskar/tests/api/test_renderers.py
tuskar/tests/base.py
tuskar/tests/cmd/__init__.py
tuskar/tests/cmd/test_api.py
tuskar/tests/conf_fixture.py
tuskar/tests/db/base.py
tuskar/tests/db/__init__.py
tuskar/tests/db/test_api.py
tuskar/tests/db/test_dbase_migration.py
tuskar/tests/db/test_db_flavors.py
tuskar/tests/db/test_db_nodes.py
tuskar/tests/db/test_db_racks.py
tuskar/tests/db/test_db_resource_classes.py
tuskar/tests/db/test_migration.py
tuskar/tests/db/test_models.py
tuskar/tests/db/utils.py
tuskar/tests/drivers/__init__.py
tuskar/tests/fake_policy.py
tuskar/tests/heat/__init__.py
tuskar/tests/heat/test_template_tools.py
tuskar/tests/__init__.py
tuskar/tests/manager/__init__.py
tuskar/tests/manager/test_manager.py
tuskar/tests/manager/test_name_utils.py
tuskar/tests/manager/test_plan.py
tuskar/tests/manager/test_role.py
tuskar/tests/policy_fixture.py
tuskar/tests/storage/drivers/__init__.py
tuskar/tests/storage/drivers/test_base.py
tuskar/tests/storage/drivers/test_sqlalchemy.py
tuskar/tests/storage/__init__.py
tuskar/tests/storage/test_models.py
tuskar/tests/storage/test_stores.py
tuskar/tests/templates/__init__.py
tuskar/tests/templates/test_composer.py
tuskar/tests/templates/test_heat.py
tuskar/tests/templates/test_namespace.py
tuskar/tests/templates/test_parser.py
tuskar/tests/templates/test_plan.py
tuskar/tests/test_dbsync.py
tuskar/tests/test_utils.py
tuskar/tests/test_v1.py
tuskar/version.py
