bin/heat-boto
bin/heat-cfn
bin/heat-watch
CONTRIBUTING.rst
doc/source/conf.py
doc/source/man/heat-boto.rst
doc/source/man/heat-cfn.rst
doc/source/man/heat-watch.rst
doc/source/man/index.rst
doc/source/_static/basic.css
doc/source/_static/default.css
doc/source/_static/header-line.gif
doc/source/_static/jquery.tweet.js
doc/source/_static/nature.css
doc/source/_static/tweaks.css
doc/source/_theme/layout.html
doc/source/_theme/theme.conf
etc/bash_completion.d/heat-cfn
etc/boto.cfg
HACKING.rst
heat_cfnclient/boto_client_cloudwatch.py
heat_cfnclient/boto_client.py
heat_cfnclient/client.py
heat_cfnclient/common/auth.py
heat_cfnclient/common/client.py
heat_cfnclient/common/exception.py
heat_cfnclient/common/__init__.py
heat_cfnclient/common/utils.py
heat_cfnclient/__init__.py
heat_cfnclient/openstack/common/exception.py
heat_cfnclient/openstack/common/gettextutils.py
heat_cfnclient/openstack/common/importutils.py
heat_cfnclient/openstack/common/__init__.py
heat_cfnclient/openstack/common/jsonutils.py
heat_cfnclient/openstack/common/local.py
heat_cfnclient/openstack/common/log.py
heat_cfnclient/openstack/common/timeutils.py
heat_cfnclient/openstack/__init__.py
heat_cfnclient/tests/__init__.py
heat_cfnclient/tests/test_cli.py
heat_cfnclient/utils.py
heat_cfnclient/version.py
LICENSE
MANIFEST.in
openstack-common.conf
README.rst
requirements.txt
run_tests.sh
setup.cfg
setup.py
.testr.conf
test-requirements.txt
tools/install_venv_common.py
tools/install_venv.py
tools/patch_tox_venv.py
tools/rst2script.sed
tools/with_venv.sh
tox.ini
