CONTRIBUTING.rst
doc/messaging/changes.txt
doc/messaging/notes.txt
doc/messaging/test-blocking.py
doc/messaging/test-eventlet.py
doc/messaging/test-rabbit-client.py
doc/messaging/test-rabbit-server.py
doc/source/conffixture.rst
doc/source/conf.py
doc/source/exceptions.rst
doc/source/index.rst
doc/source/notification_listener.rst
doc/source/notifier.rst
doc/source/opts.rst
doc/source/rpcclient.rst
doc/source/serializer.rst
doc/source/server.rst
doc/source/static/basic.css
doc/source/static/default.css
doc/source/static/header-line.gif
doc/source/static/jquery.tweet.js
doc/source/static/nature.css
doc/source/static/tweaks.css
doc/source/target.rst
doc/source/_templates/.placeholder
doc/source/_theme/layout.html
doc/source/_theme/theme.conf
doc/source/transport.rst
etc/routing_notifier.yaml.sample
LICENSE
MANIFEST.in
openstack-common.conf
openstack/common/messaging/changes.txt
openstack/common/messaging/_drivers/base.py
openstack/common/messaging/drivers/base.py
openstack/common/messaging/_drivers/impl_fake.py
openstack/common/messaging/_drivers/__init__.py
openstack/common/messaging/drivers/__init__.py
openstack/common/messaging/drivers.py
openstack/common/messaging/eventlet.py
openstack/common/messaging/exceptions.py
openstack/common/messaging/_executors/base.py
openstack/common/messaging/executors/base.py
openstack/common/messaging/_executors/impl_blocking.py
openstack/common/messaging/executors/impl_blocking.py
openstack/common/messaging/_executors/impl_eventlet.py
openstack/common/messaging/executors/impl_eventlet.py
openstack/common/messaging/_executors/__init__.py
openstack/common/messaging/executors/__init__.py
openstack/common/messaging/__init__.py
openstack/common/messaging/notes.txt
openstack/common/messaging/notify/_impl_log.py
openstack/common/messaging/notify/_impl_messaging.py
openstack/common/messaging/notify/_impl_noop.py
openstack/common/messaging/notify/_impl_test.py
openstack/common/messaging/notify/__init__.py
openstack/common/messaging/notify/notifier.py
openstack/common/messaging/rpc/client.py
openstack/common/messaging/rpc/_dispatcher.py
openstack/common/messaging/rpc/dispatcher.py
openstack/common/messaging/rpc/__init__.py
openstack/common/messaging/rpc/server.py
openstack/common/messaging/serializer.py
openstack/common/messaging/_server.py
openstack/common/messaging/server.py
openstack/common/messaging/target.py
openstack/common/messaging/transport.py
openstack/common/messaging/_utils.py
oslo/__init__.py
oslo/messaging/_cmd/__init__.py
oslo/messaging/_cmd/zmq_receiver.py
oslo/messaging/conffixture.py
oslo/messaging/_drivers/amqpdriver.py
oslo/messaging/_drivers/amqp.py
oslo/messaging/_drivers/base.py
oslo/messaging/_drivers/common.py
oslo/messaging/_drivers/impl_fake.py
oslo/messaging/_drivers/impl_qpid.py
oslo/messaging/_drivers/impl_rabbit.py
oslo/messaging/_drivers/impl_zmq.py
oslo/messaging/_drivers/__init__.py
oslo/messaging/_drivers/matchmaker.py
oslo/messaging/_drivers/matchmaker_redis.py
oslo/messaging/_drivers/matchmaker_ring.py
oslo/messaging/_drivers/pool.py
oslo/messaging/exceptions.py
oslo/messaging/_executors/base.py
oslo/messaging/_executors/impl_blocking.py
oslo/messaging/_executors/impl_eventlet.py
oslo/messaging/_executors/__init__.py
oslo/messaging/__init__.py
oslo/messaging/localcontext.py
oslo/messaging/notify/dispatcher.py
oslo/messaging/notify/_impl_log.py
oslo/messaging/notify/_impl_messaging.py
oslo/messaging/notify/_impl_noop.py
oslo/messaging/notify/_impl_routing.py
oslo/messaging/notify/_impl_test.py
oslo/messaging/notify/__init__.py
oslo/messaging/notify/listener.py
oslo/messaging/notify/logger.py
oslo/messaging/notify/log_handler.py
oslo/messaging/notify/notifier.py
oslo/messaging/openstack/common/excutils.py
oslo/messaging/openstack/common/fixture/__init__.py
oslo/messaging/openstack/common/fixture/moxstubout.py
oslo/messaging/openstack/common/gettextutils.py
oslo/messaging/openstack/common/importutils.py
oslo/messaging/openstack/common/__init__.py
oslo/messaging/openstack/common/jsonutils.py
oslo/messaging/openstack/common/local.py
oslo/messaging/openstack/common/log.py
oslo/messaging/openstack/common/network_utils.py
oslo/messaging/openstack/common/py3kcompat/__init__.py
oslo/messaging/openstack/common/py3kcompat/urlutils.py
oslo/messaging/openstack/common/sslutils.py
oslo/messaging/openstack/common/strutils.py
oslo/messaging/openstack/common/timeutils.py
oslo/messaging/openstack/common/uuidutils.py
oslo/messaging/openstack/__init__.py
oslo/messaging/opts.py
oslo/messaging/rpc/client.py
oslo/messaging/rpc/dispatcher.py
oslo/messaging/rpc/__init__.py
oslo/messaging/rpc/server.py
oslo/messaging/serializer.py
oslo/messaging/server.py
oslo/messaging/target.py
oslo/messaging/transport.py
oslo/messaging/_urls.py
oslo/messaging/_utils.py
README.rst
requirements-py3.txt
requirements.txt
setup.cfg
setup.py
.testr.conf
test-requirements-py3.txt
test-requirements.txt
tests/drivers/__init__.py
tests/drivers/test_impl_qpid.py
tests/drivers/test_impl_rabbit.py
tests/drivers/test_pool.py
tests/executors/__init__.py
tests/executors/test_executor.py
tests/__init__.py
tests/notify/__init__.py
tests/notify/test_dispatcher.py
tests/notify/test_listener.py
tests/notify/test_logger.py
tests/notify/test_log_handler.py
tests/notify/test_notifier.py
tests/rpc/__init__.py
tests/rpc/test_client.py
tests/rpc/test_dispatcher.py
tests/rpc/test_server.py
tests/test_exception_serialization.py
tests/test_executor.py
tests/test_expected_exceptions.py
tests/test_log_handler.py
tests/test_notifier_logger.py
tests/test_notifier.py
tests/test_notify_dispatcher.py
tests/test_notify_listener.py
tests/test_opts.py
tests/test_pool.py
tests/test_qpid.py
tests/test_rabbit.py
tests/test_rpc_client.py
tests/test_rpc_dispatcher.py
tests/test_rpc_server.py
tests/test_target.py
tests/test_transport.py
tests/test_urls.py
tests/test_utils.py
tests/unit/messaging/__init__.py
tests/unit/messaging/test_rpc_client.py
tests/unit/messaging/test_rpc_dispatcher.py
tests/unit/messaging/test_rpc_server.py
tests/unit/messaging/test_target.py
tests/unit/messaging/test_transport.py
tests/utils.py
tools/run_cross_tests.sh
tox.ini
