01apt-cacher-ng-proxy
basic_test.sh
blank.box
config.yaml
contrib/aptira/build/convert.py
contrib/aptira/build/make_tar.sh
contrib/aptira/build/modules.list
contrib/aptira/build/Puppetfile
contrib/aptira/build/test.sh
contrib/aptira/build/Vagrantfile
contrib/aptira/installer/bootstrap.sh
contrib/aptira/puppet/config.yaml
contrib/aptira/puppet/hiera.yaml
contrib/aptira/puppet/site.pp
contrib/aptira/puppet/user.regcon.yaml
contrib/aptira/puppet/user.RegionOne.yaml
contrib/aptira/puppet/user.yaml
contrib/aptira/tests/base.sh
contrib/aptira/tests/provider/test.sh
contrib/ci/ci_config.yaml
contrib/ci/ci_user.yaml
contrib/doc/build_doc.sh
contrib/storage/ceph_keygen.py
data/class_groups/build.yaml
data/class_groups/ceilometer_compute.yaml
data/class_groups/ceilometer_controller.yaml
data/class_groups/ceph_all.yaml
data/class_groups/ceph_mon.yaml
data/class_groups/ceph_osd.yaml
data/class_groups/cinder_all.yaml
data/class_groups/cinder_controller.yaml
data/class_groups/cinder_volume.yaml
data/class_groups/common.yaml
data/class_groups/compute.yaml
data/class_groups/controller.yaml
data/class_groups/firewall_compute.yaml
data/class_groups/firewall_control.yaml
data/class_groups/galera_database.yaml
data/class_groups/glance_all.yaml
data/class_groups/heat_all.yaml
data/class_groups/horizon.yaml
data/class_groups/keystone_all.yaml
data/class_groups/loadbalance_control.yaml
data/class_groups/mysql_database.yaml
data/class_groups/network_controller_ml2.yaml
data/class_groups/network_controller.yaml
data/class_groups/nova_compute_ml2.yaml
data/class_groups/nova_compute.yaml
data/class_groups/nova_controller.yaml
data/class_groups/provider_network_controller.yaml
data/class_groups/test_file.yaml
data/config.yaml
data/data_mappings/advanced.yaml
data/data_mappings/cinder_backend/iscsi.yaml
data/data_mappings/cinder_backend/rbd.yaml
data/data_mappings/common.yaml
data/data_mappings/enable_ha/true.yaml
data/data_mappings/glance_backend/rbd.yaml
data/data_mappings/password_management/basic.yaml
data/data_mappings/password_management/individual.yaml
data/data_mappings/scenario/2_role.yaml
data/data_mappings/scenario/all_in_one.yaml
data/data_mappings/scenario/full_ha.yaml
data/data_mappings/scenario/stacktira.yaml
data/data_mappings/scenario/swift.yaml
data/data_mappings/tenant_network_type/gre.yaml
data/data_mappings/tenant_network_type/vlan.yaml
data/global_hiera_params/common.yaml
data/global_hiera_params/scenario/13_role_ha.yaml
data/global_hiera_params/scenario/full_ha.yaml
data/global_hiera_params/scenario/stacktira.yaml
data/hiera_data/build-server.yaml
data/hiera_data/build.yaml
data/hiera_data/cinder_backend/iscsi.yaml
data/hiera_data/cinder_backend/rbd.yaml
data/hiera_data/cobbler.yaml
data/hiera_data/common.yaml
data/hiera_data/compute.yaml
data/hiera_data/controller.yaml
data/hiera_data/control-tempest-server.yaml
data/hiera_data/enable_ha/true.yaml
data/hiera_data/file.yaml
data/hiera_data/glance_backend/rbd.py
data/hiera_data/glance_backend/rbd.yaml
data/hiera_data/grizzly_hack.yaml
data/hiera_data/hostname/build_server.yaml
data/hiera_data/hostname/build-server.yaml
data/hiera_data/hostname/ceph01.yaml
data/hiera_data/hostname/load_balancer_1.yaml
data/hiera_data/hostname/load_balancer_2.yaml
data/hiera_data/hostname/swift-storage01.yaml
data/hiera_data/hostname/swift-storage02.yaml
data/hiera_data/hostname/swift-storage03.yaml
data/hiera_data/hostname/swift_storage.yaml
data/hiera_data/iscsi.yaml
data/hiera_data/jenkins.yaml
data/hiera_data/mysql.yaml
data/hiera_data/network_plugin/linuxbridge.yaml
data/hiera_data/network_plugin/ovs.yaml
data/hiera_data/network_type/per-tenant-router.yaml
data/hiera_data/network_type/provider-router.yaml
data/hiera_data/network_type/single-flat.yaml
data/hiera_data/openstack.yaml
data/hiera_data/osfamily/Debian.yaml
data/hiera_data/osfamily/Redhat.yaml
data/hiera_data/rbd.yaml
data/hiera_data/rpc_type/qpid.yaml
data/hiera_data/rpc_type/rabbitmq.yaml
data/hiera_data/swift-storage01.yaml
data/hiera_data/swift-storage02.yaml
data/hiera_data/swift-storage03.yaml
data/hiera_data/swift_storage.yaml
data/hiera_data/swift.yaml
data/hiera_data/tenant_network_type/gre.yaml
data/hiera_data/tenant_network_type/vlan.yaml
data/hiera_data/user.13_role_ha.yaml
data/hiera_data/user.all_in_one.yaml
data/hiera_data/user.common.yaml
data/hiera_data/user.full_ha.yaml
data/hiera_data/user.stacktira.yaml
data/hiera_data/user.yaml
data/hiera_data/vendor/cisco_coi_common.yaml
data/hiera_data/vendor/osfamily/cisco_coi_Debian.yaml
data/hiera_data/vendor/osfamily/cisco_coi_Redhat.yaml
data/nodes/2_role.yaml
data/nodes/all_in_one.yaml
data/nodes/heat/2_role.yaml
data/nodes/heat/bootstrap.sh
data/nodes/multi_node_tempest.yaml
data/nodes/multi_node.yaml
data/nodes/stacktira.yaml
data/nodes/swift.yaml
data/role_mappings.yaml
data/scenarios/13_role_ha.yaml
data/scenarios/2_node.yaml
data/scenarios/2_role.yaml
data/scenarios/3_node.pp
data/scenarios/3_role.yaml
data/scenarios/all_in_one.yaml
data/scenarios/cinder_backend/rbd.yaml
data/scenarios/full_ha.yaml
data/scenarios/glance_backend/rbd.yaml
data/scenarios/install_tempest/true.yaml
data/scenarios/stacktira.yaml
data/scenarios/swift.yaml
data/TODO
dhclient.conf
dot-ssh/authorized_keys
dot-ssh/id_rsa
dot-ssh/id_rsa.pub
Gemfile
hiera_data/build-server.yaml
hiera_data/build.yaml
hiera_data/cobbler.yaml
hiera_data/common.yaml
hiera_data/compute.yaml
hiera_data/controller.yaml
hiera_data/control-tempest-server.yaml
hiera_data/openstack.yaml
hiera_data/swift-storage01.yaml
hiera_data/swift-storage02.yaml
hiera_data/swift-storage03.yaml
hiera_data/swift_storage.yaml
image-builder/build-image.sh
image-builder/CI-elements/CI-tools/first-boot.d/10-CI-run
image-builder/CI-elements/CI-tools/install.d/10-CI-tools
install_os_puppet
install-scripts/cisco.install.sh
install-scripts/install.sh
install-scripts/master.sh
install-scripts/setup.sh
LICENSE
manifests
manifests/setup.pp
manifests/.setup.pp.swp
manifests/site.pp
modules/apache
modules/apt
modules/apt-cacher-ng
modules/boolean
modules/cinder
modules/cobbler
modules/coe
modules/collectd
modules/concat
modules/corosync
modules/dnsmasq
modules/drbd
modules/filemapper
modules/glance
modules/graphite
modules/horizon
modules/inifile
modules/keystone
modules.list
modules/manifests
modules/memcached
modules/monit
modules/mysql
modules/naginator
modules/network
modules/nova
modules/ntp
modules/openstack
modules/openstack_admin
modules/pip
modules/puppet
modules/quantum
modules/rabbitmq
modules/rsync
modules/stdlib
modules/swift
modules/sysctl
modules/vswitch
modules/xinetd
nodes/multi_node_tempest.yaml
nodes/multi_node.yaml
nodes/swift.yaml
Puppetfile
README.md
scripts/build_doc.sh
site.pp
site.pp.downstream
sources.list
stack-builder/bin/sb
stack-builder/build.py
stack-builder/clean.py
stack-builder/debug.py
stack-builder/fragment.py
stack-builder/fragments/apt-packages
stack-builder/fragments/bash-top
stack-builder/fragments/build-config.sh
stack-builder/fragments/build-sig-stack
stack-builder/fragments/cloud-init-log
stack-builder/fragments/compute-wait-control
stack-builder/fragments/control-sig-compute
stack-builder/fragments/control-wait-compute
stack-builder/fragments/copy-user-yaml
stack-builder/fragments/fqdn-fix
stack-builder/fragments/git-proxy
stack-builder/fragments/hiera-config
stack-builder/fragments/openstack-config.sh
stack-builder/fragments/packages-modules
stack-builder/fragments/puppet-agent
stack-builder/fragments/puppet-agent-fact
stack-builder/fragments/puppet-master-fact
stack-builder/fragments/puppet-modules
stack-builder/fragments/puppet-modules-lite
stack-builder/fragments/puppet-setup
stack-builder/fragments/puppet-site
stack-builder/fragments/pw-mirror-network
stack-builder/fragments/SIGNAL_TEMPLATE
stack-builder/fragments/stack-wait-build
stack-builder/fragments/test-nova
stack-builder/fragments/WAIT_TEMPLATE
stack-builder/hiera_config.py
stack-builder/metadata.py
stack-builder/rebuild.py
templates
templates/hiera.erb
tests/2_role.sh
tests/basic_test.sh
tests/multi_node.sh
tests/multi_node_tempest.sh
tests/swift.sh
.vagrant
Vagrantfile
vendor/bin/thor
vendor/cache/thor-0.18.1.gem
vendor/gems/thor-0.18.1/bin/thor
vendor/gems/thor-0.18.1/CHANGELOG.md
vendor/gems/thor-0.18.1/.document
vendor/gems/thor-0.18.1/lib/thor/actions/create_file.rb
vendor/gems/thor-0.18.1/lib/thor/actions/create_link.rb
vendor/gems/thor-0.18.1/lib/thor/actions/directory.rb
vendor/gems/thor-0.18.1/lib/thor/actions/empty_directory.rb
vendor/gems/thor-0.18.1/lib/thor/actions/file_manipulation.rb
vendor/gems/thor-0.18.1/lib/thor/actions/inject_into_file.rb
vendor/gems/thor-0.18.1/lib/thor/actions.rb
vendor/gems/thor-0.18.1/lib/thor/base.rb
vendor/gems/thor-0.18.1/lib/thor/command.rb
vendor/gems/thor-0.18.1/lib/thor/core_ext/hash_with_indifferent_access.rb
vendor/gems/thor-0.18.1/lib/thor/core_ext/io_binary_read.rb
vendor/gems/thor-0.18.1/lib/thor/core_ext/ordered_hash.rb
vendor/gems/thor-0.18.1/lib/thor/error.rb
vendor/gems/thor-0.18.1/lib/thor/group.rb
vendor/gems/thor-0.18.1/lib/thor/invocation.rb
vendor/gems/thor-0.18.1/lib/thor/parser/argument.rb
vendor/gems/thor-0.18.1/lib/thor/parser/arguments.rb
vendor/gems/thor-0.18.1/lib/thor/parser/option.rb
vendor/gems/thor-0.18.1/lib/thor/parser/options.rb
vendor/gems/thor-0.18.1/lib/thor/parser.rb
vendor/gems/thor-0.18.1/lib/thor/rake_compat.rb
vendor/gems/thor-0.18.1/lib/thor.rb
vendor/gems/thor-0.18.1/lib/thor/runner.rb
vendor/gems/thor-0.18.1/lib/thor/shell/basic.rb
vendor/gems/thor-0.18.1/lib/thor/shell/color.rb
vendor/gems/thor-0.18.1/lib/thor/shell/html.rb
vendor/gems/thor-0.18.1/lib/thor/shell.rb
vendor/gems/thor-0.18.1/lib/thor/util.rb
vendor/gems/thor-0.18.1/lib/thor/version.rb
vendor/gems/thor-0.18.1/LICENSE.md
vendor/gems/thor-0.18.1/spec/actions/create_file_spec.rb
vendor/gems/thor-0.18.1/spec/actions/create_link_spec.rb
vendor/gems/thor-0.18.1/spec/actions/directory_spec.rb
vendor/gems/thor-0.18.1/spec/actions/empty_directory_spec.rb
vendor/gems/thor-0.18.1/spec/actions/file_manipulation_spec.rb
vendor/gems/thor-0.18.1/spec/actions/inject_into_file_spec.rb
vendor/gems/thor-0.18.1/spec/actions_spec.rb
vendor/gems/thor-0.18.1/spec/base_spec.rb
vendor/gems/thor-0.18.1/spec/command_spec.rb
vendor/gems/thor-0.18.1/spec/core_ext/hash_with_indifferent_access_spec.rb
vendor/gems/thor-0.18.1/spec/core_ext/ordered_hash_spec.rb
vendor/gems/thor-0.18.1/spec/exit_condition_spec.rb
vendor/gems/thor-0.18.1/spec/fixtures/application.rb
vendor/gems/thor-0.18.1/spec/fixtures/bundle/execute.rb
vendor/gems/thor-0.18.1/spec/fixtures/bundle/main.thor
vendor/gems/thor-0.18.1/spec/fixtures/command.thor
vendor/gems/thor-0.18.1/spec/fixtures/doc/block_helper.rb
vendor/gems/thor-0.18.1/spec/fixtures/doc/COMMENTER
vendor/gems/thor-0.18.1/spec/fixtures/doc/config.rb
vendor/gems/thor-0.18.1/spec/fixtures/doc/config.yaml.tt
vendor/gems/thor-0.18.1/spec/fixtures/doc/excluding/%file_name%.rb.tt
vendor/gems/thor-0.18.1/spec/fixtures/doc/%file_name%.rb.tt
vendor/gems/thor-0.18.1/spec/fixtures/enum.thor
vendor/gems/thor-0.18.1/spec/fixtures/group.thor
vendor/gems/thor-0.18.1/spec/fixtures/invoke.thor
vendor/gems/thor-0.18.1/spec/fixtures/path with spaces
vendor/gems/thor-0.18.1/spec/fixtures/preserve/script.sh
vendor/gems/thor-0.18.1/spec/fixtures/script.thor
vendor/gems/thor-0.18.1/spec/fixtures/subcommand.thor
vendor/gems/thor-0.18.1/spec/group_spec.rb
vendor/gems/thor-0.18.1/spec/helper.rb
vendor/gems/thor-0.18.1/spec/invocation_spec.rb
vendor/gems/thor-0.18.1/spec/parser/argument_spec.rb
vendor/gems/thor-0.18.1/spec/parser/arguments_spec.rb
vendor/gems/thor-0.18.1/spec/parser/option_spec.rb
vendor/gems/thor-0.18.1/spec/parser/options_spec.rb
vendor/gems/thor-0.18.1/spec/rake_compat_spec.rb
vendor/gems/thor-0.18.1/spec/register_spec.rb
vendor/gems/thor-0.18.1/spec/runner_spec.rb
vendor/gems/thor-0.18.1/spec/shell/basic_spec.rb
vendor/gems/thor-0.18.1/spec/shell/color_spec.rb
vendor/gems/thor-0.18.1/spec/shell/html_spec.rb
vendor/gems/thor-0.18.1/spec/shell_spec.rb
vendor/gems/thor-0.18.1/spec/subcommand_spec.rb
vendor/gems/thor-0.18.1/spec/thor_spec.rb
vendor/gems/thor-0.18.1/spec/util_spec.rb
vendor/gems/thor-0.18.1/Thorfile
vendor/gems/thor-0.18.1/thor.gemspec
vendor/librarian-puppet-simple
vendor/specifications/thor-0.18.1.gemspec
