bin/glance
bin/glance-admin
bin/glance-api
bin/glance-cache-cleaner
bin/glance-cache-manage
bin/glance-cache-prefetcher
bin/glance-cache-pruner
bin/glance-cache-queue-image
bin/glance-cache-reaper
bin/glance-combined
bin/glance-control
bin/glance-manage
bin/glance-prefetcher
bin/glance-pruner
bin/glance-reaper
bin/glance-registry
bin/glance-replicator
bin/glance-scrubber
bin/glance-upload
bin/image_cache/glance-prefetcher
bin/image_cache/glance-pruner
bin/image_cache/glance-reaper
bin/parallax-server
bin/parallax-server.py
bin/teller-server
bin/teller-server.py
builddeb.sh
.bzrignore
common/db/api.py
common/db/__init__.py
common/db/sqlalchemy/api.py
common/db/sqlalchemy/__init__.py
common/db/sqlalchemy/models.py
common/db/sqlalchemy/session.py
common/exception.py
common/flags.py
common/__init__.py
common/server.py
common/utils.py
common/wsgi.py
CONTRIBUTING.rst
.coveragerc
doc/source/architecture.rst
doc/source/authentication.rst
doc/source/cache.rst
doc/source/client.rst
doc/source/common-image-properties.rst
doc/source/community.rst
doc/source/configuring.rst
doc/source/conf.py
doc/source/controllingservers.rst
doc/source/db.rst
doc/source/formats.rst
doc/source/gettingstarted.rst
doc/source/glanceadmin.rst
doc/source/glanceapi.rst
doc/source/glanceclient.rst
doc/source/glance.rst
doc/source/identifiers.rst
doc/source/images_src/image_status_transition.dot
doc/source/index.rst
doc/source/installing.rst
doc/source/man/footer.rst
doc/source/man/general_options.rst
doc/source/man/glanceapi.rst
doc/source/man/glancecachecleaner.rst
doc/source/man/glancecachemanage.rst
doc/source/man/glancecacheprefetcher.rst
doc/source/man/glancecachepruner.rst
doc/source/man/glancecachequeueimage.rst
doc/source/man/glancecontrol.rst
doc/source/man/glancemanage.py
doc/source/man/glancemanage.rst
doc/source/man/glanceregistry.rst
doc/source/man/glancereplicator.rst
doc/source/man/glance.rst
doc/source/man/glancescrubber.rst
doc/source/man/openstack_options.rst
doc/source/notifications.rst
doc/source/policies.rst
doc/source/property-protections.rst
doc/source/registries.rst
doc/source/_static/basic.css
doc/source/_static/default.css
doc/source/_static/header-line.gif
doc/source/_static/jquery.tweet.js
doc/source/_static/nature.css
doc/source/_static/tweaks.css
doc/source/statuses.rst
doc/source/_templates/.placeholder
doc/source/_theme/layout.html
doc/source/_theme/theme.conf
etc/api.conf
etc/glance-api.conf
etc/glance-api-paste.ini
etc/glance-cache.conf
etc/glance-cache-paste.ini
etc/glance.cnf.sample
etc/glance.conf.sample
etc/glance-prefetcher.conf
etc/glance-pruner.conf
etc/glance-reaper.conf
etc/glance-registry.conf
etc/glance-registry-paste.ini
etc/glance-scrubber.conf
etc/glance-scrubber-paste.ini
etc/glance-swift.conf.sample
etc/logging.cnf.sample
etc/policy.json
etc/property-protections.conf.sample
etc/property-protections-policies.conf.sample
etc/property-protections-roles.conf.sample
etc/registry.conf
etc/schema-access.json
etc/schema-image.json
etc/test.conf
etc/test-registry.conf
glance/api/authorization.py
glance/api/cached_images.py
glance/api/common.py
glance/api/image_cache.py
glance/api/__init__.py
glance/api/middleware/cache_manage.py
glance/api/middleware/cache.py
glance/api/middleware/context.py
glance/api/middleware/gzip.py
glance/api/middleware/image_cache.py
glance/api/middleware/__init__.py
glance/api/middleware/version_negotiation.py
glance/api/policy.py
glance/api/property_protections.py
glance/api/v1_0/images.py
glance/api/v1_0/__init__.py
glance/api/v1/controller.py
glance/api/v1/filters.py
glance/api/v1/images.py
glance/api/v1/__init__.py
glance/api/v1/members.py
glance/api/v1/router.py
glance/api/v1/upload_utils.py
glance/api/v2/base.py
glance/api/v2/image_access.py
glance/api/v2/image_data.py
glance/api/v2/image_members.py
glance/api/v2/images.py
glance/api/v2/image_tags.py
glance/api/v2/__init__.py
glance/api/v2/root.py
glance/api/v2/router.py
glance/api/v2/schemas.py
glance/api/v2/tasks.py
glance/api/versions.py
glance/client.py
glance/cmd/api.py
glance/cmd/cache_cleaner.py
glance/cmd/cache_manage.py
glance/cmd/cache_prefetcher.py
glance/cmd/cache_pruner.py
glance/cmd/control.py
glance/cmd/__init__.py
glance/cmd/manage.py
glance/cmd/registry.py
glance/cmd/replicator.py
glance/cmd/scrubber.py
glance/common/animation.py
glance/common/auth.py
glance/common/cfg.py
glance/common/client.py
glance/common/config.py
glance/common/context.py
glance/common/crypt.py
glance/common/db/api.py
glance/common/db/__init__.py
glance/common/db/sqlalchemy/api.py
glance/common/db/sqlalchemy/__init__.py
glance/common/db/sqlalchemy/models.py
glance/common/db/sqlalchemy/session.py
glance/common/exception.py
glance/common/flags.py
glance/common/__init__.py
glance/common/location_strategy/__init__.py
glance/common/location_strategy/location_order.py
glance/common/location_strategy/store_type.py
glance/common/notifier.py
glance/common/ordereddict.py
glance/common/policy.py
glance/common/property_utils.py
glance/common/rpc.py
glance/common/server.py
glance/common/setup.py
glance/common/store_utils.py
glance/common/swift_store_utils.py
glance/common/utils.py
glance/common/wsgi.py
glance/context.py
glance/db/api.py
glance/db/__init__.py
glance/db/migrate_repo/__init__.py
glance/db/migrate_repo/manage.py
glance/db/migrate_repo/migrate.cfg
glance/db/migrate_repo/schema.py
glance/db/migrate_repo/versions/001_add_images_table.py
glance/db/migrate_repo/versions/002_add_image_properties_table.py
glance/db/migrate_repo/versions/003_add_disk_format.py
glance/db/migrate_repo/versions/003_sqlite_downgrade.sql
glance/db/migrate_repo/versions/003_sqlite_upgrade.sql
glance/db/migrate_repo/versions/004_add_checksum.py
glance/db/migrate_repo/versions/005_size_big_integer.py
glance/db/migrate_repo/versions/006_key_to_name.py
glance/db/migrate_repo/versions/006_mysql_downgrade.sql
glance/db/migrate_repo/versions/006_mysql_upgrade.sql
glance/db/migrate_repo/versions/006_sqlite_downgrade.sql
glance/db/migrate_repo/versions/006_sqlite_upgrade.sql
glance/db/migrate_repo/versions/007_add_owner.py
glance/db/migrate_repo/versions/008_add_image_members_table.py
glance/db/migrate_repo/versions/009_add_mindisk_and_minram.py
glance/db/migrate_repo/versions/010_default_update_at.py
glance/db/migrate_repo/versions/011_make_mindisk_and_minram_notnull.py
glance/db/migrate_repo/versions/012_id_to_uuid.py
glance/db/migrate_repo/versions/013_add_protected.py
glance/db/migrate_repo/versions/013_sqlite_downgrade.sql
glance/db/migrate_repo/versions/014_add_image_tags_table.py
glance/db/migrate_repo/versions/015_quote_swift_credentials.py
glance/db/migrate_repo/versions/__init__.py
glance/db/migration.py
glance/db/models.py
glance/db/registry/api.py
glance/db/registry/__init__.py
glance/db/simple/api.py
glance/db/simple/__init__.py
glance/db/sqlalchemy/api.py
glance/db/sqlalchemy/__init__.py
glance/db/sqlalchemy/migrate_repo/__init__.py
glance/db/sqlalchemy/migrate_repo/manage.py
glance/db/sqlalchemy/migrate_repo/migrate.cfg
glance/db/sqlalchemy/migrate_repo/schema.py
glance/db/sqlalchemy/migrate_repo/versions/001_add_images_table.py
glance/db/sqlalchemy/migrate_repo/versions/002_add_image_properties_table.py
glance/db/sqlalchemy/migrate_repo/versions/003_add_disk_format.py
glance/db/sqlalchemy/migrate_repo/versions/003_sqlite_downgrade.sql
glance/db/sqlalchemy/migrate_repo/versions/003_sqlite_upgrade.sql
glance/db/sqlalchemy/migrate_repo/versions/004_add_checksum.py
glance/db/sqlalchemy/migrate_repo/versions/005_size_big_integer.py
glance/db/sqlalchemy/migrate_repo/versions/006_key_to_name.py
glance/db/sqlalchemy/migrate_repo/versions/006_mysql_downgrade.sql
glance/db/sqlalchemy/migrate_repo/versions/006_mysql_upgrade.sql
glance/db/sqlalchemy/migrate_repo/versions/006_sqlite_downgrade.sql
glance/db/sqlalchemy/migrate_repo/versions/006_sqlite_upgrade.sql
glance/db/sqlalchemy/migrate_repo/versions/007_add_owner.py
glance/db/sqlalchemy/migrate_repo/versions/008_add_image_members_table.py
glance/db/sqlalchemy/migrate_repo/versions/009_add_mindisk_and_minram.py
glance/db/sqlalchemy/migrate_repo/versions/010_default_update_at.py
glance/db/sqlalchemy/migrate_repo/versions/011_make_mindisk_and_minram_notnull.py
glance/db/sqlalchemy/migrate_repo/versions/011_sqlite_downgrade.sql
glance/db/sqlalchemy/migrate_repo/versions/011_sqlite_upgrade.sql
glance/db/sqlalchemy/migrate_repo/versions/012_id_to_uuid.py
glance/db/sqlalchemy/migrate_repo/versions/013_add_protected.py
glance/db/sqlalchemy/migrate_repo/versions/013_sqlite_downgrade.sql
glance/db/sqlalchemy/migrate_repo/versions/014_add_image_tags_table.py
glance/db/sqlalchemy/migrate_repo/versions/015_quote_swift_credentials.py
glance/db/sqlalchemy/migrate_repo/versions/016_add_status_image_member.py
glance/db/sqlalchemy/migrate_repo/versions/016_sqlite_downgrade.sql
glance/db/sqlalchemy/migrate_repo/versions/017_quote_encrypted_swift_credentials.py
glance/db/sqlalchemy/migrate_repo/versions/018_add_image_locations_table.py
glance/db/sqlalchemy/migrate_repo/versions/019_migrate_image_locations.py
glance/db/sqlalchemy/migrate_repo/versions/020_drop_images_table_location.py
glance/db/sqlalchemy/migrate_repo/versions/021_set_engine_mysql_innodb.py
glance/db/sqlalchemy/migrate_repo/versions/022_image_member_index.py
glance/db/sqlalchemy/migrate_repo/versions/023_placeholder.py
glance/db/sqlalchemy/migrate_repo/versions/024_placeholder.py
glance/db/sqlalchemy/migrate_repo/versions/025_placeholder.py
glance/db/sqlalchemy/migrate_repo/versions/026_add_location_storage_information.py
glance/db/sqlalchemy/migrate_repo/versions/027_checksum_index.py
glance/db/sqlalchemy/migrate_repo/versions/028_owner_index.py
glance/db/sqlalchemy/migrate_repo/versions/029_location_meta_data_pickle_to_string.py
glance/db/sqlalchemy/migrate_repo/versions/030_add_tasks_table.py
glance/db/sqlalchemy/migrate_repo/versions/031_remove_duplicated_locations.py
glance/db/sqlalchemy/migrate_repo/versions/032_add_task_info_table.py
glance/db/sqlalchemy/migrate_repo/versions/033_add_location_status.py
glance/db/sqlalchemy/migrate_repo/versions/034_add_virtual_size.py
glance/db/sqlalchemy/migrate_repo/versions/__init__.py
glance/db/sqlalchemy/migration.py
glance/db/sqlalchemy/models.py
glance/domain/__init__.py
glance/domain/proxy.py
glance/domain.py
glance/gateway.py
glance/hacking/checks.py
glance/hacking/__init__.py
glance/i18n.py
glance/image_cache/base.py
glance/image_cache/cleaner.py
glance/image_cache/client.py
glance/image_cache/drivers/base.py
glance/image_cache/drivers/__init__.py
glance/image_cache/drivers/sqlite.py
glance/image_cache/drivers/xattr.py
glance/image_cache/__init__.py
glance/image_cache/prefetcher.py
glance/image_cache/pruner.py
glance/image_cache/queue_image.py
glance/image_cache/reaper.py
glance/__init__.py
glance/locale/__init__.py
glance/location.py
glance/notifier/__init__.py
glance/notifier/notify_kombu.py
glance/notifier/notify_log.py
glance/notifier/notify_noop.py
glance/notifier/notify_qpid.py
glance/notifier.py
glance/notifier/strategy.py
glance/openstack/common/cfg.py
glance/openstack/common/context.py
glance/openstack/common/db/api.py
glance/openstack/common/db/exception.py
glance/openstack/common/db/__init__.py
glance/openstack/common/db/options.py
glance/openstack/common/db/sqlalchemy/__init__.py
glance/openstack/common/db/sqlalchemy/migration.py
glance/openstack/common/db/sqlalchemy/models.py
glance/openstack/common/db/sqlalchemy/provision.py
glance/openstack/common/db/sqlalchemy/session.py
glance/openstack/common/db/sqlalchemy/test_base.py
glance/openstack/common/db/sqlalchemy/test_migrations.conf
glance/openstack/common/db/sqlalchemy/test_migrations.py
glance/openstack/common/db/sqlalchemy/utils.py
glance/openstack/common/eventlet_backdoor.py
glance/openstack/common/excutils.py
glance/openstack/common/fileutils.py
glance/openstack/common/fixture/config.py
glance/openstack/common/fixture/__init__.py
glance/openstack/common/fixture/mockpatch.py
glance/openstack/common/fixture/moxstubout.py
glance/openstack/common/gettextutils.py
glance/openstack/common/importutils.py
glance/openstack/common/iniparser.py
glance/openstack/common/__init__.py
glance/openstack/common/jsonutils.py
glance/openstack/common/local.py
glance/openstack/common/lockutils.py
glance/openstack/common/log.py
glance/openstack/common/loopingcall.py
glance/openstack/common/network_utils.py
glance/openstack/common/notifier/api.py
glance/openstack/common/notifier/__init__.py
glance/openstack/common/notifier/list_notifier.py
glance/openstack/common/notifier/log_notifier.py
glance/openstack/common/notifier/no_op_notifier.py
glance/openstack/common/notifier/rabbit_notifier.py
glance/openstack/common/notifier/rpc_notifier2.py
glance/openstack/common/notifier/rpc_notifier.py
glance/openstack/common/notifier/test_notifier.py
glance/openstack/common/policy.py
glance/openstack/common/processutils.py
glance/openstack/common/service.py
glance/openstack/common/setup.py
glance/openstack/common/strutils.py
glance/openstack/common/test.py
glance/openstack/common/threadgroup.py
glance/openstack/common/timeutils.py
glance/openstack/common/units.py
glance/openstack/common/uuidutils.py
glance/openstack/common/version.py
glance/openstack/__init__.py
glance/parallax/api/images.py
glance/parallax/api/__init__.py
glance/parallax/controllers.py
glance/parallax/db/api.py
glance/parallax/db/__init__.py
glance/parallax/db/sqlalchemy/api.py
glance/parallax/db/sqlalchemy/__init__.py
glance/parallax/db/sqlalchemy/models.py
glance/parallax/__init__.py
glance/quota/__init__.py
glance/registry/api/__init__.py
glance/registry/api/v1/images.py
glance/registry/api/v1/__init__.py
glance/registry/api/v1/members.py
glance/registry/api/v2/__init__.py
glance/registry/api/v2/rpc.py
glance/registry/client/__init__.py
glance/registry/client.py
glance/registry/client/v1/api.py
glance/registry/client/v1/client.py
glance/registry/client/v1/__init__.py
glance/registry/client/v2/api.py
glance/registry/client/v2/client.py
glance/registry/client/v2/__init__.py
glance/registry/context.py
glance/registry/controllers.py
glance/registry/db/api.py
glance/registry/db/__init__.py
glance/registry/db/migrate_repo/__init__.py
glance/registry/db/migrate_repo/manage.py
glance/registry/db/migrate_repo/migrate.cfg
glance/registry/db/migrate_repo/schema.py
glance/registry/db/migrate_repo/versions/001_add_images_table.py
glance/registry/db/migrate_repo/versions/002_add_image_properties_table.py
glance/registry/db/migrate_repo/versions/003_add_disk_format.py
glance/registry/db/migrate_repo/versions/003_sqlite_downgrade.sql
glance/registry/db/migrate_repo/versions/003_sqlite_upgrade.sql
glance/registry/db/migrate_repo/versions/004_add_checksum.py
glance/registry/db/migrate_repo/versions/005_key_to_name.py
glance/registry/db/migrate_repo/versions/005_mysql_downgrade.sql
glance/registry/db/migrate_repo/versions/005_mysql_upgrade.sql
glance/registry/db/migrate_repo/versions/005_size_big_integer.py
glance/registry/db/migrate_repo/versions/005_sqlite_downgrade.sql
glance/registry/db/migrate_repo/versions/005_sqlite_upgrade.sql
glance/registry/db/migrate_repo/versions/006_key_to_name.py
glance/registry/db/migrate_repo/versions/006_mysql_downgrade.sql
glance/registry/db/migrate_repo/versions/006_mysql_upgrade.sql
glance/registry/db/migrate_repo/versions/006_sqlite_downgrade.sql
glance/registry/db/migrate_repo/versions/006_sqlite_upgrade.sql
glance/registry/db/migrate_repo/versions/007_add_owner.py
glance/registry/db/migrate_repo/versions/008_add_image_members_table.py
glance/registry/db/migrate_repo/versions/009_add_mindisk_and_minram.py
glance/registry/db/migrate_repo/versions/010_default_update_at.py
glance/registry/db/migrate_repo/versions/011_make_mindisk_and_minram_notnull.py
glance/registry/db/migrate_repo/versions/012_id_to_uuid.py
glance/registry/db/migrate_repo/versions/013_add_protected.py
glance/registry/db/migrate_repo/versions/013_sqlite_downgrade.sql
glance/registry/db/migrate_repo/versions/014_add_image_tags_table.py
glance/registry/db/migrate_repo/versions/015_quote_swift_credentials.py
glance/registry/db/migrate_repo/versions/__init__.py
glance/registry/db/migration.py
glance/registry/db/models.py
glance/registry/db/sqlalchemy/api.py
glance/registry/db/sqlalchemy/__init__.py
glance/registry/db/sqlalchemy/models.py
glance/registry/__init__.py
glance/registry/server.py
glance/schema.py
glance/scrubber.py
glance/server.py
glance/store/backends/__init__.py
glance/store/base.py
glance/store/cinder.py
glance/store/filesystem.py
glance/store/gridfs.py
glance/store/http.py
glance/store/__init__.py
glance/store/location.py
glance/store/rbd.py
glance/store/registries.py
glance/store/s3.py
glance/store/scrubber.py
glance/store/scrub.py
glance/store/sheepdog.py
glance/store/swift.py
glance/store/vmware/api.py
glance/store/vmware_datastore.py
glance/store/vmware/error_util.py
glance/store/vmware/__init__.py
glance/store/vmware/vim.py
glance/store/vmware/vim_util.py
glance/teller/api/images.py
glance/teller/api/__init__.py
glance/teller/backends/http.py
glance/teller/backends/__init__.py
glance/teller/backends.py
glance/teller/backends/swift.py
glance/teller/controllers.py
glance/teller/__init__.py
glance/teller/parallax.py
glance/teller/registries.py
glance/teller/server.py
glance/tests/etc/glance-swift.conf
glance/tests/etc/policy.json
glance/tests/etc/property-protections.conf
glance/tests/etc/property-protections-policies.conf
glance/tests/etc/schema-access.json
glance/tests/etc/schema-image.json
glance/tests/functional/data/keystone_data.py
glance/tests/functional/db/base.py
glance/tests/functional/db/__init__.py
glance/tests/functional/db/test_db_api.py
glance/tests/functional/db/test_registry.py
glance/tests/functional/db/test_rpc_endpoint.py
glance/tests/functional/db/test_simple.py
glance/tests/functional/db/test_sqlalchemy.py
glance/tests/functional/__init__.py
glance/tests/functional/keystone_utils.py
glance/tests/functional/store/__init__.py
glance/tests/functional/store/test_cinder.py
glance/tests/functional/store/test_filesystem.py
glance/tests/functional/store/test_gridfs.py
glance/tests/functional/store/test_http.py
glance/tests/functional/store/test_rbd.py
glance/tests/functional/store/test_s3.py
glance/tests/functional/store/test_sheepdog.py
glance/tests/functional/store/test_swift.py
glance/tests/functional/store/test_vmware_datastore.py
glance/tests/functional/store_utils.py
glance/tests/functional/test_api.py
glance/tests/functional/test_bin_glance_cache_manage.py
glance/tests/functional/test_bin_glance_control.py
glance/tests/functional/test_bin_glance.py
glance/tests/functional/test_cache_middleware.py
glance/tests/functional/test_client_exceptions.py
glance/tests/functional/test_client_redirects.py
glance/tests/functional/test_copy_to_file.py
glance/tests/functional/test_curl_api.py
glance/tests/functional/test_glance_manage.py
glance/tests/functional/test_gzip_middleware.py
glance/tests/functional/test_httplib2_api.py
glance/tests/functional/test_image_cache.py
glance/tests/functional/test_logging.py
glance/tests/functional/test_misc.py
glance/tests/functional/test_multiprocessing.py
glance/tests/functional/test_private_images.py
glance/tests/functional/test_rbd.py
glance/tests/functional/test_respawn.py
glance/tests/functional/test_s3.conf
glance/tests/functional/test_s3.py
glance/tests/functional/test_schema.py
glance/tests/functional/test_scrubber.py
glance/tests/functional/test_server_monkey_patch.py
glance/tests/functional/test_shared_images.py
glance/tests/functional/test_sqlite.py
glance/tests/functional/test_ssl.py
glance/tests/functional/test_swift.py
glance/tests/functional/v1/__init__.py
glance/tests/functional/v1/test_api.py
glance/tests/functional/v1/test_bin_glance_cache_manage.py
glance/tests/functional/v1/test_cache_middleware.py
glance/tests/functional/v1/test_copy_to_file.py
glance/tests/functional/v1/test_misc.py
glance/tests/functional/v1/test_multiprocessing.py
glance/tests/functional/v1/test_rbd.py
glance/tests/functional/v1/test_s3.py
glance/tests/functional/v1/test_ssl.py
glance/tests/functional/v1/test_swift.py
glance/tests/functional/v2/__init__.py
glance/tests/functional/v2/registry_data_api.py
glance/tests/functional/v2/test_image_access.py
glance/tests/functional/v2/test_images.py
glance/tests/functional/v2/test_image_tags.py
glance/tests/functional/v2/test_root.py
glance/tests/functional/v2/test_schemas.py
glance/tests/functional/v2/test_tasks.py
glance/tests/__init__.py
glance/tests/integration/__init__.py
glance/tests/integration/legacy_functional/base.py
glance/tests/integration/legacy_functional/__init__.py
glance/tests/integration/legacy_functional/test_v1_api.py
glance/tests/integration/v2/base.py
glance/tests/integration/v2/__init__.py
glance/tests/integration/v2/test_property_quota_violations.py
glance/tests/integration/v2/test_tasks_api.py
glance/tests/logcapture.py
glance/tests/stubs.py
glance/tests/test_hacking.py
glance/tests/unit/api/__init__.py
glance/tests/unit/api/middleware/__init__.py
glance/tests/unit/api/middleware/test_cache_manage.py
glance/tests/unit/api/test_cmd_cache_manage.py
glance/tests/unit/api/test_cmd.py
glance/tests/unit/api/test_common.py
glance/tests/unit/api/test_property_protections.py
glance/tests/unit/base.py
glance/tests/unit/common/__init__.py
glance/tests/unit/common/test_client.py
glance/tests/unit/common/test_config.py
glance/tests/unit/common/test_exception.py
glance/tests/unit/common/test_location_strategy.py
glance/tests/unit/common/test_property_utils.py
glance/tests/unit/common/test_rpc.py
glance/tests/unit/common/test_swift_store_utils.py
glance/tests/unit/common/test_utils.py
glance/tests/unit/common/test_wsgi.py
glance/tests/unit/fake_rados.py
glance/tests/unit/__init__.py
glance/tests/unit/test_api.py
glance/tests/unit/test_auth.py
glance/tests/unit/test_cached_images.py
glance/tests/unit/test_cache_middleware.py
glance/tests/unit/test_cfg.py
glance/tests/unit/test_cinder_store.py
glance/tests/unit/test_clients.py
glance/tests/unit/test_config.py
glance/tests/unit/test_context_middleware.py
glance/tests/unit/test_context.py
glance/tests/unit/test_db.py
glance/tests/unit/test_domain_proxy.py
glance/tests/unit/test_domain.py
glance/tests/unit/test_filesystem_store.py
glance/tests/unit/test_glance_replicator.py
glance/tests/unit/test_gridfs_store.py
glance/tests/unit/test_http_store.py
glance/tests/unit/test_image_cache_client.py
glance/tests/unit/test_image_cache.py
glance/tests/unit/test_manage.py
glance/tests/unit/test_migrations.conf
glance/tests/unit/test_migrations.py
glance/tests/unit/test_misc.py
glance/tests/unit/test_notifier.py
glance/tests/unit/test_policy.py
glance/tests/unit/test_quota.py
glance/tests/unit/test_rbd_store.py
glance/tests/unit/test_s3_store.py
glance/tests/unit/test_schema.py
glance/tests/unit/test_scrubber.py
glance/tests/unit/test_sheepdog_store.py
glance/tests/unit/test_skip_examples.py
glance/tests/unit/test_store_base.py
glance/tests/unit/test_store_image.py
glance/tests/unit/test_store_location.py
glance/tests/unit/test_swift_store.py
glance/tests/unit/test_utils.py
glance/tests/unit/test_versions.py
glance/tests/unit/test_vmware_store.py
glance/tests/unit/test_wsgi.py
glance/tests/unit/utils.py
glance/tests/unit/v1/__init__.py
glance/tests/unit/v1/test_api.py
glance/tests/unit/v1/test_registry_api.py
glance/tests/unit/v1/test_registry_client.py
glance/tests/unit/v1/test_upload_utils.py
glance/tests/unit/v2/__init__.py
glance/tests/unit/v2/test_image_access_resource.py
glance/tests/unit/v2/test_image_data_resource.py
glance/tests/unit/v2/test_image_members_resource.py
glance/tests/unit/v2/test_images_resource.py
glance/tests/unit/v2/test_image_tags_resource.py
glance/tests/unit/v2/test_registry_api.py
glance/tests/unit/v2/test_registry_client.py
glance/tests/unit/v2/test_root_resource.py
glance/tests/unit/v2/test_schemas_resource.py
glance/tests/unit/v2/test_tasks_resource.py
glance/tests/utils.py
glance/tests/var/ca.crt
glance/tests/var/certificate.crt
glance/tests/var/privatekey.key
glance/util.py
glance/utils.py
glance/version.py
HACKING.rst
LICENSE
MANIFEST.in
openstack-common.conf
parallax/api/images.py
parallax/api/__init__.py
parallax/__init__.py
parallax/parallax/__init__.py
pylintrc
rally-scenarios/extra/fake.img
rally-scenarios/glance.yaml
rally-scenarios/plugins/plugin_sample.py
README
README.rst
requirements.txt
run_tests.py
run_tests.sh
setup.cfg
setup.py
teller/backends.py
teller/__init__.py
teller/parallax.py
teller/server.py
teller/teller/backends.py
teller/teller/__init__.py
teller/teller/server.py
teller/tests/unit/swiftfakehttp.py
teller/tests/unit/test_backends.py
teller/tests/unit/test_server.py
.testr.conf
test-requirements.txt
tests/functional/__init__.py
tests/functional/test_api.py
tests/functional/test_bin_glance.py
tests/functional/test_curl_api.py
tests/functional/test_httplib2_api.py
tests/functional/test_logging.py
tests/functional/test_misc.py
tests/functional/test_s3.conf
tests/functional/test_s3.py
tests/functional/test_scrubber.py
tests/__init__.py
tests/stubs.py
tests/test_clients.py
tests/test_data.py
tests/unit/__init__.py
tests/unit/swiftfakehttp.py
tests/unit/test_api.py
tests/unit/test_backends.py
tests/unit/test_clients.py
tests/unit/test_config.py
tests/unit/test_context.py
tests/unit/test_filesystem_store.py
tests/unit/test_http_store.py
tests/unit/test_migrations.conf
tests/unit/test_migrations.py
tests/unit/test_misc.py
tests/unit/test_parallax_api.py
tests/unit/test_parallax_models.py
tests/unit/test_registry_api.py
tests/unit/test_registry.py
tests/unit/test_s3_store.py
tests/unit/test_server.py
tests/unit/test_store_location.py
tests/unit/test_stores.py
tests/unit/test_swift_store.py
tests/unit/test_teller_api.py
tests/unit/test_teller_backends.py
tests/unit/test_utils.py
tests/unit/test_versions.py
tests/unit/test_wsgi.py
tests/utils.py
tools/colorizer.py
tools/glance_upload.py
tools/install_venv_common.py
tools/install_venv.py
tools/migrate_image_owners.py
tools/nova_to_os_env.sh
tools/pip-requires
tools/rfc.sh
tools/test-requires
tools/with_venv.sh
tox.ini
