apidocs/pom.xml
apidocs/replacements.config
apidocs/src/cdb-devguide.xml
apidocs/src/images/Choose_Image_CCP.tiff
apidocs/src/samples/db-change-users-password-request.json
apidocs/src/samples/db-change-users-password-request-json.txt
apidocs/src/samples/db-change-users-password-request.xml
apidocs/src/samples/db-change-users-password-request-xml.txt
apidocs/src/samples/db-change-users-password-response-json.txt
apidocs/src/samples/db-change-users-password-response-xml.txt
apidocs/src/samples/db-check-root-user-request-json.txt
apidocs/src/samples/db-check-root-user-request-xml.txt
apidocs/src/samples/db-check-root-user-response.json
apidocs/src/samples/db-check-root-user-response-json.txt
apidocs/src/samples/db-check-root-user-response.xml
apidocs/src/samples/db-check-root-user-response-xml.txt
apidocs/src/samples/db-create-databases-request.json
apidocs/src/samples/db-create-databases-request-json.txt
apidocs/src/samples/db-create-databases-request.xml
apidocs/src/samples/db-create-databases-request-xml.txt
apidocs/src/samples/db-create-databases-response-json.txt
apidocs/src/samples/db-create-databases-response-xml.txt
apidocs/src/samples/db-create-instance-request.json
apidocs/src/samples/db-create-instance-request-json.txt
apidocs/src/samples/db-create-instance-request.xml
apidocs/src/samples/db-create-instance-request-xml.txt
apidocs/src/samples/db-create-instance-response.json
apidocs/src/samples/db-create-instance-response-json.txt
apidocs/src/samples/db-create-instance-response.xml
apidocs/src/samples/db-create-instance-response-xml.txt
apidocs/src/samples/db-create-users-request.json
apidocs/src/samples/db-create-users-request-json.txt
apidocs/src/samples/db-create-users-request.xml
apidocs/src/samples/db-create-users-request-xml.txt
apidocs/src/samples/db-create-users-response-json.txt
apidocs/src/samples/db-create-users-response-xml.txt
apidocs/src/samples/db-delete-databases-request-json.txt
apidocs/src/samples/db-delete-databases-request-xml.txt
apidocs/src/samples/db-delete-databases-response-json.txt
apidocs/src/samples/db-delete-databases-response-xml.txt
apidocs/src/samples/db-delete-instance-request-json.txt
apidocs/src/samples/db-delete-instance-request-xml.txt
apidocs/src/samples/db-delete-instance-response-json.txt
apidocs/src/samples/db-delete-instance-response-xml.txt
apidocs/src/samples/db-delete-users-request-json.txt
apidocs/src/samples/db-delete-users-request-xml.txt
apidocs/src/samples/db-delete-users-response-json.txt
apidocs/src/samples/db-delete-users-response-xml.txt
apidocs/src/samples/db-enable-root-user-request-json.txt
apidocs/src/samples/db-enable-root-user-request-xml.txt
apidocs/src/samples/db-enable-root-user-response.json
apidocs/src/samples/db-enable-root-user-response-json.txt
apidocs/src/samples/db-enable-root-user-response.xml
apidocs/src/samples/db-enable-root-user-response-xml.txt
apidocs/src/samples/db-faults-badRequest.json
apidocs/src/samples/db-faults-badRequest.xml
apidocs/src/samples/db-faults-instanceFault.json
apidocs/src/samples/db-faults-instanceFault.xml
apidocs/src/samples/db-faults-itemNotFound.json
apidocs/src/samples/db-faults-itemNotFound.xml
apidocs/src/samples/db-flavors-by-id-request-json.txt
apidocs/src/samples/db-flavors-by-id-request-xml.txt
apidocs/src/samples/db-flavors-by-id-response.json
apidocs/src/samples/db-flavors-by-id-response-json.txt
apidocs/src/samples/db-flavors-by-id-response.xml
apidocs/src/samples/db-flavors-by-id-response-xml.txt
apidocs/src/samples/db-flavors-request-json.txt
apidocs/src/samples/db-flavors-request-xml.txt
apidocs/src/samples/db-flavors-response.json
apidocs/src/samples/db-flavors-response-json.txt
apidocs/src/samples/db-flavors-response.xml
apidocs/src/samples/db-flavors-response-xml.txt
apidocs/src/samples/db-grant-user-access-request.json
apidocs/src/samples/db-grant-user-access-request-json.txt
apidocs/src/samples/db-grant-user-access-request.xml
apidocs/src/samples/db-grant-user-access-request-xml.txt
apidocs/src/samples/db-grant-user-access-response-json.txt
apidocs/src/samples/db-grant-user-access-response-xml.txt
apidocs/src/samples/db-instance-resize-instance-request.json
apidocs/src/samples/db-instance-resize-instance-request-json.txt
apidocs/src/samples/db-instance-resize-instance-request.xml
apidocs/src/samples/db-instance-resize-instance-request-xml.txt
apidocs/src/samples/db-instance-resize-instance-response-json.txt
apidocs/src/samples/db-instance-resize-instance-response-xml.txt
apidocs/src/samples/db-instance-resize-volume-request.json
apidocs/src/samples/db-instance-resize-volume-request-json.txt
apidocs/src/samples/db-instance-resize-volume-request.xml
apidocs/src/samples/db-instance-resize-volume-request-xml.txt
apidocs/src/samples/db-instance-resize-volume-response-json.txt
apidocs/src/samples/db-instance-resize-volume-response-xml.txt
apidocs/src/samples/db-instance-restart-request.json
apidocs/src/samples/db-instance-restart-request-json.txt
apidocs/src/samples/db-instance-restart-request.xml
apidocs/src/samples/db-instance-restart-request-xml.txt
apidocs/src/samples/db-instance-restart-response-json.txt
apidocs/src/samples/db-instance-restart-response-xml.txt
apidocs/src/samples/db-instances-index-pagination-request-json.txt
apidocs/src/samples/db-instances-index-pagination-request-xml.txt
apidocs/src/samples/db-instances-index-pagination-response.json
apidocs/src/samples/db-instances-index-pagination-response.xml
apidocs/src/samples/db-instances-index-request-json.txt
apidocs/src/samples/db-instances-index-request-xml.txt
apidocs/src/samples/db-instances-index-response.json
apidocs/src/samples/db-instances-index-response-json.txt
apidocs/src/samples/db-instances-index-response.xml
apidocs/src/samples/db-instances-index-response-xml.txt
apidocs/src/samples/db-instance-status-detail-request-json.txt
apidocs/src/samples/db-instance-status-detail-request-xml.txt
apidocs/src/samples/db-instance-status-detail-response.json
apidocs/src/samples/db-instance-status-detail-response-json.txt
apidocs/src/samples/db-instance-status-detail-response.xml
apidocs/src/samples/db-instance-status-detail-response-xml.txt
apidocs/src/samples/db-list-databases-pagination-request-json.txt
apidocs/src/samples/db-list-databases-pagination-request-xml.txt
apidocs/src/samples/db-list-databases-pagination-response.json
apidocs/src/samples/db-list-databases-pagination-response-json.txt
apidocs/src/samples/db-list-databases-pagination-response.xml
apidocs/src/samples/db-list-databases-pagination-response-xml.txt
apidocs/src/samples/db-list-databases-request-json.txt
apidocs/src/samples/db-list-databases-request-xml.txt
apidocs/src/samples/db-list-databases-response.json
apidocs/src/samples/db-list-databases-response-json.txt
apidocs/src/samples/db-list-databases-response.xml
apidocs/src/samples/db-list-databases-response-xml.txt
apidocs/src/samples/db-list-user-access-request-json.txt
apidocs/src/samples/db-list-user-access-request-xml.txt
apidocs/src/samples/db-list-user-access-response.json
apidocs/src/samples/db-list-user-access-response-json.txt
apidocs/src/samples/db-list-user-access-response.xml
apidocs/src/samples/db-list-user-access-response-xml.txt
apidocs/src/samples/db-list-user-dbs-request-json.txt
apidocs/src/samples/db-list-user-dbs-request-xml.txt
apidocs/src/samples/db-list-user-dbs-response.json
apidocs/src/samples/db-list-user-dbs-response-json.txt
apidocs/src/samples/db-list-user-dbs-response.xml
apidocs/src/samples/db-list-user-dbs-response-xml.txt
apidocs/src/samples/db-list-users-pagination-request-json.txt
apidocs/src/samples/db-list-users-pagination-request-xml.txt
apidocs/src/samples/db-list-users-pagination-response.json
apidocs/src/samples/db-list-users-pagination-response-json.txt
apidocs/src/samples/db-list-users-pagination-response.xml
apidocs/src/samples/db-list-users-pagination-response-xml.txt
apidocs/src/samples/db-list-users-request-json.txt
apidocs/src/samples/db-list-users-request-xml.txt
apidocs/src/samples/db-list-users-response.json
apidocs/src/samples/db-list-users-response-json.txt
apidocs/src/samples/db-list-users-response.xml
apidocs/src/samples/db-list-users-response-xml.txt
apidocs/src/samples/db-revoke-user-access-request-json.txt
apidocs/src/samples/db-revoke-user-access-request-xml.txt
apidocs/src/samples/db-revoke-user-access-response-json.txt
apidocs/src/samples/db-revoke-user-access-response-xml.txt
apidocs/src/samples/db-version-request-json.txt
apidocs/src/samples/db-version-request-xml.txt
apidocs/src/samples/db-version-response.json
apidocs/src/samples/db-version-response-json.txt
apidocs/src/samples/db-version-response.xml
apidocs/src/samples/db-version-response-xml.txt
apidocs/src/samples/db-versions-request-json.txt
apidocs/src/samples/db-versions-request-xml.txt
apidocs/src/samples/db-versions-response.json
apidocs/src/samples/db-versions-response-json.txt
apidocs/src/samples/db-versions-response.xml
apidocs/src/samples/db-versions-response-xml.txt
apidocs/src/xsd/common.ent
apidocs/src/xsd/dbaas.wadl
apidocs/src/xsd/dbaas.xsd
apidocs/src/xslts/js/shjs/sh_java.js
apidocs/src/xslts/js/shjs/sh_javascript.js
apidocs/src/xslts/js/shjs/sh_main.js
apidocs/src/xslts/js/shjs/sh_xml.js
apidocs/src/xslts/js/trc/schema/controller.js
apidocs/src/xslts/js/trc/schema/layoutManager.js
apidocs/src/xslts/js/trc/schema/sampleManager.js
apidocs/src/xslts/js/trc/util.js
apidocs/src/xslts/style/schema.css
apidocs/src/xslts/style/shjs/sh_acid.css
apidocs/src/xslts/style/shjs/sh_darkblue.css
apidocs/src/xslts/style/shjs/sh_emacs.css
apidocs/src/xslts/style/shjs/sh_night.css
apidocs/src/xslts/style/shjs/sh_pablo.css
apidocs/src/xslts/style/shjs/sh_print.css
apidocs/src/xslts/style/shjs/sh_style.css
apidocs/src/xslts/style/shjs/sh_whitengrey.css
apidocs/src/xslts/xslt/.htaccess
apidocs/src/xslts/xslt/schema.xslt
bin/reddwarf-api
bin/reddwarf-api-os-database
bin/reddwarf-cli
bin/reddwarf-guestagent
bin/reddwarf-manage
bin/reddwarf-mgmt-taskmanager
bin/reddwarf-server
bin/reddwarf-taskmanager
bin/start-fake-mode.sh
bin/start_server.sh
bin/stop-fake-mode.sh
bin/stop_server.sh
bin/trove-api
bin/trove-api-os-database
bin/trove-cli
bin/trove-conductor
bin/trove-fake-mode
bin/trove-guestagent
bin/trove-manage
bin/trove-mgmt-taskmanager
bin/trove-server
bin/trove-taskmanager
contrib/dbaas-mycnf/builddeb.sh
contrib/dbaas-mycnf/debian/changelog
contrib/dbaas-mycnf/debian/control
contrib/dbaas-mycnf/debian/copyright
contrib/dbaas-mycnf/debian/dbaas-mycnf.install
contrib/dbaas-mycnf/debian/dbaas-mycnf.lintian-overrides
contrib/dbaas-mycnf/debian/dbaas-mycnf.postinst
contrib/dbaas-mycnf/debian/rules
contrib/dbaas-mycnf/etc/my.cnf.base
contrib/dbaas-mycnf/etc/my.cnf.default
contrib/dbaas-mycnf/test/build_templates.sh
contrib/dbaas-mycnf/test/etc/my.cnf.16G
contrib/dbaas-mycnf/test/etc/my.cnf.1G
contrib/dbaas-mycnf/test/etc/my.cnf.2G
contrib/dbaas-mycnf/test/etc/my.cnf.32G
contrib/dbaas-mycnf/test/etc/my.cnf.4G
contrib/dbaas-mycnf/test/etc/my.cnf.512M
contrib/dbaas-mycnf/test/etc/my.cnf.8G
contrib/trove-guestagent
CONTRIBUTING.rst
.coveragerc
development/bootstrap/bootstrap_init.sh
development/bootstrap/bootstrap.sh
development/bootstrap.sh
development/deprecated-bootstrap.sh
development/development_enviroment.sh
development_enviroment.sh
development/FunkyBugs.txt
development/instance_source.sh
doc/source/conf.py
doc/source/dev/design.rst
doc/source/dev/install.rst
doc/source/dev/manual_install.rst
doc/source/index.rst
doc/source/_static/basic.css
doc/source/_static/default.css
doc/source/_static/header-line.gif
doc/source/_static/jquery.tweet.js
doc/source/_static/nature.css
doc/source/_static/pygments.css
doc/source/_static/tweaks.css
doc/source/_theme/layout.html
doc/source/_theme/theme.conf
doc-test.conf
doc/votes/channel_logging
etc/nova/nova.conf.template
etc/nova/reddwarf-api-paste.ini
etc/reddwarf/api-paste.ini
etc/reddwarf/api-paste.ini.test
etc/reddwarf/conf.d/guest_info
etc/reddwarf/reddwarf.conf.sample
etc/reddwarf/reddwarf.conf.test
etc/reddwarf/reddwarf-guestagent.conf.sample
etc/reddwarf/reddwarf-taskmanager.conf.sample
etc/tests/core.test.conf
etc/tests/localhost.test.conf
etc/tests/xml.localhost.test.conf
etc/trove/api-paste.ini
etc/trove/api-paste.ini.test
etc/trove/conf.d/guest_info
etc/trove/trove-conductor.conf.sample
etc/trove/trove.conf.sample
etc/trove/trove.conf.test
etc/trove/trove-guestagent.conf.sample
etc/trove/trove-taskmanager.conf.sample
LICENSE
MANIFEST.in
next_steps.txt
openstack-common.conf
README
README.rst
reddwarf/api/database/contrib/databases.py
reddwarf/api/database/contrib/__init__.py
reddwarf/api/database/extensions.py
reddwarf/api/database/__init__.py
reddwarf/api/database/instances.py
reddwarf/api/database/versions.py
reddwarf/api/database/views/__init__.py
reddwarf/api/database/views/instances.py
reddwarf/api/__init__.py
reddwarf/backup/__init__.py
reddwarf/backup/models.py
reddwarf/backup/service.py
reddwarf/backup/views.py
reddwarf/common/api.py
reddwarf/common/auth.py
reddwarf/common/cfg.py
reddwarf/common/config.py
reddwarf/common/context.py
reddwarf/common/exception.py
reddwarf/common/excutils.py
reddwarf/common/extensions.py
reddwarf/common/__init__.py
reddwarf/common/limits.py
reddwarf/common/local.py
reddwarf/common/manager.py
reddwarf/common/models.py
reddwarf/common/pagination.py
reddwarf/common/remote.py
reddwarf/common/rpc.py
reddwarf/common/service.py
reddwarf/common/utils.py
reddwarf/common/views.py
reddwarf/common/wsgi.py
reddwarf/common/xmlutil.py
reddwarf/database/__init__.py
reddwarf/database/models.py
reddwarf/database/service.py
reddwarf/database/views.py
reddwarf/db/__init__.py
reddwarf/db/models.py
reddwarf/db/sqlalchemy/api.py
reddwarf/db/sqlalchemy/__init__.py
reddwarf/db/sqlalchemy/mappers.py
reddwarf/db/sqlalchemy/migrate_repo/__init__.py
reddwarf/db/sqlalchemy/migrate_repo/manage.py
reddwarf/db/sqlalchemy/migrate_repo/migrate.cfg
reddwarf/db/sqlalchemy/migrate_repo/schema.py
reddwarf/db/sqlalchemy/migrate_repo/versions/001_base_schema.py
reddwarf/db/sqlalchemy/migrate_repo/versions/002_service_images.py
reddwarf/db/sqlalchemy/migrate_repo/versions/003_service_statuses.py
reddwarf/db/sqlalchemy/migrate_repo/versions/004_root_enabled.py
reddwarf/db/sqlalchemy/migrate_repo/versions/005_heartbeat.py
reddwarf/db/sqlalchemy/migrate_repo/versions/005_rsdns_records.py
reddwarf/db/sqlalchemy/migrate_repo/versions/006_dns_records.py
reddwarf/db/sqlalchemy/migrate_repo/versions/007_add_instance_fields.py
reddwarf/db/sqlalchemy/migrate_repo/versions/007_add_volume_flavor.py
reddwarf/db/sqlalchemy/migrate_repo/versions/008_add_instance_fields.py
reddwarf/db/sqlalchemy/migrate_repo/versions/009_add_deleted_flag_to_instances.py
reddwarf/db/sqlalchemy/migrate_repo/versions/010_add_usage.py
reddwarf/db/sqlalchemy/migrate_repo/versions/011_quota.py
reddwarf/db/sqlalchemy/migrate_repo/versions/012_backup.py
reddwarf/db/sqlalchemy/migrate_repo/versions/013_add_security_group_artifacts.py
reddwarf/db/sqlalchemy/migrate_repo/versions/014_update_instance_flavor_id.py
reddwarf/db/sqlalchemy/migrate_repo/versions/__init__.py
reddwarf/db/sqlalchemy/migration.py
reddwarf/db/sqlalchemy/session.py
reddwarf/dns/driver.py
reddwarf/dns/__init__.py
reddwarf/dns/manager.py
reddwarf/dns/models.py
reddwarf/dns/rsdns/driver.py
reddwarf/dns/rsdns/__init__.py
reddwarf/dns/rsdns/models.py
reddwarf/extensions/account/__init__.py
reddwarf/extensions/account/models.py
reddwarf/extensions/account.py
reddwarf/extensions/account/service.py
reddwarf/extensions/account/views.py
reddwarf/extensions/__init__.py
reddwarf/extensions/mgmt/host/__init__.py
reddwarf/extensions/mgmt/host/instance/__init__.py
reddwarf/extensions/mgmt/host/instance/service.py
reddwarf/extensions/mgmt/host/models.py
reddwarf/extensions/mgmt/host/service.py
reddwarf/extensions/mgmt/host/views.py
reddwarf/extensions/mgmt/__init__.py
reddwarf/extensions/mgmt/instances/__init__.py
reddwarf/extensions/mgmt/instances/models.py
reddwarf/extensions/mgmt/instances/service.py
reddwarf/extensions/mgmt/instances/views.py
reddwarf/extensions/mgmt/models.py
reddwarf/extensions/mgmt.py
reddwarf/extensions/mgmt/quota/__init__.py
reddwarf/extensions/mgmt/quota/service.py
reddwarf/extensions/mgmt/quota/views.py
reddwarf/extensions/mgmt/service.py
reddwarf/extensions/mgmt/views.py
reddwarf/extensions/mgmt/volume/__init__.py
reddwarf/extensions/mgmt/volume/models.py
reddwarf/extensions/mgmt/volume/service.py
reddwarf/extensions/mgmt/volume/views.py
reddwarf/extensions/mysql/common.py
reddwarf/extensions/mysql/__init__.py
reddwarf/extensions/mysql/models.py
reddwarf/extensions/mysql.py
reddwarf/extensions/mysql/service.py
reddwarf/extensions/mysql/views.py
reddwarf/extensions/security_group/__init__.py
reddwarf/extensions/security_group/models.py
reddwarf/extensions/security_group.py
reddwarf/extensions/security_group/service.py
reddwarf/extensions/security_group/views.py
reddwarf/flavor/__init__.py
reddwarf/flavor/models.py
reddwarf/flavor/service.py
reddwarf/flavor/views.py
reddwarf/guest-agent/agent.py
reddwarf/guestagent/agent.py
reddwarf/guestagent/api.py
reddwarf/guestagent/backup/backupagent.py
reddwarf/guestagent/backup/__init__.py
reddwarf/guestagent/dbaas.py
reddwarf/guestagent/db/__init__.py
reddwarf/guestagent/db/models.py
reddwarf/guest-agent/__init__.py
reddwarf/guestagent/__init__.py
reddwarf/guestagent/manager/__init__.py
reddwarf/guestagent/manager/mysql.py
reddwarf/guestagent/manager/mysql_service.py
reddwarf/guestagent/manager.py
reddwarf/guestagent/models.py
reddwarf/guestagent/pkg.py
reddwarf/guestagent/query.py
reddwarf/guestagent/service.py
reddwarf/guestagent/strategies/backup/base.py
reddwarf/guestagent/strategies/backup/impl.py
reddwarf/guestagent/strategies/backup/__init__.py
reddwarf/guestagent/strategies/__init__.py
reddwarf/guestagent/strategies/restore/base.py
reddwarf/guestagent/strategies/restore/impl.py
reddwarf/guestagent/strategies/restore/__init__.py
reddwarf/guestagent/strategies/storage/base.py
reddwarf/guestagent/strategies/storage/__init__.py
reddwarf/guestagent/strategies/storage/swift.py
reddwarf/guestagent/strategy.py
reddwarf/guestagent/utils.py
reddwarf/guestagent/volume.py
reddwarf/__init__.py
reddwarf/instance/__init__.py
reddwarf/instance/models.py
reddwarf/instance/service.py
reddwarf/instance/tasks.py
reddwarf/instance/views.py
reddwarf/limits/__init__.py
reddwarf/limits/service.py
reddwarf/limits/views.py
reddwarf/openstack/common/authutils.py
reddwarf/openstack/common/cfg.py
reddwarf/openstack/common/config.py
reddwarf/openstack/common/context.py
reddwarf/openstack/common/eventlet_backdoor.py
reddwarf/openstack/common/exception.py
reddwarf/openstack/common/excutils.py
reddwarf/openstack/common/extensions.py
reddwarf/openstack/common/fileutils.py
reddwarf/openstack/common/gettextutils.py
reddwarf/openstack/common/importutils.py
reddwarf/openstack/common/iniparser.py
reddwarf/openstack/common/__init__.py
reddwarf/openstack/common/jsonutils.py
reddwarf/openstack/common/local.py
reddwarf/openstack/common/lockutils.py
reddwarf/openstack/common/log.py
reddwarf/openstack/common/loopingcall.py
reddwarf/openstack/common/middleware/context.py
reddwarf/openstack/common/middleware/__init__.py
reddwarf/openstack/common/network_utils.py
reddwarf/openstack/common/notifier/api.py
reddwarf/openstack/common/notifier/__init__.py
reddwarf/openstack/common/notifier/log_notifier.py
reddwarf/openstack/common/notifier/no_op_notifier.py
reddwarf/openstack/common/notifier/rabbit_notifier.py
reddwarf/openstack/common/notifier/rpc_notifier2.py
reddwarf/openstack/common/notifier/rpc_notifier.py
reddwarf/openstack/common/notifier/test_notifier.py
reddwarf/openstack/common/pastedeploy.py
reddwarf/openstack/common/periodic_task.py
reddwarf/openstack/common/policy.py
reddwarf/openstack/common/processutils.py
reddwarf/openstack/common/rpc/amqp.py
reddwarf/openstack/common/rpc/common.py
reddwarf/openstack/common/rpc/dispatcher.py
reddwarf/openstack/common/rpc/impl_fake.py
reddwarf/openstack/common/rpc/impl_kombu.py
reddwarf/openstack/common/rpc/impl_qpid.py
reddwarf/openstack/common/rpc/impl_zmq.py
reddwarf/openstack/common/rpc/__init__.py
reddwarf/openstack/common/rpc/matchmaker.py
reddwarf/openstack/common/rpc/matchmaker_redis.py
reddwarf/openstack/common/rpc/proxy.py
reddwarf/openstack/common/rpc/service.py
reddwarf/openstack/common/rpc/zmq_receiver.py
reddwarf/openstack/common/service.py
reddwarf/openstack/common/setup.py
reddwarf/openstack/common/sslutils.py
reddwarf/openstack/common/testutils.py
reddwarf/openstack/common/threadgroup.py
reddwarf/openstack/common/timeutils.py
reddwarf/openstack/common/utils.py
reddwarf/openstack/common/uuidutils.py
reddwarf/openstack/common/version.py
reddwarf/openstack/common/wsgi.py
reddwarf/openstack/common/xmlutils.py
reddwarf/openstack/__init__.py
reddwarf/quota/__init__.py
reddwarf/quota/models.py
reddwarf/quota/quota.py
reddwarf/rpc/amqp.py
reddwarf/rpc/common.py
reddwarf/rpc/impl_kombu.py
reddwarf/rpc/impl_qpid.py
reddwarf/rpc/__init__.py
reddwarf/taskmanager/api.py
reddwarf/taskmanager/__init__.py
reddwarf/taskmanager/manager.py
reddwarf/taskmanager/models.py
reddwarf/taskmanager/service.py
reddwarf/tests/api/backups.py
reddwarf/tests/api/databases.py
reddwarf/tests/api/flavors.py
reddwarf/tests/api/header.py
reddwarf/tests/api/__init__.py
reddwarf/tests/api/instances_actions.py
reddwarf/tests/api/instances_delete.py
reddwarf/tests/api/instances_mysql_down.py
reddwarf/tests/api/instances_pagination.py
reddwarf/tests/api/instances.py
reddwarf/tests/api/instances_resize.py
reddwarf/tests/api/limits.py
reddwarf/tests/api/mgmt/accounts.py
reddwarf/tests/api/mgmt/admin_required.py
reddwarf/tests/api/mgmt/__init__.py
reddwarf/tests/api/mgmt/instances_actions.py
reddwarf/tests/api/mgmt/instances.py
reddwarf/tests/api/mgmt/malformed_json.py
reddwarf/tests/api/mgmt/quotas.py
reddwarf/tests/api/mgmt/storage.py
reddwarf/tests/api/root.py
reddwarf/tests/api/user_access.py
reddwarf/tests/api/users.py
reddwarf/tests/api/versions.py
reddwarf/tests/config.py
reddwarf/tests/factories/__init__.py
reddwarf/tests/factories/models.py
reddwarf/tests/fakes/common.py
reddwarf/tests/fakes/guestagent.py
reddwarf/tests/fakes/__init__.py
reddwarf/tests/fakes/keystone.py
reddwarf/tests/fakes/nova.py
reddwarf/tests/fakes/swift.py
reddwarf/tests/functional/__init__.py
reddwarf/tests/functional/test_cli.py
reddwarf/tests/guestagent/__init__.py
reddwarf/tests/guestagent/test_dbaas.py
reddwarf/tests/guestagent/test_manager.py
reddwarf/tests/guestagent/test_models.py
reddwarf/tests/guestagent/test_query.py
reddwarf/tests/guestagent/test_service.py
reddwarf/tests/__init__.py
reddwarf/tests/unit/common/__init__.py
reddwarf/tests/unit/common/test_auth.py
reddwarf/tests/unit/__init__.py
reddwarf/tests/unit/test_context.py
reddwarf/tests/unit/test_database_models.py
reddwarf/tests/unit/test_database_service.py
reddwarf/tests/unit/test_exception.py
reddwarf/tests/unittests/api/common/__init__.py
reddwarf/tests/unittests/api/common/test_limits.py
reddwarf/tests/unittests/api/__init__.py
reddwarf/tests/unittests/api/test_versions.py
reddwarf/tests/unittests/backup/__init__.py
reddwarf/tests/unittests/backup/test_backupagent.py
reddwarf/tests/unittests/backup/test_backup_models.py
reddwarf/tests/unittests/backup/test_storage.py
reddwarf/tests/unittests/common/__init__.py
reddwarf/tests/unittests/common/test_remote.py
reddwarf/tests/unittests/guestagent/__init__.py
reddwarf/tests/unittests/guestagent/test_api.py
reddwarf/tests/unittests/guestagent/test_backups.py
reddwarf/tests/unittests/guestagent/test_dbaas.py
reddwarf/tests/unittests/guestagent/test_dbmodels.py
reddwarf/tests/unittests/guestagent/test_manager.py
reddwarf/tests/unittests/guestagent/test_models.py
reddwarf/tests/unittests/guestagent/test_pkg.py
reddwarf/tests/unittests/guestagent/test_query.py
reddwarf/tests/unittests/guestagent/test_service.py
reddwarf/tests/unittests/guestagent/test_volume.py
reddwarf/tests/unittests/__init__.py
reddwarf/tests/unittests/mgmt/__init__.py
reddwarf/tests/unittests/mgmt/test_models.py
reddwarf/tests/unittests/quota/__init__.py
reddwarf/tests/unittests/quota/test_quota.py
reddwarf/tests/unittests/router/__init__.py
reddwarf/tests/unittests/router/test_router.py
reddwarf/tests/unittests/secgroups/__init__.py
reddwarf/tests/unittests/secgroups/test_security_group.py
reddwarf/tests/unittests/taskmanager/__init__.py
reddwarf/tests/unittests/taskmanager/test_models.py
reddwarf/tests/unittests/util/__init__.py
reddwarf/tests/unittests/util/matchers.py
reddwarf/tests/unittests/util/util.py
reddwarf/tests/unit/test_utils.py
reddwarf/tests/unit/test_wsgi.py
reddwarf/tests/util/check.py
reddwarf/tests/util/client.py
reddwarf/tests/util/__init__.py
reddwarf/tests/util/mysql.py
reddwarf/tests/util/server_connection.py
reddwarf/tests/util/usage.py
reddwarf/tests/util/users.py
reddwarf/version.py
reddwarf/versions.py
requirements.txt
rsdns/client/dns_client.py
rsdns/client/domains.py
rsdns/client/exceptions.py
rsdns/client/future.py
rsdns/client/__init__.py
rsdns/client/records.py
rsdns/__init__.py
run_tests.py
run_tests.sh
setup.cfg
setup.py
.testr.conf
test-requirements.txt
tools/install_venv.py
tools/pip-requires
tools/rfc.sh
tools/start-fake-mode.sh
tools/stop-fake-mode.sh
tools/test-requires
tools/with_venv.sh
tox.ini
trove/backup/__init__.py
trove/backup/models.py
trove/backup/service.py
trove/backup/views.py
trove/cmd/api.py
trove/cmd/common.py
trove/cmd/conductor.py
trove/cmd/fakemode.py
trove/cmd/guest.py
trove/cmd/__init__.py
trove/cmd/manage.py
trove/cmd/taskmanager.py
trove/common/api.py
trove/common/apischema.py
trove/common/auth.py
trove/common/cfg.py
trove/common/configurations.py
trove/common/context.py
trove/common/debug_utils.py
trove/common/exception.py
trove/common/extensions.py
trove/common/__init__.py
trove/common/instance.py
trove/common/limits.py
trove/common/manager.py
trove/common/models.py
trove/common/pagination.py
trove/common/remote.py
trove/common/rpc/impl_fake.py
trove/common/rpc/__init__.py
trove/common/rpc.py
trove/common/rpc/service.py
trove/common/template.py
trove/common/utils.py
trove/common/views.py
trove/common/wsgi.py
trove/conductor/api.py
trove/conductor/__init__.py
trove/conductor/manager.py
trove/conductor/models.py
trove/configuration/__init__.py
trove/configuration/models.py
trove/configuration/service.py
trove/configuration/views.py
trove/datastore/__init__.py
trove/datastore/models.py
trove/datastore/service.py
trove/datastore/views.py
trove/db/__init__.py
trove/db/models.py
trove/db/sqlalchemy/api.py
trove/db/sqlalchemy/__init__.py
trove/db/sqlalchemy/mappers.py
trove/db/sqlalchemy/migrate_repo/__init__.py
trove/db/sqlalchemy/migrate_repo/manage.py
trove/db/sqlalchemy/migrate_repo/migrate.cfg
trove/db/sqlalchemy/migrate_repo/schema.py
trove/db/sqlalchemy/migrate_repo/versions/001_base_schema.py
trove/db/sqlalchemy/migrate_repo/versions/002_service_images.py
trove/db/sqlalchemy/migrate_repo/versions/003_service_statuses.py
trove/db/sqlalchemy/migrate_repo/versions/004_root_enabled.py
trove/db/sqlalchemy/migrate_repo/versions/005_heartbeat.py
trove/db/sqlalchemy/migrate_repo/versions/006_dns_records.py
trove/db/sqlalchemy/migrate_repo/versions/007_add_volume_flavor.py
trove/db/sqlalchemy/migrate_repo/versions/008_add_instance_fields.py
trove/db/sqlalchemy/migrate_repo/versions/009_add_deleted_flag_to_instances.py
trove/db/sqlalchemy/migrate_repo/versions/010_add_usage.py
trove/db/sqlalchemy/migrate_repo/versions/011_quota.py
trove/db/sqlalchemy/migrate_repo/versions/012_backup.py
trove/db/sqlalchemy/migrate_repo/versions/013_add_security_group_artifacts.py
trove/db/sqlalchemy/migrate_repo/versions/014_update_instance_flavor_id.py
trove/db/sqlalchemy/migrate_repo/versions/015_add_service_type.py
trove/db/sqlalchemy/migrate_repo/versions/016_add_datastore_type.py
trove/db/sqlalchemy/migrate_repo/versions/017_update_datastores.py
trove/db/sqlalchemy/migrate_repo/versions/018_datastore_versions_fix.py
trove/db/sqlalchemy/migrate_repo/versions/019_datastore_fix.py
trove/db/sqlalchemy/migrate_repo/versions/020_configurations.py
trove/db/sqlalchemy/migrate_repo/versions/021_conductor_last_seen.py
trove/db/sqlalchemy/migrate_repo/versions/022_add_backup_parent_id.py
trove/db/sqlalchemy/migrate_repo/versions/023_add_instance_indexes.py
trove/db/sqlalchemy/migrate_repo/versions/024_add_backup_indexes.py
trove/db/sqlalchemy/migrate_repo/versions/025_add_service_statuses_indexes.py
trove/db/sqlalchemy/migrate_repo/versions/026_datastore_versions_unique_fix.py
trove/db/sqlalchemy/migrate_repo/versions/027_add_datastore_capabilities.py
trove/db/sqlalchemy/migrate_repo/versions/028_recreate_agent_heartbeat.py
trove/db/sqlalchemy/migrate_repo/versions/029_add_backup_datastore.py
trove/db/sqlalchemy/migrate_repo/versions/030_add_master_slave.py
trove/db/sqlalchemy/migrate_repo/versions/031_add_timestamps_to_configurations.py
trove/db/sqlalchemy/migrate_repo/versions/__init__.py
trove/db/sqlalchemy/migration.py
trove/db/sqlalchemy/session.py
trove/dns/designate/driver.py
trove/dns/designate/__init__.py
trove/dns/driver.py
trove/dns/__init__.py
trove/dns/manager.py
trove/dns/models.py
trove/dns/rsdns/driver.py
trove/dns/rsdns/__init__.py
trove/extensions/account/__init__.py
trove/extensions/account/models.py
trove/extensions/account.py
trove/extensions/account/service.py
trove/extensions/account/views.py
trove/extensions/__init__.py
trove/extensions/mgmt/host/__init__.py
trove/extensions/mgmt/host/instance/__init__.py
trove/extensions/mgmt/host/instance/service.py
trove/extensions/mgmt/host/models.py
trove/extensions/mgmt/host/service.py
trove/extensions/mgmt/host/views.py
trove/extensions/mgmt/__init__.py
trove/extensions/mgmt/instances/__init__.py
trove/extensions/mgmt/instances/models.py
trove/extensions/mgmt/instances/service.py
trove/extensions/mgmt/instances/views.py
trove/extensions/mgmt.py
trove/extensions/mgmt/quota/__init__.py
trove/extensions/mgmt/quota/service.py
trove/extensions/mgmt/quota/views.py
trove/extensions/mgmt/upgrade/__init__.py
trove/extensions/mgmt/upgrade/models.py
trove/extensions/mgmt/upgrade/service.py
trove/extensions/mgmt/volume/__init__.py
trove/extensions/mgmt/volume/models.py
trove/extensions/mgmt/volume/service.py
trove/extensions/mgmt/volume/views.py
trove/extensions/mysql/common.py
trove/extensions/mysql/__init__.py
trove/extensions/mysql/models.py
trove/extensions/mysql.py
trove/extensions/mysql/service.py
trove/extensions/mysql/views.py
trove/extensions/routes/account.py
trove/extensions/routes/__init__.py
trove/extensions/routes/mgmt.py
trove/extensions/routes/mysql.py
trove/extensions/routes/security_group.py
trove/extensions/security_group/__init__.py
trove/extensions/security_group/models.py
trove/extensions/security_group.py
trove/extensions/security_group/service.py
trove/extensions/security_group/views.py
trove/flavor/__init__.py
trove/flavor/models.py
trove/flavor/service.py
trove/flavor/views.py
trove/guestagent/api.py
trove/guestagent/backup/backupagent.py
trove/guestagent/backup/__init__.py
trove/guestagent/common/__init__.py
trove/guestagent/common/operating_system.py
trove/guestagent/common/sql_query.py
trove/guestagent/common/timeutils.py
trove/guestagent/datastore/cassandra/__init__.py
trove/guestagent/datastore/cassandra/manager.py
trove/guestagent/datastore/cassandra/service.py
trove/guestagent/datastore/cassandra/system.py
trove/guestagent/datastore/couchbase/__init__.py
trove/guestagent/datastore/couchbase/manager.py
trove/guestagent/datastore/couchbase/service.py
trove/guestagent/datastore/couchbase/system.py
trove/guestagent/datastore/__init__.py
trove/guestagent/datastore/mongodb/__init__.py
trove/guestagent/datastore/mongodb/manager.py
trove/guestagent/datastore/mongodb/service.py
trove/guestagent/datastore/mongodb/system.py
trove/guestagent/datastore/mysql/__init__.py
trove/guestagent/datastore/mysql/manager.py
trove/guestagent/datastore/mysql/service.py
trove/guestagent/datastore/mysql/system.py
trove/guestagent/datastore/redis/__init__.py
trove/guestagent/datastore/redis/manager.py
trove/guestagent/datastore/redis/service.py
trove/guestagent/datastore/redis/system.py
trove/guestagent/datastore/service.py
trove/guestagent/dbaas.py
trove/guestagent/db/__init__.py
trove/guestagent/db/models.py
trove/guestagent/__init__.py
trove/guestagent/manager/__init__.py
trove/guestagent/manager/mysql.py
trove/guestagent/manager/mysql_service.py
trove/guestagent/manager/service.py
trove/guestagent/models.py
trove/guestagent/pkg.py
trove/guestagent/query.py
trove/guestagent/service.py
trove/guestagent/strategies/backup/base.py
trove/guestagent/strategies/backup/couchbase_impl.py
trove/guestagent/strategies/backup/impl.py
trove/guestagent/strategies/backup/__init__.py
trove/guestagent/strategies/backup/mysql_impl.py
trove/guestagent/strategies/__init__.py
trove/guestagent/strategies/restore/base.py
trove/guestagent/strategies/restore/couchbase_impl.py
trove/guestagent/strategies/restore/impl.py
trove/guestagent/strategies/restore/__init__.py
trove/guestagent/strategies/restore/mysql_impl.py
trove/guestagent/strategies/storage/base.py
trove/guestagent/strategies/storage/__init__.py
trove/guestagent/strategies/storage/swift.py
trove/guestagent/strategy.py
trove/guestagent/system.py
trove/guestagent/volume.py
trove/__init__.py
trove/instance/__init__.py
trove/instance/models.py
trove/instance/service.py
trove/instance/tasks.py
trove/instance/views.py
trove/limits/__init__.py
trove/limits/service.py
trove/limits/views.py
trove/network/base.py
trove/network/__init__.py
trove/network/neutron.py
trove/network/nova.py
trove/openstack/common/config.py
trove/openstack/common/context.py
trove/openstack/common/crypto/__init__.py
trove/openstack/common/crypto/utils.py
trove/openstack/common/eventlet_backdoor.py
trove/openstack/common/exception.py
trove/openstack/common/excutils.py
trove/openstack/common/extensions.py
trove/openstack/common/fileutils.py
trove/openstack/common/gettextutils.py
trove/openstack/common/importutils.py
trove/openstack/common/iniparser.py
trove/openstack/common/__init__.py
trove/openstack/common/jsonutils.py
trove/openstack/common/local.py
trove/openstack/common/lockutils.py
trove/openstack/common/log.py
trove/openstack/common/loopingcall.py
trove/openstack/common/middleware/context.py
trove/openstack/common/middleware/__init__.py
trove/openstack/common/network_utils.py
trove/openstack/common/notifier/api.py
trove/openstack/common/notifier/__init__.py
trove/openstack/common/notifier/log_notifier.py
trove/openstack/common/notifier/no_op_notifier.py
trove/openstack/common/notifier/rabbit_notifier.py
trove/openstack/common/notifier/rpc_notifier2.py
trove/openstack/common/notifier/rpc_notifier.py
trove/openstack/common/notifier/test_notifier.py
trove/openstack/common/pastedeploy.py
trove/openstack/common/periodic_task.py
trove/openstack/common/policy.py
trove/openstack/common/processutils.py
trove/openstack/common/rpc/amqp.py
trove/openstack/common/rpc/common.py
trove/openstack/common/rpc/dispatcher.py
trove/openstack/common/rpc/impl_fake.py
trove/openstack/common/rpc/impl_kombu.py
trove/openstack/common/rpc/impl_qpid.py
trove/openstack/common/rpc/impl_zmq.py
trove/openstack/common/rpc/__init__.py
trove/openstack/common/rpc/matchmaker.py
trove/openstack/common/rpc/matchmaker_redis.py
trove/openstack/common/rpc/matchmaker_ring.py
trove/openstack/common/rpc/proxy.py
trove/openstack/common/rpc/securemessage.py
trove/openstack/common/rpc/serializer.py
trove/openstack/common/rpc/service.py
trove/openstack/common/rpc/zmq_receiver.py
trove/openstack/common/service.py
trove/openstack/common/sslutils.py
trove/openstack/common/strutils.py
trove/openstack/common/systemd.py
trove/openstack/common/testutils.py
trove/openstack/common/threadgroup.py
trove/openstack/common/timeutils.py
trove/openstack/common/utils.py
trove/openstack/common/uuidutils.py
trove/openstack/common/versionutils.py
trove/openstack/common/wsgi.py
trove/openstack/common/xmlutils.py
trove/openstack/__init__.py
trove/quota/__init__.py
trove/quota/models.py
trove/quota/quota.py
trove/taskmanager/api.py
trove/taskmanager/__init__.py
trove/taskmanager/manager.py
trove/taskmanager/models.py
trove/taskmanager/service.py
trove/templates/cassandra/config.template
trove/templates/cassandra/heat.template
trove/templates/cassandra/override.config.template
trove/templates/couchbase/config.template
trove/templates/couchbase/override.config.template
trove/templates/default.heat.template
trove/templates/mongodb/config.template
trove/templates/mongodb/heat.template
trove/templates/mongodb/override.config.template
trove/templates/mysql/config.template
trove/templates/mysql.config.template
trove/templates/mysql/heat.template
trove/templates/mysql/mysql-test/config.template
trove/templates/mysql/override.config.template
trove/templates/mysql/validation-rules.json
trove/templates/percona/config.template
trove/templates/percona.config.template
trove/templates/percona/override.config.template
trove/templates/percona/validation-rules.json
trove/templates/redis/config.template
trove/templates/redis/heat.template
trove/templates/redis/override.config.template
trove/tests/api/backups.py
trove/tests/api/configurations.py
trove/tests/api/databases.py
trove/tests/api/datastores.py
trove/tests/api/flavors.py
trove/tests/api/header.py
trove/tests/api/__init__.py
trove/tests/api/instances_actions.py
trove/tests/api/instances_delete.py
trove/tests/api/instances_mysql_down.py
trove/tests/api/instances.py
trove/tests/api/instances_resize.py
trove/tests/api/limits.py
trove/tests/api/mgmt/accounts.py
trove/tests/api/mgmt/admin_required.py
trove/tests/api/mgmt/hosts.py
trove/tests/api/mgmt/__init__.py
trove/tests/api/mgmt/instances_actions.py
trove/tests/api/mgmt/instances.py
trove/tests/api/mgmt/malformed_json.py
trove/tests/api/mgmt/quotas.py
trove/tests/api/mgmt/storage.py
trove/tests/api/root_on_create.py
trove/tests/api/root.py
trove/tests/api/user_access.py
trove/tests/api/users.py
trove/tests/api/versions.py
trove/tests/config.py
trove/tests/fakes/common.py
trove/tests/fakes/conf.py
trove/tests/fakes/dns.py
trove/tests/fakes/guestagent.py
trove/tests/fakes/__init__.py
trove/tests/fakes/keystone.py
trove/tests/fakes/nova.py
trove/tests/fakes/swift.py
trove/tests/__init__.py
trove/tests/int_tests.py
trove/tests/unittests/api/common/__init__.py
trove/tests/unittests/api/common/test_limits.py
trove/tests/unittests/api/__init__.py
trove/tests/unittests/api/test_versions.py
trove/tests/unittests/backup/__init__.py
trove/tests/unittests/backup/test_backupagent.py
trove/tests/unittests/backup/test_backup_controller.py
trove/tests/unittests/backup/test_backup_models.py
trove/tests/unittests/backup/test_storage.py
trove/tests/unittests/common/__init__.py
trove/tests/unittests/common/test_context.py
trove/tests/unittests/common/test_exception.py
trove/tests/unittests/common/test_pagination.py
trove/tests/unittests/common/test_remote.py
trove/tests/unittests/common/test_template.py
trove/tests/unittests/common/test_wsgi.py
trove/tests/unittests/conductor/__init__.py
trove/tests/unittests/conductor/test_conf.py
trove/tests/unittests/conductor/test_methods.py
trove/tests/unittests/configuration/__init__.py
trove/tests/unittests/configuration/test_configuration_controller.py
trove/tests/unittests/datastore/base.py
trove/tests/unittests/datastore/__init__.py
trove/tests/unittests/datastore/test_capability.py
trove/tests/unittests/datastore/test_datastore.py
trove/tests/unittests/datastore/test_datastore_versions.py
trove/tests/unittests/dns/__init__.py
trove/tests/unittests/dns/test_designate_driver.py
trove/tests/unittests/guestagent/__init__.py
trove/tests/unittests/guestagent/test_agent_heartbeats_models.py
trove/tests/unittests/guestagent/test_api.py
trove/tests/unittests/guestagent/test_backups.py
trove/tests/unittests/guestagent/test_cassandra_manager.py
trove/tests/unittests/guestagent/test_couchbase_manager.py
trove/tests/unittests/guestagent/test_dbaas.py
trove/tests/unittests/guestagent/test_dbmodels.py
trove/tests/unittests/guestagent/test_manager.py
trove/tests/unittests/guestagent/test_models.py
trove/tests/unittests/guestagent/test_mongodb_manager.py
trove/tests/unittests/guestagent/test_mysql_manager.py
trove/tests/unittests/guestagent/test_pkg.py
trove/tests/unittests/guestagent/test_query.py
trove/tests/unittests/guestagent/test_redis_manager.py
trove/tests/unittests/guestagent/test_service.py
trove/tests/unittests/guestagent/test_volume.py
trove/tests/unittests/__init__.py
trove/tests/unittests/instance/__init__.py
trove/tests/unittests/instance/test_instance_controller.py
trove/tests/unittests/instance/test_instance_models.py
trove/tests/unittests/instance/test_instance_status.py
trove/tests/unittests/instance/test_instance_views.py
trove/tests/unittests/mgmt/__init__.py
trove/tests/unittests/mgmt/test_models.py
trove/tests/unittests/mysql/__init__.py
trove/tests/unittests/mysql/test_common.py
trove/tests/unittests/mysql/test_user_controller.py
trove/tests/unittests/network/__init__.py
trove/tests/unittests/network/test_neutron_driver.py
trove/tests/unittests/quota/__init__.py
trove/tests/unittests/quota/test_quota.py
trove/tests/unittests/router/__init__.py
trove/tests/unittests/router/test_router.py
trove/tests/unittests/secgroups/__init__.py
trove/tests/unittests/secgroups/test_security_group.py
trove/tests/unittests/taskmanager/__init__.py
trove/tests/unittests/taskmanager/test_models.py
trove/tests/unittests/upgrade/__init__.py
trove/tests/unittests/upgrade/test_controller.py
trove/tests/unittests/upgrade/test_models.py
trove/tests/unittests/util/__init__.py
trove/tests/unittests/util/matchers.py
trove/tests/unittests/util/util.py
trove/tests/util/check.py
trove/tests/util/client.py
trove/tests/util/event_simulator.py
trove/tests/util/__init__.py
trove/tests/util/mysql.py
trove/tests/util/server_connection.py
trove/tests/util/usage.py
trove/tests/util/users.py
trove/version.py
trove/versions.py
