CHANGELOG
examples/cinder_volume_with_pacemaker.pp
.fixtures.yml
Gemfile
.gemfile
lib/puppet/provider/cinder_api_paste_ini/ini_setting.rb
lib/puppet/provider/cinder_config/ini_setting.rb
lib/puppet/type/cinder_api_paste_ini.rb
lib/puppet/type/cinder_config.rb
LICENSE
manifests/api.pp
manifests/backend/eqlx.pp
manifests/backend/glusterfs.pp
manifests/backend/iscsi.pp
manifests/backend/netapp.pp
manifests/backend/nexenta.pp
manifests/backend/nfs.pp
manifests/backend/rbd.pp
manifests/backend/san.pp
manifests/backend/solidfire.pp
manifests/backends.pp
manifests/backend/vmdk.pp
manifests/backup/ceph.pp
manifests/backup.pp
manifests/backup/swift.pp
manifests/base.pp
manifests/ceilometer.pp
manifests/client.pp
manifests/config.pp
manifests/db/mysql/host_access.pp
manifests/db/mysql.pp
manifests/db/postgresql.pp
manifests/db/sync.pp
manifests/glance.pp
manifests/init.pp
manifests/keystone/auth.pp
manifests/params.pp
manifests/qpid.pp
manifests/quota.pp
manifests/rabbitmq.pp
manifests/scheduler.pp
manifests/setup_test_volume.pp
manifests/type.pp
manifests/type_set.pp
manifests/vmware.pp
manifests/volume/eqlx.pp
manifests/volume/glusterfs.pp
manifests/volume/iscsi.pp
manifests/volume/netapp.pp
manifests/volume/nexenta.pp
manifests/volume/nfs.pp
manifests/volume.pp
manifests/volume/rbd.pp
manifests/volume/san.pp
manifests/volume/solidfire.pp
manifests/volume/vmdk.pp
Modulefile
Rakefile
README.md
spec/classes/cinder_api_spec.rb
spec/classes/cinder_backends_spec.rb
spec/classes/cinder_backup_ceph_spec.rb
spec/classes/cinder_backup_spec.rb
spec/classes/cinder_backup_swift_spec.rb
spec/classes/cinder_base_spec.rb
spec/classes/cinder_ceilometer_spec.rb
spec/classes/cinder_client_spec.rb
spec/classes/cinder_db_mysql_spec.rb
spec/classes/cinder_db_postgresql_spec.rb
spec/classes/cinder_db_sync_spec.rb
spec/classes/cinder_glance_spec.rb
spec/classes/cinder_keystone_auth_spec.rb
spec/classes/cinder_params_spec.rb
spec/classes/cinder_qpid_spec.rb
spec/classes/cinder_quota_spec.rb
spec/classes/cinder_rabbitmq_spec.rb
spec/classes/cinder_scheduler_spec.rb
spec/classes/cinder_setup_test_volume_spec.rb
spec/classes/cinder_spec.rb
spec/classes/cinder_vmware_spec.rb
spec/classes/cinder_volume_eqlx_spec.rb
spec/classes/cinder_volume_glusterfs_spec.rb
spec/classes/cinder_volume_iscsi_spec.rb
spec/classes/cinder_volume_netapp_spec.rb
spec/classes/cinder_volume_nexenta_spec.rb
spec/classes/cinder_volume_nfs_spec.rb
spec/classes/cinder_volume_rbd_spec.rb
spec/classes/cinder_volume_san_spec.rb
spec/classes/cinder_volume_solidfire_spec.rb
spec/classes/cinder_volume_spec.rb
spec/classes/cinder_volume_vmdk_spec.rb
spec/defines/cinder_backend_eqlx_spec.rb
spec/defines/cinder_backend_glusterfs_spec.rb
spec/defines/cinder_backend_iscsi_spec.rb
spec/defines/cinder_backend_netapp_spec.rb
spec/defines/cinder_backend_nexenta_spec.rb
spec/defines/cinder_backend_nfs_spec.rb
spec/defines/cinder_backend_rbd_spec.rb
spec/defines/cinder_backend_san_spec.rb
spec/defines/cinder_backend_solidfire_spec.rb
spec/defines/cinder_backend_vmdk_spec.rb
spec/defines/cinder_type_set_spec.rb
spec/defines/cinder_type_spec.rb
spec/shared_examples.rb
spec/spec_helper.rb
.travis.yml
