cloudcafe/auth/config.py
cloudcafe/auth/__init__.py
cloudcafe/auth/provider.py
cloudcafe/bare_metal/chassis/client.py
cloudcafe/bare_metal/chassis/composites.py
cloudcafe/bare_metal/chassis/__init__.py
cloudcafe/bare_metal/chassis/models/__init__.py
cloudcafe/bare_metal/chassis/models/requests.py
cloudcafe/bare_metal/chassis/models/responses.py
cloudcafe/bare_metal/common/composites.py
cloudcafe/bare_metal/common/__init__.py
cloudcafe/bare_metal/common/models/__init__.py
cloudcafe/bare_metal/common/models/links.py
cloudcafe/bare_metal/common/models/metadata.py
cloudcafe/bare_metal/common/models/patch.py
cloudcafe/bare_metal/composites.py
cloudcafe/bare_metal/config.py
cloudcafe/bare_metal/drivers/client.py
cloudcafe/bare_metal/drivers/composites.py
cloudcafe/bare_metal/drivers/__init__.py
cloudcafe/bare_metal/drivers/models/__init__.py
cloudcafe/bare_metal/drivers/models/requests.py
cloudcafe/bare_metal/drivers/models/responses.py
cloudcafe/bare_metal/__init__.py
cloudcafe/bare_metal/nodes/client.py
cloudcafe/bare_metal/nodes/composites.py
cloudcafe/bare_metal/nodes/__init__.py
cloudcafe/bare_metal/nodes/models/__init__.py
cloudcafe/bare_metal/nodes/models/requests.py
cloudcafe/bare_metal/nodes/models/responses.py
cloudcafe/bare_metal/ports/client.py
cloudcafe/bare_metal/ports/composites.py
cloudcafe/bare_metal/ports/__init__.py
cloudcafe/bare_metal/ports/models/__init__.py
cloudcafe/bare_metal/ports/models/requests.py
cloudcafe/bare_metal/ports/models/responses.py
cloudcafe/blockstorage/composites.py
cloudcafe/blockstorage/config.py
cloudcafe/blockstorage/__init__.py
cloudcafe/blockstorage/integration/compute_behaviors.py
cloudcafe/blockstorage/provider.py
cloudcafe/blockstorage/v1/config.py
cloudcafe/blockstorage/v1/__init__.py
cloudcafe/blockstorage/v1/integration/compute_behaviors.py
cloudcafe/blockstorage/v1/volumes_api/behaviors.py
cloudcafe/blockstorage/v1/volumes_api/client.py
cloudcafe/blockstorage/v1/volumes_api/config.py
cloudcafe/blockstorage/v1/volumes_api/__init__.py
cloudcafe/blockstorage/v1/volumes_api/models/__init__.py
cloudcafe/blockstorage/v1/volumes_api/models/requests/__init__.py
cloudcafe/blockstorage/v1/volumes_api/models/requests.py
cloudcafe/blockstorage/v1/volumes_api/models/requests/volumes_api.py
cloudcafe/blockstorage/v1/volumes_api/models/responses/__init__.py
cloudcafe/blockstorage/v1/volumes_api/models/responses.py
cloudcafe/blockstorage/v1/volumes_api/models/responses/volumes_api.py
cloudcafe/blockstorage/v1/volumes_api/models/statuses.py
cloudcafe/blockstorage/v2/__init__.py
cloudcafe/blockstorage/v2/volumes_api/models/requests.py
cloudcafe/blockstorage/volumes_api/behaviors.py
cloudcafe/blockstorage/volumes_api/client.py
cloudcafe/blockstorage/volumes_api/common/behaviors.py
cloudcafe/blockstorage/volumes_api/common/config.py
cloudcafe/blockstorage/volumes_api/common/__init__.py
cloudcafe/blockstorage/volumes_api/common/models/automarshalling.py
cloudcafe/blockstorage/volumes_api/common/models/__init__.py
cloudcafe/blockstorage/volumes_api/common/models/statuses.py
cloudcafe/blockstorage/volumes_api/config.py
cloudcafe/blockstorage/volumes_api/__init__.py
cloudcafe/blockstorage/volumes_api/models/__init__.py
cloudcafe/blockstorage/volumes_api/models/requests/__init__.py
cloudcafe/blockstorage/volumes_api/models/requests/volumes_api.py
cloudcafe/blockstorage/volumes_api/models/responses/__init__.py
cloudcafe/blockstorage/volumes_api/models/responses/volumes_api.py
cloudcafe/blockstorage/volumes_api/models/statuses.py
cloudcafe/blockstorage/volumes_api/provider.py
cloudcafe/blockstorage/volumes_api/v1/behaviors.py
cloudcafe/blockstorage/volumes_api/v1/client.py
cloudcafe/blockstorage/volumes_api/v1/config.py
cloudcafe/blockstorage/volumes_api/v1/__init__.py
cloudcafe/blockstorage/volumes_api/v1/models/__init__.py
cloudcafe/blockstorage/volumes_api/v1/models/requests.py
cloudcafe/blockstorage/volumes_api/v1/models/responses.py
cloudcafe/blockstorage/volumes_api/v1/models/statuses.py
cloudcafe/blockstorage/volumes_api/v2/behaviors.py
cloudcafe/blockstorage/volumes_api/v2/client.py
cloudcafe/blockstorage/volumes_api/v2/config.py
cloudcafe/blockstorage/volumes_api/v2/__init__.py
cloudcafe/blockstorage/volumes_api/v2/models/__init__.py
cloudcafe/blockstorage/volumes_api/v2/models/requests.py
cloudcafe/blockstorage/volumes_api/v2/models/responses.py
cloudcafe/blockstorage/volumes_api/v2/models/statuses.py
cloudcafe/cloudkeep/barbican/client.py
cloudcafe/cloudkeep/barbican/containers/behaviors.py
cloudcafe/cloudkeep/barbican/containers/client.py
cloudcafe/cloudkeep/barbican/containers/__init__.py
cloudcafe/cloudkeep/barbican/containers/models/container.py
cloudcafe/cloudkeep/barbican/containers/models/__init__.py
cloudcafe/cloudkeep/barbican/__init__.py
cloudcafe/cloudkeep/barbican/models/__init__.py
cloudcafe/cloudkeep/barbican/models/version.py
cloudcafe/cloudkeep/barbican/orders/behaviors.py
cloudcafe/cloudkeep/barbican/orders/client.py
cloudcafe/cloudkeep/barbican/orders/__init__.py
cloudcafe/cloudkeep/barbican/orders/models/__init__.py
cloudcafe/cloudkeep/barbican/orders/models/order.py
cloudcafe/cloudkeep/barbican/secrets/behaviors.py
cloudcafe/cloudkeep/barbican/secrets/client.py
cloudcafe/cloudkeep/barbican/secrets/__init__.py
cloudcafe/cloudkeep/barbican/secrets/models/__init__.py
cloudcafe/cloudkeep/barbican/secrets/models/secret.py
cloudcafe/cloudkeep/barbican/verifications/behaviors.py
cloudcafe/cloudkeep/barbican/verifications/client.py
cloudcafe/cloudkeep/barbican/verifications/__init__.py
cloudcafe/cloudkeep/barbican/verifications/models/__init__.py
cloudcafe/cloudkeep/barbican/verifications/models/verification.py
cloudcafe/cloudkeep/barbican/version/client.py
cloudcafe/cloudkeep/barbican/version/__init__.py
cloudcafe/cloudkeep/barbican/version/models/__init__.py
cloudcafe/cloudkeep/barbican/version/models/version.py
cloudcafe/cloudkeep/cli/behaviors.py
cloudcafe/cloudkeep/cli/clients.py
cloudcafe/cloudkeep/client_lib/__init__.py
cloudcafe/cloudkeep/client_lib/orders/behaviors.py
cloudcafe/cloudkeep/client_lib/orders/clients.py
cloudcafe/cloudkeep/client_lib/orders/__init__.py
cloudcafe/cloudkeep/client_lib/secrets/behaviors.py
cloudcafe/cloudkeep/client_lib/secrets/clients.py
cloudcafe/cloudkeep/client_lib/secrets/__init__.py
cloudcafe/cloudkeep/cli/__init__.py
cloudcafe/cloudkeep/cli/models/__init__.py
cloudcafe/cloudkeep/cli/models/responses.py
cloudcafe/cloudkeep/common/__init__.py
cloudcafe/cloudkeep/common/responses.py
cloudcafe/cloudkeep/common/states.py
cloudcafe/cloudkeep/config.py
cloudcafe/cloudkeep/__init__.py
cloudcafe/cloudkeep/portcullis/__init__.py
cloudcafe/cloudkeep/portcullis/models/__init__.py
cloudcafe/common/behaviors.py
cloudcafe/common/client.py
cloudcafe/common/constants.py
cloudcafe/common/exceptions.py
cloudcafe/common/generators/identity/__init__.py
cloudcafe/common/generators/identity/password.py
cloudcafe/common/generators/__init__.py
cloudcafe/common/__init__.py
cloudcafe/common/models/configuration.py
cloudcafe/common/models/__init__.py
cloudcafe/common/resources.py
cloudcafe/common/tools/check_dict.py
cloudcafe/common/tools/datagen.py
cloudcafe/common/tools/__init__.py
cloudcafe/common/tools/md5hash.py
cloudcafe/common/tools/randomstring.py
cloudcafe/common/tools/time.py
cloudcafe/compute/behaviors.py
cloudcafe/compute/cells_api/client.py
cloudcafe/compute/cells_api/composites.py
cloudcafe/compute/cells_api/config.py
cloudcafe/compute/cells_api/__init__.py
cloudcafe/compute/cells_api/model/capacity.py
cloudcafe/compute/cells_api/model/cells.py
cloudcafe/compute/cells_api/model/__init__.py
cloudcafe/compute/common/clients/__init__.py
cloudcafe/compute/common/clients/ping.py
cloudcafe/compute/common/clients/remote_instance/base_client.py
cloudcafe/compute/common/clients/remote_instance/__init__.py
cloudcafe/compute/common/clients/remote_instance/linux/freebsd_client.py
cloudcafe/compute/common/clients/remote_instance/linux/__init__.py
cloudcafe/compute/common/clients/remote_instance/linux/linux_client.py
cloudcafe/compute/common/clients/remote_instance/windows/__init__.py
cloudcafe/compute/common/clients/remote_instance/windows/windows_client.py
cloudcafe/compute/common/composites.py
cloudcafe/compute/common/constants.py
cloudcafe/compute/common/datagen.py
cloudcafe/compute/common/equality_tools.py
cloudcafe/compute/common/exception_handler.py
cloudcafe/compute/common/exceptions.py
cloudcafe/compute/common/__init__.py
cloudcafe/compute/common/models/file_details.py
cloudcafe/compute/common/models/__init__.py
cloudcafe/compute/common/models/link.py
cloudcafe/compute/common/models/metadata.py
cloudcafe/compute/common/models/partition.py
cloudcafe/compute/common/types.py
cloudcafe/compute/composites.py
cloudcafe/compute/config.py
cloudcafe/compute/extensions/config_drive/behaviors.py
cloudcafe/compute/extensions/config_drive/composites.py
cloudcafe/compute/extensions/config_drive/config.py
cloudcafe/compute/extensions/config_drive/__init__.py
cloudcafe/compute/extensions/config_drive/models/config_drive_ec_metadata.py
cloudcafe/compute/extensions/config_drive/models/config_drive_openstack_meta.py
cloudcafe/compute/extensions/config_drive/models/__init__.py
cloudcafe/compute/extensions/console_output_api/client.py
cloudcafe/compute/extensions/console_output_api/composites.py
cloudcafe/compute/extensions/console_output_api/__init__.py
cloudcafe/compute/extensions/console_output_api/models/console_output.py
cloudcafe/compute/extensions/console_output_api/models/__init__.py
cloudcafe/compute/extensions/console_output_api/models/requests.py
cloudcafe/compute/extensions/extensions_api/clients/extensions_client.py
cloudcafe/compute/extensions/extensions_api/clients/__init__.py
cloudcafe/compute/extensions/extensions_api/__init__.py
cloudcafe/compute/extensions/extensions_api/models/extension.py
cloudcafe/compute/extensions/extensions_api/models/__init__.py
cloudcafe/compute/extensions/floating_ips_api/__init__.py
cloudcafe/compute/extensions/__init__.py
cloudcafe/compute/extensions/keypairs_api/client.py
cloudcafe/compute/extensions/keypairs_api/composites.py
cloudcafe/compute/extensions/keypairs_api/config.py
cloudcafe/compute/extensions/keypairs_api/__init__.py
cloudcafe/compute/extensions/keypairs_api/models/__init__.py
cloudcafe/compute/extensions/keypairs_api/models/keypair.py
cloudcafe/compute/extensions/keypairs_api/models/requests.py
cloudcafe/compute/extensions/rescue_api/client.py
cloudcafe/compute/extensions/rescue_api/composites.py
cloudcafe/compute/extensions/rescue_api/__init__.py
cloudcafe/compute/extensions/rescue_api/models/__init__.py
cloudcafe/compute/extensions/rescue_api/models/requests.py
cloudcafe/compute/extensions/rescue_api/models/responses.py
cloudcafe/compute/extensions/security_groups_api/client.py
cloudcafe/compute/extensions/security_groups_api/composites.py
cloudcafe/compute/extensions/security_groups_api/config.py
cloudcafe/compute/extensions/security_groups_api/__init__.py
cloudcafe/compute/extensions/security_groups_api/models/__init__.py
cloudcafe/compute/extensions/security_groups_api/models/requests.py
cloudcafe/compute/extensions/security_groups_api/models/security_group.py
cloudcafe/compute/extensions/security_groups_api/models/security_group_rule.py
cloudcafe/compute/extensions/used_limits/client.py
cloudcafe/compute/extensions/used_limits/__init__.py
cloudcafe/compute/extensions/used_limits/model/absolute.py
cloudcafe/compute/extensions/used_limits/model/__init__.py
cloudcafe/compute/extensions/used_limits/model/used_limits.py
cloudcafe/compute/extensions/vnc_console_api/client.py
cloudcafe/compute/extensions/vnc_console_api/composites.py
cloudcafe/compute/extensions/vnc_console_api/__init__.py
cloudcafe/compute/extensions/vnc_console_api/models/__init__.py
cloudcafe/compute/extensions/vnc_console_api/models/requests.py
cloudcafe/compute/extensions/vnc_console_api/models/vnc_console.py
cloudcafe/compute/extensions/volumes_api/__init__.py
cloudcafe/compute/extensions/volumes_boot_api/behaviors.py
cloudcafe/compute/extensions/volumes_boot_api/client.py
cloudcafe/compute/extensions/volumes_boot_api/composites.py
cloudcafe/compute/extensions/volumes_boot_api/__init__.py
cloudcafe/compute/extensions/volumes_boot_api/models/__init__.py
cloudcafe/compute/extensions/volumes_boot_api/models/request.py
cloudcafe/compute/flavors_api/client.py
cloudcafe/compute/flavors_api/composites.py
cloudcafe/compute/flavors_api/config.py
cloudcafe/compute/flavors_api/__init__.py
cloudcafe/compute/flavors_api/models/flavor_access.py
cloudcafe/compute/flavors_api/models/flavor_extra_specs.py
cloudcafe/compute/flavors_api/models/flavor.py
cloudcafe/compute/flavors_api/models/__init__.py
cloudcafe/compute/hosts_api/client.py
cloudcafe/compute/hosts_api/composites.py
cloudcafe/compute/hosts_api/__init__.py
cloudcafe/compute/hosts_api/models/hosts.py
cloudcafe/compute/hosts_api/models/__init__.py
cloudcafe/compute/hosts_api/models/requests.py
cloudcafe/compute/hosts_api/models/resources.py
cloudcafe/compute/hosts_api/models/responses.py
cloudcafe/compute/hypervisors_api/client.py
cloudcafe/compute/hypervisors_api/composites.py
cloudcafe/compute/hypervisors_api/__init__.py
cloudcafe/compute/hypervisors_api/model/hypervisor.py
cloudcafe/compute/hypervisors_api/model/hypervisors.py
cloudcafe/compute/hypervisors_api/model/__init__.py
cloudcafe/compute/hypervisors/__init__.py
cloudcafe/compute/hypervisors/xenserver/client.py
cloudcafe/compute/hypervisors/xenserver/__init__.py
cloudcafe/compute/hypervisors/xenserver/models/__init__.py
cloudcafe/compute/hypervisors/xenserver/models/virtual_machine.py
cloudcafe/compute/images_api/behaviors.py
cloudcafe/compute/images_api/client.py
cloudcafe/compute/images_api/composites.py
cloudcafe/compute/images_api/config.py
cloudcafe/compute/images_api/__init__.py
cloudcafe/compute/images_api/models/image.py
cloudcafe/compute/images_api/models/__init__.py
cloudcafe/compute/__init__.py
cloudcafe/compute/limits_api/client.py
cloudcafe/compute/limits_api/composites.py
cloudcafe/compute/limits_api/__init__.py
cloudcafe/compute/limits_api/models/__init__.py
cloudcafe/compute/limits_api/models/limit.py
cloudcafe/compute/quotas_api/client.py
cloudcafe/compute/quotas_api/composites.py
cloudcafe/compute/quotas_api/config.py
cloudcafe/compute/quotas_api/__init__.py
cloudcafe/compute/quotas_api/models/__init__.py
cloudcafe/compute/quotas_api/models/quotas.py
cloudcafe/compute/quotas_api/models/requests.py
cloudcafe/compute/servers_api/behaviors.py
cloudcafe/compute/servers_api/client.py
cloudcafe/compute/servers_api/composites.py
cloudcafe/compute/servers_api/config.py
cloudcafe/compute/servers_api/__init__.py
cloudcafe/compute/servers_api/models/__init__.py
cloudcafe/compute/servers_api/models/requests.py
cloudcafe/compute/servers_api/models/servers.py
cloudcafe/compute/tests/__init__.py
cloudcafe/compute/tests/integration/fixtures.py
cloudcafe/compute/tests/integration/hosts/__init__.py
cloudcafe/compute/tests/integration/hosts/responses.py
cloudcafe/compute/tests/integration/hosts/test_hosts_client.py
cloudcafe/compute/tests/integration/hypervisors/__init__.py
cloudcafe/compute/tests/integration/hypervisors/responses.py
cloudcafe/compute/tests/integration/hypervisors/test_hypervisor_client.py
cloudcafe/compute/tests/integration/__init__.py
cloudcafe/compute/tests/integration/quotas/__init__.py
cloudcafe/compute/tests/integration/quotas/responses.py
cloudcafe/compute/tests/integration/quotas/test_quotas_client.py
cloudcafe/compute/tests/integration/security_group_rules/__init__.py
cloudcafe/compute/tests/integration/security_group_rules/responses.py
cloudcafe/compute/tests/integration/security_group_rules/test_security_group_rules_cient.py
cloudcafe/compute/tests/unit/hosts/__init__.py
cloudcafe/compute/tests/unit/hosts/test_hosts.py
cloudcafe/compute/tests/unit/hypervisors/__init__.py
cloudcafe/compute/tests/unit/hypervisors/test_hypervisors.py
cloudcafe/compute/tests/unit/__init__.py
cloudcafe/compute/tests/unit/quotas/__init__.py
cloudcafe/compute/tests/unit/quotas/test_quota_requests.py
cloudcafe/compute/tests/unit/quotas/test_quotas.py
cloudcafe/compute/tests/unit/security_group_rules/__init__.py
cloudcafe/compute/tests/unit/security_group_rules/test_security_group_requests.py
cloudcafe/compute/tests/unit/security_group_rules/test_security_group_rule.py
cloudcafe/compute/unit/__init__.py
cloudcafe/compute/unit/models/__init__.py
cloudcafe/compute/unit/models/test_hosts.py
cloudcafe/compute/volume_attachments_api/behaviors.py
cloudcafe/compute/volume_attachments_api/client.py
cloudcafe/compute/volume_attachments_api/composites.py
cloudcafe/compute/volume_attachments_api/config.py
cloudcafe/compute/volume_attachments_api/__init__.py
cloudcafe/compute/volume_attachments_api/models/__init__.py
cloudcafe/compute/volume_attachments_api/models/requests/__init__.py
cloudcafe/compute/volume_attachments_api/models/requests.py
cloudcafe/compute/volume_attachments_api/models/requests/volume_attachments.py
cloudcafe/compute/volume_attachments_api/models/responses/__init__.py
cloudcafe/compute/volume_attachments_api/models/responses.py
cloudcafe/compute/volume_attachments_api/models/responses/volume_attachments.py
cloudcafe/compute/volume_attachments_api/volume_attachments_client.py
cloudcafe/database/client.py
cloudcafe/database/config.py
cloudcafe/database/__init__.py
cloudcafe/extensions/__init__.py
cloudcafe/extensions/rax_auth/__init__.py
cloudcafe/extensions/rax_auth/v2_0/__init__.py
cloudcafe/extensions/rax_auth/v2_0/tokens_api/behaviors.py
cloudcafe/extensions/rax_auth/v2_0/tokens_api/client.py
cloudcafe/extensions/rax_auth/v2_0/tokens_api/config.py
cloudcafe/extensions/rax_auth/v2_0/tokens_api/__init__.py
cloudcafe/extensions/rax_auth/v2_0/tokens_api/models/base.py
cloudcafe/extensions/rax_auth/v2_0/tokens_api/models/constants.py
cloudcafe/extensions/rax_auth/v2_0/tokens_api/models/__init__.py
cloudcafe/extensions/rax_auth/v2_0/tokens_api/models/requests/auth.py
cloudcafe/extensions/rax_auth/v2_0/tokens_api/models/requests/credentials.py
cloudcafe/extensions/rax_auth/v2_0/tokens_api/models/requests/__init__.py
cloudcafe/extensions/rax_auth/v2_0/tokens_api/models/responses/access.py
cloudcafe/extensions/rax_auth/v2_0/tokens_api/models/responses/endpoint.py
cloudcafe/extensions/rax_auth/v2_0/tokens_api/models/responses/__init__.py
cloudcafe/extensions/rax_auth/v2_0/tokens_api/models/responses/role.py
cloudcafe/extensions/rax_auth/v2_0/tokens_api/models/responses/tenant.py
cloudcafe/extensions/rax_auth/v2_0/tokens_api/models/responses/user.py
cloudcafe/extensions/saio_tempauth/__init__.py
cloudcafe/extensions/saio_tempauth/v1_0/behaviors.py
cloudcafe/extensions/saio_tempauth/v1_0/client.py
cloudcafe/extensions/saio_tempauth/v1_0/__init__.py
cloudcafe/extensions/saio_tempauth/v1_0/models/__init__.py
cloudcafe/extensions/saio_tempauth/v1_0/models/requests.py
cloudcafe/identity/composites.py
cloudcafe/identity/config.py
cloudcafe/identity/__init__.py
cloudcafe/identity/v2_0/behaviors.py
cloudcafe/identity/v2_0/client.py
cloudcafe/identity/v2_0/common/behaviors.py
cloudcafe/identity/v2_0/common/client.py
cloudcafe/identity/v2_0/common/__init__.py
cloudcafe/identity/v2_0/common/models/base.py
cloudcafe/identity/v2_0/common/models/constants.py
cloudcafe/identity/v2_0/common/models/__init__.py
cloudcafe/identity/v2_0/config.py
cloudcafe/identity/v2_0/extensions_api/client.py
cloudcafe/identity/v2_0/extensions_api/__init__.py
cloudcafe/identity/v2_0/extensions_api/models/__init__.py
cloudcafe/identity/v2_0/extensions_api/models/responses/extensions.py
cloudcafe/identity/v2_0/extensions_api/models/responses/__init__.py
cloudcafe/identity/v2_0/extensions/hpidm/__init__.py
cloudcafe/identity/v2_0/extensions/__init__.py
cloudcafe/identity/v2_0/extensions/osksadm/behaviors.py
cloudcafe/identity/v2_0/extensions/osksadm/client.py
cloudcafe/identity/v2_0/extensions/osksadm/__init__.py
cloudcafe/identity/v2_0/extensions/osksadm/models/common.py
cloudcafe/identity/v2_0/extensions/osksadm/models/__init__.py
cloudcafe/identity/v2_0/extensions/osksadm/models/requests.py
cloudcafe/identity/v2_0/extensions/osksadm/models/responses.py
cloudcafe/identity/v2_0/extensions/oskscatalog/__init__.py
cloudcafe/identity/v2_0/extensions/osksec2/__init__.py
cloudcafe/identity/v2_0/extensions/oskss3/__init__.py
cloudcafe/identity/v2_0/extensions/osksvalidate/__init__.py
cloudcafe/identity/v2_0/extensions/raxgrpadm/__init__.py
cloudcafe/identity/v2_0/extensions/raxksgrp/__init__.py
cloudcafe/identity/v2_0/extensions/raxkskey/__init__.py
cloudcafe/identity/v2_0/extensions/raxksqa/__init__.py
cloudcafe/identity/v2_0/__init__.py
cloudcafe/identity/v2_0/models/__init__.py
cloudcafe/identity/v2_0/models/requests.py
cloudcafe/identity/v2_0/models/responses.py
cloudcafe/identity/v2_0/provider.py
cloudcafe/identity/v2_0/tenants_api/behaviors.py
cloudcafe/identity/v2_0/tenants_api/client.py
cloudcafe/identity/v2_0/tenants_api/__init__.py
cloudcafe/identity/v2_0/tenants_api/models/__init__.py
cloudcafe/identity/v2_0/tenants_api/models/responses/__init__.py
cloudcafe/identity/v2_0/tenants_api/models/responses/role.py
cloudcafe/identity/v2_0/tenants_api/models/responses/service.py
cloudcafe/identity/v2_0/tenants_api/models/responses/tenant.py
cloudcafe/identity/v2_0/tenants_api/models/responses/user.py
cloudcafe/identity/v2_0/tokens_api/behaviors.py
cloudcafe/identity/v2_0/tokens_api/client.py
cloudcafe/identity/v2_0/tokens_api/config.py
cloudcafe/identity/v2_0/tokens_api/__init__.py
cloudcafe/identity/v2_0/tokens_api/models/base.py
cloudcafe/identity/v2_0/tokens_api/models/constants.py
cloudcafe/identity/v2_0/tokens_api/models/__init__.py
cloudcafe/identity/v2_0/tokens_api/models/requests/auth.py
cloudcafe/identity/v2_0/tokens_api/models/requests/credentials.py
cloudcafe/identity/v2_0/tokens_api/models/requests/__init__.py
cloudcafe/identity/v2_0/tokens_api/models/requests/role.py
cloudcafe/identity/v2_0/tokens_api/models/responses/access.py
cloudcafe/identity/v2_0/tokens_api/models/responses/endpoint.py
cloudcafe/identity/v2_0/tokens_api/models/responses/__init__.py
cloudcafe/identity/v2_0/tokens_api/models/responses/role.py
cloudcafe/identity/v2_0/tokens_api/models/responses/tenant.py
cloudcafe/identity/v2_0/tokens_api/models/responses/user.py
cloudcafe/identity/v2_0/tokens_api/provider.py
cloudcafe/identity/v2_0/users_api/__init__.py
cloudcafe/identity/v2_0/users_api/models/__init__.py
cloudcafe/identity/v2_0/users_api/models/responses/__init__.py
cloudcafe/identity/v2_0/users_api/models/responses/user.py
cloudcafe/images/behaviors.py
cloudcafe/images/common/constants.py
cloudcafe/images/common/exceptions.py
cloudcafe/images/common/__init__.py
cloudcafe/images/common/types.py
cloudcafe/images/config.py
cloudcafe/images/__init__.py
cloudcafe/images/v1_0/client.py
cloudcafe/images/v1_0/__init__.py
cloudcafe/images/v1_0/models/image.py
cloudcafe/images/v1_0/models/__init__.py
cloudcafe/images/v1_0/models/member.py
cloudcafe/images/v1/behaviors.py
cloudcafe/images/v1/client.py
cloudcafe/images/v1/__init__.py
cloudcafe/images/v1/models/image.py
cloudcafe/images/v1/models/__init__.py
cloudcafe/images/v1/models/member.py
cloudcafe/images/v2_0/client.py
cloudcafe/images/v2_0/__init__.py
cloudcafe/images/v2_0/models/image.py
cloudcafe/images/v2_0/models/__init__.py
cloudcafe/images/v2/behaviors.py
cloudcafe/images/v2/client.py
cloudcafe/images/v2/__init__.py
cloudcafe/images/v2/models/image.py
cloudcafe/images/v2/models/__init__.py
cloudcafe/images/v2/models/task.py
cloudcafe/__init__.py
cloudcafe/meniscus/common/cleanup_client.py
cloudcafe/meniscus/common/__init__.py
cloudcafe/meniscus/common/models/__init__.py
cloudcafe/meniscus/common/models/system.py
cloudcafe/meniscus/common/tools.py
cloudcafe/meniscus/config.py
cloudcafe/meniscus/coordinator_api/behaviors.py
cloudcafe/meniscus/coordinator_api/client.py
cloudcafe/meniscus/coordinator_api/__init__.py
cloudcafe/meniscus/coordinator_api/models/__init__.py
cloudcafe/meniscus/coordinator_api/models/pairing.py
cloudcafe/meniscus/coordinator_api/models/routing.py
cloudcafe/meniscus/coordinator_api/models/status.py
cloudcafe/meniscus/correlator_api/behaviors.py
cloudcafe/meniscus/correlator_api/client.py
cloudcafe/meniscus/correlator_api/__init__.py
cloudcafe/meniscus/correlator_api/models/__init__.py
cloudcafe/meniscus/correlator_api/models/publish.py
cloudcafe/meniscus/__init__.py
cloudcafe/meniscus/status_api/behaviors.py
cloudcafe/meniscus/status_api/client.py
cloudcafe/meniscus/status_api/__init__.py
cloudcafe/meniscus/status_api/models/__init__.py
cloudcafe/meniscus/status_api/models/status.py
cloudcafe/meniscus/tenant_api/behaviors.py
cloudcafe/meniscus/tenant_api/client.py
cloudcafe/meniscus/tenant_api/__init__.py
cloudcafe/meniscus/tenant_api/models/host.py
cloudcafe/meniscus/tenant_api/models/__init__.py
cloudcafe/meniscus/tenant_api/models/producer.py
cloudcafe/meniscus/tenant_api/models/profile.py
cloudcafe/meniscus/tenant_api/models/tenant.py
cloudcafe/meniscus/version_api/client.py
cloudcafe/meniscus/version_api/__init__.py
cloudcafe/meniscus/version_api/models/__init__.py
cloudcafe/meniscus/version_api/models/version.py
cloudcafe/networking/floating_ips/__init__.py
cloudcafe/networking/__init__.py
cloudcafe/networking/lbaas/common/client.py
cloudcafe/networking/lbaas/common/constants.py
cloudcafe/networking/lbaas/common/__init__.py
cloudcafe/networking/lbaas/common/types.py
cloudcafe/networking/lbaas/__init__.py
cloudcafe/networking/lbaas/lbaas_api/behaviors/health_monitor/__init__.py
cloudcafe/networking/lbaas/lbaas_api/behaviors/__init__.py
cloudcafe/networking/lbaas/lbaas_api/behaviors/listener/__init__.py
cloudcafe/networking/lbaas/lbaas_api/behaviors/load_balancer/__init__.py
cloudcafe/networking/lbaas/lbaas_api/behaviors/member/__init__.py
cloudcafe/networking/lbaas/lbaas_api/behaviors/pool/__init__.py
cloudcafe/networking/lbaas/lbaas_api/clients/health_monitor/client.py
cloudcafe/networking/lbaas/lbaas_api/clients/health_monitor/__init__.py
cloudcafe/networking/lbaas/lbaas_api/clients/__init__.py
cloudcafe/networking/lbaas/lbaas_api/clients/listener/client.py
cloudcafe/networking/lbaas/lbaas_api/clients/listener/__init__.py
cloudcafe/networking/lbaas/lbaas_api/clients/load_balancer/client.py
cloudcafe/networking/lbaas/lbaas_api/clients/load_balancer/__init__.py
cloudcafe/networking/lbaas/lbaas_api/clients/member/client.py
cloudcafe/networking/lbaas/lbaas_api/clients/member/__init__.py
cloudcafe/networking/lbaas/lbaas_api/clients/pool/client.py
cloudcafe/networking/lbaas/lbaas_api/clients/pool/__init__.py
cloudcafe/networking/lbaas/lbaas_api/health_monitor/behaviors.py
cloudcafe/networking/lbaas/lbaas_api/health_monitor/client.py
cloudcafe/networking/lbaas/lbaas_api/health_monitor/__init__.py
cloudcafe/networking/lbaas/lbaas_api/health_monitor/request.py
cloudcafe/networking/lbaas/lbaas_api/health_monitor/response.py
cloudcafe/networking/lbaas/lbaas_api/__init__.py
cloudcafe/networking/lbaas/lbaas_api/listener/behaviors.py
cloudcafe/networking/lbaas/lbaas_api/listener/client.py
cloudcafe/networking/lbaas/lbaas_api/listener/__init__.py
cloudcafe/networking/lbaas/lbaas_api/listener/request.py
cloudcafe/networking/lbaas/lbaas_api/listener/response.py
cloudcafe/networking/lbaas/lbaas_api/load_balancer/behaviors.py
cloudcafe/networking/lbaas/lbaas_api/load_balancer/client.py
cloudcafe/networking/lbaas/lbaas_api/load_balancer/__init__.py
cloudcafe/networking/lbaas/lbaas_api/load_balancer/request.py
cloudcafe/networking/lbaas/lbaas_api/load_balancer/response.py
cloudcafe/networking/lbaas/lbaas_api/member/behaviors.py
cloudcafe/networking/lbaas/lbaas_api/member/client.py
cloudcafe/networking/lbaas/lbaas_api/member/__init__.py
cloudcafe/networking/lbaas/lbaas_api/member/request.py
cloudcafe/networking/lbaas/lbaas_api/member/response.py
cloudcafe/networking/lbaas/lbaas_api/models/__init__.py
cloudcafe/networking/lbaas/lbaas_api/models/request/health_monitor.py
cloudcafe/networking/lbaas/lbaas_api/models/request/__init__.py
cloudcafe/networking/lbaas/lbaas_api/models/request/listener.py
cloudcafe/networking/lbaas/lbaas_api/models/request/load_balancer.py
cloudcafe/networking/lbaas/lbaas_api/models/request/member.py
cloudcafe/networking/lbaas/lbaas_api/models/request/pool.py
cloudcafe/networking/lbaas/lbaas_api/models/request/session_persistence.py
cloudcafe/networking/lbaas/lbaas_api/models/response/health_monitor.py
cloudcafe/networking/lbaas/lbaas_api/models/response/__init__.py
cloudcafe/networking/lbaas/lbaas_api/models/response/listener.py
cloudcafe/networking/lbaas/lbaas_api/models/response/load_balancer.py
cloudcafe/networking/lbaas/lbaas_api/models/response/member.py
cloudcafe/networking/lbaas/lbaas_api/models/response/pool.py
cloudcafe/networking/lbaas/lbaas_api/models/response/session_persistence.py
cloudcafe/networking/lbaas/lbaas_api/pool/behaviors.py
cloudcafe/networking/lbaas/lbaas_api/pool/client.py
cloudcafe/networking/lbaas/lbaas_api/pool/__init__.py
cloudcafe/networking/lbaas/lbaas_api/pool/request.py
cloudcafe/networking/lbaas/lbaas_api/pool/response.py
cloudcafe/networking/lbaas/lbaas_api/session_persistence/__init__.py
cloudcafe/networking/lbaas/lbaas_api/session_persistence/request.py
cloudcafe/networking/lbaas/lbaas_api/session_persistence/response.py
cloudcafe/networking/nets_subnets_ports_api/client.py
cloudcafe/networking/nets_subnets_ports_api/__init__.py
cloudcafe/networking/networks/__init__.py
cloudcafe/networking/routers/__init__.py
cloudcafe/networking/subnets/__init__.py
cloudcafe/objectstorage/composites.py
cloudcafe/objectstorage/config.py
cloudcafe/objectstorage/__init__.py
cloudcafe/objectstorage/objectstorage_api/behaviors.py
cloudcafe/objectstorage/objectstorage_api/client.py
cloudcafe/objectstorage/objectstorage_api/config.py
cloudcafe/objectstorage/objectstorage_api/deserialization_decorator.py
cloudcafe/objectstorage/objectstorage_api/__init__.py
cloudcafe/objectstorage/objectstorage_api/models/__init__.py
cloudcafe/objectstorage/objectstorage_api/models/responses.py
cloudcafe/openstackcli/cindercli/behaviors.py
cloudcafe/openstackcli/cindercli/client.py
cloudcafe/openstackcli/cindercli/config.py
cloudcafe/openstackcli/cindercli/__init__.py
cloudcafe/openstackcli/cindercli/models/__init__.py
cloudcafe/openstackcli/cindercli/models/responses.py
cloudcafe/openstackcli/common/behaviors.py
cloudcafe/openstackcli/common/client.py
cloudcafe/openstackcli/common/config.py
cloudcafe/openstackcli/common/__init__.py
cloudcafe/openstackcli/common/models/extensions.py
cloudcafe/openstackcli/common/models/__init__.py
cloudcafe/openstackcli/common/models/responses.py
cloudcafe/openstackcli/__init__.py
cloudcafe/openstackcli/novacli/behaviors.py
cloudcafe/openstackcli/novacli/client.py
cloudcafe/openstackcli/novacli/composites.py
cloudcafe/openstackcli/novacli/config.py
cloudcafe/openstackcli/novacli/__init__.py
cloudcafe/openstackcli/novacli/models/extensions.py
cloudcafe/openstackcli/novacli/models/__init__.py
cloudcafe/openstackcli/novacli/models/responses.py
cloudcafe/provider.py
cloudcafe/stacktach/config.py
cloudcafe/stacktach/__init__.py
cloudcafe/stacktach/stacktach_db_api/behaviors.py
cloudcafe/stacktach/stacktach_db_api/client.py
cloudcafe/stacktach/stacktach_db_api/__init__.py
cloudcafe/stacktach/stacktach_db_api/models/__init__.py
cloudcafe/stacktach/stacktach_db_api/models/stacktach_db_api.py
cloudcafe/stacktach/stacky_api/behaviors.py
cloudcafe/stacktach/stacky_api/client.py
cloudcafe/stacktach/stacky_api/__init__.py
cloudcafe/stacktach/stacky_api/models/__init__.py
cloudcafe/stacktach/stacky_api/models/stacky_api.py
configs/blockstorage/reference.json.config
configs/blockstorage/reference.xml.config
configs/cloudkeep/reference.config
configs/compute/devstack.config
configs/compute/devstack.json.config
configs/compute/devstack.xml.config
configs/compute/reference.json.config
configs/compute/reference.xml.config
configs/identity/reference.json.config
configs/identity/reference.xml.config
configs/images/devstack.config
configs/images/reference.json.config
configs/images/reference.xml.config
configs/meniscus/default.config
configs/objectstorage/reference.json.config
configs/objectstorage/reference.xml.config
configs/objectstorage/saio.config
configs/stacktach/default.config
HISTORY.rst
__init__.py
LICENSE
MANIFEST.in
metatests/blockstorage/__init__.py
metatests/blockstorage/volumes_api/__init__.py
metatests/blockstorage/volumes_api/v1/behaviors_test.py
metatests/blockstorage/volumes_api/v1/__init__.py
metatests/blockstorage/volumes_api/v1/models/__init__.py
metatests/blockstorage/volumes_api/v1/models/response_tests.py
metatests/blockstorage/volumes_api/v2/behaviors_test.py
metatests/blockstorage/volumes_api/v2/__init__.py
metatests/blockstorage/volumes_api/v2/models/__init__.py
metatests/blockstorage/volumes_api/v2/models/response_tests.py
metatests/cloudcafe/bare_metal/chassis/__init__.py
metatests/cloudcafe/bare_metal/chassis/models/__init__.py
metatests/cloudcafe/bare_metal/chassis/models/test_chassis_requests.py
metatests/cloudcafe/bare_metal/chassis/models/test_chassis_responses.py
metatests/cloudcafe/bare_metal/common/__init__.py
metatests/cloudcafe/bare_metal/common/test_patch_request.py
metatests/cloudcafe/bare_metal/drivers/__init__.py
metatests/cloudcafe/bare_metal/drivers/models/__init__.py
metatests/cloudcafe/bare_metal/drivers/models/test_driver_responses.py
metatests/cloudcafe/bare_metal/__init__.py
metatests/cloudcafe/bare_metal/nodes/__init__.py
metatests/cloudcafe/bare_metal/nodes/models/__init__.py
metatests/cloudcafe/bare_metal/nodes/models/test_node_requests.py
metatests/cloudcafe/bare_metal/nodes/models/test_node_responses.py
metatests/cloudcafe/bare_metal/ports/__init__.py
metatests/cloudcafe/bare_metal/ports/models/__init__.py
metatests/cloudcafe/bare_metal/ports/models/test_port_requests.py
metatests/cloudcafe/bare_metal/ports/models/test_port_responses.py
metatests/cloudcafe/compute/common/__init__.py
metatests/cloudcafe/compute/common/models/__init__.py
metatests/cloudcafe/compute/common/models/test_metadata.py
metatests/cloudcafe/compute/extensions/console_output/client/__init__.py
metatests/cloudcafe/compute/extensions/console_output/client/responses.py
metatests/cloudcafe/compute/extensions/console_output/client/test_vnc_console_output_client.py
metatests/cloudcafe/compute/extensions/console_output/__init__.py
metatests/cloudcafe/compute/extensions/console_output/models/__init__.py
metatests/cloudcafe/compute/extensions/console_output/models/test_console_output.py
metatests/cloudcafe/compute/extensions/console_output/models/test_console_output_requests.py
metatests/cloudcafe/compute/extensions/__init__.py
metatests/cloudcafe/compute/extensions/rescue/__init__.py
metatests/cloudcafe/compute/extensions/rescue/models/__init__.py
metatests/cloudcafe/compute/extensions/rescue/models/test_rescue.py
metatests/cloudcafe/compute/extensions/vnc_console/client/__init__.py
metatests/cloudcafe/compute/extensions/vnc_console/client/responses.py
metatests/cloudcafe/compute/extensions/vnc_console/client/test_vnc_console_client.py
metatests/cloudcafe/compute/extensions/vnc_console/__init__.py
metatests/cloudcafe/compute/extensions/vnc_console/models/__init__.py
metatests/cloudcafe/compute/extensions/vnc_console/models/test_console.py
metatests/cloudcafe/compute/extensions/vnc_console/models/test_console_requests.py
metatests/cloudcafe/compute/extensions/volumes_boot_api/__init__.py
metatests/cloudcafe/compute/extensions/volumes_boot_api/volume_servers_requests.py
metatests/cloudcafe/compute/fixtures.py
metatests/cloudcafe/compute/flavors/__init__.py
metatests/cloudcafe/compute/flavors/models/__init__.py
metatests/cloudcafe/compute/flavors/models/test_flavor_access.py
metatests/cloudcafe/compute/flavors/models/test_flavor_extra_specs.py
metatests/cloudcafe/compute/flavors/models/test_flavors.py
metatests/cloudcafe/compute/hosts/client/__init__.py
metatests/cloudcafe/compute/hosts/client/responses.py
metatests/cloudcafe/compute/hosts/client/test_hosts_client.py
metatests/cloudcafe/compute/hosts/__init__.py
metatests/cloudcafe/compute/hosts/models/__init__.py
metatests/cloudcafe/compute/hosts/models/test_hosts.py
metatests/cloudcafe/compute/hypervisors/client/__init__.py
metatests/cloudcafe/compute/hypervisors/client/responses.py
metatests/cloudcafe/compute/hypervisors/client/test_hypervisor_client.py
metatests/cloudcafe/compute/hypervisors/__init__.py
metatests/cloudcafe/compute/hypervisors/models/__init__.py
metatests/cloudcafe/compute/hypervisors/models/test_hypervisors_min.py
metatests/cloudcafe/compute/hypervisors/models/test_hypervisors.py
metatests/cloudcafe/compute/images/__init__.py
metatests/cloudcafe/compute/images/models/__init__.py
metatests/cloudcafe/compute/images/models/test_images.py
metatests/cloudcafe/compute/__init__.py
metatests/cloudcafe/compute/limits/__init__.py
metatests/cloudcafe/compute/limits/models/__init__.py
metatests/cloudcafe/compute/limits/models/test_limits.py
metatests/cloudcafe/compute/quotas/client/__init__.py
metatests/cloudcafe/compute/quotas/client/responses.py
metatests/cloudcafe/compute/quotas/client/test_quotas_client.py
metatests/cloudcafe/compute/quotas/__init__.py
metatests/cloudcafe/compute/quotas/models/__init__.py
metatests/cloudcafe/compute/quotas/models/test_quota_requests.py
metatests/cloudcafe/compute/quotas/models/test_quotas.py
metatests/cloudcafe/compute/security_group_rules/client/__init__.py
metatests/cloudcafe/compute/security_group_rules/client/responses.py
metatests/cloudcafe/compute/security_group_rules/client/test_security_group_rules_client.py
metatests/cloudcafe/compute/security_group_rules/__init__.py
metatests/cloudcafe/compute/security_group_rules/models/__init__.py
metatests/cloudcafe/compute/security_group_rules/models/test_security_group_requests.py
metatests/cloudcafe/compute/security_group_rules/models/test_security_group_rule.py
metatests/cloudcafe/compute/servers/__init__.py
metatests/cloudcafe/compute/servers/models/__init__.py
metatests/cloudcafe/compute/servers/models/servers_requests.py
metatests/cloudcafe/compute/servers/models/test_servers.py
metatests/cloudcafe/identity/__init__.py
metatests/cloudcafe/identity/v2_0/extensions_api/data/extensions.json
metatests/cloudcafe/identity/v2_0/extensions_api/extensions_client_test.py
metatests/cloudcafe/identity/v2_0/extensions_api/models/responses/extensions_test.py
metatests/cloudcafe/identity/v2_0/tenants-api/__init__.py
metatests/cloudcafe/identity/v2_0/tenants-api/models/__init__.py
metatests/cloudcafe/identity/v2_0/tenants-api/models/responses/__init__.py
metatests/cloudcafe/identity/v2_0/tenants_api/models/responses/role_test.py
metatests/cloudcafe/identity/v2_0/tenants_api/models/responses/service_test.py
metatests/cloudcafe/identity/v2_0/tenants_api/models/responses/tenant_test.py
metatests/cloudcafe/identity/v2_0/tenants-api/models/responses/tenant_test.py
metatests/cloudcafe/identity/v2_0/tenants_api/models/responses/user_test.py
metatests/cloudcafe/identity/v2_0/tenants_api/tenant_client_test.py
metatests/cloudcafe/identity/v2_0/tokens_api/data/access.json
metatests/cloudcafe/identity/v2_0/tokens_api/models/responses/access_test.py
metatests/cloudcafe/identity/v2_0/tokens_api/token_client_test.py
metatests/cloudcafe/__init__.py
metatests/cloudcafe/networking/floating_ips/__init__.py
metatests/cloudcafe/networking/__init__.py
metatests/cloudcafe/networking/networks/__init__.py
metatests/cloudcafe/networking/routers/__init__.py
metatests/cloudcafe/networking/subnets/__init__.py
metatests/conftest.py
metatests/images/__init__.py
metatests/images/v1_0/client_test.py
metatests/images/v1_0/data/image.json
metatests/images/v1_0/data/images.json
metatests/images/v1_0/__init__.py
metatests/images/v1_0/models/image_test.py
metatests/images/v1_0/models/__init__.py
metatests/images/v2_0/client_test.py
metatests/images/v2_0/data/image.json
metatests/images/v2_0/data/image_schema.json
metatests/images/v2_0/data/images.json
metatests/images/v2_0/data/images_schema.json
metatests/images/v2_0/__init__.py
metatests/images/v2_0/models/image_test.py
metatests/images/v2_0/models/__init__.py
metatests/images/v2_0/models/members_test.py
metatests/images/v2_0/models/member_test.py
metatests/__init__.py
metatests/networking/__init__.py
metatests/networking/lbaas/common/client.py
metatests/networking/lbaas/common/__init__.py
metatests/networking/lbaas/__init__.py
metatests/networking/lbaas/lbaas_api/behaviors/health_monitor/__init__.py
metatests/networking/lbaas/lbaas_api/behaviors/__init__.py
metatests/networking/lbaas/lbaas_api/behaviors/listener/__init__.py
metatests/networking/lbaas/lbaas_api/behaviors/load_balancer/__init__.py
metatests/networking/lbaas/lbaas_api/behaviors/member/__init__.py
metatests/networking/lbaas/lbaas_api/behaviors/pool/__init__.py
metatests/networking/lbaas/lbaas_api/clients/health_monitor/client.py
metatests/networking/lbaas/lbaas_api/clients/health_monitor/__init__.py
metatests/networking/lbaas/lbaas_api/clients/__init__.py
metatests/networking/lbaas/lbaas_api/clients/listener/client.py
metatests/networking/lbaas/lbaas_api/clients/listener/__init__.py
metatests/networking/lbaas/lbaas_api/clients/load_balancer/client.py
metatests/networking/lbaas/lbaas_api/clients/load_balancer/__init__.py
metatests/networking/lbaas/lbaas_api/clients/member/client.py
metatests/networking/lbaas/lbaas_api/clients/member/__init__.py
metatests/networking/lbaas/lbaas_api/clients/pool/client.py
metatests/networking/lbaas/lbaas_api/clients/pool/__init__.py
metatests/networking/lbaas/lbaas_api/health_monitor/behaviors.py
metatests/networking/lbaas/lbaas_api/health_monitor/client.py
metatests/networking/lbaas/lbaas_api/health_monitor/__init__.py
metatests/networking/lbaas/lbaas_api/health_monitor/request.py
metatests/networking/lbaas/lbaas_api/health_monitor/response.py
metatests/networking/lbaas/lbaas_api/__init__.py
metatests/networking/lbaas/lbaas_api/listener/behaviors.py
metatests/networking/lbaas/lbaas_api/listener/client.py
metatests/networking/lbaas/lbaas_api/listener/__init__.py
metatests/networking/lbaas/lbaas_api/listener/request.py
metatests/networking/lbaas/lbaas_api/listener/response.py
metatests/networking/lbaas/lbaas_api/load_balancer/behaviors.py
metatests/networking/lbaas/lbaas_api/load_balancer/client.py
metatests/networking/lbaas/lbaas_api/load_balancer/__init__.py
metatests/networking/lbaas/lbaas_api/load_balancer/request.py
metatests/networking/lbaas/lbaas_api/load_balancer/response.py
metatests/networking/lbaas/lbaas_api/member/behaviors.py
metatests/networking/lbaas/lbaas_api/member/client.py
metatests/networking/lbaas/lbaas_api/member/__init__.py
metatests/networking/lbaas/lbaas_api/member/request.py
metatests/networking/lbaas/lbaas_api/member/response.py
metatests/networking/lbaas/lbaas_api/models/__init__.py
metatests/networking/lbaas/lbaas_api/models/request/health_monitor.py
metatests/networking/lbaas/lbaas_api/models/request/__init__.py
metatests/networking/lbaas/lbaas_api/models/request/listener.py
metatests/networking/lbaas/lbaas_api/models/request/load_balancer.py
metatests/networking/lbaas/lbaas_api/models/request/member.py
metatests/networking/lbaas/lbaas_api/models/request/pool.py
metatests/networking/lbaas/lbaas_api/models/request/session_persistence.py
metatests/networking/lbaas/lbaas_api/models/response/health_monitor.py
metatests/networking/lbaas/lbaas_api/models/response/__init__.py
metatests/networking/lbaas/lbaas_api/models/response/listener.py
metatests/networking/lbaas/lbaas_api/models/response/load_balancer.py
metatests/networking/lbaas/lbaas_api/models/response/member.py
metatests/networking/lbaas/lbaas_api/models/response/pool.py
metatests/networking/lbaas/lbaas_api/models/response/session_persistence.py
metatests/networking/lbaas/lbaas_api/pool/behaviors.py
metatests/networking/lbaas/lbaas_api/pool/client.py
metatests/networking/lbaas/lbaas_api/pool/__init__.py
metatests/networking/lbaas/lbaas_api/pool/request.py
metatests/networking/lbaas/lbaas_api/pool/response.py
metatests/networking/lbaas/lbaas_api/session_persistence/__init__.py
metatests/networking/lbaas/lbaas_api/session_persistence/request.py
metatests/networking/lbaas/lbaas_api/session_persistence/response.py
metatests/objectstorage/__init__.py
metatests/objectstorage/objectstorage_api/behaviors_test.py
metatests/objectstorage/objectstorage_api/client_test.py
metatests/objectstorage/objectstorage_api/__init__.py
metatests/objectstorage/objectstorage_api/test_behaviors.py
metatests/objectstorage/objectstorage_api/test_client.py
metatests/openstackcli/__init__.py
metatests/openstackcli/novacli/client_tests.py
metatests/openstackcli/novacli/__init__.py
metatests/openstackcli/novacli/models/__init__.py
metatests/unittest.json.config
pip-requires
README.md
run_tests.sh
setup.py
test-requirements.txt
unittest.engine.config
unittest.json.config
