alembic.ini
doc/source/conf.py
doc/source/db_api.rst
doc/source/index.rst
LICENSE
openstack-common.conf
README.rst
requirements.txt
setup.cfg
setup.py
subunit2sql/db/api.py
subunit2sql/db/__init__.py
subunit2sql/db/models.py
subunit2sql/exceptions.py
subunit2sql/__init__.py
subunit2sql/migrations/env.py
subunit2sql/migrations/script.py.mako
subunit2sql/migrations/versions/13d819bbb0ff_create_missing_indexes.py
subunit2sql/migrations/versions/163fd5aa1380_create_avg_runtime_column_in_test_table.py
subunit2sql/migrations/versions/1f92cfe8a6d3_create_runs_table.py
subunit2sql/migrations/versions/3db7b49816d5_create_test_runs_table.py
subunit2sql/migrations/versions/4ca26dac400e_create_metadata_tables.py
subunit2sql/migrations/versions/5ef013efbc2_create_tests_tables.py
subunit2sql/read_subunit.py
subunit2sql/shell.py
subunit2sql/subunit.py
subunit2sql/tests/base.py
subunit2sql/tests/db/__init__.py
subunit2sql/tests/__init__.py
subunit2sql/tests/migrations/__init__.py
subunit2sql/tests/subunit.py
subunit2sql/tests/test_read_subunit.py
subunit2sql/tests/test_shell.py
subunit2sql/write_subunit.py
.testr.conf
test-requirements.txt
TODO.rst
tox.ini
