driverlog/dashboard/api.py
driverlog/dashboard/decorators.py
driverlog/dashboard/helpers.py
driverlog/dashboard/__init__.py
driverlog/dashboard/memory_storage.py
driverlog/dashboard/parameters.py
driverlog/dashboard/static/css/fonts/ostackportal_moon.eot
driverlog/dashboard/static/css/fonts/ostackportal_moon.ttf
driverlog/dashboard/static/css/fonts/ostackportal_moon.woff
driverlog/dashboard/static/css/jquery.dataTables.css
driverlog/dashboard/static/css/jquery.jqplot.min.css
driverlog/dashboard/static/css/jquery-ui/images/animated-overlay.gif
driverlog/dashboard/static/css/jquery-ui/jquery-ui-1.10.4.custom.css
driverlog/dashboard/static/css/moonfonts.css
driverlog/dashboard/static/css/select2.css
driverlog/dashboard/static/css/style.css
driverlog/dashboard/static/css/ui-lightness/images/animated-overlay.gif
driverlog/dashboard/static/css/ui-lightness/jquery-ui-1.10.4.custom.min.css
driverlog/dashboard/static/images/calendar.gif
driverlog/dashboard/static/images/select2-spinner.gif
driverlog/dashboard/static/js/driverlog-ui.js
driverlog/dashboard/static/js/excanvas.min.js
driverlog/dashboard/static/js/jqplot.barRenderer.min.js
driverlog/dashboard/static/js/jqplot.bubbleRenderer.min.js
driverlog/dashboard/static/js/jqplot.canvasAxisLabelRenderer.min.js
driverlog/dashboard/static/js/jqplot.canvasAxisTickRenderer.min.js
driverlog/dashboard/static/js/jqplot.canvasTextRenderer.min.js
driverlog/dashboard/static/js/jqplot.categoryAxisRenderer.min.js
driverlog/dashboard/static/js/jqplot.cursor.min.js
driverlog/dashboard/static/js/jqplot.dateAxisRenderer.min.js
driverlog/dashboard/static/js/jqplot.highlighter.min.js
driverlog/dashboard/static/js/jqplot.json2.min.js
driverlog/dashboard/static/js/jqplot.pieRenderer.min.js
driverlog/dashboard/static/js/jquery-1.9.1.min.js
driverlog/dashboard/static/js/jquery.dataTables.min.js
driverlog/dashboard/static/js/jquery.gravatar.js
driverlog/dashboard/static/js/jquery.jqplot.min.js
driverlog/dashboard/static/js/jquery.timeago.js
driverlog/dashboard/static/js/jquery.tmpl.js
driverlog/dashboard/static/js/jquery-ui-1.10.4.custom.min.js
driverlog/dashboard/static/js/md5.js
driverlog/dashboard/static/js/select2.min.js
driverlog/dashboard/templates/404.html
driverlog/dashboard/templates/base.html
driverlog/dashboard/templates/details.html
driverlog/dashboard/templates/layout.html
driverlog/dashboard/templates/summary.html
driverlog/dashboard/vault.py
driverlog/dashboard/web.py
driverlog/__init__.py
driverlog/openstack/common/importutils.py
driverlog/openstack/common/__init__.py
driverlog/openstack/common/jsonutils.py
driverlog/openstack/common/log.py
driverlog/openstack/common/timeutils.py
driverlog/openstack/__init__.py
driverlog/processor/config.py
driverlog/processor/__init__.py
driverlog/processor/main.py
driverlog/processor/rcs.py
driverlog/processor/utils.py
driverlog/version.py
etc/default_data.json
etc/default_data.schema.json
etc/driverlog.conf
LICENSE
MANIFEST.in
README.md
README.rst
requirements.txt
setup.cfg
setup.py
.testr.conf
test-requirements.txt
tests/__init__.py
tests/unit/__init__.py
tests/unit/test_ci_configuration.py
tests/unit/test_config_files.py
tests/unit/test_data/sample_default_data.json
tests/unit/test_data/sample_review.json
tests/unit/test_main.py
tox.ini
