AUTHORS
HACKING.rst
LICENSE
MANIFEST.in
openstack-common.conf
README.rst
requirements.txt
saharadashboard/api/client.py
saharadashboard/api/helpers.py
saharadashboard/api/__init__.py
saharadashboard/clusters/__init__.py
saharadashboard/clusters/panel.py
saharadashboard/clusters/tables.py
saharadashboard/clusters/tabs.py
saharadashboard/clusters/urls.py
saharadashboard/clusters/views.py
saharadashboard/clusters/workflows/create.py
saharadashboard/clusters/workflows/__init__.py
saharadashboard/clusters/workflows/scale.py
saharadashboard/cluster_templates/forms.py
saharadashboard/cluster_templates/__init__.py
saharadashboard/cluster_templates/panel.py
saharadashboard/cluster_templates/tables.py
saharadashboard/cluster_templates/tabs.py
saharadashboard/cluster_templates/urls.py
saharadashboard/cluster_templates/views.py
saharadashboard/cluster_templates/workflows/copy.py
saharadashboard/cluster_templates/workflows/create.py
saharadashboard/cluster_templates/workflows/__init__.py
saharadashboard/dashboard.py
saharadashboard/data_sources/__init__.py
saharadashboard/data_sources/panel.py
saharadashboard/data_sources/tables.py
saharadashboard/data_sources/tabs.py
saharadashboard/data_sources/urls.py
saharadashboard/data_sources/views.py
saharadashboard/data_sources/workflows/create.py
saharadashboard/data_sources/workflows/__init__.py
saharadashboard/image_registry/forms.py
saharadashboard/image_registry/__init__.py
saharadashboard/image_registry/panel.py
saharadashboard/image_registry/tables.py
saharadashboard/image_registry/urls.py
saharadashboard/image_registry/views.py
saharadashboard/__init__.py
saharadashboard/job_binaries/forms.py
saharadashboard/job_binaries/__init__.py
saharadashboard/job_binaries/panel.py
saharadashboard/job_binaries/tables.py
saharadashboard/job_binaries/tabs.py
saharadashboard/job_binaries/urls.py
saharadashboard/job_binaries/views.py
saharadashboard/job_executions/__init__.py
saharadashboard/job_executions/panel.py
saharadashboard/job_executions/tables.py
saharadashboard/job_executions/tabs.py
saharadashboard/job_executions/urls.py
saharadashboard/job_executions/views.py
saharadashboard/jobs/__init__.py
saharadashboard/jobs/panel.py
saharadashboard/jobs/tables.py
saharadashboard/jobs/tabs.py
saharadashboard/jobs/urls.py
saharadashboard/jobs/views.py
saharadashboard/jobs/workflows/create.py
saharadashboard/jobs/workflows/__init__.py
saharadashboard/jobs/workflows/launch.py
saharadashboard/nodegroup_templates/__init__.py
saharadashboard/nodegroup_templates/panel.py
saharadashboard/nodegroup_templates/tables.py
saharadashboard/nodegroup_templates/tabs.py
saharadashboard/nodegroup_templates/urls.py
saharadashboard/nodegroup_templates/views.py
saharadashboard/nodegroup_templates/workflows/copy.py
saharadashboard/nodegroup_templates/workflows/create.py
saharadashboard/nodegroup_templates/workflows/__init__.py
saharadashboard/openstack/common/importutils.py
saharadashboard/openstack/common/__init__.py
saharadashboard/openstack/__init__.py
saharadashboard/plugins/__init__.py
saharadashboard/plugins/panel.py
saharadashboard/plugins/tables.py
saharadashboard/plugins/tabs.py
saharadashboard/plugins/urls.py
saharadashboard/plugins/views.py
saharadashboard/templates/clusters/clusters.html
saharadashboard/templates/clusters/_configure_general_help.html
saharadashboard/templates/clusters/configure.html
saharadashboard/templates/clusters/_create_cluster.html
saharadashboard/templates/clusters/create_cluster.html
saharadashboard/templates/clusters/_create_general_help.html
saharadashboard/templates/clusters/create.html
saharadashboard/templates/clusters/_details.html
saharadashboard/templates/clusters/details.html
saharadashboard/templates/clusters/_instances_details.html
saharadashboard/templates/clusters/_nodegroups_details.html
saharadashboard/templates/clusters/scale.html
saharadashboard/templates/cluster_templates/cluster_node_groups_template.html
saharadashboard/templates/cluster_templates/cluster_templates.html
saharadashboard/templates/cluster_templates/_configure_general_help.html
saharadashboard/templates/cluster_templates/configure.html
saharadashboard/templates/cluster_templates/_create_general_help.html
saharadashboard/templates/cluster_templates/create.html
saharadashboard/templates/cluster_templates/_details.html
saharadashboard/templates/cluster_templates/details.html
saharadashboard/templates/cluster_templates/_nodegroups_details.html
saharadashboard/templates/cluster_templates/_nodegroups_list.html
saharadashboard/templates/cluster_templates/_upload_file.html
saharadashboard/templates/cluster_templates/upload_file.html
saharadashboard/templates/data_sources/_create_data_source_help.html
saharadashboard/templates/data_sources/create.html
saharadashboard/templates/data_sources/data_sources_form_script.html
saharadashboard/templates/data_sources/data_sources.html
saharadashboard/templates/data_sources/_details.html
saharadashboard/templates/data_sources/details.html
saharadashboard/templates/image_registry/_edit_tags.html
saharadashboard/templates/image_registry/edit_tags.html
saharadashboard/templates/image_registry/_help.html
saharadashboard/templates/image_registry/image_registry.html
saharadashboard/templates/image_registry/_list_tags.html
saharadashboard/templates/image_registry/_register_image.html
saharadashboard/templates/image_registry/register_image.html
saharadashboard/templates/image_registry/_tag_form.html
saharadashboard/templates/job_binaries/_create.html
saharadashboard/templates/job_binaries/create.html
saharadashboard/templates/job_binaries/_create_job_binary_help.html
saharadashboard/templates/job_binaries/_details.html
saharadashboard/templates/job_binaries/details.html
saharadashboard/templates/job_binaries/job_binaries_form_script.html
saharadashboard/templates/job_binaries/job_binaries.html
saharadashboard/templates/job_executions/_details.html
saharadashboard/templates/job_executions/details.html
saharadashboard/templates/job_executions/job_executions.html
saharadashboard/templates/jobs/config_template.html
saharadashboard/templates/jobs/create.html
saharadashboard/templates/jobs/_create_job_help.html
saharadashboard/templates/jobs/_create_job_libs_help.html
saharadashboard/templates/jobs/_details.html
saharadashboard/templates/jobs/details.html
saharadashboard/templates/jobs/jobs.html
saharadashboard/templates/jobs/launch.html
saharadashboard/templates/jobs/_launch_job_configure_help.html
saharadashboard/templates/jobs/_launch_job_help.html
saharadashboard/templates/jobs/library_template.html
saharadashboard/templates/nodegroup_templates/_configure_general_help.html
saharadashboard/templates/nodegroup_templates/configure.html
saharadashboard/templates/nodegroup_templates/_create_general_help.html
saharadashboard/templates/nodegroup_templates/create.html
saharadashboard/templates/nodegroup_templates/_details.html
saharadashboard/templates/nodegroup_templates/details.html
saharadashboard/templates/nodegroup_templates/_fields_help.html
saharadashboard/templates/nodegroup_templates/nodegroup_templates.html
saharadashboard/templates/nodegroup_templates/_processes_list.html
saharadashboard/templates/nodegroup_templates/_service_confs.html
saharadashboard/templates/plugins/_details.html
saharadashboard/templates/plugins/details.html
saharadashboard/templates/plugins/plugins.html
saharadashboard/templates/plugins/_versions_list.html
saharadashboard/tests/base.py
saharadashboard/tests/cluster_template_tests/__init__.py
saharadashboard/tests/cluster_template_tests/negative_tests.py
saharadashboard/tests/cluster_template_tests/test_create_cluster_template.py
saharadashboard/tests/cluster_tests/__init__.py
saharadashboard/tests/cluster_tests/test_clusters.py
saharadashboard/tests/configs/config.conf.sample
saharadashboard/tests/configs/config.py
saharadashboard/tests/configs/__init__.py
saharadashboard/tests/image_registry_tests/__init__.py
saharadashboard/tests/image_registry_tests/test_for_image_registry.py
saharadashboard/tests/__init__.py
saharadashboard/tests/node_group_template_tests/__init__.py
saharadashboard/tests/node_group_template_tests/negative_tests.py
saharadashboard/tests/node_group_template_tests/test_create_node_group_template.py
saharadashboard/tests/resources/edp-job.pig
saharadashboard/utils/anti_affinity.py
saharadashboard/utils/compatibility.py
saharadashboard/utils/hacking/checks.py
saharadashboard/utils/hacking/__init__.py
saharadashboard/utils/importutils.py
saharadashboard/utils/__init__.py
saharadashboard/utils/neutron_support.py
saharadashboard/utils/workflow_helpers.py
saharadashboard/version.py
savannadashboard/api/api_objects.py
savannadashboard/api/base.py
savannadashboard/api/client.py
savannadashboard/api/clusters.py
savannadashboard/api/cluster_templates.py
savannadashboard/api/data_sources.py
savannadashboard/api/helpers.py
savannadashboard/api/httpclient.py
savannadashboard/api/images.py
savannadashboard/api/__init__.py
savannadashboard/api/job_binaries_internal.py
savannadashboard/api/job_binaries.py
savannadashboard/api/job_executions.py
savannadashboard/api/job_origins.py
savannadashboard/api/jobs.py
savannadashboard/api/node_group_templates.py
savannadashboard/api/plugins.py
savannadashboard/clusters/forms.py
savannadashboard/clusters/__init__.py
savannadashboard/clusters/panel.py
savannadashboard/clusters/tables.py
savannadashboard/clusters/tabs.py
savannadashboard/clusters/urls.py
savannadashboard/clusters/views.py
savannadashboard/clusters/workflows/create.py
savannadashboard/clusters/workflows/__init__.py
savannadashboard/clusters/workflows.py
savannadashboard/clusters/workflows/scale.py
savannadashboard/cluster_templates/forms.py
savannadashboard/cluster_templates/__init__.py
savannadashboard/cluster_templates/panel.py
savannadashboard/cluster_templates/tables.py
savannadashboard/cluster_templates/tabs.py
savannadashboard/cluster_templates/urls.py
savannadashboard/cluster_templates/views.py
savannadashboard/cluster_templates/workflows/copy.py
savannadashboard/cluster_templates/workflows/create.py
savannadashboard/cluster_templates/workflows/__init__.py
savannadashboard/cluster_templates/workflows.py
savannadashboard/dashboard.py
savannadashboard/data_sources/__init__.py
savannadashboard/data_sources/panel.py
savannadashboard/data_sources/tables.py
savannadashboard/data_sources/tabs.py
savannadashboard/data_sources/urls.py
savannadashboard/data_sources/views.py
savannadashboard/data_sources/workflows/create.py
savannadashboard/data_sources/workflows/__init__.py
savannadashboard/image_registry/forms.py
savannadashboard/image_registry/__init__.py
savannadashboard/image_registry/panel.py
savannadashboard/image_registry/tables.py
savannadashboard/image_registry/urls.py
savannadashboard/image_registry/views.py
savannadashboard/__init__.py
savannadashboard/job_binaries/forms.py
savannadashboard/job_binaries/__init__.py
savannadashboard/job_binaries/panel.py
savannadashboard/job_binaries/tables.py
savannadashboard/job_binaries/tabs.py
savannadashboard/job_binaries/urls.py
savannadashboard/job_binaries/views.py
savannadashboard/job_executions/__init__.py
savannadashboard/job_executions/panel.py
savannadashboard/job_executions/tables.py
savannadashboard/job_executions/tabs.py
savannadashboard/job_executions/urls.py
savannadashboard/job_executions/views.py
savannadashboard/job_origins/__init__.py
savannadashboard/job_origins/panel.py
savannadashboard/job_origins/tables.py
savannadashboard/job_origins/tabs.py
savannadashboard/job_origins/urls.py
savannadashboard/job_origins/views.py
savannadashboard/job_origins/workflows/create.py
savannadashboard/job_origins/workflows/__init__.py
savannadashboard/jobs/__init__.py
savannadashboard/jobs/panel.py
savannadashboard/jobs/tables.py
savannadashboard/jobs/tabs.py
savannadashboard/jobs/urls.py
savannadashboard/jobs/views.py
savannadashboard/jobs/workflows/create.py
savannadashboard/jobs/workflows/__init__.py
savannadashboard/jobs/workflows/launch.py
savannadashboard/nodegroup_templates/__init__.py
savannadashboard/nodegroup_templates/panel.py
savannadashboard/nodegroup_templates/tables.py
savannadashboard/nodegroup_templates/tabs.py
savannadashboard/nodegroup_templates/urls.py
savannadashboard/nodegroup_templates/views.py
savannadashboard/nodegroup_templates/workflows/copy.py
savannadashboard/nodegroup_templates/workflows/create.py
savannadashboard/nodegroup_templates/workflows/__init__.py
savannadashboard/nodegroup_templates/workflows.py
savannadashboard/openstack/common/importutils.py
savannadashboard/openstack/common/__init__.py
savannadashboard/openstack/common/setup.py
savannadashboard/openstack/common/version.py
savannadashboard/openstack/__init__.py
savannadashboard/plugins/__init__.py
savannadashboard/plugins/panel.py
savannadashboard/plugins/tables.py
savannadashboard/plugins/tabs.py
savannadashboard/plugins/urls.py
savannadashboard/plugins/views.py
savannadashboard/templates/clusters/clusters.html
savannadashboard/templates/clusters/_configure_general_help.html
savannadashboard/templates/clusters/configure.html
savannadashboard/templates/clusters/_create_cluster.html
savannadashboard/templates/clusters/create_cluster.html
savannadashboard/templates/clusters/_create_general_help.html
savannadashboard/templates/clusters/create.html
savannadashboard/templates/clusters/_details.html
savannadashboard/templates/clusters/details.html
savannadashboard/templates/clusters/_instances_details.html
savannadashboard/templates/clusters/_nodegroups_details.html
savannadashboard/templates/clusters/scale.html
savannadashboard/templates/cluster_templates/cluster_node_groups_template.html
savannadashboard/templates/cluster_templates/cluster_templates.html
savannadashboard/templates/cluster_templates/_configure_general_help.html
savannadashboard/templates/cluster_templates/configure.html
savannadashboard/templates/cluster_templates/_create_general_help.html
savannadashboard/templates/cluster_templates/create.html
savannadashboard/templates/cluster_templates/_details.html
savannadashboard/templates/cluster_templates/details.html
savannadashboard/templates/cluster_templates/_nodegroups_details.html
savannadashboard/templates/cluster_templates/_nodegroups_list.html
savannadashboard/templates/cluster_templates/_upload_file.html
savannadashboard/templates/cluster_templates/upload_file.html
savannadashboard/templates/data_sources/_create_data_source_help.html
savannadashboard/templates/data_sources/create.html
savannadashboard/templates/data_sources/data_sources_form_script.html
savannadashboard/templates/data_sources/data_sources.html
savannadashboard/templates/data_sources/_details.html
savannadashboard/templates/data_sources/details.html
savannadashboard/templates/image_registry/_edit_tags.html
savannadashboard/templates/image_registry/edit_tags.html
savannadashboard/templates/image_registry/_help.html
savannadashboard/templates/image_registry/image_registry.html
savannadashboard/templates/image_registry/_list_tags.html
savannadashboard/templates/image_registry/_register_image.html
savannadashboard/templates/image_registry/register_image.html
savannadashboard/templates/image_registry/_tag_form.html
savannadashboard/templates/job_binaries/_create.html
savannadashboard/templates/job_binaries/create.html
savannadashboard/templates/job_binaries/_create_job_binary_help.html
savannadashboard/templates/job_binaries/_details.html
savannadashboard/templates/job_binaries/details.html
savannadashboard/templates/job_binaries/job_binaries_form_script.html
savannadashboard/templates/job_binaries/job_binaries.html
savannadashboard/templates/job_executions/_details.html
savannadashboard/templates/job_executions/details.html
savannadashboard/templates/job_executions/job_executions.html
savannadashboard/templates/job_origins/create.html
savannadashboard/templates/job_origins/_create_job_origin_help.html
savannadashboard/templates/job_origins/_details.html
savannadashboard/templates/job_origins/details.html
savannadashboard/templates/job_origins/job_origins.html
savannadashboard/templates/job_origins/library_template.html
savannadashboard/templates/jobs/config_template.html
savannadashboard/templates/jobs_/create.html
savannadashboard/templates/jobs/create.html
savannadashboard/templates/jobs_/_create_job_help.html
savannadashboard/templates/jobs/_create_job_help.html
savannadashboard/templates/jobs/_create_job_libs_help.html
savannadashboard/templates/jobs_/_details.html
savannadashboard/templates/jobs_/details.html
savannadashboard/templates/jobs/_details.html
savannadashboard/templates/jobs/details.html
savannadashboard/templates/jobs_/jobs.html
savannadashboard/templates/jobs/jobs.html
savannadashboard/templates/jobs_/launch.html
savannadashboard/templates/jobs/launch.html
savannadashboard/templates/jobs_/_launch_job_configure_help.html
savannadashboard/templates/jobs/_launch_job_configure_help.html
savannadashboard/templates/jobs_/_launch_job_help.html
savannadashboard/templates/jobs/_launch_job_help.html
savannadashboard/templates/jobs/library_template.html
savannadashboard/templates/nodegroup_templates/_configure_general_help.html
savannadashboard/templates/nodegroup_templates/configure.html
savannadashboard/templates/nodegroup_templates/_create_general_help.html
savannadashboard/templates/nodegroup_templates/create.html
savannadashboard/templates/nodegroup_templates/_details.html
savannadashboard/templates/nodegroup_templates/details.html
savannadashboard/templates/nodegroup_templates/_fields_help.html
savannadashboard/templates/nodegroup_templates/nodegroup_templates.html
savannadashboard/templates/nodegroup_templates/_processes_list.html
savannadashboard/templates/nodegroup_templates/_service_confs.html
savannadashboard/templates/plugins/_details.html
savannadashboard/templates/plugins/details.html
savannadashboard/templates/plugins/plugins.html
savannadashboard/templates/plugins/_versions_list.html
savannadashboard/tests/base.py
savannadashboard/tests/cluster_template_tests/__init__.py
savannadashboard/tests/cluster_template_tests/negative_tests.py
savannadashboard/tests/cluster_template_tests/test_create_cluster_template.py
savannadashboard/tests/cluster_tests/__init__.py
savannadashboard/tests/cluster_tests/test_clusters.py
savannadashboard/tests/configs/config.conf.sample
savannadashboard/tests/configs/config.py
savannadashboard/tests/configs/__init__.py
savannadashboard/tests/image_registry_tests/__init__.py
savannadashboard/tests/image_registry_tests/test_for_image_registry.py
savannadashboard/tests/__init__.py
savannadashboard/tests/node_group_template_tests/__init__.py
savannadashboard/tests/node_group_template_tests/negative_tests.py
savannadashboard/tests/node_group_template_tests/test_create_node_group_template.py
savannadashboard/tests/resources/edp-job.jar
savannadashboard/tests/resources/edp-job.pig
savannadashboard/tests/resources/edp-lib.jar
savannadashboard/utils/anti_affinity.py
savannadashboard/utils/compatibility.py
savannadashboard/utils/hacking/checks.py
savannadashboard/utils/hacking/__init__.py
savannadashboard/utils/importutils.py
savannadashboard/utils/__init__.py
savannadashboard/utils/neutron_support.py
savannadashboard/utils/restclient.py
savannadashboard/utils/workflow_helpers.py
savannadashboard/version.py
setup.cfg
setup.py
.testr.conf
test-requirements.txt
tools/pip-requires
tools/test-requires
tox.ini
