AUTHORS
bin/pecan
CONTRIBUTING.rst
.coveragerc
docs/0.0.1/source/app_engine.rst
docs/0.0.1/source/configuration.rst
docs/0.0.1/source/conf.py
docs/0.0.1/source/hooks.rst
docs/0.0.1/source/index.rst
docs/0.0.1/source/installation.rst
docs/0.0.1/source/jsonify.rst
docs/0.0.1/source/quick_start.rst
docs/0.0.1/source/routing.rst
docs/0.0.1/source/secure_controller.rst
docs/0.0.1/source/templates.rst
docs/0.0.1/source/validation_n_errors.rst
docs/source/app_engine.rst
docs/source/celery.rst
docs/source/changes.rst
docs/source/commands.rst
docs/source/configuration.rst
docs/source/conf.py
docs/source/contextlocals.rst
docs/source/databases.rst
docs/source/deployment.rst
docs/source/development.rst
docs/source/errors.rst
docs/source/forms.rst
docs/source/hooks.rst
docs/source/index.rst
docs/source/installation.rst
docs/source/jsonify.rst
docs/source/logging.rst
docs/source/pecan_commands.rst
docs/source/pecan_configuration.rst
docs/source/pecan_core.rst
docs/source/pecan_decorators.rst
docs/source/pecan_default_config.rst
docs/source/pecan_deploy.rst
docs/source/pecan_hooks.rst
docs/source/pecan_jsonify.rst
docs/source/pecan_middleware_debug.rst
docs/source/pecan_rest.rst
docs/source/pecan_routing.rst
docs/source/pecan_secure.rst
docs/source/pecan_templating.rst
docs/source/pecan_testing.rst
docs/source/pecan_util.rst
docs/source/quick_start.rst
docs/source/reload.rst
docs/source/reporting.rst
docs/source/rest.rst
docs/source/routing.rst
docs/source/secure_controller.rst
docs/source/sessions.rst
docs/source/simple_ajax.rst
docs/source/simple_forms_processing.rst
docs/source/static
docs/source/templates.rst
docs/source/testing.rst
docs/source/validation_n_errors.rst
docs/update-site.sh
.DS_Store
LICENSE
MANIFEST.in
openstack-common.conf
pecan/commands/base.py
pecan/commands/create.py
pecan/commands/__init__.py
pecan/commands.py
pecan/commands/runner.py
pecan/commands/serve.py
pecan/commands/shell.py
pecan/compat/dictconfig.py
pecan/compat/__init__.py
pecan/compat.py
pecan/configuration.py
pecan/configuration.pyc
pecan/contrib/pytest.py
pecan/core.py
pecan/debug.py
pecan/decorators.py
pecan/decorators.pyc
pecan/default_config.py
pecan/default_config.pyc
pecan/deploy.py
pecan.egg-info/dependency_links.txt
pecan.egg-info/entry_points.txt
pecan.egg-info/not-zip-safe
pecan.egg-info/PKG-INFO
pecan.egg-info/requires.txt
pecan.egg-info/SOURCES.txt
pecan.egg-info/top_level.txt
pecan.egg-info/zip-safe
pecan/extensions.py
pecan/ext/__init__.py
pecan/ext/pytest.py
pecan/hooks.py
pecan/__init__.py
pecan/__init__.pyc
pecan/jsonify.py
pecan/jsonify.pyc
pecan/log.py
pecan/middleware/debug.py
pecan/middleware/errordocument.py
pecan/middleware/__init__.py
pecan/middleware/logger.py
pecan/middleware/recursive.py
pecan/middleware/resources/brush-python.js
pecan/middleware/resources/__init__.py
pecan/middleware/resources.py
pecan/middleware/resources/shCore.js
pecan/middleware/resources/syntax.css
pecan/middleware/resources/syntax.js
pecan/middleware/resources/theme.css
pecan/middleware/resources/XRegExp.js
pecan/middleware/static.py
pecan/monitor.py
pecan/pecan.py
pecan/pecan.pyc
pecan/recursive.py
pecan/rest.py
pecan/routing.py
pecan/routing.pyc
pecan/scaffolds/base/config.py_tmpl
pecan/scaffolds/base/MANIFEST.in
pecan/scaffolds/base/+package+/app.py_tmpl
pecan/scaffolds/base/+package+/controllers/__init__.py
pecan/scaffolds/base/+package+/controllers/root.py
pecan/scaffolds/base/+package+/__init__.py
pecan/scaffolds/base/+package+/model/__init__.py
pecan/scaffolds/base/+package+/templates/error.html
pecan/scaffolds/base/+package+/templates/index.html
pecan/scaffolds/base/+package+/templates/layout.html
pecan/scaffolds/base/+package+/tests/config.py_tmpl
pecan/scaffolds/base/+package+/tests/__init__.py_tmpl
pecan/scaffolds/base/+package+/tests/test_functional.py_tmpl
pecan/scaffolds/base/+package+/tests/test_units.py
pecan/scaffolds/base/public/css/style.css
pecan/scaffolds/base/setup.cfg_tmpl
pecan/scaffolds/base/setup.py_tmpl
pecan/scaffolds/__init__.py
pecan/scaffolds/rest-api/config.py_tmpl
pecan/scaffolds/rest-api/+package+/app.py_tmpl
pecan/scaffolds/rest-api/+package+/controllers/__init__.py
pecan/scaffolds/rest-api/+package+/controllers/root.py
pecan/scaffolds/rest-api/+package+/errors.py
pecan/scaffolds/rest-api/+package+/__init__.py
pecan/scaffolds/rest-api/+package+/model/__init__.py
pecan/scaffolds/rest-api/+package+/tests/config.py_tmpl
pecan/scaffolds/rest-api/+package+/tests/__init__.py_tmpl
pecan/scaffolds/rest-api/+package+/tests/test_functional.py_tmpl
pecan/scaffolds/rest-api/+package+/tests/test_units.py
pecan/scaffolds/rest-api/setup.cfg_tmpl
pecan/scaffolds/rest-api/setup.py_tmpl
pecan/secure.py
pecan/static.py
pecan/templates/__init__.py
pecan/templates/project/config.py_tmpl
pecan/templates/project/MANIFEST.in
pecan/templates/project/+package+/app.py_tmpl
pecan/templates/project/+package+/controllers/__init__.py
pecan/templates/project/+package+/controllers/root.py
pecan/templates/project/+package+/__init__.py
pecan/templates/project/+package+/model/__init__.py
pecan/templates/project/+package+/templates/error.html
pecan/templates/project/+package+/templates/index.html
pecan/templates/project/+package+/templates/layout.html
pecan/templates/project/+package+/templates/success.html
pecan/templates/project/+package+/tests/config.py_tmpl
pecan/templates/project/+package+/tests/__init__.py
pecan/templates/project/+package+/tests/__init__.py_tmpl
pecan/templates/project/+package+/tests/test_config.py
pecan/templates/project/+package+/tests/test_functional.py_tmpl
pecan/templates/project/+package+/tests/test_root.py_tmpl
pecan/templates/project/+package+/tests/test_units.py
pecan/templates/project/public/css/style.css
pecan/templates/project/public/javascript/shared.js
pecan/templates/project/setup.cfg
pecan/templates/project/setup.cfg_tmpl
pecan/templates/project/setup.py_tmpl
pecan/templates/project/start.py
pecan/templating.py
pecan/templating.pyc
pecan/testing.py
pecan/tests/compat/__init__.py
pecan/tests/compat/test_dictconfig.py
pecan/tests/config_fixtures/bad/importerror.py
pecan/tests/config_fixtures/bad/module_and_underscore.py
pecan/tests/config_fixtures/bad/syntaxerror.py
pecan/tests/config_fixtures/config.py
pecan/tests/config_fixtures/empty.py
pecan/tests/config_fixtures/foobar.py
pecan/tests/config_fixtures/forcedict.py
pecan/tests/__init__.py
pecan/tests/middleware/__init__.py
pecan/tests/middleware/static_fixtures/text.txt
pecan/tests/middleware/test_debug.py
pecan/tests/middleware/test_errordocument.py
pecan/tests/middleware/test_logger.py
pecan/tests/middleware/test_recursive.py
pecan/tests/middleware/test_static.py
pecan/tests/scaffold_builder.py
pecan/tests/scaffold_fixtures/content_sub/bar/spam.txt_tmpl
pecan/tests/scaffold_fixtures/content_sub/foo_tmpl
pecan/tests/scaffold_fixtures/file_sub/bar_+package+/spam.txt
pecan/tests/scaffold_fixtures/file_sub/foo_+package+
pecan/tests/scaffold_fixtures/__init__.py
pecan/tests/scaffold_fixtures/simple/bar/spam.txt
pecan/tests/scaffold_fixtures/simple/foo
pecan/tests/static/text.txt
pecan/tests/templates/error_for.html
pecan/tests/templates/form_colors.html
pecan/tests/templates/form_colors_invalid.html
pecan/tests/templates/form_colors_valid.html
pecan/tests/templates/form_login.html
pecan/tests/templates/form_login_invalid.html
pecan/tests/templates/form_login_valid.html
pecan/tests/templates/form_name.html
pecan/tests/templates/form_name_invalid_custom.html
pecan/tests/templates/form_name_invalid.html
pecan/tests/templates/form_name_valid.html
pecan/tests/templates/genshi_bad.html
pecan/tests/templates/genshi.html
pecan/tests/templates/__init__.py
pecan/tests/templates/jinja_bad.html
pecan/tests/templates/jinja.html
pecan/tests/templates/kajiki.html
pecan/tests/templates/mako_bad.html
pecan/tests/templates/mako.html
pecan/tests/test_base.py
pecan/tests/test_commands.py
pecan/tests/test_config/bad/importerror.py
pecan/tests/test_config/bad/__init__.py
pecan/tests/test_config/bad/module_and_underscore.py
pecan/tests/test_config/bad/syntaxerror.py
pecan/tests/test_config/config.py
pecan/tests/test_config/empty.py
pecan/tests/test_config/foobar.py
pecan/tests/test_config/forcedict.py
pecan/tests/test_config/__init__.py
pecan/tests/test_config/sample_apps/sample_app/app.py
pecan/tests/test_config/sample_apps/sample_app_config_missing_app.py
pecan/tests/test_config/sample_apps/sample_app_config_missing.py
pecan/tests/test_config/sample_apps/sample_app_config.py
pecan/tests/test_config/sample_apps/sample_app/__init__.py
pecan/tests/test_config/sample_apps/sample_app_missing_app/app.py
pecan/tests/test_config/sample_apps/sample_app_missing_app/__init__.py
pecan/tests/test_config/sample_apps/sample_app_missing/__init__.py
pecan/tests/test_conf.py
pecan/tests/test_debug.py
pecan/tests/test_deploy.py
pecan/tests/test_generic.py
pecan/tests/test_hooks.py
pecan/tests/test_jsonify.py
pecan/tests/test_no_thread_locals.py
pecan/tests/test_recursive.py
pecan/tests/test_rest.py
pecan/tests/test_scaffolds.py
pecan/tests/test_secure.py
pecan/tests/test_static.py
pecan/tests/test_templates.py
pecan/tests/test_templating.py
pecan/tests/test_util.py
pecan/tests/test_validation.py
pecan/util.py
README
README.rst
requirements.txt
setup.cfg
setup.py
templates/__init__.py
templates/__init__.pyc
templates/project/config.py_tmpl
templates/project/+egg+/config/development.py
templates/project/+egg+/config/development.py_tmpl
templates/project/+egg+/config/__init__.py
templates/project/+egg+/config/test.py
templates/project/+egg+/controllers/__init__.py
templates/project/+egg+/controllers/root.py
templates/project/+egg+/__init__.py
templates/project/+egg+/model/__init__.py
templates/project/+egg+/templates/index.html
templates/project/+egg+/templates/layout.html
templates/project/+egg+/templates/success.html
templates/project/MANIFEST.in
templates/project/public/css/style.css
templates/project/public/javascript/shared.js
templates/project/setup.py_tmpl
templates/project/start.py_tmpl
tests/__init__.py
tests/static/test.txt
tests/static/text.txt
tests/templates/error_for.html
tests/templates/errors_colors.html
tests/templates/errors.html
tests/templates/errors_name.html
tests/templates/form_colors.html
tests/templates/form_colors_invalid.html
tests/templates/form_colors_valid.html
tests/templates/form_login.html
tests/templates/form_login_invalid.html
tests/templates/form_login_valid.html
tests/templates/form_name.html
tests/templates/form_name_invalid_custom.html
tests/templates/form_name_invalid.html
tests/templates/form_name_valid.html
tests/templates/genshi_bad.html
tests/templates/genshi.html
tests/templates/__init__.py
tests/templates/jinja_bad.html
tests/templates/jinja.html
tests/templates/kajiki.html
tests/templates/mako_bad.html
tests/templates/mako.html
tests/test_base.py
tests/test_config/bad/attribute.py
tests/test_config/bad/importerror.py
tests/test_config/bad/__init__.py
tests/test_config/bad/module_and_underscore.py
tests/test_config/bad/syntaxerror.py
tests/test_config/config.py
tests/test_config/empty.py
tests/test_config/forcedict.py
tests/test_config/__init__.py
tests/test_config/sample_apps/sample_app/app.py
tests/test_config/sample_apps/sample_app_config_missing_app.py
tests/test_config/sample_apps/sample_app_config_missing.py
tests/test_config/sample_apps/sample_app_config.py
tests/test_config/sample_apps/sample_app/__init__.py
tests/test_config/sample_apps/sample_app_missing_app/app.py
tests/test_config/sample_apps/sample_app_missing_app/__init__.py
tests/test_config/sample_apps/sample_app_missing/__init__.py
tests/test_conf.py
tests/test_deploy.py
tests/test_generic.py
tests/test_hooks.py
tests/test_jsonify.py
tests/test_rest.py
tests/test_secure.py
tests/test_static.py
tests/test_templating.py
tests/test_util.py
tests/test_validation.py
TODO
tools/run_cross_tests.sh
tox.ini
.travis.yml
