examples/bzr/branch.pp
examples/bzr/init_repo.pp
examples/cvs/init.pp
examples/cvs/local.pp
examples/cvs.pp
examples/cvs/remote.pp
examples/git/bare_init.pp
examples/git/clone.pp
examples/git/init.pp
examples/git.pp
examples/git/working_copy_init.pp
examples/hg/clone.pp
examples/hg/init.pp
examples/hg/init_repo.pp
examples/svn/checkout.pp
examples/svn/init.pp
examples/svn.pp
examples/svn/server.pp
lib/puppet/provider/vcsrepo/bzr.rb
lib/puppet/provider/vcsrepo/cvs.rb
lib/puppet/provider/vcsrepo/git.rb
lib/puppet/provider/vcsrepo/hg.rb
lib/puppet/provider/vcsrepo.rb
lib/puppet/provider/vcsrepo/svn.rb
lib/puppet/type/vcsrepo.rb
LICENSE
Modulefile
Rakefile
README.BZR.markdown
README.CVS.markdown
README.GIT.markdown
README.HG.markdown
README.markdown
README.SVN.markdown
spec/fixtures/bzr_version_info.txt
spec/fixtures/git_branch_a.txt
spec/fixtures/hg_parents.txt
spec/fixtures/hg_tags.txt
spec/fixtures/svn_info.txt
spec/spec_helper.rb
spec/spec.opts
spec/support/filesystem_helpers.rb
spec/support/fixture_helpers.rb
spec/support/provider_example_group.rb
spec/support/provider_subject.rb
spec/support/resource_helpers.rb
spec/support/vcsrepo_helpers.rb
spec/unit/puppet/provider/vcsrepo/bzr_spec.rb
spec/unit/puppet/provider/vcsrepo/cvs_spec.rb
spec/unit/puppet/provider/vcsrepo/git_spec.rb
spec/unit/puppet/provider/vcsrepo/hg_spec.rb
spec/unit/puppet/provider/vcsrepo/svn_spec.rb
