bsd.txt
.classpath
debug
install-fast
LICENSE
pom.xml
.project
.pydevproject
README.rst
README.txt
run-fast
.settings/org.eclipse.jdt.core.prefs
.settings/org.eclipse.m2e.core.prefs
src/main/java/hudson/plugins/gearman/AbstractWorkerThread.java
src/main/java/hudson/plugins/gearman/AvailabilityChecker.java
src/main/java/hudson/plugins/gearman/AvailabilityMonitor.java
src/main/java/hudson/plugins/gearman/ComputerListenerImpl.java
src/main/java/hudson/plugins/gearman/Constants.java
src/main/java/hudson/plugins/gearman/CustomGearmanFunctionFactory.java
src/main/java/hudson/plugins/gearman/example/StartJobClient.java
src/main/java/hudson/plugins/gearman/example/StartJobClient.py
src/main/java/hudson/plugins/gearman/example/StopJobClient.py
src/main/java/hudson/plugins/gearman/ExecutorWorkerThread.java
src/main/java/hudson/plugins/gearman/GearmanPluginConfig.java
src/main/java/hudson/plugins/gearman/GearmanPlugin.java
src/main/java/hudson/plugins/gearman/GearmanPluginUtil.java
src/main/java/hudson/plugins/gearman/GearmanProxy.java
src/main/java/hudson/plugins/gearman/LabelAssignmentActionImpl.java
src/main/java/hudson/plugins/gearman/ManagementWorkerThread.java
src/main/java/hudson/plugins/gearman/MyGearmanWorkerImpl.java
src/main/java/hudson/plugins/gearman/NodeAssignmentAction.java
src/main/java/hudson/plugins/gearman/NodeAvailabilityMonitor.java
src/main/java/hudson/plugins/gearman/NodeParametersAction.java
src/main/java/hudson/plugins/gearman/NoopAvailabilityMonitor.java
src/main/java/hudson/plugins/gearman/ProjectListener.java
src/main/java/hudson/plugins/gearman/QueueTaskDispatcherImpl.java
src/main/java/hudson/plugins/gearman/RunListenerImpl.java
src/main/java/hudson/plugins/gearman/SaveableListenerImpl.java
src/main/java/hudson/plugins/gearman/SetDescriptionWorker.java
src/main/java/hudson/plugins/gearman/StartJobWorker.java
src/main/java/hudson/plugins/gearman/StopJobWorker.java
src/main/resources/hudson/plugins/gearman/GearmanPluginConfig/config.jelly
src/main/resources/hudson/plugins/gearman/GearmanPluginConfig/help-enablePlugin.html
src/main/resources/hudson/plugins/gearman/GearmanPluginConfig/help-host.html
src/main/resources/hudson/plugins/gearman/GearmanPluginConfig/help-launchWorker.html
src/main/resources/hudson/plugins/gearman/GearmanPluginConfig/help-port.html
src/main/resources/hudson/plugins/gearman/GearmanPlugin/config.jelly
src/main/resources/hudson/plugins/gearman/GearmanPlugin/global.jelly
src/main/resources/index.jelly
src/main/resources/logback.xml
src/main/webapp/help-globalConfig.html
src/main/webapp/help-launchWorker.html
src/main/webapp/help-serverHost.html
src/main/webapp/help-serverPort.html
src/test/java/hudson/plugins/gearman/AbstractWorkerThreadTest.java
src/test/java/hudson/plugins/gearman/ExecutorWorkerThreadTest.java
src/test/java/hudson/plugins/gearman/FakeWorkerThread.java
src/test/java/hudson/plugins/gearman/GearmanPluginConfigTest.java
src/test/java/hudson/plugins/gearman/GearmanPluginUtilTest.java
src/test/java/hudson/plugins/gearman/GearmanProxyTest.java
src/test/java/hudson/plugins/gearman/ManagementWorkerThreadTest.java
