billistix/api/app.py
billistix/api/auth.py
billistix/api/__init__.py
billistix/api/service.py
billistix/api/v1.py
billistix/central/api.py
billistix/central/__init__.py
billistix/central/service.py
billistix/database/__init__.py
billistix/database/sqlalchemy/__init__.py
billistix/database/sqlalchemy/models.py
billistix/database/sqlalchemy/session.py
billistix/database/sqlalchemy/types.py
billistix/database/sqlalchemy/utils.py
billistix/exceptions.py
billistix/__init__.py
billistix/openstack/common/cfg.py
billistix/openstack/common/context.py
billistix/openstack/common/eventlet_backdoor.py
billistix/openstack/common/exception.py
billistix/openstack/common/excutils.py
billistix/openstack/common/gettextutils.py
billistix/openstack/common/importutils.py
billistix/openstack/common/iniparser.py
billistix/openstack/common/__init__.py
billistix/openstack/common/jsonutils.py
billistix/openstack/common/local.py
billistix/openstack/common/log.py
billistix/openstack/common/loopingcall.py
billistix/openstack/common/network_utils.py
billistix/openstack/common/notifier/api.py
billistix/openstack/common/notifier/__init__.py
billistix/openstack/common/notifier/list_notifier.py
billistix/openstack/common/notifier/log_notifier.py
billistix/openstack/common/notifier/no_op_notifier.py
billistix/openstack/common/notifier/rabbit_notifier.py
billistix/openstack/common/notifier/test_notifier.py
billistix/openstack/common/periodic_task.py
billistix/openstack/common/policy.py
billistix/openstack/common/rpc/amqp.py
billistix/openstack/common/rpc/common.py
billistix/openstack/common/rpc/dispatcher.py
billistix/openstack/common/rpc/impl_fake.py
billistix/openstack/common/rpc/impl_kombu.py
billistix/openstack/common/rpc/impl_qpid.py
billistix/openstack/common/rpc/impl_zmq.py
billistix/openstack/common/rpc/__init__.py
billistix/openstack/common/rpc/matchmaker.py
billistix/openstack/common/rpc/proxy.py
billistix/openstack/common/rpc/service.py
billistix/openstack/common/service.py
billistix/openstack/common/setup.py
billistix/openstack/common/threadgroup.py
billistix/openstack/common/timeutils.py
billistix/openstack/common/utils.py
billistix/openstack/common/version.py
billistix/openstack/common/wsgi.py
billistix/openstack/__init__.py
billistix/recorder/base.py
billistix/recorder/impl_ceilometer.py
billistix/recorder/__init__.py
billistix/recorder/openstack.py
billistix/recorder/service.py
billistix/service.py
billistix/storage/base.py
billistix/storage/impl_sqlalchemy/__init__.py
billistix/storage/impl_sqlalchemy/models.py
billistix/storage/impl_sqlalchemy.py
billistix/storage/impl_sqlalchemy/session.py
billistix/storage/impl_sqlalchemy/types.py
billistix/storage/impl_sqlalchemy/utils.py
billistix/storage/__init__.py
billistix/storage/sqlalchemy/__init__.py
billistix/storage/sqlalchemy/models.py
billistix/storage/sqlalchemy/session.py
billistix/storage/sqlalchemy/types.py
billistix/storage/sqlalchemy/utils.py
billistix/tests/__init__.py
billistix/tests/test_central/__init__.py
billistix/tests/test_central/test_service.py
billistix/tests/test_storage/__init__.py
billistix/tests/test_storage/test_scheme.py
billistix/tests/test_storage/test_sqlalchemy.py
billistix/utils.py
billistix/version.py
billistix/wsgi.py
bin/billistix-api
bin/billistix-central
bin/billistix-recorder
bin/billistix-server
bin/billistix-sync
bin/bufunfa-api
bin/bufunfa-central
bin/bufunfa-recorder
bin/bufunfa-sync
bufunfa/api/auth.py
bufunfa/api/__init__.py
bufunfa/api/service.py
bufunfa/api/v1.py
bufunfa/central/api.py
bufunfa/central/__init__.py
bufunfa/central/service.py
bufunfa/exceptions.py
bufunfa/__init__.py
bufunfa/openstack/common/cfg.py
bufunfa/openstack/common/context.py
bufunfa/openstack/common/eventlet_backdoor.py
bufunfa/openstack/common/exception.py
bufunfa/openstack/common/excutils.py
bufunfa/openstack/common/gettextutils.py
bufunfa/openstack/common/importutils.py
bufunfa/openstack/common/iniparser.py
bufunfa/openstack/common/__init__.py
bufunfa/openstack/common/jsonutils.py
bufunfa/openstack/common/local.py
bufunfa/openstack/common/log.py
bufunfa/openstack/common/loopingcall.py
bufunfa/openstack/common/network_utils.py
bufunfa/openstack/common/notifier/api.py
bufunfa/openstack/common/notifier/__init__.py
bufunfa/openstack/common/notifier/list_notifier.py
bufunfa/openstack/common/notifier/log_notifier.py
bufunfa/openstack/common/notifier/no_op_notifier.py
bufunfa/openstack/common/notifier/rabbit_notifier.py
bufunfa/openstack/common/notifier/test_notifier.py
bufunfa/openstack/common/periodic_task.py
bufunfa/openstack/common/rpc/amqp.py
bufunfa/openstack/common/rpc/common.py
bufunfa/openstack/common/rpc/dispatcher.py
bufunfa/openstack/common/rpc/impl_fake.py
bufunfa/openstack/common/rpc/impl_kombu.py
bufunfa/openstack/common/rpc/impl_qpid.py
bufunfa/openstack/common/rpc/impl_zmq.py
bufunfa/openstack/common/rpc/__init__.py
bufunfa/openstack/common/rpc/matchmaker.py
bufunfa/openstack/common/rpc/proxy.py
bufunfa/openstack/common/rpc/service.py
bufunfa/openstack/common/service.py
bufunfa/openstack/common/setup.py
bufunfa/openstack/common/threadgroup.py
bufunfa/openstack/common/timeutils.py
bufunfa/openstack/common/utils.py
bufunfa/openstack/common/version.py
bufunfa/openstack/common/wsgi.py
bufunfa/openstack/__init__.py
bufunfa/plugin.py
bufunfa/recorder/base.py
bufunfa/recorder/impl_ceilometer.py
bufunfa/recorder/__init__.py
bufunfa/recorder/openstack.py
bufunfa/recorder/service.py
bufunfa/service.py
bufunfa/storage/base.py
bufunfa/storage/impl_sqlalchemy/__init__.py
bufunfa/storage/impl_sqlalchemy/models.py
bufunfa/storage/impl_sqlalchemy/session.py
bufunfa/storage/impl_sqlalchemy/types.py
bufunfa/storage/impl_sqlalchemy/utils.py
bufunfa/storage/__init__.py
bufunfa/tests/__init__.py
bufunfa/tests/test_central/__init__.py
bufunfa/tests/test_central/test_service.py
bufunfa/tests/test_storage/__init__.py
bufunfa/tests/test_storage/test_scheme.py
bufunfa/tests/test_storage/test_sqlalchemy.py
bufunfa/utils.py
bufunfa/version.py
bufunfa/wsgi.py
doc/requirements.txt
doc/source/architecture.rst
doc/source/configuration.rst
doc/source/conf.py
doc/source/glossary.rst
doc/source/index.rst
doc/source/install.rst
doc/source/services.dia
doc/source/storage_layout.dia
HACKING.rst
LICENSE
MANIFEST.in
openstack-common.conf
README.rst
run_tests.sh
setup.cfg
setup.py
tools/pip-options
tools/pip-requires
tools/test-requires
tox.ini
