CHANGELOG
examples/apache_dropin.pp
examples/apache_with_paths.pp
examples/auth_config.pp
examples/ldap_full.pp
examples/ldap_identity.pp
examples/site.pp
ext/keystone_test.rb
files/httpd/keystone.py
.fixtures.yml
Gemfile
.gemfile
lib/puppet/provider/keystone_config/ini_setting.rb
lib/puppet/provider/keystone_endpoint/keystone.rb
lib/puppet/provider/keystone_manage.rb
lib/puppet/provider/.keystone_manage.rb.swp
lib/puppet/provider/keystone.rb
lib/puppet/provider/keystone_role/keystone_manage.rb
lib/puppet/provider/keystone_role/keystone.rb
lib/puppet/provider/keystone_service/keystone.rb
lib/puppet/provider/keystone_tenant/keystone_manage.rb
lib/puppet/provider/keystone_tenant/keystone.rb
lib/puppet/provider/keystone_user/keystone_manage.rb
lib/puppet/provider/keystone_user/keystone.rb
lib/puppet/provider/keystone_user_role/keystone.rb
lib/puppet/type/keystone_config.rb
lib/puppet/type/keystone_endpoint.rb
lib/puppet/type/keystone_role.rb
lib/puppet/type/keystone_service.rb
lib/puppet/type/keystone_tenant.rb
lib/puppet/type/keystone_user.rb
lib/puppet/type/keystone_user_role.rb
LICENSE
manifests/client/authtoken.pp
manifests/client.pp
manifests/config/ldap.pp
manifests/config/mysql.pp
manifests/config/postgresql.pp
manifests/config.pp
manifests/config/sqlite.pp
manifests/cron/token_flush.pp
manifests/db/mysql/host_access.pp
manifests/db/mysql.pp
manifests/db/postgresql.pp
manifests/db.pp
manifests/db/sync.pp
manifests/dev/install.pp
manifests/endpoint.pp
manifests/init.pp
manifests/ldap.pp
manifests/mysql/access.pp
manifests/mysql/host_access.pp
manifests/mysql.pp
manifests/params.pp
manifests/python.pp
manifests/repo/trunk.pp
manifests/roles/admin.pp
manifests/service.pp
manifests/sqlite.pp
manifests/wsgi/apache.pp
Modulefile
Rakefile
README
README.markdown
README.md
spec/classes/keystone_client_spec.rb
spec/classes/keystone_cron_token_flush.rb
spec/classes/keystone_db_mysql_spec.rb
spec/classes/keystone_db_postgresql_spec.rb
spec/classes/keystone_endpoint_spec.rb
spec/classes/keystone_ldap_spec.rb
spec/classes/keystone_mysql_spec.rb
spec/classes/keystone_python_spec.rb
spec/classes/keystone_roles_admin_spec.rb
spec/classes/keystone_service_spec.rb
spec/classes/keystone_spec.rb
spec/classes/keystone_wsgi_apache_spec.rb
spec/defines/keystone_client_authtoken_spec.pp
spec/defines/keystone_client_authtoken_spec.rb
spec/fixtures/manifests/site.pp
spec/shared_examples.rb
spec/spec_helper.rb
spec/spec.opts
spec/unit/provider/keystone_endpoint/keystone_spec.rb
spec/unit/provider/keystone_spec.rb
spec/unit/provider/keystone_tenant/keystone_spec.rb
spec/unit/provider/keystone_user/keystone_spec.rb
spec/unit/provider/keystone_user_role/keystone_spec.rb
spec/unit/type/keystone_endpoint_spec.rb
templates/client/authtoken.conf.erb
templates/DEFAULT.erb
templates/footer.erb
templates/identity.erb
templates/initial_data.sh.erb
templates/keystone.conf.erb
templates/ldap.erb
templates/mysql.erb
templates/sql_catalog.erb
templates/sql.erb
templates/template_catalog.erb
tests/site.pp
.travis.yml
