.coveragerc
etc/api-paste.ini
etc/rack.conf.sample
LICENSE
openstack-common.conf
rack/api/auth.py
rack/api/common.py
rack/api/__init__.py
rack/api/v1/groups.py
rack/api/v1/__init__.py
rack/api/v1/keypairs.py
rack/api/v1/networks.py
rack/api/v1/processes.py
rack/api/v1/proxy.py
rack/api/v1/securitygroups.py
rack/api/v1/views/groups.py
rack/api/v1/views/__init__.py
rack/api/v1/views/keypairs.py
rack/api/v1/views/networks.py
rack/api/v1/views/processes.py
rack/api/v1/views/proxy.py
rack/api/v1/views/securitygroups.py
rack/api/versions.py
rack/api/views/__init__.py
rack/api/views/versions.py
rack/api/wsgi.py
rack/api/xmlutil.py
rack/baserpc.py
rack/cmd/api.py
rack/cmd/__init__.py
rack/cmd/resourceoperator.py
rack/cmd/scheduler.py
rack/config.py
rack/context.py
rack/db/api.py
rack/db/base.py
rack/db/__init__.py
rack/db/migration.py
rack/db/sqlalchemy/api.py
rack/db/sqlalchemy/__init__.py
rack/db/sqlalchemy/migrate_repo/__init__.py
rack/db/sqlalchemy/migrate_repo/manage.py
rack/db/sqlalchemy/migrate_repo/migrate.cfg
rack/db/sqlalchemy/migrate_repo/versions/001_Add_groups_table.py
rack/db/sqlalchemy/migrate_repo/versions/002_Add_services_table.py
rack/db/sqlalchemy/migrate_repo/versions/003_Add_keypairs_table.py
rack/db/sqlalchemy/migrate_repo/versions/004_Add_securitygroups_table.py
rack/db/sqlalchemy/migrate_repo/versions/005_Add_networks_table.py
rack/db/sqlalchemy/migrate_repo/versions/006_Add_processes_table.py
rack/db/sqlalchemy/migrate_repo/versions/007_Add_processes_securitygroups_table.py
rack/db/sqlalchemy/migrate_repo/versions/008_Add_processes_networks_table.py
rack/db/sqlalchemy/migrate_repo/versions/__init__.py
rack/db/sqlalchemy/migration.py
rack/db/sqlalchemy/models.py
rack/db/sqlalchemy/types.py
rack/db/sqlalchemy/utils.py
rack/debugger.py
rack/exception.py
rack/__init__.py
rack/manager.py
rack/netconf.py
rack/object.py
rack/openstack/common/cliutils.py
rack/openstack/common/config/generator.py
rack/openstack/common/config/__init__.py
rack/openstack/common/context.py
rack/openstack/common/db/api.py
rack/openstack/common/db/exception.py
rack/openstack/common/db/__init__.py
rack/openstack/common/db/options.py
rack/openstack/common/db/sqlalchemy/__init__.py
rack/openstack/common/db/sqlalchemy/migration.py
rack/openstack/common/db/sqlalchemy/models.py
rack/openstack/common/db/sqlalchemy/provision.py
rack/openstack/common/db/sqlalchemy/session.py
rack/openstack/common/db/sqlalchemy/test_base.py
rack/openstack/common/db/sqlalchemy/test_migrations.py
rack/openstack/common/db/sqlalchemy/utils.py
rack/openstack/common/eventlet_backdoor.py
rack/openstack/common/excutils.py
rack/openstack/common/fileutils.py
rack/openstack/common/fixture/config.py
rack/openstack/common/fixture/__init__.py
rack/openstack/common/fixture/lockutils.py
rack/openstack/common/fixture/logging.py
rack/openstack/common/fixture/mockpatch.py
rack/openstack/common/fixture/moxstubout.py
rack/openstack/common/gettextutils.py
rack/openstack/common/imageutils.py
rack/openstack/common/importutils.py
rack/openstack/common/__init__.py
rack/openstack/common/jsonutils.py
rack/openstack/common/local.py
rack/openstack/common/lockutils.py
rack/openstack/common/log.py
rack/openstack/common/loopingcall.py
rack/openstack/common/memorycache.py
rack/openstack/common/middleware/base.py
rack/openstack/common/middleware/__init__.py
rack/openstack/common/middleware/request_id.py
rack/openstack/common/network_utils.py
rack/openstack/common/periodic_task.py
rack/openstack/common/policy.py
rack/openstack/common/processutils.py
rack/openstack/common/report/generators/conf.py
rack/openstack/common/report/generators/__init__.py
rack/openstack/common/report/generators/threading.py
rack/openstack/common/report/generators/version.py
rack/openstack/common/report/guru_meditation_report.py
rack/openstack/common/report/__init__.py
rack/openstack/common/report/models/base.py
rack/openstack/common/report/models/conf.py
rack/openstack/common/report/models/__init__.py
rack/openstack/common/report/models/threading.py
rack/openstack/common/report/models/version.py
rack/openstack/common/report/models/with_default_views.py
rack/openstack/common/report/report.py
rack/openstack/common/report/utils.py
rack/openstack/common/report/views/__init__.py
rack/openstack/common/report/views/jinja_view.py
rack/openstack/common/report/views/json/generic.py
rack/openstack/common/report/views/json/__init__.py
rack/openstack/common/report/views/text/generic.py
rack/openstack/common/report/views/text/header.py
rack/openstack/common/report/views/text/__init__.py
rack/openstack/common/report/views/text/threading.py
rack/openstack/common/report/views/xml/generic.py
rack/openstack/common/report/views/xml/__init__.py
rack/openstack/common/service.py
rack/openstack/common/sslutils.py
rack/openstack/common/strutils.py
rack/openstack/common/threadgroup.py
rack/openstack/common/timeutils.py
rack/openstack/common/units.py
rack/openstack/common/uuidutils.py
rack/openstack/common/versionutils.py
rack/openstack/common/xmlutils.py
rack/openstack/__init__.py
rack/paths.py
rack/policy.py
rack/resourceoperator/__init__.py
rack/resourceoperator/manager.py
rack/resourceoperator/openstack/__init__.py
rack/resourceoperator/openstack/keypairs.py
rack/resourceoperator/openstack/networks.py
rack/resourceoperator/openstack/processes.py
rack/resourceoperator/openstack/securitygroups.py
rack/resourceoperator/rpcapi.py
rack/rpc.py
rack/safe_utils.py
rack/scheduler/chance.py
rack/scheduler/driver.py
rack/scheduler/__init__.py
rack/scheduler/manager.py
rack/scheduler/rpcapi.py
rack/scheduler/utils.py
rack/servicegroup/api.py
rack/servicegroup/drivers/db.py
rack/servicegroup/drivers/__init__.py
rack/servicegroup/drivers/mc.py
rack/servicegroup/drivers/zk.py
rack/servicegroup/__init__.py
rack/service.py
rack/test.py
rack/tests/api/fakes.py
rack/tests/api/__init__.py
rack/tests/api/v1/__init__.py
rack/tests/api/v1/test_groups.py
rack/tests/api/v1/test_keypairs.py
rack/tests/api/v1/test_networks.py
rack/tests/api/v1/test_processes.py
rack/tests/api/v1/test_securitygroups.py
rack/tests/conf_fixture.py
rack/tests/db/__init__.py
rack/tests/db/test_db_api.py
rack/tests/db/test_migrations.conf
rack/tests/db/test_migrations.py
rack/tests/fake_policy.py
rack/tests/__init__.py
rack/tests/policy_fixture.py
rack/tests/resourceoperator/__init__.py
rack/tests/resourceoperator/openstack/__init__.py
rack/tests/resourceoperator/openstack/test_keypairs.py
rack/tests/resourceoperator/openstack/test_networks.py
rack/tests/resourceoperator/openstack/test_processes.py
rack/tests/resourceoperator/openstack/test_securitygroups.py
rack/tests/resourceoperator/test_manager.py
rack/tests/resourceoperator/test_rpcapi.py
rack/tests/servicegroup/__init__.py
rack/tests/servicegroup/test_db_servicegroup.py
rack/tests/servicegroup/test_mc_servicegroup.py
rack/tests/servicegroup/test_zk_driver.py
rack/tests/test_service.py
rack/tests/utils.py
rack/utils.py
rack/version.py
rack/wsgi.py
README.md
README.rst
requirements.txt
setup.cfg
setup.py
.testr.conf
test-requirements.txt
tools/ansible-openstack/ansible.cfg
tools/ansible-openstack/group_vars/all
tools/ansible-openstack/group_vars/amqp_backend
tools/ansible-openstack/group_vars/compute_backend
tools/ansible-openstack/group_vars/controller
tools/ansible-openstack/group_vars/frontend
tools/ansible-openstack/group_vars/network_gateway
tools/ansible-openstack/group_vars/sql_backend
tools/ansible-openstack/group_vars/volume_backend
tools/ansible-openstack-log/ansible.cfg
tools/ansible-openstack-log/group_vars/all
tools/ansible-openstack-log/group_vars/elasticsearch
tools/ansible-openstack-log/group_vars/fluentd-collector
tools/ansible-openstack-log/group_vars/Kibana
tools/ansible-openstack-log/group_vars/openstack
tools/ansible-openstack-log/log_hosts
tools/ansible-openstack-log/OpenStackLogDashboard
tools/ansible-openstack-log/playbooks/common/common.yml
tools/ansible-openstack-log/playbooks/common/main.yml
tools/ansible-openstack-log/playbooks/common/templates
tools/ansible-openstack-log/playbooks/elastic_search/elasticsearch-head.yml
tools/ansible-openstack-log/playbooks/elastic_search/elasticsearch.yml
tools/ansible-openstack-log/playbooks/elastic_search/main.yml
tools/ansible-openstack-log/playbooks/elastic_search/templates
tools/ansible-openstack-log/playbooks/fluentd/fluentd-agent-installation.yml
tools/ansible-openstack-log/playbooks/fluentd/fluentd-collector-installation.yml
tools/ansible-openstack-log/playbooks/fluentd/fluentd-packages.yml
tools/ansible-openstack-log/playbooks/fluentd/fluentd-parameters.yml
tools/ansible-openstack-log/playbooks/fluentd/main.yml
tools/ansible-openstack-log/playbooks/fluentd/templates
tools/ansible-openstack-log/playbooks/Kibana/kibana-setup.yml
tools/ansible-openstack-log/playbooks/Kibana/main.yml
tools/ansible-openstack-log/playbooks/Kibana/templates
tools/ansible-openstack-log/playbooks/ntp/main.yml
tools/ansible-openstack-log/playbooks/ntp/templates
tools/ansible-openstack-log/playbooks/pre_action/determine_network.yml
tools/ansible-openstack-log/playbooks/pre_action/determine_openstack_network.yml
tools/ansible-openstack-log/playbooks/pre_action/main.yml
tools/ansible-openstack-log/playbooks/reusables/delete_firewall_rule.yml
tools/ansible-openstack-log/playbooks/reusables/handlers.yml
tools/ansible-openstack-log/playbooks/reusables/open_firewall_line.yml
tools/ansible-openstack-log/playbooks/reusables/open_firewall_port.yml
tools/ansible-openstack-log/set_log.yml
tools/ansible-openstack-log/templates/etc/elasticsearch/templates/tempalte_dmesg.json
tools/ansible-openstack-log/templates/etc/elasticsearch/templates/tempalte_openstack.json
tools/ansible-openstack-log/templates/etc/httpd/conf.d/vhosts.conf
tools/ansible-openstack-log/templates/etc/ntp.conf
tools/ansible-openstack-log/templates/etc/td-agent/td_agent_collector.conf
tools/ansible-openstack-log/templates/etc/td-agent/td_agent.conf
tools/ansible-openstack-log/templates/etc/yum.repos.d/CentOS-Base.repo
tools/ansible-openstack-log/templates/etc/yum.repos.d/elasticsearch.repo
tools/ansible-openstack-log/templates/etc/yum.repos.d/epel.repo
tools/ansible-openstack-log/templates/etc/yum.repos.d/epel-testing.repo
tools/ansible-openstack-log/templates/etc/yum.repos.d/treasure-data.repo
tools/ansible-openstack/openstack-ansible-modules/cinder_manage
tools/ansible-openstack/openstack-ansible-modules/glance
tools/ansible-openstack/openstack-ansible-modules/glance_manage
tools/ansible-openstack/openstack-ansible-modules/keystone_manage
tools/ansible-openstack/openstack-ansible-modules/keystone_service
tools/ansible-openstack/openstack-ansible-modules/neutron_floating_ip
tools/ansible-openstack/openstack-ansible-modules/neutron_network
tools/ansible-openstack/openstack-ansible-modules/neutron_router
tools/ansible-openstack/openstack-ansible-modules/neutron_router_gateway
tools/ansible-openstack/openstack-ansible-modules/neutron_router_interface
tools/ansible-openstack/openstack-ansible-modules/neutron_subnet
tools/ansible-openstack/openstack-ansible-modules/nova_manage
tools/ansible-openstack/openstack_hosts
tools/ansible-openstack/playbooks/cinder/controller.yml
tools/ansible-openstack/playbooks/cinder/frontend.yml
tools/ansible-openstack/playbooks/cinder/keystone.yml
tools/ansible-openstack/playbooks/cinder/library
tools/ansible-openstack/playbooks/cinder/main.yml
tools/ansible-openstack/playbooks/cinder/mysql.yml
tools/ansible-openstack/playbooks/cinder/templates
tools/ansible-openstack/playbooks/cinder/volume.yml
tools/ansible-openstack/playbooks/common/common_kernelParameters.yml
tools/ansible-openstack/playbooks/common/common_sysconfig_VLAN.yml
tools/ansible-openstack/playbooks/common/common.yml
tools/ansible-openstack/playbooks/common/main.yml
tools/ansible-openstack/playbooks/common/templates
tools/ansible-openstack/playbooks/common/yum_iproute.yml
tools/ansible-openstack/playbooks/common/yum_kernel.yml
tools/ansible-openstack/playbooks/common/yum_KVM.yml
tools/ansible-openstack/playbooks/glance/controller.yml
tools/ansible-openstack/playbooks/glance/fixture.yml
tools/ansible-openstack/playbooks/glance/frontend.yml
tools/ansible-openstack/playbooks/glance/keystone.yml
tools/ansible-openstack/playbooks/glance/library
tools/ansible-openstack/playbooks/glance/main.yml
tools/ansible-openstack/playbooks/glance/mysql.yml
tools/ansible-openstack/playbooks/glance/templates
tools/ansible-openstack/playbooks/horizon/main.yml
tools/ansible-openstack/playbooks/horizon/templates
tools/ansible-openstack/playbooks/keystone/fixture.yml
tools/ansible-openstack/playbooks/keystone/frontend.yml
tools/ansible-openstack/playbooks/keystone/library
tools/ansible-openstack/playbooks/keystone/main.yml
tools/ansible-openstack/playbooks/keystone/mysql.yml
tools/ansible-openstack/playbooks/keystone/templates
tools/ansible-openstack/playbooks/memcached/main.yml
tools/ansible-openstack/playbooks/memcached/templates
tools/ansible-openstack/playbooks/mysql/main.yml
tools/ansible-openstack/playbooks/mysql/templates
tools/ansible-openstack/playbooks/neutron/compute.yml
tools/ansible-openstack/playbooks/neutron/frontend.yml
tools/ansible-openstack/playbooks/neutron/gateway.yml
tools/ansible-openstack/playbooks/neutron/keystone.yml
tools/ansible-openstack/playbooks/neutron/library
tools/ansible-openstack/playbooks/neutron/main.yml
tools/ansible-openstack/playbooks/neutron/mysql.yml
tools/ansible-openstack/playbooks/neutron/templates
tools/ansible-openstack/playbooks/nova/compute.yml
tools/ansible-openstack/playbooks/nova/controller.yml
tools/ansible-openstack/playbooks/nova/frontend.yml
tools/ansible-openstack/playbooks/nova/keystone.yml
tools/ansible-openstack/playbooks/nova/library
tools/ansible-openstack/playbooks/nova/main.yml
tools/ansible-openstack/playbooks/nova/mysql.yml
tools/ansible-openstack/playbooks/nova/templates
tools/ansible-openstack/playbooks/ntp/main.yml
tools/ansible-openstack/playbooks/ntp/templates
tools/ansible-openstack/playbooks/post_action/compute.yml
tools/ansible-openstack/playbooks/post_action/controller.yml
tools/ansible-openstack/playbooks/post_action/frontend.yml
tools/ansible-openstack/playbooks/post_action/gateway.yml
tools/ansible-openstack/playbooks/post_action/library
tools/ansible-openstack/playbooks/post_action/main.yml
tools/ansible-openstack/playbooks/post_action/post-prepareProviderNW.yml
tools/ansible-openstack/playbooks/post_action/rabbitmq.yml
tools/ansible-openstack/playbooks/pre_action/main.yml
tools/ansible-openstack/playbooks/pre_action/setup.yml
tools/ansible-openstack/playbooks/rabbitmq/main.yml
tools/ansible-openstack/playbooks/rabbitmq/templates
tools/ansible-openstack/playbooks/reusables/delete_firewall_rule.yml
tools/ansible-openstack/playbooks/reusables/handlers.yml
tools/ansible-openstack/playbooks/reusables/open_firewall_port.yml
tools/ansible-openstack/set_openstack.yml
tools/ansible-openstack/templates/etc/cinder/cinder.conf
tools/ansible-openstack/templates/etc/glance/glance-api.conf
tools/ansible-openstack/templates/etc/glance/glance-registry.conf
tools/ansible-openstack/templates/etc/init.d/neutron-linuxbridge-agent
tools/ansible-openstack/templates/etc/keystone/keystone.conf
tools/ansible-openstack/templates/etc/my.cnf
tools/ansible-openstack/templates/etc/neutron/dhcp_agent.ini
tools/ansible-openstack/templates/etc/neutron/l3_agent.ini
tools/ansible-openstack/templates/etc/neutron/lbaas_agent.ini
tools/ansible-openstack/templates/etc/neutron/metadata_agent.ini
tools/ansible-openstack/templates/etc/neutron/neutron.conf
tools/ansible-openstack/templates/etc/neutron/ovs_neutron_plugin.ini
tools/ansible-openstack/templates/etc/neutron/plugins/ml2/ml2_conf_linuxbridge_VLAN.ini
tools/ansible-openstack/templates/etc/nova/nova.conf
tools/ansible-openstack/templates/etc/ntp.conf
tools/ansible-openstack/templates/etc/openstack-dashboard/local_settings
tools/ansible-openstack/templates/etc/rabbitmq/rabbitmq.config
tools/ansible-openstack/templates/etc/rabbitmq/rabbitmq-env.conf
tools/ansible-openstack/templates/etc/sysconfig/bridge.modules
tools/ansible-openstack/templates/etc/sysconfig/memcached
tools/ansible-openstack/templates/etc/yum.repos.d/CentOS-Base.repo
tools/ansible-openstack/templates/etc/yum.repos.d/epel.repo
tools/ansible-openstack/templates/etc/yum.repos.d/epel-testing.repo
tools/ansible-openstack/templates/etc/yum.repos.d/rdo-release.repo
tools/ansible-openstack/templates/root/keystonerc_admin
tools/ansible-openstack/templates/root/.my.cnf
tools/ansible-openstack/templates/root/openrc
tools/fluentd-plugin-udp_msgpack/fluent-plugin-udp_msgpack.gemspec
tools/fluentd-plugin-udp_msgpack/Gemfile
tools/fluentd-plugin-udp_msgpack/lib/fluent/plugin/in_udp_msgpack.rb
tools/fluentd-plugin-udp_msgpack/Rakefile
tools/group-init.conf
tools/rack_client.py
tools/simple_integration_test.py
tox.ini
