0000-introduction.rst
0020-about-fuel.rst
0030-release-notes.rst
0040-reference-architecture.rst
0045-installation-fuel-ui.rst
0050-installation-fuel-cli.rst
0055-production-considerations.rst
0058-advanced-configuration.rst
0060-frequently-asked-questions.rst
about-fuel.rst
_build/doctrees/environment.pickle
_build/doctrees/index.doctree
_build/doctrees/pages/0000-preface.doctree
_build/doctrees/pages/0010-package-contents.doctree
_build/doctrees/pages/0020-introduction.doctree
_build/doctrees/pages/0040-reference-architecture.doctree
_build/doctrees/pages/0045-installation-fuel-web.doctree
_build/doctrees/pages/0050-installation-instructions.doctree
_build/doctrees/pages/0055-production-considerations.doctree
_build/doctrees/pages/0058-advanced-configuration.doctree
_build/doctrees/pages/0060-frequently-asked-questions.doctree
_build/doctrees/pages/advanced-topics/0010-introduction.doctree
_build/doctrees/pages/advanced-topics/0020-custom-plug-ins.doctree
_build/doctrees/pages/advanced-topics/0030-quantum-HA.doctree
_build/doctrees/pages/advanced-topics/0040-bonding.doctree
_build/doctrees/pages/frequently-asked-questions/0000-technical-DISPLAYSTUB.doctree
_build/doctrees/pages/frequently-asked-questions/0010-rabbitmq.doctree
_build/doctrees/pages/frequently-asked-questions/0020-galera.doctree
_build/doctrees/pages/frequently-asked-questions/0070-common-technical-issues.doctree
_build/doctrees/pages/frequently-asked-questions/0080-other-questions.doctree
_build/doctrees/pages/installation-fuel-web/developer.doctree
_build/doctrees/pages/installation-fuel-web/develop/logical_arch.doctree
_build/doctrees/pages/installation-fuel-web/develop/sequence.doctree
_build/doctrees/pages/installation-fuel-web/user.doctree
_build/doctrees/pages/installation-fuel-web/user/install.doctree
_build/doctrees/pages/installation-fuel-web/user/network_issues.doctree
_build/doctrees/pages/installation-fuel-web/user/networks.doctree
_build/doctrees/pages/installation-instructions/0000-preamble.doctree
_build/doctrees/pages/installation-instructions/0010-introduction.doctree
_build/doctrees/pages/installation-instructions/0015-before-you-start.doctree
_build/doctrees/pages/installation-instructions/0020-machines.doctree
_build/doctrees/pages/installation-instructions/0040-installing-configuring-puppet-master.doctree
_build/doctrees/pages/installation-instructions/0050-configuring-cobbler.doctree
_build/doctrees/pages/installation-instructions/0057-prepare-for-deployment.doctree
_build/doctrees/pages/installation-instructions/0060-understand-the-manifest.doctree
_build/doctrees/pages/installation-instructions/0070-orchestration.doctree
_build/doctrees/pages/installation-instructions/0080-testing-openstack.doctree
_build/doctrees/pages/introduction/0010-introduction.doctree
_build/doctrees/pages/introduction/0020-what-is-fuel.doctree
_build/doctrees/pages/introduction/0030-how-it-works.doctree
_build/doctrees/pages/introduction/0040-reference-topologies.doctree
_build/doctrees/pages/introduction/0050-supported-software.doctree
_build/doctrees/pages/introduction/0060-download-fuel.doctree
_build/doctrees/pages/introduction/0070-release-notes.doctree
_build/doctrees/pages/introduction/release-notes/v1-0-essex.doctree
_build/doctrees/pages/introduction/release-notes/v2-0-folsom.doctree
_build/doctrees/pages/introduction/release-notes/v2-1-folsom.doctree
_build/doctrees/pages/introduction/release-notes/v2-2-folsom.doctree
_build/doctrees/pages/introduction/release-notes/v3-0-grizzly.doctree
_build/doctrees/pages/introduction/release-notes/v3-1-grizzly.doctree
_build/doctrees/pages/package-contents/0010-package-contents.doctree
_build/doctrees/pages/production-considerations/0010-introduction-DISPLAYSTUB.doctree
_build/doctrees/pages/production-considerations/0010-introduction.doctree
_build/doctrees/pages/production-considerations/0015-sizing-hardware.doctree
_build/doctrees/pages/production-considerations/0020-deployment-pipeline.doctree
_build/doctrees/pages/production-considerations/0030-large-deployments.doctree
_build/doctrees/pages/reference-architecture/0010-overview.doctree
_build/doctrees/pages/reference-architecture/0015-closer-look.doctree
_build/doctrees/pages/reference-architecture/0020-logical-setup.doctree
_build/doctrees/pages/reference-architecture/0030-cluster-sizing.doctree
_build/doctrees/pages/reference-architecture/0040-network-setup.doctree
_build/doctrees/pages/reference-architecture/0050-technical-considerations-DISPLAYSTUB.doctree
_build/doctrees/pages/reference-architecture/0050-technical-considerations-overview.doctree
_build/doctrees/pages/reference-architecture/0060-quantum-vs-nova-network.doctree
_build/doctrees/pages/reference-architecture/0070-cinder-vs-nova-volume.doctree
_build/doctrees/pages/reference-architecture/0080-swift-notes.doctree
_build/html/.buildinfo
_build/html/genindex.html
_build/html/_images/FuelSimpleDiagramv.gif
_build/html/index.html
_build/html/objects.inv
_build/html/pages/0000-preface.html
_build/html/pages/0010-package-contents.html
_build/html/pages/0020-introduction.html
_build/html/pages/0040-reference-architecture.html
_build/html/pages/0045-installation-fuel-web.html
_build/html/pages/0050-installation-instructions.html
_build/html/pages/0055-production-considerations.html
_build/html/pages/0058-advanced-configuration.html
_build/html/pages/0060-frequently-asked-questions.html
_build/html/pages/advanced-topics/0010-introduction.html
_build/html/pages/advanced-topics/0020-custom-plug-ins.html
_build/html/pages/advanced-topics/0030-quantum-HA.html
_build/html/pages/advanced-topics/0040-bonding.html
_build/html/pages/frequently-asked-questions/0000-technical-DISPLAYSTUB.html
_build/html/pages/frequently-asked-questions/0010-rabbitmq.html
_build/html/pages/frequently-asked-questions/0020-galera.html
_build/html/pages/frequently-asked-questions/0070-common-technical-issues.html
_build/html/pages/frequently-asked-questions/0080-other-questions.html
_build/html/pages/installation-fuel-web/developer.html
_build/html/pages/installation-fuel-web/develop/logical_arch.html
_build/html/pages/installation-fuel-web/develop/sequence.html
_build/html/pages/installation-fuel-web/user.html
_build/html/pages/installation-fuel-web/user/install.html
_build/html/pages/installation-fuel-web/user/network_issues.html
_build/html/pages/installation-fuel-web/user/networks.html
_build/html/pages/installation-instructions/0000-preamble.html
_build/html/pages/installation-instructions/0010-introduction.html
_build/html/pages/installation-instructions/0015-before-you-start.html
_build/html/pages/installation-instructions/0020-machines.html
_build/html/pages/installation-instructions/0040-installing-configuring-puppet-master.html
_build/html/pages/installation-instructions/0050-configuring-cobbler.html
_build/html/pages/installation-instructions/0057-prepare-for-deployment.html
_build/html/pages/installation-instructions/0060-understand-the-manifest.html
_build/html/pages/installation-instructions/0070-orchestration.html
_build/html/pages/installation-instructions/0080-testing-openstack.html
_build/html/pages/introduction/0010-introduction.html
_build/html/pages/introduction/0020-what-is-fuel.html
_build/html/pages/introduction/0030-how-it-works.html
_build/html/pages/introduction/0040-reference-topologies.html
_build/html/pages/introduction/0050-supported-software.html
_build/html/pages/introduction/0060-download-fuel.html
_build/html/pages/introduction/0070-release-notes.html
_build/html/pages/introduction/release-notes/v1-0-essex.html
_build/html/pages/introduction/release-notes/v2-0-folsom.html
_build/html/pages/introduction/release-notes/v2-1-folsom.html
_build/html/pages/introduction/release-notes/v2-2-folsom.html
_build/html/pages/introduction/release-notes/v3-0-grizzly.html
_build/html/pages/introduction/release-notes/v3-1-grizzly.html
_build/html/pages/package-contents/0010-package-contents.html
_build/html/pages/production-considerations/0010-introduction-DISPLAYSTUB.html
_build/html/pages/production-considerations/0010-introduction.html
_build/html/pages/production-considerations/0015-sizing-hardware.html
_build/html/pages/production-considerations/0020-deployment-pipeline.html
_build/html/pages/production-considerations/0030-large-deployments.html
_build/html/pages/reference-architecture/0010-overview.html
_build/html/pages/reference-architecture/0015-closer-look.html
_build/html/pages/reference-architecture/0020-logical-setup.html
_build/html/pages/reference-architecture/0030-cluster-sizing.html
_build/html/pages/reference-architecture/0040-network-setup.html
_build/html/pages/reference-architecture/0050-technical-considerations-DISPLAYSTUB.html
_build/html/pages/reference-architecture/0050-technical-considerations-overview.html
_build/html/pages/reference-architecture/0060-quantum-vs-nova-network.html
_build/html/pages/reference-architecture/0070-cinder-vs-nova-volume.html
_build/html/pages/reference-architecture/0080-swift-notes.html
_build/html/search.html
_build/html/searchindex.js
_build/html/_sources/index.txt
_build/html/_sources/pages/0000-preface.txt
_build/html/_sources/pages/0010-package-contents.txt
_build/html/_sources/pages/0020-introduction.txt
_build/html/_sources/pages/0040-reference-architecture.txt
_build/html/_sources/pages/0045-installation-fuel-web.txt
_build/html/_sources/pages/0050-installation-instructions.txt
_build/html/_sources/pages/0055-production-considerations.txt
_build/html/_sources/pages/0058-advanced-configuration.txt
_build/html/_sources/pages/0060-frequently-asked-questions.txt
_build/html/_sources/pages/advanced-topics/0010-introduction.txt
_build/html/_sources/pages/advanced-topics/0020-custom-plug-ins.txt
_build/html/_sources/pages/advanced-topics/0030-quantum-HA.txt
_build/html/_sources/pages/advanced-topics/0040-bonding.txt
_build/html/_sources/pages/frequently-asked-questions/0000-technical-DISPLAYSTUB.txt
_build/html/_sources/pages/frequently-asked-questions/0010-rabbitmq.txt
_build/html/_sources/pages/frequently-asked-questions/0020-galera.txt
_build/html/_sources/pages/frequently-asked-questions/0070-common-technical-issues.txt
_build/html/_sources/pages/frequently-asked-questions/0080-other-questions.txt
_build/html/_sources/pages/installation-fuel-web/developer.txt
_build/html/_sources/pages/installation-fuel-web/develop/logical_arch.txt
_build/html/_sources/pages/installation-fuel-web/develop/sequence.txt
_build/html/_sources/pages/installation-fuel-web/user/install.txt
_build/html/_sources/pages/installation-fuel-web/user/network_issues.txt
_build/html/_sources/pages/installation-fuel-web/user/networks.txt
_build/html/_sources/pages/installation-fuel-web/user.txt
_build/html/_sources/pages/installation-instructions/0000-preamble.txt
_build/html/_sources/pages/installation-instructions/0010-introduction.txt
_build/html/_sources/pages/installation-instructions/0015-before-you-start.txt
_build/html/_sources/pages/installation-instructions/0020-machines.txt
_build/html/_sources/pages/installation-instructions/0040-installing-configuring-puppet-master.txt
_build/html/_sources/pages/installation-instructions/0050-configuring-cobbler.txt
_build/html/_sources/pages/installation-instructions/0057-prepare-for-deployment.txt
_build/html/_sources/pages/installation-instructions/0060-understand-the-manifest.txt
_build/html/_sources/pages/installation-instructions/0070-orchestration.txt
_build/html/_sources/pages/installation-instructions/0080-testing-openstack.txt
_build/html/_sources/pages/introduction/0010-introduction.txt
_build/html/_sources/pages/introduction/0020-what-is-fuel.txt
_build/html/_sources/pages/introduction/0030-how-it-works.txt
_build/html/_sources/pages/introduction/0040-reference-topologies.txt
_build/html/_sources/pages/introduction/0050-supported-software.txt
_build/html/_sources/pages/introduction/0060-download-fuel.txt
_build/html/_sources/pages/introduction/0070-release-notes.txt
_build/html/_sources/pages/introduction/release-notes/v1-0-essex.txt
_build/html/_sources/pages/introduction/release-notes/v2-0-folsom.txt
_build/html/_sources/pages/introduction/release-notes/v2-1-folsom.txt
_build/html/_sources/pages/introduction/release-notes/v2-2-folsom.txt
_build/html/_sources/pages/introduction/release-notes/v3-0-grizzly.txt
_build/html/_sources/pages/introduction/release-notes/v3-1-grizzly.txt
_build/html/_sources/pages/package-contents/0010-package-contents.txt
_build/html/_sources/pages/production-considerations/0010-introduction-DISPLAYSTUB.txt
_build/html/_sources/pages/production-considerations/0010-introduction.txt
_build/html/_sources/pages/production-considerations/0015-sizing-hardware.txt
_build/html/_sources/pages/production-considerations/0020-deployment-pipeline.txt
_build/html/_sources/pages/production-considerations/0030-large-deployments.txt
_build/html/_sources/pages/reference-architecture/0010-overview.txt
_build/html/_sources/pages/reference-architecture/0015-closer-look.txt
_build/html/_sources/pages/reference-architecture/0020-logical-setup.txt
_build/html/_sources/pages/reference-architecture/0030-cluster-sizing.txt
_build/html/_sources/pages/reference-architecture/0040-network-setup.txt
_build/html/_sources/pages/reference-architecture/0050-technical-considerations-DISPLAYSTUB.txt
_build/html/_sources/pages/reference-architecture/0050-technical-considerations-overview.txt
_build/html/_sources/pages/reference-architecture/0060-quantum-vs-nova-network.txt
_build/html/_sources/pages/reference-architecture/0070-cinder-vs-nova-volume.txt
_build/html/_sources/pages/reference-architecture/0080-swift-notes.txt
_build/html/_static/ajax-loader.gif
_build/html/_static/basic.css
_build/html/_static/bootstrap.css
_build/html/_static/bootstrap.js
_build/html/_static/bootstrap-responsive.css
_build/html/_static/bootstrap-sphinx.css
_build/html/_static/doctools.js
_build/html/_static/jquery.js
_build/html/_static/pygments.css
_build/html/_static/searchtools.js
_build/html/_static/sphinxdoc.css
_build/html/_static/underscore.js
_build/html/_static/websupport.js
_build/pdf/Fuel for OpenStack.pdf
common_conf.py
conf.py
contents/contents-faq.rst
contents/contents-install.rst
contents/contents-openstack-patch-quick-ref.rst
contents/contents-operations.rst
contents/contents-planning-guide.rst
contents/contents-pre-install-guide.rst
contents/contents-refarch.rst
contents/contents-release-notes.rst
contents/contents-terminology.rst
contents/contents-user.rst
contents/contents-virtualbox.rst
contents-install.rst
contents-refarch.rst
contents.rst
contents-user.rst
copyright_page.rst
copyright.rst
eula.rst
express-relnotes.rst
express-user-guide.rst
_fonts/PTC55F.ttf
_fonts/PTC55F_W.eot
_fonts/PTC55F_W.ttf
_fonts/PTC55F_W.woff
_fonts/PTC75F.ttf
_fonts/PTC75F_W.eot
_fonts/PTC75F_W.ttf
_fonts/PTC75F_W.woff
_fonts/PTF55F.ttf
_fonts/PTF55F_W.eot
_fonts/PTF55F_W.ttf
_fonts/PTF55F_W.woff
_fonts/PTF56F.ttf
_fonts/PTF56F_W.eot
_fonts/PTF56F_W.ttf
_fonts/PTF56F_W.woff
_fonts/PTF75F.ttf
_fonts/PTF75F_W.eot
_fonts/PTF75F_W.ttf
_fonts/PTF75F_W.woff
_fonts/PTF76F.ttf
_fonts/PTF76F_W.eot
_fonts/PTF76F_W.ttf
_fonts/PTF76F_W.woff
_fonts/PTM55F.ttf
_fonts/PTM55F_W.ttf
_fonts/PTM55F_W.woff
_fonts/PTM75F.ttf
_fonts/PTM75F_W.ttf
_fonts/PTM75F_W.woff
_fonts/PTN57F.ttf
_fonts/PTN57F_W.eot
_fonts/PTN57F_W.ttf
_fonts/PTN57F_W.woff
_fonts/PTN77F.ttf
_fonts/PTN77F_W.eot
_fonts/PTN77F_W.ttf
_fonts/PTN77F_W.woff
_fonts/PTS55F.ttf
_fonts/PTS55F_W.eot
_fonts/PTS55F_W.ttf
_fonts/PTS55F_W.woff
_fonts/PTS56F.ttf
_fonts/PTS56F_W.eot
_fonts/PTS56F_W.ttf
_fonts/PTS56F_W.woff
_fonts/PTS75F.ttf
_fonts/PTS75F_W.eot
_fonts/PTS75F_W.ttf
_fonts/PTS75F_W.woff
_fonts/PTS76F.ttf
_fonts/PTS76F_W.eot
_fonts/PTS76F_W.ttf
_fonts/PTS76F_W.woff
_fonts/PTZ55F.ttf
_fonts/PTZ55F_W.eot
_fonts/PTZ55F_W.ttf
_fonts/PTZ55F_W.woff
_fonts/PTZ56F.ttf
_fonts/PTZ56F_W.eot
_fonts/PTZ56F_W.ttf
_fonts/PTZ56F_W.woff
_fonts/type.xml
frequently-asked-questions.rst
fuel-library/common_conf.py
fuel-library/conf.py
fuel-library/index.rst
fuel-library/make.bat
fuel-library/pages/0000-preface.rst
fuel-library/pages/0010-package-contents.rst
fuel-library/pages/0020-introduction.rst
fuel-library/pages/0040-reference-architecture.rst
fuel-library/pages/0050-installation-instructions.rst
fuel-library/pages/0055-production-considerations.rst
fuel-library/pages/0058-advanced-configuration.rst
fuel-library/pages/0060-frequently-asked-questions.rst
fuel-library/pages/0090-creating-fuel-pm-from-scratch.rst
fuel-library/pages/advanced-topics/0010-introduction.rst
fuel-library/pages/advanced-topics/0020-custom-plug-ins.rst
fuel-library/pages/advanced-topics/0030-quantum-HA.rst
fuel-library/pages/advanced-topics/0040-bonding.rst
fuel-library/pages/creating-fuel-pm/0010-creating-fuel-pm-from-scratch.rst
fuel-library/pages/creating-fuel-pm/0045-configuring-fuel-pm.rst
fuel-library/pages/creating-fuel-pm/0050-installing-configuring-cobbler.rst
fuel-library/pages/creating-fuel-pm/0060-register-with-fuel.rst
fuel-library/pages/creating-fuel-pm/0090-creating-fuel-pm-from-scratch-DISPLAYSTUB.rst
fuel-library/pages/frequently-asked-questions/0000-technical-DISPLAYSTUB.rst
fuel-library/pages/frequently-asked-questions/0010-rabbitmq.rst
fuel-library/pages/frequently-asked-questions/0020-galera.rst
fuel-library/pages/frequently-asked-questions/0070-common-technical-issues.rst
fuel-library/pages/frequently-asked-questions/0080-other-questions.rst
fuel-library/pages/installation-instructions/0000-preamble.rst
fuel-library/pages/installation-instructions/0010-introduction.rst
fuel-library/pages/installation-instructions/0015-before-you-start.rst
fuel-library/pages/installation-instructions/0020-machines.rst
fuel-library/pages/installation-instructions/0040-installing-configuring-puppet-master.rst
fuel-library/pages/installation-instructions/0050-configuring-cobbler.rst
fuel-library/pages/installation-instructions/0057-prepare-for-deployment.rst
fuel-library/pages/installation-instructions/0060-understand-the-manifest.rst
fuel-library/pages/installation-instructions/0070-orchestration.rst
fuel-library/pages/installation-instructions/0080-testing-openstack.rst
fuel-library/pages/installation-instructions/astute.cfg
fuel-library/pages/installation-instructions/config.yaml
fuel-library/pages/introduction/0010-introduction.rst
fuel-library/pages/introduction/0020-what-is-fuel.rst
fuel-library/pages/introduction/0030-how-it-works.rst
fuel-library/pages/introduction/0040-reference-topologies.rst
fuel-library/pages/introduction/0050-supported-software.rst
fuel-library/pages/introduction/0060-download-fuel.rst
fuel-library/pages/introduction/0070-release-notes.rst
fuel-library/pages/introduction/FuelSimpleDiagramv.gif
fuel-library/pages/introduction/release-notes/v1-0-essex.rst
fuel-library/pages/introduction/release-notes/v2-0-folsom.rst
fuel-library/pages/introduction/release-notes/v2-1-folsom.rst
fuel-library/pages/introduction/release-notes/v2-2-folsom.rst
fuel-library/pages/introduction/release-notes/v3-0-grizzly.rst
fuel-library/pages/package-contents/0010-package-contents.rst
fuel-library/pages/production-considerations/0010-introduction-DISPLAYSTUB.rst
fuel-library/pages/production-considerations/0010-introduction.rst
fuel-library/pages/production-considerations/0015-sizing-hardware.rst
fuel-library/pages/production-considerations/0020-deployment-pipeline.rst
fuel-library/pages/production-considerations/0030-large-deployments.rst
fuel-library/pages/reference-architecture/0010-overview.rst
fuel-library/pages/reference-architecture/0015-closer-look.rst
fuel-library/pages/reference-architecture/0020-logical-setup.rst
fuel-library/pages/reference-architecture/0030-cluster-sizing.rst
fuel-library/pages/reference-architecture/0040-network-setup.rst
fuel-library/pages/reference-architecture/0050-technical-considerations-DISPLAYSTUB.rst
fuel-library/pages/reference-architecture/0050-technical-considerations-overview.rst
fuel-library/pages/reference-architecture/0060-quantum-vs-nova-network.rst
fuel-library/pages/reference-architecture/0070-cinder-vs-nova-volume.rst
fuel-library/pages/reference-architecture/0080-swift-notes.rst
fuel-library/requirements.txt
fuel-library/_static/bootstrap.css
fuel-library/_static/bootstrap.js
fuel-library/_static/bootstrap-responsive.css
fuel-library/_static/bootstrap-sphinx.css_t
fuel-library/_static/jquery.js
fuel-library/_templates/bootstrap/globaltoc.html
fuel-library/_templates/bootstrap/layout.html
fuel-library/_templates/bootstrap/localtoc.html
fuel-library/_templates/bootstrap/relations.html
fuel-library/_templates/bootstrap/searchbox.html
fuel-library/_templates/bootstrap/sourcelink.html
fuel-library/_templates/bootstrap/static/bootstrap.css
fuel-library/_templates/bootstrap/static/bootstrap.js
fuel-library/_templates/bootstrap/static/bootstrap-responsive.css
fuel-library/_templates/bootstrap/static/bootstrap-sphinx.css_t
fuel-library/_templates/bootstrap/static/jquery.js
fuel-library/_templates/bootstrap/theme.conf
fuel-library/_templates/mirantis/static/mirantis.css_t
fuel-library/_templates/mirantis/static/overlay.xcf
fuel-library/_templates/mirantis/theme.conf
index.rst
installation-fuel-cli.rst
installation-fuel-ui.rst
install-guide.rst
LICENSE
make.bat
openstack-patch-quick-ref.rst
operations.rst
pages/0000-introduction.rst
pages/0000-preface.rst
pages/0010-package-contents.rst
pages/0010-preface.rst
pages/0020-about-fuel.rst
pages/0020-introduction.rst
pages/0030-release-notes.rst
pages/0040-reference-architecture.rst
pages/0045-installation-fuel-ui.rst
pages/0045-installation-fuel-web.rst
pages/0050-installation-fuel-cli.rst
pages/0050-installation-instructions.rst
pages/0055-production-considerations.rst
pages/0058-advanced-configuration.rst
pages/0060-frequently-asked-questions.rst
pages/0090-creating-fuel-pm-from-scratch.rst
pages/about-fuel/0010-prerequisites.rst
pages/about-fuel/0020-what-is-fuel
pages/about-fuel/0020-what-is-fuel.rst
pages/about-fuel/0030-how-it-works.rst
pages/about-fuel/0040-reference-topologies.rst
pages/about-fuel/0050-supported-software.rst
pages/about-fuel/0060-download-fuel.rst
pages/about-fuel/0070-introduction.rst
pages/advanced-topics/0010-introduction.rst
pages/advanced-topics/0020-custom-plug-ins.rst
pages/advanced-topics/0030-quantum-HA.rst
pages/advanced-topics/0040-bonding.rst
pages/creating-fuel-pm/0010-creating-fuel-pm-from-scratch.rst
pages/creating-fuel-pm/0045-configuring-fuel-pm.rst
pages/creating-fuel-pm/0050-installing-configuring-cobbler.rst
pages/creating-fuel-pm/0060-register-with-fuel.rst
pages/creating-fuel-pm/0090-creating-fuel-pm-from-scratch-DISPLAYSTUB.rst
pages/exp-relnotes/0000-whatis.rst
pages/exp-relnotes/1000-features.rst
pages/exp-relnotes/4000-known-issues.rst
pages/exp-user-guide/0000-intro.rst
pages/frequently-asked-questions/0000-common-issues-header.rst
pages/frequently-asked-questions/0000-technical-DISPLAYSTUB
pages/frequently-asked-questions/0000-technical-DISPLAYSTUB.rst
pages/frequently-asked-questions/0010-corosync-crashes.rst
pages/frequently-asked-questions/0010-rabbitmq.rst
pages/frequently-asked-questions/0020-galera
pages/frequently-asked-questions/0020-galera.rst
pages/frequently-asked-questions/0020-rabbitmq.rst
pages/frequently-asked-questions/0030-add-remove-nodes-without-downtime
pages/frequently-asked-questions/0030-add-remove-nodes-without-downtime.rst
pages/frequently-asked-questions/0030-howtos.rst
pages/frequently-asked-questions/0030-mysql-pacemaker.rst
pages/frequently-asked-questions/0040-corosync-crashes.rst
pages/frequently-asked-questions/0070-common-technical-issues.rst
pages/frequently-asked-questions/0080-other-questions.rst
pages/frequently-asked-questions/0090-ha-notes.rst
pages/frequently-asked-questions/0100-ha-notes.rst
pages/frequently-asked-questions/0110-corosync-settings.rst
pages/frequently-asked-questions/0120-pacemaker-settings.rst
pages/frequently-asked-questions/0130-how-fuel-deploys-ha.rst
pages/frequently-asked-questions/0200-howtos.rst
pages/frequently-asked-questions/0210-create-xfs.rst
pages/frequently-asked-questions/0220-redeploy-node.rst
pages/frequently-asked-questions/0230-galera-autorebuild.rst
pages/frequently-asked-questions/0240-tshoot-corosync-pacemaker.rst
pages/frequently-asked-questions/0250-crm-resources.rst
pages/frequently-asked-questions/0260-verify-neutron-ha-crm.rst
pages/frequently-asked-questions/0300-other-questions.rst
pages/installation-fuel-cli/0000-preamble
pages/installation-fuel-cli/0000-preamble.rst
pages/installation-fuel-cli/0010-introduction
pages/installation-fuel-cli/0010-introduction.rst
pages/installation-fuel-cli/0015-before-you-start
pages/installation-fuel-cli/0015-before-you-start.rst
pages/installation-fuel-cli/0020-machines
pages/installation-fuel-cli/0020-machines.rst
pages/installation-fuel-cli/.0020.swp
pages/installation-fuel-cli/0040-installing-configuring-puppet-master.rst
pages/installation-fuel-cli/0050-configuring-cobbler.rst
pages/installation-fuel-cli/0057-prepare-for-deployment
pages/installation-fuel-cli/0057-prepare-for-deployment.rst
pages/installation-fuel-cli/0060-understand-the-manifest.rst
pages/installation-fuel-cli/0065-install nagios
pages/installation-fuel-cli/0065-install nagios.rst
pages/installation-fuel-cli/0070-orchestration
pages/installation-fuel-cli/0070-orchestration.rst
pages/installation-fuel-cli/0080-testing-openstack.rst
pages/installation-fuel-cli/astute.cfg
pages/installation-fuel-cli/config.yaml
pages/installation-fuel-ui/config.sh
pages/installation-fuel-ui/install.rst
pages/installation-fuel-ui/network-issues.rst
pages/installation-fuel-ui/networks.rst
pages/installation-fuel-ui/post-install-healthchecks.rst
pages/installation-fuel-ui/red_hat_openstack.rst
pages/installation-fuel-web/common_conf.py
pages/installation-fuel-web/conf.py
pages/installation-fuel-web/developer.rst
pages/installation-fuel-web/develop/logical_arch.rst
pages/installation-fuel-web/develop.rst
pages/installation-fuel-web/develop/sequence.rst
pages/installation-fuel-web/index.rst
pages/installation-fuel-web/install.rst
pages/installation-fuel-web/make.bat
pages/installation-fuel-web/network-issues.rst
pages/installation-fuel-web/networks.rst
pages/installation-fuel-web/_templates/bootstrap/globaltoc.html
pages/installation-fuel-web/_templates/bootstrap/layout.html
pages/installation-fuel-web/_templates/bootstrap/localtoc.html
pages/installation-fuel-web/_templates/bootstrap/relations.html
pages/installation-fuel-web/_templates/bootstrap/searchbox.html
pages/installation-fuel-web/_templates/bootstrap/sourcelink.html
pages/installation-fuel-web/_templates/bootstrap/static/bootstrap.css
pages/installation-fuel-web/_templates/bootstrap/static/bootstrap.js
pages/installation-fuel-web/_templates/bootstrap/static/bootstrap-responsive.css
pages/installation-fuel-web/_templates/bootstrap/static/bootstrap-sphinx.css_t
pages/installation-fuel-web/_templates/bootstrap/static/jquery.js
pages/installation-fuel-web/_templates/bootstrap/theme.conf
pages/installation-fuel-web/user/install.rst
pages/installation-fuel-web/user/network_issues.rst
pages/installation-fuel-web/user/networks.rst
pages/installation-fuel-web/user.rst
pages/installation-instructions/0000-preamble.rst
pages/installation-instructions/0010-introduction.rst
pages/installation-instructions/0015-before-you-start.rst
pages/installation-instructions/0020-machines.rst
pages/installation-instructions/0040-installing-configuring-puppet-master.rst
pages/installation-instructions/0050-configuring-cobbler.rst
pages/installation-instructions/0057-prepare-for-deployment.rst
pages/installation-instructions/0060-understand-the-manifest.rst
pages/installation-instructions/0070-orchestration.rst
pages/installation-instructions/0080-testing-openstack.rst
pages/installation-instructions/astute.cfg
pages/installation-instructions/config.yaml
pages/install-guide/0000-intro/0000-intro-header.rst
pages/install-guide/0000-intro/0100-fuel-intro.rst
pages/install-guide/0000-intro/0200-deploy-modes.rst
pages/install-guide/0000-intro/0300-nodetypes-intro.rst
pages/install-guide/0000-intro/0400-supported-software-list.rst
pages/install-guide/0000-intro/0500-install-summary.rst
pages/install-guide/0000-intro.rst
pages/install-guide/0000-preamble
pages/install-guide/0010-introduction
pages/install-guide/0010-package-contents.rst
pages/install-guide/0010-prerequisites/0000-hdwr-sizing-intro.rst
pages/install-guide/0010-prerequisites/0200-ex-hardware-calculations.rst
pages/install-guide/0010-prerequisites/0300-cpu-hardware-sizing.rst
pages/install-guide/0010-prerequisites/0400-memory-hardware-sizing.rst
pages/install-guide/0010-prerequisites/0500-storage-memory-hardware-sizing.rst
pages/install-guide/0010-prerequisites/0530-throughput-hardware-sizing.rst
pages/install-guide/0010-prerequisites/0545-remote-storage-hardware.rst
pages/install-guide/0010-prerequisites/0547-object-storage-hardware.rst
pages/install-guide/0010-prerequisites/0600-network-hardware-sizing.rst
pages/install-guide/0010-prerequisites/0630-scalability.rst
pages/install-guide/0010-prerequisites/0640-hardware-ex.rst
pages/install-guide/0010-prerequisites/0700-hardware-summary.rst
pages/install-guide/0010-prerequisites.rst
pages/install-guide/0015-before-you-start
pages/install-guide/0015-sizing-hardware.rst
pages/install-guide/0020-deployment-pipeline.rst
pages/install-guide/0020-machines
pages/install-guide/0020-what-is-fuel
pages/install-guide/0030-how-it-works.rst
pages/install-guide/0030-large-deployments.rst
pages/install-guide/0040-configure-hardware.rst
pages/install-guide/0040-reference-topologies.rst
pages/install-guide/0050-supported-software.rst
pages/install-guide/0057-prepare-for-deployment
pages/install-guide/0060-download-fuel/0100-before-download.rst
pages/install-guide/0060-download-fuel/0200-download.rst
pages/install-guide/0060-download-fuel.rst
pages/install-guide/0060-understand-the-manifest.rst
pages/install-guide/0065-install nagios
pages/install-guide/0070-networks/0100-understand-config-network.rst
pages/install-guide/0070-networks/0150-flatdhcp-multihost.rst
pages/install-guide/0070-networks/0170-flatdhcp-single-interface.rst
pages/install-guide/0070-networks/0190-vlanmanager.rst
pages/install-guide/0070-networks/0200-fuel-deployment-schema.rst
pages/install-guide/0070-networks/0210-config-network.rst
pages/install-guide/0070-networks/0220-map-logical-to-physical-nic.rst
pages/install-guide/0070-networks/0300-switch-config.rst
pages/install-guide/0070-networks/0350-router.rst
pages/install-guide/0070-networks/0400-access-to-public-net.rst
pages/install-guide/0070-networks.rst
pages/install-guide/0070-orchestration
pages/install-guide/0080-testing-openstack.rst
pages/install-guide/cli.rst
pages/install-guide/install/0100-install-master-header.rst
pages/install-guide/install/0200-install-bare-metal.rst
pages/install-guide/install/0300-install-virtualbox.rst
pages/install-guide/install/0330-install-automatic-virtualbox.rst
pages/install-guide/install/0340-install-manual-virtualbox.rst
pages/install-guide/install/0350-manual-master.rst
pages/install-guide/install/0360-manual-slave.rst
pages/install-guide/install/0400-network-install.rst
pages/install-guide/install/0400-pxe-config.rst
pages/install-guide/install/0420-change-net-params.rst
pages/install-guide/install/0450-boot-nodes.rst
pages/install-guide/install/0500-pxe.rst
pages/install-guide/install/0900-master-finish.rst
pages/install-guide/install.rst
pages/install-guide/networks.rst
pages/install-guide/stop_reset/0100-stop-deploy-header.rst
pages/install-guide/stop_reset/0200-stop-deploy-ui.rst
pages/install-guide/stop_reset/0500-reset-environment.rst
pages/install-guide/stop_reset.rst
pages/introduction/0010-introduction.rst
pages/introduction/0020-what-is-fuel.rst
pages/introduction/0030-how-it-works.rst
pages/introduction/0040-reference-topologies.rst
pages/introduction/0050-supported-software.rst
pages/introduction/0060-download-fuel.rst
pages/introduction/0070-release-notes.rst
pages/introduction/FuelSimpleDiagramv.gif
pages/introduction/release-notes/v1-0-essex.rst
pages/introduction/release-notes/v2-0-folsom.rst
pages/introduction/release-notes/v2-1-folsom.rst
pages/introduction/release-notes/v2-2-folsom.rst
pages/introduction/release-notes/v3-0-grizzly.rst
pages/introduction/release-notes/v3-1-grizzly.rst
pages/new-files/post-install-healthchecks.rst
pages/old/about-fuel/0020-what-is-fuel
pages/old/about-fuel/0030-how-it-works.rst
pages/old/about-fuel/0040-reference-topologies.rst
pages/old/about-fuel/0050-supported-software.rst
pages/old/about-fuel/0060-download-fuel.rst
pages/old/about-fuel/0070-introduction.rst
pages/old/about-fuel.rst
pages/old/advanced-topics/0010-introduction.rst
pages/old/advanced-topics/0020-custom-plug-ins.rst
pages/old/advanced-topics/0030-quantum-HA.rst
pages/old/advanced-topics/0040-bonding.rst
pages/old/copyright.rst
pages/old/installation-fuel-cli.rst
pages/old/installation-fuel-ui/install.rst
pages/old/installation-fuel-ui/network-issues.rst
pages/old/installation-fuel-ui/networks.rst
pages/old/installation-fuel-ui/post-install-healthchecks.rst
pages/old/installation-fuel-ui/red_hat_openstack.rst
pages/old/installation-fuel-ui.rst
pages/old/package-contents/0010-package-contents.rst
pages/old/production-considerations/0015-sizing-hardware.rst
pages/old/production-considerations/0030-large-deployments.rst
pages/old/production-considerations.rst
pages/old/reference-architecture.rst
pages/openstack-patch-quick-ref/0010-intro.rst
pages/openstack-patch-quick-ref/0020-identify-files.rst
pages/openstack-patch-quick-ref/0030-obtain-patch.rst
pages/openstack-patch-quick-ref/0032-github-com.rst
pages/openstack-patch-quick-ref/0033-git-openstack.rst
pages/openstack-patch-quick-ref/0034-local-git.rst
pages/openstack-patch-quick-ref/0040-distribute-patch.rst
pages/openstack-patch-quick-ref/0050-apply-patch.rst
pages/openstack-patch-quick-ref/0060-restart-services.rst
pages/openstack-patch-quick-ref/0070-rollback-patch.rst
pages/operations/0000-intro.rst
pages/operations/2310-create-xfs.rst
pages/operations/2320-redeploy-node.rst
pages/operations/2410-galera-autorebuild.rst
pages/operations/5400-puppet-custom-attributes.rst
pages/operations/7000-sahara.rst
pages/operations/7400-murano.rst
pages/operations/7800-vcenter.rst
pages/operations/8000-performance.rst
pages/operations/8500-ceilometer.rst
pages/operations/8600-heat.rst
pages/operations/8900-testing-details.rst
pages/operations/9000-troubleshoot.rst
pages/operations/9500-patching.rst
pages/operations/docker-on-master.rst
pages/operations/health-checks/0400-sanity-tests-about.rst
pages/operations/health-checks/0410-functional-tests-about.rst
pages/operations/health-checks/0500-test-network.rst
pages/operations/health-checks/0630-heat-prepare-test.rst
pages/operations/health-checks/0650-heat-test-details.rst
pages/operations/murano/7410-components.rst
pages/operations/murano/7482-test-prepare.rst
pages/operations/murano/7485-test-details.rst
pages/operations/murano/7490-troubleshoot.rst
pages/operations/patch/0010-intro.rst
pages/operations/patch/0020-identify-files.rst
pages/operations/patch/0030-obtain-patch.rst
pages/operations/patch/0032-github-com.rst
pages/operations/patch/0033-git-openstack.rst
pages/operations/patch/0034-local-git.rst
pages/operations/patch/0040-distribute-patch.rst
pages/operations/patch/0050-apply-patch.rst
pages/operations/patch/0060-restart-services.rst
pages/operations/patch/0070-rollback-patch.rst
pages/operations/perform/8200-keystone-tokens.rst
pages/operations/sahara/7600-ports.rst
pages/operations/sahara/7700-prepare-to-test.rst
pages/operations/sahara/7750-test-details.rst
pages/operations/troubleshoot/9100-tshoot-corosync-pacemaker.rst
pages/operations/troubleshoot/9105-crm-resources.rst
pages/operations/troubleshoot/9110-verify-neutron-ha-crm.rst
pages/operations/troubleshoot/9120-corosync-crashes.rst
pages/operations/troubleshoot/9170-rabbitmq.rst
pages/operations/troubleshoot/9200-openstack-api-timeout.rst
pages/operations/troubleshoot/9800-verify-neutron-ha-crm.rst
pages/package-contents/0010-package-contents.rst
pages/planning-guide/0010-intro.rst
pages/planning-guide/0010-prerequisites/0200-ex-hardware-calculations.rst
pages/planning-guide/0010-prerequisites/0300-cpu-hardware-sizing.rst
pages/planning-guide/0010-prerequisites/0400-memory-hardware-sizing.rst
pages/planning-guide/0010-prerequisites/0500-storage-memory-hardware-sizing.rst
pages/planning-guide/0010-prerequisites/0530-throughput-hardware-sizing.rst
pages/planning-guide/0010-prerequisites/0545-remote-storage-hardware.rst
pages/planning-guide/0010-prerequisites/0547-object-storage-hardware.rst
pages/planning-guide/0010-prerequisites/0600-network-hardware-sizing.rst
pages/planning-guide/0010-prerequisites/0630-scalability.rst
pages/planning-guide/0010-prerequisites/0640-hardware-ex.rst
pages/planning-guide/0010-prerequisites/0700-hardware-summary.rst
pages/planning-guide/0010-prerequisites.rst
pages/planning-guide/0020-system-requirements/0021-sysreq-intro.rst
pages/planning-guide/0020-system-requirements/0022-master-hdwr.rst
pages/planning-guide/0020-system-requirements/0023-node-server-hardware-recommendations.rst
pages/planning-guide/0020-system-requirements.rst
pages/planning-guide/0025-supported-software-list.rst
pages/planning-guide/0080-reference-configuration/0080-ref-switches-intro.rst
pages/planning-guide/0080-reference-configuration/0081-tagged-ports.rst
pages/planning-guide/0080-reference-configuration/0085-untagged-ports.rst
pages/planning-guide/0080-reference-configuration.rst
pages/planning-guide/0090-appendix/0091-ex-ha-nova-flatdhcp-ports.rst
pages/planning-guide/0090-appendix/0091-ex-ha-nova-flatdhcp.rst
pages/planning-guide/0090-appendix/0091-nova-switch-cisco-2960g.rst
pages/planning-guide/0090-appendix/0091-nova-switch-juniper-ex4200.rst
pages/planning-guide/0090-appendix/0095-ex-ha-neutron-gre-ports.rst
pages/planning-guide/0090-appendix/0095-ex-ha-neutron-gre.rst
pages/planning-guide/0090-appendix/0095-neutron-switch-cisco-2960g.rst
pages/planning-guide/0090-appendix/0095-neutron-switch-juniper-ex4200.rst
pages/planning-guide/0090-appendix.rst
pages/planning-guide/4000-planning-summary.rst
pages/planning-guide/4200-net-topology.rst
pages/planning-guide/4300-linux-distro.rst
pages/planning-guide/4400-nodes-roles.rst
pages/planning-guide/4500-hardware.rst
pages/planning-guide/7000-sahara-plan.rst
pages/planning-guide/7000-vcenter-plan.rst
pages/preface/copyright_page.rst
pages/preface/preface.rst
pages/pre-install-guide/0010-intro.rst
pages/pre-install-guide/0010-prerequisites/0200-ex-hardware-calculations.rst
pages/pre-install-guide/0010-prerequisites/0300-cpu-hardware-sizing.rst
pages/pre-install-guide/0010-prerequisites/0400-memory-hardware-sizing.rst
pages/pre-install-guide/0010-prerequisites/0500-storage-memory-hardware-sizing.rst
pages/pre-install-guide/0010-prerequisites/0530-throughput-hardware-sizing.rst
pages/pre-install-guide/0010-prerequisites/0545-remote-storage-hardware.rst
pages/pre-install-guide/0010-prerequisites/0547-object-storage-hardware.rst
pages/pre-install-guide/0010-prerequisites/0600-network-hardware-sizing.rst
pages/pre-install-guide/0010-prerequisites/0630-scalability.rst
pages/pre-install-guide/0010-prerequisites/0640-hardware-ex.rst
pages/pre-install-guide/0010-prerequisites/0700-hardware-summary.rst
pages/pre-install-guide/0010-prerequisites.rst
pages/pre-install-guide/0020-system-requirements/0021-sysreq-intro.rst
pages/pre-install-guide/0020-system-requirements/0022-master-hdwr.rst
pages/pre-install-guide/0020-system-requirements/0023-node-server-hardware-recommendations.rst
pages/pre-install-guide/0020-system-requirements.rst
pages/pre-install-guide/0025-supported-software-list.rst
pages/pre-install-guide/0030-pre-installation-checklist.rst
pages/pre-install-guide/0031-fuel-configuration/0032-prepare-most-deploy.rst
pages/pre-install-guide/0031-fuel-configuration/0035-post-install-config.rst
pages/pre-install-guide/0031-fuel-configuration.rst
pages/pre-install-guide/0050-network-overview.rst
pages/pre-install-guide/0051-network-plan/0100-net-config-options.rst
pages/pre-install-guide/0051-network-plan/0110-openstack-networks.rst
pages/pre-install-guide/0051-network-plan/0200-topology-include.rst
pages/pre-install-guide/0051-network-plan.rst
pages/pre-install-guide/0051-network-plan/topology/0210-topology.intro.rst
pages/pre-install-guide/0051-network-plan/topology/0600-nova-topologies.rst
pages/pre-install-guide/0051-network-plan/topology/0700-neutron-topologies.rst
pages/pre-install-guide/0051-network-plan/topology/0900-routing-req.rst
pages/pre-install-guide/0051-network-plan/topology/neutron/0710-neutron-topologies.rst
pages/pre-install-guide/0051-network-plan/topology/neutron/0720-neutron-vlan.rst
pages/pre-install-guide/0051-network-plan/topology/neutron/0730-neutron-gre.rst
pages/pre-install-guide/0051-network-plan/topology/neutron/0759.net-plan-header.rst
pages/pre-install-guide/0051-network-plan/topology/neutron/0760-neutron-plan-vlan.rst
pages/pre-install-guide/0051-network-plan/topology/neutron/0780-neutron-plan-gre.rst
pages/pre-install-guide/0051-network-plan/topology/nova/0610-nova-topologies.rst
pages/pre-install-guide/0051-network-plan/topology/nova/0620-nova-flatdhcp.rst
pages/pre-install-guide/0051-network-plan/topology/nova/0630-nova-vlan.rst
pages/pre-install-guide/0051-network-plan/topology/nova/0650-nova-assign-networks-to-nics.rst
pages/pre-install-guide/0051-network-plan/topology/nova/0659-nova-net-plan-header.rst
pages/pre-install-guide/0051-network-plan/topology/nova/0660-nova-plan-flatdhcp.rst
pages/pre-install-guide/0051-network-plan/topology/nova/0680-nova-plan-vlan.rst
pages/pre-install-guide/0060-quick-install-fuel.rst
pages/pre-install-guide/0080-reference-configuration/0080-ref-switches-intro.rst
pages/pre-install-guide/0080-reference-configuration/0081-tagged-ports.rst
pages/pre-install-guide/0080-reference-configuration/0085-untagged-ports.rst
pages/pre-install-guide/0080-reference-configuration.rst
pages/pre-install-guide/0090-appendix/0091-ex-ha-nova-flatdhcp-ports.rst
pages/pre-install-guide/0090-appendix/0091-ex-ha-nova-flatdhcp.rst
pages/pre-install-guide/0090-appendix/0091-nova-switch-cisco-2960g.rst
pages/pre-install-guide/0090-appendix/0091-nova-switch-juniper-ex4200.rst
pages/pre-install-guide/0090-appendix/0095-ex-ha-neutron-gre-ports.rst
pages/pre-install-guide/0090-appendix/0095-ex-ha-neutron-gre.rst
pages/pre-install-guide/0090-appendix/0095-neutron-switch-cisco-2960g.rst
pages/pre-install-guide/0090-appendix/0095-neutron-switch-juniper-ex4200.rst
pages/pre-install-guide/0090-appendix.rst
pages/pre-install-guide/0091-glossary.rst
pages/pre-install-guide/4000-planning-summary.rst
pages/pre-install-guide/4100-mode-ha.rst
pages/pre-install-guide/4200-net-topology.rst
pages/pre-install-guide/4300-linux-distro.rst
pages/pre-install-guide/4400-nodes-roles.rst
pages/pre-install-guide/4500-hardware.rst
pages/pre-install-guide/7000-sahara-plan.rst
pages/pre-install-guide/7000-vcenter-plan.rst
pages/production-considerations/0010-introduction-DISPLAYSTUB
pages/production-considerations/0010-introduction-DISPLAYSTUB.rst
pages/production-considerations/0010-introduction.rst
pages/production-considerations/0015-sizing-hardware.rst
pages/production-considerations/0020-deployment-pipeline.rst
pages/production-considerations/0030-large-deployments.rst
pages/production-considerations/0040-post-install-healthchecks.rst
pages/reference-architecture/0010-overview.rst
pages/reference-architecture/0012-simple.rst
pages/reference-architecture/0014-compact.rst
pages/reference-architecture/0015-closer-look.rst
pages/reference-architecture/0016-full.rst
pages/reference-architecture/0016-red-hat-differences.rst
pages/reference-architecture/0018-red-hat-differences.rst
pages/reference-architecture/0020-logical-setup.rst
pages/reference-architecture/0030-cluster-sizing.rst
pages/reference-architecture/0040-network-setup.rst
pages/reference-architecture/0045-storage.rst
pages/reference-architecture/0050-technical-considerations-DISPLAYSTUB
pages/reference-architecture/0050-technical-considerations-DISPLAYSTUB.rst
pages/reference-architecture/0050-technical-considerations-overview.rst
pages/reference-architecture/0060-neutron-vs-nova-network.rst
pages/reference-architecture/0060-quantum-vs-nova-network.rst
pages/reference-architecture/0070-cinder-vs-nova-volume
pages/reference-architecture/0070-cinder-vs-nova-volume.rst
pages/reference-architecture/0080-swift-notes.rst
pages/reference-architecture/0090-ha-notes.rst
pages/reference-architecture/0090-savanna.rst
pages/reference-architecture/0100-bonding.rst
pages/reference-architecture/0100-openvswitch.rst
pages/reference-architecture/0110-bonding.rst
pages/reference-architecture/1000-logical-setup.rst
pages/reference-architecture/1100-ha-notes.rst
pages/reference-architecture/1200-mysql-galera.rst
pages/reference-architecture/1700-ceph.rst
pages/reference-architecture/6000-network-architecture.rst
pages/reference-architecture/6030-router.rst
pages/reference-architecture/6034-switch.rst
pages/reference-architecture/6050-neutron-topologies.rst
pages/reference-architecture/6070-nova-topologies.rst
pages/reference-architecture/7000-vcenter.rst
pages/reference-architecture/bonding/0100-theory.rst
pages/reference-architecture/bonding/0200-cli.rst
pages/reference-architecture/ha-notes/0110-corosync-settings.rst
pages/reference-architecture/ha-notes/0120-pacemaker-settings.rst
pages/reference-architecture/ha-notes/0130-how-fuel-deploys-ha.rst
pages/reference-architecture/logical-setup/0100-intro-logical-setup.rst
pages/reference-architecture/logical-setup/0200-controller-nodes.rst
pages/reference-architecture/logical-setup/0300-compute-nodes.rst
pages/reference-architecture/logical-setup/0400-storage-nodes.rst
pages/reference-architecture/logical-setup/7000-vcenter.rst
pages/reference-architecture/network-concepts/6010-logical-networks.rst
pages/reference-architecture/network-concepts/6020-public-floating-ip.rst
pages/reference-architecture/network-concepts/6030-router.rst
pages/reference-architecture/network-concepts/6034-switch.rst
pages/reference-architecture/network-setup/0100-network-intro.rst
pages/reference-architecture/network-setup/0200-public-net.rst
pages/reference-architecture/network-setup/0300-internal-mgmt-net.rst
pages/reference-architecture/network-setup/0400-private-network.rst
pages/reference-architecture/network-setup/0500-nic-usage.rst
pages/reference-architecture/neutron-intro/0100-neutron-vs-nova-network-intro.rst
pages/reference-architecture/neutron-intro/0150-mos-networks-list.rst
pages/reference-architecture/neutron-intro/0200-neutron-tech-intro.rst
pages/reference-architecture/neutron-intro/0210-vlan.rst
pages/reference-architecture/neutron-intro/0220-gre.rst
pages/reference-architecture/neutron-intro/0260-neutron-config.rst
pages/reference-architecture/neutron-intro/0300-neutron-limits.rst
pages/reference-architecture/neutron-intro/0500-nic-usage.rst
pages/reference-architecture/neutron-intro/0600-virtualbox-promiscuous-mode.rst
pages/reference-architecture/nova-intro/0620-nova-flatdhcp.rst
pages/reference-architecture/nova-intro/0630-nova-vlan.rst
pages/reference-architecture/nova-intro/0659-nova-net-plan.rst
pages/reference-architecture/nova-intro/0660-nova-plan-flatdhcp.rst
pages/reference-architecture/nova-intro/0680-nova-plan-vlan.rst
pages/reference-architecture/ovs/0000-ovs-intro.rst
pages/reference-architecture/ovs/0100-neutron-ref-model.rst
pages/reference-architecture/ovs/0200-cli-adjust-network-config.rst
pages/reference-architecture/ovs/0230-cli-transformation.rst
pages/reference-architecture/ovs/0300-bonding-theory.rst
pages/reference-architecture/ovs/0330-bonding-cli-ex.rst
pages/reference-architecture/ovs/0350-bonding-ui.rst
pages/reference-architecture/storage/0000-storage-intro.rst
pages/reference-architecture/storage/0100-object-store-for-images.rst
pages/reference-architecture/storage/0200-object-storage-for-apps.rst
pages/reference-architecture/storage/0300-block-storage-for-volumes.rst
pages/release-notes/v1-0-essex.rst
pages/release-notes/v2-0-folsom.rst
pages/release-notes/v2-1-folsom.rst
pages/release-notes/v2-2-folsom.rst
pages/release-notes/v3-0-grizzly.rst
pages/release-notes/v3-1-grizzly-full.rst
pages/release-notes/v3-1-grizzly.rst
pages/release-notes/v3-2-1-grizzly-full.rst
pages/release-notes/v3-2-grizzly-full.rst
pages/release-notes/v3-2-grizzly.rst
pages/release-notes/v4-0/010-what-is-mirantis-openstack.rst
pages/release-notes/v4-0/020-new-features.rst
pages/release-notes/v4-0/030-other-enhancements.rst
pages/release-notes/v4-0/040-resolved-issues.rst
pages/release-notes/v4-0/050-known-issues.rst
pages/release-notes/v4-0/060-obtain-the-product.rst
pages/release-notes/v4-0/070-support.rst
pages/release-notes/v4-0-havana-full.rst
pages/release-notes/v4-1/010-what-is-mirantis-openstack.rst
pages/release-notes/v4-1/020-new-features.rst
pages/release-notes/v4-1/030-other-enhancements.rst
pages/release-notes/v4-1/040-resolved-issues.rst
pages/release-notes/v4-1/050-known-issues.rst
pages/release-notes/v4-1/060-obtain-the-product.rst
pages/release-notes/v4-1/070-support.rst
pages/release-notes/v4-1-havana-full.rst
pages/release-notes/v5-0/010-what-is-mirantis-openstack.rst
pages/release-notes/v5-0/019-new-features-501.rst
pages/release-notes/v5-0/020-new-features.rst
pages/release-notes/v5-0/030-other-enhancements.rst
pages/release-notes/v5-0/039-resolved-issues-501.rst
pages/release-notes/v5-0/040-resolved-issues.rst
pages/release-notes/v5-0/050-known-issues.rst
pages/release-notes/v5-0/060-obtain-the-product.rst
pages/release-notes/v5-0/070-support.rst
pages/release-notes/v5-0-icehouse-full.rst
pages/terminology/a/amqp.rst
pages/terminology/a/astute.rst
pages/terminology/a/availability-zone.rst
pages/terminology/allterms.rst
pages/terminology/b/bonding.rst
pages/terminology/c/ceilometer.rst
pages/terminology/c/ceph.rst
pages/terminology/c/cinder.rst
pages/terminology/c/cobbler.rst
pages/terminology/c/compute-nodes.rst
pages/terminology/c/corosync.rst
pages/terminology/c/crm.rst
pages/terminology/d/devstack.rst
pages/terminology/d/docker.rst
pages/terminology/e/esxi.rst
pages/terminology/f/fencing.rst
pages/terminology/f/fuel-master-node.rst
pages/terminology/f/fuel.rst
pages/terminology/g/galera-cluster.rst
pages/terminology/g/glance.rst
pages/terminology/h/hadoop.rst
pages/terminology/h/haproxy.rst
pages/terminology/h/ha.rst
pages/terminology/h/havana-term.rst
pages/terminology/h/heat.rst
pages/terminology/h/horizon.rst
pages/terminology/h/host-aggregates.rst
pages/terminology/h/hypervisor.rst
pages/terminology/i/icehouse.rst
pages/terminology/i/identity-service.rst
pages/terminology/i/image-service.rst
pages/terminology/i/ironic.rst
pages/terminology/k/keystone.rst
pages/terminology/k/kvm.rst
pages/terminology/l/lxc.rst
pages/terminology/m/mirantis-openstack.rst
pages/terminology/m/mongodb.rst
pages/terminology/m/murano.rst
pages/terminology/m/mysql.rst
pages/terminology/n/nailgun.rst
pages/terminology/n/native-vlan.rst
pages/terminology/n/networking.rst
pages/terminology/n/neutron.rst
pages/terminology/n/nic-rst
pages/terminology/n/node.rst
pages/terminology/n/nova-network.rst
pages/terminology/n/nova.rst
pages/terminology/n/nsx.rst
pages/terminology/o/object-storage.rst
pages/terminology/o/openstack.rst
pages/terminology/o/orchestration-service.rst
pages/terminology/o/overcommit.rst
pages/terminology/o/ovs.rst
pages/terminology/p/pacemaker.rst
pages/terminology/p/puppet.rst
pages/terminology/p/pxe.rst
pages/terminology/q/qemu.rst
pages/terminology/q/quotas.rst
pages/terminology/r/rabbitmq.rst
pages/terminology/r/rally.rst
pages/terminology/r/resource-agents.rst
pages/terminology/s/sahara.rst
pages/terminology/s/scheduler.rst
pages/terminology/s/security-groups.rst
pages/terminology/s/stateless-and-stateful-services.rst
pages/terminology/s/storage-nodes-and-roles.rst
pages/terminology/s/stp.rst
pages/terminology/s/swift-object-storage.rst
pages/terminology/t/tagged-port.rst
pages/terminology/t/telemetry-services.rst
pages/terminology/t/tenant.rst
pages/terminology/v/vcenter.rst
pages/terminology/v/vlan.rst
pages/terminology/v/vsphere.rst
pages/troubleshooting-ug/network-issues.rst
pages/user-guide/0070-introduction.rst
pages/user-guide/1500-confirm-hardware.rst
pages/user-guide/2000-deploy-new-environment.rst
pages/user-guide/2000-install-boot.rst
pages/user-guide/3000-create-environment.rst
pages/user-guide/3000-nic-bonding-ui.rst
pages/user-guide/4000-configure-environment.rst
pages/user-guide/5000-deploy-environment.rst
pages/user-guide/7000-sahara-install.rst
pages/user-guide/8000-upgrade.rst
pages/user-guide/advanced-topics/0010-introduction.rst
pages/user-guide/advanced-topics/0020-custom-plug-ins.rst
pages/user-guide/advanced-topics/0030-quantum-HA.rst
pages/user-guide/advanced-topics/0040-bonding.rst
pages/user-guide/ceilometer.rst
pages/user-guide/cli.rst
pages/user-guide/config-environment/0220-map-logical-to-physical-nic.rst
pages/user-guide/config-environment/1000-assign-roles.rst
pages/user-guide/config-environment/1200-customize-partitions.rst
pages/user-guide/config-environment/1400-network-settings.rst
pages/user-guide/config-environment/3000-nic-bonding-ui.rst
pages/user-guide/config-environment/3400-verify-networks.rst
pages/user-guide/config-environment/5000-settings.rst
pages/user-guide/config-environment/settings/1000-access-horizon.rst
pages/user-guide/config-environment/settings/1500-modify-services.rst
pages/user-guide/config-environment/settings/2000-vcenter-config.rst
pages/user-guide/config-environment/settings/2500-common-settings.rst
pages/user-guide/config-environment/settings/3300-scheduler.rst
pages/user-guide/config-environment/settings/3500-vlan-splinters.rst
pages/user-guide/config-environment/settings/4000-settings-storage.rst
pages/user-guide/create-environment/1000-start-create-env.rst
pages/user-guide/create-environment/1500-name-distro.rst
pages/user-guide/create-environment/2000-mode-ha.rst
pages/user-guide/create-environment/2500-hypervisor.rst
pages/user-guide/create-environment/3000-choose-network.rst
pages/user-guide/create-environment/3500-cinder-glance-backend.rst
pages/user-guide/create-environment/4000-platform-services.rst
pages/user-guide/create-environment/5000-deploy.rst
pages/user-guide/custom-attributes.rst
pages/user-guide/health-checks/0100-intro-health-checks.rst
pages/user-guide/health-checks/0120-benefits.rst
pages/user-guide/health-checks/0200-run-tests.rst
pages/user-guide/health-checks/0300-test-fails.rst
pages/user-guide/health-checks/0400-sanity-tests-about.rst
pages/user-guide/health-checks/0410-functional-tests-about.rst
pages/user-guide/health-checks/0500-addtional-checks-intro.rst
pages/user-guide/health-checks/0600-platform-tests-intro.rst
pages/user-guide/health-checks/0610-sahara-prepare-test.rst
pages/user-guide/health-checks/0620-murano-prepare-test.rst
pages/user-guide/health-checks/0630-heat-prepare-test.rst
pages/user-guide/health-checks/0640-platform-test-details.rst
pages/user-guide/heat.rst
pages/user-guide/initialize-fuel/0400-pxe-config.rst
pages/user-guide/initialize-fuel/0500-fuel-boot.rst
pages/user-guide/initialize-fuel/0600-boot-nodes.rst
pages/user-guide/murano.rst
pages/user-guide/post-install-healthchecks.rst
pages/user-guide/red_hat_openstack.rst
pages/user-guide/savanna.rst
pages/user-guide/stop_reset/0100-stop-deploy-header.rst
pages/user-guide/stop_reset/0200-stop-deploy-ui.rst
pages/user-guide/stop_reset/0500-reset-environment.rst
pages/user-guide/stop_reset.rst
pages/user-guide/troubleshooting-ug/network-issues/0100-network-check-baremetal.rst
pages/user-guide/troubleshooting-ug/network-issues/0150-network-check-virtualbox.rst
pages/user-guide/troubleshooting-ug/network-issues/0200-openstack-api-timeout.rst
pages/user-guide/troubleshooting-ug/network-issues.rst
pages/user-guide/vcenter.rst
pages/virtualbox/0300-install-virtualbox.rst
pages/virtualbox/0330-install-automatic-virtualbox.rst
pages/virtualbox/0340-install-manual-virtualbox.rst
pages/virtualbox/0350-manual-master.rst
pages/virtualbox/0360-manual-slave.rst
pages/virtualbox/0450-access-to-pubic-net.rst
pages/virtualbox/0500-network-virtualbox.rst
pages/virtualbox/0550-access-to-public-net.rst
pages/virtualbox/0800-notes.rst
pdf/conf.py
pdf_index.rst
pdf_install.rst
.pdf_install.rst.swp
pdf/pdf_install.rst
pdf/pdf_operations.rst
pdf/pdf_patch.rst
pdf/pdf_planning-guide.rst
pdf/pdf_preinstall.rst
pdf/pdf_reference.rst
pdf/pdf_relnotes.rst
pdf/pdf_terminology.rst
pdf/pdf_user.rst
pdf/pdf_virtualbox.rst
pdf_pre-install.rst
pdf_preinstall.rst
pdf_reference.rst
pdf_user.rst
planning-guide.rst
preface.rst
pre-install-guide.rst
prerequisites.rst
production-considerations.rst
README.md
README.md.orig
reference-architecture.rst
release-notes.rst
relnotes/conf.py
relnotes/index.rst
requirements.txt
rn_index.rst
_static/bootstrap.css
_static/bootstrap.js
_static/bootstrap-responsive.css
_static/bootstrap-sphinx.css_t
_static/compact.yaml
_static/config.sh
_static/example_new.yaml
_static/full.yaml
_static/jquery.js
_static/l2_ovs_bond_ovs_pp.diff
_static/manage_dnsmasq_py.diff
_static/mirantis_icon.ico
_static/simple_doc .yaml
_static/simple.yaml
_templates/bootstrap/globaltoc.html
_templates/bootstrap/layout.html
_templates/bootstrap/localtoc.html
_templates/bootstrap/relations.html
_templates/bootstrap/searchbox.html
_templates/bootstrap/sourcelink.html
_templates/bootstrap/static/bootstrap.css
_templates/bootstrap/static/bootstrap.js
_templates/bootstrap/static/bootstrap-responsive.css
_templates/bootstrap/static/bootstrap-sphinx.css_t
_templates/bootstrap/static/jquery.js
_templates/bootstrap/theme.conf
_templates/mirantiscover.tmpl
_templates/mirantis/doc_license.html
_templates/mirantis/globaltoc.html
_templates/mirantis/layout.html
_templates/mirantis/localtoc.html
_templates/mirantis/static/menu.css
_templates/mirantis/static/menu.js
_templates/mirantis/static/mirantis.css_t
_templates/mirantis/static/mirantis_style.css
_templates/mirantis/static/overlay.xcf
_templates/mirantis/static/toc.js
_templates/mirantis.style
_templates/mirantis/theme.conf
terminology.rst
user-guide.rst
virtualbox.rst
