doc-test.conf
openstack-identity-api/pom.xml
openstack-identity-api/src/docbkx/admin/extensions.json
openstack-identity-api/src/docbkx/admin/extensions.xml
openstack-identity-api/src/docbkx/admin/identity-admin.wadl
openstack-identity-api/src/docbkx/admin/identity-service-api.xml
openstack-identity-api/src/docbkx/admin/OS-KSADM-admin.wadl
openstack-identity-api/src/docbkx/admin/OS-KSCATALOG-admin.wadl
openstack-identity-api/src/docbkx/admin/OS-KSEC2-admin.wadl
openstack-identity-api/src/docbkx/admin/RAX-KSGRP-admin.wadl
openstack-identity-api/src/docbkx/admin/RAX-KSKEY-admin.wadl
openstack-identity-api/src/docbkx/admin/RAX-KSQA-admin.wadl
openstack-identity-api/src/docbkx/admin/version.json.tpl
openstack-identity-api/src/docbkx/admin/version.xml.tpl
openstack-identity-api/src/docbkx/client/identity-client-api.xml
openstack-identity-api/src/docbkx/common/ch_hp_extensions.xml
openstack-identity-api/src/docbkx/common/ch_os_extensions.xml
openstack-identity-api/src/docbkx/common/ch_rax_extensions.xml
openstack-identity-api/src/docbkx/common/ch_rax_identity_extensions.xml
openstack-identity-api/src/docbkx/common/common.ent
openstack-identity-api/src/docbkx/common/identity-admin.wadl
openstack-identity-api/src/docbkx/common/identity-concepts.xml
openstack-identity-api/src/docbkx/common/identity-dev-guide.xml
openstack-identity-api/src/docbkx/common/identity-general-api-info.xml
openstack-identity-api/src/docbkx/common/identity-OS-KSADM-api.xml
openstack-identity-api/src/docbkx/common/identity-OS-KSCATALOG-api.xml
openstack-identity-api/src/docbkx/common/identity-service-api.xml
openstack-identity-api/src/docbkx/common/identity.wadl
openstack-identity-api/src/docbkx/common/js/shjs/sh_java.js
openstack-identity-api/src/docbkx/common/js/shjs/sh_javascript.js
openstack-identity-api/src/docbkx/common/js/shjs/sh_main.js
openstack-identity-api/src/docbkx/common/js/shjs/sh_xml.js
openstack-identity-api/src/docbkx/common/js/trc/schema/controller.js
openstack-identity-api/src/docbkx/common/js/trc/schema/layoutManager.js
openstack-identity-api/src/docbkx/common/js/trc/schema/sampleManager.js
openstack-identity-api/src/docbkx/common/js/trc/util.js
openstack-identity-api/src/docbkx/common/preface.xml
openstack-identity-api/src/docbkx/common/samples/apiKeyCredentials.json
openstack-identity-api/src/docbkx/common/samples/apiKeyCredentials.xml
openstack-identity-api/src/docbkx/common/samples/auth_credentials.json
openstack-identity-api/src/docbkx/common/samples/auth_credentials-OS-KSEC2.json
openstack-identity-api/src/docbkx/common/samples/auth_credentials-OS-KSEC2.xml
openstack-identity-api/src/docbkx/common/samples/auth_credentials-RAX-KSKEY.json
openstack-identity-api/src/docbkx/common/samples/auth_credentials-RAX-KSKEY.xml
openstack-identity-api/src/docbkx/common/samples/auth_credentials.xml
openstack-identity-api/src/docbkx/common/samples/auth.json
openstack-identity-api/src/docbkx/common/samples/authwithgroups.json
openstack-identity-api/src/docbkx/common/samples/authwithgroups.xml
openstack-identity-api/src/docbkx/common/samples/auth_with_token.json
openstack-identity-api/src/docbkx/common/samples/auth_with_token.xml
openstack-identity-api/src/docbkx/common/samples/auth.xml
openstack-identity-api/src/docbkx/common/samples/choices.json
openstack-identity-api/src/docbkx/common/samples/choices.xml
openstack-identity-api/src/docbkx/common/samples/credentials.json
openstack-identity-api/src/docbkx/common/samples/credentialswithapikey.json
openstack-identity-api/src/docbkx/common/samples/credentialswithapikey.xml
openstack-identity-api/src/docbkx/common/samples/credentialswithec2.json
openstack-identity-api/src/docbkx/common/samples/credentialswithec2.xml
openstack-identity-api/src/docbkx/common/samples/credentials.xml
openstack-identity-api/src/docbkx/common/samples/ec2Credentials.json
openstack-identity-api/src/docbkx/common/samples/ec2Credentials.xml
openstack-identity-api/src/docbkx/common/samples/endpoint.json
openstack-identity-api/src/docbkx/common/samples/endpoints.json
openstack-identity-api/src/docbkx/common/samples/endpoints.xml
openstack-identity-api/src/docbkx/common/samples/endpointTemplate.json
openstack-identity-api/src/docbkx/common/samples/endpointTemplates.json
openstack-identity-api/src/docbkx/common/samples/endpointTemplates.xml
openstack-identity-api/src/docbkx/common/samples/endpointTemplateWithOnlyId.json
openstack-identity-api/src/docbkx/common/samples/endpointTemplateWithOnlyId.xml
openstack-identity-api/src/docbkx/common/samples/endpointTemplate.xml
openstack-identity-api/src/docbkx/common/samples/endpoint.xml
openstack-identity-api/src/docbkx/common/samples/extension.json
openstack-identity-api/src/docbkx/common/samples/extensions.json
openstack-identity-api/src/docbkx/common/samples/extensions.xml
openstack-identity-api/src/docbkx/common/samples/extension.xml
openstack-identity-api/src/docbkx/common/samples/ext-getuser.json
openstack-identity-api/src/docbkx/common/samples/ext-getuser.xml
openstack-identity-api/src/docbkx/common/samples/getuser-1.json
openstack-identity-api/src/docbkx/common/samples/getuser-1.xml
openstack-identity-api/src/docbkx/common/samples/identity_fault.json
openstack-identity-api/src/docbkx/common/samples/identity_fault.xml
openstack-identity-api/src/docbkx/common/samples/item_not_found.json
openstack-identity-api/src/docbkx/common/samples/item_not_found.xml
openstack-identity-api/src/docbkx/common/samples/norequestbody.txt
openstack-identity-api/src/docbkx/common/samples/noresponsebody.txt
openstack-identity-api/src/docbkx/common/samples/passwordcredentials.json
openstack-identity-api/src/docbkx/common/samples/passwordcredentials.xml
openstack-identity-api/src/docbkx/common/samples/RAX-KSGRP-groups.json
openstack-identity-api/src/docbkx/common/samples/RAX-KSGRP-groups.xml
openstack-identity-api/src/docbkx/common/samples/RAX-KSQA-secretQA.json
openstack-identity-api/src/docbkx/common/samples/RAX-KSQA-secretQA.xml
openstack-identity-api/src/docbkx/common/samples/role.json
openstack-identity-api/src/docbkx/common/samples/roles.json
openstack-identity-api/src/docbkx/common/samples/roles.xml
openstack-identity-api/src/docbkx/common/samples/role.xml
openstack-identity-api/src/docbkx/common/samples/samplerequestheader.txt
openstack-identity-api/src/docbkx/common/samples/sampleresponseheader.txt
openstack-identity-api/src/docbkx/common/samples/service.json
openstack-identity-api/src/docbkx/common/samples/services.json
openstack-identity-api/src/docbkx/common/samples/services.xml
openstack-identity-api/src/docbkx/common/samples/service.xml
openstack-identity-api/src/docbkx/common/samples/tenant.json
openstack-identity-api/src/docbkx/common/samples/tenantlock.json
openstack-identity-api/src/docbkx/common/samples/tenantlock.xml
openstack-identity-api/src/docbkx/common/samples/tenants-1.json
openstack-identity-api/src/docbkx/common/samples/tenants-1.xml
openstack-identity-api/src/docbkx/common/samples/tenants-2.json
openstack-identity-api/src/docbkx/common/samples/tenants-2.xml
openstack-identity-api/src/docbkx/common/samples/tenants-3.json
openstack-identity-api/src/docbkx/common/samples/tenants-3.xml
openstack-identity-api/src/docbkx/common/samples/tenants.json
openstack-identity-api/src/docbkx/common/samples/tenants-request.txt
openstack-identity-api/src/docbkx/common/samples/tenants.xml
openstack-identity-api/src/docbkx/common/samples/tenantwithoutid.json
openstack-identity-api/src/docbkx/common/samples/tenantwithoutid.xml
openstack-identity-api/src/docbkx/common/samples/tenant.xml
openstack-identity-api/src/docbkx/common/samples/updatedtenant.json
openstack-identity-api/src/docbkx/common/samples/updatedtenant.xml
openstack-identity-api/src/docbkx/common/samples/user.json
openstack-identity-api/src/docbkx/common/samples/users.json
openstack-identity-api/src/docbkx/common/samples/users.xml
openstack-identity-api/src/docbkx/common/samples/userwithenabledonly.json
openstack-identity-api/src/docbkx/common/samples/userwithenabledonly.xml
openstack-identity-api/src/docbkx/common/samples/userwithoutid.json
openstack-identity-api/src/docbkx/common/samples/userwithoutid.xml
openstack-identity-api/src/docbkx/common/samples/user.xml
openstack-identity-api/src/docbkx/common/samples/validatetoken.json
openstack-identity-api/src/docbkx/common/samples/validatetoken.xml
openstack-identity-api/src/docbkx/common/samples/version-atom.xml
openstack-identity-api/src/docbkx/common/samples/version.json
openstack-identity-api/src/docbkx/common/samples/versions-atom.xml
openstack-identity-api/src/docbkx/common/samples/versions.json
openstack-identity-api/src/docbkx/common/samples/versions.xml
openstack-identity-api/src/docbkx/common/samples/version.xml
openstack-identity-api/src/docbkx/common/style/schema.css
openstack-identity-api/src/docbkx/common/style/shjs/sh_acid.css
openstack-identity-api/src/docbkx/common/style/shjs/sh_darkblue.css
openstack-identity-api/src/docbkx/common/style/shjs/sh_emacs.css
openstack-identity-api/src/docbkx/common/style/shjs/sh_night.css
openstack-identity-api/src/docbkx/common/style/shjs/sh_pablo.css
openstack-identity-api/src/docbkx/common/style/shjs/sh_print.css
openstack-identity-api/src/docbkx/common/style/shjs/sh_style.css
openstack-identity-api/src/docbkx/common/style/shjs/sh_whitengrey.css
openstack-identity-api/src/docbkx/common/xsd/api-common.xsd
openstack-identity-api/src/docbkx/common/xsd/api.xsd
openstack-identity-api/src/docbkx/common/xsd/atom/atom.xsd
openstack-identity-api/src/docbkx/common/xsd/atom/xml.xsd
openstack-identity-api/src/docbkx/common/xsd/credentials.xsd
openstack-identity-api/src/docbkx/common/xsd/endpoints.xsd
openstack-identity-api/src/docbkx/common/xsd/extensions.xsd
openstack-identity-api/src/docbkx/common/xsd/fault.xsd
openstack-identity-api/src/docbkx/common/xsd/OS-KSADM.xsd
openstack-identity-api/src/docbkx/common/xsd/OS-KSCATALOG.xsd
openstack-identity-api/src/docbkx/common/xsd/OS-KSEC2-credentials.xsd
openstack-identity-api/src/docbkx/common/xsd/RAX-KSADM-credentials.xsd
openstack-identity-api/src/docbkx/common/xsd/RAX-KSADM-users.xsd
openstack-identity-api/src/docbkx/common/xsd/RAX-KSGRP-groups.xsd
openstack-identity-api/src/docbkx/common/xsd/RAX-KSKEY-credentials.xsd
openstack-identity-api/src/docbkx/common/xsd/RAX-KSQA-secretQA.xsd
openstack-identity-api/src/docbkx/common/xsd/roles.xsd
openstack-identity-api/src/docbkx/common/xsd/services.xsd
openstack-identity-api/src/docbkx/common/xsd/tenant.xsd
openstack-identity-api/src/docbkx/common/xsd/token.xsd
openstack-identity-api/src/docbkx/common/xsd/user.xsd
openstack-identity-api/src/docbkx/common/xsd/version.xsd
openstack-identity-api/src/docbkx/common/xslt/schema.xslt
openstack-identity-api/src/docbkx/contrib/extensions/admin/extension.py
openstack-identity-api/src/docbkx/contrib/extensions/admin/__init__.py
openstack-identity-api/src/docbkx/contrib/extensions/admin/osec2/extension.json
openstack-identity-api/src/docbkx/contrib/extensions/admin/osec2/extension.xml
openstack-identity-api/src/docbkx/contrib/extensions/admin/osec2/__init__.py
openstack-identity-api/src/docbkx/contrib/extensions/admin/osksadm/extension.json
openstack-identity-api/src/docbkx/contrib/extensions/admin/osksadm/extension.xml
openstack-identity-api/src/docbkx/contrib/extensions/admin/osksadm/__init__.py
openstack-identity-api/src/docbkx/contrib/extensions/admin/oskscatalog/extension.json
openstack-identity-api/src/docbkx/contrib/extensions/admin/oskscatalog/extension.xml
openstack-identity-api/src/docbkx/contrib/extensions/admin/oskscatalog/__init__.py
openstack-identity-api/src/docbkx/contrib/extensions/admin/raxgrp/extension.json
openstack-identity-api/src/docbkx/contrib/extensions/admin/raxgrp/extension.xml
openstack-identity-api/src/docbkx/contrib/extensions/admin/raxkey/extension.json
openstack-identity-api/src/docbkx/contrib/extensions/admin/raxkey/extension.xml
openstack-identity-api/src/docbkx/contrib/extensions/admin/raxkey/frontend.py
openstack-identity-api/src/docbkx/contrib/extensions/admin/raxkey/__init__.py
openstack-identity-api/src/docbkx/contrib/extensions/__init__.py
openstack-identity-api/src/docbkx/contrib/extensions/__init__.pyc
openstack-identity-api/src/docbkx/contrib/extensions/service/__init__.py
openstack-identity-api/src/docbkx/contrib/extensions/service/osec2/extension.json
openstack-identity-api/src/docbkx/contrib/extensions/service/osec2/extension.xml
openstack-identity-api/src/docbkx/contrib/extensions/service/osec2/frontend.py
openstack-identity-api/src/docbkx/contrib/extensions/service/osec2/__init__.py
openstack-identity-api/src/docbkx/contrib/extensions/service/raxgrp/api.py
openstack-identity-api/src/docbkx/contrib/extensions/service/raxgrp/extension.json
openstack-identity-api/src/docbkx/contrib/extensions/service/raxgrp/extension.xml
openstack-identity-api/src/docbkx/contrib/extensions/service/raxgrp/__init__.py
openstack-identity-api/src/docbkx/contrib/extensions/service/raxkey/extension.json
openstack-identity-api/src/docbkx/contrib/extensions/service/raxkey/extension.xml
openstack-identity-api/src/docbkx/contrib/extensions/service/raxkey/frontend.py
openstack-identity-api/src/docbkx/contrib/extensions/service/raxkey/__init__.py
openstack-identity-api/src/docbkx/contrib/__init__.py
openstack-identity-api/src/docbkx/contrib/__init__.pyc
openstack-identity-api/src/docbkx/extensions/HP-IDM/HP-IDM-admin.wadl
openstack-identity-api/src/docbkx/extensions/HP-IDM/HP-IDM.xml
openstack-identity-api/src/docbkx/extensions/HP-IDM/samples/sample_request.txt
openstack-identity-api/src/docbkx/extensions/HP-IDM/samples/sample_request_with_global_sid.txt
openstack-identity-api/src/docbkx/extensions/OS-KSADM/OS-KSADM-admin-devguide.xml
openstack-identity-api/src/docbkx/extensions/OS-KSADM/OS-KSADM-admin.wadl
openstack-identity-api/src/docbkx/extensions/OS-KSADM/samples/credentials.json
openstack-identity-api/src/docbkx/extensions/OS-KSADM/samples/credentials.xml
openstack-identity-api/src/docbkx/extensions/OS-KSADM/samples/passwordcredentials.json
openstack-identity-api/src/docbkx/extensions/OS-KSADM/samples/passwordcredentials.xml
openstack-identity-api/src/docbkx/extensions/OS-KSADM/samples/role.json
openstack-identity-api/src/docbkx/extensions/OS-KSADM/samples/roles.json
openstack-identity-api/src/docbkx/extensions/OS-KSADM/samples/roles.xml
openstack-identity-api/src/docbkx/extensions/OS-KSADM/samples/role.xml
openstack-identity-api/src/docbkx/extensions/OS-KSADM/samples/service.json
openstack-identity-api/src/docbkx/extensions/OS-KSADM/samples/services.json
openstack-identity-api/src/docbkx/extensions/OS-KSADM/samples/services.xml
openstack-identity-api/src/docbkx/extensions/OS-KSADM/samples/service.xml
openstack-identity-api/src/docbkx/extensions/OS-KSADM/samples/tenant.json
openstack-identity-api/src/docbkx/extensions/OS-KSADM/samples/tenantwithoutid.json
openstack-identity-api/src/docbkx/extensions/OS-KSADM/samples/tenantwithoutid.xml
openstack-identity-api/src/docbkx/extensions/OS-KSADM/samples/tenant.xml
openstack-identity-api/src/docbkx/extensions/OS-KSADM/samples/user.json
openstack-identity-api/src/docbkx/extensions/OS-KSADM/samples/users.json
openstack-identity-api/src/docbkx/extensions/OS-KSADM/samples/users.xml
openstack-identity-api/src/docbkx/extensions/OS-KSADM/samples/userwithenabledonly.json
openstack-identity-api/src/docbkx/extensions/OS-KSADM/samples/userwithenabledonly.xml
openstack-identity-api/src/docbkx/extensions/OS-KSADM/samples/userwithoutid.json
openstack-identity-api/src/docbkx/extensions/OS-KSADM/samples/userwithoutid.xml
openstack-identity-api/src/docbkx/extensions/OS-KSADM/samples/user.xml
openstack-identity-api/src/docbkx/extensions/OS-KSADM/xsd/OS-KSADM.xsd
openstack-identity-api/src/docbkx/extensions/OS-KSCATALOG/OS-KSCATALOG-admin-devguide.xml
openstack-identity-api/src/docbkx/extensions/OS-KSCATALOG/OS-KSCATALOG-admin.wadl
openstack-identity-api/src/docbkx/extensions/OS-KSCATALOG/samples/endpoint.json
openstack-identity-api/src/docbkx/extensions/OS-KSCATALOG/samples/endpoints.json
openstack-identity-api/src/docbkx/extensions/OS-KSCATALOG/samples/endpoints.xml
openstack-identity-api/src/docbkx/extensions/OS-KSCATALOG/samples/endpointTemplate.json
openstack-identity-api/src/docbkx/extensions/OS-KSCATALOG/samples/endpointTemplates.json
openstack-identity-api/src/docbkx/extensions/OS-KSCATALOG/samples/endpointTemplates.xml
openstack-identity-api/src/docbkx/extensions/OS-KSCATALOG/samples/endpointTemplateWithOnlyId.json
openstack-identity-api/src/docbkx/extensions/OS-KSCATALOG/samples/endpointTemplateWithOnlyId.xml
openstack-identity-api/src/docbkx/extensions/OS-KSCATALOG/samples/endpointTemplate.xml
openstack-identity-api/src/docbkx/extensions/OS-KSCATALOG/samples/endpoint.xml
openstack-identity-api/src/docbkx/extensions/OS-KSCATALOG/xsd/OS-KSCATALOG.xsd
openstack-identity-api/src/docbkx/extensions/OS-KSEC2/OS-KSEC2-admin-devguide.xml
openstack-identity-api/src/docbkx/extensions/OS-KSEC2/OS-KSEC2-admin.wadl
openstack-identity-api/src/docbkx/extensions/OS-KSEC2/OS-KSEC2-service-devguide.xml
openstack-identity-api/src/docbkx/extensions/OS-KSEC2/samples/auth_credentials-OS-KSEC2.json
openstack-identity-api/src/docbkx/extensions/OS-KSEC2/samples/auth_credentials-OS-KSEC2.xml
openstack-identity-api/src/docbkx/extensions/OS-KSEC2/samples/credentialswithec2.json
openstack-identity-api/src/docbkx/extensions/OS-KSEC2/samples/credentialswithec2.xml
openstack-identity-api/src/docbkx/extensions/OS-KSEC2/samples/ec2Credentials.json
openstack-identity-api/src/docbkx/extensions/OS-KSEC2/samples/ec2Credentials.xml
openstack-identity-api/src/docbkx/extensions/OS-KSEC2/xsd/OS-KSEC2-credentials.xsd
openstack-identity-api/src/docbkx/extensions/OS-KSS3/OS-KSS3-admin-devguide.xml
openstack-identity-api/src/docbkx/extensions/OS-KSS3/OS-KSS3-admin.wadl
openstack-identity-api/src/docbkx/extensions/OS-KSS3/samples/credentialswiths3.json
openstack-identity-api/src/docbkx/extensions/OS-KSS3/samples/credentialswiths3.xml
openstack-identity-api/src/docbkx/extensions/OS-KSS3/samples/s3Credentials.json
openstack-identity-api/src/docbkx/extensions/OS-KSS3/samples/s3Credentials.xml
openstack-identity-api/src/docbkx/extensions/OS-KSS3/xsd/OS-KSS3-credentials.xsd
openstack-identity-api/src/docbkx/extensions/OS-KSVALIDATE/OS-KSVALIDATE-admin-devguide.xml
openstack-identity-api/src/docbkx/extensions/OS-KSVALIDATE/OS-KSVALIDATE-admin.wadl
openstack-identity-api/src/docbkx/extensions/OS-KSVALIDATE/samples/endpoints.json
openstack-identity-api/src/docbkx/extensions/OS-KSVALIDATE/samples/endpoints.xml
openstack-identity-api/src/docbkx/extensions/OS-KSVALIDATE/samples/validatetoken.json
openstack-identity-api/src/docbkx/extensions/OS-KSVALIDATE/samples/validatetoken.xml
openstack-identity-api/src/docbkx/extensions/RAX-GRPADM/RAX-GRPADM-devguide.xml
openstack-identity-api/src/docbkx/extensions/RAX-GRPADM/RAX-GRPADM.wadl
openstack-identity-api/src/docbkx/extensions/RAX-GRPADM/samples/group-for-create.json
openstack-identity-api/src/docbkx/extensions/RAX-GRPADM/samples/group-for-create.xml
openstack-identity-api/src/docbkx/extensions/RAX-GRPADM/samples/group-for-update.json
openstack-identity-api/src/docbkx/extensions/RAX-GRPADM/samples/group-for-update.xml
openstack-identity-api/src/docbkx/extensions/RAX-GRPADM/samples/group.json
openstack-identity-api/src/docbkx/extensions/RAX-GRPADM/samples/groups.json
openstack-identity-api/src/docbkx/extensions/RAX-GRPADM/samples/groups.xml
openstack-identity-api/src/docbkx/extensions/RAX-GRPADM/samples/group-updated.json
openstack-identity-api/src/docbkx/extensions/RAX-GRPADM/samples/group-updated.xml
openstack-identity-api/src/docbkx/extensions/RAX-GRPADM/samples/group.xml
openstack-identity-api/src/docbkx/extensions/RAX-GRPADM/samples/users.json
openstack-identity-api/src/docbkx/extensions/RAX-GRPADM/samples/users.xml
openstack-identity-api/src/docbkx/extensions/RAX-GRPADM/xsd/RAX-GRPADM.xsd
openstack-identity-api/src/docbkx/extensions/RAX-KSGRP/RAX-KSGRP-service-devguide.xml
openstack-identity-api/src/docbkx/extensions/RAX-KSGRP/RAX-KSGRP.wadl
openstack-identity-api/src/docbkx/extensions/RAX-KSGRP/samples/RAX-KSGRP-group.json
openstack-identity-api/src/docbkx/extensions/RAX-KSGRP/samples/RAX-KSGRP-groups.json
openstack-identity-api/src/docbkx/extensions/RAX-KSGRP/samples/RAX-KSGRP-groups.xml
openstack-identity-api/src/docbkx/extensions/RAX-KSGRP/samples/RAX-KSGRP-group.xml
openstack-identity-api/src/docbkx/extensions/RAX-KSGRP/xsd/RAX-KSGRP-groups.xsd
openstack-identity-api/src/docbkx/extensions/RAX-KSKEY/RAX-KSKEY-admin-devguide.xml
openstack-identity-api/src/docbkx/extensions/RAX-KSKEY/RAX-KSKEY-admin.wadl
openstack-identity-api/src/docbkx/extensions/RAX-KSKEY/RAX-KSKEY-service-devguide.xml
openstack-identity-api/src/docbkx/extensions/RAX-KSKEY/samples/apiKeyCredentials.json
openstack-identity-api/src/docbkx/extensions/RAX-KSKEY/samples/apiKeyCredentials.xml
openstack-identity-api/src/docbkx/extensions/RAX-KSKEY/samples/auth_credentials-RAX-KSKEY.json
openstack-identity-api/src/docbkx/extensions/RAX-KSKEY/samples/auth_credentials-RAX-KSKEY.xml
openstack-identity-api/src/docbkx/extensions/RAX-KSKEY/samples/credentials.json
openstack-identity-api/src/docbkx/extensions/RAX-KSKEY/samples/credentialswithapikey.json
openstack-identity-api/src/docbkx/extensions/RAX-KSKEY/samples/credentialswithapikey.xml
openstack-identity-api/src/docbkx/extensions/RAX-KSKEY/samples/credentials.xml
openstack-identity-api/src/docbkx/extensions/RAX-KSKEY/xsd/RAX-KSKEY-credentials.xsd
openstack-identity-api/src/docbkx/extensions/RAX-KSQA/RAX-KSQA-admin-devguide.xml
openstack-identity-api/src/docbkx/extensions/RAX-KSQA/RAX-KSQA-admin.wadl
openstack-identity-api/src/docbkx/extensions/RAX-KSQA/samples/RAX-KSQA-secretQA.json
openstack-identity-api/src/docbkx/extensions/RAX-KSQA/samples/RAX-KSQA-secretQA.xml
openstack-identity-api/src/docbkx/extensions/RAX-KSQA/xsd/RAX-KSQA-secretQA.xsd
openstack-identity-api/src/docbkx/HP-IDM/HP-IDM-admin.wadl
openstack-identity-api/src/docbkx/HP-IDM/HP-IDM-admin.wadl~
openstack-identity-api/src/docbkx/HP-IDM/HP-IDM.xml
openstack-identity-api/src/docbkx/HP-IDM/samples/ext_query.json
openstack-identity-api/src/docbkx/HP-IDM/samples/ext_query.xml
openstack-identity-api/src/docbkx/HP-IDM/samples/sample_request.txt
openstack-identity-api/src/docbkx/HP-IDM/samples/sample_request_with_global_sid.txt
openstack-identity-api/src/docbkx/identity-client-api.xml
openstack-identity-api/src/docbkx/identity-concepts.xml
openstack-identity-api/src/docbkx/identity-dev-guide.xml
openstack-identity-api/src/docbkx/identity-general-api-info.xml
openstack-identity-api/src/docbkx/identity-OS-KSADM-api.xml
openstack-identity-api/src/docbkx/identity-OS-KSCATALOG-api.xml
openstack-identity-api/src/docbkx/identity-service-api.xml
openstack-identity-api/src/docbkx/js/shjs/sh_java.js
openstack-identity-api/src/docbkx/js/shjs/sh_javascript.js
openstack-identity-api/src/docbkx/js/shjs/sh_main.js
openstack-identity-api/src/docbkx/js/shjs/sh_xml.js
openstack-identity-api/src/docbkx/js/trc/schema/controller.js
openstack-identity-api/src/docbkx/js/trc/schema/layoutManager.js
openstack-identity-api/src/docbkx/js/trc/schema/sampleManager.js
openstack-identity-api/src/docbkx/js/trc/util.js
openstack-identity-api/src/docbkx/OS-KSADM-admin-devguide.xml
openstack-identity-api/src/docbkx/OS-KSADM/OS-KSADM-admin-devguide.xml
openstack-identity-api/src/docbkx/OS-KSADM/samples/credentials.json
openstack-identity-api/src/docbkx/OS-KSADM/samples/credentials.xml
openstack-identity-api/src/docbkx/OS-KSADM/samples/passwordcredentials.json
openstack-identity-api/src/docbkx/OS-KSADM/samples/passwordcredentials.xml
openstack-identity-api/src/docbkx/OS-KSADM/samples/role.json
openstack-identity-api/src/docbkx/OS-KSADM/samples/roles.json
openstack-identity-api/src/docbkx/OS-KSADM/samples/roles.xml
openstack-identity-api/src/docbkx/OS-KSADM/samples/role.xml
openstack-identity-api/src/docbkx/OS-KSADM/samples/service.json
openstack-identity-api/src/docbkx/OS-KSADM/samples/services.json
openstack-identity-api/src/docbkx/OS-KSADM/samples/services.xml
openstack-identity-api/src/docbkx/OS-KSADM/samples/service.xml
openstack-identity-api/src/docbkx/OS-KSADM/samples/tenant.json
openstack-identity-api/src/docbkx/OS-KSADM/samples/tenantwithoutid.json
openstack-identity-api/src/docbkx/OS-KSADM/samples/tenantwithoutid.xml
openstack-identity-api/src/docbkx/OS-KSADM/samples/tenant.xml
openstack-identity-api/src/docbkx/OS-KSADM/samples/user.json
openstack-identity-api/src/docbkx/OS-KSADM/samples/users.json
openstack-identity-api/src/docbkx/OS-KSADM/samples/users.xml
openstack-identity-api/src/docbkx/OS-KSADM/samples/userwithenabledonly.json
openstack-identity-api/src/docbkx/OS-KSADM/samples/userwithenabledonly.xml
openstack-identity-api/src/docbkx/OS-KSADM/samples/userwithoutid.json
openstack-identity-api/src/docbkx/OS-KSADM/samples/userwithoutid.xml
openstack-identity-api/src/docbkx/OS-KSADM/samples/user.xml
openstack-identity-api/src/docbkx/OS-KSCATALOG-admin-devguide.xml
openstack-identity-api/src/docbkx/OS-KSCATALOG/OS-KSCATALOG-admin-devguide.xml
openstack-identity-api/src/docbkx/OS-KSCATALOG/samples/endpoint.json
openstack-identity-api/src/docbkx/OS-KSCATALOG/samples/endpoints.json
openstack-identity-api/src/docbkx/OS-KSCATALOG/samples/endpoints.xml
openstack-identity-api/src/docbkx/OS-KSCATALOG/samples/endpointTemplate.json
openstack-identity-api/src/docbkx/OS-KSCATALOG/samples/endpointTemplates.json
openstack-identity-api/src/docbkx/OS-KSCATALOG/samples/endpointTemplates.xml
openstack-identity-api/src/docbkx/OS-KSCATALOG/samples/endpointTemplateWithOnlyId.json
openstack-identity-api/src/docbkx/OS-KSCATALOG/samples/endpointTemplateWithOnlyId.xml
openstack-identity-api/src/docbkx/OS-KSCATALOG/samples/endpointTemplate.xml
openstack-identity-api/src/docbkx/OS-KSCATALOG/samples/endpoint.xml
openstack-identity-api/src/docbkx/OS-KSEC2-admin-devguide.xml
openstack-identity-api/src/docbkx/OS-KSEC2/OS-KSEC2-admin-devguide.xml
openstack-identity-api/src/docbkx/OS-KSEC2/OS-KSEC2-service-devguide.xml
openstack-identity-api/src/docbkx/OS-KSEC2/samples/auth_credentials-OS-KSEC2.json
openstack-identity-api/src/docbkx/OS-KSEC2/samples/auth_credentials-OS-KSEC2.xml
openstack-identity-api/src/docbkx/OS-KSEC2/samples/credentialswithec2.json
openstack-identity-api/src/docbkx/OS-KSEC2/samples/credentialswithec2.xml
openstack-identity-api/src/docbkx/OS-KSEC2/samples/ec2Credentials.json
openstack-identity-api/src/docbkx/OS-KSEC2/samples/ec2Credentials.xml
openstack-identity-api/src/docbkx/OS-KSEC2-service-devguide.xml
openstack-identity-api/src/docbkx/OS-KS/OS-KSADM-admin-devguide.xml
openstack-identity-api/src/docbkx/OS-KS/OS-KSADM-admin.wadl
openstack-identity-api/src/docbkx/OS-KS/OS-KSCATALOG-admin-devguide.xml
openstack-identity-api/src/docbkx/OS-KS/OS-KSCATALOG-admin.wadl
openstack-identity-api/src/docbkx/OS-KS/OS-KSEC2-admin-devguide.xml
openstack-identity-api/src/docbkx/OS-KS/OS-KSEC2-admin.wadl
openstack-identity-api/src/docbkx/OS-KS/OS-KSEC2-service-devguide.xml
openstack-identity-api/src/docbkx/OS-KS/OS-KSS3-admin.wadl
openstack-identity-api/src/docbkx/OS-KS/OS-KSVALIDATE-admin.wadl
openstack-identity-api/src/docbkx/OS-KSS3/OS-KSS3-admin-devguide.xml
openstack-identity-api/src/docbkx/OS-KSS3/samples/credentialswiths3.json
openstack-identity-api/src/docbkx/OS-KSS3/samples/credentialswiths3.xml
openstack-identity-api/src/docbkx/OS-KSS3/samples/s3Credentials.json
openstack-identity-api/src/docbkx/OS-KSS3/samples/s3Credentials.xml
openstack-identity-api/src/docbkx/OS-KSVALIDATE/OS-KSVALIDATE-admin-devguide.xml
openstack-identity-api/src/docbkx/OS-KSVALIDATE/samples/endpoints.json
openstack-identity-api/src/docbkx/OS-KSVALIDATE/samples/endpoints.xml
openstack-identity-api/src/docbkx/OS-KSVALIDATE/samples/validatetoken.json
openstack-identity-api/src/docbkx/OS-KSVALIDATE/samples/validatetoken.xml
openstack-identity-api/src/docbkx/RAX-GRPADM/RAX-GRPADM-devguide.xml
openstack-identity-api/src/docbkx/RAX-GRPADM/samples/group-for-create.json
openstack-identity-api/src/docbkx/RAX-GRPADM/samples/group-for-create.xml
openstack-identity-api/src/docbkx/RAX-GRPADM/samples/group-for-update.json
openstack-identity-api/src/docbkx/RAX-GRPADM/samples/group-for-update.xml
openstack-identity-api/src/docbkx/RAX-GRPADM/samples/group.json
openstack-identity-api/src/docbkx/RAX-GRPADM/samples/groups.json
openstack-identity-api/src/docbkx/RAX-GRPADM/samples/groups.xml
openstack-identity-api/src/docbkx/RAX-GRPADM/samples/group-updated.json
openstack-identity-api/src/docbkx/RAX-GRPADM/samples/group-updated.xml
openstack-identity-api/src/docbkx/RAX-GRPADM/samples/group.xml
openstack-identity-api/src/docbkx/RAX-GRPADM/samples/users.json
openstack-identity-api/src/docbkx/RAX-GRPADM/samples/users.xml
openstack-identity-api/src/docbkx/RAX-KSGRP/RAX-KSGRP-service-devguide.xml
openstack-identity-api/src/docbkx/RAX-KSGRP/samples/RAX-KSGRP-group.json
openstack-identity-api/src/docbkx/RAX-KSGRP/samples/RAX-KSGRP-groups.json
openstack-identity-api/src/docbkx/RAX-KSGRP/samples/RAX-KSGRP-groups.xml
openstack-identity-api/src/docbkx/RAX-KSGRP/samples/RAX-KSGRP-group.xml
openstack-identity-api/src/docbkx/RAX-KSGRP-service-devguide.xml
openstack-identity-api/src/docbkx/RAX-KSKEY-admin-devguide.xml
openstack-identity-api/src/docbkx/RAX-KSKEY/RAX-KSKEY-admin-devguide.xml
openstack-identity-api/src/docbkx/RAX-KSKEY/RAX-KSKEY-service-devguide.xml
openstack-identity-api/src/docbkx/RAX-KSKEY/samples/apiKeyCredentials.json
openstack-identity-api/src/docbkx/RAX-KSKEY/samples/apiKeyCredentials.xml
openstack-identity-api/src/docbkx/RAX-KSKEY/samples/auth_credentials-RAX-KSKEY.json
openstack-identity-api/src/docbkx/RAX-KSKEY/samples/auth_credentials-RAX-KSKEY.xml
openstack-identity-api/src/docbkx/RAX-KSKEY/samples/credentials.json
openstack-identity-api/src/docbkx/RAX-KSKEY/samples/credentialswithapikey.json
openstack-identity-api/src/docbkx/RAX-KSKEY/samples/credentialswithapikey.xml
openstack-identity-api/src/docbkx/RAX-KSKEY/samples/credentials.xml
openstack-identity-api/src/docbkx/RAX-KSKEY-service-devguide.xml
openstack-identity-api/src/docbkx/RAX-KSQA/RAX-KSQA-admin-devguide.xml
openstack-identity-api/src/docbkx/RAX-KSQA/samples/RAX-KSQA-secretQA.json
openstack-identity-api/src/docbkx/RAX-KSQA/samples/RAX-KSQA-secretQA.xml
openstack-identity-api/src/docbkx/RAX-KS/RAX-KSGRP-admin.wadl
openstack-identity-api/src/docbkx/RAX-KS/RAX-KSGRP-service-devguide.xml
openstack-identity-api/src/docbkx/RAX-KS/RAX-KSKEY-admin-devguide.xml
openstack-identity-api/src/docbkx/RAX-KS/RAX-KSKEY-admin.wadl
openstack-identity-api/src/docbkx/RAX-KS/RAX-KSKEY-service-devguide.xml
openstack-identity-api/src/docbkx/RAX-KS/RAX-KSQA-admin.wadl
openstack-identity-api/src/docbkx/samples/auth_credentials.json
openstack-identity-api/src/docbkx/samples/auth_credentials-OS-EC2.json
openstack-identity-api/src/docbkx/samples/auth_credentials-OS-EC2.xml
openstack-identity-api/src/docbkx/samples/auth_credentials-RAX-KEY.json
openstack-identity-api/src/docbkx/samples/auth_credentials-RAX-KEY.xml
openstack-identity-api/src/docbkx/samples/auth_credentials.xml
openstack-identity-api/src/docbkx/samples/auth.json
openstack-identity-api/src/docbkx/samples/auth_with_token.json
openstack-identity-api/src/docbkx/samples/auth_with_token.xml
openstack-identity-api/src/docbkx/samples/auth.xml
openstack-identity-api/src/docbkx/samples/choices.json
openstack-identity-api/src/docbkx/samples/choices.xml
openstack-identity-api/src/docbkx/samples/endpoint.json
openstack-identity-api/src/docbkx/samples/endpoints.json
openstack-identity-api/src/docbkx/samples/endpoints.xml
openstack-identity-api/src/docbkx/samples/endpointTemplate.json
openstack-identity-api/src/docbkx/samples/endpointTemplates.json
openstack-identity-api/src/docbkx/samples/endpointTemplates.xml
openstack-identity-api/src/docbkx/samples/endpointTemplate.xml
openstack-identity-api/src/docbkx/samples/endpoint.xml
openstack-identity-api/src/docbkx/samples/extension.json
openstack-identity-api/src/docbkx/samples/extensions.json
openstack-identity-api/src/docbkx/samples/extensions.xml
openstack-identity-api/src/docbkx/samples/extension.xml
openstack-identity-api/src/docbkx/samples/ext-getuser.json
openstack-identity-api/src/docbkx/samples/ext-getuser.xml
openstack-identity-api/src/docbkx/samples/getuser-1.json
openstack-identity-api/src/docbkx/samples/getuser-1.xml
openstack-identity-api/src/docbkx/samples/identity_fault.json
openstack-identity-api/src/docbkx/samples/identity_fault.xml
openstack-identity-api/src/docbkx/samples/item_not_found.json
openstack-identity-api/src/docbkx/samples/item_not_found.xml
openstack-identity-api/src/docbkx/samples/role.json
openstack-identity-api/src/docbkx/samples/roles.json
openstack-identity-api/src/docbkx/samples/roles.xml
openstack-identity-api/src/docbkx/samples/role.xml
openstack-identity-api/src/docbkx/samples/samplerequestheader.txt
openstack-identity-api/src/docbkx/samples/sampleresponseheader.txt
openstack-identity-api/src/docbkx/samples/service.json
openstack-identity-api/src/docbkx/samples/services.json
openstack-identity-api/src/docbkx/samples/services.xml
openstack-identity-api/src/docbkx/samples/service.xml
openstack-identity-api/src/docbkx/samples/tenant.json
openstack-identity-api/src/docbkx/samples/tenantlock.json
openstack-identity-api/src/docbkx/samples/tenantlock.xml
openstack-identity-api/src/docbkx/samples/tenants-1.json
openstack-identity-api/src/docbkx/samples/tenants-1.xml
openstack-identity-api/src/docbkx/samples/tenants-2.json
openstack-identity-api/src/docbkx/samples/tenants-2.xml
openstack-identity-api/src/docbkx/samples/tenants-3.json
openstack-identity-api/src/docbkx/samples/tenants-3.xml
openstack-identity-api/src/docbkx/samples/tenants.json
openstack-identity-api/src/docbkx/samples/tenants-request.txt
openstack-identity-api/src/docbkx/samples/tenants.xml
openstack-identity-api/src/docbkx/samples/tenant.xml
openstack-identity-api/src/docbkx/samples/updatedtenant.json
openstack-identity-api/src/docbkx/samples/updatedtenant.xml
openstack-identity-api/src/docbkx/samples/user.json
openstack-identity-api/src/docbkx/samples/user.xml
openstack-identity-api/src/docbkx/samples/validatetoken.json
openstack-identity-api/src/docbkx/samples/validatetoken.xml
openstack-identity-api/src/docbkx/samples/version-atom.xml
openstack-identity-api/src/docbkx/samples/version.json
openstack-identity-api/src/docbkx/samples/versions-atom.xml
openstack-identity-api/src/docbkx/samples/versions.json
openstack-identity-api/src/docbkx/samples/versions.xml
openstack-identity-api/src/docbkx/samples/version.xml
openstack-identity-api/src/docbkx/style/schema.css
openstack-identity-api/src/docbkx/style/shjs/sh_acid.css
openstack-identity-api/src/docbkx/style/shjs/sh_darkblue.css
openstack-identity-api/src/docbkx/style/shjs/sh_emacs.css
openstack-identity-api/src/docbkx/style/shjs/sh_night.css
openstack-identity-api/src/docbkx/style/shjs/sh_pablo.css
openstack-identity-api/src/docbkx/style/shjs/sh_print.css
openstack-identity-api/src/docbkx/style/shjs/sh_style.css
openstack-identity-api/src/docbkx/style/shjs/sh_whitengrey.css
openstack-identity-api/src/docbkx/wadl/common.ent
openstack-identity-api/src/docbkx/wadl/HP-IDM-admin.wadl
openstack-identity-api/src/docbkx/wadl/identity-admin.wadl
openstack-identity-api/src/docbkx/wadl/identity.wadl
openstack-identity-api/src/docbkx/wadl/OS-KSADM-admin.wadl
openstack-identity-api/src/docbkx/wadl/OS-KSCATALOG-admin.wadl
openstack-identity-api/src/docbkx/wadl/OS-KSEC2-admin.wadl
openstack-identity-api/src/docbkx/wadl/OS-KSS3-admin.wadl
openstack-identity-api/src/docbkx/wadl/OS-KSVALIDATE-admin.wadl
openstack-identity-api/src/docbkx/wadl/RAX-GRPADM.wadl
openstack-identity-api/src/docbkx/wadl/RAX-KSGRP.wadl
openstack-identity-api/src/docbkx/wadl/RAX-KSKEY-admin.wadl
openstack-identity-api/src/docbkx/wadl/RAX-KSQA-admin.wadl
openstack-identity-api/src/docbkx/xsd/api-common.xsd
openstack-identity-api/src/docbkx/xsd/api.xsd
openstack-identity-api/src/docbkx/xsd/atom/atom.xsd
openstack-identity-api/src/docbkx/xsd/atom/xml.xsd
openstack-identity-api/src/docbkx/xsd/credentials.xsd
openstack-identity-api/src/docbkx/xsd/endpoints.xsd
openstack-identity-api/src/docbkx/xsd/extensions.xsd
openstack-identity-api/src/docbkx/xsd/fault.xsd
openstack-identity-api/src/docbkx/xsd/OS-KSADM.xsd
openstack-identity-api/src/docbkx/xsd/OS-KSCATALOG.xsd
openstack-identity-api/src/docbkx/xsd/OS-KSEC2-credentials.xsd
openstack-identity-api/src/docbkx/xsd/OS-KSS3-credentials.xsd
openstack-identity-api/src/docbkx/xsd/RAX-GRPADM.xsd
openstack-identity-api/src/docbkx/xsd/RAX-KSGRP-groups.xsd
openstack-identity-api/src/docbkx/xsd/RAX-KSKEY-credentials.xsd
openstack-identity-api/src/docbkx/xsd/RAX-KSQA-secretQA.xsd
openstack-identity-api/src/docbkx/xsd/roles.xsd
openstack-identity-api/src/docbkx/xsd/services.xsd
openstack-identity-api/src/docbkx/xsd/tenant.xsd
openstack-identity-api/src/docbkx/xsd/token.xsd
openstack-identity-api/src/docbkx/xsd/user.xsd
openstack-identity-api/src/docbkx/xsd/version.xsd
openstack-identity-api/src/docbkx/xslt/schema.xslt
openstack-identity-api/src/markdown/identity-api-v3.md
openstack-identity-api/src/markdown/identity-api-v3-os-ep-filter-ext.md
openstack-identity-api/src/markdown/identity-api-v3-os-inherit-ext.md
openstack-identity-api/src/markdown/identity-api-v3-os-trust-ext.md
openstack-identity-api/v2.0/pom.xml
openstack-identity-api/v2.0/src/docbkx/admin/identity-service-api.xml
openstack-identity-api/v2.0/src/docbkx/client/identity-client-api.xml
openstack-identity-api/v2.0/src/docbkx/common/ch_hp_extensions.xml
openstack-identity-api/v2.0/src/docbkx/common/ch_os_extensions.xml
openstack-identity-api/v2.0/src/docbkx/common/ch_rax_extensions.xml
openstack-identity-api/v2.0/src/docbkx/common/ch_rax_identity_extensions.xml
openstack-identity-api/v2.0/src/docbkx/common/identity-concepts.xml
openstack-identity-api/v2.0/src/docbkx/common/identity-dev-guide.xml
openstack-identity-api/v2.0/src/docbkx/common/identity-general-api-info.xml
openstack-identity-api/v2.0/src/docbkx/common/identity-service-api.xml
openstack-identity-api/v2.0/src/docbkx/common/preface.xml
openstack-identity-api/v2.0/src/docbkx/HP-IDM/HP-IDM.xml
openstack-identity-api/v2.0/src/docbkx/HP-IDM/samples/sample_request.txt
openstack-identity-api/v2.0/src/docbkx/HP-IDM/samples/sample_request_with_global_sid.txt
openstack-identity-api/v2.0/src/docbkx/js/shjs/sh_java.js
openstack-identity-api/v2.0/src/docbkx/js/shjs/sh_javascript.js
openstack-identity-api/v2.0/src/docbkx/js/shjs/sh_main.js
openstack-identity-api/v2.0/src/docbkx/js/shjs/sh_xml.js
openstack-identity-api/v2.0/src/docbkx/js/trc/schema/controller.js
openstack-identity-api/v2.0/src/docbkx/js/trc/schema/layoutManager.js
openstack-identity-api/v2.0/src/docbkx/js/trc/schema/sampleManager.js
openstack-identity-api/v2.0/src/docbkx/js/trc/util.js
openstack-identity-api/v2.0/src/docbkx/OS-KSADM/OS-KSADM-admin-devguide.xml
openstack-identity-api/v2.0/src/docbkx/OS-KSADM/samples/create_user_request.json
openstack-identity-api/v2.0/src/docbkx/OS-KSADM/samples/credentials.json
openstack-identity-api/v2.0/src/docbkx/OS-KSADM/samples/credentials.xml
openstack-identity-api/v2.0/src/docbkx/OS-KSADM/samples/passwordcredentials.json
openstack-identity-api/v2.0/src/docbkx/OS-KSADM/samples/passwordcredentials.xml
openstack-identity-api/v2.0/src/docbkx/OS-KSADM/samples/role.json
openstack-identity-api/v2.0/src/docbkx/OS-KSADM/samples/roles.json
openstack-identity-api/v2.0/src/docbkx/OS-KSADM/samples/roles.xml
openstack-identity-api/v2.0/src/docbkx/OS-KSADM/samples/role.xml
openstack-identity-api/v2.0/src/docbkx/OS-KSADM/samples/service.json
openstack-identity-api/v2.0/src/docbkx/OS-KSADM/samples/services.json
openstack-identity-api/v2.0/src/docbkx/OS-KSADM/samples/services.xml
openstack-identity-api/v2.0/src/docbkx/OS-KSADM/samples/service.xml
openstack-identity-api/v2.0/src/docbkx/OS-KSADM/samples/tenant.json
openstack-identity-api/v2.0/src/docbkx/OS-KSADM/samples/tenantwithoutid.json
openstack-identity-api/v2.0/src/docbkx/OS-KSADM/samples/tenantwithoutid.xml
openstack-identity-api/v2.0/src/docbkx/OS-KSADM/samples/tenant.xml
openstack-identity-api/v2.0/src/docbkx/OS-KSADM/samples/user.json
openstack-identity-api/v2.0/src/docbkx/OS-KSADM/samples/users.json
openstack-identity-api/v2.0/src/docbkx/OS-KSADM/samples/users.xml
openstack-identity-api/v2.0/src/docbkx/OS-KSADM/samples/userwithenabledonly.json
openstack-identity-api/v2.0/src/docbkx/OS-KSADM/samples/userwithenabledonly.xml
openstack-identity-api/v2.0/src/docbkx/OS-KSADM/samples/userwithoutid.json
openstack-identity-api/v2.0/src/docbkx/OS-KSADM/samples/userwithoutid.xml
openstack-identity-api/v2.0/src/docbkx/OS-KSADM/samples/user.xml
openstack-identity-api/v2.0/src/docbkx/OS-KSCATALOG/OS-KSCATALOG-admin-devguide.xml
openstack-identity-api/v2.0/src/docbkx/OS-KSCATALOG/samples/endpoint.json
openstack-identity-api/v2.0/src/docbkx/OS-KSCATALOG/samples/endpoints.json
openstack-identity-api/v2.0/src/docbkx/OS-KSCATALOG/samples/endpoints.xml
openstack-identity-api/v2.0/src/docbkx/OS-KSCATALOG/samples/endpointTemplate.json
openstack-identity-api/v2.0/src/docbkx/OS-KSCATALOG/samples/endpointTemplates.json
openstack-identity-api/v2.0/src/docbkx/OS-KSCATALOG/samples/endpointTemplates.xml
openstack-identity-api/v2.0/src/docbkx/OS-KSCATALOG/samples/endpointTemplateWithOnlyId.json
openstack-identity-api/v2.0/src/docbkx/OS-KSCATALOG/samples/endpointTemplateWithOnlyId.xml
openstack-identity-api/v2.0/src/docbkx/OS-KSCATALOG/samples/endpointTemplate.xml
openstack-identity-api/v2.0/src/docbkx/OS-KSCATALOG/samples/endpoint.xml
openstack-identity-api/v2.0/src/docbkx/OS-KSEC2/OS-KSEC2-admin-devguide.xml
openstack-identity-api/v2.0/src/docbkx/OS-KSEC2/OS-KSEC2-service-devguide.xml
openstack-identity-api/v2.0/src/docbkx/OS-KSEC2/samples/auth_credentials-OS-KSEC2.json
openstack-identity-api/v2.0/src/docbkx/OS-KSEC2/samples/auth_credentials-OS-KSEC2.xml
openstack-identity-api/v2.0/src/docbkx/OS-KSEC2/samples/credentialswithec2.json
openstack-identity-api/v2.0/src/docbkx/OS-KSEC2/samples/credentialswithec2.xml
openstack-identity-api/v2.0/src/docbkx/OS-KSEC2/samples/ec2Credentials.json
openstack-identity-api/v2.0/src/docbkx/OS-KSEC2/samples/ec2Credentials.xml
openstack-identity-api/v2.0/src/docbkx/OS-KSS3/OS-KSS3-admin-devguide.xml
openstack-identity-api/v2.0/src/docbkx/OS-KSS3/samples/credentialswiths3.json
openstack-identity-api/v2.0/src/docbkx/OS-KSS3/samples/credentialswiths3.xml
openstack-identity-api/v2.0/src/docbkx/OS-KSS3/samples/s3Credentials.json
openstack-identity-api/v2.0/src/docbkx/OS-KSS3/samples/s3Credentials.xml
openstack-identity-api/v2.0/src/docbkx/OS-KSVALIDATE/OS-KSVALIDATE-admin-devguide.xml
openstack-identity-api/v2.0/src/docbkx/OS-KSVALIDATE/samples/endpoints.json
openstack-identity-api/v2.0/src/docbkx/OS-KSVALIDATE/samples/endpoints.xml
openstack-identity-api/v2.0/src/docbkx/OS-KSVALIDATE/samples/validatetoken.json
openstack-identity-api/v2.0/src/docbkx/OS-KSVALIDATE/samples/validatetoken.xml
openstack-identity-api/v2.0/src/docbkx/RAX-GRPADM/RAX-GRPADM-devguide.xml
openstack-identity-api/v2.0/src/docbkx/RAX-GRPADM/samples/group-for-create.json
openstack-identity-api/v2.0/src/docbkx/RAX-GRPADM/samples/group-for-create.xml
openstack-identity-api/v2.0/src/docbkx/RAX-GRPADM/samples/group-for-update.json
openstack-identity-api/v2.0/src/docbkx/RAX-GRPADM/samples/group-for-update.xml
openstack-identity-api/v2.0/src/docbkx/RAX-GRPADM/samples/group.json
openstack-identity-api/v2.0/src/docbkx/RAX-GRPADM/samples/groups.json
openstack-identity-api/v2.0/src/docbkx/RAX-GRPADM/samples/groups.xml
openstack-identity-api/v2.0/src/docbkx/RAX-GRPADM/samples/group-updated.json
openstack-identity-api/v2.0/src/docbkx/RAX-GRPADM/samples/group-updated.xml
openstack-identity-api/v2.0/src/docbkx/RAX-GRPADM/samples/group.xml
openstack-identity-api/v2.0/src/docbkx/RAX-GRPADM/samples/users.json
openstack-identity-api/v2.0/src/docbkx/RAX-GRPADM/samples/users.xml
openstack-identity-api/v2.0/src/docbkx/RAX-KSGRP/RAX-KSGRP-service-devguide.xml
openstack-identity-api/v2.0/src/docbkx/RAX-KSGRP/samples/RAX-KSGRP-group.json
openstack-identity-api/v2.0/src/docbkx/RAX-KSGRP/samples/RAX-KSGRP-groups.json
openstack-identity-api/v2.0/src/docbkx/RAX-KSGRP/samples/RAX-KSGRP-groups.xml
openstack-identity-api/v2.0/src/docbkx/RAX-KSGRP/samples/RAX-KSGRP-group.xml
openstack-identity-api/v2.0/src/docbkx/RAX-KSKEY/RAX-KSKEY-admin-devguide.xml
openstack-identity-api/v2.0/src/docbkx/RAX-KSKEY/RAX-KSKEY-service-devguide.xml
openstack-identity-api/v2.0/src/docbkx/RAX-KSKEY/samples/apiKeyCredentials.json
openstack-identity-api/v2.0/src/docbkx/RAX-KSKEY/samples/apiKeyCredentials.xml
openstack-identity-api/v2.0/src/docbkx/RAX-KSKEY/samples/auth_credentials-RAX-KSKEY.json
openstack-identity-api/v2.0/src/docbkx/RAX-KSKEY/samples/auth_credentials-RAX-KSKEY.xml
openstack-identity-api/v2.0/src/docbkx/RAX-KSKEY/samples/credentials.json
openstack-identity-api/v2.0/src/docbkx/RAX-KSKEY/samples/credentialswithapikey.json
openstack-identity-api/v2.0/src/docbkx/RAX-KSKEY/samples/credentialswithapikey.xml
openstack-identity-api/v2.0/src/docbkx/RAX-KSKEY/samples/credentials.xml
openstack-identity-api/v2.0/src/docbkx/RAX-KSQA/RAX-KSQA-admin-devguide.xml
openstack-identity-api/v2.0/src/docbkx/RAX-KSQA/samples/RAX-KSQA-secretQA.json
openstack-identity-api/v2.0/src/docbkx/RAX-KSQA/samples/RAX-KSQA-secretQA.xml
openstack-identity-api/v2.0/src/docbkx/samples/apiKeyCredentials.json
openstack-identity-api/v2.0/src/docbkx/samples/apiKeyCredentials.xml
openstack-identity-api/v2.0/src/docbkx/samples/auth_credentials.json
openstack-identity-api/v2.0/src/docbkx/samples/auth_credentials-RAX-KSKEY.json
openstack-identity-api/v2.0/src/docbkx/samples/auth_credentials-RAX-KSKEY.xml
openstack-identity-api/v2.0/src/docbkx/samples/auth_credentials.xml
openstack-identity-api/v2.0/src/docbkx/samples/auth.json
openstack-identity-api/v2.0/src/docbkx/samples/auth_with_token.json
openstack-identity-api/v2.0/src/docbkx/samples/auth_with_token.xml
openstack-identity-api/v2.0/src/docbkx/samples/auth.xml
openstack-identity-api/v2.0/src/docbkx/samples/choices.json
openstack-identity-api/v2.0/src/docbkx/samples/choices.xml
openstack-identity-api/v2.0/src/docbkx/samples/credentials.json
openstack-identity-api/v2.0/src/docbkx/samples/credentialswithapikey.json
openstack-identity-api/v2.0/src/docbkx/samples/credentialswithapikey.xml
openstack-identity-api/v2.0/src/docbkx/samples/credentials.xml
openstack-identity-api/v2.0/src/docbkx/samples/endpoints.json
openstack-identity-api/v2.0/src/docbkx/samples/endpoints.xml
openstack-identity-api/v2.0/src/docbkx/samples/extension.json
openstack-identity-api/v2.0/src/docbkx/samples/extensions.json
openstack-identity-api/v2.0/src/docbkx/samples/extensions.xml
openstack-identity-api/v2.0/src/docbkx/samples/extension.xml
openstack-identity-api/v2.0/src/docbkx/samples/ext-getuser.json
openstack-identity-api/v2.0/src/docbkx/samples/ext-getuser.xml
openstack-identity-api/v2.0/src/docbkx/samples/getuser-1.json
openstack-identity-api/v2.0/src/docbkx/samples/getuser-1.xml
openstack-identity-api/v2.0/src/docbkx/samples/identity_fault.json
openstack-identity-api/v2.0/src/docbkx/samples/identity_fault.xml
openstack-identity-api/v2.0/src/docbkx/samples/item_not_found.json
openstack-identity-api/v2.0/src/docbkx/samples/item_not_found.xml
openstack-identity-api/v2.0/src/docbkx/samples/roles.json
openstack-identity-api/v2.0/src/docbkx/samples/roles.xml
openstack-identity-api/v2.0/src/docbkx/samples/samplerequestheader.txt
openstack-identity-api/v2.0/src/docbkx/samples/sampleresponseheader.txt
openstack-identity-api/v2.0/src/docbkx/samples/tenant.json
openstack-identity-api/v2.0/src/docbkx/samples/tenants-1.json
openstack-identity-api/v2.0/src/docbkx/samples/tenants-1.xml
openstack-identity-api/v2.0/src/docbkx/samples/tenants-2.json
openstack-identity-api/v2.0/src/docbkx/samples/tenants-2.xml
openstack-identity-api/v2.0/src/docbkx/samples/tenants-3.json
openstack-identity-api/v2.0/src/docbkx/samples/tenants-3.xml
openstack-identity-api/v2.0/src/docbkx/samples/tenants.json
openstack-identity-api/v2.0/src/docbkx/samples/tenants-request-JSON.txt
openstack-identity-api/v2.0/src/docbkx/samples/tenants-request.txt
openstack-identity-api/v2.0/src/docbkx/samples/tenants-request-XML.txt
openstack-identity-api/v2.0/src/docbkx/samples/tenants.xml
openstack-identity-api/v2.0/src/docbkx/samples/tenant.xml
openstack-identity-api/v2.0/src/docbkx/samples/user.json
openstack-identity-api/v2.0/src/docbkx/samples/user.xml
openstack-identity-api/v2.0/src/docbkx/samples/validatetoken.json
openstack-identity-api/v2.0/src/docbkx/samples/validatetoken.xml
openstack-identity-api/v2.0/src/docbkx/samples/version-atom.xml
openstack-identity-api/v2.0/src/docbkx/samples/version.json
openstack-identity-api/v2.0/src/docbkx/samples/versions-atom.xml
openstack-identity-api/v2.0/src/docbkx/samples/versions.json
openstack-identity-api/v2.0/src/docbkx/samples/versions.xml
openstack-identity-api/v2.0/src/docbkx/samples/version.xml
openstack-identity-api/v2.0/src/docbkx/style/schema.css
openstack-identity-api/v2.0/src/docbkx/style/shjs/sh_acid.css
openstack-identity-api/v2.0/src/docbkx/style/shjs/sh_darkblue.css
openstack-identity-api/v2.0/src/docbkx/style/shjs/sh_emacs.css
openstack-identity-api/v2.0/src/docbkx/style/shjs/sh_night.css
openstack-identity-api/v2.0/src/docbkx/style/shjs/sh_pablo.css
openstack-identity-api/v2.0/src/docbkx/style/shjs/sh_print.css
openstack-identity-api/v2.0/src/docbkx/style/shjs/sh_style.css
openstack-identity-api/v2.0/src/docbkx/style/shjs/sh_whitengrey.css
openstack-identity-api/v2.0/src/docbkx/wadl/common.ent
openstack-identity-api/v2.0/src/docbkx/wadl/HP-IDM-admin.wadl
openstack-identity-api/v2.0/src/docbkx/wadl/identity-admin.wadl
openstack-identity-api/v2.0/src/docbkx/wadl/identity.wadl
openstack-identity-api/v2.0/src/docbkx/wadl/OS-KSADM-admin.wadl
openstack-identity-api/v2.0/src/docbkx/wadl/OS-KSCATALOG-admin.wadl
openstack-identity-api/v2.0/src/docbkx/wadl/OS-KSEC2-admin.wadl
openstack-identity-api/v2.0/src/docbkx/wadl/OS-KSS3-admin.wadl
openstack-identity-api/v2.0/src/docbkx/wadl/OS-KSVALIDATE-admin.wadl
openstack-identity-api/v2.0/src/docbkx/wadl/RAX-GRPADM.wadl
openstack-identity-api/v2.0/src/docbkx/wadl/RAX-KSGRP-admin.wadl
openstack-identity-api/v2.0/src/docbkx/wadl/RAX-KSGRP.wadl
openstack-identity-api/v2.0/src/docbkx/wadl/RAX-KSKEY-admin.wadl
openstack-identity-api/v2.0/src/docbkx/wadl/RAX-KSQA-admin.wadl
openstack-identity-api/v2.0/src/docbkx/xsd/api-common.xsd
openstack-identity-api/v2.0/src/docbkx/xsd/api.xsd
openstack-identity-api/v2.0/src/docbkx/xsd/atom/atom.xsd
openstack-identity-api/v2.0/src/docbkx/xsd/atom/xml.xsd
openstack-identity-api/v2.0/src/docbkx/xsd/credentials.xsd
openstack-identity-api/v2.0/src/docbkx/xsd/endpoints.xsd
openstack-identity-api/v2.0/src/docbkx/xsd/extensions.xsd
openstack-identity-api/v2.0/src/docbkx/xsd/fault.xsd
openstack-identity-api/v2.0/src/docbkx/xsd/OS-KSADM.xsd
openstack-identity-api/v2.0/src/docbkx/xsd/OS-KSCATALOG.xsd
openstack-identity-api/v2.0/src/docbkx/xsd/OS-KSEC2-credentials.xsd
openstack-identity-api/v2.0/src/docbkx/xsd/OS-KSS3-credentials.xsd
openstack-identity-api/v2.0/src/docbkx/xsd/RAX-GRPADM.xsd
openstack-identity-api/v2.0/src/docbkx/xsd/RAX-KSGRP-groups.xsd
openstack-identity-api/v2.0/src/docbkx/xsd/RAX-KSKEY-credentials.xsd
openstack-identity-api/v2.0/src/docbkx/xsd/RAX-KSQA-secretQA.xsd
openstack-identity-api/v2.0/src/docbkx/xsd/roles.xsd
openstack-identity-api/v2.0/src/docbkx/xsd/services.xsd
openstack-identity-api/v2.0/src/docbkx/xsd/tenant.xsd
openstack-identity-api/v2.0/src/docbkx/xsd/token.xsd
openstack-identity-api/v2.0/src/docbkx/xsd/user.xsd
openstack-identity-api/v2.0/src/docbkx/xsd/version.xsd
openstack-identity-api/v2.0/src/docbkx/xslt/schema.xslt
openstack-identity-api/v3/pom.xml
openstack-identity-api/v3/preprocess.sh
openstack-identity-api/v3/src/docbkx/xsd/api.xsd
openstack-identity-api/v3/src/docbkx/xsd/atom/atom.xsd
openstack-identity-api/v3/src/docbkx/xsd/auth_request.xsd
openstack-identity-api/v3/src/docbkx/xsd/auth_response.xsd
openstack-identity-api/v3/src/docbkx/xsd/credentials.xsd
openstack-identity-api/v3/src/docbkx/xsd/domains.xsd
openstack-identity-api/v3/src/docbkx/xsd/endpoints.xsd
openstack-identity-api/v3/src/docbkx/xsd/entity.xsd
openstack-identity-api/v3/src/docbkx/xsd/faults.xsd
openstack-identity-api/v3/src/docbkx/xsd/groups.xsd
openstack-identity-api/v3/src/docbkx/xsd/policies.xsd
openstack-identity-api/v3/src/docbkx/xsd/projects.xsd
openstack-identity-api/v3/src/docbkx/xsd/roles.xsd
openstack-identity-api/v3/src/docbkx/xsd/services.xsd
openstack-identity-api/v3/src/docbkx/xsd/users.xsd
openstack-identity-api/v3/src/markdown/identity-api-v3.md
openstack-identity-api/v3/src/markdown/identity-api-v3-os-ep-filter-ext.md
openstack-identity-api/v3/src/markdown/identity-api-v3-os-federation-ext.md
openstack-identity-api/v3/src/markdown/identity-api-v3-os-idp-ext.md
openstack-identity-api/v3/src/markdown/identity-api-v3-os-inherit-ext.md
openstack-identity-api/v3/src/markdown/identity-api-v3-os-kds-ext.md
openstack-identity-api/v3/src/markdown/identity-api-v3-os-oauth1-ext.md
openstack-identity-api/v3/src/markdown/identity-api-v3-os-revoke-ext.md
openstack-identity-api/v3/src/markdown/identity-api-v3-os-simple-certs-ext.md
openstack-identity-api/v3/src/markdown/identity-api-v3-os-trust-ext.md
openstack-identity-api/v3/src/markdown/identity-api-v3-os-vo-ext.md
pom.xml
README
README.rst
test-requirements.txt
tools/rfc.sh
tox.ini
v2.0/pom.xml
v2.0/src/ch_hp_extensions.xml
v2.0/src/ch_identity-client-api.xml
v2.0/src/ch_identity-general-api-info.xml
v2.0/src/ch_identity-service-api.xml
v2.0/src/ch_os_extensions.xml
v2.0/src/ch_rax_extensions.xml
v2.0/src/ch_rax_identity_extensions.xml
v2.0/src/identity-dev-guide.xml
v2.0/src/js/shjs/sh_java.js
v2.0/src/js/shjs/sh_javascript.js
v2.0/src/js/shjs/sh_main.js
v2.0/src/js/shjs/sh_xml.js
v2.0/src/js/trc/schema/controller.js
v2.0/src/js/trc/schema/layoutManager.js
v2.0/src/js/trc/schema/sampleManager.js
v2.0/src/js/trc/util.js
v2.0/src/preface.xml
v2.0/src/samples/apiKeyCredentials.json
v2.0/src/samples/apiKeyCredentials.xml
v2.0/src/samples/choices.json
v2.0/src/samples/choices.xml
v2.0/src/samples/credentials.xml
v2.0/src/samples/ext-getuser.json
v2.0/src/samples/ext-getuser.xml
v2.0/src/samples/getuser-1.json
v2.0/src/samples/getuser-1.xml
v2.0/src/samples/identity_fault.json
v2.0/src/samples/identity_fault.xml
v2.0/src/samples/item_not_found.json
v2.0/src/samples/item_not_found.xml
v2.0/src/samples/samplerequestheader.txt
v2.0/src/samples/sample_request.txt
v2.0/src/samples/sample_request_with_global_sid.txt
v2.0/src/samples/sampleresponseheader.txt
v2.0/src/section_identity-concepts.xml
v2.0/src/style/schema.css
v2.0/src/style/shjs/sh_acid.css
v2.0/src/style/shjs/sh_darkblue.css
v2.0/src/style/shjs/sh_emacs.css
v2.0/src/style/shjs/sh_night.css
v2.0/src/style/shjs/sh_pablo.css
v2.0/src/style/shjs/sh_print.css
v2.0/src/style/shjs/sh_style.css
v2.0/src/style/shjs/sh_whitengrey.css
v2.0/src/xsd/api-common.xsd
v2.0/src/xsd/api.xsd
v2.0/src/xsd/atom/atom.xsd
v2.0/src/xsd/atom/xml.xsd
v2.0/src/xsd/credentials.xsd
v2.0/src/xsd/endpoints.xsd
v2.0/src/xsd/extensions.xsd
v2.0/src/xsd/fault.xsd
v2.0/src/xsd/OS-KSADM.xsd
v2.0/src/xsd/OS-KSCATALOG.xsd
v2.0/src/xsd/OS-KSEC2-credentials.xsd
v2.0/src/xsd/OS-KSS3-credentials.xsd
v2.0/src/xsd/RAX-GRPADM.xsd
v2.0/src/xsd/RAX-KSGRP-groups.xsd
v2.0/src/xsd/RAX-KSKEY-credentials.xsd
v2.0/src/xsd/RAX-KSQA-secretQA.xsd
v2.0/src/xsd/roles.xsd
v2.0/src/xsd/services.xsd
v2.0/src/xsd/tenant.xsd
v2.0/src/xsd/token.xsd
v2.0/src/xsd/user.xsd
v2.0/src/xsd/version.xsd
v2.0/src/xslt/schema.xslt
v3/pom.xml
v3/preprocess.sh
v3/src/docbkx/xsd/api.xsd
v3/src/docbkx/xsd/atom/atom.xsd
v3/src/docbkx/xsd/auth_request.xsd
v3/src/docbkx/xsd/auth_response.xsd
v3/src/docbkx/xsd/credentials.xsd
v3/src/docbkx/xsd/domains.xsd
v3/src/docbkx/xsd/endpoints.xsd
v3/src/docbkx/xsd/entity.xsd
v3/src/docbkx/xsd/faults.xsd
v3/src/docbkx/xsd/groups.xsd
v3/src/docbkx/xsd/policies.xsd
v3/src/docbkx/xsd/projects.xsd
v3/src/docbkx/xsd/roles.xsd
v3/src/docbkx/xsd/services.xsd
v3/src/docbkx/xsd/users.xsd
v3/src/markdown/identity-api-v3.md
v3/src/markdown/identity-api-v3-os-ep-filter-ext.md
v3/src/markdown/identity-api-v3-os-federation-ext.md
v3/src/markdown/identity-api-v3-os-inherit-ext.md
v3/src/markdown/identity-api-v3-os-kds-ext.md
v3/src/markdown/identity-api-v3-os-oauth1-ext.md
v3/src/markdown/identity-api-v3-os-revoke-ext.md
v3/src/markdown/identity-api-v3-os-simple-certs-ext.md
v3/src/markdown/identity-api-v3-os-trust-ext.md
