MANIFEST.in
README.txt
setup.py
xstatic/__init__.py
xstatic/pkg/bootstrap_scss/data/fonts/bootstrap/glyphicons-halflings-regular.eot
xstatic/pkg/bootstrap_scss/data/fonts/bootstrap/glyphicons-halflings-regular.ttf
xstatic/pkg/bootstrap_scss/data/fonts/bootstrap/glyphicons-halflings-regular.woff
xstatic/pkg/bootstrap_scss/data/js/bootstrap.js
xstatic/pkg/bootstrap_scss/data/scss/bootstrap/_accordion.scss
xstatic/pkg/bootstrap_scss/data/scss/bootstrap/_alerts.scss
xstatic/pkg/bootstrap_scss/data/scss/bootstrap/_badges.scss
xstatic/pkg/bootstrap_scss/data/scss/bootstrap/bootstrap.scss
xstatic/pkg/bootstrap_scss/data/scss/bootstrap/_breadcrumbs.scss
xstatic/pkg/bootstrap_scss/data/scss/bootstrap/_button-groups.scss
xstatic/pkg/bootstrap_scss/data/scss/bootstrap/_buttons.scss
xstatic/pkg/bootstrap_scss/data/scss/bootstrap/_carousel.scss
xstatic/pkg/bootstrap_scss/data/scss/bootstrap/_close.scss
xstatic/pkg/bootstrap_scss/data/scss/bootstrap/_code.scss
xstatic/pkg/bootstrap_scss/data/scss/bootstrap/_component-animations.scss
xstatic/pkg/bootstrap_scss/data/scss/bootstrap/_dropdowns.scss
xstatic/pkg/bootstrap_scss/data/scss/bootstrap/_forms.scss
xstatic/pkg/bootstrap_scss/data/scss/bootstrap/_glyphicons.scss
xstatic/pkg/bootstrap_scss/data/scss/bootstrap/_grid.scss
xstatic/pkg/bootstrap_scss/data/scss/bootstrap/_hero-unit.scss
xstatic/pkg/bootstrap_scss/data/scss/bootstrap/_input-groups.scss
xstatic/pkg/bootstrap_scss/data/scss/bootstrap/_jumbotron.scss
xstatic/pkg/bootstrap_scss/data/scss/bootstrap/_labels.scss
xstatic/pkg/bootstrap_scss/data/scss/bootstrap/_layouts.scss
xstatic/pkg/bootstrap_scss/data/scss/bootstrap/_list-group.scss
xstatic/pkg/bootstrap_scss/data/scss/bootstrap/_media.scss
xstatic/pkg/bootstrap_scss/data/scss/bootstrap/_mixins.scss
xstatic/pkg/bootstrap_scss/data/scss/bootstrap/_modals.scss
xstatic/pkg/bootstrap_scss/data/scss/bootstrap/_navbar.scss
xstatic/pkg/bootstrap_scss/data/scss/bootstrap/_navs.scss
xstatic/pkg/bootstrap_scss/data/scss/bootstrap/_normalize.scss
xstatic/pkg/bootstrap_scss/data/scss/bootstrap/_pager.scss
xstatic/pkg/bootstrap_scss/data/scss/bootstrap/_pagination.scss
xstatic/pkg/bootstrap_scss/data/scss/bootstrap/_panels.scss
xstatic/pkg/bootstrap_scss/data/scss/bootstrap/_popovers.scss
xstatic/pkg/bootstrap_scss/data/scss/bootstrap/_print.scss
xstatic/pkg/bootstrap_scss/data/scss/bootstrap/_progress-bars.scss
xstatic/pkg/bootstrap_scss/data/scss/bootstrap/_reset.scss
xstatic/pkg/bootstrap_scss/data/scss/_bootstrap-responsive.scss
xstatic/pkg/bootstrap_scss/data/scss/bootstrap/_responsive-utilities.scss
xstatic/pkg/bootstrap_scss/data/scss/bootstrap/_scaffolding.scss
xstatic/pkg/bootstrap_scss/data/scss/_bootstrap.scss
xstatic/pkg/bootstrap_scss/data/scss/bootstrap.scss
xstatic/pkg/bootstrap_scss/data/scss/bootstrap/_sprites.scss
xstatic/pkg/bootstrap_scss/data/scss/bootstrap/_tables.scss
xstatic/pkg/bootstrap_scss/data/scss/bootstrap/_theme.scss
xstatic/pkg/bootstrap_scss/data/scss/bootstrap/_thumbnails.scss
xstatic/pkg/bootstrap_scss/data/scss/bootstrap/_tooltip.scss
xstatic/pkg/bootstrap_scss/data/scss/bootstrap/_type.scss
xstatic/pkg/bootstrap_scss/data/scss/bootstrap/_utilities.scss
xstatic/pkg/bootstrap_scss/data/scss/bootstrap/_variables.scss
xstatic/pkg/bootstrap_scss/data/scss/bootstrap/_wells.scss
xstatic/pkg/bootstrap_scss/__init__.py
xstatic/pkg/__init__.py
