doc/source/conf.py
doc/source/index.rst
doc/source/specs
LICENSE
README.rst
requirements.txt
setup.cfg
setup.py
specs/5.1/access-control-master-node.rst
specs/5.1/backup-master-node.rst
specs/5.1/fake.rst
specs/5.1/feature-groups.rst
specs/5.1/galera-improvements.rst
specs/5.1/image-based-os-provisioning.rst
specs/5.1/ml2-neutron.rst
specs/5.1/openstack-from-master.rst
specs/5.1/pacemaker-galera-resource-agent.rst
specs/5.1/secure-fuel-master-services.rst
specs/5.1/vcenter-nsx-support.rst
specs/template.rst
.testr.conf
tests/__init__.py
tests/test_titles.py
tools/with_venv.sh
tox.ini
