AUTHORS
bin/st
bin/st.py
bin/swauth-add-account
bin/swauth-add-user
bin/swauth-cleanup-tokens
bin/swauth-delete-account
bin/swauth-delete-user
bin/swauth-list
bin/swauth-prep
bin/swauth-set-account-service
bin/swift
bin/swift-account-audit
bin/swift-account-auditor
bin/swift-account-auditor.py
bin/swift-account-audit.py
bin/swift-account-info
bin/swift-account-reaper
bin/swift-account-reaper.py
bin/swift-account-replicator
bin/swift-account-replicator.py
bin/swift-account-server
bin/swift-account-server.py
bin/swift-account-stats-logger
bin/swift-account-stats-logger.py
bin/swift-auth-add-user
bin/swift-auth-create-account
bin/swift-auth-create-account.py
bin/swift-auth-recreate-accounts
bin/swift-auth-recreate-accounts.py
bin/swift-auth-server
bin/swift-auth-server.py
bin/swift-auth-to-swauth
bin/swift-auth-update-reseller-prefixes
bin/swift-bench
bin/swift-bench-client
bin/swift-config
bin/swift-container-auditor
bin/swift-container-auditor.py
bin/swift-container-info
bin/swift-container-reconciler
bin/swift-container-replicator
bin/swift-container-replicator.py
bin/swift-container-server
bin/swift-container-server.py
bin/swift-container-stats-logger
bin/swift-container-sync
bin/swift-container-updater
bin/swift-container-updater.py
bin/swift-dispersion-populate
bin/swift-dispersion-report
bin/swift-drive-audit
bin/swift-drive-audit.py
bin/swift-form-signature
bin/swift-get-nodes
bin/swift-get-nodes.py
bin/swift-init
bin/swift-init.py
bin/swift-log-stats-collector
bin/swift-log-uploader
bin/swift-object-auditor
bin/swift-object-auditor.py
bin/swift-object-expirer
bin/swift-object-info
bin/swift-object-info.py
bin/swift-object-replicator
bin/swift-object-replicator.py
bin/swift-object-server
bin/swift-object-server.py
bin/swift-object-updater
bin/swift-object-updater.py
bin/swift-oldies
bin/swift-orphans
bin/swift-proxy-server
bin/swift-proxy-server.py
bin/swift-recon
bin/swift-reconciler-enqueue
bin/swift-recon-cron
bin/swift-ring-builder
bin/swift-ring-builder.py
bin/swift-stats-populate
bin/swift-stats-populate.py
bin/swift-stats-report
bin/swift-stats-report.py
bin/swift-temp-url
.bintests
.bzrignore
CHANGELOG
CONTRIBUTING.md
.coveragerc
debian/changelog
debian/compat
debian/control
debian/copyright
debian/rules
debian/source/format
debian/swift-account.dirs
debian/swift-account.docs
debian/swift-account.init
debian/swift-account.install
debian/swift-account.swift-account-auditor
debian/swift-account.swift-account-reaper
debian/swift-account.swift-account-replicator
debian/swift-auth.dirs
debian/swift-auth.docs
debian/swift-auth.init
debian/swift-auth.install
debian/swift-container.dirs
debian/swift-container.docs
debian/swift-container.init
debian/swift-container.install
debian/swift-container.swift-container-auditor
debian/swift-container.swift-container-replicator
debian/swift-container.swift-container-updater
debian/swift.dirs
debian/swift-doc.doc-base
debian/swift-doc.docs
debian/swift.docs
debian/swift.install
debian/swift-object.dirs
debian/swift-object.docs
debian/swift-object.init
debian/swift-object.install
debian/swift-object.swift-object-auditor
debian/swift-object.swift-object-replicator
debian/swift-object.swift-object-updater
debian/swift.postinst
debian/swift-proxy.dirs
debian/swift-proxy.docs
debian/swift-proxy.init
debian/swift-proxy.install
debian/watch
doc/manpages/account-server.conf.5
doc/manpages/container-server.conf.5
doc/manpages/dispersion.conf.5
doc/manpages/object-expirer.conf.5
doc/manpages/object-server.conf.5
doc/manpages/proxy-server.conf.5
doc/manpages/swift.1
doc/manpages/swift-account-auditor.1
doc/manpages/swift-account-info.1
doc/manpages/swift-account-reaper.1
doc/manpages/swift-account-replicator.1
doc/manpages/swift-account-server.1
doc/manpages/swift-container-auditor.1
doc/manpages/swift-container-info.1
doc/manpages/swift-container-replicator.1
doc/manpages/swift-container-server.1
doc/manpages/swift-container-sync.1
doc/manpages/swift-container-updater.1
doc/manpages/swift-dispersion-populate.1
doc/manpages/swift-dispersion-report.1
doc/manpages/swift-get-nodes.1
doc/manpages/swift-init.1
doc/manpages/swift-object-auditor.1
doc/manpages/swift-object-expirer.1
doc/manpages/swift-object-info.1
doc/manpages/swift-object-replicator.1
doc/manpages/swift-object-server.1
doc/manpages/swift-object-updater.1
doc/manpages/swift-orphans.1
doc/manpages/swift-proxy-server.1
doc/manpages/swift-recon.1
doc/manpages/swift-ring-builder.1
doc/saio/bin/remakerings
doc/saio/bin/resetswift
doc/saio/bin/startmain
doc/saio/bin/startrest
doc/saio/rsyncd.conf
doc/saio/rsyslog.d/10-swift.conf
doc/saio/swift/account-server/1.conf
doc/saio/swift/account-server/2.conf
doc/saio/swift/account-server/3.conf
doc/saio/swift/account-server/4.conf
doc/saio/swift/container-reconciler.conf
doc/saio/swift/container-server/1.conf
doc/saio/swift/container-server/2.conf
doc/saio/swift/container-server/3.conf
doc/saio/swift/container-server/4.conf
doc/saio/swift/object-expirer.conf
doc/saio/swift/object-server/1.conf
doc/saio/swift/object-server/2.conf
doc/saio/swift/object-server/3.conf
doc/saio/swift/object-server/4.conf
doc/saio/swift/proxy-server.conf
doc/saio/swift/swift.conf
doc/source/account.rst
doc/source/admin_guide.rst
doc/source/apache_deployment_guide.rst
doc/source/associated_projects.rst
doc/source/auth.rst
doc/source/backends.rst
doc/source/conf.app/Contents/Info.plist
doc/source/conf.app/Contents/MacOS/conf
doc/source/conf.app/Contents/MacOS/Python
doc/source/conf.app/Contents/PkgInfo
doc/source/conf.app/Contents/Resources/__argvemulator_conf.py
doc/source/conf.app/Contents/Resources/conf.py
doc/source/conf.app/Contents/Resources/PythonApplet.icns
doc/source/conf.py
doc/source/container.rst
doc/source/cors.rst
doc/source/crossdomain.rst
doc/source/crossdomain.xml
doc/source/db.rst
doc/source/debian_package_guide.rst
doc/source/deployment_guide.rst
doc/source/development_auth.rst
doc/source/development_guidelines.rst
doc/source/development_middleware.rst
doc/source/development_ondisk_backends.rst
doc/source/development_saio.rst
doc/source/.DS_Store
doc/source/_ga/layout.html
doc/source/getting_started.rst
doc/source/howto_cyberduck.rst
doc/source/howto_installmultinode.rst
doc/source/index.rst
doc/source/logs.rst
doc/source/middleware.rst
doc/source/misc.rst
doc/source/object.rst
doc/source/overview_architecture.rst
doc/source/overview_auth.rst
doc/source/overview_container_sync.rst
doc/source/overview_expiring_objects.rst
doc/source/overview_large_objects.rst
doc/source/overview_object_versioning.rst
doc/source/overview_policies.rst
doc/source/overview_reaper.rst
doc/source/overview_replication.rst
doc/source/overview_ring.rst
doc/source/overview_stats.rst
doc/source/policies_saio.rst
doc/source/proxy.rst
doc/source/rate_limiting.rst
doc/source/ratelimit.rst
doc/source/replication_network.rst
doc/source/ring.rst
doc/source/_static/basic.css
doc/source/_static/default.css
doc/source/_static/tweaks.css
doc/source/_templates/layout.html
doc/source/test-cors.html
doc/source/_theme/layout.html
doc/source/_theme/theme.conf
etc/account-server.conf-sample
etc/auth-server.conf-sample
etc/container-reconciler.conf-sample
etc/container-server.conf-sample
etc/container-sync-realms.conf-sample
etc/dispersion.conf-sample
etc/drive-audit.conf-sample
etc/log-processing.conf-sample
etc/log-processor.conf-sample
etc/memcache.conf-sample
etc/mime.types-sample
etc/object-expirer.conf-sample
etc/object-server.conf-sample
etc/proxy-server.conf-sample
etc/rsyncd.conf-sample
etc/stats.conf-sample
etc/swift-bench.conf-sample
etc/swift.conf-sample
etc/swift-rsyslog.conf-sample
examples/apache2/account-server.template
examples/apache2/container-server.template
examples/apache2/object-server.template
examples/apache2/proxy-server.template
examples/wsgi/account-server.wsgi.template
examples/wsgi/container-server.wsgi.template
examples/wsgi/object-server.wsgi.template
examples/wsgi/proxy-server.wsgi.template
.functests
LICENSE
MANIFEST.in
PKG-INFO
.probetests
README
README.md
requirements.txt
setup.cfg
setup.py
swift/account/auditor.py
swift/account/backend.py
swift/account/__init__.py
swift/account/reaper.py
swift/account/replicator.py
swift/account/server.py
swift/account/utils.py
swift/auth/__init__.py
swift/auth/server.py
swift/cli/form_signature.py
swift/cli/info.py
swift/cli/__init__.py
swift/cli/recon.py
swift/cli/ringbuilder.py
swift/common/auth.py
swift/common/bench.py
swift/common/bufferedhttp.py
swift/common/client.py
swift/common/compressed_file_reader.py
swift/common/compressing_file_reader.py
swift/common/constraints.py
swift/common/container_sync_realms.py
swift/common/daemon.py
swift/common/db.py
swift/common/db_replicator.py
swift/common/direct_client.py
swift/common/exceptions.py
swift/common/healthcheck.py
swift/common/http.py
swift/common/__init__.py
swift/common/internal_client.py
swift/common/internal_proxy.py
swift/common/manager.py
swift/common/memcached.py
swift/common/middleware/account_quotas.py
swift/common/middleware/acl.py
swift/common/middleware/auth.py
swift/common/middleware/bulk.py
swift/common/middleware/cache.py
swift/common/middleware/catch_errors.py
swift/common/middleware/cname_lookup.py
swift/common/middleware/container_quotas.py
swift/common/middleware/container_sync.py
swift/common/middleware/crossdomain.py
swift/common/middleware/dlo.py
swift/common/middleware/domain_remap.py
swift/common/middleware/formpost.py
swift/common/middleware/gatekeeper.py
swift/common/middleware/healthcheck.py
swift/common/middleware/__init__.py
swift/common/middleware/keystoneauth.py
swift/common/middleware/list_endpoints.py
swift/common/middleware/memcache.py
swift/common/middleware/name_check.py
swift/common/middleware/proxy_logging.py
swift/common/middleware/ratelimit.py
swift/common/middleware/recon.py
swift/common/middleware/s3.py
swift/common/middleware/slo.py
swift/common/middleware/staticweb.py
swift/common/middleware/swauth.py
swift/common/middleware/swift3.py
swift/common/middleware/tempauth.py
swift/common/middleware/tempurl.py
swift/common/middleware/testauth.py
swift/common/middleware/x_profile/exceptions.py
swift/common/middleware/x_profile/html_viewer.py
swift/common/middleware/x_profile/__init__.py
swift/common/middleware/x_profile/profile_model.py
swift/common/middleware/xprofile.py
swift/common/ondisk.py
swift/common/request_helpers.py
swift/common/ring/builder.py
swift/common/ring/__init__.py
swift/common/ring/ring.py
swift/common/ring/utils.py
swift/common/storage_policy.py
swift/common/swob.py
swift/common/utils.py
swift/common/wsgi.py
swift/container/auditor.py
swift/container/backend.py
swift/container/__init__.py
swift/container/reconciler.py
swift/container/replicator.py
swift/container/server.py
swift/container/sync.py
swift/container/updater.py
swift.egg-info/dependency_links.txt
swift.egg-info/PKG-INFO
swift.egg-info/SOURCES.txt
swift.egg-info/top_level.txt
swift/__init__.py
swift/obj/auditor.py
swift/obj/base.py
swift/obj/diskfile.py
swift/obj/expirer.py
swift/obj/__init__.py
swift/obj/mem_diskfile.py
swift/obj/mem_server.py
swift/obj/replicator.py
swift/obj/server.py
swift/obj/ssync_receiver.py
swift/obj/ssync_sender.py
swift/obj/updater.py
swift/proxy/controllers/account.py
swift/proxy/controllers/base.py
swift/proxy/controllers/container.py
swift/proxy/controllers/info.py
swift/proxy/controllers/__init__.py
swift/proxy/controllers/obj.py
swift/proxy/__init__.py
swift/proxy/server.py
swift/stats/access_processor.py
swift/stats/account_stats.py
swift/stats/container_stats.py
swift/stats/db_stats_collector.py
swift/stats/db_stats.py
swift/stats/__init__.py
swift/stats/log_processor.py
swift/stats/log_uploader.py
swift/stats/stats_processor.py
test/bin/__init__.py
test/bin/test_swift_init.py
test/functional/__init__.py
test/functionalnosetests/__init__.py
test/functionalnosetests/swift_testing.py
test/functionalnosetests/test_account.py
test/functionalnosetests/test_container.py
test/functionalnosetests/test_object.py
test/functional/sample.conf
test/functional/swift.py
test/functional/swift_test_client.py
test/functional/swift_testing.py
test/functional/test_account.py
test/functional/test_container.py
test/functional/test_object.py
test/functional/tests.py
test/__init__.py
test/probe/brain.py
test/probe/common.py
test/probe/__init__.py
test/probe/test_account_failures.py
test/probe/test_account_get_fake_responses_match.py
test/probe/test_account_reaper.py
test/probe/test_container_failures.py
test/probe/test_container_merge_policy_index.py
test/probe/test_container_sync.py
test/probe/test_empty_device_handoff.py
test/probe/test_object_async_update.py
test/probe/test_object_expirer.py
test/probe/test_object_failures.py
test/probe/test_object_handoff.py
test/probe/test_object_metadata_replication.py
test/probe/test_replication_servers_working.py
test/probe/test_running_with_each_type_down.py
test-requirements.txt
test/sample.conf
test/unit/account/__init__.py
test/unit/account/test_auditor.py
test/unit/account/test_backend.py
test/unit/account/test_reaper.py
test/unit/account/test_replicator.py
test/unit/account/test_server.py
test/unit/account/test_utils.py
test/unit/auth/__init__.py
test/unit/auth/test_server.py
test/unit/cli/__init__.py
test/unit/cli/test_form_signature.py
test/unit/cli/test_info.py
test/unit/cli/test_recon.py
test/unit/cli/test_ringbuilder.py
test/unit/common/corrupted_example.db
test/unit/common/__init__.py
test/unit/common/malformed_example.db
test/unit/common/middleware/helpers.py
test/unit/common/middleware/__init__.py
test/unit/common/middleware/test_account_quotas.py
test/unit/common/middleware/test_acl.py
test/unit/common/middleware/test_auth.py
test/unit/common/middleware/test_bulk.py
test/unit/common/middleware/test_cache.py
test/unit/common/middleware/test_cname_lookup.py
test/unit/common/middleware/test_container_sync.py
test/unit/common/middleware/test_crossdomain.py
test/unit/common/middleware/test_dlo.py
test/unit/common/middleware/test_domain_remap.py
test/unit/common/middleware/test_except.py
test/unit/common/middleware/test_formpost.py
test/unit/common/middleware/test_gatekeeper.py
test/unit/common/middleware/test_healthcheck.py
test/unit/common/middleware/test_keystoneauth.py
test/unit/common/middleware/test_list_endpoints.py
test/unit/common/middleware/test_memcache.py
test/unit/common/middleware/test_name_check.py
test/unit/common/middleware/test_proxy_logging.py
test/unit/common/middleware/test_quotas.py
test/unit/common/middleware/test_ratelimit.py
test/unit/common/middleware/test_recon.py
test/unit/common/middleware/test_slo.py
test/unit/common/middleware/test_staticweb.py
test/unit/common/middleware/test_swauth.py
test/unit/common/middleware/test_swift3.py
test/unit/common/middleware/test_tempauth.py
test/unit/common/middleware/test_tempurl.py
test/unit/common/middleware/test_testauth.py
test/unit/common/middleware/test_xprofile.py
test/unit/common/ring/__init__.py
test/unit/common/ring/test_builder.py
test/unit/common/ring/test_ring.py
test/unit/common/ring/test_utils.py
test/unit/common/test_auth.py
test/unit/common/test_bench.py
test/unit/common/test_bufferedhttp.py
test/unit/common/test_client.py
test/unit/common/test_compressing_file_reader.py
test/unit/common/test_constraints.py
test/unit/common/test_container_sync_realms.py
test/unit/common/test_daemon.py
test/unit/common/test_db.py
test/unit/common/test_db_replicator.py
test/unit/common/test_direct_client.py
test/unit/common/test_exceptions.py
test/unit/common/test_healthcheck.py
test/unit/common/test_init.py
test/unit/common/test_internal_client.py
test/unit/common/test_internal_proxy.py
test/unit/common/test_manager.py
test/unit/common/test_memcached.py
test/unit/common/test_ondisk.py
test/unit/common/test_request_helpers.py
test/unit/common/test_storage_policy.py
test/unit/common/test_swob.py
test/unit/common/test_utils.py
test/unit/common/test_wsgi.py
test/unit/container/__init__.py
test/unit/container/test_auditor.py
test/unit/container/test_backend.py
test/unit/container/test_reconciler.py
test/unit/container/test_replicator.py
test/unit/container/test_server.py
test/unit/container/test_sync.py
test/unit/container/test_updater.py
test/unit/__init__.py
test/unit/locale/eo/LC_MESSAGES/swift.mo
test/unit/locale/__init__.py
test/unit/locale/messages.mo
test/unit/locale/test_locale.py
test/unit/obj/__init__.py
test/unit/obj/test_auditor.py
test/unit/obj/test_base.py
test/unit/obj/test_diskfile.py
test/unit/obj/test_expirer.py
test/unit/obj/test_internal_client.py
test/unit/obj/test_replicator.py
test/unit/obj/test_server.py
test/unit/obj/test_ssync_receiver.py
test/unit/obj/test_ssync_sender.py
test/unit/obj/test_updater.py
test/unit/proxy/controllers/__init__.py
test/unit/proxy/controllers/test_account.py
test/unit/proxy/controllers/test_base.py
test/unit/proxy/controllers/test_container.py
test/unit/proxy/controllers/test_info.py
test/unit/proxy/controllers/test_obj.py
test/unit/proxy/__init__.py
test/unit/proxy/test_mem_server.py
test/unit/proxy/test_server.py
test/unit/proxy/test_sysmeta.py
test/unit/stats/__init__.py
test/unit/stats/test_access_processor.py
test/unit/stats/test_account_stats.py
test/unit/stats/test_db_stats_collector.py
test/unit/stats/test_db_stats.py
test/unit/stats/test_log_processor.py
test/unit/stats/test_log_uploader.py
test/unit/stats/test_stats_processor.py
test/unit/test_locale/eo/LC_MESSAGES/swift.mo
test/unit/test_locale/__init__.py
test/unit/test_locale/test_locale.py
tools/pip-requires
tools/rfc.sh
tools/test-requires
tox.ini
.unittests
