AUTHORS
CONTRIBUTING.rst
.coveragerc
doc/source/conf.py
doc/source/index.rst
doc/source/man/glance.rst
glanceclient/base.py
glanceclient/client.py
glanceclient/common/base.py
glanceclient/common/exceptions.py
glanceclient/common/http.py
glanceclient/common/https.py
glanceclient/common/__init__.py
glanceclient/common/progressbar.py
glanceclient/common/utils.py
glanceclient/exceptions.py
glanceclient/exc.py
glanceclient/generic/client.py
glanceclient/generic/__init__.py
glanceclient/generic/shell.py
glanceclient/__init__.py
glanceclient/openstack/common/apiclient/auth.py
glanceclient/openstack/common/apiclient/base.py
glanceclient/openstack/common/apiclient/client.py
glanceclient/openstack/common/apiclient/exceptions.py
glanceclient/openstack/common/apiclient/fake_client.py
glanceclient/openstack/common/apiclient/__init__.py
glanceclient/openstack/common/gettextutils.py
glanceclient/openstack/common/importutils.py
glanceclient/openstack/common/__init__.py
glanceclient/openstack/common/network_utils.py
glanceclient/openstack/common/py3kcompat/__init__.py
glanceclient/openstack/common/py3kcompat/urlutils.py
glanceclient/openstack/common/setup.py
glanceclient/openstack/common/strutils.py
glanceclient/openstack/common/version.py
glanceclient/openstack/__init__.py
glanceclient/service_catalog.py
glanceclient/shell.py
glanceclient/utils.py
glanceclient/v1_1/client.py
glanceclient/v1_1/images.py
glanceclient/v1_1/__init__.py
glanceclient/v1_1/shell.py
glanceclient/v1/client.py
glanceclient/v1/image_members.py
glanceclient/v1/images.py
glanceclient/v1/__init__.py
glanceclient/v1/legacy_shell.py
glanceclient/v1/shell.py
glanceclient/v2/client.py
glanceclient/v2/image_members.py
glanceclient/v2/images.py
glanceclient/v2/image_tags.py
glanceclient/v2/__init__.py
glanceclient/v2/schemas.py
glanceclient/v2/shell.py
glanceclient/version.py
HACKING.rst
LICENSE
MANIFEST.in
openstack-common.conf
README.rst
requirements.txt
run_tests.py
run_tests.sh
setup.cfg
setup.py
.testr.conf
test-requirements.txt
tests/__init__.py
tests/keystone_client_fixtures.py
tests/test_authors.py
tests/test_base.py
tests/test_exc.py
tests/test_http.py
tests/test_progressbar.py
tests/test_shell.py
tests/test_ssl.py
tests/test_test.py
tests/test_utils.py
tests/utils.py
tests/v1/__init__.py
tests/v1/test_client.py
tests/v1/test_image_members.py
tests/v1/test_images.py
tests/v1/test_legacy_shell.py
tests/v1/test_shell.py
tests/v1/utils.py
tests/v2/__init__.py
tests/v2/test_client.py
tests/v2/test_images.py
tests/v2/test_members.py
tests/v2/test_schemas.py
tests/v2/test_shell_v2.py
tests/v2/test_tags.py
tests/var/ca.crt
tests/var/certificate.crt
tests/var/expired-cert.crt
tests/var/privatekey.key
tests/var/wildcard-certificate.crt
tests/var/wildcard-san-certificate.crt
tools/install_venv.py
tools/pip-requires
tools/test-requires
tools/with_venv.sh
tox.ini
