bin/chef/addcookbooks.py
bin/chef/adddatabags.py
bin/chef/addroles.py
bin/client.py
bin/cobbler/migrate_ks.py
bin/compass
bin/csvdeploy.py
bin/__init__.py
bin/manage_db.py
bin/poll_switch.py
bin/progress_update.py
bin/query_switch.py
bin/refresh.sh
bin/run_celery.sh
bin/runserver.py
bin/trigger_install.py
compass/actions/clean_deployment.py
compass/actions/clean_installing_progress.py
compass/actions/cli.py
compass/actions/deploy.py
compass/actions/health_check/base.py
compass/actions/health_check/check_apache.py
compass/actions/health_check/check_celery.py
compass/actions/health_check/check_dhcp.py
compass/actions/health_check/check_dns.py
compass/actions/health_check/check_hds.py
compass/actions/health_check/check_misc.py
compass/actions/health_check/check_os_installer.py
compass/actions/health_check/check_package_installer.py
compass/actions/health_check/check.py
compass/actions/health_check/check_squid.py
compass/actions/health_check/check_tftp.py
compass/actions/health_check/__init__.py
compass/actions/health_check/setting.py
compass/actions/health_check/utils.py
compass/actions/__init__.py
compass/actions/poll_switch.py
compass/actions/progress_update.py
compass/actions/reinstall.py
compass/actions/search.py
compass/actions/trigger_install.py
compass/actions/update_progress.py
compass/actions/util.py
compass/api/api.py
compass/api/auth.py
compass/apiclient/example.py
compass/apiclient/__init__.py
compass/apiclient/restful.py
compass/api/errors.py
compass/api/__init__.py
compass/api/util.py
compass/config_management/__init__.py
compass/config_management/installers/__init__.py
compass/config_management/installers/installer.py
compass/config_management/installers/os_installer.py
compass/config_management/installers/package_installer.py
compass/config_management/installers/plugins/chefhandler.py
compass/config_management/installers/plugins/cobbler.py
compass/config_management/installers/plugins/__init__.py
compass/config_management/providers/config_provider.py
compass/config_management/providers/__init__.py
compass/config_management/providers/plugins/db_config_provider.py
compass/config_management/providers/plugins/file_config_provider.py
compass/config_management/providers/plugins/__init__.py
compass/config_management/providers/plugins/mix_config_provider.py
compass/config_management/utils/config_filter_callbacks.py
compass/config_management/utils/config_filter.py
compass/config_management/utils/config_manager.py
compass/config_management/utils/config_merger_callbacks.py
compass/config_management/utils/config_merger.py
compass/config_management/utils/config_reference.py
compass/config_management/utils/config_translator_callbacks.py
compass/config_management/utils/config_translator.py
compass/config_management/utils/__init__.py
compass/db/database.py
compass/db/__init__.py
compass/db/model.py
compass/hdsdiscovery/base.py
compass/hdsdiscovery/error.py
compass/hdsdiscovery/hdmanager.py
compass/hdsdiscovery/__init__.py
compass/hdsdiscovery/utils.py
compass/hdsdiscovery/vendors/appliance/appliance.py
compass/hdsdiscovery/vendors/appliance/__init__.py
compass/hdsdiscovery/vendors/appliance/plugins/__init__.py
compass/hdsdiscovery/vendors/appliance/plugins/mac.py
compass/hdsdiscovery/vendors/hp/hp.py
compass/hdsdiscovery/vendors/hp/__init__.py
compass/hdsdiscovery/vendors/hp/plugins/__init__.py
compass/hdsdiscovery/vendors/hp/plugins/mac.py
compass/hdsdiscovery/vendors/huawei/huawei.py
compass/hdsdiscovery/vendors/huawei/__init__.py
compass/hdsdiscovery/vendors/huawei/plugins/__init__.py
compass/hdsdiscovery/vendors/huawei/plugins/mac.py
compass/hdsdiscovery/vendors/__init__.py
compass/hdsdiscovery/vendors/ovswitch/__init__.py
compass/hdsdiscovery/vendors/ovswitch/ovswitch.py
compass/hdsdiscovery/vendors/ovswitch/plugins/__init__.py
compass/hdsdiscovery/vendors/ovswitch/plugins/mac.py
compass/hdsdiscovery/vendors/pica8/__init__.py
compass/hdsdiscovery/vendors/pica8/pica8.py
compass/hdsdiscovery/vendors/pica8/plugins/__init__.py
compass/hdsdiscovery/vendors/pica8/plugins/mac.py
compass/__init__.py
compass/log_analyzor/adapter_matcher.py
compass/log_analyzor/file_matcher.py
compass/log_analyzor/__init__.py
compass/log_analyzor/line_matcher.py
compass/log_analyzor/progress_calculator.py
compass/static/css/bootstrap.min.css
compass/static/js/bootstrap.min.js
compass/static/js/jquery-1.8.3.min.js
compass/tasks/client.py
compass/tasks/__init__.py
compass/tasks/tasks.py
compass/templates/forbidden.jinja
compass/templates/index.jinja
compass/templates/layout.jinja
compass/templates/login.jinja
compass/templates/macros.jinja
compass/templates/restricted.jinja
compass/tests/actions/data/global_config
compass/tests/actions/data/test1
compass/tests/actions/data/test2
compass/tests/actions/data/test3
compass/tests/actions/deploy/data/global_config
compass/tests/actions/deploy/data/global_config2
compass/tests/actions/deploy/data/test1
compass/tests/actions/deploy/data/test2
compass/tests/actions/deploy/data/test3
compass/tests/actions/deploy/data/test4
compass/tests/actions/deploy/data/test5
compass/tests/actions/deploy/data/test6
compass/tests/actions/deploy/data/test7
compass/tests/actions/deploy/__init__.py
compass/tests/actions/deploy/test_deploy.py
compass/tests/actions/__init__.py
compass/tests/actions/test_deploy.py
compass/tests/actions/test_poll_switch.py
compass/tests/actions/test_trigger_installer.py
compass/tests/actions/update_progress/data/global_config
compass/tests/actions/update_progress/data/test1/anamon/checkpoint_1/server1.1/sys.log.template
compass/tests/actions/update_progress/data/test1/anamon/checkpoint_2/server1.1/anaconda.log.template
compass/tests/actions/update_progress/data/test1/anamon/checkpoint_2/server1.1/sys.log.template
compass/tests/actions/update_progress/data/test1/anamon/checkpoint_3/server1.1/anaconda.log.template
compass/tests/actions/update_progress/data/test1/anamon/checkpoint_3/server1.1/install.log.template
compass/tests/actions/update_progress/data/test1/anamon/checkpoint_3/server1.1/sys.log.template
compass/tests/actions/update_progress/data/test1/anamon/checkpoint_4/server1.1/anaconda.log.template
compass/tests/actions/update_progress/data/test1/anamon/checkpoint_4/server1.1/chef-client.log.template
compass/tests/actions/update_progress/data/test1/anamon/checkpoint_4/server1.1/install.log.template
compass/tests/actions/update_progress/data/test1/anamon/checkpoint_4/server1.1/sys.log.template
compass/tests/actions/update_progress/data/test1/anamon/checkpoint_5/server1.1/anaconda.log.template
compass/tests/actions/update_progress/data/test1/anamon/checkpoint_5/server1.1/chef-client.log.template
compass/tests/actions/update_progress/data/test1/anamon/checkpoint_5/server1.1/install.log.template
compass/tests/actions/update_progress/data/test1/anamon/checkpoint_5/server1.1/sys.log.template
compass/tests/actions/update_progress/data/test1/test1
compass/tests/actions/update_progress/data/test2/anamon/checkpoint_1/server1.1/sys.log.template
compass/tests/actions/update_progress/data/test2/anamon/checkpoint_1/server2.1/sys.log.template
compass/tests/actions/update_progress/data/test2/anamon/checkpoint_2/server1.1/anaconda.log.template
compass/tests/actions/update_progress/data/test2/anamon/checkpoint_2/server1.1/sys.log.template
compass/tests/actions/update_progress/data/test2/anamon/checkpoint_2/server2.1/anaconda.log.template
compass/tests/actions/update_progress/data/test2/anamon/checkpoint_2/server2.1/sys.log.template
compass/tests/actions/update_progress/data/test2/anamon/checkpoint_3/server1.1/anaconda.log.template
compass/tests/actions/update_progress/data/test2/anamon/checkpoint_3/server1.1/install.log.template
compass/tests/actions/update_progress/data/test2/anamon/checkpoint_3/server1.1/sys.log.template
compass/tests/actions/update_progress/data/test2/anamon/checkpoint_3/server2.1/anaconda.log.template
compass/tests/actions/update_progress/data/test2/anamon/checkpoint_3/server2.1/install.log.template
compass/tests/actions/update_progress/data/test2/anamon/checkpoint_3/server2.1/sys.log.template
compass/tests/actions/update_progress/data/test2/anamon/checkpoint_4/server1.1/anaconda.log.template
compass/tests/actions/update_progress/data/test2/anamon/checkpoint_4/server1.1/chef-client.log.template
compass/tests/actions/update_progress/data/test2/anamon/checkpoint_4/server1.1/install.log.template
compass/tests/actions/update_progress/data/test2/anamon/checkpoint_4/server1.1/sys.log.template
compass/tests/actions/update_progress/data/test2/anamon/checkpoint_4/server2.1/anaconda.log.template
compass/tests/actions/update_progress/data/test2/anamon/checkpoint_4/server2.1/chef-client.log.template
compass/tests/actions/update_progress/data/test2/anamon/checkpoint_4/server2.1/install.log.template
compass/tests/actions/update_progress/data/test2/anamon/checkpoint_4/server2.1/sys.log.template
compass/tests/actions/update_progress/data/test2/anamon/checkpoint_5/server1.1/anaconda.log.template
compass/tests/actions/update_progress/data/test2/anamon/checkpoint_5/server1.1/chef-client.log.template
compass/tests/actions/update_progress/data/test2/anamon/checkpoint_5/server1.1/install.log.template
compass/tests/actions/update_progress/data/test2/anamon/checkpoint_5/server1.1/sys.log.template
compass/tests/actions/update_progress/data/test2/anamon/checkpoint_5/server2.1/anaconda.log.template
compass/tests/actions/update_progress/data/test2/anamon/checkpoint_5/server2.1/chef-client.log.template
compass/tests/actions/update_progress/data/test2/anamon/checkpoint_5/server2.1/install.log.template
compass/tests/actions/update_progress/data/test2/anamon/checkpoint_5/server2.1/sys.log.template
compass/tests/actions/update_progress/data/test2/test2
compass/tests/actions/update_progress/__init__.py
compass/tests/actions/update_progress/test_update_progress.py
compass/tests/apicommand/__init__.py
compass/tests/apicommand/run_server.py
compass/tests/apicommand/test_csvdeploy.py
compass/tests/apicommand/test_files/adapter.csv
compass/tests/apicommand/test_files/cluster.csv
compass/tests/apicommand/test_files/cluster_host.csv
compass/tests/apicommand/test_files/machine.csv
compass/tests/apicommand/test_files/role.csv
compass/tests/apicommand/test_files/switch_config.csv
compass/tests/apicommand/test_files/switch.csv
compass/tests/api/expected_csv/adapter.csv
compass/tests/api/expected_csv/cluster.csv
compass/tests/api/expected_csv/cluster_host.csv
compass/tests/api/expected_csv/machine.csv
compass/tests/api/expected_csv/role.csv
compass/tests/api/expected_csv/switch_config.csv
compass/tests/api/expected_csv/switch.csv
compass/tests/api/__init__.py
compass/tests/api/test_api.py
compass/tests/api/test_auth.py
compass/tests/config_management/__init__.py
compass/tests/config_management/installers/__init__.py
compass/tests/config_management/installers/test_os_installer.py
compass/tests/config_management/installers/test_package_installer.py
compass/tests/config_management/providers/__init__.py
compass/tests/config_management/providers/test_config_provider.py
compass/tests/config_management/utils/1
compass/tests/config_management/utils/data/global_config
compass/tests/config_management/utils/data/setting
compass/tests/config_management/utils/data/test1
compass/tests/config_management/utils/data/test2
compass/tests/config_management/utils/data/test3
compass/tests/config_management/utils/__init__.py
compass/tests/config_management/utils/test_config_filter.py
compass/tests/config_management/utils/test_config_manager.py
compass/tests/config_management/utils/test_config_merger_callbacks.py
compass/tests/config_management/utils/test_config_merger.py
compass/tests/config_management/utils/test_config_reference.py
compass/tests/config_management/utils/test_config_translator_callbacks.py
compass/tests/config_management/utils/test_config_translator.py
compass/tests/db/test_database.py
compass/tests/db/test_model.py
compass/tests/hdsdiscovery/__init__.py
compass/tests/hdsdiscovery/test_base.py
compass/tests/hdsdiscovery/test_hdsdiscovery.py
compass/tests/hdsdiscovery/test_utils.py
compass/tests/__init__.py
compass/tests/log_analyzor/data/config
compass/tests/log_analyzor/test_adapter_matcher.py
compass/tests/log_analyzor/test_file_matcher.py
compass/tests/log_analyzor/test_line_matcher.py
compass/tests/utils/__init__.py
compass/tests/utils/test_util.py
compass/utils/celeryconfig_wrapper.py
compass/utils/daemonize.py
compass/utils/flags.py
compass/utils/__init__.py
compass/utils/logsetting.py
compass/utils/setting_wrapper.py
compass/utils/util.py
conf/celeryconfig
conf/compassd
conf/global_config
conf/setting
.coveragerc
ez_setup.py
install/chef.sh
install/cobbler.sh
install/compass.sh
install/dependency.sh
install/install.conf
install/install.conf.template
install/install.sh
install/prepare.sh
install/test.sh
LICENSE
mibs/ATM-TC-MIB.mib
mibs/BGP4-MIB.mib
mibs/BRIDGE-MIB.mib
mibs/DIFFSERV-DSCP-TC.mib
mibs/DIFFSERV-MIB.mib
mibs/DISMAN-NSLOOKUP-MIB.mib
mibs/DISMAN-PING-MIB.mib
mibs/DISMAN-TRACEROUTE-MIB.mib
mibs/ENTITY-MIB.mib
mibs/EtherLike-MIB.mib
mibs/GNOME-SMI
mibs/HCNUM-TC.mib
mibs/HUAWEI-AAA-MIB.mib
mibs/HUAWEI-ACL-MIB.mib
mibs/HUAWEI-ALARM-MIB.mib
mibs/HUAWEI-ALARM-RELIABILITY-MIB.mib
mibs/HUAWEI-BASE-TRAP-MIB.mib
mibs/HUAWEI-BFD-MIB.mib
mibs/HUAWEI-BGP-ACCOUNTING-MIB.mib
mibs/HUAWEI-BGP-GR-MIB.mib
mibs/HUAWEI-BGP-VPN-MIB.mib
mibs/HUAWEI-BRAS-RADIUS-MIB.mib
mibs/HUAWEI-BRAS-SRVCFG-EAP-MIB.mib
mibs/HUAWEI-BULKSTAT-MIB.mib
mibs/HUAWEI-CBQOS-MIB.mib
mibs/HUAWEI-CCC-MIB.mib
mibs/HUAWEI-CONFIG-MAN-MIB.mib
mibs/HUAWEI-CPU-MIB.mib
mibs/HUAWEI-DAD-MIB.mib
mibs/HUAWEI-DATASYNC.mib
mibs/HUAWEI-DC-TRAP-MIB.mib
mibs/HUAWEI-DEVICE-MIB.mib
mibs/HUAWEI-DHCPR-MIB.mib
mibs/HUAWEI-DHCPS-MIB.mib
mibs/HUAWEI-DHCP-SNOOPING-MIB.mib
mibs/HUAWEI-DISMAN-PING-MIB.mib
mibs/HUAWEI-DLDP-MIB.mib
mibs/HUAWEI-DNS-MIB.mib
mibs/HUAWEI-ENERGYMNGT-MIB.mib
mibs/HUAWEI-ENTITY-EXTENT-MIB.mib
mibs/HUAWEI-ENTITY-TRAP-MIB.mib
mibs/HUAWEI-ERPS-MIB.mib
mibs/HUAWEI-ERRORDOWN-MIB.mib
mibs/HUAWEI-ETHARP-MIB.mib
mibs/HUAWEI-ETHOAM-MIB.mib
mibs/HUAWEI-E-TRUNK-MIB.mib
mibs/HUAWEI-FLASH-MAN-MIB.mib
mibs/HUAWEI-FTP-MIB.mib
mibs/HUAWEI-GARP-APP-MIB.mib
mibs/HUAWEI-GTL-MIB.mib
mibs/HUAWEI-GTSM-MIB.mib
mibs/HUAWEI-HGMP-MIB.mib
mibs/HUAWEI-HWTACACS-MIB.mib
mibs/HUAWEI-IF-EXT-MIB.mib
mibs/HUAWEI-IMA-MIB.mib
mibs/HUAWEI-INFOCENTER-MIB.mib
mibs/HUAWEI-IPMCAST-MIB.mib
mibs/HUAWEI-IPPOOL-MIB.mib
mibs/HUAWEI-IPSESSION-MIB.mib
mibs/HUAWEI-IPV6-MIB.mib
mibs/HUAWEI-KOMPELLA-MIB.mib
mibs/HUAWEI-L2IF-MIB.mib
mibs/HUAWEI-L2MAM-MIB.mib
mibs/HUAWEI-L2MULTICAST-MIB.mib
mibs/HUAWEI-L2VLAN-MIB.mib
mibs/HUAWEI-L2VPN-MIB.mib
mibs/HUAWEI-L3VLAN-MIB.mib
mibs/HUAWEI-L3VPN-EXT-MIB.mib
mibs/HUAWEI-LDT-MIB.mib
mibs/HUAWEI-LINE-MIB.mib
mibs/HUAWEI-LLDP-MIB.mib
mibs/HUAWEI-MAC-AUTHEN-MIB.mib
mibs/HUAWEI-MEMORY-MIB.mib
mibs/HUAWEI-MFF-MIB.mib
mibs/HUAWEI-MFLP-MIB.mib
mibs/HUAWEI-MGMD-STD-MIB.mib
mibs/HUAWEI-MIB.mib
mibs/HUAWEI-MPLS-EXTEND-MIB.mib
mibs/HUAWEI-MPLSLDP-MIB.mib
mibs/HUAWEI-MPLSLSR-EXT-MIB.mib
mibs/HUAWEI-MPLSOAM-MIB.mib
mibs/HUAWEI-MPLSOAM-PS-MIB.mib
mibs/HUAWEI-MSDP-MIB.mib
mibs/HUAWEI-MSTP-MIB.mib
mibs/HUAWEI-MULTICAST-MIB.mib
mibs/HUAWEI-NAP-MIB.mib
mibs/HUAWEI-NAT-EXT-MIB.mib
mibs/HUAWEI-NETSTREAM-MIB.mib
mibs/HUAWEI-NTPV3-MIB.mib
mibs/HUAWEI-OSPFV2-MIB.mib
mibs/HUAWEI-OSPFV3-MIB.mib
mibs/HUAWEI-PERFORMANCE-MIB.mib
mibs/HUAWEI-PIM-BSR-MIB.mib
mibs/HUAWEI-PIM-STD-MIB.mib
mibs/HUAWEI-POE-MIB.mib
mibs/HUAWEI-PORT-MIB.mib
mibs/HUAWEI-PWE3-MIB.mib
mibs/HUAWEI-PWE3-TNL-MIB.mib
mibs/HUAWEI-QINQ-MIB.mib
mibs/HUAWEI-RIPv2-EXT-MIB.mib
mibs/HUAWEI-RM-EXT-MIB.mib
mibs/HUAWEI-RRPP-MIB.mib
mibs/HUAWEI-RSVPTE-MIB.mib
mibs/HUAWEI-SECURITY-MIB.mib
mibs/HUAWEI-SEP-MIB.mib
mibs/HUAWEI-SLB-MIB.mib
mibs/HUAWEI-SMARTLINK-MIB.mib
mibs/HUAWEI-SNMP-EXT-MIB.mib
mibs/HUAWEI-SSH-MIB.mib
mibs/HUAWEI-STACK-MIB.mib
mibs/HUAWEI-SYS-MAN-MIB.mib
mibs/HUAWEI-TAD-MIB.mib
mibs/HUAWEI-TASK-MIB.mib
mibs/HUAWEI-TC-MIB.mib
mibs/HUAWEI-TCP-MIB.mib
mibs/HUAWEI-TFTPC-MIB.mib
mibs/HUAWEI-TRNG-MIB.mib
mibs/HUAWEI-TUNNEL-MIB.mib
mibs/HUAWEI-TUNNEL-TE-MIB.mib
mibs/HUAWEI-VGMP-MIB.mib
mibs/HUAWEI-VPLS-EXT-MIB.mib
mibs/HUAWEI-VPLS-MIB.mib
mibs/HUAWEI-VPLS-TNL-MIB.mib
mibs/HUAWEI-VPN-DIAGNOSTICS-MIB.mib
mibs/HUAWEI-VRRP-EXT-MIB.mib
mibs/HUAWEI-XQoS-MIB.mib
mibs/IANA-ADDRESS-FAMILY-NUMBERS-MIB.mib
mibs/IANAifType-MIB.mib
mibs/IANA-ITU-ALARM-TC-MIB.mib
mibs/ianalist
mibs/IANA-RTPROTO-MIB.mib
mibs/IEEE802171-CFM-MIB.mib
mibs/IF-MIB.mib
mibs/INET-ADDRESS-MIB.mib
mibs/INTEGRATED-SERVICES-MIB.mib
mibs/IP-FORWARD-MIB.mib
mibs/IPMCAST-MIB.mib
mibs/IP-MIB.mib
mibs/IPV6-ICMP-MIB.mib
mibs/IPV6-MIB.mib
mibs/IPV6-TC.mib
mibs/IPV6-TCP-MIB.mib
mibs/IPV6-UDP-MIB.mib
mibs/ISIS-MIB.mib
mibs/ITU-ALARM-TC-MIB.mib
mibs/LAG-MIB.mib
mibs/LANGTAG-TC-MIB.mib
mibs/LLDP-EXT-DOT1-MIB.mib
mibs/LLDP-EXT-DOT3-MIB.mib
mibs/LLDP-MIB.mib
mibs/LM-SENSORS-MIB
mibs/mibfetch
mibs/MPLS-FTN-STD-MIB.mib
mibs/MPLS-L3VPN-STD-MIB.mib
mibs/MPLS-LDP-GENERIC-STD-MIB.mib
mibs/MPLS-LDP-STD-MIB.mib
mibs/MPLS-LSR-STD-MIB.mib
mibs/MPLS-TC-STD-MIB.mib
mibs/MPLS-TE-STD-MIB.mib
mibs/MSDP-MIB.mib
mibs/NET-SNMP-AGENT-MIB
mibs/NET-SNMP-EXAMPLES-MIB
mibs/NET-SNMP-EXTEND-MIB
mibs/NET-SNMP-MIB
mibs/NET-SNMP-MONITOR-MIB
mibs/NET-SNMP-PASS-MIB
mibs/NET-SNMP-SYSTEM-MIB
mibs/NET-SNMP-TC
mibs/NET-SNMP-VACM-MIB
mibs/NOTIFICATION-LOG-MIB.mib
mibs/NQA-MIB.mib
mibs/OSPF-MIB.mib
mibs/OSPF-TRAP-MIB.mib
mibs/P-BRIDGE-MIB.mib
mibs/PIM-BSR-MIB.mib
mibs/PIM-STD-MIB.mib
mibs/Q-BRIDGE-MIB.mib
mibs/RFC1155-SMI.mib
mibs/RFC-1212.mib
mibs/RFC1213-MIB.mib
mibs/RFC-1215.mib
mibs/RIPv2-MIB.mib
mibs/RMON2-MIB.mib
mibs/RMON-MIB.mib
mibs/smistrip
mibs/SNMP-FRAMEWORK-MIB.mib
mibs/SNMP-MPD-MIB.mib
mibs/SNMP-NOTIFICATION-MIB.mib
mibs/SNMP-TARGET-MIB.mib
mibs/SNMP-USER-BASED-SM-MIB.mib
mibs/SNMPv2-CONF.mib
mibs/SNMPv2-MIB.mib.bak
mibs/SNMPv2-MIB.txt
mibs/SNMPv2-SMI.mib
mibs/SNMPv2-TC.mib
mibs/SNMP-VIEW-BASED-ACM-MIB.mib
mibs/TCP-MIB.mib
mibs/TOKEN-RING-RMON-MIB.mib
mibs/TRANSPORT-ADDRESS-MIB.mib
mibs/UCD-DEMO-MIB
mibs/UCD-DEMO-MIB.inc
mibs/UCD-DISKIO-MIB
mibs/UCD-DISKIO-MIB.inc
mibs/UCD-DLMOD-MIB
mibs/UCD-DLMOD-MIB.inc
mibs/UCD-IPFILTER-MIB.inc
mibs/UCD-IPFWACC-MIB
mibs/UCD-IPFWACC-MIB.inc
mibs/UCD-SNMP-MIB
mibs/UCD-SNMP-MIB.inc
mibs/UDP-MIB.mib
mibs/VPN-TC-STD-MIB.mib
mibs/VRRP-MIB.mib
misc/apache/cobbler_web.conf
misc/apache/compass.wsgi
misc/apache/ods-server
misc/apache/ssl.conf
misc/chef-server/chef-server.rb
misc/ci/prepare_node_compass.sh
misc/ci/pxe-deploy.sh
misc/ci/pxe-prepare.sh
misc/ci/tempest_run.sh
misc/ci/test-install.sh
misc/hosts
misc/logrotate.d/httpd
misc/logrotate.d/ntp
misc/logrotate.d/squid
misc/logrotate.d/syslog
misc/logrotate.d/yum
misc/ntp/ntp.conf
misc/rsyslog/rsyslog.conf
misc/snmp/snmp.conf
misc/squid/squid.conf
monitor/run_sar.sh
README.md
regtest/prepare.sh
regtest/regtest2.conf
regtest/regtest3.conf
regtest/regtest4.conf
regtest/regtest5.conf
regtest/regtest6.conf
regtest/regtest7.conf
regtest/regtest.conf
regtest/regtest_dashboard.conf
regtest/regtest.sh
requirements.txt
setup.cfg
setup.py
.testr.conf
test-requirements.txt
tools/install_venv_common.py
tools/install_venv.py
tools/with_venv.sh
tox.ini
