contrib/devstack/extras.d/70-docker.sh
contrib/devstack/gate_hook.sh
contrib/devstack/lib/nova_plugins/hypervisor-docker
contrib/devstack/post_test_hook.sh
contrib/devstack/prepare_devstack.sh
CONTRIBUTING.rst
.coveragerc
doc/source/conf.py
doc/source/contributing.rst
doc/source/index.rst
doc/source/installation.rst
doc/source/readme.rst
doc/source/usage.rst
etc/nova/rootwrap.d/docker.filters
HACKING.rst
LICENSE
MANIFEST.in
novadocker/__init__.py
novadocker/openstack/common/gettextutils.py
novadocker/openstack/common/importutils.py
novadocker/openstack/common/__init__.py
novadocker/openstack/common/jsonutils.py
novadocker/openstack/common/timeutils.py
novadocker/openstack/common/units.py
novadocker/openstack/__init__.py
novadocker/tests/base.py
novadocker/tests/__init__.py
novadocker/tests/test_novadocker.py
novadocker/tests/virt/docker/__init__.py
novadocker/tests/virt/docker/mock_client.py
novadocker/tests/virt/docker/stubs.py
novadocker/tests/virt/docker/test_docker_client.py
novadocker/tests/virt/docker/test_driver.py
novadocker/tests/virt/docker/test_hostinfo.py
novadocker/tests/virt/docker/test_network.py
novadocker/tests/virt/docker/test_vifs.py
novadocker/tests/virt/__init__.py
novadocker/tests/virt/test_hostutils.py
novadocker/virt/docker/client.py
novadocker/virt/docker/driver.py
novadocker/virt/docker/hostinfo.py
novadocker/virt/docker/__init__.py
novadocker/virt/docker/network.py
novadocker/virt/docker/vifs.py
novadocker/virt/hostutils.py
novadocker/virt/__init__.py
openstack-common.conf
README.rst
requirements.txt
setup.cfg
setup.py
.testr.conf
test-requirements.txt
tox.ini
