attributes/default.rb
Berksfile
Berksfile.lock
CHANGELOG.md
Gemfile
Gemfile.lock
metadata.rb
README.md
recipes/api-cfn.rb
recipes/api-cloudwatch.rb
recipes/api.rb
recipes/client.rb
recipes/common.rb
recipes/default.rb
recipes/engine.rb
recipes/identity_registration.rb
.rubocop.yml
spec/api-cfn-redhat_spec.rb
spec/api-cloudwatch-redhat_spec.rb
spec/api-redhat_spec.rb
spec/client-redhat_spec.rb
spec/client_spec.rb
spec/common-redhat_spec.rb
spec/common_spec.rb
spec/default_spec.rb
spec/engine-redhat_spec.rb
spec/identity_registration_spec.rb
spec/spec_helper.rb
Strainerfile
templates/default/api-paste.ini.erb
templates/default/default.yaml.erb
templates/default/heat.conf.erb
templates/default/policy.json.erb
TESTING.md
