api/__init__.py
api.py/__init__.py
api.py/v1.py
api/v1.py
archiver.py
AUTHORS
ChangeLog
cmd/__init__.py
cmd/run.py
common.inc
consts.py
diff --git "a/muranorepository/config.example\\"
diff --git "a/muranorepository/config.example\\" "b/muranorepository/config.example\\"
etc/init.d/murano-repository-debian
etc/init.d/murano-repository-redhat
etc/murano/murano-repository.conf.sample
etc/murano-repository.conf
etc/murano-repository.conf.sample
LICENSE
main.py
MANIFEST.in
manifest.py
metadata_service/cmd/__init__.py
metadata_service/cmd/run.py
metadata_service/config.py
metadata_service/consts.py
metadata_service/etc/murano-repository.conf
metadata_service/__init__.py
metadata_service/main.py
metadata_service/manifest.py
metadata_service/openstack/common/cfgfilter.py
metadata_service/openstack/common/context.py
metadata_service/openstack/common/crypto/__init__.py
metadata_service/openstack/common/crypto/utils.py
metadata_service/openstack/common/eventlet_backdoor.py
metadata_service/openstack/common/exception.py
metadata_service/openstack/common/excutils.py
metadata_service/openstack/common/fileutils.py
metadata_service/openstack/common/gettextutils.py
metadata_service/openstack/common/importutils.py
metadata_service/openstack/common/__init__.py
metadata_service/openstack/common/jsonutils.py
metadata_service/openstack/common/local.py
metadata_service/openstack/common/lockutils.py
metadata_service/openstack/common/log.py
metadata_service/openstack/common/loopingcall.py
metadata_service/openstack/common/middleware/base.py
metadata_service/openstack/common/middleware/debug.py
metadata_service/openstack/common/middleware/__init__.py
metadata_service/openstack/common/network_utils.py
metadata_service/openstack/common/notifier/api.py
metadata_service/openstack/common/notifier/__init__.py
metadata_service/openstack/common/notifier/log_notifier.py
metadata_service/openstack/common/notifier/no_op_notifier.py
metadata_service/openstack/common/notifier/rpc_notifier2.py
metadata_service/openstack/common/notifier/rpc_notifier.py
metadata_service/openstack/common/notifier/test_notifier.py
metadata_service/openstack/common/periodic_task.py
metadata_service/openstack/common/processutils.py
metadata_service/openstack/common/rpc/amqp.py
metadata_service/openstack/common/rpc/common.py
metadata_service/openstack/common/rpc/dispatcher.py
metadata_service/openstack/common/rpc/impl_fake.py
metadata_service/openstack/common/rpc/impl_kombu.py
metadata_service/openstack/common/rpc/impl_qpid.py
metadata_service/openstack/common/rpc/impl_zmq.py
metadata_service/openstack/common/rpc/__init__.py
metadata_service/openstack/common/rpc/matchmaker.py
metadata_service/openstack/common/rpc/matchmaker_redis.py
metadata_service/openstack/common/rpc/matchmaker_ring.py
metadata_service/openstack/common/rpc/proxy.py
metadata_service/openstack/common/rpc/securemessage.py
metadata_service/openstack/common/rpc/serializer.py
metadata_service/openstack/common/rpc/service.py
metadata_service/openstack/common/rpc/zmq_receiver.py
metadata_service/openstack/common/service.py
metadata_service/openstack/commons.py
metadata_service/openstack/common/sslutils.py
metadata_service/openstack/common/test.py
metadata_service/openstack/common/threadgroup.py
metadata_service/openstack/common/timeutils.py
metadata_service/openstack/common/uuidutils.py
metadata_service/openstack/common/wsgi.py
metadata_service/openstack/common/xmlutils.py
metadata_service/openstack/__init__.py
metadata_service/tools/build_docs
metadata_service/tools/conf/extract_opts.py
metadata_service/tools/conf/generate_sample.sh
metadata_service/tools/get_auth_token
metadata_service/tools/get_auth_token.py
metadata_service/tools/install_venv
metadata_service/tools/lintstack.py
metadata_service/tools/lintstack.sh
metadata_service/tools/run_fast_checks
metadata_service/tools/run_itests
metadata_service/tools/run_pep8
metadata_service/tools/run_pylint
metadata_service/tools/run_tests
metadata_service/utils/archiver.py
metadata_service/utils/__init__.py
metadata_service/utils/parser.py
muranorepository/api/__init__.py
muranorepository/api/utils.py
muranorepository/api/v1.py
muranorepository/cmd/__init__.py
muranorepository/cmd/run.py
muranorepository/config.py
muranorepository/consts.py
muranorepository/__init__.py
muranorepository/main.py
muranorepository/manifest.py
muranorepository/openstack/common/cfgfilter.py
muranorepository/openstack/common/context.py
muranorepository/openstack/common/crypto/__init__.py
muranorepository/openstack/common/crypto/utils.py
muranorepository/openstack/common/eventlet_backdoor.py
muranorepository/openstack/common/exception.py
muranorepository/openstack/common/excutils.py
muranorepository/openstack/common/fileutils.py
muranorepository/openstack/common/gettextutils.py
muranorepository/openstack/common/importutils.py
muranorepository/openstack/common/__init__.py
muranorepository/openstack/common/jsonutils.py
muranorepository/openstack/common/local.py
muranorepository/openstack/common/lockutils.py
muranorepository/openstack/common/log.py
muranorepository/openstack/common/loopingcall.py
muranorepository/openstack/common/middleware/base.py
muranorepository/openstack/common/middleware/debug.py
muranorepository/openstack/common/middleware/__init__.py
muranorepository/openstack/common/network_utils.py
muranorepository/openstack/common/notifier/api.py
muranorepository/openstack/common/notifier/__init__.py
muranorepository/openstack/common/notifier/log_notifier.py
muranorepository/openstack/common/notifier/no_op_notifier.py
muranorepository/openstack/common/notifier/rpc_notifier2.py
muranorepository/openstack/common/notifier/rpc_notifier.py
muranorepository/openstack/common/notifier/test_notifier.py
muranorepository/openstack/common/periodic_task.py
muranorepository/openstack/common/processutils.py
muranorepository/openstack/common/rpc/amqp.py
muranorepository/openstack/common/rpc/common.py
muranorepository/openstack/common/rpc/dispatcher.py
muranorepository/openstack/common/rpc/impl_fake.py
muranorepository/openstack/common/rpc/impl_kombu.py
muranorepository/openstack/common/rpc/impl_qpid.py
muranorepository/openstack/common/rpc/impl_zmq.py
muranorepository/openstack/common/rpc/__init__.py
muranorepository/openstack/common/rpc/matchmaker.py
muranorepository/openstack/common/rpc/matchmaker_redis.py
muranorepository/openstack/common/rpc/matchmaker_ring.py
muranorepository/openstack/common/rpc/proxy.py
muranorepository/openstack/common/rpc/securemessage.py
muranorepository/openstack/common/rpc/serializer.py
muranorepository/openstack/common/rpc/service.py
muranorepository/openstack/common/rpc/zmq_receiver.py
muranorepository/openstack/common/service.py
muranorepository/openstack/commons.py
muranorepository/openstack/common/sslutils.py
muranorepository/openstack/common/test.py
muranorepository/openstack/common/threadgroup.py
muranorepository/openstack/common/timeutils.py
muranorepository/openstack/common/uuidutils.py
muranorepository/openstack/common/wsgi.py
muranorepository/openstack/common/xmlutils.py
muranorepository/openstack/__init__.py
muranorepository/service_metadata.tar
muranorepository/Services/activeDirectory-manifest.yaml
muranorepository/Services/ad-manifest.yaml
muranorepository/Services/agent_templates/AskDnsIp.template
muranorepository/Services/agent_templates/ConfigureAccessToPostgreSql.template
muranorepository/Services/agent_templates/ConfigurePostgreSqlDatabase.template
muranorepository/Services/agent_templates/CreatePrimaryDC.template
muranorepository/Services/agent_templates/CreateSecondaryDC.template
muranorepository/Services/agent_templates/Demo.template
muranorepository/Services/agent_templates/DeployApache.template
muranorepository/Services/agent_templates/DeployPostgreSql.template
muranorepository/Services/agent_templates/DeployTelnet.template
muranorepository/Services/agent_templates/DeployTomcatApp.template
muranorepository/Services/agent_templates/DeployTomcat.template
muranorepository/Services/agent_templates/DeployWebApp.template
muranorepository/Services/agent_templates/GetIP.template
muranorepository/Services/agent_templates/InstallIIS.template
muranorepository/Services/agent_templates/InstallMsSqlServer.template
muranorepository/Services/agent_templates/JoinDomain.template
muranorepository/Services/agent_templates/LeaveDomain.template
muranorepository/Services/agent_templates/SetPassword.template
muranorepository/Services/agent_templates/SqlServerCluster/ConfigureEnvironmentForAOAG.template
muranorepository/Services/agent_templates/SqlServerCluster/FailoverClusterPrerequisites.template
muranorepository/Services/agent_templates/SqlServerCluster/FailoverCluster.template
muranorepository/Services/agent_templates/SqlServerCluster/InitializeAlwaysOn.template
muranorepository/Services/agent_templates/SqlServerCluster/InitializeAOAGPrimaryReplica.template
muranorepository/Services/agent_templates/SqlServerCluster/InitializeAOAGSecondaryReplica.template
muranorepository/Services/agent_templates/SqlServerCluster/InstallSqlServerForAOAG.template
muranorepository/Services/apache-manifest.yaml
muranorepository/Services/aspNetAppFarm-manifest.yaml
muranorepository/Services/aspNetApp-manifest.yaml
muranorepository/Services/asp-net-farm-manifest.yaml
muranorepository/Services/asp-net-manifest.yaml
muranorepository/Services/demo-manifest.yaml
muranorepository/Services/demoService-manifest.yaml
muranorepository/Services/heat_templates/ApacheSecurity.template
muranorepository/Services/heat_templates/DefaultSecurity.template
muranorepository/Services/heat_templates/DemoSecurity.template
muranorepository/Services/heat_templates/Demo.template
muranorepository/Services/heat_templates/DomainSecurity.template
muranorepository/Services/heat_templates/FloatingIP.template
muranorepository/Services/heat_templates/FloatingIPwithLB.template
muranorepository/Services/heat_templates/InstancePort.template
muranorepository/Services/heat_templates/InstancePortWSubnet.template
muranorepository/Services/heat_templates/Keypair.template
muranorepository/Services/heat_templates/LinuxSecurity.template
muranorepository/Services/heat_templates/Linux.template
muranorepository/Services/heat_templates/LoadBalancer.template
muranorepository/Services/heat_templates/Network.template
muranorepository/Services/heat_templates/NNSecurity.template
muranorepository/Services/heat_templates/Param.template
muranorepository/Services/heat_templates/PostgreSqlSecurity.template
muranorepository/Services/heat_templates/RouterInterface.template
muranorepository/Services/heat_templates/SQLCluster.template
muranorepository/Services/heat_templates/SQL-security.template
muranorepository/Services/heat_templates/Subnet.template
muranorepository/Services/heat_templates/TelnetSecurity.template
muranorepository/Services/heat_templates/TomcatSecurity.template
muranorepository/Services/heat_templates/WebServerSecurity.template
muranorepository/Services/heat_templates/WindowsSecurity.template
muranorepository/Services/heat_templates/Windows.template
muranorepository/Services/heat_templates/WSFCSecurity.template
muranorepository/Services/iis-farm-manifest.yaml
muranorepository/Services/iis-manifest.yaml
muranorepository/Services/linuxApacheService-manifest.yaml
muranorepository/Services/linuxTelnetService-manifest.yaml
muranorepository/Services/mssql-cluster-manifest.yaml
muranorepository/Services/msSqlClusterServer-manifest.yaml
muranorepository/Services/mssql-manifest.yaml
muranorepository/Services/msSqlServer-manifest.yaml
muranorepository/Services/postgreSql-manifest.yaml
muranorepository/Services/scripts/Alter-FirewallRulesForSQL.ps1
muranorepository/Services/scripts/CopyPrerequisites.ps1
muranorepository/Services/scripts/DeployWebApp.ps1
muranorepository/Services/scripts/Export-Function.ps1
muranorepository/Services/scripts/Failover-Cluster.ps1
muranorepository/Services/scripts/Get-DnsListeningIpAddress.ps1
muranorepository/Services/scripts/ImportCoreFunctions.ps1
muranorepository/Services/scripts/InstallIIS.ps1
muranorepository/Services/scripts/Install-RolePrimaryDomainController.ps1
muranorepository/Services/scripts/Install-RoleSecondaryDomainController.ps1
muranorepository/Services/scripts/Install-SQLServer.ps1
muranorepository/Services/scripts/Join-Domain.ps1
muranorepository/Services/scripts/Linux/common.sh
muranorepository/Services/scripts/Linux/configureAccessToPostgreSql.sh
muranorepository/Services/scripts/Linux/configurePostgreSqlDatabase.sh
muranorepository/Services/scripts/Linux/deployPostgreSql.sh
muranorepository/Services/scripts/Linux/deployTomcatApp.sh
muranorepository/Services/scripts/Linux/deployTomcat.sh
muranorepository/Services/scripts/Linux/getIp.sh
muranorepository/Services/scripts/Linux/installer.sh
muranorepository/Services/scripts/Linux/runApacheDeploy.sh
muranorepository/Services/scripts/Linux/runTelnetDeploy.sh
muranorepository/Services/scripts/New-SqlServerSystemAccount.ps1
muranorepository/Services/scripts/OptionParser.ps1
muranorepository/Services/scripts/Set-LocalUserPassword.ps1
muranorepository/Services/scripts/SqlServerCluster/Failover-Cluster.ps1
muranorepository/Services/scripts/SqlServerCluster/SQLServerForAOAG.ps1
muranorepository/Services/scripts/SQLServerForAOAG.ps1
muranorepository/Services/scripts/SQLServerInstaller.ps1
muranorepository/Services/scripts/SQLServer/Install-SQLServer.ps1
muranorepository/Services/scripts/SQLServerOptionParsers.ps1
muranorepository/Services/scripts/SQLServer/SQLServerInstaller.ps1
muranorepository/Services/scripts/SQLServer/SQLServerOptionParsers.ps1
muranorepository/Services/scripts/Start-PowerShellProcess.ps1
muranorepository/Services/scripts/TelnetDeploy.sh
muranorepository/Services/scripts/Update-ServiceConfig.ps1
muranorepository/Services/telnet-manifest.yaml
muranorepository/Services/tomcat-manifest.yaml
muranorepository/Services/ui_forms/ActiveDirectory.yaml
muranorepository/Services/ui_forms/AspNetAppFarm.yaml
muranorepository/Services/ui_forms/AspNetApp.yaml
muranorepository/Services/ui_forms/Demo.yaml
muranorepository/Services/ui_forms/LinuxApache.yaml
muranorepository/Services/ui_forms/LinuxTelnet.yaml
muranorepository/Services/ui_forms/MsSqlClusterServer.yaml
muranorepository/Services/ui_forms/MsSqlServer.yaml
muranorepository/Services/ui_forms/PostgreSql.yaml
muranorepository/Services/ui_forms/Tomcat.yaml
muranorepository/Services/ui_forms/WebServerFarm.yaml
muranorepository/Services/ui_forms/WebServer.yaml
muranorepository/Services/webServerFarm-manifest.yaml
muranorepository/Services/webServer-manifest.yaml
muranorepository/Services/workflows/AD.xml
muranorepository/Services/workflows/Apache.xml
muranorepository/Services/workflows/Common.xml
muranorepository/Services/workflows/Demo.xml
muranorepository/Services/workflows/LinuxTelnet.xml
muranorepository/Services/workflows/MsSqlCluster.xml
muranorepository/Services/workflows/MsSqlServer.xml
muranorepository/Services/workflows/Networking.xml
muranorepository/Services/workflows/PostgreSql.xml
muranorepository/Services/workflows/Tomcat.xml
muranorepository/Services/workflows/WebApps.xml
muranorepository/tests/fixtures/consts.py
muranorepository/tests/fixtures/__init__.py
muranorepository/tests/fixtures.py
muranorepository/tests/__init__.py
muranorepository/tests/_test_client_api.py
muranorepository/tests/test.conf
muranorepository/tests/test_data_type_listing.py
muranorepository/tests/test_dir_operations.py
muranorepository/tests/_test_get_files.py
muranorepository/tests/test_main.py
muranorepository/tests/test_upload.py
muranorepository/utils/archiver.py
muranorepository/utils/__init__.py
muranorepository/utils/parser.py
muranorepository/utils/utils.py
parser.py
README.md
README.rst
requirements.txt
Services/ad-manifest.yaml
Services/agent_templates/AskDnsIp.template
Services/agent_templates/CreatePrimaryDC.template
Services/agent_templates/CreateSecondaryDC.template
Services/agent_templates/Demo.template
Services/agent_templates/DeployWebApp.template
Services/agent_templates/InstallIIS.template
Services/agent_templates/InstallMsSqlServer.template
Services/agent_templates/JoinDomain.template
Services/agent_templates/LeaveDomain.template
Services/agent_templates/SetPassword.template
Services/agent_templates/SqlServerCluster/ConfigureEnvironmentForAOAG.template
Services/agent_templates/SqlServerCluster/FailoverClusterPrerequisites.template
Services/agent_templates/SqlServerCluster/FailoverCluster.template
Services/agent_templates/SqlServerCluster/InitializeAlwaysOn.template
Services/agent_templates/SqlServerCluster/InitializeAOAGPrimaryReplica.template
Services/agent_templates/SqlServerCluster/InitializeAOAGSecondaryReplica.template
Services/agent_templates/SqlServerCluster/InstallSqlServerForAOAG.template
Services/asp-net-farm-manifest.yaml
Services/asp-net-manifest.yaml
Services/demo-manifest.yaml
Services/heat_templates/Demo.template
Services/heat_templates/Linux.template
Services/heat_templates/LoadBalancer.template
Services/heat_templates/SQLCluster.template
Services/heat_templates/SQL-security.template
Services/heat_templates/Windows.template
Services/iis-farm-manifest.yaml
Services/iis-manifest.yaml
Services/mssql-cluster-manifest.yaml
Services/mssql-manifest.yaml
Services/scripts/Alter-FirewallRulesForSQL.ps1
Services/scripts/CopyPrerequisites.ps1
Services/scripts/DeployWebApp.ps1
Services/scripts/Export-Function.ps1
Services/scripts/Failover-Cluster.ps1
Services/scripts/Get-DnsListeningIpAddress.ps1
Services/scripts/ImportCoreFunctions.ps1
Services/scripts/InstallIIS.ps1
Services/scripts/Install-RolePrimaryDomainController.ps1
Services/scripts/Install-RoleSecondaryDomainController.ps1
Services/scripts/Install-SQLServer.ps1
Services/scripts/Join-Domain.ps1
Services/scripts/New-SqlServerSystemAccount.ps1
Services/scripts/OptionParser.ps1
Services/scripts/Set-LocalUserPassword.ps1
Services/scripts/SQLServerForAOAG.ps1
Services/scripts/SQLServerInstaller.ps1
Services/scripts/SQLServerOptionParsers.ps1
Services/scripts/Start-PowerShellProcess.ps1
Services/scripts/TelnetDeploy.sh
Services/scripts/Update-ServiceConfig.ps1
Services/ui_forms/ActiveDirectory.yaml
Services/ui_forms/AspNetAppFarm.yaml
Services/ui_forms/AspNetApp.yaml
Services/ui_forms/Demo.yaml
Services/ui_forms/Demo.yaml.orig
Services/ui_forms/LinuxTelnet.yaml
Services/ui_forms/MsSqlClusterServer.yaml
Services/ui_forms/MsSqlServer.yaml
Services/ui_forms/WebServerFarm.yaml
Services/ui_forms/WebServer.yaml
Services/workflows/AD.xml
Services/workflows/AspNetApps.xml
Services/workflows/Common.xml
Services/workflows/Demo.xml
Services/workflows/ExternalAD.xml.example
Services/workflows/LinuxTelnet.xml
Services/workflows/MsSqlCluster.xml
Services/workflows/MsSqlServer.xml
Services/workflows/WebApps.xml
setup-centos.sh
setup.cfg
setup.py
setup.sh
test.py
test-requirements.txt
tools/config/generate_sample.sh
tools/install_venv_common.py
tools/install_venv.py
tools/with_venv.sh
tox.ini
