build-and-provide-package
debian/changelog
debian/compat
debian/control
debian/copyright
debian/docs
debian/gbp.conf
debian/jenkins-debian-glue-buildenv-lintian.install
debian/jenkins-debian-glue-buildenv-piuparts.install
debian/jenkins-debian-glue-buildenv-taptools.install
debian/jenkins-debian-glue.install
debian/NEWS
debian/rules
debian/source/format
debian/source/options
examples/debian_glue
fabfile.py
generate-git-snapshot
generate-local-repository
generate-repository
generate-reprepro-codename
generate-snapshot
generate-svn-snapshot
github/config.yml
github/Gemfile
github/hook_server.rb
github/README
git/post-receive
git/post-receive-email
.gitreview
img/configuration_default.png
img/configuration_multiarch.png
img/console_output_url.png
img/copy_artifacts.png
img/github_project.png
img/multiarch_matrix_build.png
img/multiarch_matrix_build_result.png
img/permalinks.png
increase-version-number
jjb/jdg-freight.yaml
jjb/jdg-reprepro.yaml
jjb/README
LICENSE
.mailmap
Makefile
NOTES
NOTES.org
pbuilder-hookdir/B20autopkgtest
pbuilder-hookdir/C10shell
pbuilder-hookdir/D10-man-db
pbuilder-hookdir/D20releaserepo
puppet/apply.sh
puppet/jenkins_debian_glue.pp
README.md
README.org
scripts/build-and-provide-package
scripts/generate-git-snapshot
scripts/generate-local-repository
scripts/generate-reprepro-codename
scripts/generate-svn-snapshot
scripts/include-in-repos
scripts/increase-version-number
scripts/lintian-junit-report
scripts/piuparts_wrapper
scripts/remove-reprepro-codename
scripts/repository_checker
svn/post-commit
svn/trigger_jenkins
tap/adtsummary_tap
tap/checkbashism_tap
tap/pep8_no_disabled_issues
tap/pep8_tap
tap/perlcritic_tap
tap/piuparts_tap
tap/tap_tool_dispatcher
tests/increase-version-number
TODO
