examples/analytics.pp
examples/cloudera_apt.pp
examples/hadoop.pp
examples/hive.pp
examples/nodes.pp
examples/oozie.pp
examples/README.md
examples/zookeeper.pp
files/hadoop/create_hdfs_user_directories.sh
files/hue/hue.init.d.sh
files/pig.properties
files/spark/log4j.properties
.gitreview
lib/facter/versions.rb
LICENSE
manifests/alternative.pp
manifests/apt_source.pp
manifests/hadoop/config.pp
manifests/hadoop/datanode.pp
manifests/hadoop/defaults.pp
manifests/hadoop/directory.pp
manifests/hadoop/historyserver.pp
manifests/hadoop/httpfs.pp
manifests/hadoop/install.pp
manifests/hadoop/jmxtrans/datanode.pp
manifests/hadoop/jmxtrans/master.pp
manifests/hadoop/jmxtrans/namenode.pp
manifests/hadoop/jmxtrans/nodemanager.pp
manifests/hadoop/jmxtrans/README.md
manifests/hadoop/jmxtrans/resourcemanager.pp
manifests/hadoop/jmxtrans/worker.pp
manifests/hadoop/jobtracker.pp
manifests/hadoop/journalnode.pp
manifests/hadoop/master.pp
manifests/hadoop/metrics.pp
manifests/hadoop/mount.pp
manifests/hadoop/namenode/jmxtrans.pp
manifests/hadoop/namenode.pp
manifests/hadoop/namenode/primary.pp
manifests/hadoop/namenode/standby.pp
manifests/hadoop/nodemanager.pp
manifests/hadoop.pp
manifests/hadoop/resourcemanager.pp
manifests/hadoop/service.pp
manifests/hadoop/tasktracker.pp
manifests/hadoop/users.pp
manifests/hadoop/worker/paths.pp
manifests/hadoop/worker.pp
manifests/hbase/install.pp
manifests/hbase.pp
manifests/hcatalog.pp
manifests/hive/client/install.pp
manifests/hive/client.pp
manifests/hive/defaults.pp
manifests/hive/install.pp
manifests/hive/master.pp
manifests/hive/metastore/mysql.pp
manifests/hive/metastore.pp
manifests/hive.pp
manifests/hive/server/config.pp
manifests/hive/server/install.pp
manifests/hive/server.pp
manifests/hive/server/service.pp
manifests/hue/config.pp
manifests/hue/defaults.pp
manifests/hue/install.pp
manifests/hue.pp
manifests/hue/service.pp
manifests/impala/config.pp
manifests/impala/master.pp
manifests/impala.pp
manifests/impala/worker.pp
manifests/init.pp
manifests/mahout.pp
manifests/oozie/client/install.pp
manifests/oozie/client.pp
manifests/oozie/database/mysql.pp
manifests/oozie/defaults.pp
manifests/oozie.pp
manifests/oozie/server/config.pp
manifests/oozie/server/install.pp
manifests/oozie/server.pp
manifests/oozie/server/service.pp
manifests/pig/config.pp
manifests/pig/install.pp
manifests/pig.pp
manifests/spark/master.pp
manifests/spark.pp
manifests/spark/worker.pp
manifests/sqoop/install.pp
manifests/sqoop.pp
manifests/zookeeper/config.pp
manifests/zookeeper/install.pp
manifests/zookeeper.pp
manifests/zookeeper/server.pp
manifests/zookeeper/service.pp
README.md
templates/hadoop/core-site.xml.erb
templates/hadoop/fair-scheduler.xml.erb
templates/hadoop/hadoop-env.sh.erb
templates/hadoop/hadoop-metrics2.properties.erb
templates/hadoop/hdfs-site.xml.erb
templates/hadoop/httpfs.default.erb
templates/hadoop/httpfs-log4j.properties.erb
templates/hadoop/httpfs-site.xml.erb
templates/hadoop/log4j.properties.erb
templates/hadoop/mapred-site.xml.erb
templates/hadoop/yarn-env.sh.erb
templates/hadoop/yarn-site.xml.erb
templates/hive/hive-exec-log4j.properties.erb
templates/hive/hive-log4j.properties.erb
templates/hive/hive-metastore.default.erb
templates/hive/hive-server2.default.erb
templates/hive/hive-site.xml.erb
templates/hue/hue.ini.erb
templates/hue/log4j.properties.erb
templates/hue/log.conf.erb
templates/impala/default-impala.erb
templates/oozie/action-conf.hive.xml.erb
templates/oozie/oozie-env.sh.erb
templates/oozie/oozie-log4j.properties.erb
templates/oozie/oozie-site.xml.erb
templates/pig/log4j.properties.erb
templates/pig/pig.properties.erb
templates/spark/spark-defaults.conf.erb
templates/spark/spark-env.sh.erb
templates/zookeeper/zoo.cfg.erb
templates/zookeeper/zookeeper-env.sh.erb
tests/datanode.pp
tests/defaults.pp
tests/hadoop.pp
tests/historyserver.pp
tests/hive_master.pp
tests/hive_metastore_mysql.pp
tests/hive_metastore.pp
tests/hive.pp
tests/hive_server.pp
tests/jobtracker.pp
tests/Makefile
tests/master.pp
tests/namenode.pp
tests/namenode_primary.pp
tests/namenode_standby.pp
tests/nodemanager.pp
tests/pig.pp
tests/resourcemanager.pp
tests/sqoop.pp
tests/tasktracker.pp
tests/worker.pp
test/test.pp
TODO.md
