bash8/bash8.py
bash8/__init__.py
bash8.py
bash8/tests/base.py
bash8/tests/__init__.py
bash8/tests/samples/E001_bad.sh
bash8/tests/samples/E002_bad.sh
bash8/tests/samples/legacy_sample.sh
bash8/tests/test_bash8.py
bashate/bashate.py
bashate/__init__.py
bashate/tests/base.py
bashate/tests/__init__.py
bashate/tests/samples/E001_bad.sh
bashate/tests/samples/E002_bad.sh
bashate/tests/samples/legacy_sample.sh
bashate/tests/test_bashate.py
CONTRIBUTING.rst
.coveragerc
doc/source/conf.py
doc/source/contributing.rst
doc/source/index.rst
doc/source/installation.rst
doc/source/readme.rst
doc/source/usage.rst
HACKING.rst
LICENSE
MANIFEST.in
openstack-common.conf
README.rst
requirements.txt
setup.cfg
setup.py
.testr.conf
test-requirements.txt
tox.ini
