doc/source/conf.py
doc/source/index.rst
LICENSE
osprofiler/cmd/cliutils.py
osprofiler/cmd/commands.py
osprofiler/cmd/exc.py
osprofiler/cmd/__init__.py
osprofiler/cmd/shell.py
osprofiler/cmd/template.html
osprofiler/__init__.py
osprofiler/notifier.py
osprofiler/_notifiers/base.py
osprofiler/_notifiers/__init__.py
osprofiler/_notifiers/messaging.py
osprofiler/parsers/ceilometer.py
osprofiler/parsers/__init__.py
osprofiler/profiler.py
osprofiler/sqlalchemy.py
osprofiler/_utils.py
osprofiler/utils.py
osprofiler/web.py
README.md
README.rst
requirements.txt
setup.cfg
setup.py
.testr.conf
test-requirements.txt
tests/cmd/__init__.py
tests/cmd/test_shell.py
tests/dummy.py
tests/__init__.py
tests/notifiers/__init__.py
tests/notifiers/test_base.py
tests/notifiers/test_messaging.py
tests/parsers/__init__.py
tests/parsers/test_ceilometer.py
tests/test_notifier.py
tests/test_profiler.py
tests/test.py
tests/test_sqlalchemy.py
tests/test_utils.py
tests/test_web.py
tools/lint.py
tools/patch_tox_venv.py
tox.ini
