.coverage
debian/changelog
debian/compat
debian/control
debian/default
debian/install
debian/postinst
debian/rules
docs/api.rst
docs/conf.py
docs/dbapi.rst
docs/images/diagram.gif
docs/index.rst
docs/intro.rst
docs/setup.rst
docs/usage.rst
etc/doc-requires.txt
etc/init/stacktach.conf
etc/nginx/stacktach
etc/pip-requires.txt
etc/sample_local_settings.py
etc/sample_reconciler_config.json
etc/sample_region_mapping.json
etc/sample_stacktach_config.sh
etc/sample_stacktach_prune.sh
etc/sample_stacktach_verifier_config.json
etc/sample_stacktach_worker_config.json
etc/test-requires.txt
__init__.py
LICENSE
local_settings.py.bak
manage.py
migrations/001_base.sql
migrations/002_delta.sql
migrations/002_task_indexes.sql
migrations/002_task.sql
migrations/003_delta.sql
migrations/003_image_type_indexes.sql
migrations/003_image_type.sql
migrations/003_populate_task_and_image.py
migrations/004_usage.sql
migrations/005_reports.txt
migrations/006_delta.sql
migrations/006_populate_all_usage.py
migrations/006_populate_rebuilds_from_rawdata.py
migrations/006_populate_rebuilds.py
migrations/006_populate_usage_from_rawdata.py
migrations/006_verifier_indexes.sql
migrations/006_verifier.sql
migrations/007_delta.sql
migrations/007_exists_send_status_indexes.sql
migrations/007_exists_send_status.sql
migrations/008_delta.sql
migrations/008_exists_audit_period_indexes.sql
migrations/008_exists_audit_period.py
migrations/008_exists_audit_period.sql
migrations/009_delta.sql
migrations/009_populate_past_launches.py
migrations/009_usage_missing_indexes.sql
migrations/010_populate_past_deletes.py
migrations/011_add_tenant_id_to_instanceexists_and_instanceusage.sql
migrations/011_populate_tenant_id_in_instanceexists_from_rawdata.py
migrations/011_populate_tenant_id_in_instanceusage_from_rawdata.py
migrations/012_shrink_fail_reason.sql
migrations/013_populate_fields_in_rawdata_instanceexists_and_instanceusage_from_rawdata_metadata.py
README
README.md
reports/batch.py
reports/error_details.py
reports/glance_usage_audit.py
reports/image_events_audit.py
reports/__init__.py
reports/instance_hours.py
reports/nova_usage_audit.py
reports/pretty.py
reports/public_outbound_bandwidth.py
reports/requests.py
reports/usage_audit.py
run_integration_tests.sh
run_tests.sh
run_tests_venv.sh
scripts/example_rabbit_config.json
scripts/migrate_instance_flavor_id.py
scripts/notification_scrubber.py
scripts/scrubbers.py
settings.py
setup.cfg
setup.py
stacktach/config.py
stacktach/datetime_to_decimal.py
stacktach/dbapi.py
stacktach/db.py
stacktach/image_type.py
stacktach/__init__.py
stacktach/logging.py
stacktach/message_service.py
stacktach/migrations/0001_initial.py
stacktach/migrations/0002_auto__add_instancereconcile.py
stacktach/migrations/0002_auto__add_rawdataimagemeta__add_field_instanceexists_os_architecture__.py
stacktach/migrations/0002_create_rawdataimagemeta_and_add_usage_related_fields_to_instanceexists_and_instanceusages.py
stacktach/migrations/0003_populate_usage_related_fields_in_rawdataimagemeta_instanceexists_and_instanceusages_from_rawdata.py
stacktach/migrations/0004_create_glancerawdata_and_genericrawdata.py
stacktach/migrations/0004_create_instancereconcile.py
stacktach/migrations/0005_create_glancerawdata_and_genericrawdata.py
stacktach/migrations/0005_create_glance_usage_verification_tables.py
stacktach/migrations/0005_tenant_and_image_meta_on_instance_reconcile.py
stacktach/migrations/0006_create_glance_usage_verification_tables.py
stacktach/migrations/0007_auto__add_field_instanceexists_bandwidth_public_out.py
stacktach/migrations/0007_update_owner_to_nullable_in_imageusage_and_imageexists.py
stacktach/migrations/0008_auto__add_field_instanceexists_bandwidth_public_out__chg_field_imageex.py
stacktach/migrations/0009_auto__add_field_imageexists_message_id.py
stacktach/migrations/0009_auto__chg_field_instanceexists_bandwidth_public_out.py
stacktach/migrations/0010_add_instance_flavor_id_to_instancereconcile_instanceexists_and_instanceusage.py
stacktach/migrations/0011_auto__add_field_imageexists_message_id.py
stacktach/migrations/0012_auto__add_field_instanceexists_event_id__add_field_imageexists_event_i.py
stacktach/migrations/0013_auto__add_tenantinfo__add_tenanttype.py
stacktach/migrations/__init__.py
stacktach/models.py
stacktach/notification.py
stacktach/reconciler/exceptions.py
stacktach/reconciler/__init__.py
stacktach/reconciler/nova.py
stacktach/reconciler.py
stacktach/reconciler/utils.py
stacktach/stacklog.py
stacktach/stacky_server.py
stacktach/templates/base.html
stacktach/templates/data.html
stacktach/templates/expand.html
stacktach/templates/host_status.html
stacktach/templates/index.html
stacktach/templates/instance_status.html
stacktach/templates/new_tenant.html
stacktach/templates/rows.html
stacktach/templates/stacktach/base.html
stacktach/templates/stacktach/data.html
stacktach/templates/stacktach/expand.html
stacktach/templates/stacktach/host_status.html
stacktach/templates/stacktach/index.html
stacktach/templates/stacktach/instance_status.html
stacktach/templates/stacktach/new_tenant.html
stacktach/templates/stacktach/rows.html
stacktach/templates/stacktach/welcome.html
stacktach/templates/welcome.html
stacktach/tests.py
stacktach/test_utils.py
stacktach/urls.py
stacktach/utils.py
stacktach/views.py
start_workers.py
static/jquery.timers.js
templates/base.html
templates/data.html
templates/expand.html
templates/host_status.html
templates/index.html
templates/instance_status.html
templates/new_tenant.html
templates/rows.html
templates/welcome.html
tests/__init__.py
tests/integration/__init__.py
tests/integration/settings.py
tests/unit/__init__.py
tests/unit/test_auditor.py
tests/unit/test_base_verifier.py
tests/unit/test_datetime_to_decimal.py
tests/unit/test_dbapi.py
tests/unit/test_glance_verifier.py
tests/unit/test_image_type.py
tests/unit/test_migrations_files.py
tests/unit/test_models.py
tests/unit/test_notification.py
tests/unit/test_nova_verifier.py
tests/unit/test_reconciler.py
tests/unit/test_stacklog.py
tests/unit/test_stacktach_db.py
tests/unit/test_stacktach.py
tests/unit/test_stacktach_utils.py
tests/unit/test_stacky_server.py
tests/unit/test_utils.py
tests/unit/test_verification_exception.py
tests/unit/test_verifier_db.py
tests/unit/test_worker.py
tests/unit/utils.py
tox.ini
.travis.yml
urls.py
util/glance_usage_seed.py
util/seeded_usage_image_meta.py
util/usage_seed.py
verifier/base_verifier.py
verifier/config.py
verifier/dbverifier.py
verifier/glance_verifier.py
verifier/__init__.py
verifier/nova_verifier.py
verifier/start_verifier.py
verifier/verifier.sh
worker/config.py
worker_conf.py
worker/__init__.py
worker_new.py
worker.py
worker/stacktach.sh
worker/start_workers.py
worker/worker.log
worker/worker.py
