apt
bzr/manifests/init.pp
CHANGELOG
examples/all.pp
examples/multi.pp
examples/nova_with_pacemaker.pp
examples/site.pp
ext/nova.sh
extrapackages/manifests/init.pp
files/compute.py
files/connection.py
files/nova-novncproxy.init
.fixtures.yml
gcc
Gemfile
.gemfile
git
.gitmodules
glance
glance/manifests/api.pp
glance/manifests/init.pp
glance/manifests/registry.pp
glance/templates/glance-api.conf.erb
glance/templates/glance-api.conf-sample
glance/templates/glance.conf.erb
glance/templates/glance-registry.conf.erb
glance/templates/glance-registry.conf-sample
glance/tests/api.pp
glance/tests/init.pp
glance/tests/registry.pp
keystone/auth.pp
lib/puppet/provider/nova_admin/default.rb
lib/puppet/provider/nova_admin/nova_manage.rb
lib/puppet/provider/nova_cells/nova_manage.rb
lib/puppet/provider/nova_config/ini_setting.rb
lib/puppet/provider/nova_config/parsed_config.rb
lib/puppet/provider/nova_config/parsed.rb
lib/puppet/provider/nova_floating/default.rb
lib/puppet/provider/nova_floating/nova_manage.rb
lib/puppet/provider/nova_network/default.rb
lib/puppet/provider/nova_network/nova_manage.rb
lib/puppet/provider/nova_paste_api_ini/ini_setting.rb
lib/puppet/provider/nova_project/default.rb
lib/puppet/provider/nova_project/nova_manage.rb
lib/puppet/type/nova_admin.rb
lib/puppet/type/nova_cells.rb
lib/puppet/type/nova_config.rb
lib/puppet/type/nova_floating.rb
lib/puppet/type/nova_network.rb
lib/puppet/type/nova_paste_api_ini.rb
lib/puppet/type/nova_project.rb
LICENSE
manifests/all.pp
manifests/api.pp
manifests/canonical/all.pp
manifests/cells.pp
manifests/cert.pp
manifests/client.pp
manifests/compute/file_hack.pp
manifests/compute/kvm.pp
manifests/compute/libvirt.pp
manifests/compute/multi_host.pp
manifests/compute/neutron.pp
manifests/compute.pp
manifests/compute/quantum.pp
manifests/compute/rbd.pp
manifests/compute/spice.pp
manifests/compute/vmware.pp
manifests/compute/xenserver.pp
manifests/conductor.pp
manifests/config.pp
manifests/consoleauth.pp
manifests/controller.pp
manifests/db/allowed_hosts.pp
manifests/db/host_access.pp
manifests/db/mysql/host_access.pp
manifests/db/mysql.pp
manifests/db/postgresql.pp
manifests/db.pp
manifests/generic_service.pp
manifests/init.pp
manifests/keystone/auth.pp
manifests/keystone.pp
manifests/manage/admin.pp
manifests/manage/cells.pp
manifests/manage/floating.pp
manifests/manage/network.pp
manifests/manage/project.pp
manifests/messagebus.pp
manifests/migration/libvirt.pp
manifests/network/bridge.pp
manifests/network/flatdhcp.pp
manifests/network/flat.pp
manifests/network/neutron.pp
manifests/network.pp
manifests/network/quantum.pp
manifests/network/vlan.pp
manifests/objectstore.pp
manifests/params.pp
manifests/project.pp
manifests/qpid.pp
manifests/quota.pp
manifests/rabbitmq.pp
manifests/rackspace/all.pp
manifests/rackspace/dev.pp
manifests/rackspace/repo.pp
manifests/scheduler/filter.pp
manifests/scheduler.pp
manifests/spicehtml5proxy.pp
manifests/ubuntu/all.pp
manifests/ubuntu/cc.pp
manifests/ubuntu/compute.pp
manifests/utilities.pp
manifests/vncproxy.pp
manifests/volume/iscsi.pp
manifests/volume.pp
manifests/volume/san.pp
Modulefile
mysql
nova/lib/puppet/provider/nova_admin/default.rb
nova/lib/puppet/provider/nova_admin/nova_manage.rb
nova/lib/puppet/provider/nova_config/parsed.rb
nova/lib/puppet/provider/nova_network/default.rb
nova/lib/puppet/provider/nova_network/nova_manage.rb
nova/lib/puppet/provider/nova_project/default.rb
nova/lib/puppet/provider/nova_project/nova_manage.rb
nova/lib/puppet/type/nova_admin.rb
nova/lib/puppet/type/nova_config.rb
nova/lib/puppet/type/nova_network.rb
nova/lib/puppet/type/nova_project.rb
nova/LICENSE
nova/manifests/all.pp
nova/manifests/api.pp
nova/manifests/canonical/all.pp
nova/manifests/compute.pp
nova/manifests/compute/xenserver.pp
nova/manifests/controller.pp
nova/manifests/db.pp
nova/manifests/init.pp
nova/manifests/manage/admin.pp
nova/manifests/manage/network.pp
nova/manifests/manage/project.pp
nova/manifests/messagebus.pp
nova/manifests/network/bridge.pp
nova/manifests/network/flatdhcp.pp
nova/manifests/network/flat.pp
nova/manifests/network.pp
nova/manifests/objectstore.pp
nova/manifests/project.pp
nova/manifests/quota.pp
nova/manifests/rabbitmq.pp
nova/manifests/rackspace/all.pp
nova/manifests/rackspace/dev.pp
nova/manifests/rackspace/repo.pp
nova/manifests/repo.pp
nova/manifests/scheduler.pp
nova/manifests/utilities.pp
nova/spec/find_spec_utils.rb
nova/spec/unit/provider/nova_config/parsed_spec.rb
nova/spec/unit/type/nova_config_spec.rb
nova/templates/nova.conf.erb
nova/tests/all.pp
nova/tests/api.pp
nova/tests/canonical/all.pp
nova/tests/compute.pp
nova/tests/db.pp
nova/tests/init.pp
nova/tests/network.pp
nova/tests/nova_config.pp
nova/tests/objectstore.pp
nova/tests/openstack-all.pp
nova/tests/openstack-api.pp
nova/tests/openstack-compute.pp
nova/tests/openstack-network.pp
nova/tests/openstack-objectstore.pp
nova/tests/openstack-scheduler.pp
nova/tests/rabbitmq.pp
nova/tests/rackspace/all.pp
nova/tests/scheduler.pp
puppet/manifests/init.pp
python/manifests/init.pp
rabbitmq
Rakefile
README
README.md
spec/classes/nova_api_spec.rb
spec/classes/nova_cells_spec.rb
spec/classes/nova_cert_spec.rb
spec/classes/nova_client_spec.rb
spec/classes/nova_compute_libvirt_spec.rb
spec/classes/nova_compute_multi_host_spec.rb
spec/classes/nova_compute_neutron_spec.rb
spec/classes/nova_compute_quantum_spec.rb
spec/classes/nova_compute_rbd_spec.rb
spec/classes/nova_compute_spec.rb
spec/classes/nova_compute_spice_spec.rb
spec/classes/nova_compute_vmware_spec.rb
spec/classes/nova_compute_xenserver_spec.rb
spec/classes/nova_conductor_spec.rb
spec/classes/nova_config_spec.rb
spec/classes/nova_consoleauth_spec.rb
spec/classes/nova_db_mysql_spec.rb
spec/classes/nova_db_postgresql_spec.rb
spec/classes/nova_init_spec.rb
spec/classes/nova_keystone_endpoint_spec.rb
spec/classes/nova_migration_libvirt_spec.rb
spec/classes/nova_network_flatdhcp_spec.rb
spec/classes/nova_network_flat_spec.rb
spec/classes/nova_network_neutron_spec.rb
spec/classes/nova_network_quantum_spec.rb
spec/classes/nova_network_spec.rb
spec/classes/nova_network_vlan_spec.rb
spec/classes/nova_objectstore_spec.rb
spec/classes/nova_qpid_spec.rb
spec/classes/nova_quota_spec.rb
spec/classes/nova_rabbitmq_spec.rb
spec/classes/nova_scheduler_filter_spec.rb
spec/classes/nova_scheduler_spec.rb
spec/classes/nova_spicehtml5_proxy_spec.rb
spec/classes/nova_utilities_spec.rb
spec/classes/nova_vnc_proxy_spec.rb
spec/classes/nova_volume_iscsi_spec.rb
spec/classes/nova_volume_spec.rb
spec/defines/nova_generic_service_spec.rb
spec/defines/nova_manage_networks.pp
spec/defines/nova_manage_networks_spec.rb
spec/find_spec_utils.rb
spec/fixtures/manifests/site.pp
spec/fixtures/modules/nova
spec/hosts/test-001_spec.rb
spec/shared_examples.rb
spec/spec_helper.rb
spec/unit/provider/nova_config/ini_setting_spec.rb
spec/unit/provider/nova_config/parsed_spec.rb
spec/unit/type/nova_config_spec.rb
spec/unit/type/nova_network_spec.rb
stdlib
templates/api-paste.ini.erb
templates/nova.conf.erb
templates/secret.xml-compute.erb
tests/all.pp
tests/api.pp
tests/canonical/all.pp
tests/compute/libvirt.pp
tests/compute.pp
tests/db.pp
tests/multi.pp
tests/network.pp
tests/nova_config.pp
tests/objectstore.pp
tests/rabbitmq.pp
tests/rackspace/all.pp
tests/scheduler.pp
tests/site.pp
tests/ubuntu/all.pp
tests/ubuntu/cc.pp
tests/ubuntu/compute.pp
tests/volume/iscsi.pp
tests/volume.pp
TODO
.travis.yml
