COPYING
create_glance_image.py
create_image.py
etc/imagebuilder/imagebuilder.conf
fedora-17-jeos.ks
fedora-18-jeos.ks
glance_install.sh
imagebuilder-api
imagebuilder/api/app.py
imagebuilder/api/config.py
imagebuilder/api/controllers/__init__.py
imagebuilder/api/controllers/osib/__init__.py
imagebuilder/api/controllers/osib/v1/Builds.py
imagebuilder/api/controllers/osib/v1/__init__.py
imagebuilder/api/__init__.py
imagebuilder/api/templates/error.html
imagebuilder/api/templates/index.html
imagebuilder/api/templates/layout.html
imagebuilder/api/tests/config.py
imagebuilder/api/tests/__init__.py
imagebuilder/api/tests/test_functional.py
imagebuilder/api/tests/test_units.py
imagebuilder/create_image.py
imagebuilder/image_utils.py
imagebuilder/__init__.py
imagebuilder/MongoPersistentBuildManager.py
imagebuilder/openstack/common/gettextutils.py
imagebuilder/openstack/common/importutils.py
imagebuilder/openstack/common/__init__.py
imagebuilder/openstack/common/jsonutils.py
imagebuilder/openstack/common/local.py
imagebuilder/openstack/common/log.py
imagebuilder/openstack/common/timeutils.py
imagebuilder/openstack/__init__.py
imagebuilder/ping.py
imagebuilder/public/css/style.css
imagebuilder/service.py
imagebuilder/SQLAlchemyPersistentBuildManager.py
image_utils.py
install_scripts/fedora-17-jeos.ks
install_scripts/fedora-18-jeos-DVD.ks
install_scripts/fedora-18-jeos.ks
install_scripts/rhel-5-jeos.ks
install_scripts/rhel-6-jeos.ks
install_scripts/ubuntu-10.04-jeos.preseed
install_scripts/ubuntu-12.04-jeos.preseed
install_scripts/ubuntu-12.10-jeos.preseed
novaimagebuilder/BaseOS.py
novaimagebuilder/Builder.py
novaimagebuilder/CacheManager.py
novaimagebuilder/__init__.py
novaimagebuilder/ISOHelper.py
novaimagebuilder/NovaInstance.py
novaimagebuilder/OSInfo.py
novaimagebuilder/RedHatOS.py
novaimagebuilder/Singleton.py
novaimagebuilder/StackEnvironment.py
novaimagebuilder/SyslinuxHelper.py
novaimagebuilder/WindowsOS.py
nova-install
openstack-common.conf
ping.py
README.md
tests/__init__.py
tests/MockCacheManager.py
tests/MockNovaInstance.py
tests/MockOS.py
tests/MockStackEnvironment.py
tests/test_cacheManager.py
tests/testcache.py
tests/test_OSInfo.py
ubuntu-10.04-jeos.preseed
ubuntu-12.04-jeos.preseed
ubuntu-12.10-jeos.preseed
