API
build.xml
CHANGELOG.md
CHANGELOG.rst
compatible_build.xml
composer.json
config.doxy
CREDITS
doc/documentation.php
doc/introduction.md
doc/oo-tutorial-code.php
doc/oo-tutorial.md
doc/streams-tutorial-example.php
doc/streams-tutorial.md
doc/style.md
doc/style.php
doc/tutorial-example.php
doc/tutorial.mdown
LICENSE.txt
phpunit.xml.dist
project.properties
README.md
README-metaphing.md
README.pear
README.rst
RELEASE
src/HPCloud/Bootstrap.php
src/HPCloud/Exception.php
src/HPCloud.php
src/HPCloud/Services/Control.php
src/HPCloud/Services/ControlServices.php
src/HPCloud/Services/DBaaS/FlavorDetails.php
src/HPCloud/Services/DBaaS/Flavor.php
src/HPCloud/Services/DBaaS/InstanceDetails.php
src/HPCloud/Services/DBaaS/Instance.php
src/HPCloud/Services/DBaaS/Operations.php
src/HPCloud/Services/DBaaS.php
src/HPCloud/Services/DBaaS/SnapshotDetails.php
src/HPCloud/Services/DBaaS/Snapshot.php
src/HPCloud/Services/IdentityServices.php
src/HPCloud/Storage/CDN.php
src/HPCloud/Storage/Object.php
src/HPCloud/Storage/ObjectStorage/ACL.php
src/HPCloud/Storage/ObjectStorageACL.php
src/HPCloud/Storage/ObjectStorage/ContainerNotEmptyException.php
src/HPCloud/Storage/ObjectStorage/Container.php
src/HPCloud/Storage/ObjectStorage/ContentVerificationException.php
src/HPCloud/Storage/ObjectStorage/Object.php
src/HPCloud/Storage/ObjectStorage.php
src/HPCloud/Storage/ObjectStorage/ReadOnlyObjectException.php
src/HPCloud/Storage/ObjectStorage/RemoteObject.php
src/HPCloud/Storage/ObjectStorage/StreamWrapperFS.php
src/HPCloud/Storage/ObjectStorage/StreamWrapper.php
src/HPCloud/Storage/ObjectStorage/Subdir.php
src/HPCloud/Transport/AuthorizationException.php
src/HPCloud/Transport/ConflictException.php
src/HPCloud/Transport/CURLTransport.php
src/HPCloud/Transport/FileNotFoundException.php
src/HPCloud/Transport/ForbiddenException.php
src/HPCloud/Transport/LengthRequiredException.php
src/HPCloud/Transport/LockedException.php
src/HPCloud/Transport/MethodNotAllowedException.php
src/HPCloud/Transport.php
src/HPCloud/Transport/PHPStreamTransport.php
src/HPCloud/Transport/Response.php
src/HPCloud/Transport/ServerException.php
src/HPCloud/Transport/Transporter.php
src/HPCloud/Transport/UnauthorizedException.php
src/HPCloud/Transport/UnprocessableEntityException.php
src/OpenStack/Autoloader.php
src/OpenStack/Bootstrap.php
src/OpenStack/Common/Exception.php
src/OpenStack/Common/Transport/AbstractClient.php
src/OpenStack/Common/Transport/ClientInterface.php
src/OpenStack/Common/Transport/Exception/AuthorizationException.php
src/OpenStack/Common/Transport/Exception/ConflictException.php
src/OpenStack/Common/Transport/Exception/FileNotFoundException.php
src/OpenStack/Common/Transport/Exception/ForbiddenException.php
src/OpenStack/Common/Transport/Exception/LengthRequiredException.php
src/OpenStack/Common/Transport/Exception/MethodNotAllowedException.php
src/OpenStack/Common/Transport/Exception/RequestException.php
src/OpenStack/Common/Transport/Exception/ResourceNotFoundException.php
src/OpenStack/Common/Transport/Exception/ServerException.php
src/OpenStack/Common/Transport/Exception/UnauthorizedException.php
src/OpenStack/Common/Transport/Exception/UnprocessableEntityException.php
src/OpenStack/Common/Transport/GuzzleClient.php
src/OpenStack/Common/Transport/Guzzle/GuzzleAdapter.php
src/OpenStack/Common/Transport/Guzzle/HttpError.php
src/OpenStack/Common/Transport/Guzzle/MessageAdapter.php
src/OpenStack/Common/Transport/Guzzle/RequestAdapter.php
src/OpenStack/Common/Transport/Guzzle/ResponseAdapter.php
src/OpenStack/Common/Transport/MessageInterface.php
src/OpenStack/Common/Transport/RequestInterface.php
src/OpenStack/Common/Transport/ResponseInterface.php
src/OpenStack/Exception.php
src/OpenStack/Identity/v2/IdentityService.php
src/OpenStack/ObjectStore/v1/Exception/ContainerNotEmptyException.php
src/OpenStack/ObjectStore/v1/Exception/ContentVerificationException.php
src/OpenStack/ObjectStore/v1/Exception/ReadOnlyObjectException.php
src/OpenStack/ObjectStore/v1/ObjectStorage.php
src/OpenStack/ObjectStore/v1/Resource/ACL.php
src/OpenStack/ObjectStore/v1/Resource/Container.php
src/OpenStack/ObjectStore/v1/Resource/Object.php
src/OpenStack/ObjectStore/v1/Resource/RemoteObject.php
src/OpenStack/ObjectStore/v1/Resource/StreamWrapperFS.php
src/OpenStack/ObjectStore/v1/Resource/StreamWrapper.php
src/OpenStack/ObjectStore/v1/Resource/Subdir.php
src/OpenStack/Services/IdentityService.php
src/OpenStack/Storage/ObjectStorage/ACL.php
src/OpenStack/Storage/ObjectStorage/ContainerNotEmptyException.php
src/OpenStack/Storage/ObjectStorage/Container.php
src/OpenStack/Storage/ObjectStorage/ContentVerificationException.php
src/OpenStack/Storage/ObjectStorage/Object.php
src/OpenStack/Storage/ObjectStorage.php
src/OpenStack/Storage/ObjectStorage/ReadOnlyObjectException.php
src/OpenStack/Storage/ObjectStorage/RemoteObject.php
src/OpenStack/Storage/ObjectStorage/StreamWrapperFS.php
src/OpenStack/Storage/ObjectStorage/StreamWrapper.php
src/OpenStack/Storage/ObjectStorage/Subdir.php
src/OpenStack/Transport/AuthorizationException.php
src/OpenStack/Transport/ClientInterface.php
src/OpenStack/Transport/ConflictException.php
src/OpenStack/Transport/CURLTransport.php
src/OpenStack/Transport/FileNotFoundException.php
src/OpenStack/Transport/ForbiddenException.php
src/OpenStack/Transport/GuzzleClient.php
src/OpenStack/Transport/LengthRequiredException.php
src/OpenStack/Transport/MethodNotAllowedException.php
src/OpenStack/Transport.php
src/OpenStack/Transport/PHPStreamTransport.php
src/OpenStack/Transport/ResponseInterface.php
src/OpenStack/Transport/Response.php
src/OpenStack/Transport/ServerException.php
src/OpenStack/Transport/Transporter.php
src/OpenStack/Transport/UnauthorizedException.php
src/OpenStack/Transport/UnprocessableEntityException.php
test/AuthTest.php
test/bootstrap_curl.php
test/bootstrap_phpstream.php
test/CDNTest.php
test/example.settings.ini
tests/AuthTest.php
tests/bootstrap_curl.php
tests/bootstrap.php
tests/bootstrap_phpstream.php
tests/example.settings.ini
tests/Tests/AutoloaderTest.php
tests/Tests/BootstrapTest.php
tests/Tests/Common/Transport/AbstractClientTest.php
tests/Tests/Common/Transport/GuzzleClientTest.php
tests/Tests/Common/Transport/Guzzle/GuzzleAdapterTest.php
tests/Tests/Common/Transport/Guzzle/HttpErrorTest.php
tests/Tests/Common/Transport/Guzzle/MessageAdapterTest.php
tests/Tests/Common/Transport/Guzzle/RequestAdapterTest.php
tests/Tests/Common/Transport/Guzzle/ResponseAdapterTest.php
tests/Tests/Identity/v2/IdentityServicesTest.php
tests/Tests/ObjectStore/v1/ACLTest.php
tests/Tests/ObjectStore/v1/ContainerTest.php
tests/Tests/ObjectStore/v1/ObjectStorageTest.php
tests/Tests/ObjectStore/v1/ObjectTest.php
tests/Tests/ObjectStore/v1/RemoteObjectTest.php
tests/Tests/ObjectStore/v1/Resource/ACLTest.php
tests/Tests/ObjectStore/v1/Resource/ContainerTest.php
tests/Tests/ObjectStore/v1/Resource/ObjectTest.php
tests/Tests/ObjectStore/v1/Resource/RemoteObjectTest.php
tests/Tests/ObjectStore/v1/Resource/StreamWrapperFSTest.php
tests/Tests/ObjectStore/v1/Resource/StreamWrapperTestCase.php
tests/Tests/ObjectStore/v1/Resource/StreamWrapperTest.php
tests/Tests/ObjectStore/v1/StreamWrapperFSTest.php
tests/Tests/ObjectStore/v1/StreamWrapperTest.php
tests/Tests/TestCase.php
test/TestCase.php
test/Tests/ACLTest.php
test/Tests/AutoloaderTest.php
test/Tests/BootstrapTest.php
test/Tests/CDNTest.php
test/Tests/ContainerTest.php
test/Tests/ControlServicesTest.php
test/Tests/CURLTransportTest.php
test/Tests/DBaaSFlavorTest.php
test/Tests/DBaaSInstanceTest.php
test/Tests/DBaaSSnapshotTest.php
test/Tests/DBaaSTestCase.php
test/Tests/DBaaSTest.php
test/Tests/GuzzleClientTest.php
test/Tests/IdentityServicesTest.php
test/Tests/ObjectStorage.php
test/Tests/ObjectStorageTest.php
test/Tests/ObjectTest.php
test/Tests/RemoteObjectTest.php
test/Tests/ResponseTest.php
test/Tests/StreamWrapperFSTest.php
test/Tests/StreamWrapperTest.php
test/Tests/TestObject.php
tutorial.md
