bin/cfn-create-aws-symlinks
bin/cfn-get-metadata
bin/cfn-hup
bin/cfn-init
bin/cfn-push-stats
bin/cfn-signal
bin/heat
bin/heat-api
bin/heat-db-setup
bin/heat-db-setup-fedora
bin/heat-engine
bin/heat-jeos
bin/heat-metadata
bin/run-parser.py
BUILDING.rst
cfntools/cfn-get-metadata
cfntools/cfn_helper.py
cfntools/cfn-hup
cfntools/cfn-init
cfntools/cfn-push-stats
cfntools/cfn-signal
cfntools/__init__.py
cftools/cfn-hup
cftools/cfn-init
cftools/cfn-signal
contrib/redhat-eventlet.patch
CONTRIBUTING.rst
docs/GettingStarted.rst
docs/man/man1/heat.1
docs/man/man1/heat-api.1
docs/man/man1/heat-engine.1
docs/man/man1/heat-jeos.1
doc/source/conf.py
doc/source/man/cfn-create-aws-symlinks.rst
doc/source/man/cfn-get-metadata.rst
doc/source/man/cfn-hup.rst
doc/source/man/cfn-init.rst
doc/source/man/cfn-push-stats.rst
doc/source/man/cfn-signal.rst
doc/source/man/index.rst
doc/source/_static/basic.css
doc/source/_static/default.css
doc/source/_static/header-line.gif
doc/source/_static/jquery.tweet.js
doc/source/_static/nature.css
doc/source/_static/tweaks.css
doc/source/_theme/layout.html
doc/source/_theme/theme.conf
etc/bash_completion.d/heat
etc/heat-api
etc/heat-api.conf
etc/heat-api-paste.ini
etc/heat-engine.conf
etc/heat-engine-paste.ini
etc/heat-metadata.conf
etc/heat-metadata-paste.ini
HACKING.rst
heat/api/__init__.py
heat/api/middleware/context.py
heat/api/middleware/__init__.py
heat/api/middleware/version_negotiation.py
heat/api/v1/__init__.py
heat/api/v1/router.py
heat/api/v1/stacks.py
heat/api/versions.py
heat/cfntools/cfn-get-metadata
heat/cfntools/cfn_helper.py
heat/cfntools/cfn-hup
heat/cfntools/cfn-init
heat/cfntools/cfn-push-stats
heat/cfntools/cfn-signal
heat_cfntools/cfntools/cfn_helper.py
heat_cfntools/cfntools/__init__.py
heat_cfntools/__init__.py
heat/cfntools/__init__.py
heat_cfntools/tests/__init__.py
heat_cfntools/tests/test_cfn_helper.py
heat_cfntools/tests/test_cfn_hup.py
heat/client.py
heat/cloudformations.py
heat/cloudinit/config
heat/cloudinit/part-handler.py
heat/common/auth.py
heat/common/auth_token.py
heat/common/cfg.py
heat/common/client.py
heat/common/config.py
heat/common/context.py
heat/common/crypt.py
heat/common/exception.py
heat/common/__init__.py
heat/common/policy.py
heat/common/utils.py
heat/common/wsgi.py
heat/context.py
heat/db/anydbm/api.py
heat/db/anydbm/__init__.py
heat/db/api.py
heat/db/__init__.py
heat/db/migration.py
heat/db/sqlalchemy/api.py
heat/db/sqlalchemy/__init__.py
heat/db/sqlalchemy/manage.py
heat/db/sqlalchemy/migrate_repo/__init__.py
heat/db/sqlalchemy/migrate_repo/manage.py
heat/db/sqlalchemy/migrate_repo/migrate.cfg
heat/db/sqlalchemy/migrate_repo/versions/001_norwhal.py
heat/db/sqlalchemy/migrate_repo/versions/002_Add_event_data.py
heat/db/sqlalchemy/migrate_repo/versions/003_add_missing_cols.py
heat/db/sqlalchemy/migrate_repo/versions/004_guest_watch.py
heat/db/sqlalchemy/migrate_repo/versions/__init__.py
heat/db/sqlalchemy/migration.py
heat/db/sqlalchemy/models.py
heat/db/sqlalchemy/session.py
heat/engine/api/__init__.py
heat/engine/api/v1/events.py
heat/engine/api/v1/__init__.py
heat/engine/api/v1/stacks.py
heat/engine/capelistener.py
heat/engine/checkeddict.py
heat/engine/client.py
heat/engine/cloud_watch.py
heat/engine/eip.py
heat/engine/escalation_policy.py
heat/engine/__init__.py
heat/engine/instance.py
heat/engine/json2capexml.py
heat/engine/manager.py
heat/engine/parser.py
heat/engine/resources.py
heat/engine/resource_types.py
heat/engine/security_group.py
heat/engine/simpledb.py
heat/engine/systemctl.py
heat/engine/user.py
heat/engine/volume.py
heat/engine/wait_condition.py
heat/__init__.py
heat_jeos/cfntools/boto.cfg
heat_jeos/cfntools/cfn-get-metadata
heat_jeos/cfntools/cfn_helper.py
heat_jeos/cfntools/cfn-hup
heat_jeos/cfntools/cfn-init
heat_jeos/cfntools/cfn-push-stats
heat_jeos/cfntools/cfn-signal
heat_jeos/cfntools/__init__.py
heat/jeos/F16-i386-cfntools-jeos.tdl
heat/jeos/F16-i386-gold-jeos.tdl
heat/jeos/F16-x86_64-cfntools-jeos.tdl
heat/jeos/F16-x86_64-cftools-jeos.tdl
heat/jeos/F16-x86_64-gold-jeos.tdl
heat/jeos/F17-i386-cfntools-jeos.tdl
heat/jeos/F17-i386-gold-jeos.tdl
heat/jeos/F17-x86_64-cfntools-jeos.tdl
heat/jeos/F17-x86_64-cftools-jeos.tdl
heat/jeos/F17-x86_64-gold-jeos.tdl
heat_jeos/glance_clients.py
heat_jeos/__init__.py
heat_jeos/jeos/CentOS-6.3-x86_64-cfntools.tdl
heat_jeos/jeos/F16-i386-cfntools-jeos.tdl
heat_jeos/jeos/F16-i386-cfntools.tdl
heat_jeos/jeos/F16-i386-gold-jeos.tdl
heat_jeos/jeos/F16-i386-gold.tdl
heat_jeos/jeos/F16-x86_64-cfntools-jeos.tdl
heat_jeos/jeos/F16-x86_64-cfntools-openshift-jeos.tdl
heat_jeos/jeos/F16-x86_64-cfntools-openshift.tdl
heat_jeos/jeos/F16-x86_64-cfntools.tdl
heat_jeos/jeos/F16-x86_64-gold-jeos.tdl
heat_jeos/jeos/F16-x86_64-gold.tdl
heat_jeos/jeos/F17-i386-cfntools-jeos.tdl
heat_jeos/jeos/F17-i386-cfntools.tdl
heat_jeos/jeos/F17-i386-gold-jeos.tdl
heat_jeos/jeos/F17-i386-gold.tdl
heat_jeos/jeos/F17-x86_64-cfntools-jeos.tdl
heat_jeos/jeos/F17-x86_64-cfntools.tdl
heat_jeos/jeos/F17-x86_64-gold-jeos.tdl
heat_jeos/jeos/F17-x86_64-gold.tdl
heat_jeos/jeos/U10-amd64-cfntools-jeos.tdl
heat_jeos/jeos/U10-amd64-cfntools.tdl
heat/jeos/U10-amd64-cfntools-jeos.tdl
heat_jeos/utils.py
heat/local.py
heat/manager.py
heat/metadata/api/__init__.py
heat/metadata/api/v1/__init__.py
heat/metadata/api/v1/metadata.py
heat/metadata/db.py
heat/metadata/__init__.py
heat/openstack/common/cfg.py
heat/openstack/common/exception.py
heat/openstack/common/importutils.py
heat/openstack/common/iniparser.py
heat/openstack/common/__init__.py
heat/openstack/common/local.py
heat/openstack/common/setup.py
heat/openstack/common/timeutils.py
heat/openstack/common/utils.py
heat/openstack/__init__.py
heat/rpc/amqp.py
heat/rpc/common.py
heat/rpc/impl_fake.py
heat/rpc/impl_kombu.py
heat/rpc/impl_qpid.py
heat/rpc/__init__.py
heat/service.py
heat.spec
heat/testing/fake/__init__.py
heat/testing/__init__.py
heat/testing/runner.py
heat/tests/examples/__init__.py
heat/tests/examples/tags.txt
heat/tests/examples/test1.py
heat/tests/examples/test2.py
heat/tests/examples/test3.py
heat/tests/fakes.py
heat/tests/functional/test_bin_heat.py
heat/tests/__init__.py
heat/tests/test_cfn.py
heat/tests/testing-overview.txt
heat/tests/test_resources.py
heat/tests/test_stacks.py
heat/tests/test_validate.py
heat/tests/unit/__init__.py
heat/tests/unit/test_checkeddict.py
heat/tests/unit/test_template_convert.py
heat/tests/utils.py
heat/tests/v1_1/fakes.py
heat/tests/v1_1/__init__.py
heat/tests/v1_1/testfile.txt
heat/tests/v1_1/utils.py
heat/utils.py
heat/version.py
jeos/CentOS-6.3-x86_64-cfntools.tdl
jeos/F16-i386-cfntools-jeos.tdl
jeos/F16-i386-cfntools.tdl
jeos/F16-i386-gold-jeos.tdl
jeos/F16-i386-gold.tdl
jeos/F16-x86_64-cfntools-jeos.tdl
jeos/F16-x86_64-cfntools-openshift.tdl
jeos/F16-x86_64-cfntools.tdl
jeos/F16-x86_64-gold-jeos.tdl
jeos/F16-x86_64-gold.tdl
jeos/F17-i386-cfntools-jeos.tdl
jeos/F17-i386-cfntools.tdl
jeos/F17-i386-gold-jeos.tdl
jeos/F17-i386-gold.tdl
jeos/F17-x86_64-cfntools-jeos.tdl
jeos/F17-x86_64-cfntools.tdl
jeos/F17-x86_64-gold-jeos.tdl
jeos/F17-x86_64-gold.tdl
jeos/F17-x86_64.tdl
jeos/U10-amd64-cfntools-jeos.tdl
jeos/U10-amd64-cfntools.tdl
LICENSE
MANIFEST.in
openstack-common.conf
pylintrc
README
README.md
README.rst
rel-eng/packages/heat
rel-eng/packages/.readme
rel-eng/tito.props
requirements.txt
run_tests.py
run_tests.sh
setup.cfg
setup.py
templates/getting_started.template
templates/PuppetMaster_Single_Instance.template
templates/Rails_Single_Instance.template
templates/WordPress_2_Instances.template
templates/WordPress_2_Instances_With_EBS_EIP.template
templates/WordPress_2_Instances_With_EBS.template
templates/WordPress_2_Instances_With_EBS_Volume.template
templates/WordPress_Single_Instance_cfntools.template
templates/WordPress_Single_Instance_cftools.template
templates/WordPress_Single_Instance_deb.template
templates/WordPress_Single_Instance_gold.template
templates/WordPress_Single_Instance_puppet.template
templates/WordPress_Single_Instance.template
templates/WordPress_Single_Instance_With_EBS_EIP.template
templates/WordPress_Single_Instance_With_EBS.template
templates/WordPress_Single_Instance_With_EBS_Volume.template
templates/WordPress_Single_Instance_With_EIP.template
templates/WordPress_Single_Instance_With_HA.template
.testr.conf
test-requirements.txt
tools/experimental_create.py
tools/experimental_ssh_eventlet.py
tools/flakes.py
tools/hacking.py
tools/heat-db-drop
tools/heat-keystone-service
tools/install_venv.py
tools/integration.sh
tools/lintstack.py
tools/lintstack.sh
tools/openstack
tools/pip-requires
tools/pyflakes-bypass.py
tools/rst2script.sed
tools/run_pep8.sh
tools/test-requires
tools/uninstall-heat
tools/with_venv.sh
tox.ini
var/lib/heat/.dummy
var/log/heat/api.log
var/log/heat/engine.log
var/log/heat/metadata.log
