apache/pretty-log.conf
CONTRIBUTING.rst
.coveragerc
doc/source/conf.py
doc/source/contributing.rst
doc/source/index.rst
doc/source/installation.rst
doc/source/readme.rst
doc/source/usage.rst
etc/os_loganalyze/wsgi.conf
LICENSE
MANIFEST.in
openstack-common.conf
os_loganalyze/cmd/htmlify_log.py
os_loganalyze/cmd/htmlify_server.py
os_loganalyze/cmd/__init__.py
os_loganalyze/filter.py
os_loganalyze/generator.py
os_loganalyze/__init__.py
os_loganalyze/server.py
os_loganalyze/tests/base.py
os_loganalyze/tests/__init__.py
os_loganalyze/tests/samples/console.html.gz
os_loganalyze/tests/samples/devstacklog.txt.gz
os_loganalyze/tests/samples/screen-c-api.txt
os_loganalyze/tests/samples/screen-c-api.txt.gz
os_loganalyze/tests/samples/screen-key.txt.gz
os_loganalyze/tests/samples/screen-n-api.txt.gz
os_loganalyze/tests/samples/screen-q-svc.txt.gz
os_loganalyze/tests/samples/syslog.txt
os_loganalyze/tests/samples/wsgi.conf
os_loganalyze/tests/samples/wsgi_no_chunks.conf
os_loganalyze/tests/test_filters.py
os_loganalyze/tests/test_os_loganalyze.py
os_loganalyze/tests/test_wsgi.py
os_loganalyze/util.py
os_loganalyze/view.py
os_loganalyze/wsgi/htmlify_log.py
os_loganalyze/wsgi/__init__.py
os_loganalyze/wsgi.py
README.rst
requirements.txt
setup.cfg
setup.py
.testr.conf
test-requirements.txt
tox.ini
