AcmeInc.Openstack.Client.Powershell/AcmeInc.Openstack.Client.Powershell.csproj
AcmeInc.Openstack.Client.Powershell/app.config
AcmeInc.Openstack.Client.Powershell/Cmdlets/HelloAcmeIncCmdlet.cs
AcmeInc.Openstack.Client.Powershell/Deployment/acme-cli-powershell.2.0.0.nupkg
AcmeInc.Openstack.Client.Powershell/Deployment/AcmeInc.nuspec
AcmeInc.Openstack.Client.Powershell/Deployment/AcmeInc.psd1
AcmeInc.Openstack.Client.Powershell/Deployment/ServiceProvider.xml
AcmeInc.Openstack.Client.Powershell/Deployment/tools/chocolateyInstall.ps1
AcmeInc.Openstack.Client.Powershell/packages.config
AcmeInc.Openstack.Client.Powershell/Properties/AssemblyInfo.cs
AcmeInc.Openstack.Client.Powershell/Utility/AcmeRegistrationManager.cs
AcmeInc.Openstack.Deployment/AcmeInc.Openstack.Deployment/AcmeInc.Openstack.Deployment.vdproj
AcmeInc.Openstack.Deployment/AcmeInc.Openstack.Deployment.sln
HP.Openstack.Client.Powershell/bin/Debug/Deployment/HP.psd1
HP.Openstack.Client.Powershell/Cmdlets/HelloHPCmdlet.cs
HP.Openstack.Client.Powershell/Deployment/HP.psd1
HP.Openstack.Client.Powershell/HP.Openstack.Client.Powershell.csproj
HP.Openstack.Client.Powershell/packages.config
HP.Openstack.Client.Powershell/Properties/AssemblyInfo.cs
HP.Openstack.Client.Powershell/Utility/HPRegistrationManager.cs
License.txt
.nuget/NuGet.Config
.nuget/NuGet.exe
.nuget/NuGet.targets
.nuget/packages.config
Openstack.Client.Powershell/app.config
Openstack.Client.Powershell/BaseNavigationCmdletProvider.cs
Openstack.Client.Powershell/bin/Release/AWSSDK.dll
Openstack.Client.Powershell/bin/Release/AWSSDK.pdb
Openstack.Client.Powershell/bin/Release/BouncyCastle.Crypto.dll
Openstack.Client.Powershell/bin/Release/CLIManifest.psd1
Openstack.Client.Powershell/bin/Release/Deployment/Aliases.txt
Openstack.Client.Powershell/bin/Release/Deployment/CLI.config
Openstack.Client.Powershell/bin/Release/Deployment/CLI.config.example
Openstack.Client.Powershell/bin/Release/Deployment/CLIManifest.psd1
Openstack.Client.Powershell/bin/Release/Deployment/Microsoft.PowerShell_profile.ps1
Openstack.Client.Powershell/bin/Release/Deployment/Openstack.config
Openstack.Client.Powershell/bin/Release/Deployment/Openstack.psd1
Openstack.Client.Powershell/bin/Release/Deployment/OpenstackShell.format.ps1xml
Openstack.Client.Powershell/bin/Release/Deployment/ReleaseNotes.xml
Openstack.Client.Powershell/bin/Release/Deployment/ScratchPad/AnotherTest.txt
Openstack.Client.Powershell/bin/Release/mefx.exe
Openstack.Client.Powershell/bin/Release/Microsoft.ComponentModel.Composition.Diagnostics.dll
Openstack.Client.Powershell/bin/Release/MyPackage.1.0.0.nupkg
Openstack.Client.Powershell/bin/Release/Newtonsoft.Json.dll
Openstack.Client.Powershell/bin/Release/Newtonsoft.Json.xml
Openstack.Client.Powershell/bin/Release/Openstack.Client.Powershell.dll
Openstack.Client.Powershell/bin/Release/Openstack.Client.Powershell.dll.config
Openstack.Client.Powershell/bin/Release/Openstack.Client.Powershell.dll-help.xml
Openstack.Client.Powershell/bin/Release/Openstack.Client.Powershell.pdb
Openstack.Client.Powershell/bin/Release/Openstack.Common.dll
Openstack.Client.Powershell/bin/Release/Openstack.Common.pdb
Openstack.Client.Powershell/bin/Release/Openstack.dll
Openstack.Client.Powershell/bin/Release/Openstack.Objects.dll
Openstack.Client.Powershell/bin/Release/Openstack.Objects.pdb
Openstack.Client.Powershell/bin/Release/Openstack.pdb
Openstack.Client.Powershell/bin/Release/Openstack.psd1
Openstack.Client.Powershell/bin/Release/OpenstackShell.format.ps1xml
Openstack.Client.Powershell/bin/Release/System.Net.Http.Formatting.dll
Openstack.Client.Powershell/bin/Release/System.Net.Http.Formatting.xml
Openstack.Client.Powershell/Cmdlets/BasePSCmdlet.cs
Openstack.Client.Powershell/Cmdlets/BlockStorage/AttachVolumeCmdlet.cs
Openstack.Client.Powershell/Cmdlets/BlockStorage/BackupVolumeCmdlet.cs
Openstack.Client.Powershell/Cmdlets/BlockStorage/DetachVolumeCmdlet.cs
Openstack.Client.Powershell/Cmdlets/BlockStorage/NewSnapshotCmdlet.cs
Openstack.Client.Powershell/Cmdlets/BlockStorage/NewVolumeCmdlet.cs
Openstack.Client.Powershell/Cmdlets/BlockStorage/RemoveSnapshotCmdlet.cs
Openstack.Client.Powershell/Cmdlets/BlockStorage/RemoveVolumeBackupCmdlet.cs
Openstack.Client.Powershell/Cmdlets/BlockStorage/RemoveVolumeCmdlet.cs
Openstack.Client.Powershell/Cmdlets/Clipboard.cs
Openstack.Client.Powershell/Cmdlets/Common/BaseAuthenticationCmdlet.cs
Openstack.Client.Powershell/Cmdlets/Common/BasePSCmdlet.cs
Openstack.Client.Powershell/Cmdlets/Common/CopyIdCmdlet.cs
Openstack.Client.Powershell/Cmdlets/Common/GetCatalogCmdlet.cs
Openstack.Client.Powershell/Cmdlets/Common/GetConfigCmdlet.cs
Openstack.Client.Powershell/Cmdlets/Common/GetMetadataCmdlet.cs
Openstack.Client.Powershell/Cmdlets/Common/GetNotesCmdlet.cs
Openstack.Client.Powershell/Cmdlets/Common/GetServiceProvidersCmdlet.cs
Openstack.Client.Powershell/Cmdlets/Common/GetVersionCmdlet.cs
Openstack.Client.Powershell/Cmdlets/Common/GetZoneCmdlet.cs
Openstack.Client.Powershell/Cmdlets/Common/GetZonesCmdlet.cs
Openstack.Client.Powershell/Cmdlets/Common/NewServiceProviderCmdlet.cs
Openstack.Client.Powershell/Cmdlets/Common/NewServiceProvider.cs
Openstack.Client.Powershell/Cmdlets/Common/RefreshCacheCmdlet.cs
Openstack.Client.Powershell/Cmdlets/Common/SetConfigCmdlet.cs
Openstack.Client.Powershell/Cmdlets/Common/SetCredentialsCmdlet.cs
Openstack.Client.Powershell/Cmdlets/Common/SetMetadataCmdlet.cs
Openstack.Client.Powershell/Cmdlets/Common/SetServiceProviderCmdlet.cs
Openstack.Client.Powershell/Cmdlets/Common/SetZoneCmdlet.cs
Openstack.Client.Powershell/Cmdlets/Common/SetZoneColorCmdlet.cs
Openstack.Client.Powershell/Cmdlets/Compute/Security/GetLimitsCmdlet.cs
Openstack.Client.Powershell/Cmdlets/Compute/Security/GetPasswordCmdlet.cs
Openstack.Client.Powershell/Cmdlets/Compute/Security/NewKeyPairCmdlet.cs
Openstack.Client.Powershell/Cmdlets/Compute/Security/RemoveKeyPairCmdlet.cs
Openstack.Client.Powershell/Cmdlets/Compute/Security/ResetPasswordCmdlet.cs
Openstack.Client.Powershell/Cmdlets/Compute/Server/ConnectServerCmdlet.cs
Openstack.Client.Powershell/Cmdlets/Compute/Server/NewImageCmdlet.cs
Openstack.Client.Powershell/Cmdlets/Compute/Server/NewServerCmdlet.cs
Openstack.Client.Powershell/Cmdlets/Compute/Server/PingServerCmdlet.cs
Openstack.Client.Powershell/Cmdlets/Compute/Server/RebootServerCmdlet.cs
Openstack.Client.Powershell/Cmdlets/Compute/Server/RemoveMetadataCmdlet.cs
Openstack.Client.Powershell/Cmdlets/Compute/Server/RemoveServerCmdlet.cs
Openstack.Client.Powershell/Cmdlets/Compute/Server/UpdateServerCmdlet.cs
Openstack.Client.Powershell/Cmdlets/Networking/AssignIPCmdlet.cs
Openstack.Client.Powershell/Cmdlets/Networking/DeleteFloatingIPCmdlet.cs
Openstack.Client.Powershell/Cmdlets/Networking/DeleteNetworkCmdlet.cs
Openstack.Client.Powershell/Cmdlets/Networking/DeletePortCmdlet.cs
Openstack.Client.Powershell/Cmdlets/Networking/DeleteRouterCmdlet.cs
Openstack.Client.Powershell/Cmdlets/Networking/DeleteRouterInterfaceCmdlet.cs
Openstack.Client.Powershell/Cmdlets/Networking/DeleteSubnetCmdlet.cs
Openstack.Client.Powershell/Cmdlets/Networking/newclasses
Openstack.Client.Powershell/Cmdlets/Networking/NewFloatingIPCmdlet.cs
Openstack.Client.Powershell/Cmdlets/Networking/NewNetworkCmdlet.cs
Openstack.Client.Powershell/Cmdlets/Networking/NewPortCmdlet.cs
Openstack.Client.Powershell/Cmdlets/Networking/NewRouterCmdlet.cs
Openstack.Client.Powershell/Cmdlets/Networking/NewRouterInterfaceCmdlet.cs
Openstack.Client.Powershell/Cmdlets/Networking/NewSubnetCmdlet.cs
Openstack.Client.Powershell/Cmdlets/Networking/UnAssignIPCmdlet.cs
Openstack.Client.Powershell/Cmdlets/Networking/UpdateFloatingIPCmdlet.cs
Openstack.Client.Powershell/Cmdlets/Networking/UpdateNetworkCmdlet.cs
Openstack.Client.Powershell/Cmdlets/Networking/UpdatePortCmdlet.cs
Openstack.Client.Powershell/Cmdlets/Networking/UpdateRouterCmdlet.cs
Openstack.Client.Powershell/Cmdlets/Networking/UpdateSubnetCmdlet.cs
Openstack.Client.Powershell/Cmdlets/ObjectStorage/CDN/GetCDNCmdlet.cs
Openstack.Client.Powershell/Cmdlets/ObjectStorage/CDN/NewCDNCmdlet.cs
Openstack.Client.Powershell/Cmdlets/ObjectStorage/CDN/RemoveCDNCmdlet.cs
Openstack.Client.Powershell/Cmdlets/ObjectStorage/Containers/MigrateDriveCmdlet.cs
Openstack.Client.Powershell/Cmdlets/ObjectStorage/Containers/NewContainerCmdlet.cs
Openstack.Client.Powershell/Cmdlets/ObjectStorage/Containers/RemoveContainerCmdlet.cs
Openstack.Client.Powershell/Cmdlets/ObjectStorage/Containers/SetScopeCmdlet.cs
Openstack.Client.Powershell/Cmdlets/ObjectStorage/Objects/CopyItemCmdlet.cs
Openstack.Client.Powershell/Cmdlets/ObjectStorage/Objects/GetURICmdlet.cs
Openstack.Client.Powershell/Cmdlets/ObjectStorage/Objects/RemoveItemCmdlet.cs
Openstack.Client.Powershell/Cmdlets/Security/AddRuleCmdlet.cs
Openstack.Client.Powershell/Cmdlets/Security/NewSecurityGroupCmdlet.cs
Openstack.Client.Powershell/Cmdlets/Security/RemoveRuleCmdlet.cs
Openstack.Client.Powershell/Cmdlets/Security/RemoveSecurityGroupCmdlet.cs
Openstack.Client.Powershell/Dependencies/Microsoft.Http.dll
Openstack.Client.Powershell/Dependencies/Microsoft.Http.Extensions.dll
Openstack.Client.Powershell/Dependencies/Microsoft.QueryComposition.dll
Openstack.Client.Powershell/Dependencies/Microsoft.ServiceModel.Http.Client.dll
Openstack.Client.Powershell/Dependencies/Microsoft.ServiceModel.Http.Client.UnitTest.dll
Openstack.Client.Powershell/Dependencies/Microsoft.ServiceModel.Http.dll
Openstack.Client.Powershell/Dependencies/Microsoft.ServiceModel.Http.Test.dll
Openstack.Client.Powershell/Deployment/Aliases.txt
Openstack.Client.Powershell/Deployment/ApacheLicense.rtf
Openstack.Client.Powershell/Deployment/ApacheLicense.txt
Openstack.Client.Powershell/Deployment/CLI.config
Openstack.Client.Powershell/Deployment/CLI.config.example
Openstack.Client.Powershell/Deployment/CLIManifest.psd1
Openstack.Client.Powershell/Deployment/CredentialList.xml
Openstack.Client.Powershell/Deployment/DevProfile.ps1
Openstack.Client.Powershell/Deployment/DevProfile.ps1.example
Openstack.Client.Powershell/Deployment/Examples/ApacheLicense.txt
Openstack.Client.Powershell/Deployment/Examples/CredentialList.xml
Openstack.Client.Powershell/Deployment/Examples/DevProfile.ps1.example
Openstack.Client.Powershell/Deployment/Examples/Openstack.config.example
Openstack.Client.Powershell/Deployment/Examples/PostBuild.bat
Openstack.Client.Powershell/Deployment/Examples/PostBuild.example
Openstack.Client.Powershell/Deployment/Examples/readme.txt
Openstack.Client.Powershell/Deployment/Examples/ReleaseManifest.xml
Openstack.Client.Powershell/Deployment/Examples/ReleaseNotes.xml
Openstack.Client.Powershell/Deployment/License.rtf
Openstack.Client.Powershell/Deployment/Microsoft.PowerShell_profile.ps1
Openstack.Client.Powershell.Deployment/Openstack.Client.Powershell.Deployment/Openstack.Client.Powershell.Deployment.vdproj
Openstack.Client.Powershell.Deployment/Openstack.Client.Powershell.Deployment.sln
Openstack.Client.Powershell.Deployment/Openstack.Client.Powershell.Deployment.vdproj
Openstack.Client.Powershell/Deployment/Openstack.Client.Powershell.dll-Help.xml
Openstack.Client.Powershell/Deployment/openstack-cli-powershell.2.0.0.nupkg
Openstack.Client.Powershell/Deployment/openstack-cli-powershell.nuspec
Openstack.Client.Powershell/Deployment/Openstack.config
Openstack.Client.Powershell/Deployment/Openstack.config.example
Openstack.Client.Powershell/Deployment/Openstack-Core.psd1
Openstack.Client.Powershell/Deployment/Openstack.format.ps1xml
Openstack.Client.Powershell/Deployment/Openstack.psd1
Openstack.Client.Powershell/Deployment/OpenstackShell.format.ps1xml
Openstack.Client.Powershell/Deployment/PostBuild.bat
Openstack.Client.Powershell/Deployment/PostBuild.example
Openstack.Client.Powershell/Deployment/powershell.exe.config
Openstack.Client.Powershell/Deployment/readme.txt
Openstack.Client.Powershell/Deployment/ReleaseManifest.xml
Openstack.Client.Powershell/Deployment/ReleaseNotes.xml
Openstack.Client.Powershell/Deployment/ScratchPad/AnotherTest.txt
Openstack.Client.Powershell/Deployment/ScratchPad/app.config
Openstack.Client.Powershell/Deployment/ScratchPad/PostBuild.targets
Openstack.Client.Powershell/Deployment/ScratchPad/SecurityGroupData/SecurityGroupsTest.xml
Openstack.Client.Powershell/Deployment/ScratchPad/SecurityGroupData/SecurityGroups.xml
Openstack.Client.Powershell/Deployment/ScratchPad/SecurityGroupData/SecurityGroupTest.xml
Openstack.Client.Powershell/Deployment/ScratchPad/ServerData/Server1.xml
Openstack.Client.Powershell/Deployment/ScratchPad/ServerData/Servers.xml
Openstack.Client.Powershell/Deployment/ScratchPad/ServerData/Server.xml
Openstack.Client.Powershell/Deployment/tools/chocolateyInstall.ps1
Openstack.Client.Powershell/License.txt
Openstack.Client.Powershell/Migrations/AWSMigration.cs
Openstack.Client.Powershell/Migrations/CopyInfoEventArgs.cs
Openstack.Client.Powershell/Migrations/LocalStoreMigration.cs
Openstack.Client.Powershell/.nuget/NuGet.Config
Openstack.Client.Powershell/.nuget/NuGet.exe
Openstack.Client.Powershell/.nuget/NuGet.targets
Openstack.Client.Powershell/obj/Debug/DesignTimeResolveAssemblyReferencesInput.cache
Openstack.Client.Powershell/obj/Debug/Openstack.Client.Powershell.csproj.FileListAbsolute.txt
Openstack.Client.Powershell/obj/Debug/Openstack.Client.Powershell.csprojResolveAssemblyReference.cache
Openstack.Client.Powershell/obj/Debug/Openstack.Client.Powershell.dll
Openstack.Client.Powershell/obj/Debug/Openstack.Client.Powershell.g.resources
Openstack.Client.Powershell/obj/Debug/Openstack.Client.Powershell.pdb
Openstack.Client.Powershell/obj/Debug/TemporaryGeneratedFile_036C0B5B-1481-4323-8D20-8F5ADCB23D92.cs
Openstack.Client.Powershell/obj/Debug/TemporaryGeneratedFile_5937a670-0e60-4077-877b-f7221da3dda1.cs
Openstack.Client.Powershell/obj/Debug/TemporaryGeneratedFile_E7A71F73-0F8D-4B9B-B56E-8E70B10BC5D3.cs
Openstack.Client.Powershell/Openstack.Client.Powershell.csproj
Openstack.Client.Powershell/Openstack.Client.Powershell - Shortcut.lnk
Openstack.Client.Powershell/Openstack.Client.Powershell.sln
Openstack.Client.Powershell/Openstack.Client.Powershell.v12.suo
Openstack.Client.Powershell/packages.config
Openstack.Client.Powershell/Properties/AssemblyInfo.cs
Openstack.Client.Powershell/Providers/BlockStorage/AttachmentsUIContainer.cs
Openstack.Client.Powershell/Providers/BlockStorage/AttachmentUIContainer.cs
Openstack.Client.Powershell/Providers/BlockStorage/BlockStorageUIContainer.cs
Openstack.Client.Powershell/Providers/BlockStorage/SnapshotsUIContainer.cs
Openstack.Client.Powershell/Providers/BlockStorage/SnapshotUIContainer.cs
Openstack.Client.Powershell/Providers/BlockStorage/VolumeBackupsUIContainer.cs
Openstack.Client.Powershell/Providers/BlockStorage/VolumeBackupUIContainer.cs
Openstack.Client.Powershell/Providers/BlockStorage/VolumesUIContainer.cs
Openstack.Client.Powershell/Providers/BlockStorage/VolumeUIContainer.cs
Openstack.Client.Powershell/Providers/Common/AccountUIContainer.cs
Openstack.Client.Powershell/Providers/Common/BaseEntityUIContainer.cs
Openstack.Client.Powershell/Providers/Common/BaseNavigationCmdletProvider.cs
Openstack.Client.Powershell/Providers/Common/BaseUIContainer.cs
Openstack.Client.Powershell/Providers/Common/CommonDriveInfo.cs
Openstack.Client.Powershell/Providers/Common/CommonDriveParameters.cs
Openstack.Client.Powershell/Providers/Common/CommonServiceProvider.cs
Openstack.Client.Powershell/Providers/CommonDriveInfo.cs
Openstack.Client.Powershell/Providers/Common/HPServiceIdentifierAttribute.cs
Openstack.Client.Powershell/Providers/Common/UpdateManager.cs
Openstack.Client.Powershell/Providers/Compute/AbsoluteUIContainer.cs
Openstack.Client.Powershell/Providers/Compute/AddressesUIContainer.cs
Openstack.Client.Powershell/Providers/Compute/FlavorsUIContainer.cs
Openstack.Client.Powershell/Providers/Compute/FlavorUIContainer.cs
Openstack.Client.Powershell/Providers/Compute/FloatingIPUIContainer.cs
Openstack.Client.Powershell/Providers/Compute/ImagesUIContainer.cs
Openstack.Client.Powershell/Providers/Compute/ImageUIContainer.cs
Openstack.Client.Powershell/Providers/Compute/KeyPairsUIContainer.cs
Openstack.Client.Powershell/Providers/Compute/LimitsUIContainer.cs
Openstack.Client.Powershell/Providers/Compute/MetaDataUIContainer.cs
Openstack.Client.Powershell/Providers/Compute/RatesUIContainer.cs
Openstack.Client.Powershell/Providers/Compute/ServerLogUIContainer.cs
Openstack.Client.Powershell/Providers/Compute/ServersUIContainer.cs
Openstack.Client.Powershell/Providers/Compute/ServerUIContainer.cs
Openstack.Client.Powershell/Providers/Dbaas/DatabaseUIContainer.cs
Openstack.Client.Powershell/Providers/Dbaas/DBInstancesUIContainer.cs
Openstack.Client.Powershell/Providers/Networking/FloatingIPsUIContainer.cs
Openstack.Client.Powershell/Providers/Networking/FloatingIPUIContainer.cs
Openstack.Client.Powershell/Providers/Networking/NetworksUIContainer.cs
Openstack.Client.Powershell/Providers/Networking/NetworkUIContainer.cs
Openstack.Client.Powershell/Providers/Networking/PortsUIContainer.cs
Openstack.Client.Powershell/Providers/Networking/PortUIContainer.cs
Openstack.Client.Powershell/Providers/Networking/RoutersUIContainer.cs
Openstack.Client.Powershell/Providers/Networking/RouterUIContainer.cs
Openstack.Client.Powershell/Providers/Networking/SubnetsUIContainer.cs
Openstack.Client.Powershell/Providers/Networking/SubnetUIContainer.cs
Openstack.Client.Powershell/Providers/ObjectStorage/HPOSDriveInfo.cs
Openstack.Client.Powershell/Providers/ObjectStorage/HPOSDriveParameters.cs
Openstack.Client.Powershell/Providers/ObjectStorage/HPOSNavigationProvider.cs
Openstack.Client.Powershell/Providers/ObjectStorage/ObjectStorageDriveConverter.cs
Openstack.Client.Powershell/Providers/ObjectStorage/ObjectStorageDriveParameters.cs
Openstack.Client.Powershell/Providers/ObjectStorage/ObjectStorageNavigationProvider.cs
Openstack.Client.Powershell/Providers/ObjectStorage/ObjectStoragePSDriveInfo.cs
Openstack.Client.Powershell/Providers/ObjectStorage/StorageItemViewModel.cs
Openstack.Client.Powershell/Providers/Security/SecurityGroupsUIContainer.cs
Openstack.Client.Powershell/Providers/Security/SecurityGroupUIContainer.cs
Openstack.Client.Powershell/Providers/Security/SecurityUIContainer.cs
Openstack.Client.Powershell/Utility/AccountCapabilities.cs
Openstack.Client.Powershell/Utility/AvailabilityZone.cs
Openstack.Client.Powershell/Utility/ConfigurationManager.cs
Openstack.Client.Powershell/Utility/Context.cs
Openstack.Client.Powershell/Utility/CredentialElement.cs
Openstack.Client.Powershell/Utility/CredentialManager.cs
Openstack.Client.Powershell/Utility/Enums.cs
Openstack.Client.Powershell/Utility/ExtensionManager.cs
Openstack.Client.Powershell/Utility/OpenstackCoreRegistrationManager.cs
Openstack.Client.Powershell/Utility/RegistrationManager.cs
Openstack.Client.Powershell/Utility/RegistrationResponse.cs
Openstack.Client.Powershell/Utility/SecureStringHelper.cs
Openstack.Client.Powershell/Utility/ServiceMap.cs
Openstack.Client.Powershell/Utility/ServiceProviderAttribute.cs
Openstack.Client.Powershell/Utility/ServiceProvider.cs
Openstack.Client.Powershell/Utility/Settings.cs
Openstack.Client.Powershell/Utility/StoragePath.cs
openstack-cli-powershell.sln
OpenStack-CLI.sln
Rackspace.Client.Powershell/bin/Debug/Deployment/Rackspace.psd1
Rackspace.Client.Powershell/Cmdlets/HelloRackspaceCmdlet.cs
Rackspace.Client.Powershell/Deployment/Rackspace.config
Rackspace.Client.Powershell/Deployment/Rackspace.psd1
Rackspace.Client.Powershell/packages.config
Rackspace.Client.Powershell/Properties/AssemblyInfo.cs
Rackspace.Client.Powershell/Rackspace.Openstack.Client.Powershell.csproj
Rackspace.Client.Powershell/Utility/RackspaceRegistrationManager.cs
README.md
WidgetInc.Openstack.Client.Powershell/app.config
WidgetInc.Openstack.Client.Powershell/Cmdlets/HelloWidgetIncCmdlet.cs
WidgetInc.Openstack.Client.Powershell/Deployment/ServiceProvider.xml
WidgetInc.Openstack.Client.Powershell/Deployment/tools/chocolateyInstall.ps1
WidgetInc.Openstack.Client.Powershell/Deployment/widget-cli-powershell.2.0.0.nupkg
WidgetInc.Openstack.Client.Powershell/Deployment/WidgetInc.config
WidgetInc.Openstack.Client.Powershell/Deployment/WidgetInc.nuspec
WidgetInc.Openstack.Client.Powershell/Deployment/WidgetInc.psd1
WidgetInc.Openstack.Client.Powershell/.nuget/NuGet.Config
WidgetInc.Openstack.Client.Powershell/.nuget/NuGet.exe
WidgetInc.Openstack.Client.Powershell/.nuget/NuGet.targets
WidgetInc.Openstack.Client.Powershell/packages.config
WidgetInc.Openstack.Client.Powershell/Properties/AssemblyInfo.cs
WidgetInc.Openstack.Client.Powershell/Utility/WidgetIncRegistrationManager.cs
WidgetInc.Openstack.Client.Powershell/WidgetInc.Openstack.Client.Powershell.csproj
WidgetInc.Openstack.Client.Powershell/WidgetInc.Openstack.Client.Powershell.sln
WidgetInc.Openstack.Deployment/WidgetInc.Openstack.Deployment.sln
WidgetInc.Openstack.Deployment/WidgetInc.Openstack.Deployment/WidgetInc.Openstack.Deployment.vdproj
