examples/site.pp
.fixtures.yml
Gemfile
Gemfile.lock
lib/puppet/provider/heat_api_cfn_config/ini_setting.rb
lib/puppet/provider/heat_api_cloudwatch_config/ini_setting.rb
lib/puppet/provider/heat_api_config/ini_setting.rb
lib/puppet/provider/heat_config/ini_setting.rb
lib/puppet/provider/heat_engine_config/ini_setting.rb
lib/puppet/type/heat_api_cfn_config.rb
lib/puppet/type/heat_api_cloudwatch_config.rb
lib/puppet/type/heat_api_config.rb
lib/puppet/type/heat_config.rb
lib/puppet/type/heat_engine_config.rb
LICENSE
manifests/api_cfn.pp
manifests/api-cfn.pp
manifests/api_cloudwatch.pp
manifests/api-cloudwatch.pp
manifests/api.pp
manifests/client.pp
manifests/db/mysql/host_access.pp
manifests/db/mysql.pp
manifests/db.pp
manifests/engine.pp
manifests/init.pp
manifests/keystone/auth_cfn.pp
manifests/keystone/auth.pp
manifests/params.pp
Modulefile
Rakefile
README
README.md
spec/classes/heat_api_cfn_spec.rb
spec/classes/heat_api_cloudwatch_spec.rb
spec/classes/heat_api_spec.rb
spec/classes/heat_db_mysql_spec.rb
spec/classes/heat_engine_spec.rb
spec/classes/heat_init_spec.rb
spec/classes/heat_keystone_auth_cfn_spec.rb
spec/classes/heat_keystone_auth_spec.rb
spec/classes/heat_keystone_endpoint_spec.rb
spec/shared_examples.rb
spec/spec_helper.rb
