HACKING.rst
LICENSE
MANIFEST.in
oslo/__init__.py
oslo/sphinx/__init__.py
oslosphinx/__init__.py
oslo/sphinx/intersphinx.py
oslosphinx/intersphinx.py
oslo/sphinx/theme/openstack/layout.html
oslosphinx/theme/openstack/layout.html
oslo/sphinx/theme/openstack/static/basic.css
oslosphinx/theme/openstack/static/basic.css
oslo/sphinx/theme/openstack/static/default.css
oslosphinx/theme/openstack/static/default.css
oslo/sphinx/theme/openstack/static/header-line.gif
oslo/sphinx/theme/openstack/static/jquery.tweet.js
oslo/sphinx/theme/openstack/static/nature.css
oslosphinx/theme/openstack/static/nature.css
oslo/sphinx/theme/openstack/static/tweaks.css
oslosphinx/theme/openstack/static/tweaks.css
oslo/sphinx/theme/openstack/theme.conf
oslosphinx/theme/openstack/theme.conf
README.rst
requirements.txt
setup.cfg
setup.py
test-requirements.txt
tox.ini
