attributes/default.rb
Berksfile
Berksfile.lock
CHANGELOG.md
Gemfile
Gemfile.lock
LICENSE
metadata.rb
README.md
recipes/client.rb
recipes/mysql-client.rb
recipes/mysql-server.rb
recipes/openstack-db.rb
recipes/postgresql-client.rb
recipes/postgresql-server.rb
recipes/server.rb
.rubocop.yml
run_tests.bash
spec/client_spec.rb
spec/default_spec.rb
spec/mysql-client-opensuse_spec.rb
spec/mysql-client_spec.rb
spec/mysql-client-suse_spec.rb
spec/mysql-server-redhat_spec.rb
spec/mysql-server_spec.rb
spec/openstack-db_spec.rb
spec/postgresql-server_spec.rb
spec/server_spec.rb
spec/spec_helper.rb
Strainerfile
.tailor
templates/default/openstack.cnf.erb
TESTING.md
