ceilometer
cinder
cliff
devstack
devstack-gate
django_openstack_auth
generate-gitmodules
.gitmodules
glance
heat
horizon
keystone
neutron
nova
oslo.config
oslo.db
oslo.i18n
oslo-incubator
oslo.messaging
oslo.rootwrap
oslo.version
oslo.vmware
pbr
pycadf
python-ceilometerclient
python-cinderclient
python-glanceclient
python-heatclient
python-keystoneclient
python-neutronclient
python-novaclient
python-openstackclient
python-saharaclient
python-swiftclient
python-troveclient
README.rst
requirements
sahara
stevedore
swift
taskflow
tempest
trove
