config.yaml.sample
LICENSE.md
local_config.rb.sample
puppet/manifests/cleanup.pp
puppet/manifests/default.pp
puppet/modules/base/files/git_clone.sh
puppet/modules/base/manifests/init.pp
puppet/modules/devstack/files/compute.conf
puppet/modules/devstack/files/git_clone.sh
puppet/modules/devstack/files/local.sh
puppet/modules/devstack/files/manager.conf
puppet/modules/devstack/manifests/init.pp
puppet/modules/devstack/templates/local.erb
puppet/modules/grenade/manifests/init.pp
puppet/modules/user/files/stack_bashrc
puppet/modules/user/files/stack_sudoers
puppet/modules/user/manifests/create.pp
puppet/modules/user/manifests/stack.pp
puppet/modules/vcsrepo/CHANGELOG
puppet/modules/vcsrepo/examples/bzr/branch.pp
puppet/modules/vcsrepo/examples/bzr/init_repo.pp
puppet/modules/vcsrepo/examples/cvs/local.pp
puppet/modules/vcsrepo/examples/cvs/remote.pp
puppet/modules/vcsrepo/examples/git/bare_init.pp
puppet/modules/vcsrepo/examples/git/clone.pp
puppet/modules/vcsrepo/examples/git/working_copy_init.pp
puppet/modules/vcsrepo/examples/hg/clone.pp
puppet/modules/vcsrepo/examples/hg/init_repo.pp
puppet/modules/vcsrepo/examples/svn/checkout.pp
puppet/modules/vcsrepo/examples/svn/server.pp
puppet/modules/vcsrepo/Gemfile
puppet/modules/vcsrepo/Gemfile.lock
puppet/modules/vcsrepo/lib/puppet/provider/vcsrepo/bzr.rb
puppet/modules/vcsrepo/lib/puppet/provider/vcsrepo/cvs.rb
puppet/modules/vcsrepo/lib/puppet/provider/vcsrepo/dummy.rb
puppet/modules/vcsrepo/lib/puppet/provider/vcsrepo/git.rb
puppet/modules/vcsrepo/lib/puppet/provider/vcsrepo/hg.rb
puppet/modules/vcsrepo/lib/puppet/provider/vcsrepo.rb
puppet/modules/vcsrepo/lib/puppet/provider/vcsrepo/svn.rb
puppet/modules/vcsrepo/lib/puppet/type/vcsrepo.rb
puppet/modules/vcsrepo/LICENSE
puppet/modules/vcsrepo/metadata.json
puppet/modules/vcsrepo/Modulefile
puppet/modules/vcsrepo/Rakefile
puppet/modules/vcsrepo/spec/fixtures/bzr_version_info.txt
puppet/modules/vcsrepo/spec/fixtures/git_branch_a.txt
puppet/modules/vcsrepo/spec/fixtures/git_branch_feature_bar.txt
puppet/modules/vcsrepo/spec/fixtures/git_branch_none.txt
puppet/modules/vcsrepo/spec/fixtures/hg_parents.txt
puppet/modules/vcsrepo/spec/fixtures/hg_tags.txt
puppet/modules/vcsrepo/spec/fixtures/svn_info.txt
puppet/modules/vcsrepo/spec/spec_helper.rb
puppet/modules/vcsrepo/spec/spec.opts
puppet/modules/vcsrepo/spec/support/filesystem_helpers.rb
puppet/modules/vcsrepo/spec/support/fixture_helpers.rb
puppet/modules/vcsrepo/spec/unit/puppet/provider/vcsrepo/bzr_spec.rb
puppet/modules/vcsrepo/spec/unit/puppet/provider/vcsrepo/cvs_spec.rb
puppet/modules/vcsrepo/spec/unit/puppet/provider/vcsrepo/git_spec.rb
puppet/modules/vcsrepo/spec/unit/puppet/provider/vcsrepo/hg_spec.rb
puppet/modules/vcsrepo/spec/unit/puppet/provider/vcsrepo/svn_spec.rb
README.md
tools/vagrant_package.sh
Vagrantfile
