doc/source/conf.py
doc/source/index.rst
doc/source/specs
LICENSE
README.rst
requirements.txt
setup.cfg
setup.py
specs/juno/a10networks-lbaas-driver.rst
specs/juno/add-gbp-to-odl-driver.rst
specs/juno/add-ipset-to-security.rst
specs/juno/advanced-services-common-framework.rst
specs/juno/agent-child-processes-status.rst
specs/juno/apic-l3-service-plugin.rst
specs/juno/apic_ml2_driver_enhancements.rst
specs/juno/api-intercept-plugin.rst
specs/juno/arista-l3-service-plugin.rst
specs/juno/bgp-dynamic-routing.rst
specs/juno/brocade-l3-svi-service-plugin.rst
specs/juno/bsn-blended-l3-agent.rst
specs/juno/bsn-external-attachment-point.rst
specs/juno/bsn-gbp-driver.rst
specs/juno/bsn-l3-service-plugin.rst
specs/juno/bsn-ml2-bind-ivs.rst
specs/juno/bsn-ml2-ext-attach.rst
specs/juno/bsn-module-cleanup.rst
specs/juno/bsn-ovs-agent.rst
specs/juno/bsn-provider-net.rst
specs/juno/bulk-get-device-details.rst
specs/juno/cisco-config-agent.rst
specs/juno/cisco-dfa-mechanismdriver.rst
specs/juno/cisco-n1kv-full-sync.rst
specs/juno/cisco-n1kv-json-support.rst
specs/juno/cisco-network-profile-multi-tenants-support.rst
specs/juno/cisco-policy-profile-visibility.rst
specs/juno/cisco-routing-service-vm.rst
specs/juno/cisco-vpnaas-with-cisco-csr-router.rst
specs/juno/db-migration-refactoring.rst
specs/juno/dhcp-host-routes-and-dns-support-for-nuage-plugin.rst
specs/juno/example.rst
specs/juno/extraroute-ext-support-for-nuage-plugin.rst
specs/juno/faster-list-responses.rst
specs/juno/floatingip-ext-for-nuage-plugin.rst
specs/juno/floating-ip-extra-route.rst
specs/juno/freescale-fwaas-plugin.rst
specs/juno/fsl-sdn-os-mech-driver.rst
specs/juno/fwaas-cisco.rst
specs/juno/gbp-oc-nvsd-driver.rst
specs/juno/gp-sdn-ve.rst
specs/juno/group-based-policy-abstraction.rst
specs/juno/group-policy-apic-driver.rst
specs/juno/huawei-ml2-mechanism-driver.rst
specs/juno/ipv6-dnsmasq-dhcpv6-stateless-stateful.rst
specs/juno/ipv6-provider-nets-slaac.rst
specs/juno/ipv6-radvd-ra.rst
specs/juno/keystone-v3-api-support.rst
specs/juno/l3-agent-responsiveness.rst
specs/juno/l3-high-availability.rst
specs/juno/l3-metering-mgnt-ext.rst
specs/juno/l3-svcs-vendor-validation.rst
specs/juno/lbaas-api-and-objmodel-improvement.rst
specs/juno/lbaas-l7-rules.rst
specs/juno/lbaas-objmodel-driver-changes.rst
specs/juno/lbaas-refactor-haproxy-namespace-driver-to-new-driver-interface.rst
specs/juno/lbaas-ref-driver-impl-tls.rst
specs/juno/lbaas-tls.rst
specs/juno/midonet-plugin-update.rst
specs/juno/midonet-support-quotas-ext.rst
specs/juno/ml2-cisco-apic-mech-driver.rst
specs/juno/ml2-dell-afc-mech-driver.rst
specs/juno/ml2-hierarchical-port-binding.rst
specs/juno/ml2-hp-mech-driver.rst
specs/juno/ml2-ibm-sdnve-mechanism-driver.rst
specs/juno/ml2-n1kv-mechanism-driver.rst
specs/juno/ml2-sriov-nic-switch.rst
specs/juno/ml2-type-driver-refactor.rst
specs/juno/ml2-ucs-manager-mechanism-driver.rst
specs/juno/netscaler-lbaas-v2-driver.rst
specs/juno/neutron-dvr-fwaas.rst
specs/juno/neutron-external-attachment-points.rst
specs/juno/neutron-ml2-mechanismdriver-extensions.rst
specs/juno/neutron-ovs-agent-df-gre-vxlan.rst
specs/juno/neutron-ovs-dvr.rst
specs/juno/nuage-group-policy-driver.rst
specs/juno/nuage-ml2-mechanism-driver.rst
specs/juno/nuage-neutron-sync.rst
specs/juno/ofagent-l2pop.rst
specs/juno/ofagent-merge-bridges.rst
specs/juno/ofagent-physical-interface-mappings.rst
specs/juno/ofagent-port-monitor.rst
specs/juno/opencontrail-plugin.rst
specs/juno/oslo-messaging.rst
specs/juno/ovs-neutron-agent-vdp.rst
specs/juno/plumgrid-ml2-driver.rst
specs/juno/plumgrid-plugin-extraroute-extension.rst
specs/juno/plumgrid-plugin-security-groups.rst
specs/juno/providernet-ext-support-for-nuage-plugin.rst
specs/juno/provider-network-partial-specs.rst
specs/juno/radware-lbaas-driver.rst
specs/juno/remove-openvswitch-version-check.rst
specs/juno/remove-unit-test-autodeletion.rst
specs/juno/reorganize_migrations.rst
specs/juno/retargetable-functional-testing.rst
specs/juno/route-order.rst
specs/juno/securitygroup-ext-for-nuage-plugin.rst
specs/juno/security_group_for_network.rst
specs/juno/security-group-rules-for-devices-rpc-call-refactoring.rst
specs/juno/service-base-and-insertion.rst
specs/juno/service-chaining.rst
specs/juno/service-group.rst
specs/juno/snabb-nfv-mech-driver.rst
specs/juno/specify-router-ext-ip.rst
specs/juno/sslvpn.rst
specs/juno/tenant-delete.rst
specs/juno/vsctl-to-ovsdb.rst
specs/juno/vyatta_l3_plugin.rst
specs/skeleton.rst
specs/template.rst
.testr.conf
tests/__init__.py
tests/test_titles.py
tox.ini
