.coveragerc
dev-requirements.txt
docs/adapter.rst
docs/api/modules.rst
docs/api/requests_mock.rst
docs/conf.py
docs/contrib.rst
docs/fixture.rst
docs/index.rst
docs/loading.rst
docs/make.bat
docs/matching.rst
docs/mocker.rst
docs/overview.rst
docs/readme.rst
LICENSE
MANIFEST.in
README.rst
requests_mock/adapter.py
requests_mock/compat.py
requests_mock/contrib/fixture.py
requests_mock/contrib/__init__.py
requests_mock/exceptions.py
requests_mock/fixture.py
requests_mock/__init__.py
requests_mock/mocker.py
requests_mock/mock.py
requests_mock/response.py
requests_mock/tests/base.py
requests_mock/tests/__init__.py
requests_mock/tests/test_adapter.py
requests_mock/tests/test_custom_matchers.py
requests_mock/tests/test_fixture.py
requests_mock/tests/test_matcher.py
requests_mock/tests/test_mocker.py
requests_mock/tests/test_mocking.py
requests_mock/tests/test_response.py
requirements.txt
rtfd-requirements.txt
setup.cfg
setup.py
.testr.conf
test-requirements.txt
tox.ini
.travis.yml
