bin/designate-agent
bin/designate-api
bin/designate-central
bin/designate-manage
bin/designate-rootwrap
bin/designate-rpc-zmq-receiver
bin/designate-sink
bin/moniker-agent
bin/moniker-agent-bind9
bin/moniker-api
bin/moniker-central
bin/moniker-manage
bin/moniker-rootwrap
bin/moniker-sink
contrib/designate-ext-samplehandler/designate_ext_samplehandler/__init__.py
contrib/designate-ext-samplehandler/designate_ext_samplehandler/notification_handler/__init__.py
contrib/designate-ext-samplehandler/designate_ext_samplehandler/notification_handler/sample.py
contrib/designate-ext-samplehandler/designate_ext_samplehandler/version.py
contrib/designate-ext-samplehandler/MANIFEST.in
contrib/designate-ext-samplehandler/requirements.txt
contrib/designate-ext-samplehandler/setup.cfg
contrib/designate-ext-samplehandler/setup.py
contrib/designate-ext-samplehandler/test-requirements.txt
contrib/devstack/exercises/designate.sh
contrib/devstack/extras.d/70-designate.sh
contrib/devstack/gate_hook.sh
contrib/devstack/install.sh
contrib/devstack/lib/designate
contrib/devstack/lib/designate_plugins/backend-bind9
contrib/devstack/lib/designate_plugins/backend-fake
contrib/devstack/lib/designate_plugins/backend-ipa
contrib/devstack/lib/designate_plugins/backend-powerdns
contrib/devstack/localrc
contrib/devstack/post_test_hook.sh
contrib/devstack/pre_test_hook.sh
contrib/devstack/Vagrantfile
contrib/dns_dump_dnspy.py
contrib/dns_dump_server.py
contrib/ipaextractor.py
contrib/tempest/clients.py
contrib/tempest/config.py
contrib/tempest/dns_clients/__init__.py
contrib/tempest/dns_clients/json/domains_client.py
contrib/tempest/dns_clients/json/__init__.py
contrib/tempest/dns_clients/json/records_client.py
contrib/tempest/dns_clients/json/server_client.py
contrib/tempest/dns_schema/domains.py
contrib/tempest/dns_schema/__init__.py
contrib/tempest/dns_schema/parameter_types.py
contrib/tempest/dns_schema/records.py
contrib/tempest/dns_schema/servers.py
contrib/tempest/dns_tests/admin/__init__.py
contrib/tempest/dns_tests/admin/test_servers.py
contrib/tempest/dns_tests/base.py
contrib/tempest/dns_tests/__init__.py
contrib/tempest/dns_tests/test_domains.py
contrib/tempest/dns_tests/test_records.py
contrib/tempest/tempest.conf.sample
contrib/zoneextractor.py
designate/agent/__init__.py
designate/agent/rpcapi.py
designate/agent/service.py
designate/api/auth.py
designate/api/__init__.py
designate/api/middleware.py
designate/api/service.py
designate/api/v1/domains.py
designate/api/v1/extensions/diagnostics.py
designate/api/v1/extensions/__init__.py
designate/api/v1/extensions/quotas.py
designate/api/v1/extensions/reports.py
designate/api/v1/extensions/sync.py
designate/api/v1/extensions/touch.py
designate/api/v1/__init__.py
designate/api/v1/limits.py
designate/api/v1/records.py
designate/api/v1/servers.py
designate/api/v1/tsigkeys.py
designate/api/v2/app.py
designate/api/v2/controllers/blacklists.py
designate/api/v2/controllers/errors.py
designate/api/v2/controllers/extensions/counts.py
designate/api/v2/controllers/extensions/__init__.py
designate/api/v2/controllers/extensions/quotas.py
designate/api/v2/controllers/extensions/reports.py
designate/api/v2/controllers/extensions/tenants.py
designate/api/v2/controllers/floatingips.py
designate/api/v2/controllers/__init__.py
designate/api/v2/controllers/limits.py
designate/api/v2/controllers/nameservers.py
designate/api/v2/controllers/recordsets.py
designate/api/v2/controllers/records.py
designate/api/v2/controllers/rest.py
designate/api/v2/controllers/reverse.py
designate/api/v2/controllers/root.py
designate/api/v2/controllers/schemas.py
designate/api/v2/controllers/tlds.py
designate/api/v2/controllers/zones.py
designate/api/v2/__init__.py
designate/api/v2/patches.py
designate/api/v2/views/base.py
designate/api/v2/views/blacklists.py
designate/api/v2/views/extensions/__init__.py
designate/api/v2/views/extensions/quotas.py
designate/api/v2/views/extensions/reports.py
designate/api/v2/views/floatingips.py
designate/api/v2/views/__init__.py
designate/api/v2/views/limits.py
designate/api/v2/views/nameservers.py
designate/api/v2/views/recordsets.py
designate/api/v2/views/records.py
designate/api/v2/views/tlds.py
designate/api/v2/views/zones.py
designate/api/versions.py
designate/backend/base.py
designate/backend/impl_bind9.py
designate/backend/impl_dnsmasq.py
designate/backend/impl_dynect.py
designate/backend/impl_fake.py
designate/backend/impl_ipa/auth.py
designate/backend/impl_ipa/__init__.py
designate/backend/impl_multi.py
designate/backend/impl_mysqlbind9.py
designate/backend/impl_nsd4slave.py
designate/backend/impl_powerdns/__init__.py
designate/backend/impl_powerdns/migrate_repo/__init__.py
designate/backend/impl_powerdns/migrate_repo/manage.py
designate/backend/impl_powerdns/migrate_repo/migrate.cfg
designate/backend/impl_powerdns/migrate_repo/versions/001_add_initial_schema.py
designate/backend/impl_powerdns/migrate_repo/versions/002_add_moniker_id_cols.py
designate/backend/impl_powerdns/migrate_repo/versions/003_correct_master_column_length.py
designate/backend/impl_powerdns/migrate_repo/versions/004_correct_content_column_length.py
designate/backend/impl_powerdns/migrate_repo/versions/005_rename_moniker_id_columns.py
designate/backend/impl_powerdns/migrate_repo/versions/006_add_inherit_ttl_col.py
designate/backend/impl_powerdns/migrate_repo/versions/007_add_recordset_id_col.py
designate/backend/impl_powerdns/migrate_repo/versions/__init__.py
designate/backend/impl_powerdns/models.py
designate/backend/impl_rpc.py
designate/backend/__init__.py
designate/central/effectivetld.py
designate/central/__init__.py
designate/central/rpcapi.py
designate/central/service.py
designate/cmd/agent.py
designate/cmd/api.py
designate/cmd/central.py
designate/cmd/__init__.py
designate/cmd/manage.py
designate/cmd/mdns.py
designate/cmd/sink.py
designate/context.py
designate/debug.py
designate/exceptions.py
designate/hacking/checks.py
designate/hacking/__init__.py
designate/i18n.py
designate/__init__.py
designate/manage/base.py
designate/manage/database.py
designate/manage/__init__.py
designate/manage/powerdns.py
designate/manage/tlds.py
designate/mdns/handler.py
designate/mdns/__init__.py
designate/mdns/notify.py
designate/mdns/rpcapi.py
designate/mdns/service.py
designate/network_api/base.py
designate/network_api/fake.py
designate/network_api/__init__.py
designate/network_api/neutron.py
designate/notification_handler/base.py
designate/notification_handler/__init__.py
designate/notification_handler/neutron.py
designate/notification_handler/nova.py
designate/notification_handler/quantum.py
designate/notifications.py
designate/notifier.py
designate/objects/base.py
designate/objects/blacklist.py
designate/objects/domain.py
designate/objects/__init__.py
designate/objects/quota.py
designate/objects/record.py
designate/objects/recordset.py
designate/objects/rrdata_aaaa.py
designate/objects/rrdata_a.py
designate/objects/rrdata_cname.py
designate/objects/rrdata_mx.py
designate/objects/rrdata_ns.py
designate/objects/rrdata_ptr.py
designate/objects/rrdata_soa.py
designate/objects/rrdata_spf.py
designate/objects/rrdata_srv.py
designate/objects/rrdata_sshfp.py
designate/objects/rrdata_txt.py
designate/objects/server.py
designate/objects/tenant.py
designate/objects/tld.py
designate/objects/tsigkey.py
designate/openstack/common/cfg.py
designate/openstack/common/context.py
designate/openstack/common/db/api.py
designate/openstack/common/db/exception.py
designate/openstack/common/db/__init__.py
designate/openstack/common/db/options.py
designate/openstack/common/db/sqlalchemy/__init__.py
designate/openstack/common/db/sqlalchemy/migration.py
designate/openstack/common/db/sqlalchemy/models.py
designate/openstack/common/db/sqlalchemy/provision.py
designate/openstack/common/db/sqlalchemy/session.py
designate/openstack/common/db/sqlalchemy/test_base.py
designate/openstack/common/db/sqlalchemy/test_migrations.py
designate/openstack/common/db/sqlalchemy/utils.py
designate/openstack/common/eventlet_backdoor.py
designate/openstack/common/exception.py
designate/openstack/common/excutils.py
designate/openstack/common/fileutils.py
designate/openstack/common/fixture/config.py
designate/openstack/common/fixture/__init__.py
designate/openstack/common/fixture/lockutils.py
designate/openstack/common/fixture/logging.py
designate/openstack/common/fixture/mockpatch.py
designate/openstack/common/fixture/moxstubout.py
designate/openstack/common/gettextutils.py
designate/openstack/common/importutils.py
designate/openstack/common/iniparser.py
designate/openstack/common/__init__.py
designate/openstack/common/jsonutils.py
designate/openstack/common/local.py
designate/openstack/common/lockutils.py
designate/openstack/common/log.py
designate/openstack/common/loopingcall.py
designate/openstack/common/middleware/base.py
designate/openstack/common/middleware/__init__.py
designate/openstack/common/middleware/request_id.py
designate/openstack/common/network_utils.py
designate/openstack/common/notifier/api.py
designate/openstack/common/notifier/__init__.py
designate/openstack/common/notifier/log_notifier.py
designate/openstack/common/notifier/no_op_notifier.py
designate/openstack/common/notifier/proxy.py
designate/openstack/common/notifier/rabbit_notifier.py
designate/openstack/common/notifier/rpc_notifier2.py
designate/openstack/common/notifier/rpc_notifier.py
designate/openstack/common/notifier/test_notifier.py
designate/openstack/common/periodic_task.py
designate/openstack/common/policy.py
designate/openstack/common/processutils.py
designate/openstack/common/py3kcompat/__init__.py
designate/openstack/common/py3kcompat/urlutils.py
designate/openstack/common/rootwrap/cmd.py
designate/openstack/common/rootwrap/filters.py
designate/openstack/common/rootwrap/__init__.py
designate/openstack/common/rootwrap/wrapper.py
designate/openstack/common/rpc/amqp.py
designate/openstack/common/rpc/common.py
designate/openstack/common/rpc/dispatcher.py
designate/openstack/common/rpc/impl_fake.py
designate/openstack/common/rpc/impl_kombu.py
designate/openstack/common/rpc/impl_qpid.py
designate/openstack/common/rpc/impl_zmq.py
designate/openstack/common/rpc/__init__.py
designate/openstack/common/rpc/matchmaker.py
designate/openstack/common/rpc/matchmaker_redis.py
designate/openstack/common/rpc/matchmaker_ring.py
designate/openstack/common/rpc/proxy.py
designate/openstack/common/rpc/serializer.py
designate/openstack/common/rpc/service.py
designate/openstack/common/rpc/zmq_receiver.py
designate/openstack/common/service.py
designate/openstack/common/sslutils.py
designate/openstack/common/strutils.py
designate/openstack/common/systemd.py
designate/openstack/common/test.py
designate/openstack/common/threadgroup.py
designate/openstack/common/timeutils.py
designate/openstack/common/uuidutils.py
designate/openstack/common/versionutils.py
designate/openstack/common/wsgi.py
designate/openstack/common/xmlutils.py
designate/openstack/deprecated/exception.py
designate/openstack/deprecated/__init__.py
designate/openstack/deprecated/wsgi.py
designate/openstack/__init__.py
designate/plugin.py
designate/policy.py
designate/quota/base.py
designate/quota/impl_config.py
designate/quota/impl_noop.py
designate/quota/impl_storage.py
designate/quota/__init__.py
designate/resources/schemas/v1/domain.json
designate/resources/schemas/v1/domains.json
designate/resources/schemas/v1/fault.json
designate/resources/schemas/v1/limits.json
designate/resources/schemas/v1/record.json
designate/resources/schemas/v1/records.json
designate/resources/schemas/v1/server.json
designate/resources/schemas/v1/servers.json
designate/resources/schemas/v1/tsigkey.json
designate/resources/schemas/v1/tsigkeys.json
designate/resources/schemas/v2/blacklist.json
designate/resources/schemas/v2/blacklists.json
designate/resources/schemas/v2/floatingip.json
designate/resources/schemas/v2/floatingips.json
designate/resources/schemas/v2/limits.json
designate/resources/schemas/v2/quota.json
designate/resources/schemas/v2/rdata/aaaa.json
designate/resources/schemas/v2/rdata/a.json
designate/resources/schemas/v2/rdata/cname.json
designate/resources/schemas/v2/rdata/mx.json
designate/resources/schemas/v2/rdata/ns.json
designate/resources/schemas/v2/rdata/ptr.json
designate/resources/schemas/v2/rdata/soa.json
designate/resources/schemas/v2/rdata/spf.json
designate/resources/schemas/v2/rdata/srv.json
designate/resources/schemas/v2/rdata/sshfp.json
designate/resources/schemas/v2/rdata/txt.json
designate/resources/schemas/v2/record.json
designate/resources/schemas/v2/recordset.json
designate/resources/schemas/v2/recordsets.json
designate/resources/schemas/v2/records.json
designate/resources/schemas/v2/tld.json
designate/resources/schemas/v2/tlds.json
designate/resources/schemas/v2/zone.json
designate/resources/schemas/v2/zones.json
designate/resources/templates/bind9-config.jinja2
designate/resources/templates/bind9-zone.jinja2
designate/resources/templates/dnsmasq-zone.jinja2
designate/resources/templates/mysql-bind9-config.jinja2
designate/rpc.py
designate/schema/format.py
designate/schema/__init__.py
designate/schema.py
designate/schema/resolvers.py
designate/schema/_validators.py
designate/schema/validators.py
designate/service.py
designate/sink/__init__.py
designate/sink/service.py
designate/sqlalchemy/expressions.py
designate/sqlalchemy/__init__.py
designate/sqlalchemy/models.py
designate/sqlalchemy/session.py
designate/sqlalchemy/types.py
designate/sqlalchemy/utils.py
designate/storage/api.py
designate/storage/base.py
designate/storage/impl_sqlalchemy/__init__.py
designate/storage/impl_sqlalchemy/migrate_repo/__init__.py
designate/storage/impl_sqlalchemy/migrate_repo/manage.py
designate/storage/impl_sqlalchemy/migrate_repo/migrate.cfg
designate/storage/impl_sqlalchemy/migrate_repo/utils.py
designate/storage/impl_sqlalchemy/migrate_repo/versions/001_add_moniker_schema.py
designate/storage/impl_sqlalchemy/migrate_repo/versions/002_add_managed_col_for_records.py
designate/storage/impl_sqlalchemy/migrate_repo/versions/003_add_delete_on_cascade.py
designate/storage/impl_sqlalchemy/migrate_repo/versions/004_changed_managed_cols_for_records.py
designate/storage/impl_sqlalchemy/migrate_repo/versions/005_records_allow_null_ttl.py
designate/storage/impl_sqlalchemy/migrate_repo/versions/006_support_ptr_records.py
designate/storage/impl_sqlalchemy/migrate_repo/versions/007_add_parent_domain_id_col.py
designate/storage/impl_sqlalchemy/migrate_repo/versions/008_support_spf_records.py
designate/storage/impl_sqlalchemy/migrate_repo/versions/009_add_tsigkeys_table.py
designate/storage/impl_sqlalchemy/migrate_repo/versions/010_drop_server_ip_cols.py
designate/storage/impl_sqlalchemy/migrate_repo/versions/011_support_sshfp_records.py
designate/storage/impl_sqlalchemy/migrate_repo/versions/012_add_serial_col.py
designate/storage/impl_sqlalchemy/migrate_repo/versions/013_expand_email_column.py
designate/storage/impl_sqlalchemy/migrate_repo/versions/014_add_quotas_table.py
designate/storage/impl_sqlalchemy/migrate_repo/versions/015_add_unique_record_constraint.py
designate/storage/impl_sqlalchemy/migrate_repo/versions/016_add_deleted_columns.py
designate/storage/impl_sqlalchemy/migrate_repo/versions/017_drop_unique_domain_name_index.py
designate/storage/impl_sqlalchemy/migrate_repo/versions/018_add_back_unique_name_deleted_sqlite.py
designate/storage/impl_sqlalchemy/migrate_repo/versions/019_fix_deleted_column.py
designate/storage/impl_sqlalchemy/migrate_repo/versions/020_add_description_domains_records.py
designate/storage/impl_sqlalchemy/migrate_repo/versions/021_convert_to_innodb_utf8.py
designate/storage/impl_sqlalchemy/migrate_repo/versions/022_add_domain_status.py
designate/storage/impl_sqlalchemy/migrate_repo/versions/023_placeholder.py
designate/storage/impl_sqlalchemy/migrate_repo/versions/024_placeholder.py
designate/storage/impl_sqlalchemy/migrate_repo/versions/025_placeholder.py
designate/storage/impl_sqlalchemy/migrate_repo/versions/026_placeholder.py
designate/storage/impl_sqlalchemy/migrate_repo/versions/027_placeholder.py
designate/storage/impl_sqlalchemy/migrate_repo/versions/028_placeholder.py
designate/storage/impl_sqlalchemy/migrate_repo/versions/029_placeholder.py
designate/storage/impl_sqlalchemy/migrate_repo/versions/030_placeholder.py
designate/storage/impl_sqlalchemy/migrate_repo/versions/031_placeholder.py
designate/storage/impl_sqlalchemy/migrate_repo/versions/032_placeholder.py
designate/storage/impl_sqlalchemy/migrate_repo/versions/033_add_record_tenant_id.py
designate/storage/impl_sqlalchemy/migrate_repo/versions/034_add_recordsets_table.py
designate/storage/impl_sqlalchemy/migrate_repo/versions/035_add_unique_record_sqlite.py
designate/storage/impl_sqlalchemy/migrate_repo/versions/036_add_managed_tenant_and_region_and_extra.py
designate/storage/impl_sqlalchemy/migrate_repo/versions/037_add_tlds_table.py
designate/storage/impl_sqlalchemy/migrate_repo/versions/038_add_blacklists_table.py
designate/storage/impl_sqlalchemy/migrate_repo/versions/__init__.py
designate/storage/impl_sqlalchemy/models.py
designate/storage/impl_sqlalchemy/tables.py
designate/storage/__init__.py
designate.sublime-project
designate/tests/example.com.zone
designate/tests/__init__.py
designate/tests/malformed_example.com.zone
designate/tests/noorigin_example.com.zone
designate/tests/nosoa_example.com.zone
designate/tests/patches.py
designate/tests/resources/__init__.py
designate/tests/resources/sample_notifications/neutron/floatingip.delete.start.json
designate/tests/resources/sample_notifications/neutron/floatingip.update.end_associate.json
designate/tests/resources/sample_notifications/neutron/floatingip.update.end_disassociate.json
designate/tests/resources/sample_notifications/neutron/port.create.end.json
designate/tests/resources/sample_notifications/neutron/port.create.start.josn
designate/tests/resources/sample_notifications/neutron/port.delete.end.json
designate/tests/resources/sample_notifications/neutron/port.delete.start.json
designate/tests/resources/sample_notifications/nova/compute.instance.create.end.json
designate/tests/resources/sample_notifications/nova/compute.instance.create.start.json
designate/tests/resources/sample_notifications/nova/compute.instance.delete.start.json
designate/tests/resources/sample_notifications/nova/compute.instance.shutdown.end.json
designate/tests/resources/sample_notifications/nova/compute.instance.shutdown.start.json
designate/tests/resources/sample_notifications/nova/network.floating_ip.allocate.json
designate/tests/resources/sample_notifications/nova/network.floating_ip.associate.json
designate/tests/resources/sample_notifications/nova/network.floating_ip.deallocate.json
designate/tests/resources/sample_notifications/nova/network.floating_ip.disassociate.json
designate/tests/resources/sample_notifications/nova/scheduler.run_instance.end.json
designate/tests/resources/sample_notifications/nova/scheduler.run_instance.scheduled.json
designate/tests/resources/sample_notifications/nova/scheduler.run_instance.start.json
designate/tests/resources/ssl/nsd_control.key
designate/tests/resources/ssl/nsd_control.pem
designate/tests/resources/ssl/nsd_server.key
designate/tests/resources/ssl/nsd_server.pem
designate/tests/resources/zonefiles/example.com.zone
designate/tests/resources/zonefiles/malformed_example.com.zone
designate/tests/resources/zonefiles/noorigin_example.com.zone
designate/tests/resources/zonefiles/nosoa_example.com.zone
designate/tests/sample_notifications/neutron/floatingip.update.end_associate.json
designate/tests/sample_notifications/neutron/floatingip.update.end_disassociate.json
designate/tests/sample_notifications/neutron/port.create.end.json
designate/tests/sample_notifications/neutron/port.create.start.josn
designate/tests/sample_notifications/neutron/port.delete.end.json
designate/tests/sample_notifications/neutron/port.delete.start.json
designate/tests/sample_notifications/nova/compute.instance.create.end.json
designate/tests/sample_notifications/nova/compute.instance.create.start.json
designate/tests/sample_notifications/nova/compute.instance.delete.start.json
designate/tests/sample_notifications/nova/compute.instance.shutdown.end.json
designate/tests/sample_notifications/nova/compute.instance.shutdown.start.json
designate/tests/sample_notifications/nova/network.floating_ip.allocate.json
designate/tests/sample_notifications/nova/network.floating_ip.associate.json
designate/tests/sample_notifications/nova/network.floating_ip.deallocate.json
designate/tests/sample_notifications/nova/network.floating_ip.disassociate.json
designate/tests/sample_notifications/nova/scheduler.run_instance.end.json
designate/tests/sample_notifications/nova/scheduler.run_instance.scheduled.json
designate/tests/sample_notifications/nova/scheduler.run_instance.start.json
designate/tests/sample_notifications/quantum/floatingip.update.end_associate.json
designate/tests/sample_notifications/quantum/floatingip.update.end_disassociate.json
designate/tests/sample_notifications/quantum/port.create.end.json
designate/tests/sample_notifications/quantum/port.create.start.josn
designate/tests/sample_notifications/quantum/port.delete.end.json
designate/tests/sample_notifications/quantum/port.delete.start.json
designate/tests/test_agent/__init__.py
designate/tests/test_agent/test_service.py
designate/tests/test_api/__init__.py
designate/tests/test_api/test_auth.py
designate/tests/test_api/test_middleware.py
designate/tests/test_api/test_service.py
designate/tests/test_api/test_v1/__init__.py
designate/tests/test_api/test_v1/test_domains.py
designate/tests/test_api/test_v1/test_records.py
designate/tests/test_api/test_v1/test_servers.py
designate/tests/test_api/test_v2/extensions/__init__.py
designate/tests/test_api/test_v2/extensions/test_quotas.py
designate/tests/test_api/test_v2/__init__.py
designate/tests/test_api/test_v2/test_blacklists.py
designate/tests/test_api/test_v2/test_floatingips.py
designate/tests/test_api/test_v2/test_limits.py
designate/tests/test_api/test_v2/test_nameservers.py
designate/tests/test_api/test_v2/test_recordsets.py
designate/tests/test_api/test_v2/test_records.py
designate/tests/test_api/test_v2/test_tlds.py
designate/tests/test_api/test_v2/test_zones.py
designate/tests/test_backend/__init__.py
designate/tests/test_backend/nsd_control.key
designate/tests/test_backend/nsd_control.pem
designate/tests/test_backend/nsd_server.key
designate/tests/test_backend/nsd_server.pem
designate/tests/test_backend/test_backends.py
designate/tests/test_backend/test_bind9.py
designate/tests/test_backend/test_dnsmasq.py
designate/tests/test_backend/test_fake.py
designate/tests/test_backend/test_ipa.py
designate/tests/test_backend/test_multi.py
designate/tests/test_backend/test_mysqlbind9.py
designate/tests/test_backend/test_nsd4slave.py
designate/tests/test_backend/test_powerdns.py
designate/tests/test_central/__init__.py
designate/tests/test_central/_test_service_ipa.py
designate/tests/test_central/test_service.py
designate/tests/test_context.py
designate/tests/test_mdns/__init__.py
designate/tests/test_mdns/test_handler.py
designate/tests/test_mdns/test_notify.py
designate/tests/test_mdns/test_service.py
designate/tests/test_network_api/__init__.py
designate/tests/test_network_api/test_neutron.py
designate/tests/test_notification_handler/__init__.py
designate/tests/test_notification_handler/test_neutron.py
designate/tests/test_notification_handler/test_nova.py
designate/tests/test_notification_handler/test_quantum.py
designate/tests/test_objects/__init__.py
designate/tests/test_objects/test_base.py
designate/tests/test_quota/__init__.py
designate/tests/test_quota/test_config.py
designate/tests/test_quota/test_noop.py
designate/tests/test_quota/test_quota.py
designate/tests/test_quota/test_storage.py
designate/tests/test_resources/__init__.py
designate/tests/test_resources/test_schemas/__init__.py
designate/tests/test_resources/test_schemas/test_v2.py
designate/tests/test_schema/__init__.py
designate/tests/test_schema.py
designate/tests/test_schema/test_format.py
designate/tests/test_sink/__init__.py
designate/tests/test_sink/test_service.py
designate/tests/test_storage/__init__.py
designate/tests/test_storage/test_api.py
designate/tests/test_storage/test_sqlalchemy.py
designate/tests/test_utils.py
designate/utils.py
designate/version.py
designate/wsgi.py
doc/examples/basic-config-sample.conf
doc/requirements.txt
doc/source/architecture.rst
doc/source/backends/bind9.rst
doc/source/backends/powerdns.rst
doc/source/backends.rst
doc/source/configuration.rst
doc/source/conf.py
doc/source/devstack.rst
doc/source/diagrams/Designate-MultiZone.shapes
doc/source/diagrams/Designate-PowerDNS-Detail.shapes
doc/source/diagrams/Designate-Simple.shapes
doc/source/examples/basic-config-sample.conf
doc/source/examples/config-mysql-pdns.conf
doc/source/getting-involved.rst
doc/source/getting-started.rst
doc/source/gettingstarted.rst
doc/source/glossary.rst
doc/source/index.rst
doc/source/install.rst
doc/source/install/ubuntu.rst
doc/source/integrations.rst
doc/source/production-architecture.rst
doc/source/related.rst
doc/source/rest/domains.rst
doc/source/rest/general.rst
doc/source/rest/records.rst
doc/source/rest.rst
doc/source/rest/servers.rst
doc/source/rest/v1/domains.rst
doc/source/rest/v1/records.rst
doc/source/rest/v1/servers.rst
doc/source/rest/v2/blacklists.rst
doc/source/rest/v2/collections.rst
doc/source/rest/v2/quotas.rst
doc/source/rest/v2/tlds.rst
doc/source/rest/v2/zones.rst
etc/designate/api-paste.ini
etc/designate/api-paste.ini.sample
etc/designate/designate.conf.sample
etc/designate/effective_tld_names.dat.sample
etc/designate/policy.json
etc/designate/rootwrap.conf.sample
etc/designate/rootwrap.d/bind9.filters
etc/designate/tlds-alpha-by-domain.txt.sample
etc/moniker-agent-bind9.conf
etc/moniker-agent-bind9.conf.sample
etc/moniker-agent.conf.sample
etc/moniker-api.conf
etc/moniker-api.conf.sample
etc/moniker-api-paste.ini.sample
etc/moniker/api-paste.ini.sample
etc/moniker-central.conf
etc/moniker-central.conf.sample
etc/moniker.conf.sample
etc/moniker/moniker-api-paste.ini.sample
etc/moniker/moniker.conf.sample
etc/moniker/policy.json
etc/moniker/rootwrap.conf
etc/moniker/rootwrap.d/bind9.filters
etc/policy.json
etc/rootwrap.conf
etc/rootwrap.d/bind9.filters
ipa-requirements.txt
LICENSE
MANIFEST.in
moniker/agent/api.py
moniker/agent/bind9.py
moniker/agent/__init__.py
moniker/agent/rpcapi.py
moniker/agent/service.py
moniker/api/app.py
moniker/api/auth.py
moniker/api/debug.py
moniker/api/diagnostics.py
moniker/api/__init__.py
moniker/api/service.py
moniker/api/v1/diagnostics.py
moniker/api/v1/domains.py
moniker/api/v1/extensions/diagnostics.py
moniker/api/v1/extensions/__init__.py
moniker/api/v1/extensions/reports.py
moniker/api/v1/extensions/sync.py
moniker/api/v1/__init__.py
moniker/api/v1/limits.py
moniker/api/v1.py
moniker/api/v1/records.py
moniker/api/v1/schemas.py
moniker/api/v1/servers.py
moniker/api/v1/sync.py
moniker/api/v1/tsigkeys.py
moniker/api/versions.py
moniker/backend/base.py
moniker/backend/impl_bind9.py
moniker/backend/impl_dnsmasq.py
moniker/backend/impl_fake.py
moniker/backend/impl_mysqlbind9.py
moniker/backend/impl_powerdns/__init__.py
moniker/backend/impl_powerdns/migrate_repo/__init__.py
moniker/backend/impl_powerdns/migrate_repo/manage.py
moniker/backend/impl_powerdns/migrate_repo/migrate.cfg
moniker/backend/impl_powerdns/migrate_repo/versions/001_add_initial_schema.py
moniker/backend/impl_powerdns/migrate_repo/versions/002_add_moniker_id_cols.py
moniker/backend/impl_powerdns/migrate_repo/versions/003_correct_master_column_length.py
moniker/backend/impl_powerdns/migrate_repo/versions/004_correct_content_column_length.py
moniker/backend/impl_powerdns/migrate_repo/versions/__init__.py
moniker/backend/impl_powerdns/models.py
moniker/backend/impl_powerdns.py
moniker/backend/impl_rpc.py
moniker/backend/__init__.py
moniker/central/api.py
moniker/central/__init__.py
moniker/central/manager.py
moniker/central/rpcapi.py
moniker/central/service.py
moniker/cli/database.py
moniker/cli/__init__.py
moniker/cli/utils.py
moniker/context.py
moniker/database/__init__.py
moniker/database/sqlalchemy/__init__.py
moniker/database/sqlalchemy/manage.py
moniker/database/sqlalchemy/migrate_repo/__init__.py
moniker/database/sqlalchemy/migrate_repo/manage.py
moniker/database/sqlalchemy/migrate_repo/migrate.cfg
moniker/database/sqlalchemy/migrate_repo/schema.py
moniker/database/sqlalchemy/migrate_repo/versions/001_add_moniker_schema.py
moniker/database/sqlalchemy/migrate_repo/versions/__init__.py
moniker/database/sqlalchemy/models.py
moniker/database/sqlalchemy/session.py
moniker/database/sqlalchemy/types.py
moniker/database/sqlalchemy/utils.py
moniker/debug.py
moniker/exceptions.py
moniker/__init__.py
moniker/manage/base.py
moniker/manage/database.py
moniker/manage/__init__.py
moniker/manage/powerdns.py
moniker/manage/servers.py
moniker/manage/sync.py
moniker/manage/tsigkeys.py
moniker/notification_handler/base.py
moniker/notification_handler/__init__.py
moniker/notification_handler/nova.py
moniker/notification_handler/quantum.py
moniker/openstack/common/cfg.py
moniker/openstack/common/context.py
moniker/openstack/common/eventlet_backdoor.py
moniker/openstack/common/exception.py
moniker/openstack/common/excutils.py
moniker/openstack/common/gettextutils.py
moniker/openstack/common/importutils.py
moniker/openstack/common/iniparser.py
moniker/openstack/common/__init__.py
moniker/openstack/common/jsonutils.py
moniker/openstack/common/local.py
moniker/openstack/common/log.py
moniker/openstack/common/loopingcall.py
moniker/openstack/common/manager.py
moniker/openstack/common/network_utils.py
moniker/openstack/common/notifier/api.py
moniker/openstack/common/notifier/__init__.py
moniker/openstack/common/notifier/log_notifier.py
moniker/openstack/common/notifier/no_op_notifier.py
moniker/openstack/common/notifier/rabbit_notifier.py
moniker/openstack/common/notifier/rpc_notifier2.py
moniker/openstack/common/notifier/rpc_notifier.py
moniker/openstack/common/notifier/test_notifier.py
moniker/openstack/common/periodic_task.py
moniker/openstack/common/policy.py
moniker/openstack/common/processutils.py
moniker/openstack/common/rootwrap/filters.py
moniker/openstack/common/rootwrap/__init__.py
moniker/openstack/common/rootwrap/wrapper.py
moniker/openstack/common/rpc/amqp.py
moniker/openstack/common/rpc/common.py
moniker/openstack/common/rpc/dispatcher.py
moniker/openstack/common/rpc/impl_fake.py
moniker/openstack/common/rpc/impl_kombu.py
moniker/openstack/common/rpc/impl_qpid.py
moniker/openstack/common/rpc/impl_zmq.py
moniker/openstack/common/rpc/__init__.py
moniker/openstack/common/rpc/matchmaker.py
moniker/openstack/common/rpc/proxy.py
moniker/openstack/common/rpc/service.py
moniker/openstack/common/service.py
moniker/openstack/common/setup.py
moniker/openstack/common/threadgroup.py
moniker/openstack/common/timeutils.py
moniker/openstack/common/utils.py
moniker/openstack/common/uuidutils.py
moniker/openstack/common/version.py
moniker/openstack/common/wsgi.py
moniker/openstack/__init__.py
moniker/plugin.py
moniker/policy.py
moniker/quota/base.py
moniker/quota/impl_config.py
moniker/quota/impl_storage.py
moniker/quota/__init__.py
moniker/resources/schemas/v1/domain.json
moniker/resources/schemas/v1/domains.json
moniker/resources/schemas/v1/fault.json
moniker/resources/schemas/v1/limits.json
moniker/resources/schemas/v1/record.json
moniker/resources/schemas/v1/records.json
moniker/resources/schemas/v1/server.json
moniker/resources/schemas/v1/servers.json
moniker/resources/schemas/v1/tsigkey.json
moniker/resources/schemas/v1/tsigkeys.json
moniker/resources/templates/bind9-config.jinja2
moniker/resources/templates/bind9-zone.jinja2
moniker/resources/templates/dnsmasq-zone.jinja2
moniker/resources/templates/mysql-bind9-config.jinja2
moniker/schema.py
moniker/schemas.py
moniker/sink/__init__.py
moniker/sink/service.py
moniker/sqlalchemy/expressions.py
moniker/sqlalchemy/__init__.py
moniker/sqlalchemy/models.py
moniker/sqlalchemy/session.py
moniker/sqlalchemy/types.py
moniker/storage/base.py
moniker/storage/impl_sqlalchemy/__init__.py
moniker/storage/impl_sqlalchemy/migrate_repo/__init__.py
moniker/storage/impl_sqlalchemy/migrate_repo/manage.py
moniker/storage/impl_sqlalchemy/migrate_repo/migrate.cfg
moniker/storage/impl_sqlalchemy/migrate_repo/schema.py
moniker/storage/impl_sqlalchemy/migrate_repo/utils.py
moniker/storage/impl_sqlalchemy/migrate_repo/versions/001_add_moniker_schema.py
moniker/storage/impl_sqlalchemy/migrate_repo/versions/002_add_managed_col_for_records.py
moniker/storage/impl_sqlalchemy/migrate_repo/versions/003_add_delete_on_cascade.py
moniker/storage/impl_sqlalchemy/migrate_repo/versions/003_changed_managed_cols_for_records.py
moniker/storage/impl_sqlalchemy/migrate_repo/versions/004_changed_managed_cols_for_records.py
moniker/storage/impl_sqlalchemy/migrate_repo/versions/005_records_allow_null_ttl.py
moniker/storage/impl_sqlalchemy/migrate_repo/versions/006_support_ptr_records.py
moniker/storage/impl_sqlalchemy/migrate_repo/versions/007_add_parent_domain_id_col.py
moniker/storage/impl_sqlalchemy/migrate_repo/versions/008_support_spf_records.py
moniker/storage/impl_sqlalchemy/migrate_repo/versions/009_add_tsigkeys_table.py
moniker/storage/impl_sqlalchemy/migrate_repo/versions/010_drop_server_ip_cols.py
moniker/storage/impl_sqlalchemy/migrate_repo/versions/011_support_sshfp_records.py
moniker/storage/impl_sqlalchemy/migrate_repo/versions/012_add_serial_col.py
moniker/storage/impl_sqlalchemy/migrate_repo/versions/013_expand_email_column.py
moniker/storage/impl_sqlalchemy/migrate_repo/versions/014_add_quotas_table.py
moniker/storage/impl_sqlalchemy/migrate_repo/versions/__init__.py
moniker/storage/impl_sqlalchemy/models.py
moniker/storage/impl_sqlalchemy.py
moniker/storage/impl_sqlalchemy/session.py
moniker/storage/impl_sqlalchemy/types.py
moniker/storage/impl_sqlalchemy/utils.py
moniker/storage/__init__.py
moniker/storage/sqla/__init__.py
moniker/storage/sqla/migrate_repo/__init__.py
moniker/storage/sqla/migrate_repo/manage.py
moniker/storage/sqla/migrate_repo/migrate.cfg
moniker/storage/sqla/migrate_repo/schema.py
moniker/storage/sqla/migrate_repo/versions/001_add_moniker_schema.py
moniker/storage/sqla/migrate_repo/versions/__init__.py
moniker/storage/sqla/models.py
moniker/storage/sqla/session.py
moniker/storage/sqla/types.py
moniker/storage/sqla/utils.py
moniker.sublime-project
moniker/tests/api-paste.ini
moniker/tests/central/__init__.py
moniker/tests/central/test_service.py
moniker/tests/database/__init__.py
moniker/tests/database/test_sqlalchemy.py
moniker/tests/__init__.py
moniker/tests/moniker-api-paste.ini
moniker/tests/policy.json
moniker/tests/sample_notifications/nova/compute.instance.create.end.json
moniker/tests/sample_notifications/nova/compute.instance.create.start.json
moniker/tests/sample_notifications/nova/compute.instance.delete.start.json
moniker/tests/sample_notifications/nova/compute.instance.shutdown.end.json
moniker/tests/sample_notifications/nova/compute.instance.shutdown.start.json
moniker/tests/sample_notifications/nova/network.floating_ip.allocate.json
moniker/tests/sample_notifications/nova/network.floating_ip.associate.json
moniker/tests/sample_notifications/nova/network.floating_ip.deallocate.json
moniker/tests/sample_notifications/nova/network.floating_ip.disassociate.json
moniker/tests/sample_notifications/nova/scheduler.run_instance.end.json
moniker/tests/sample_notifications/nova/scheduler.run_instance.scheduled.json
moniker/tests/sample_notifications/nova/scheduler.run_instance.start.json
moniker/tests/sample_notifications/quantum/floatingip.update.end_associate.json
moniker/tests/sample_notifications/quantum/floatingip.update.end_disassociate.json
moniker/tests/sample_notifications/quantum/port.create.end.json
moniker/tests/sample_notifications/quantum/port.create.start.josn
moniker/tests/sample_notifications/quantum/port.delete.end.json
moniker/tests/sample_notifications/quantum/port.delete.start.json
moniker/tests/storage/__init__.py
moniker/tests/storage/test_sqlalchemy.py
moniker/tests/test_agent/__init__.py
moniker/tests/test_agent/test_service.py
moniker/tests/test_api/__init__.py
moniker/tests/test_api/test_auth.py
moniker/tests/test_api/test_service.py
moniker/tests/test_api/test_v1/__init__.py
moniker/tests/test_api/test_v1.py
moniker/tests/test_api/test_v1/test_domains.py
moniker/tests/test_api/test_v1/test_records.py
moniker/tests/test_api/test_v1/test_servers.py
moniker/tests/test_backend/__init__.py
moniker/tests/test_backend/test_bind9.py
moniker/tests/test_backend/test_dnsmasq.py
moniker/tests/test_backend/test_fake.py
moniker/tests/test_backend/test_mysqlbind9.py
moniker/tests/test_backend/test_powerdns.py
moniker/tests/test_central/__init__.py
moniker/tests/test_central/test_service.py
moniker/tests/test_context.py
moniker/tests/test_handler/__init__.py
moniker/tests/test_handler/test_nova.py
moniker/tests/test_notification_handler/__init__.py
moniker/tests/test_notification_handler/test_nova.py
moniker/tests/test_notification_handler/test_quantum.py
moniker/tests/test_plugins/__init__.py
moniker/tests/test_quota/__init__.py
moniker/tests/test_quota/test_config.py
moniker/tests/test_quota/test_storage.py
moniker/tests/test_schema.py
moniker/tests/test_sink/__init__.py
moniker/tests/test_sink/test_service.py
moniker/tests/test_storage/__init__.py
moniker/tests/test_storage/test_scheme.py
moniker/tests/test_storage/test_sqlalchemy.py
moniker/tests/test_utils.py
moniker/utils.py
moniker/version.py
moniker/wsgi.py
openstack-common.conf
README.md
requirements.txt
setup.cfg
setup.py
templates/bind9-config.jinja2
templates/bind9-zone.jinja2
.testr.conf
test-requirements.txt
TODO.md
tools/designate-keystone-setup
tools/install_venv_common.py
tools/install_venv.py
tools/moniker-keystone-setup
tools/patch_tox_venv.py
tools/pip-options
tools/pip-requires
tools/setup-requires
tools/test-requires
tools/with_venv.sh
tox.ini
.travis.yml
