build-req.pip
CHANGELOG
COPYING
doc-requirements.txt
docs/api.rst
docs/changelog.rst
docs/changeset.rst
docs/conf.py
docs/credits.rst
docs/download.rst
docs/faq.rst
docs/glossary.rst
docs/historical/ProjectDesignDecisionsAutomation.trac
docs/historical/ProjectDesignDecisionsScriptFormat.trac
docs/historical/ProjectDesignDecisionsVersioning.trac
docs/historical/ProjectDetailedDesign.trac
docs/historical/ProjectGoals.trac
docs/historical/ProjectProposal.txt
docs/historical/RepositoryFormat2.trac
docs/historical/RepositoryFormat.trac
docs/index.rst
doc/source/api.rst
doc/source/changelog.rst
doc/source/changeset.rst
doc/source/conf.py
doc/source/credits.rst
doc/source/download.rst
doc/source/faq.rst
doc/source/glossary.rst
doc/source/historical/ProjectDesignDecisionsAutomation.trac
doc/source/historical/ProjectDesignDecisionsScriptFormat.trac
doc/source/historical/ProjectDesignDecisionsVersioning.trac
doc/source/historical/ProjectDetailedDesign.trac
doc/source/historical/ProjectGoals.trac
doc/source/historical/ProjectProposal.txt
doc/source/historical/RepositoryFormat2.trac
doc/source/historical/RepositoryFormat.trac
doc/source/index.rst
doc/source/theme/almodovar.css
doc/source/theme/layout.css
doc/source/theme/layout.html
doc/source/tools.rst
doc/source/versioning.rst
docs/theme/almodovar.css
docs/theme/layout.css
docs/theme/layout.html
docs/tools.rst
docs/versioning.rst
.hgignore
.hgsigs
.hgtags
MANIFEST.in
migrate/changeset/ansisql.py
migrate/changeset/constraint.py
migrate/changeset/databases/firebird.py
migrate/changeset/databases/ibmdb2.py
migrate/changeset/databases/__init__.py
migrate/changeset/databases/mysql.py
migrate/changeset/databases/oracle.py
migrate/changeset/databases/postgres.py
migrate/changeset/databases/sqlite.py
migrate/changeset/databases/visitor.py
migrate/changeset/exceptions.py
migrate/changeset/__init__.py
migrate/changeset/schema.py
migrate/changeset/util.py
migrate/exceptions.py
migrate/__init__.py
migrate/__init__.pyc
migrate/run.py
migrate/tests/changeset/databases/__init__.py
migrate/tests/changeset/databases/test_ibmdb2.py
migrate/tests/changeset/__init__.py
migrate/tests/changeset/test_changeset.py
migrate/tests/changeset/test_constraint.py
migrate/tests/fixture/base.py
migrate/tests/fixture/database.py
migrate/tests/fixture/__init__.py
migrate/tests/fixture/models.py
migrate/tests/fixture/pathed.py
migrate/tests/fixture/shell.py
migrate/tests/fixture/warnings.py
migrate/tests/__init__.py
migrate/tests/integrated/__init__.py
migrate/tests/integrated/test_docs.py
migrate/tests/versioning/__init__.py
migrate/tests/versioning/test_api.py
migrate/tests/versioning/test_cfgparse.py
migrate/tests/versioning/test_database.py
migrate/tests/versioning/test_genmodel.py
migrate/tests/versioning/test_keyedinstance.py
migrate/tests/versioning/test_pathed.py
migrate/tests/versioning/test_repository.py
migrate/tests/versioning/test_runchangeset.py
migrate/tests/versioning/test_schemadiff.py
migrate/tests/versioning/test_schema.py
migrate/tests/versioning/test_script.py
migrate/tests/versioning/test_shell.py
migrate/tests/versioning/test_template.py
migrate/tests/versioning/test_util.py
migrate/tests/versioning/test_version.py
migrate/versioning/api.py
migrate/versioning/base/const.py
migrate/versioning/base/__init__.py
migrate/versioning/base/logger.py
migrate/versioning/cfgparse.py
migrate/versioning/config.py
migrate/versioning/exceptions.py
migrate/versioning/genmodel.py
migrate/versioning/__init__.py
migrate/versioning/migrate_repository.py
migrate/versioning/pathed.py
migrate/versioning/repository.py
migrate/versioning/schemadiff.py
migrate/versioning/schema.py
migrate/versioning/script/base.py
migrate/versioning/script/__init__.py
migrate/versioning/script/py.py
migrate/versioning/script/sql.py
migrate/versioning/shell.py
migrate/versioning/template.py
migrate/versioning/templates/__init__.py
migrate/versioning/templates/manage/default.py_tmpl
migrate/versioning/templates/manage/pylons.py_tmpl
migrate/versioning/templates/manage.py_tmpl
migrate/versioning/templates/repository/default/__init__.py
migrate/versioning/templates/repository/default/migrate.cfg
migrate/versioning/templates/repository/default/versions/__init__.py
migrate/versioning/templates/repository/__init__.py
migrate/versioning/templates/repository/pylons/__init__.py
migrate/versioning/templates/repository/pylons/migrate.cfg
migrate/versioning/templates/repository/pylons/versions/__init__.py
migrate/versioning/templates/script/default.py_tmpl
migrate/versioning/templates/script/__init__.py
migrate/versioning/templates/script/logsql.py_tmpl
migrate/versioning/templates/script/pylons.py_tmpl
migrate/versioning/templates/sql_script/default.py_tmpl
migrate/versioning/templates/sql_script/pylons.py_tmpl
migrate/versioning/util/importpath.py
migrate/versioning/util/__init__.py
migrate/versioning/util/keyedinstance.py
migrate/versioning/version.py
README
README.rst
requirements.txt
setup.cfg
setup.py
shell/migrate
test/changeset/__init__.py
test/changeset/test_changeset.py
test/changeset/test_constraint.py
test_db.cfg
test_db.cfg.tmpl
test_db_py3.cfg
test/fixture/base.py
test/fixture/database.py
test/fixture/__init__.py
test/fixture/models.py
test/fixture/pathed.py
test/fixture/shell.py
test/__init__.py
test/integrated/__init__.py
test/integrated/test_docs.py
.testr.conf
test-req.pip
test-requirements.pip
test-requirements-py2.txt
test-requirements-py3.txt
test-requirements.txt
tests/changeset/__init__.py
tests/changeset/test_changeset.py
tests/changeset/test_constraint.py
tests/fixture/base.py
tests/fixture/database.py
tests/fixture/__init__.py
tests/fixture/models.py
tests/fixture/pathed.py
tests/fixture/shell.py
tests/__init__.py
tests/integrated/__init__.py
tests/integrated/test_docs.py
tests/versioning/__init__.py
tests/versioning/test_api.py
tests/versioning/test_cfgparse.py
tests/versioning/test_database.py
tests/versioning/test_genmodel.py
tests/versioning/test_keyedinstance.py
tests/versioning/test_pathed.py
tests/versioning/test_repository.py
tests/versioning/test_runchangeset.py
tests/versioning/test_schemadiff.py
tests/versioning/test_schema.py
tests/versioning/test_script.py
tests/versioning/test_shell.py
tests/versioning/test_template.py
tests/versioning/test_util.py
tests/versioning/test_version.py
test/versioning/__init__.py
test/versioning/test_api.py
test/versioning/test_cfgparse.py
test/versioning/test_database.py
test/versioning/test_genmodel.py
test/versioning/test_keyedinstance.py
test/versioning/test_pathed.py
test/versioning/test_repository.py
test/versioning/test_runchangeset.py
test/versioning/test_schemadiff.py
test/versioning/test_schema.py
test/versioning/test_script.py
test/versioning/test_shell.py
test/versioning/test_template.py
test/versioning/test_util.py
test/versioning/test_version.py
TODO
tox.ini
