CONTRIBUTING.rst
.coveragerc
doc/source/conf.py
doc/source/contributing.rst
doc/source/index.rst
doc/source/installation.rst
doc/source/readme.rst
doc/source/usage.rst
HACKING.rst
LICENSE
MANIFEST.in
openstack-common.conf
openstack/common/fixture/__init__.py
openstack/common/fixture/lockutils.py
openstack/common/lockutils.py
openstack/common/processutils.py
oslo/concurrency/fixture/__init__.py
oslo/concurrency/fixture/lockutils.py
oslo/concurrency/__init__.py
oslo/concurrency/lockutils.py
oslo/concurrency/openstack/common/excutils.py
oslo/concurrency/openstack/common/fileutils.py
oslo/concurrency/openstack/common/fixture/config.py
oslo/concurrency/openstack/common/fixture/__init__.py
oslo/concurrency/openstack/common/fixture/lockutils.py
oslo/concurrency/openstack/common/fixture/logging.py
oslo/concurrency/openstack/common/fixture/mockpatch.py
oslo/concurrency/openstack/common/fixture/moxstubout.py
oslo/concurrency/openstack/common/gettextutils.py
oslo/concurrency/openstack/common/importutils.py
oslo/concurrency/openstack/common/__init__.py
oslo/concurrency/openstack/common/jsonutils.py
oslo/concurrency/openstack/common/local.py
oslo/concurrency/openstack/common/lockutils.py
oslo/concurrency/openstack/common/log.py
oslo/concurrency/openstack/common/strutils.py
oslo/concurrency/openstack/common/timeutils.py
oslo/concurrency/openstack/__init__.py
oslo/concurrency/processutils.py
oslo/__init__.py
README.rst
requirements-py3.txt
requirements.txt
setup.cfg
setup.py
.testr.conf
test-requirements.txt
tests/base.py
tests/__init__.py
tests/test_concurrency.py
tests/unit/__init__.py
tests/unit/test_lockutils_eventlet.py
tests/unit/test_lockutils.py
tests/unit/test_processutils.py
tools/run_cross_tests.sh
tox.ini
