.coveragerc
doc/source/conf.py
doc/source/index.rst
LICENSE
logaas/cmd/cliutils.py
logaas/cmd/__init__.py
logaas/cmd/manage.py
logaas/db/api.py
logaas/db/__init__.py
logaas/db/sqlalchemy/api.py
logaas/db/sqlalchemy/__init__.py
logaas/db/sqlalchemy/models.py
logaas/exceptions.py
logaas/__init__.py
logaas/openstack/common/apiclient/auth.py
logaas/openstack/common/apiclient/base.py
logaas/openstack/common/apiclient/client.py
logaas/openstack/common/apiclient/exceptions.py
logaas/openstack/common/apiclient/fake_client.py
logaas/openstack/common/apiclient/__init__.py
logaas/openstack/common/cliutils.py
logaas/openstack/common/config/generator.py
logaas/openstack/common/config/__init__.py
logaas/openstack/common/context.py
logaas/openstack/common/db/api.py
logaas/openstack/common/db/exception.py
logaas/openstack/common/db/__init__.py
logaas/openstack/common/db/options.py
logaas/openstack/common/db/sqlalchemy/__init__.py
logaas/openstack/common/db/sqlalchemy/migration.py
logaas/openstack/common/db/sqlalchemy/models.py
logaas/openstack/common/db/sqlalchemy/provision.py
logaas/openstack/common/db/sqlalchemy/session.py
logaas/openstack/common/db/sqlalchemy/test_base.py
logaas/openstack/common/db/sqlalchemy/test_migrations.py
logaas/openstack/common/db/sqlalchemy/utils.py
logaas/openstack/common/excutils.py
logaas/openstack/common/fileutils.py
logaas/openstack/common/fixture/config.py
logaas/openstack/common/fixture/__init__.py
logaas/openstack/common/fixture/lockutils.py
logaas/openstack/common/fixture/logging.py
logaas/openstack/common/fixture/mockpatch.py
logaas/openstack/common/fixture/moxstubout.py
logaas/openstack/common/gettextutils.py
logaas/openstack/common/importutils.py
logaas/openstack/common/__init__.py
logaas/openstack/common/jsonutils.py
logaas/openstack/common/local.py
logaas/openstack/common/lockutils.py
logaas/openstack/common/log.py
logaas/openstack/common/strutils.py
logaas/openstack/common/test.py
logaas/openstack/common/timeutils.py
logaas/openstack/common/uuidutils.py
logaas/openstack/__init__.py
logaas/version.py
openstack-common.conf
README.rst
requirements.txt
setup.cfg
setup.py
.testr.conf
test-requirements.txt
tests/cmd/__init__.py
tests/cmd/test_manage.py
tests/db/__init__.py
tests/db/test_api.py
tests/__init__.py
tests/test.py
tools/config/check_uptodate.sh
tools/config/generate_sample.sh
tools/lint.py
tools/patch_tox_venv.py
tox.ini
