bin/cinder-all
bin/cinder-api
bin/cinder-backup
bin/cinder-clear-rabbit-queues
bin/cinder-manage
bin/cinder-rootwrap
bin/cinder-rpc-zmq-receiver
bin/cinder-scheduler
bin/cinder-share
bin/cinder-volume
bin/cinder-volume-usage-audit
bin/manila-all
bin/manila-api
bin/manila-backup
bin/manila-clear-rabbit-queues
bin/manila-manage
bin/manila-rootwrap
bin/manila-rpc-zmq-receiver
bin/manila-scheduler
bin/manila-share
bin/manila-volume
bin/manila-volume-usage-audit
cinder/api/auth.py
cinder/api/common.py
cinder/api/contrib/admin_actions.py
cinder/api/contrib/backups.py
cinder/api/contrib/extended_snapshot_attributes.py
cinder/api/contrib/hosts.py
cinder/api/contrib/image_create.py
cinder/api/contrib/__init__.py
cinder/api/contrib/quota_classes.py
cinder/api/contrib/quotas.py
cinder/api/contrib/services.py
cinder/api/contrib/share_actions.py
cinder/api/contrib/share_snapshots.py
cinder/api/contrib/shares.py
cinder/api/contrib/types_extra_specs.py
cinder/api/contrib/types_manage.py
cinder/api/contrib/volume_actions.py
cinder/api/contrib/volume_host_attribute.py
cinder/api/contrib/volume_image_metadata.py
cinder/api/contrib/volume_tenant_attribute.py
cinder/api/extensions.py
cinder/api/__init__.py
cinder/api/middleware/auth.py
cinder/api/middleware/fault.py
cinder/api/middleware/__init__.py
cinder/api/middleware/sizelimit.py
cinder/api/openstack/__init__.py
cinder/api/openstack/urlmap.py
cinder/api/openstack/volume/__init__.py
cinder/api/openstack/volume/versions.py
cinder/api/openstack/wsgi.py
cinder/api/sizelimit.py
cinder/api/urlmap.py
cinder/api/v1/__init__.py
cinder/api/v1/limits.py
cinder/api/v1/router.py
cinder/api/v1/snapshot_metadata.py
cinder/api/v1/snapshots.py
cinder/api/v1/types.py
cinder/api/v1/volume_metadata.py
cinder/api/v1/volumes.py
cinder/api/v2/__init__.py
cinder/api/v2/limits.py
cinder/api/v2/router.py
cinder/api/v2/snapshot_metadata.py
cinder/api/v2/snapshots.py
cinder/api/v2/types.py
cinder/api/v2/views/__init__.py
cinder/api/v2/views/volumes.py
cinder/api/v2/volumes.py
cinder/api/versions.py
cinder/api/views/backups.py
cinder/api/views/__init__.py
cinder/api/views/limits.py
cinder/api/views/share_snapshots.py
cinder/api/views/shares.py
cinder/api/views/types.py
cinder/api/views/versions.py
cinder/api/xmlutil.py
cinder/backup/api.py
cinder/backup/__init__.py
cinder/backup/manager.py
cinder/backup/rpcapi.py
cinder/backup/services/__init__.py
cinder/backup/services/swift.py
cinder/brick/__init__.py
cinder/brick/iscsi/__init__.py
cinder/brick/iscsi/iscsi.py
cinder/brick/local_dev/__init__.py
cinder/brick/local_dev/lvm.py
cinder/common/__init__.py
cinder/common/sqlalchemyutils.py
cinder/compute/aggregate_states.py
cinder/compute/__init__.py
cinder/context.py
cinder/db/api.py
cinder/db/base.py
cinder/db/__init__.py
cinder/db/migration.py
cinder/db/sqlalchemy/api.py
cinder/db/sqlalchemy/__init__.py
cinder/db/sqlalchemy/migrate_repo/__init__.py
cinder/db/sqlalchemy/migrate_repo/manage.py
cinder/db/sqlalchemy/migrate_repo/migrate.cfg
cinder/db/sqlalchemy/migrate_repo/versions/001_cinder_init.py
cinder/db/sqlalchemy/migrate_repo/versions/002_quota_class.py
cinder/db/sqlalchemy/migrate_repo/versions/003_glance_metadata.py
cinder/db/sqlalchemy/migrate_repo/versions/004_volume_type_to_uuid.py
cinder/db/sqlalchemy/migrate_repo/versions/005_add_source_volume_column.py
cinder/db/sqlalchemy/migrate_repo/versions/005_sqlite_downgrade.sql
cinder/db/sqlalchemy/migrate_repo/versions/006_snapshots_add_provider_location.py
cinder/db/sqlalchemy/migrate_repo/versions/007_add_volume_snapshot_fk.py
cinder/db/sqlalchemy/migrate_repo/versions/007_sqlite_downgrade.sql
cinder/db/sqlalchemy/migrate_repo/versions/008_add_backup.py
cinder/db/sqlalchemy/migrate_repo/versions/009_add_snapshot_metadata_table.py
cinder/db/sqlalchemy/migrate_repo/versions/010_add_share_tables.py
cinder/db/sqlalchemy/migrate_repo/versions/011_add_share_snapshot_table.py
cinder/db/sqlalchemy/migrate_repo/versions/__init__.py
cinder/db/sqlalchemy/migration.py
cinder/db/sqlalchemy/models.py
cinder/db/sqlalchemy/session.py
cinder/exception.py
cinder/flags.py
cinder/image/glance.py
cinder/image/image_utils.py
cinder/image/__init__.py
cinder/__init__.py
cinder/manager.py
cinder/openstack/common/context.py
cinder/openstack/common/eventlet_backdoor.py
cinder/openstack/common/exception.py
cinder/openstack/common/excutils.py
cinder/openstack/common/fileutils.py
cinder/openstack/common/gettextutils.py
cinder/openstack/common/importutils.py
cinder/openstack/common/__init__.py
cinder/openstack/common/jsonutils.py
cinder/openstack/common/local.py
cinder/openstack/common/lockutils.py
cinder/openstack/common/log.py
cinder/openstack/common/loopingcall.py
cinder/openstack/common/network_utils.py
cinder/openstack/common/notifier/api.py
cinder/openstack/common/notifier/__init__.py
cinder/openstack/common/notifier/log_notifier.py
cinder/openstack/common/notifier/no_op_notifier.py
cinder/openstack/common/notifier/rabbit_notifier.py
cinder/openstack/common/notifier/rpc_notifier2.py
cinder/openstack/common/notifier/rpc_notifier.py
cinder/openstack/common/notifier/test_notifier.py
cinder/openstack/common/policy.py
cinder/openstack/common/processutils.py
cinder/openstack/common/rootwrap/cmd.py
cinder/openstack/common/rootwrap/filters.py
cinder/openstack/common/rootwrap/__init__.py
cinder/openstack/common/rootwrap/wrapper.py
cinder/openstack/common/rpc/amqp.py
cinder/openstack/common/rpc/common.py
cinder/openstack/common/rpc/dispatcher.py
cinder/openstack/common/rpc/impl_fake.py
cinder/openstack/common/rpc/impl_kombu.py
cinder/openstack/common/rpc/impl_qpid.py
cinder/openstack/common/rpc/impl_zmq.py
cinder/openstack/common/rpc/__init__.py
cinder/openstack/common/rpc/matchmaker.py
cinder/openstack/common/rpc/matchmaker_redis.py
cinder/openstack/common/rpc/proxy.py
cinder/openstack/common/rpc/service.py
cinder/openstack/common/rpc/zmq_receiver.py
cinder/openstack/common/scheduler/filter.py
cinder/openstack/common/scheduler/filters/availability_zone_filter.py
cinder/openstack/common/scheduler/filters/capabilities_filter.py
cinder/openstack/common/scheduler/filters/extra_specs_ops.py
cinder/openstack/common/scheduler/filters/__init__.py
cinder/openstack/common/scheduler/filters/json_filter.py
cinder/openstack/common/scheduler/__init__.py
cinder/openstack/common/scheduler/weight.py
cinder/openstack/common/scheduler/weights/__init__.py
cinder/openstack/common/service.py
cinder/openstack/common/strutils.py
cinder/openstack/common/threadgroup.py
cinder/openstack/common/timeutils.py
cinder/openstack/common/uuidutils.py
cinder/openstack/__init__.py
cinder/policy.py
cinder/quota.py
cinder/scheduler/chance.py
cinder/scheduler/driver.py
cinder/scheduler/filters/capacity_filter.py
cinder/scheduler/filter_scheduler.py
cinder/scheduler/filters/__init__.py
cinder/scheduler/filters/retry_filter.py
cinder/scheduler/host_manager.py
cinder/scheduler/__init__.py
cinder/scheduler/manager.py
cinder/scheduler/rpcapi.py
cinder/scheduler/scheduler_options.py
cinder/scheduler/simple.py
cinder/scheduler/weights/capacity.py
cinder/scheduler/weights/__init__.py
cinder/service.py
cinder/share/api.py
cinder/share/configuration.py
cinder/share/driver.py
cinder/share/drivers/__init__.py
cinder/share/drivers/lvm.py
cinder/share/drivers/netapp.py
cinder/share/__init__.py
cinder/share/manager.py
cinder/share/rpcapi.py
cinder/test.py
cinder/tests/api/common.py
cinder/tests/api/contrib/__init__.py
cinder/tests/api/contrib/stubs.py
cinder/tests/api/contrib/test_admin_actions.py
cinder/tests/api/contrib/test_backups.py
cinder/tests/api/contrib/test_extended_snapshot_attributes.py
cinder/tests/api/contrib/test_hosts.py
cinder/tests/api/contrib/test_services.py
cinder/tests/api/contrib/test_share_actions.py
cinder/tests/api/contrib/test_share_snapshots.py
cinder/tests/api/contrib/test_shares.py
cinder/tests/api/contrib/test_types_extra_specs.py
cinder/tests/api/contrib/test_types_manage.py
cinder/tests/api/contrib/test_volume_actions.py
cinder/tests/api/contrib/test_volume_host_attribute.py
cinder/tests/api/contrib/test_volume_image_metadata.py
cinder/tests/api/contrib/test_volume_tenant_attribute.py
cinder/tests/api/extensions/foxinsocks.py
cinder/tests/api/extensions/__init__.py
cinder/tests/api/fakes.py
cinder/tests/api/__init__.py
cinder/tests/api/middleware/__init__.py
cinder/tests/api/middleware/test_auth.py
cinder/tests/api/middleware/test_faults.py
cinder/tests/api/middleware/test_sizelimit.py
cinder/tests/api/openstack/__init__.py
cinder/tests/api/openstack/test_wsgi.py
cinder/tests/api/test_common.py
cinder/tests/api/test_extensions.py
cinder/tests/api/test_router.py
cinder/tests/api/test_wsgi.py
cinder/tests/api/test_xmlutil.py
cinder/tests/api/v1/__init__.py
cinder/tests/api/v1/stubs.py
cinder/tests/api/v1/test_limits.py
cinder/tests/api/v1/test_snapshot_metadata.py
cinder/tests/api/v1/test_snapshots.py
cinder/tests/api/v1/test_types.py
cinder/tests/api/v1/test_volume_metadata.py
cinder/tests/api/v1/test_volumes.py
cinder/tests/api/v2/__init__.py
cinder/tests/api/v2/stubs.py
cinder/tests/api/v2/test_limits.py
cinder/tests/api/v2/test_snapshot_metadata.py
cinder/tests/api/v2/test_snapshots.py
cinder/tests/api/v2/test_types.py
cinder/tests/api/v2/test_volumes.py
cinder/tests/backup/fake_service.py
cinder/tests/backup/fake_swift_client.py
cinder/tests/backup/__init__.py
cinder/tests/brick/__init__.py
cinder/tests/brick/test_brick_lvm.py
cinder/tests/db/fakes.py
cinder/tests/db/__init__.py
cinder/tests/declare_flags.py
cinder/tests/fake_driver.py
cinder/tests/fake_flags.py
cinder/tests/fake_utils.py
cinder/tests/glance/__init__.py
cinder/tests/glance/stubs.py
cinder/tests/image/fake.py
cinder/tests/image/__init__.py
cinder/tests/image/test_glance.py
cinder/tests/__init__.py
cinder/tests/integrated/api/client.py
cinder/tests/integrated/api/__init__.py
cinder/tests/integrated/__init__.py
cinder/tests/integrated/integrated_helpers.py
cinder/tests/integrated/test_extensions.py
cinder/tests/integrated/test_login.py
cinder/tests/integrated/test_volumes.py
cinder/tests/integrated/test_xml.py
cinder/tests/monkey_patch_example/example_a.py
cinder/tests/monkey_patch_example/example_b.py
cinder/tests/monkey_patch_example/__init__.py
cinder/tests/policy.json
cinder/tests/runtime_flags.py
cinder/tests/scheduler/fakes.py
cinder/tests/scheduler/__init__.py
cinder/tests/scheduler/test_capacity_weigher.py
cinder/tests/scheduler/test_filter_scheduler.py
cinder/tests/scheduler/test_host_filters.py
cinder/tests/scheduler/test_host_manager.py
cinder/tests/scheduler/test_rpcapi.py
cinder/tests/scheduler/test_scheduler_options.py
cinder/tests/scheduler/test_scheduler.py
cinder/tests/test_api.py
cinder/tests/test_backup.py
cinder/tests/test_backup_swift.py
cinder/tests/test_context.py
cinder/tests/test_coraid.py
cinder/tests/test_drivers_compatibility.py
cinder/tests/test_emc.py
cinder/tests/test_exception.py
cinder/tests/test_flags.py
cinder/tests/test_glusterfs.py
cinder/tests/test_hp3par.py
cinder/tests/test_HpSanISCSIDriver.py
cinder/tests/test_huawei.py
cinder/tests/test_iscsi.py
cinder/tests/test_migrations.conf
cinder/tests/test_migrations.py
cinder/tests/test_misc.py
cinder/tests/test_netapp_nfs.py
cinder/tests/test_netapp.py
cinder/tests/test_nexenta.py
cinder/tests/test_nfs.py
cinder/tests/test_policy.py
cinder/tests/test_quota.py
cinder/tests/test_rbd.py
cinder/tests/test_scality.py
cinder/tests/test_service.py
cinder/tests/test_share_api.py
cinder/tests/test_share_driver.py
cinder/tests/test_share_lvm.py
cinder/tests/test_share_netapp.py
cinder/tests/test_share.py
cinder/tests/test_share_rpcapi.py
cinder/tests/test_sheepdog.py
cinder/tests/test_skip_examples.py
cinder/tests/test_solidfire.py
cinder/tests/test_storwize_svc.py
cinder/tests/test_test.py
cinder/tests/test_test_utils.py
cinder/tests/test_utils.py
cinder/tests/test_volume_configuration.py
cinder/tests/test_volume_glance_metadata.py
cinder/tests/test_volume.py
cinder/tests/test_volume_rpcapi.py
cinder/tests/test_volume_types_extra_specs.py
cinder/tests/test_volume_types.py
cinder/tests/test_volume_utils.py
cinder/tests/test_windows.py
cinder/tests/test_wsgi.py
cinder/tests/test_xenapi_sm.py
cinder/tests/test_xiv.py
cinder/tests/test_zadara.py
cinder/tests/utils.py
cinder/tests/var/ca.crt
cinder/tests/var/certificate.crt
cinder/tests/var/privatekey.key
cinder/tests/windows/basetestcase.py
cinder/tests/windows/db_fakes.py
cinder/tests/windows/__init__.py
cinder/tests/windows/mockproxy.py
cinder/tests/windows/stubs/test_windows.TestWindowsDriver.test_check_for_setup_errors_wmi.p.gz
cinder/tests/windows/stubs/test_windows.TestWindowsDriver.test_create_export_os.p.gz
cinder/tests/windows/stubs/test_windows.TestWindowsDriver.test_create_export_wmi.p.gz
cinder/tests/windows/stubs/test_windows.TestWindowsDriver.test_create_snapshot_os.p.gz
cinder/tests/windows/stubs/test_windows.TestWindowsDriver.test_create_snapshot_wmi.p.gz
cinder/tests/windows/stubs/test_windows.TestWindowsDriver.test_create_volume_from_snapshot_os.p.gz
cinder/tests/windows/stubs/test_windows.TestWindowsDriver.test_create_volume_from_snapshot_wmi.p.gz
cinder/tests/windows/stubs/test_windows.TestWindowsDriver.test_create_volume_os.p.gz
cinder/tests/windows/stubs/test_windows.TestWindowsDriver.test_create_volume_wmi.p.gz
cinder/tests/windows/stubs/test_windows.TestWindowsDriver.test_delete_snapshot_os.p.gz
cinder/tests/windows/stubs/test_windows.TestWindowsDriver.test_delete_snapshot_wmi.p.gz
cinder/tests/windows/stubs/test_windows.TestWindowsDriver.test_delete_volume_os.p.gz
cinder/tests/windows/stubs/test_windows.TestWindowsDriver.test_delete_volume_wmi.p.gz
cinder/tests/windows/stubs/test_windows.TestWindowsDriver.test_ensure_export_os.p.gz
cinder/tests/windows/stubs/test_windows.TestWindowsDriver.test_ensure_export_wmi.p.gz
cinder/tests/windows/stubs/test_windows.TestWindowsDriver.test_initialize_connection_os.p.gz
cinder/tests/windows/stubs/test_windows.TestWindowsDriver.test_initialize_connection_wmi.p.gz
cinder/tests/windows/stubs/test_windows.TestWindowsDriver.test_remove_export_os.p.gz
cinder/tests/windows/stubs/test_windows.TestWindowsDriver.test_remove_export_wmi.p.gz
cinder/tests/windows/windowsutils.py
cinder/tests/xenapi/__init__.py
cinder/utils.py
cinder/version.py
cinder/volume/api.py
cinder/volume/configuration.py
cinder/volume/driver.py
cinder/volume/drivers/coraid.py
cinder/volume/drivers/emc/cinder_emc_config.xml.sample
cinder/volume/drivers/emc/emc_smis_common.py
cinder/volume/drivers/emc/emc_smis_iscsi.py
cinder/volume/drivers/emc/__init__.py
cinder/volume/drivers/glusterfs.py
cinder/volume/drivers/huawei/cinder_huawei_conf.xml.sample
cinder/volume/drivers/huawei/huawei_iscsi.py
cinder/volume/drivers/huawei/__init__.py
cinder/volume/drivers/__init__.py
cinder/volume/drivers/lvm.py
cinder/volume/drivers/netapp/api.py
cinder/volume/drivers/netapp/__init__.py
cinder/volume/drivers/netapp/iscsi.py
cinder/volume/drivers/netapp/nfs.py
cinder/volume/drivers/nexenta/__init__.py
cinder/volume/drivers/nexenta/jsonrpc.py
cinder/volume/drivers/nexenta/volume.py
cinder/volume/drivers/nfs.py
cinder/volume/drivers/rbd.py
cinder/volume/drivers/san/hp/hp_3par_common.py
cinder/volume/drivers/san/hp/hp_3par_fc.py
cinder/volume/drivers/san/hp/hp_3par_iscsi.py
cinder/volume/drivers/san/hp/__init__.py
cinder/volume/drivers/san/hp_lefthand.py
cinder/volume/drivers/san/__init__.py
cinder/volume/drivers/san/san.py
cinder/volume/drivers/san/solaris.py
cinder/volume/drivers/scality.py
cinder/volume/drivers/sheepdog.py
cinder/volume/drivers/solidfire.py
cinder/volume/drivers/storwize_svc.py
cinder/volume/drivers/windows.py
cinder/volume/drivers/xenapi/__init__.py
cinder/volume/drivers/xenapi/lib.py
cinder/volume/drivers/xenapi/sm.py
cinder/volume/drivers/xenapi/tools.py
cinder/volume/drivers/xiv.py
cinder/volume/drivers/zadara.py
cinder/volume/__init__.py
cinder/volume/manager.py
cinder/volume/rpcapi.py
cinder/volume/utils.py
cinder/volume/volume_types.py
cinder/wsgi.py
contrib/ci/multi_backend/post_test_hook.sh
contrib/ci/multi_backend/pre_test_hook.sh
contrib/ci/multi_backend/setup.sh
contrib/ci/post_test_hook.sh
contrib/ci/pre_test_hook.sh
contrib/ci/setup.sh
contrib/devstack/70-manila.sh
contrib/devstack/extras.d/70-manila.sh
contrib/devstack/lib/manila
contrib/devstack/manila
contrib/redhat-eventlet.patch
contrib/tempest/tempest/api/share/admin/__init__.py
contrib/tempest/tempest/api/share/admin/test_admin_actions_negative.py
contrib/tempest/tempest/api/share/admin/test_admin_actions.py
contrib/tempest/tempest/api/share/admin/test_multi_backend.py
contrib/tempest/tempest/api/share/admin/test_quotas_negative.py
contrib/tempest/tempest/api/share/admin/test_quotas.py
contrib/tempest/tempest/api/share/admin/test_security_services_mapping_negative.py
contrib/tempest/tempest/api/share/admin/test_security_services_mapping.py
contrib/tempest/tempest/api/share/admin/test_security_services_negative.py
contrib/tempest/tempest/api/share/admin/test_security_services.py
contrib/tempest/tempest/api/share/admin/test_services_negative.py
contrib/tempest/tempest/api/share/admin/test_services.py
contrib/tempest/tempest/api/share/admin/test_share_networks_negative.py
contrib/tempest/tempest/api/share/admin/test_share_networks.py
contrib/tempest/tempest/api/share/admin/test_share_servers_negative.py
contrib/tempest/tempest/api/share/admin/test_share_servers.py
contrib/tempest/tempest/api/share/admin/test_volume_types_extra_specs_negative.py
contrib/tempest/tempest/api/share/admin/test_volume_types_extra_specs.py
contrib/tempest/tempest/api/share/admin/test_volume_types_negative.py
contrib/tempest/tempest/api/share/admin/test_volume_types.py
contrib/tempest/tempest/api/share/base.py
contrib/tempest/tempest/api/share/__init__.py
contrib/tempest/tempest/api/shares/admin/__init__.py
contrib/tempest/tempest/api/shares/admin/test_admin_actions_negative.py
contrib/tempest/tempest/api/shares/admin/test_admin_actions.py
contrib/tempest/tempest/api/shares/admin/test_quotas_negative.py
contrib/tempest/tempest/api/shares/admin/test_quotas.py
contrib/tempest/tempest/api/shares/base.py
contrib/tempest/tempest/api/shares/__init__.py
contrib/tempest/tempest/api/shares/test_metadata_negative.py
contrib/tempest/tempest/api/shares/test_metadata.py
contrib/tempest/tempest/api/shares/test_rules_negative.py
contrib/tempest/tempest/api/shares/test_rules.py
contrib/tempest/tempest/api/shares/test_security_negative.py
contrib/tempest/tempest/api/shares/test_shares_negative.py
contrib/tempest/tempest/api/shares/test_shares.py
contrib/tempest/tempest/api/share/test_extensions.py
contrib/tempest/tempest/api/share/test_limits.py
contrib/tempest/tempest/api/share/test_metadata_negative.py
contrib/tempest/tempest/api/share/test_metadata.py
contrib/tempest/tempest/api/share/test_quotas_negative.py
contrib/tempest/tempest/api/share/test_quotas.py
contrib/tempest/tempest/api/share/test_rules_negative.py
contrib/tempest/tempest/api/share/test_rules.py
contrib/tempest/tempest/api/share/test_security_services_mapping_negative.py
contrib/tempest/tempest/api/share/test_security_services_mapping.py
contrib/tempest/tempest/api/share/test_security_services_negative.py
contrib/tempest/tempest/api/share/test_security_services.py
contrib/tempest/tempest/api/share/test_share_networks_activation.py
contrib/tempest/tempest/api/share/test_share_networks_negative.py
contrib/tempest/tempest/api/share/test_share_networks.py
contrib/tempest/tempest/api/share/test_shares_actions.py
contrib/tempest/tempest/api/share/test_shares_negative.py
contrib/tempest/tempest/api/share/test_shares.py
contrib/tempest/tempest/clients_share.py
contrib/tempest/tempest/clients_shares.py
contrib/tempest/tempest/cli/manilaclient.py
contrib/tempest/tempest/cli/simple_read_only/test_manila.py
contrib/tempest/tempest/config_share.py
contrib/tempest/tempest/config_shares.py
contrib/tempest/tempest/exceptions/share_exceptions.py
contrib/tempest/tempest/exceptions_share.py
contrib/tempest/tempest/exceptions_shares.py
contrib/tempest/tempest/services/share/__init__.py
contrib/tempest/tempest/services/share/json/__init__.py
contrib/tempest/tempest/services/share/json/shares_client.py
contrib/tempest/tempest/services/shares/__init__.py
contrib/tempest/tempest/services/shares/json/__init__.py
contrib/tempest/tempest/services/shares/json/shares_client.py
contrib/tempest/tempest/services/shares/xml/__init__.py
contrib/tempest/tempest/services/shares/xml/shares_client.py
contrib/tempest/tempest/share_exceptions.py
CONTRIBUTING.md
doc/ext/cinder_autodoc.py
doc/ext/cinder_todo.py
doc/ext/__init__.py
doc/ext/manila_autodoc.py
doc/ext/manila_todo.py
doc/find_autodoc_modules.sh
doc/generate_autodoc_index.sh
doc/source/conf.py
doc/source/devref/addmethod.openstackapi.rst
doc/source/devref/api.rst
doc/source/devref/architecture.rst
doc/source/devref/auth.rst
doc/source/devref/cinder.rst
doc/source/devref/database.rst
doc/source/devref/development.environment.rst
doc/source/devref/fakes.rst
doc/source/devref/gerrit.rst
doc/source/devref/il8n.rst
doc/source/devref/index.rst
doc/source/devref/jenkins.rst
doc/source/devref/launchpad.rst
doc/source/devref/manila.rst
doc/source/devref/rpc.rst
doc/source/devref/scheduler.rst
doc/source/devref/services.rst
doc/source/devref/share.rst
doc/source/devref/threading.rst
doc/source/devref/unit_tests.rst
doc/source/devref/volume.rst
doc/source/_ga/layout.html
doc/source/index.rst
doc/source/man/cinder-manage.rst
doc/source/man/manila-manage.rst
doc/source/_static/basic.css
doc/source/_static/default.css
doc/source/_static/jquery.tweet.js
doc/source/_static/.placeholder
doc/source/_static/tweaks.css
doc/source/_templates/.placeholder
doc/source/_theme/layout.html
doc/source/_theme/theme.conf
etc/cinder/api-paste.ini
etc/cinder/cinder.conf.sample
etc/cinder/logging_sample.conf
etc/cinder/policy.json
etc/cinder/rootwrap.conf
etc/cinder/rootwrap.d/share.filters
etc/cinder/rootwrap.d/volume.filters
etc/manila/api-paste.ini
etc/manila/logging_sample.conf
etc/manila/manila.conf.sample
etc/manila/policy.json
etc/manila/rootwrap.conf
etc/manila/rootwrap.d/share.filters
etc/manila/rootwrap.d/volume.filters
HACKING.rst
.idea/encodings.xml
.idea/manila.iml
.idea/misc.xml
.idea/modules.xml
.idea/.name
.idea/other.xml
.idea/scopes/scope_settings.xml
.idea/testrunner.xml
.idea/vcs.xml
.idea/workspace.xml
LICENSE
MANIFEST.in
manila/api/auth.py
manila/api/common.py
manila/api/contrib/admin_actions.py
manila/api/contrib/backups.py
manila/api/contrib/extended_quotas.py
manila/api/contrib/extended_snapshot_attributes.py
manila/api/contrib/hosts.py
manila/api/contrib/image_create.py
manila/api/contrib/__init__.py
manila/api/contrib/quota_classes.py
manila/api/contrib/quotas.py
manila/api/contrib/services.py
manila/api/contrib/share_actions.py
manila/api/contrib/share_snapshots.py
manila/api/contrib/shares.py
manila/api/contrib/types_extra_specs.py
manila/api/contrib/types_manage.py
manila/api/contrib/used_limits.py
manila/api/contrib/user_quotas.py
manila/api/contrib/volume_actions.py
manila/api/contrib/volume_host_attribute.py
manila/api/contrib/volume_image_metadata.py
manila/api/contrib/volume_tenant_attribute.py
manila/api/extensions.py
manila/api/__init__.py
manila/api/middleware/auth.py
manila/api/middleware/fault.py
manila/api/middleware/__init__.py
manila/api/middleware/sizelimit.py
manila/api/openstack/__init__.py
manila/api/openstack/urlmap.py
manila/api/openstack/volume/__init__.py
manila/api/openstack/volume/versions.py
manila/api/openstack/wsgi.py
manila/api/sizelimit.py
manila/api/urlmap.py
manila/api/v1/__init__.py
manila/api/v1/limits.py
manila/api/v1/router.py
manila/api/v1/security_service.py
manila/api/v1/share_actions.py
manila/api/v1/share_metadata.py
manila/api/v1/share_networks.py
manila/api/v1/share_servers.py
manila/api/v1/share_snapshots.py
manila/api/v1/shares.py
manila/api/v1/snapshot_metadata.py
manila/api/v1/snapshots.py
manila/api/v1/types.py
manila/api/v1/volume_metadata.py
manila/api/v1/volumes.py
manila/api/v1/volume_types.py
manila/api/v2/__init__.py
manila/api/v2/limits.py
manila/api/v2/router.py
manila/api/v2/snapshot_metadata.py
manila/api/v2/snapshots.py
manila/api/v2/types.py
manila/api/v2/views/__init__.py
manila/api/v2/views/volumes.py
manila/api/v2/volumes.py
manila/api/versions.py
manila/api/views/backups.py
manila/api/views/__init__.py
manila/api/views/limits.py
manila/api/views/security_service.py
manila/api/views/share_networks.py
manila/api/views/share_servers.py
manila/api/views/share_snapshots.py
manila/api/views/shares.py
manila/api/views/types.py
manila/api/views/versions.py
manila/api/xmlutil.py
manila/backup/api.py
manila/backup/__init__.py
manila/backup/manager.py
manila/backup/rpcapi.py
manila/backup/services/__init__.py
manila/backup/services/swift.py
manila/brick/__init__.py
manila/brick/iscsi/__init__.py
manila/brick/iscsi/iscsi.py
manila/brick/local_dev/__init__.py
manila/brick/local_dev/lvm.py
manila/common/config.py
manila/common/constants.py
manila/common/__init__.py
manila/common/sqlalchemyutils.py
manila/compute/aggregate_states.py
manila/compute/__init__.py
manila/compute/nova.py
manila/context.py
manila/db/api.py
manila/db/base.py
manila/db/__init__.py
manila/db/migration.py
manila/db/sqlalchemy/api.py
manila/db/sqlalchemy/__init__.py
manila/db/sqlalchemy/migrate_repo/__init__.py
manila/db/sqlalchemy/migrate_repo/manage.py
manila/db/sqlalchemy/migrate_repo/migrate.cfg
manila/db/sqlalchemy/migrate_repo/versions/001_cinder_init.py
manila/db/sqlalchemy/migrate_repo/versions/001_manila_init.py
manila/db/sqlalchemy/migrate_repo/versions/002_quota_class.py
manila/db/sqlalchemy/migrate_repo/versions/003_add_share_tables.py
manila/db/sqlalchemy/migrate_repo/versions/003_glance_metadata.py
manila/db/sqlalchemy/migrate_repo/versions/004_add_share_snapshot_table.py
manila/db/sqlalchemy/migrate_repo/versions/004_volume_type_to_uuid.py
manila/db/sqlalchemy/migrate_repo/versions/005_add_source_volume_column.py
manila/db/sqlalchemy/migrate_repo/versions/005_make_user_quotas_key_and_value.py
manila/db/sqlalchemy/migrate_repo/versions/005_sqlite_downgrade.sql
manila/db/sqlalchemy/migrate_repo/versions/006_add_share_metadata.py
manila/db/sqlalchemy/migrate_repo/versions/006_snapshots_add_provider_location.py
manila/db/sqlalchemy/migrate_repo/versions/007_add_security_service.py
manila/db/sqlalchemy/migrate_repo/versions/007_add_volume_snapshot_fk.py
manila/db/sqlalchemy/migrate_repo/versions/007_sqlite_downgrade.sql
manila/db/sqlalchemy/migrate_repo/versions/008_add_backup.py
manila/db/sqlalchemy/migrate_repo/versions/008_add_share_networks_and_allocations.py
manila/db/sqlalchemy/migrate_repo/versions/009_add_password_field_to_security_service.py
manila/db/sqlalchemy/migrate_repo/versions/009_add_snapshot_metadata_table.py
manila/db/sqlalchemy/migrate_repo/versions/010_add_share_tables.py
manila/db/sqlalchemy/migrate_repo/versions/010_change_project_user_quotas_deleted_column_type.py
manila/db/sqlalchemy/migrate_repo/versions/011_add_share_snapshot_table.py
manila/db/sqlalchemy/migrate_repo/versions/011_change_type_of_deleted_column.py
manila/db/sqlalchemy/migrate_repo/versions/012_change_unique_constraint_for_share_networks.py
manila/db/sqlalchemy/migrate_repo/versions/__init__.py
manila/db/sqlalchemy/migration.py
manila/db/sqlalchemy/models.py
manila/db/sqlalchemy/session.py
manila/db/sqlalchemy/utils.py
manila.egg-info/dependency_links.txt
manila.egg-info/entry_points.txt
manila.egg-info/PKG-INFO
manila.egg-info/requires.txt
manila.egg-info/SOURCES.txt
manila.egg-info/top_level.txt
manila/exception.py
manila/flags.py
manila/image/glance.py
manila/image/image_utils.py
manila/image/__init__.py
manila/__init__.py
manila/manager.py
manila/network/__init__.py
manila/network/linux/__init__.py
manila/network/linux/interface.py
manila/network/linux/ip_lib.py
manila/network/linux/ovs_lib.py
manila/network/neutron/api.py
manila/network/neutron/constants.py
manila/network/neutron/__init__.py
manila/network/neutron/neutron_network_plugin.py
manila/openstack/common/config/generator.py
manila/openstack/common/config/__init__.py
manila/openstack/common/context.py
manila/openstack/common/eventlet_backdoor.py
manila/openstack/common/exception.py
manila/openstack/common/excutils.py
manila/openstack/common/fileutils.py
manila/openstack/common/gettextutils.py
manila/openstack/common/importutils.py
manila/openstack/common/__init__.py
manila/openstack/common/jsonutils.py
manila/openstack/common/local.py
manila/openstack/common/lockutils.py
manila/openstack/common/log.py
manila/openstack/common/loopingcall.py
manila/openstack/common/network_utils.py
manila/openstack/common/notifier/api.py
manila/openstack/common/notifier/__init__.py
manila/openstack/common/notifier/log_notifier.py
manila/openstack/common/notifier/no_op_notifier.py
manila/openstack/common/notifier/proxy.py
manila/openstack/common/notifier/rabbit_notifier.py
manila/openstack/common/notifier/rpc_notifier2.py
manila/openstack/common/notifier/rpc_notifier.py
manila/openstack/common/notifier/test_notifier.py
manila/openstack/common/policy.py
manila/openstack/common/processutils.py
manila/openstack/common/rootwrap/cmd.py
manila/openstack/common/rootwrap/filters.py
manila/openstack/common/rootwrap/__init__.py
manila/openstack/common/rootwrap/wrapper.py
manila/openstack/common/rpc/amqp.py
manila/openstack/common/rpc/common.py
manila/openstack/common/rpc/dispatcher.py
manila/openstack/common/rpc/impl_fake.py
manila/openstack/common/rpc/impl_kombu.py
manila/openstack/common/rpc/impl_qpid.py
manila/openstack/common/rpc/impl_zmq.py
manila/openstack/common/rpc/__init__.py
manila/openstack/common/rpc/matchmaker.py
manila/openstack/common/rpc/matchmaker_redis.py
manila/openstack/common/rpc/matchmaker_ring.py
manila/openstack/common/rpc/proxy.py
manila/openstack/common/rpc/serializer.py
manila/openstack/common/rpc/service.py
manila/openstack/common/rpc/zmq_receiver.py
manila/openstack/common/scheduler/base_filter.py
manila/openstack/common/scheduler/base_handler.py
manila/openstack/common/scheduler/base_weight.py
manila/openstack/common/scheduler/filter.py
manila/openstack/common/scheduler/filters/availability_zone_filter.py
manila/openstack/common/scheduler/filters/capabilities_filter.py
manila/openstack/common/scheduler/filters/extra_specs_ops.py
manila/openstack/common/scheduler/filters/ignore_attempted_hosts_filter.py
manila/openstack/common/scheduler/filters/__init__.py
manila/openstack/common/scheduler/filters/json_filter.py
manila/openstack/common/scheduler/__init__.py
manila/openstack/common/scheduler/weight.py
manila/openstack/common/scheduler/weights/__init__.py
manila/openstack/common/service.py
manila/openstack/common/sslutils.py
manila/openstack/common/strutils.py
manila/openstack/common/systemd.py
manila/openstack/common/threadgroup.py
manila/openstack/common/timeutils.py
manila/openstack/common/uuidutils.py
manila/openstack/common/versionutils.py
manila/openstack/__init__.py
manila/policy.py
manila/quota.py
manila/rpc.py
manila/scheduler/chance.py
manila/scheduler/driver.py
manila/scheduler/filters/capacity_filter.py
manila/scheduler/filter_scheduler.py
manila/scheduler/filters/__init__.py
manila/scheduler/filters/retry_filter.py
manila/scheduler/host_manager.py
manila/scheduler/__init__.py
manila/scheduler/manager.py
manila/scheduler/rpcapi.py
manila/scheduler/scheduler_options.py
manila/scheduler/simple.py
manila/scheduler/weights/capacity.py
manila/scheduler/weights/__init__.py
manila/service.py
manila/share/api.py
manila/share/configuration.py
manila/share/driver.py
manila/share/drivers/generic.py
manila/share/drivers/glusterfs.py
manila/share/drivers/__init__.py
manila/share/drivers/lvm.py
manila/share/drivers/netapp/api.py
manila/share/drivers/netapp/cluster_mode.py
manila/share/drivers/netapp/driver.py
manila/share/drivers/netapp/__init__.py
manila/share/drivers/netapp.py
manila/share/drivers/service_instance.py
manila/share/__init__.py
manila/share/manager.py
manila/share/rpcapi.py
manila/share/volume_types.py
manila/test.py
manila/tests/api/common.py
manila/tests/api/contrib/__init__.py
manila/tests/api/contrib/stubs.py
manila/tests/api/contrib/test_admin_actions.py
manila/tests/api/contrib/test_backups.py
manila/tests/api/contrib/test_extended_snapshot_attributes.py
manila/tests/api/contrib/test_hosts.py
manila/tests/api/contrib/test_services.py
manila/tests/api/contrib/test_share_actions.py
manila/tests/api/contrib/test_share_snapshots.py
manila/tests/api/contrib/test_shares.py
manila/tests/api/contrib/test_types_extra_specs.py
manila/tests/api/contrib/test_types_manage.py
manila/tests/api/contrib/test_used_limits.py
manila/tests/api/contrib/test_volume_actions.py
manila/tests/api/contrib/test_volume_host_attribute.py
manila/tests/api/contrib/test_volume_image_metadata.py
manila/tests/api/contrib/test_volume_tenant_attribute.py
manila/tests/api/extensions/foxinsocks.py
manila/tests/api/extensions/__init__.py
manila/tests/api/fakes.py
manila/tests/api/__init__.py
manila/tests/api/middleware/__init__.py
manila/tests/api/middleware/test_auth.py
manila/tests/api/middleware/test_faults.py
manila/tests/api/middleware/test_sizelimit.py
manila/tests/api/openstack/__init__.py
manila/tests/api/openstack/test_wsgi.py
manila/tests/api/test_common.py
manila/tests/api/test_extensions.py
manila/tests/api/test_router.py
manila/tests/api/test_wsgi.py
manila/tests/api/test_xmlutil.py
manila/tests/api/v1/__init__.py
manila/tests/api/v1/stubs.py
manila/tests/api/v1/test_limits.py
manila/tests/api/v1/test_security_service.py
manila/tests/api/v1/test_share_metadata.py
manila/tests/api/v1/test_share_networks.py
manila/tests/api/v1/test_share_servers.py
manila/tests/api/v1/test_share_snapshots.py
manila/tests/api/v1/test_shares.py
manila/tests/api/v1/test_snapshot_metadata.py
manila/tests/api/v1/test_snapshots.py
manila/tests/api/v1/test_types.py
manila/tests/api/v1/test_volume_metadata.py
manila/tests/api/v1/test_volumes.py
manila/tests/api/v1/test_volume_types.py
manila/tests/api/v2/__init__.py
manila/tests/api/v2/stubs.py
manila/tests/api/v2/test_limits.py
manila/tests/api/v2/test_snapshot_metadata.py
manila/tests/api/v2/test_snapshots.py
manila/tests/api/v2/test_types.py
manila/tests/api/v2/test_volumes.py
manila/tests/backup/fake_service.py
manila/tests/backup/fake_swift_client.py
manila/tests/backup/__init__.py
manila/tests/brick/__init__.py
manila/tests/brick/test_brick_lvm.py
manila/tests/compute/__init__.py
manila/tests/compute/test_nova.py
manila/tests/conf_fixture.py
manila/tests/db/fakes.py
manila/tests/db/__init__.py
manila/tests/db/test_share_servers.py
manila/tests/declare_conf.py
manila/tests/declare_flags.py
manila/tests/fake_compute.py
manila/tests/fake_driver.py
manila/tests/fake_flags.py
manila/tests/fake_network.py
manila/tests/fake_notifier.py
manila/tests/fake_service_instance.py
manila/tests/fake_utils.py
manila/tests/fake_volume.py
manila/tests/glance/__init__.py
manila/tests/glance/stubs.py
manila/tests/image/fake.py
manila/tests/image/__init__.py
manila/tests/image/test_glance.py
manila/tests/__init__.py
manila/tests/integrated/api/client.py
manila/tests/integrated/api/__init__.py
manila/tests/integrated/__init__.py
manila/tests/integrated/integrated_helpers.py
manila/tests/integrated/test_extensions.py
manila/tests/integrated/test_login.py
manila/tests/integrated/test_volumes.py
manila/tests/integrated/test_xml.py
manila/tests/monkey_patch_example/example_a.py
manila/tests/monkey_patch_example/example_b.py
manila/tests/monkey_patch_example/__init__.py
manila/tests/netapp/__init__.py
manila/tests/netapp/test_7mode_drv.py
manila/tests/netapp/test_cmode_drv.py
manila/tests/network/__init__.py
manila/tests/network/linux/__init__.py
manila/tests/network/linux/test_interface.py
manila/tests/network/linux/test_ip_lib.py
manila/tests/network/linux/test_ovs_lib.py
manila/tests/network/neutron/__init__.py
manila/tests/network/neutron/test_neutron_api.py
manila/tests/network/neutron/test_neutron_plugin.py
manila/tests/network/test_security_service_db.py
manila/tests/network/test_share_network_db.py
manila/tests/policy.json
manila/tests/runtime_conf.py
manila/tests/runtime_flags.py
manila/tests/scheduler/fakes.py
manila/tests/scheduler/__init__.py
manila/tests/scheduler/test_capacity_weigher.py
manila/tests/scheduler/test_filter_scheduler.py
manila/tests/scheduler/test_host_filters.py
manila/tests/scheduler/test_host_manager.py
manila/tests/scheduler/test_rpcapi.py
manila/tests/scheduler/test_scheduler_options.py
manila/tests/scheduler/test_scheduler.py
manila/tests/share/__init__.py
manila/tests/share/test_manager.py
manila/tests/test_api.py
manila/tests/test_backup.py
manila/tests/test_backup_swift.py
manila/tests/test_conf.py
manila/tests/test_context.py
manila/tests/test_coraid.py
manila/tests/test_drivers_compatibility.py
manila/tests/test_emc.py
manila/tests/test_exception.py
manila/tests/test_flags.py
manila/tests/test_glusterfs.py
manila/tests/test_hp3par.py
manila/tests/test_HpSanISCSIDriver.py
manila/tests/test_huawei.py
manila/tests/test_iscsi.py
manila/tests/test_manager.py
manila/tests/test_migrations.conf
manila/tests/test_migrations.py
manila/tests/test_misc.py
manila/tests/test_netapp_nfs.py
manila/tests/test_netapp.py
manila/tests/test_neutron.py
manila/tests/test_nexenta.py
manila/tests/test_nfs.py
manila/tests/test_policy.py
manila/tests/test_quota.py
manila/tests/test_rbd.py
manila/tests/test_scality.py
manila/tests/test_service_instance.py
manila/tests/test_service.py
manila/tests/test_share_api.py
manila/tests/test_share_driver.py
manila/tests/test_share_generic.py
manila/tests/test_share_glusterfs.py
manila/tests/test_share_lvm.py
manila/tests/test_share_netapp.py
manila/tests/test_share.py
manila/tests/test_share_rpcapi.py
manila/tests/test_sheepdog.py
manila/tests/test_skip_examples.py
manila/tests/test_solidfire.py
manila/tests/test_storwize_svc.py
manila/tests/test_test.py
manila/tests/test_test_utils.py
manila/tests/test_utils.py
manila/tests/test_volume_configuration.py
manila/tests/test_volume_glance_metadata.py
manila/tests/test_volume.py
manila/tests/test_volume_rpcapi.py
manila/tests/test_volume_types_extra_specs.py
manila/tests/test_volume_types.py
manila/tests/test_volume_utils.py
manila/tests/test_windows.py
manila/tests/test_wsgi.py
manila/tests/test_xenapi_sm.py
manila/tests/test_xiv.py
manila/tests/test_zadara.py
manila/tests/utils.py
manila/tests/var/ca.crt
manila/tests/var/certificate.crt
manila/tests/var/privatekey.key
manila/tests/volume/__init__.py
manila/tests/volume/test_cinder.py
manila/tests/windows/basetestcase.py
manila/tests/windows/db_fakes.py
manila/tests/windows/__init__.py
manila/tests/windows/mockproxy.py
manila/tests/windows/windowsutils.py
manila/tests/xenapi/__init__.py
manila/utils.py
manila/version.py
manila/volume/api.py
manila/volume/cinder.py
manila/volume/configuration.py
manila/volume/driver.py
manila/volume/drivers/coraid.py
manila/volume/drivers/emc/cinder_emc_config.xml.sample
manila/volume/drivers/emc/emc_smis_common.py
manila/volume/drivers/emc/emc_smis_iscsi.py
manila/volume/drivers/emc/__init__.py
manila/volume/drivers/glusterfs.py
manila/volume/drivers/huawei/cinder_huawei_conf.xml.sample
manila/volume/drivers/huawei/huawei_iscsi.py
manila/volume/drivers/huawei/__init__.py
manila/volume/drivers/__init__.py
manila/volume/drivers/lvm.py
manila/volume/drivers/netapp/api.py
manila/volume/drivers/netapp/__init__.py
manila/volume/drivers/netapp/iscsi.py
manila/volume/drivers/netapp/nfs.py
manila/volume/drivers/nexenta/__init__.py
manila/volume/drivers/nexenta/jsonrpc.py
manila/volume/drivers/nexenta/volume.py
manila/volume/drivers/nfs.py
manila/volume/drivers/rbd.py
manila/volume/drivers/san/hp/hp_3par_common.py
manila/volume/drivers/san/hp/hp_3par_fc.py
manila/volume/drivers/san/hp/hp_3par_iscsi.py
manila/volume/drivers/san/hp/__init__.py
manila/volume/drivers/san/hp_lefthand.py
manila/volume/drivers/san/__init__.py
manila/volume/drivers/san/san.py
manila/volume/drivers/san/solaris.py
manila/volume/drivers/scality.py
manila/volume/drivers/sheepdog.py
manila/volume/drivers/solidfire.py
manila/volume/drivers/storwize_svc.py
manila/volume/drivers/windows.py
manila/volume/drivers/xenapi/__init__.py
manila/volume/drivers/xenapi/lib.py
manila/volume/drivers/xenapi/sm.py
manila/volume/drivers/xenapi/tools.py
manila/volume/drivers/xiv.py
manila/volume/drivers/zadara.py
manila/volume/__init__.py
manila/volume/manager.py
manila/volume/rpcapi.py
manila/volume/utils.py
manila/volume/volume_types.py
manila/wsgi.py
openstack-common.conf
pylintrc
README.md
README.rst
requirements.txt
run_tests.sh
setup.cfg
setup.py
.testr.conf
test-requirements.txt
tools/colorizer.py
tools/conf/extract_opts.py
tools/conf/generate_sample.sh
tools/config/check_uptodate.sh
tools/config/generate_sample.sh
tools/config/oslo.config.generator.rc
tools/enable-pre-commit-hook.sh
tools/install_venv_common.py
tools/install_venv.py
tools/lintstack.py
tools/lintstack.sh
tools/patch_tox_venv.py
tools/pip-requires
tools/test-requires
tools/with_venv.sh
tox.ini
