.coveragerc
doc/source/conf.py
doc/source/index.rst
doc/source/man/tuskar.rst
doc/source/_static/basic.css
doc/source/_static/default.css
doc/source/_static/header-line.gif
doc/source/_static/jquery.tweet.js
doc/source/_static/nature.css
doc/source/_static/pygments.css
doc/source/_static/tweaks.css
doc/source/_theme/layout.html
doc/source/_theme/theme.conf
LICENSE
MANIFEST.in
openstack-common.conf
README.rst
requirements.txt
setup.cfg
setup.py
.testr.conf
test-requirements.txt
tools/tuskar_with_venv.sh
tools/with_venv.sh
tox.ini
.travis.yml
tuskarclient/client.py
tuskarclient/common/base.py
tuskarclient/common/formatting.py
tuskarclient/common/http.py
tuskarclient/common/__init__.py
tuskarclient/common/utils.py
tuskarclient/exc.py
tuskarclient/__init__.py
tuskarclient/openstack/common/apiclient/auth.py
tuskarclient/openstack/common/apiclient/base.py
tuskarclient/openstack/common/apiclient/client.py
tuskarclient/openstack/common/apiclient/exceptions.py
tuskarclient/openstack/common/apiclient/fake_client.py
tuskarclient/openstack/common/apiclient/__init__.py
tuskarclient/openstack/common/gettextutils.py
tuskarclient/openstack/common/importutils.py
tuskarclient/openstack/common/__init__.py
tuskarclient/openstack/common/py3kcompat/__init__.py
tuskarclient/openstack/common/py3kcompat/urlutils.py
tuskarclient/openstack/common/strutils.py
tuskarclient/openstack/__init__.py
tuskarclient/shell.py
tuskarclient/tests/common/__init__.py
tuskarclient/tests/common/test_base.py
tuskarclient/tests/common/test_formatting.py
tuskarclient/tests/common/test_utils.py
tuskarclient/tests/__init__.py
tuskarclient/tests/integration/__init__.py
tuskarclient/tests/integration/test_help_command.py
tuskarclient/tests/test_client.py
tuskarclient/tests/test_http.py
tuskarclient/tests/test_shell.py
tuskarclient/tests/test_utils.py
tuskarclient/tests/utils.py
tuskarclient/tests/v1_0/__init__.py
tuskarclient/tests/v1_0/test_client.py
tuskarclient/tests/v1_0/test_racks.py
tuskarclient/tests/v1_0/test_resource_class.py
tuskarclient/tests/v1/__init__.py
tuskarclient/tests/v1/test_client.py
tuskarclient/tests/v1/test_data_centers.py
tuskarclient/tests/v1/test_flavors.py
tuskarclient/tests/v1/test_flavors_shell.py
tuskarclient/tests/v1/test_nodes.py
tuskarclient/tests/v1/test_overcloud_roles.py
tuskarclient/tests/v1/test_overcloud_roles_shell.py
tuskarclient/tests/v1/test_overclouds.py
tuskarclient/tests/v1/test_overclouds_shell.py
tuskarclient/tests/v1/test_racks.py
tuskarclient/tests/v1/test_racks_shell.py
tuskarclient/tests/v1/test_resource_class.py
tuskarclient/tests/v2/__init__.py
tuskarclient/tests/v2/test_client.py
tuskarclient/tests/v2/test_plans.py
tuskarclient/tests/v2/test_roles.py
tuskarclient/utils.py
tuskarclient/v1_0/argparsers.py
tuskarclient/v1_0/client.py
tuskarclient/v1_0/__init__.py
tuskarclient/v1_0/racks.py
tuskarclient/v1_0/resource_classes.py
tuskarclient/v1/argparsers.py
tuskarclient/v1/client.py
tuskarclient/v1/data_centers.py
tuskarclient/v1/data_centers_shell.py
tuskarclient/v1/flavors.py
tuskarclient/v1/flavors_shell.py
tuskarclient/v1/__init__.py
tuskarclient/v1/nodes.py
tuskarclient/v1/nodes_shell.py
tuskarclient/v1/overcloud_roles.py
tuskarclient/v1/overcloud_roles_shell.py
tuskarclient/v1/overclouds.py
tuskarclient/v1/overclouds_shell.py
tuskarclient/v1/racks.py
tuskarclient/v1/racks_shell.py
tuskarclient/v1/resource_classes.py
tuskarclient/v1/resource_classes_shell.py
tuskarclient/v1/shell.py
tuskarclient/v2/client.py
tuskarclient/v2/__init__.py
tuskarclient/v2/plans.py
tuskarclient/v2/roles.py
