doc/openstack-patches/glance-client-stable-folsom.patch
doc/openstack-patches/glance-stable-folsom.patch
doc/openstack-patches/keystone-stable-folsom.patch
doc/openstack-patches/nova-stable-folsom.patch
doc/source/conf.py
doc/source/index.rst
LICENSE.txt
py33-requirements.txt
py33-test-requirements.txt
README.md
requirements.txt
setup.cfg
setup.py
test-requirements.txt
tests/basic.py
tests/bench.py
tomograph/backends/__init__.py
tomograph/backends/log/__init__.py
tomograph/backends/statsd/__init__.py
tomograph/backends/statsd/statsd.py
tomograph/backends/zipkin/generated/__init__.py
tomograph/backends/zipkin/generated/scribe/constants.py
tomograph/backends/zipkin/generated/scribe/__init__.py
tomograph/backends/zipkin/generated/scribe/scribe.py
tomograph/backends/zipkin/generated/scribe/scribe-remote
tomograph/backends/zipkin/generated/scribe/ttypes.py
tomograph/backends/zipkin/generated/zipkinCore/constants.py
tomograph/backends/zipkin/generated/zipkinCore/__init__.py
tomograph/backends/zipkin/generated/zipkinCore/ttypes.py
tomograph/backends/zipkin/__init__.py
tomograph/backends/zipkin/sender.py
tomograph/backends/zipkin/zipkin.py
tomograph/backends/zipkin/zipkin_thrift.py
tomograph/cache.py
tomograph/config.py
tomograph/__init__.py
tomograph/tomograph.py
tomograph/types.py
tomograph/version.py
tools/pip-requires
tox.ini
