ceilometerclient/client.py
ceilometerclient/common/base.py
ceilometerclient/common/http.py
ceilometerclient/common/__init__.py
ceilometerclient/common/utils.py
ceilometerclient/exc.py
ceilometerclient/__init__.py
ceilometerclient/openstack/common/apiclient/auth.py
ceilometerclient/openstack/common/apiclient/base.py
ceilometerclient/openstack/common/apiclient/client.py
ceilometerclient/openstack/common/apiclient/exceptions.py
ceilometerclient/openstack/common/apiclient/fake_client.py
ceilometerclient/openstack/common/apiclient/__init__.py
ceilometerclient/openstack/common/cliutils.py
ceilometerclient/openstack/common/gettextutils.py
ceilometerclient/openstack/common/importutils.py
ceilometerclient/openstack/common/__init__.py
ceilometerclient/openstack/common/py3kcompat/__init__.py
ceilometerclient/openstack/common/py3kcompat/urlutils.py
ceilometerclient/openstack/common/setup.py
ceilometerclient/openstack/common/strutils.py
ceilometerclient/openstack/common/version.py
ceilometerclient/openstack/__init__.py
ceilometerclient/shell.py
ceilometerclient/tests/fakes.py
ceilometerclient/tests/__init__.py
ceilometerclient/tests/test_client.py
ceilometerclient/tests/test_exc.py
ceilometerclient/tests/test_http.py
ceilometerclient/tests/test_shell.py
ceilometerclient/tests/test_utils.py
ceilometerclient/tests/utils.py
ceilometerclient/tests/v1/__init__.py
ceilometerclient/tests/v1/test_meters.py
ceilometerclient/tests/v1/test_projects.py
ceilometerclient/tests/v1/test_resources.py
ceilometerclient/tests/v1/test_samples.py
ceilometerclient/tests/v1/test_users.py
ceilometerclient/tests/v2/__init__.py
ceilometerclient/tests/v2/test_alarms.py
ceilometerclient/tests/v2/test_events.py
ceilometerclient/tests/v2/test_event_types.py
ceilometerclient/tests/v2/test_options.py
ceilometerclient/tests/v2/test_query_alarm_history.py
ceilometerclient/tests/v2/test_query_alarms.py
ceilometerclient/tests/v2/test_query_samples.py
ceilometerclient/tests/v2/test_resources.py
ceilometerclient/tests/v2/test_samples.py
ceilometerclient/tests/v2/test_shell.py
ceilometerclient/tests/v2/test_statistics.py
ceilometerclient/tests/v2/test_trait_descriptions.py
ceilometerclient/tests/v2/test_traits.py
ceilometerclient/v1/client.py
ceilometerclient/v1/__init__.py
ceilometerclient/v1/meters.py
ceilometerclient/v1/shell.py
ceilometerclient/v2/alarms.py
ceilometerclient/v2/client.py
ceilometerclient/v2/events.py
ceilometerclient/v2/event_types.py
ceilometerclient/v2/__init__.py
ceilometerclient/v2/meters.py
ceilometerclient/v2/options.py
ceilometerclient/v2/query.py
ceilometerclient/v2/query_samples.py
ceilometerclient/v2/resources.py
ceilometerclient/v2/samples.py
ceilometerclient/v2/shell.py
ceilometerclient/v2/statistics.py
ceilometerclient/v2/trait_descriptions.py
ceilometerclient/v2/traits.py
ceilometerclient/version.py
doc/source/conf.py
doc/source/index.rst
LICENSE
MANIFEST.in
openstack-common.conf
README.md
README.rst
requirements.txt
run_tests.sh
setup.cfg
setup.py
.testr.conf
test-requirements.txt
tests/fakes.py
tests/__init__.py
tests/test_http.py
tests/test_shell.py
tests/test_utils.py
tests/utils.py
tests/v1/__init__.py
tests/v1/test_meters.py
tests/v1/test_projects.py
tests/v1/test_resources.py
tests/v1/test_samples.py
tests/v1/test_shell.py
tests/v1/test_users.py
tests/v2/__init__.py
tests/v2/test_alarms.py
tests/v2/test_options.py
tests/v2/test_resources.py
tests/v2/test_samples.py
tests/v2/test_statistics.py
tools/ceilometer.bash_completion
tools/install_venv_common.py
tools/install_venv.py
tools/pip-requires
tools/test-requires
tools/with_venv.sh
tox.ini
