AUTHORS
cinderclient/auth_plugin.py
cinderclient/base.py
cinderclient/client.py
cinderclient/exceptions.py
cinderclient/extension.py
cinderclient/__init__.py
cinderclient/openstack/common/apiclient/auth.py
cinderclient/openstack/common/apiclient/base.py
cinderclient/openstack/common/apiclient/client.py
cinderclient/openstack/common/apiclient/exceptions.py
cinderclient/openstack/common/apiclient/fake_client.py
cinderclient/openstack/common/apiclient/__init__.py
cinderclient/openstack/common/gettextutils.py
cinderclient/openstack/common/importutils.py
cinderclient/openstack/common/__init__.py
cinderclient/openstack/common/py3kcompat/__init__.py
cinderclient/openstack/common/py3kcompat/urlutils.py
cinderclient/openstack/common/setup.py
cinderclient/openstack/common/strutils.py
cinderclient/openstack/common/version.py
cinderclient/openstack/__init__.py
cinderclient/service_catalog.py
cinderclient/shell.py
cinderclient/tests/fakes.py
cinderclient/tests/fixture_data/__init__.py
cinderclient/tests/fixture_data/keystone_client.py
cinderclient/tests/__init__.py
cinderclient/tests/test_auth_plugins.py
cinderclient/tests/test_base.py
cinderclient/tests/test_client.py
cinderclient/tests/test_http.py
cinderclient/tests/test_service_catalog.py
cinderclient/tests/test_shell.py
cinderclient/tests/test_utils.py
cinderclient/tests/utils.py
cinderclient/tests/v1/contrib/__init__.py
cinderclient/tests/v1/contrib/test_list_extensions.py
cinderclient/tests/v1/fakes.py
cinderclient/tests/v1/__init__.py
cinderclient/tests/v1/test_auth.py
cinderclient/tests/v1/test_availability_zone.py
cinderclient/tests/v1/testfile.txt
cinderclient/tests/v1/test_limits.py
cinderclient/tests/v1/test_qos.py
cinderclient/tests/v1/test_quota_classes.py
cinderclient/tests/v1/test_quotas.py
cinderclient/tests/v1/test_services.py
cinderclient/tests/v1/test_shell.py
cinderclient/tests/v1/test_snapshot_actions.py
cinderclient/tests/v1/test_types.py
cinderclient/tests/v1/test_volume_backups.py
cinderclient/tests/v1/test_volume_encryption_types.py
cinderclient/tests/v1/test_volumes.py
cinderclient/tests/v1/test_volume_transfers.py
cinderclient/tests/v2/contrib/__init__.py
cinderclient/tests/v2/contrib/test_list_extensions.py
cinderclient/tests/v2/fakes.py
cinderclient/tests/v2/__init__.py
cinderclient/tests/v2/test_auth.py
cinderclient/tests/v2/test_availability_zone.py
cinderclient/tests/v2/test_limits.py
cinderclient/tests/v2/test_qos.py
cinderclient/tests/v2/test_quota_classes.py
cinderclient/tests/v2/test_quotas.py
cinderclient/tests/v2/test_services.py
cinderclient/tests/v2/test_shell.py
cinderclient/tests/v2/test_snapshot_actions.py
cinderclient/tests/v2/test_types.py
cinderclient/tests/v2/test_volume_backups.py
cinderclient/tests/v2/test_volume_encryption_types.py
cinderclient/tests/v2/test_volumes.py
cinderclient/tests/v2/test_volume_transfers.py
cinderclient/utils.py
cinderclient/v1/availability_zones.py
cinderclient/v1/client.py
cinderclient/v1/contrib/__init__.py
cinderclient/v1/contrib/list_extensions.py
cinderclient/v1/__init__.py
cinderclient/v1/limits.py
cinderclient/v1/qos_specs.py
cinderclient/v1/quota_classes.py
cinderclient/v1/quotas.py
cinderclient/v1/services.py
cinderclient/v1/shell.py
cinderclient/v1/volume_backups.py
cinderclient/v1/volume_backups_restore.py
cinderclient/v1/volume_encryption_types.py
cinderclient/v1/volume_snapshots.py
cinderclient/v1/volumes.py
cinderclient/v1/volume_transfers.py
cinderclient/v1/volume_types.py
cinderclient/v2/availability_zones.py
cinderclient/v2/client.py
cinderclient/v2/contrib/__init__.py
cinderclient/v2/contrib/list_extensions.py
cinderclient/v2/__init__.py
cinderclient/v2/limits.py
cinderclient/v2/qos_specs.py
cinderclient/v2/quota_classes.py
cinderclient/v2/quotas.py
cinderclient/v2/services.py
cinderclient/v2/shell.py
cinderclient/v2/volume_backups.py
cinderclient/v2/volume_backups_restore.py
cinderclient/v2/volume_encryption_types.py
cinderclient/v2/volume_snapshots.py
cinderclient/v2/volumes.py
cinderclient/v2/volume_transfers.py
cinderclient/v2/volume_types.py
.coveragerc
docs/api.rst
docs/conf.py
docs/index.rst
doc/source/api.rst
doc/source/conf.py
doc/source/index.rst
doc/source/man/cinder.rst
doc/source/ref/backup_schedules.rst
doc/source/ref/exceptions.rst
doc/source/ref/flavors.rst
doc/source/ref/images.rst
doc/source/ref/index.rst
doc/source/ref/ipgroups.rst
doc/source/ref/servers.rst
doc/source/releases.rst
doc/source/shell.rst
docs/ref/backup_schedules.rst
docs/ref/exceptions.rst
docs/ref/flavors.rst
docs/ref/images.rst
docs/ref/index.rst
docs/ref/ipgroups.rst
docs/ref/servers.rst
docs/releases.rst
docs/shell.rst
HACKING
HACKING.rst
LICENSE
MANIFEST.in
openstack-common.conf
README.rst
requirements.txt
run_tests.sh
setup.cfg
setup.py
.testr.conf
test-requirements.txt
tests/fakes.py
tests/__init__.py
tests/test_base.py
tests/test_client.py
tests/test_http.py
tests/test_service_catalog.py
tests/test_shell.py
tests/test_utils.py
tests/utils.py
tests/v1/contrib/__init__.py
tests/v1/contrib/test_list_extensions.py
tests/v1/fakes.py
tests/v1/__init__.py
tests/v1/test_auth.py
tests/v1/testfile.txt
tests/v1/test_limits.py
tests/v1/test_quota_classes.py
tests/v1/test_quotas.py
tests/v1/test_shell.py
tests/v1/test_types.py
tests/v1/test_volume_backups.py
tests/v1/test_volumes.py
tests/v1/utils.py
tests/v2/contrib/__init__.py
tests/v2/contrib/test_list_extensions.py
tests/v2/fakes.py
tests/v2/__init__.py
tests/v2/test_auth.py
tests/v2/test_quota_classes.py
tests/v2/test_quotas.py
tests/v2/test_shell.py
tests/v2/test_types.py
tests/v2/test_volume_backups.py
tests/v2/test_volumes.py
tools/cinder.bash_completion
tools/colorizer.py
tools/generate_authors.sh
tools/install_venv_common.py
tools/install_venv.py
tools/nova.bash_completion
tools/pip-requires
tools/rfc.sh
tools/test-requires
tools/with_venv.sh
tox.ini
