bin/neutron-rootwrap
bin/neutron-rootwrap-xen-dom0
.coveragerc
doc/pom.xml
doc/source/conf.py
doc/source/devref/advanced_services.rst
doc/source/devref/api_extensions.rst
doc/source/devref/api_layer.rst
doc/source/devref/common.rst
doc/source/devref/db_layer.rst
doc/source/devref/development.environment.rst
doc/source/devref/fwaas.rst
doc/source/devref/index.rst
doc/source/devref/l2_agents.rst
doc/source/devref/layer3.rst
doc/source/devref/lbaas.rst
doc/source/devref/linuxbridge_agent.rst
doc/source/devref/openvswitch_agent.rst
doc/source/devref/plugin-api.rst
doc/source/devref/rpc_api.rst
doc/source/devref/security_group_api.rst
doc/source/devref/vpnaas.rst
doc/source/docbkx/docbkx-example/pom.xml
doc/source/docbkx/docbkx-example/src/docbkx/example.xml
doc/source/docbkx/docbkx-example/src/docbkx/figures/example.sdx
doc/source/docbkx/quantum-api-1.0/common.ent
doc/source/docbkx/quantum-api-1.0/js/shjs/sh_java.js
doc/source/docbkx/quantum-api-1.0/js/shjs/sh_javascript.js
doc/source/docbkx/quantum-api-1.0/js/shjs/sh_main.js
doc/source/docbkx/quantum-api-1.0/js/shjs/sh_xml.js
doc/source/docbkx/quantum-api-1.0/js/trc/schema/controller.js
doc/source/docbkx/quantum-api-1.0/js/trc/schema/layoutManager.js
doc/source/docbkx/quantum-api-1.0/js/trc/schema/sampleManager.js
doc/source/docbkx/quantum-api-1.0/js/trc/util.js
doc/source/docbkx/quantum-api-1.0/quantum-api-guide.xml
doc/source/docbkx/quantum-api-1.0/samples/att-get-res.json
doc/source/docbkx/quantum-api-1.0/samples/att-get-res-none.json
doc/source/docbkx/quantum-api-1.0/samples/att-get-res-none.xml
doc/source/docbkx/quantum-api-1.0/samples/att-get-res.xml
doc/source/docbkx/quantum-api-1.0/samples/att-put-req.json
doc/source/docbkx/quantum-api-1.0/samples/att-put-req.xml
doc/source/docbkx/quantum-api-1.0/samples/extensions.json
doc/source/docbkx/quantum-api-1.0/samples/extensions.xml
doc/source/docbkx/quantum-api-1.0/samples/fault.json
doc/source/docbkx/quantum-api-1.0/samples/fault.xml
doc/source/docbkx/quantum-api-1.0/samples/network-get-detail-res.json
doc/source/docbkx/quantum-api-1.0/samples/network-get-detail-res.xml
doc/source/docbkx/quantum-api-1.0/samples/network-get-res.json
doc/source/docbkx/quantum-api-1.0/samples/network-get-res.xml
doc/source/docbkx/quantum-api-1.0/samples/network-post-req.json
doc/source/docbkx/quantum-api-1.0/samples/network-post-req.xml
doc/source/docbkx/quantum-api-1.0/samples/network-post-res.json
doc/source/docbkx/quantum-api-1.0/samples/network-post-res.xml
doc/source/docbkx/quantum-api-1.0/samples/networks-get-detail-res.json
doc/source/docbkx/quantum-api-1.0/samples/networks-get-detail-res.xml
doc/source/docbkx/quantum-api-1.0/samples/networks-get-res.json
doc/source/docbkx/quantum-api-1.0/samples/networks-get-res.xml
doc/source/docbkx/quantum-api-1.0/samples/networks-post-req.json
doc/source/docbkx/quantum-api-1.0/samples/networks-post-req.xml
doc/source/docbkx/quantum-api-1.0/samples/networks-post-res.json
doc/source/docbkx/quantum-api-1.0/samples/networks-post-res.xml
doc/source/docbkx/quantum-api-1.0/samples/notfound.json
doc/source/docbkx/quantum-api-1.0/samples/notfound.xml
doc/source/docbkx/quantum-api-1.0/samples/notimplemented.json
doc/source/docbkx/quantum-api-1.0/samples/notimplemented.xml
doc/source/docbkx/quantum-api-1.0/samples/port-get-detail-res.json
doc/source/docbkx/quantum-api-1.0/samples/port-get-detail-res.xml
doc/source/docbkx/quantum-api-1.0/samples/port-get-res.json
doc/source/docbkx/quantum-api-1.0/samples/port-get-res.xml
doc/source/docbkx/quantum-api-1.0/samples/port-post-req.json
doc/source/docbkx/quantum-api-1.0/samples/port-post-req.xml
doc/source/docbkx/quantum-api-1.0/samples/port-post-res.json
doc/source/docbkx/quantum-api-1.0/samples/port-post-res.xml
doc/source/docbkx/quantum-api-1.0/samples/ports-get-detail-res.json
doc/source/docbkx/quantum-api-1.0/samples/ports-get-detail-res.xml
doc/source/docbkx/quantum-api-1.0/samples/ports-get-res.json
doc/source/docbkx/quantum-api-1.0/samples/ports-get-res.xml
doc/source/docbkx/quantum-api-1.0/samples/private.json
doc/source/docbkx/quantum-api-1.0/samples/private.xml
doc/source/docbkx/quantum-api-1.0/samples/public.json
doc/source/docbkx/quantum-api-1.0/samples/public.xml
doc/source/docbkx/quantum-api-1.0/samples/versions-atom.xml
doc/source/docbkx/quantum-api-1.0/samples/versions.json
doc/source/docbkx/quantum-api-1.0/samples/versions.xml
doc/source/docbkx/quantum-api-1.0/style/schema.css
doc/source/docbkx/quantum-api-1.0/style/shjs/sh_acid.css
doc/source/docbkx/quantum-api-1.0/style/shjs/sh_darkblue.css
doc/source/docbkx/quantum-api-1.0/style/shjs/sh_emacs.css
doc/source/docbkx/quantum-api-1.0/style/shjs/sh_night.css
doc/source/docbkx/quantum-api-1.0/style/shjs/sh_pablo.css
doc/source/docbkx/quantum-api-1.0/style/shjs/sh_print.css
doc/source/docbkx/quantum-api-1.0/style/shjs/sh_style.css
doc/source/docbkx/quantum-api-1.0/style/shjs/sh_whitengrey.css
doc/source/docbkx/quantum-api-1.0/xsd/actions.xsd
doc/source/docbkx/quantum-api-1.0/xsd/affinity-id.xjb
doc/source/docbkx/quantum-api-1.0/xsd/affinity-id.xsd
doc/source/docbkx/quantum-api-1.0/xsd/api-common.xjb
doc/source/docbkx/quantum-api-1.0/xsd/api-common.xsd
doc/source/docbkx/quantum-api-1.0/xsd/api.xjb
doc/source/docbkx/quantum-api-1.0/xsd/api.xsd
doc/source/docbkx/quantum-api-1.0/xsd/atom/atom.xsd
doc/source/docbkx/quantum-api-1.0/xsd/atom.xjb
doc/source/docbkx/quantum-api-1.0/xsd/atom/xml.xsd
doc/source/docbkx/quantum-api-1.0/xsd/backup.xsd
doc/source/docbkx/quantum-api-1.0/xsd/common.xsd
doc/source/docbkx/quantum-api-1.0/xsd/extensions.xsd
doc/source/docbkx/quantum-api-1.0/xsd/ext/rax-dme/api.xsd
doc/source/docbkx/quantum-api-1.0/xsd/ext/rax-dme/rax-dme.xsd
doc/source/docbkx/quantum-api-1.0/xsd/faults.xsd
doc/source/docbkx/quantum-api-1.0/xsd/flavor.xsd
doc/source/docbkx/quantum-api-1.0/xsd/.htaccess
doc/source/docbkx/quantum-api-1.0/xsd/image.xsd
doc/source/docbkx/quantum-api-1.0/xsd/ipgroup.xsd
doc/source/docbkx/quantum-api-1.0/xsd/limits.xsd
doc/source/docbkx/quantum-api-1.0/xsd/metadata.xsd
doc/source/docbkx/quantum-api-1.0/xsd/server.xsd
doc/source/docbkx/quantum-api-1.0/xsd/shareip.xjb
doc/source/docbkx/quantum-api-1.0/xsd/shareip.xsd
doc/source/docbkx/quantum-api-1.0/xsd/txt.htaccess
doc/source/docbkx/quantum-api-1.0/xsd/version.xsd
doc/source/docbkx/quantum-api-1.0/xslt/schema.xsl
doc/source/index.rst
doc/source/man/neutron-server.rst
etc/api-paste.ini
etc/dhcp_agent.ini
etc/fwaas_driver.ini
etc/init.d/neutron-server
etc/init.d/tacker-server
etc/l3_agent.ini
etc/lbaas_agent.ini
etc/metadata_agent.ini
etc/metering_agent.ini
etc/neutron.conf
etc/neutron/plugins/bigswitch/restproxy.ini
etc/neutron/plugins/brocade/brocade.ini
etc/neutron/plugins/cisco/cisco_plugins.ini
etc/neutron/plugins/cisco/cisco_vpn_agent.ini
etc/neutron/plugins/embrane/heleos_conf.ini
etc/neutron/plugins/hyperv/hyperv_neutron_plugin.ini
etc/neutron/plugins/ibm/sdnve_neutron_plugin.ini
etc/neutron/plugins/linuxbridge/linuxbridge_conf.ini
etc/neutron/plugins/metaplugin/metaplugin.ini
etc/neutron/plugins/midonet/midonet.ini
etc/neutron/plugins/ml2/ml2_conf_arista.ini
etc/neutron/plugins/ml2/ml2_conf_brocade.ini
etc/neutron/plugins/ml2/ml2_conf_cisco.ini
etc/neutron/plugins/ml2/ml2_conf_fslsdn.ini
etc/neutron/plugins/ml2/ml2_conf.ini
etc/neutron/plugins/ml2/ml2_conf_mlnx.ini
etc/neutron/plugins/ml2/ml2_conf_ncs.ini
etc/neutron/plugins/ml2/ml2_conf_odl.ini
etc/neutron/plugins/ml2/ml2_conf_ofa.ini
etc/neutron/plugins/mlnx/mlnx_conf.ini
etc/neutron/plugins/nec/nec.ini
etc/neutron/plugins/nuage/nuage_plugin.ini
etc/neutron/plugins/oneconvergence/nvsdplugin.ini
etc/neutron/plugins/openvswitch/ovs_neutron_plugin.ini
etc/neutron/plugins/plumgrid/plumgrid.ini
etc/neutron/plugins/ryu/ryu.ini
etc/neutron/plugins/vmware/nsx.ini
etc/neutron/rootwrap.d/debug.filters
etc/neutron/rootwrap.d/dhcp.filters
etc/neutron/rootwrap.d/iptables-firewall.filters
etc/neutron/rootwrap.d/l3.filters
etc/neutron/rootwrap.d/lbaas-haproxy.filters
etc/neutron/rootwrap.d/linuxbridge-plugin.filters
etc/neutron/rootwrap.d/nec-plugin.filters
etc/neutron/rootwrap.d/openvswitch-plugin.filters
etc/neutron/rootwrap.d/ryu-plugin.filters
etc/neutron/rootwrap.d/vpnaas.filters
etc/policy.json
etc/rootwrap.conf
etc/services.conf
etc/tacker/api-paste.ini
etc/tacker/policy.json
etc/tacker/rootwrap.conf
etc/tacker/rootwrap.d/servicevm.filters
etc/tacker/tacker.conf
etc/vpn_agent.ini
HACKING.rst
LICENSE
MANIFEST.in
neutron/agent/common/config.py
neutron/agent/common/__init__.py
neutron/agent/dhcp_agent.py
neutron/agent/firewall.py
neutron/agent/__init__.py
neutron/agent/l2population_rpc.py
neutron/agent/l3_agent.py
neutron/agent/linux/async_process.py
neutron/agent/linux/daemon.py
neutron/agent/linux/dhcp.py
neutron/agent/linux/external_process.py
neutron/agent/linux/__init__.py
neutron/agent/linux/interface.py
neutron/agent/linux/ip_lib.py
neutron/agent/linux/iptables_firewall.py
neutron/agent/linux/iptables_manager.py
neutron/agent/linux/ovsdb_monitor.py
neutron/agent/linux/ovs_lib.py
neutron/agent/linux/polling.py
neutron/agent/linux/utils.py
neutron/agent/metadata/agent.py
neutron/agent/metadata/__init__.py
neutron/agent/metadata/namespace_proxy.py
neutron/agent/netns_cleanup_util.py
neutron/agent/ovs_cleanup_util.py
neutron/agent/rpc.py
neutron/agent/securitygroups_rpc.py
neutron/api/api_common.py
neutron/api/extensions.py
neutron/api/__init__.py
neutron/api/rpc/agentnotifiers/dhcp_rpc_agent_api.py
neutron/api/rpc/agentnotifiers/__init__.py
neutron/api/rpc/agentnotifiers/l3_rpc_agent_api.py
neutron/api/rpc/agentnotifiers/metering_rpc_agent_api.py
neutron/api/rpc/__init__.py
neutron/api/v2/attributes.py
neutron/api/v2/base.py
neutron/api/v2/__init__.py
neutron/api/v2/resource_helper.py
neutron/api/v2/resource.py
neutron/api/v2/router.py
neutron/api/versions.py
neutron/api/views/__init__.py
neutron/api/views/versions.py
neutron/auth.py
neutron/cmd/__init__.py
neutron/cmd/sanity_check.py
neutron/cmd/sanity/checks.py
neutron/cmd/sanity/__init__.py
neutron/cmd/usage_audit.py
neutron/common/config.py
neutron/common/constants.py
neutron/common/exceptions.py
neutron/common/__init__.py
neutron/common/ipv6_utils.py
neutron/common/log.py
neutron/common/rpc_compat.py
neutron/common/rpc.py
neutron/common/test_lib.py
neutron/common/topics.py
neutron/common/utils.py
neutron/context.py
neutron/db/agentschedulers_db.py
neutron/db/agents_db.py
neutron/db/allowedaddresspairs_db.py
neutron/db/api.py
neutron/db/db_base_plugin_v2.py
neutron/db/dhcp_rpc_base.py
neutron/db/external_net_db.py
neutron/db/extradhcpopt_db.py
neutron/db/extraroute_db.py
neutron/db/firewall/firewall_db.py
neutron/db/firewall/__init__.py
neutron/db/__init__.py
neutron/db/l3_agentschedulers_db.py
neutron/db/l3_db.py
neutron/db/l3_gwmode_db.py
neutron/db/l3_rpc_base.py
neutron/db/loadbalancer/__init__.py
neutron/db/loadbalancer/loadbalancer_db.py
neutron/db/metering/__init__.py
neutron/db/metering/metering_db.py
neutron/db/metering/metering_rpc.py
neutron/db/migration/alembic.ini
neutron/db/migration/alembic_migrations/common_ext_ops.py
neutron/db/migration/alembic_migrations/env.py
neutron/db/migration/alembic_migrations/__init__.py
neutron/db/migration/alembic_migrations/script.py.mako
neutron/db/migration/alembic_migrations/versions/1064e98b7917_nec_pf_port_del.py
neutron/db/migration/alembic_migrations/versions/10cd28e692e9_nuage_extraroute.py
neutron/db/migration/alembic_migrations/versions/1149d7de0cfa_port_security.py
neutron/db/migration/alembic_migrations/versions/117643811bca_nec_delete_ofc_mapping.py
neutron/db/migration/alembic_migrations/versions/11c6e18605c8_pool_monitor_status_.py
neutron/db/migration/alembic_migrations/versions/128e042a2b68_ext_gw_mode.py
neutron/db/migration/alembic_migrations/versions/1341ed32cc1e_nvp_netbinding_update.py
neutron/db/migration/alembic_migrations/versions/13de305df56e_add_nec_pf_name.py
neutron/db/migration/alembic_migrations/versions/1421183d533f_nsx_dhcp_metadata.py
neutron/db/migration/alembic_migrations/versions/14f24494ca31_arista_ml2.py
neutron/db/migration/alembic_migrations/versions/157a5d299379_ml2_binding_profile.py
neutron/db/migration/alembic_migrations/versions/176a85fc7d79_add_portbindings_db.py
neutron/db/migration/alembic_migrations/versions/19180cf98af6_nsx_gw_devices.py
neutron/db/migration/alembic_migrations/versions/1b2580001654_nsx_sec_group_mappin.py
neutron/db/migration/alembic_migrations/versions/1b693c095aa3_quota_ext_db_grizzly.py
neutron/db/migration/alembic_migrations/versions/1b837a7125a9_cisco_apic_driver.py
neutron/db/migration/alembic_migrations/versions/1c33fa3cd1a1_extra_route_config.py
neutron/db/migration/alembic_migrations/versions/1d76643bcec4_nvp_netbinding.py
neutron/db/migration/alembic_migrations/versions/1e5dd1d09b22_set_not_null_fields_lb_stats.py
neutron/db/migration/alembic_migrations/versions/1efb85914233_allowedaddresspairs.py
neutron/db/migration/alembic_migrations/versions/1fcfc149aca4_agents_unique_by_type_and_host.py
neutron/db/migration/alembic_migrations/versions/2032abe8edac_lbaas_add_status_des.py
neutron/db/migration/alembic_migrations/versions/20ae61555e95_ml2_gre_type_driver.py
neutron/db/migration/alembic_migrations/versions/2447ad0e9585_add_ipv6_mode_props.py
neutron/db/migration/alembic_migrations/versions/24c7ea5160d7_cisco_csr_vpnaas.py
neutron/db/migration/alembic_migrations/versions/2528ceb28230_nec_pf_netid_fix.py
neutron/db/migration/alembic_migrations/versions/263772d65691_cisco_db_cleanup_2.py
neutron/db/migration/alembic_migrations/versions/27cc183af192_ml2_vnic_type.py
neutron/db/migration/alembic_migrations/versions/27ef74513d33_quota_in_plumgrid_pl.py
neutron/db/migration/alembic_migrations/versions/2a3bae1ceb8_nec_port_binding.py
neutron/db/migration/alembic_migrations/versions/2a6d0b51f4bb_cisco_plugin_cleanup.py
neutron/db/migration/alembic_migrations/versions/2c4af419145b_l3_support.py
neutron/db/migration/alembic_migrations/versions/2db5203cb7a9_nuage_floatingip.py
neutron/db/migration/alembic_migrations/versions/2eeaf963a447_floatingip_status.py
neutron/db/migration/alembic_migrations/versions/32a65f71af51_ml2_portbinding.py
neutron/db/migration/alembic_migrations/versions/32b517556ec9_remove_tunnelip_mode.py
neutron/db/migration/alembic_migrations/versions/338d7508968c_vpnaas_peer_address_.py
neutron/db/migration/alembic_migrations/versions/33c3db036fe4_set_length_of_description_field_metering.py
neutron/db/migration/alembic_migrations/versions/33dd0a9fa487_embrane_lbaas_driver.py
neutron/db/migration/alembic_migrations/versions/35c7c198ddea_lbaas_healthmon_del_status.py
neutron/db/migration/alembic_migrations/versions/363468ac592c_nvp_network_gw.py
neutron/db/migration/alembic_migrations/versions/38335592a0dc_nvp_portmap.py
neutron/db/migration/alembic_migrations/versions/38fc1f6789f8_cisco_n1kv_overlay.py
neutron/db/migration/alembic_migrations/versions/39cf3f799352_fwaas_havana_2_model.py
neutron/db/migration/alembic_migrations/versions/3a520dd165d0_cisco_nexus_multi_switch.py
neutron/db/migration/alembic_migrations/versions/3b54bf9e29f7_nec_plugin_sharednet.py
neutron/db/migration/alembic_migrations/versions/3c6e57a23db4_add_multiprovider.py
neutron/db/migration/alembic_migrations/versions/3cabb850f4a5_table_to_track_port_.py
neutron/db/migration/alembic_migrations/versions/3cb5d900c5de_security_groups.py
neutron/db/migration/alembic_migrations/versions/3cbf70257c28_nvp_mac_learning.py
neutron/db/migration/alembic_migrations/versions/3d2585038b95_vmware_nsx.py
neutron/db/migration/alembic_migrations/versions/3d3cb89d84ee_nsx_switch_mappings.py
neutron/db/migration/alembic_migrations/versions/3d6fae8b70b0_nvp_lbaas_plugin.py
neutron/db/migration/alembic_migrations/versions/3ed8f075e38a_nvp_fwaas_plugin.py
neutron/db/migration/alembic_migrations/versions/40b0aff0302e_mlnx_initial.py
neutron/db/migration/alembic_migrations/versions/40dffbf4b549_nvp_dist_router.py
neutron/db/migration/alembic_migrations/versions/45680af419f9_nvp_qos.py
neutron/db/migration/alembic_migrations/versions/4692d074d587_agent_scheduler.py
neutron/db/migration/alembic_migrations/versions/46a0efbd8f0_cisco_n1kv_multisegm.py
neutron/db/migration/alembic_migrations/versions/477a4488d3f4_ml2_vxlan_type_driver.py
neutron/db/migration/alembic_migrations/versions/48b6f43f7471_service_type.py
neutron/db/migration/alembic_migrations/versions/492a106273f8_brocade_ml2_mech_dri.py
neutron/db/migration/alembic_migrations/versions/49332180ca96_ryu_plugin_update.py
neutron/db/migration/alembic_migrations/versions/49f5e553f61f_ml2_security_groups.py
neutron/db/migration/alembic_migrations/versions/4a666eb208c2_service_router.py
neutron/db/migration/alembic_migrations/versions/4ca36cfc898c_nsx_router_mappings.py
neutron/db/migration/alembic_migrations/versions/4eca4a84f08a_remove_ml2_cisco_cred_db.py
neutron/db/migration/alembic_migrations/versions/50d5ba354c23_ml2_binding_vif_details.py
neutron/db/migration/alembic_migrations/versions/50e86cb2637a_nsx_mappings.py
neutron/db/migration/alembic_migrations/versions/511471cc46b_agent_ext_model_supp.py
neutron/db/migration/alembic_migrations/versions/51b4de912379_cisco_nexus_ml2_mech.py
neutron/db/migration/alembic_migrations/versions/52c5e4a18807_lbaas_pool_scheduler.py
neutron/db/migration/alembic_migrations/versions/52ff27f7567a_support_for_vpnaas.py
neutron/db/migration/alembic_migrations/versions/538732fa21e1_nec_rename_quantum_id_to_neutron_id.py
neutron/db/migration/alembic_migrations/versions/53bbd27ec841_extra_dhcp_opts_supp.py
neutron/db/migration/alembic_migrations/versions/54c2c487e913_lbaas.py
neutron/db/migration/alembic_migrations/versions/54f7549a0e5f_set_not_null_peer_address.py
neutron/db/migration/alembic_migrations/versions/557edfc53098_new_service_types.py
neutron/db/migration/alembic_migrations/versions/569e98a8132b_metering.py
neutron/db/migration/alembic_migrations/versions/5918cbddab04_add_tables_for_route.py
neutron/db/migration/alembic_migrations/versions/5a875d0e5c_ryu.py
neutron/db/migration/alembic_migrations/versions/5ac1c354a051_n1kv_segment_alloc.py
neutron/db/migration/alembic_migrations/versions/5ac71e65402c_ml2_initial.py
neutron/db/migration/alembic_migrations/versions/63afba73813_ovs_tunnelendpoints_id_unique.py
neutron/db/migration/alembic_migrations/versions/66a59a7f516_nec_openflow_router.py
neutron/db/migration/alembic_migrations/versions/6be312499f9_set_not_null_vlan_id_cisco.py
neutron/db/migration/alembic_migrations/versions/81c553f3776c_bsn_consistencyhashes.py
neutron/db/migration/alembic_migrations/versions/86cf4d88bd3_remove_bigswitch_por.py
neutron/db/migration/alembic_migrations/versions/8f682276ee4_ryu_plugin_quota.py
neutron/db/migration/alembic_migrations/versions/abc88c33f74f_lb_stats_needs_bigint.py
neutron/db/migration/alembic_migrations/versions/b65aa907aec_set_length_of_protocol_field.py
neutron/db/migration/alembic_migrations/versions/b7a8863760e_rm_cisco_vlan_bindin.py
neutron/db/migration/alembic_migrations/versions/c88b6b5fea3_cisco_n1kv_tables.py
neutron/db/migration/alembic_migrations/versions/d06e871c0d5_set_admin_state_up_not_null_ml2.py
neutron/db/migration/alembic_migrations/versions/e197124d4b9_add_unique_constrain.py
neutron/db/migration/alembic_migrations/versions/e6b16a30d97_cisco_provider_nets.py
neutron/db/migration/alembic_migrations/versions/e766b19a3bb_nuage_initial.py
neutron/db/migration/alembic_migrations/versions/ed93525fd003_bigswitch_quota.py
neutron/db/migration/alembic_migrations/versions/f44ab9871cd6_bsn_security_groups.py
neutron/db/migration/alembic_migrations/versions/f489cf14a79c_lbaas_havana.py
neutron/db/migration/alembic_migrations/versions/f9263d6df56_remove_dhcp_lease.py
neutron/db/migration/alembic_migrations/versions/fcac4c42e2cc_bsn_addresspairs.py
neutron/db/migration/alembic_migrations/versions/folsom_initial.py
neutron/db/migration/alembic_migrations/versions/grizzly_release.py
neutron/db/migration/alembic_migrations/versions/havana_release.py
neutron/db/migration/alembic_migrations/versions/HEAD
neutron/db/migration/alembic_migrations/versions/icehouse_release.py
neutron/db/migration/cli.py
neutron/db/migration/__init__.py
neutron/db/migration/migrate_to_ml2.py
neutron/db/model_base.py
neutron/db/models_v2.py
neutron/db/portbindings_base.py
neutron/db/portbindings_db.py
neutron/db/portsecurity_db.py
neutron/db/quota_db.py
neutron/db/routedserviceinsertion_db.py
neutron/db/routerservicetype_db.py
neutron/db/securitygroups_db.py
neutron/db/securitygroups_rpc_base.py
neutron/db/servicetype_db.py
neutron/db/sqlalchemyutils.py
neutron/db/vpn/__init__.py
neutron/db/vpn/vpn_db.py
neutron/debug/commands.py
neutron/debug/debug_agent.py
neutron/debug/__init__.py
neutron/debug/shell.py
neutron/extensions/agent.py
neutron/extensions/allowedaddresspairs.py
neutron/extensions/dhcpagentscheduler.py
neutron/extensions/external_net.py
neutron/extensions/extra_dhcp_opt.py
neutron/extensions/extraroute.py
neutron/extensions/firewall.py
neutron/extensions/flavor.py
neutron/extensions/__init__.py
neutron/extensions/l3agentscheduler.py
neutron/extensions/l3_ext_gw_mode.py
neutron/extensions/l3.py
neutron/extensions/lbaas_agentscheduler.py
neutron/extensions/loadbalancer.py
neutron/extensions/metering.py
neutron/extensions/multiprovidernet.py
neutron/extensions/portbindings.py
neutron/extensions/portsecurity.py
neutron/extensions/providernet.py
neutron/extensions/quotasv2.py
neutron/extensions/routedserviceinsertion.py
neutron/extensions/routerservicetype.py
neutron/extensions/securitygroup.py
neutron/extensions/servicetype.py
neutron/extensions/vpnaas.py
neutron/hacking/checks.py
neutron/hacking/__init__.py
neutron/hooks.py
neutron/__init__.py
neutron/manager.py
neutron/neutron_plugin_base_v2.py
neutron/notifiers/__init__.py
neutron/notifiers/nova.py
neutron/openstack/common/cache/_backends/__init__.py
neutron/openstack/common/cache/_backends/memory.py
neutron/openstack/common/cache/backends.py
neutron/openstack/common/cache/cache.py
neutron/openstack/common/cache/__init__.py
neutron/openstack/common/context.py
neutron/openstack/common/db/api.py
neutron/openstack/common/db/exception.py
neutron/openstack/common/db/__init__.py
neutron/openstack/common/db/options.py
neutron/openstack/common/db/sqlalchemy/__init__.py
neutron/openstack/common/db/sqlalchemy/models.py
neutron/openstack/common/db/sqlalchemy/provision.py
neutron/openstack/common/db/sqlalchemy/session.py
neutron/openstack/common/db/sqlalchemy/test_base.py
neutron/openstack/common/db/sqlalchemy/utils.py
neutron/openstack/common/eventlet_backdoor.py
neutron/openstack/common/excutils.py
neutron/openstack/common/fileutils.py
neutron/openstack/common/fixture/config.py
neutron/openstack/common/fixture/__init__.py
neutron/openstack/common/fixture/lockutils.py
neutron/openstack/common/fixture/mockpatch.py
neutron/openstack/common/fixture/moxstubout.py
neutron/openstack/common/gettextutils.py
neutron/openstack/common/importutils.py
neutron/openstack/common/__init__.py
neutron/openstack/common/jsonutils.py
neutron/openstack/common/local.py
neutron/openstack/common/lockutils.py
neutron/openstack/common/log_handler.py
neutron/openstack/common/log.py
neutron/openstack/common/loopingcall.py
neutron/openstack/common/middleware/audit.py
neutron/openstack/common/middleware/base.py
neutron/openstack/common/middleware/catch_errors.py
neutron/openstack/common/middleware/correlation_id.py
neutron/openstack/common/middleware/debug.py
neutron/openstack/common/middleware/__init__.py
neutron/openstack/common/middleware/notifier.py
neutron/openstack/common/middleware/request_id.py
neutron/openstack/common/middleware/sizelimit.py
neutron/openstack/common/network_utils.py
neutron/openstack/common/periodic_task.py
neutron/openstack/common/policy.py
neutron/openstack/common/processutils.py
neutron/openstack/common/service.py
neutron/openstack/common/sslutils.py
neutron/openstack/common/strutils.py
neutron/openstack/common/systemd.py
neutron/openstack/common/threadgroup.py
neutron/openstack/common/timeutils.py
neutron/openstack/common/uuidutils.py
neutron/openstack/common/versionutils.py
neutron/openstack/__init__.py
neutron/plugins/bigswitch/agent/__init__.py
neutron/plugins/bigswitch/agent/restproxy_agent.py
neutron/plugins/bigswitch/config.py
neutron/plugins/bigswitch/db/consistency_db.py
neutron/plugins/bigswitch/db/__init__.py
neutron/plugins/bigswitch/db/porttracker_db.py
neutron/plugins/bigswitch/extensions/__init__.py
neutron/plugins/bigswitch/extensions/routerrule.py
neutron/plugins/bigswitch/__init__.py
neutron/plugins/bigswitch/plugin.py
neutron/plugins/bigswitch/routerrule_db.py
neutron/plugins/bigswitch/servermanager.py
neutron/plugins/bigswitch/tests/__init__.py
neutron/plugins/bigswitch/tests/test_server.py
neutron/plugins/bigswitch/vcsversion.py
neutron/plugins/bigswitch/version.py
neutron/plugins/brocade/db/__init__.py
neutron/plugins/brocade/db/models.py
neutron/plugins/brocade/__init__.py
neutron/plugins/brocade/NeutronPlugin.py
neutron/plugins/brocade/nos/fake_nosdriver.py
neutron/plugins/brocade/nos/__init__.py
neutron/plugins/brocade/nos/nctemplates.py
neutron/plugins/brocade/nos/nosdriver.py
neutron/plugins/brocade/tests/noscli.py
neutron/plugins/brocade/tests/nostest.py
neutron/plugins/brocade/vlanbm.py
neutron/plugins/cisco/common/cisco_constants.py
neutron/plugins/cisco/common/cisco_credentials_v2.py
neutron/plugins/cisco/common/cisco_exceptions.py
neutron/plugins/cisco/common/cisco_faults.py
neutron/plugins/cisco/common/config.py
neutron/plugins/cisco/common/__init__.py
neutron/plugins/cisco/db/__init__.py
neutron/plugins/cisco/db/n1kv_db_v2.py
neutron/plugins/cisco/db/n1kv_models_v2.py
neutron/plugins/cisco/db/network_db_v2.py
neutron/plugins/cisco/db/network_models_v2.py
neutron/plugins/cisco/db/nexus_db_v2.py
neutron/plugins/cisco/db/nexus_models_v2.py
neutron/plugins/cisco/extensions/credential.py
neutron/plugins/cisco/extensions/_credential_view.py
neutron/plugins/cisco/extensions/__init__.py
neutron/plugins/cisco/extensions/n1kv.py
neutron/plugins/cisco/extensions/network_profile.py
neutron/plugins/cisco/extensions/policy_profile.py
neutron/plugins/cisco/extensions/qos.py
neutron/plugins/cisco/extensions/_qos_view.py
neutron/plugins/cisco/__init__.py
neutron/plugins/cisco/l2device_plugin_base.py
neutron/plugins/cisco/models/__init__.py
neutron/plugins/cisco/models/virt_phy_sw_v2.py
neutron/plugins/cisco/n1kv/__init__.py
neutron/plugins/cisco/n1kv/n1kv_client.py
neutron/plugins/cisco/n1kv/n1kv_neutron_plugin.py
neutron/plugins/cisco/network_plugin.py
neutron/plugins/cisco/nexus/cisco_nexus_network_driver_v2.py
neutron/plugins/cisco/nexus/cisco_nexus_plugin_v2.py
neutron/plugins/cisco/nexus/cisco_nexus_snippets.py
neutron/plugins/cisco/nexus/__init__.py
neutron/plugins/cisco/test/__init__.py
neutron/plugins/cisco/test/nexus/fake_nexus_driver.py
neutron/plugins/cisco/test/nexus/__init__.py
neutron/plugins/common/constants.py
neutron/plugins/common/__init__.py
neutron/plugins/common/utils.py
neutron/plugins/embrane/agent/dispatcher.py
neutron/plugins/embrane/agent/__init__.py
neutron/plugins/embrane/agent/operations/__init__.py
neutron/plugins/embrane/agent/operations/router_operations.py
neutron/plugins/embrane/base_plugin.py
neutron/plugins/embrane/common/config.py
neutron/plugins/embrane/common/constants.py
neutron/plugins/embrane/common/contexts.py
neutron/plugins/embrane/common/exceptions.py
neutron/plugins/embrane/common/__init__.py
neutron/plugins/embrane/common/operation.py
neutron/plugins/embrane/common/utils.py
neutron/plugins/embrane/__init__.py
neutron/plugins/embrane/l2base/fake/fake_l2_plugin.py
neutron/plugins/embrane/l2base/fake/fakeplugin_support.py
neutron/plugins/embrane/l2base/fake/__init__.py
neutron/plugins/embrane/l2base/__init__.py
neutron/plugins/embrane/l2base/openvswitch/__init__.py
neutron/plugins/embrane/l2base/openvswitch/openvswitch_support.py
neutron/plugins/embrane/l2base/support_base.py
neutron/plugins/embrane/l2base/support_exceptions.py
neutron/plugins/embrane/plugins/embrane_fake_plugin.py
neutron/plugins/embrane/plugins/embrane_ovs_plugin.py
neutron/plugins/embrane/plugins/__init__.py
neutron/plugins/hyperv/agent/hyperv_neutron_agent.py
neutron/plugins/hyperv/agent/__init__.py
neutron/plugins/hyperv/agent_notifier_api.py
neutron/plugins/hyperv/agent/security_groups_driver.py
neutron/plugins/hyperv/agent/utilsfactory.py
neutron/plugins/hyperv/agent/utils.py
neutron/plugins/hyperv/agent/utilsv2.py
neutron/plugins/hyperv/common/constants.py
neutron/plugins/hyperv/common/__init__.py
neutron/plugins/hyperv/db.py
neutron/plugins/hyperv/hyperv_neutron_plugin.py
neutron/plugins/hyperv/__init__.py
neutron/plugins/hyperv/model.py
neutron/plugins/hyperv/rpc_callbacks.py
neutron/plugins/ibm/agent/__init__.py
neutron/plugins/ibm/agent/sdnve_neutron_agent.py
neutron/plugins/ibm/common/config.py
neutron/plugins/ibm/common/constants.py
neutron/plugins/ibm/common/exceptions.py
neutron/plugins/ibm/common/__init__.py
neutron/plugins/ibm/__init__.py
neutron/plugins/ibm/sdnve_api_fake.py
neutron/plugins/ibm/sdnve_api.py
neutron/plugins/ibm/sdnve_neutron_plugin.py
neutron/plugins/__init__.py
neutron/plugins/linuxbridge/agent/__init__.py
neutron/plugins/linuxbridge/agent/linuxbridge_neutron_agent.py
neutron/plugins/linuxbridge/common/config.py
neutron/plugins/linuxbridge/common/constants.py
neutron/plugins/linuxbridge/common/__init__.py
neutron/plugins/linuxbridge/db/__init__.py
neutron/plugins/linuxbridge/db/l2network_db_v2.py
neutron/plugins/linuxbridge/db/l2network_models_v2.py
neutron/plugins/linuxbridge/__init__.py
neutron/plugins/linuxbridge/lb_neutron_plugin.py
neutron/plugins/metaplugin/common/config.py
neutron/plugins/metaplugin/common/__init__.py
neutron/plugins/metaplugin/__init__.py
neutron/plugins/metaplugin/meta_db_v2.py
neutron/plugins/metaplugin/meta_models_v2.py
neutron/plugins/metaplugin/meta_neutron_plugin.py
neutron/plugins/metaplugin/proxy_neutron_plugin.py
neutron/plugins/midonet/agent/__init__.py
neutron/plugins/midonet/agent/midonet_driver.py
neutron/plugins/midonet/common/config.py
neutron/plugins/midonet/common/__init__.py
neutron/plugins/midonet/common/net_util.py
neutron/plugins/midonet/__init__.py
neutron/plugins/midonet/midonet_lib.py
neutron/plugins/midonet/plugin.py
neutron/plugins/ml2/common/exceptions.py
neutron/plugins/ml2/common/__init__.py
neutron/plugins/ml2/config.py
neutron/plugins/ml2/db.py
neutron/plugins/ml2/driver_api.py
neutron/plugins/ml2/driver_context.py
neutron/plugins/ml2/drivers/brocade/db/__init__.py
neutron/plugins/ml2/drivers/brocade/db/models.py
neutron/plugins/ml2/drivers/brocade/__init__.py
neutron/plugins/ml2/drivers/brocade/mechanism_brocade.py
neutron/plugins/ml2/drivers/brocade/nos/__init__.py
neutron/plugins/ml2/drivers/brocade/nos/nctemplates.py
neutron/plugins/ml2/drivers/brocade/nos/nosdriver.py
neutron/plugins/ml2/drivers/cisco/apic/apic_client.py
neutron/plugins/ml2/drivers/cisco/apic/apic_manager.py
neutron/plugins/ml2/drivers/cisco/apic/apic_model.py
neutron/plugins/ml2/drivers/cisco/apic/config.py
neutron/plugins/ml2/drivers/cisco/apic/exceptions.py
neutron/plugins/ml2/drivers/cisco/apic/__init__.py
neutron/plugins/ml2/drivers/cisco/apic/mechanism_apic.py
neutron/plugins/ml2/drivers/cisco/__init__.py
neutron/plugins/ml2/drivers/cisco/nexus/config.py
neutron/plugins/ml2/drivers/cisco/nexus/constants.py
neutron/plugins/ml2/drivers/cisco/nexus/exceptions.py
neutron/plugins/ml2/drivers/cisco/nexus/__init__.py
neutron/plugins/ml2/drivers/cisco/nexus/mech_cisco_nexus.py
neutron/plugins/ml2/drivers/cisco/nexus/nexus_db_v2.py
neutron/plugins/ml2/drivers/cisco/nexus/nexus_models_v2.py
neutron/plugins/ml2/drivers/cisco/nexus/nexus_network_driver.py
neutron/plugins/ml2/drivers/cisco/nexus/nexus_snippets.py
neutron/plugins/ml2/drivers/__init__.py
neutron/plugins/ml2/drivers/l2pop/config.py
neutron/plugins/ml2/drivers/l2pop/constants.py
neutron/plugins/ml2/drivers/l2pop/db.py
neutron/plugins/ml2/drivers/l2pop/__init__.py
neutron/plugins/ml2/drivers/l2pop/mech_driver.py
neutron/plugins/ml2/drivers/l2pop/rpc.py
neutron/plugins/ml2/drivers/mech_agent.py
neutron/plugins/ml2/drivers/mechanism_fslsdn.py
neutron/plugins/ml2/drivers/mechanism_ncs.py
neutron/plugins/ml2/drivers/mechanism_odl.py
neutron/plugins/ml2/drivers/mech_arista/config.py
neutron/plugins/ml2/drivers/mech_arista/db.py
neutron/plugins/ml2/drivers/mech_arista/exceptions.py
neutron/plugins/ml2/drivers/mech_arista/__init__.py
neutron/plugins/ml2/drivers/mech_arista/mechanism_arista.py
neutron/plugins/ml2/drivers/mech_bigswitch/driver.py
neutron/plugins/ml2/drivers/mech_bigswitch/__init__.py
neutron/plugins/ml2/drivers/mech_hyperv.py
neutron/plugins/ml2/drivers/mech_linuxbridge.py
neutron/plugins/ml2/drivers/mech_ofagent.py
neutron/plugins/ml2/drivers/mech_openvswitch.py
neutron/plugins/ml2/drivers/mlnx/config.py
neutron/plugins/ml2/drivers/mlnx/__init__.py
neutron/plugins/ml2/drivers/mlnx/mech_mlnx.py
neutron/plugins/ml2/drivers/type_flat.py
neutron/plugins/ml2/drivers/type_gre.py
neutron/plugins/ml2/drivers/type_local.py
neutron/plugins/ml2/drivers/type_tunnel.py
neutron/plugins/ml2/drivers/type_vlan.py
neutron/plugins/ml2/drivers/type_vxlan.py
neutron/plugins/ml2/__init__.py
neutron/plugins/ml2/managers.py
neutron/plugins/ml2/models.py
neutron/plugins/ml2/plugin.py
neutron/plugins/ml2/rpc.py
neutron/plugins/mlnx/agent/eswitch_neutron_agent.py
neutron/plugins/mlnx/agent/__init__.py
neutron/plugins/mlnx/agent_notify_api.py
neutron/plugins/mlnx/agent/utils.py
neutron/plugins/mlnx/common/comm_utils.py
neutron/plugins/mlnx/common/config.py
neutron/plugins/mlnx/common/constants.py
neutron/plugins/mlnx/common/exceptions.py
neutron/plugins/mlnx/common/__init__.py
neutron/plugins/mlnx/db/__init__.py
neutron/plugins/mlnx/db/mlnx_db_v2.py
neutron/plugins/mlnx/db/mlnx_models_v2.py
neutron/plugins/mlnx/__init__.py
neutron/plugins/mlnx/mlnx_plugin.py
neutron/plugins/mlnx/rpc_callbacks.py
neutron/plugins/nec/agent/__init__.py
neutron/plugins/nec/agent/nec_neutron_agent.py
neutron/plugins/nec/common/config.py
neutron/plugins/nec/common/constants.py
neutron/plugins/nec/common/exceptions.py
neutron/plugins/nec/common/__init__.py
neutron/plugins/nec/common/ofc_client.py
neutron/plugins/nec/common/utils.py
neutron/plugins/nec/db/api.py
neutron/plugins/nec/db/__init__.py
neutron/plugins/nec/db/models.py
neutron/plugins/nec/db/packetfilter.py
neutron/plugins/nec/db/router.py
neutron/plugins/nec/drivers/__init__.py
neutron/plugins/nec/drivers/pfc.py
neutron/plugins/nec/drivers/trema.py
neutron/plugins/nec/extensions/__init__.py
neutron/plugins/nec/extensions/packetfilter.py
neutron/plugins/nec/extensions/router_provider.py
neutron/plugins/nec/__init__.py
neutron/plugins/nec/nec_plugin.py
neutron/plugins/nec/nec_router.py
neutron/plugins/nec/ofc_driver_base.py
neutron/plugins/nec/ofc_manager.py
neutron/plugins/nec/packet_filter.py
neutron/plugins/nec/router_drivers.py
neutron/plugins/nuage/common/config.py
neutron/plugins/nuage/common/constants.py
neutron/plugins/nuage/common/exceptions.py
neutron/plugins/nuage/common/__init__.py
neutron/plugins/nuage/extensions/__init__.py
neutron/plugins/nuage/extensions/netpartition.py
neutron/plugins/nuage/extensions/nuage_router.py
neutron/plugins/nuage/extensions/nuage_subnet.py
neutron/plugins/nuage/__init__.py
neutron/plugins/nuage/nuagedb.py
neutron/plugins/nuage/nuage_models.py
neutron/plugins/nuage/plugin.py
neutron/plugins/ofagent/agent/__init__.py
neutron/plugins/ofagent/agent/ofa_neutron_agent.py
neutron/plugins/ofagent/common/config.py
neutron/plugins/ofagent/common/__init__.py
neutron/plugins/ofagent/__init__.py
neutron/plugins/oneconvergence/agent/__init__.py
neutron/plugins/oneconvergence/agent/nvsd_neutron_agent.py
neutron/plugins/oneconvergence/__init__.py
neutron/plugins/oneconvergence/lib/config.py
neutron/plugins/oneconvergence/lib/exception.py
neutron/plugins/oneconvergence/lib/__init__.py
neutron/plugins/oneconvergence/lib/nvsd_db.py
neutron/plugins/oneconvergence/lib/nvsdlib.py
neutron/plugins/oneconvergence/lib/plugin_helper.py
neutron/plugins/oneconvergence/plugin.py
neutron/plugins/openvswitch/agent/__init__.py
neutron/plugins/openvswitch/agent/ovs_neutron_agent.py
neutron/plugins/openvswitch/agent/xenapi/contrib/build-rpm.sh
neutron/plugins/openvswitch/agent/xenapi/contrib/rpmbuild/SPECS/openstack-quantum-xen-plugins.spec
neutron/plugins/openvswitch/agent/xenapi/etc/xapi.d/plugins/netwrap
neutron/plugins/openvswitch/common/config.py
neutron/plugins/openvswitch/common/constants.py
neutron/plugins/openvswitch/common/__init__.py
neutron/plugins/openvswitch/__init__.py
neutron/plugins/openvswitch/ovs_db_v2.py
neutron/plugins/openvswitch/ovs_models_v2.py
neutron/plugins/openvswitch/ovs_neutron_plugin.py
neutron/plugins/plumgrid/common/exceptions.py
neutron/plugins/plumgrid/common/__init__.py
neutron/plugins/plumgrid/drivers/fake_plumlib.py
neutron/plugins/plumgrid/drivers/__init__.py
neutron/plugins/plumgrid/drivers/plumlib.py
neutron/plugins/plumgrid/__init__.py
neutron/plugins/plumgrid/plumgrid_plugin/__init__.py
neutron/plugins/plumgrid/plumgrid_plugin/plugin_ver.py
neutron/plugins/plumgrid/plumgrid_plugin/plumgrid_plugin.py
neutron/plugins/ryu/agent/__init__.py
neutron/plugins/ryu/agent/ryu_neutron_agent.py
neutron/plugins/ryu/common/config.py
neutron/plugins/ryu/common/__init__.py
neutron/plugins/ryu/db/api_v2.py
neutron/plugins/ryu/db/__init__.py
neutron/plugins/ryu/db/models_v2.py
neutron/plugins/ryu/__init__.py
neutron/plugins/ryu/ryu_neutron_plugin.py
neutron/plugins/vmware/api_client/base.py
neutron/plugins/vmware/api_client/client.py
neutron/plugins/vmware/api_client/eventlet_client.py
neutron/plugins/vmware/api_client/eventlet_request.py
neutron/plugins/vmware/api_client/exception.py
neutron/plugins/vmware/api_client/__init__.py
neutron/plugins/vmware/api_client/request.py
neutron/plugins/vmware/api_client/version.py
neutron/plugins/vmware/check_nsx_config.py
neutron/plugins/vmware/common/config.py
neutron/plugins/vmware/common/exceptions.py
neutron/plugins/vmware/common/__init__.py
neutron/plugins/vmware/common/nsx_utils.py
neutron/plugins/vmware/common/securitygroups.py
neutron/plugins/vmware/common/sync.py
neutron/plugins/vmware/common/utils.py
neutron/plugins/vmware/dbexts/db.py
neutron/plugins/vmware/dbexts/distributedrouter.py
neutron/plugins/vmware/dbexts/__init__.py
neutron/plugins/vmware/dbexts/lsn_db.py
neutron/plugins/vmware/dbexts/maclearning.py
neutron/plugins/vmware/dbexts/models.py
neutron/plugins/vmware/dbexts/networkgw_db.py
neutron/plugins/vmware/dbexts/nsxrouter.py
neutron/plugins/vmware/dbexts/qos_db.py
neutron/plugins/vmware/dbexts/servicerouter.py
neutron/plugins/vmware/dbexts/vcns_db.py
neutron/plugins/vmware/dbexts/vcns_models.py
neutron/plugins/vmware/dhcp_meta/combined.py
neutron/plugins/vmware/dhcp_meta/constants.py
neutron/plugins/vmware/dhcp_meta/__init__.py
neutron/plugins/vmware/dhcp_meta/lsnmanager.py
neutron/plugins/vmware/dhcp_meta/migration.py
neutron/plugins/vmware/dhcpmeta_modes.py
neutron/plugins/vmware/dhcp_meta/nsx.py
neutron/plugins/vmware/dhcp_meta/rpc.py
neutron/plugins/vmware/extensions/distributedrouter.py
neutron/plugins/vmware/extensions/__init__.py
neutron/plugins/vmware/extensions/lsn.py
neutron/plugins/vmware/extensions/maclearning.py
neutron/plugins/vmware/extensions/networkgw.py
neutron/plugins/vmware/extensions/nvp_qos.py
neutron/plugins/vmware/extensions/qos.py
neutron/plugins/vmware/extensions/servicerouter.py
neutron/plugins/vmware/__init__.py
neutron/plugins/vmware/nsx_cluster.py
neutron/plugins/vmware/nsxlib/__init__.py
neutron/plugins/vmware/nsxlib/l2gateway.py
neutron/plugins/vmware/nsxlib/lsn.py
neutron/plugins/vmware/nsxlib/queue.py
neutron/plugins/vmware/nsxlib/router.py
neutron/plugins/vmware/nsxlib/secgroup.py
neutron/plugins/vmware/nsxlib/switch.py
neutron/plugins/vmware/nsxlib/versioning.py
neutron/plugins/vmware/plugin.py
neutron/plugins/vmware/plugins/base.py
neutron/plugins/vmware/plugins/__init__.py
neutron/plugins/vmware/plugins/service.py
neutron/plugins/vmware/shell/commands.py
neutron/plugins/vmware/shell/__init__.py
neutron/plugins/vmware/vshield/common/constants.py
neutron/plugins/vmware/vshield/common/exceptions.py
neutron/plugins/vmware/vshield/common/__init__.py
neutron/plugins/vmware/vshield/common/VcnsApiClient.py
neutron/plugins/vmware/vshield/edge_appliance_driver.py
neutron/plugins/vmware/vshield/edge_firewall_driver.py
neutron/plugins/vmware/vshield/edge_ipsecvpn_driver.py
neutron/plugins/vmware/vshield/edge_loadbalancer_driver.py
neutron/plugins/vmware/vshield/__init__.py
neutron/plugins/vmware/vshield/tasks/constants.py
neutron/plugins/vmware/vshield/tasks/__init__.py
neutron/plugins/vmware/vshield/tasks/tasks.py
neutron/plugins/vmware/vshield/vcns_driver.py
neutron/plugins/vmware/vshield/vcns.py
neutron/policy.py
neutron/quota.py
neutron/scheduler/dhcp_agent_scheduler.py
neutron/scheduler/__init__.py
neutron/scheduler/l3_agent_scheduler.py
neutron/server/__init__.py
neutron/service.py
neutron/services/firewall/agents/firewall_agent_api.py
neutron/services/firewall/agents/__init__.py
neutron/services/firewall/agents/l3reference/firewall_l3_agent.py
neutron/services/firewall/agents/l3reference/__init__.py
neutron/services/firewall/agents/varmour/__init__.py
neutron/services/firewall/agents/varmour/varmour_api.py
neutron/services/firewall/agents/varmour/varmour_router.py
neutron/services/firewall/agents/varmour/varmour_utils.py
neutron/services/firewall/drivers/fwaas_base.py
neutron/services/firewall/drivers/__init__.py
neutron/services/firewall/drivers/linux/__init__.py
neutron/services/firewall/drivers/linux/iptables_fwaas.py
neutron/services/firewall/drivers/varmour/__init__.py
neutron/services/firewall/drivers/varmour/varmour_fwaas.py
neutron/services/firewall/fwaas_plugin.py
neutron/services/firewall/__init__.py
neutron/services/__init__.py
neutron/services/l3_router/__init__.py
neutron/services/l3_router/l3_apic.py
neutron/services/l3_router/l3_router_plugin.py
neutron/services/loadbalancer/agent/agent_api.py
neutron/services/loadbalancer/agent/agent_device_driver.py
neutron/services/loadbalancer/agent/agent_manager.py
neutron/services/loadbalancer/agent/agent.py
neutron/services/loadbalancer/agent/__init__.py
neutron/services/loadbalancer/agent_scheduler.py
neutron/services/loadbalancer/constants.py
neutron/services/loadbalancer/drivers/abstract_driver.py
neutron/services/loadbalancer/drivers/common/agent_driver_base.py
neutron/services/loadbalancer/drivers/common/__init__.py
neutron/services/loadbalancer/drivers/embrane/agent/dispatcher.py
neutron/services/loadbalancer/drivers/embrane/agent/__init__.py
neutron/services/loadbalancer/drivers/embrane/agent/lb_operations.py
neutron/services/loadbalancer/drivers/embrane/config.py
neutron/services/loadbalancer/drivers/embrane/constants.py
neutron/services/loadbalancer/drivers/embrane/db.py
neutron/services/loadbalancer/drivers/embrane/driver.py
neutron/services/loadbalancer/drivers/embrane/__init__.py
neutron/services/loadbalancer/drivers/embrane/models.py
neutron/services/loadbalancer/drivers/embrane/poller.py
neutron/services/loadbalancer/drivers/haproxy/cfg.py
neutron/services/loadbalancer/drivers/haproxy/__init__.py
neutron/services/loadbalancer/drivers/haproxy/namespace_driver.py
neutron/services/loadbalancer/drivers/haproxy/plugin_driver.py
neutron/services/loadbalancer/drivers/__init__.py
neutron/services/loadbalancer/drivers/netscaler/__init__.py
neutron/services/loadbalancer/drivers/netscaler/ncc_client.py
neutron/services/loadbalancer/drivers/netscaler/netscaler_driver.py
neutron/services/loadbalancer/drivers/radware/driver.py
neutron/services/loadbalancer/drivers/radware/exceptions.py
neutron/services/loadbalancer/drivers/radware/__init__.py
neutron/services/loadbalancer/__init__.py
neutron/services/loadbalancer/plugin.py
neutron/services/metering/agents/__init__.py
neutron/services/metering/agents/metering_agent.py
neutron/services/metering/drivers/abstract_driver.py
neutron/services/metering/drivers/__init__.py
neutron/services/metering/drivers/iptables/__init__.py
neutron/services/metering/drivers/iptables/iptables_driver.py
neutron/services/metering/drivers/noop/__init__.py
neutron/services/metering/drivers/noop/noop_driver.py
neutron/services/metering/__init__.py
neutron/services/metering/metering_plugin.py
neutron/services/provider_configuration.py
neutron/services/service_base.py
neutron/services/vpn/agent.py
neutron/services/vpn/common/__init__.py
neutron/services/vpn/common/topics.py
neutron/services/vpn/device_drivers/cisco_csr_rest_client.py
neutron/services/vpn/device_drivers/cisco_ipsec.py
neutron/services/vpn/device_drivers/__init__.py
neutron/services/vpn/device_drivers/ipsec.py
neutron/services/vpn/device_drivers/template/openswan/ipsec.conf.template
neutron/services/vpn/device_drivers/template/openswan/ipsec.secret.template
neutron/services/vpn/__init__.py
neutron/services/vpn/plugin.py
neutron/services/vpn/service_drivers/cisco_csr_db.py
neutron/services/vpn/service_drivers/cisco_ipsec.py
neutron/services/vpn/service_drivers/__init__.py
neutron/services/vpn/service_drivers/ipsec.py
neutron/tests/base.py
neutron/tests/etc/api-paste.ini.test
neutron/tests/etc/neutron.conf.test
neutron/tests/etc/rootwrap.d/neutron.test.filters
neutron/tests/fake_notifier.py
neutron/tests/functional/agent/__init__.py
neutron/tests/functional/agent/linux/base.py
neutron/tests/functional/agent/linux/__init__.py
neutron/tests/functional/agent/linux/test_async_process.py
neutron/tests/functional/agent/linux/test_ovsdb_monitor.py
neutron/tests/functional/__init__.py
neutron/tests/functional/sanity/__init__.py
neutron/tests/functional/sanity/test_ovs_sanity.py
neutron/tests/__init__.py
neutron/tests/post_mortem_debug.py
neutron/tests/tools.py
neutron/tests/unit/agent/__init__.py
neutron/tests/unit/agent/linux/__init__.py
neutron/tests/unit/agent/linux/test_async_process.py
neutron/tests/unit/agent/linux/test_ovsdb_monitor.py
neutron/tests/unit/agent/linux/test_ovs_lib.py
neutron/tests/unit/agent/linux/test_polling.py
neutron/tests/unit/api/__init__.py
neutron/tests/unit/api/rpc/agentnotifiers/__init__.py
neutron/tests/unit/api/rpc/agentnotifiers/test_dhcp_rpc_agent_api.py
neutron/tests/unit/api/rpc/__init__.py
neutron/tests/unit/bigswitch/etc/restproxy.ini.test
neutron/tests/unit/bigswitch/fake_server.py
neutron/tests/unit/bigswitch/__init__.py
neutron/tests/unit/bigswitch/test_agent_scheduler.py
neutron/tests/unit/bigswitch/test_base.py
neutron/tests/unit/bigswitch/test_capabilities.py
neutron/tests/unit/bigswitch/test_restproxy_agent.py
neutron/tests/unit/bigswitch/test_restproxy_plugin.py
neutron/tests/unit/bigswitch/test_router_db.py
neutron/tests/unit/bigswitch/test_security_groups.py
neutron/tests/unit/bigswitch/test_servermanager.py
neutron/tests/unit/bigswitch/test_ssl.py
neutron/tests/unit/brocade/__init__.py
neutron/tests/unit/brocade/test_brocade_db.py
neutron/tests/unit/brocade/test_brocade_plugin.py
neutron/tests/unit/brocade/test_brocade_vlan.py
neutron/tests/unit/cisco/__init__.py
neutron/tests/unit/cisco/n1kv/fake_client.py
neutron/tests/unit/cisco/n1kv/__init__.py
neutron/tests/unit/cisco/n1kv/test_n1kv_db.py
neutron/tests/unit/cisco/n1kv/test_n1kv_plugin.py
neutron/tests/unit/cisco/test_config.py
neutron/tests/unit/cisco/test_network_db.py
neutron/tests/unit/cisco/test_network_plugin.py
neutron/tests/unit/cisco/test_nexus_db.py
neutron/tests/unit/cisco/test_nexus_plugin.py
neutron/tests/unit/cisco/test_plugin_model.py
neutron/tests/unit/database_stubs.py
neutron/tests/unit/db/firewall/__init__.py
neutron/tests/unit/db/firewall/test_db_firewall.py
neutron/tests/unit/db/__init__.py
neutron/tests/unit/db/loadbalancer/__init__.py
neutron/tests/unit/db/loadbalancer/test_db_loadbalancer.py
neutron/tests/unit/db/metering/__init__.py
neutron/tests/unit/db/metering/test_db_metering.py
neutron/tests/unit/db/test_agent_db.py
neutron/tests/unit/db/test_quota_db.py
neutron/tests/unit/db/vpn/__init__.py
neutron/tests/unit/db/vpn/test_db_vpnaas.py
neutron/tests/unit/dummy_plugin.py
neutron/tests/unit/embrane/__init__.py
neutron/tests/unit/embrane/test_embrane_defaults.py
neutron/tests/unit/embrane/test_embrane_l3_plugin.py
neutron/tests/unit/embrane/test_embrane_neutron_plugin.py
neutron/tests/unit/extensions/extendedattribute.py
neutron/tests/unit/extensions/extensionattribute.py
neutron/tests/unit/extensions/foxinsocks.py
neutron/tests/unit/extensions/__init__.py
neutron/tests/unit/extension_stubs.py
neutron/tests/unit/extensions/v2attributes.py
neutron/tests/unit/hyperv/__init__.py
neutron/tests/unit/hyperv/test_hyperv_neutron_agent.py
neutron/tests/unit/hyperv/test_hyperv_neutron_plugin.py
neutron/tests/unit/hyperv/test_hyperv_rpcapi.py
neutron/tests/unit/hyperv/test_hyperv_security_groups_driver.py
neutron/tests/unit/hyperv/test_hyperv_utilsfactory.py
neutron/tests/unit/hyperv/test_hyperv_utilsv2.py
neutron/tests/unit/ibm/__init__.py
neutron/tests/unit/ibm/test_sdnve_agent.py
neutron/tests/unit/ibm/test_sdnve_api.py
neutron/tests/unit/ibm/test_sdnve_plugin.py
neutron/tests/unit/__init__.py
neutron/tests/unit/linuxbridge/__init__.py
neutron/tests/unit/linuxbridge/test_agent_scheduler.py
neutron/tests/unit/linuxbridge/test_defaults.py
neutron/tests/unit/linuxbridge/test_lb_db.py
neutron/tests/unit/linuxbridge/test_lb_neutron_agent.py
neutron/tests/unit/linuxbridge/test_lb_security_group.py
neutron/tests/unit/linuxbridge/test_linuxbridge_plugin.py
neutron/tests/unit/linuxbridge/test_rpcapi.py
neutron/tests/unit/metaplugin/fake_plugin.py
neutron/tests/unit/metaplugin/__init__.py
neutron/tests/unit/metaplugin/test_basic.py
neutron/tests/unit/metaplugin/test_metaplugin.py
neutron/tests/unit/midonet/etc/midonet.ini.test
neutron/tests/unit/midonet/__init__.py
neutron/tests/unit/midonet/mock_lib.py
neutron/tests/unit/midonet/test_midonet_driver.py
neutron/tests/unit/midonet/test_midonet_lib.py
neutron/tests/unit/midonet/test_midonet_plugin.py
neutron/tests/unit/ml2/drivers/brocade/__init__.py
neutron/tests/unit/ml2/drivers/brocade/test_brocade_mechanism_driver.py
neutron/tests/unit/ml2/drivers/cisco/apic/__init__.py
neutron/tests/unit/ml2/drivers/cisco/apic/test_cisco_apic_client.py
neutron/tests/unit/ml2/drivers/cisco/apic/test_cisco_apic_common.py
neutron/tests/unit/ml2/drivers/cisco/apic/test_cisco_apic_manager.py
neutron/tests/unit/ml2/drivers/cisco/apic/test_cisco_apic_mechanism_driver.py
neutron/tests/unit/ml2/drivers/cisco/__init__.py
neutron/tests/unit/ml2/drivers/cisco/nexus/__init__.py
neutron/tests/unit/ml2/drivers/cisco/nexus/test_cisco_config.py
neutron/tests/unit/ml2/drivers/cisco/nexus/test_cisco_mech.py
neutron/tests/unit/ml2/drivers/cisco/nexus/test_cisco_nexus_db.py
neutron/tests/unit/ml2/drivers/cisco/nexus/test_cisco_nexus.py
neutron/tests/unit/ml2/drivers/__init__.py
neutron/tests/unit/ml2/drivers/mechanism_bulkless.py
neutron/tests/unit/ml2/drivers/mechanism_logger.py
neutron/tests/unit/ml2/drivers/mechanism_test.py
neutron/tests/unit/ml2/drivers/test_arista_mechanism_driver.py
neutron/tests/unit/ml2/drivers/test_bigswitch_mech.py
neutron/tests/unit/ml2/drivers/test_l2population.py
neutron/tests/unit/ml2/drivers/test_mech_mlnx.py
neutron/tests/unit/ml2/drivers/test_ofagent_mech.py
neutron/tests/unit/ml2/__init__.py
neutron/tests/unit/ml2/test_agent_scheduler.py
neutron/tests/unit/ml2/_test_mech_agent.py
neutron/tests/unit/ml2/test_mechanism_fslsdn.py
neutron/tests/unit/ml2/test_mechanism_ncs.py
neutron/tests/unit/ml2/test_mechanism_odl.py
neutron/tests/unit/ml2/test_mech_hyperv.py
neutron/tests/unit/ml2/test_mech_linuxbridge.py
neutron/tests/unit/ml2/test_mech_openvswitch.py
neutron/tests/unit/ml2/test_ml2_plugin.py
neutron/tests/unit/ml2/test_port_binding.py
neutron/tests/unit/ml2/test_rpcapi.py
neutron/tests/unit/ml2/test_security_group.py
neutron/tests/unit/ml2/test_type_flat.py
neutron/tests/unit/ml2/test_type_gre.py
neutron/tests/unit/ml2/test_type_local.py
neutron/tests/unit/ml2/test_type_vlan.py
neutron/tests/unit/ml2/test_type_vxlan.py
neutron/tests/unit/mlnx/__init__.py
neutron/tests/unit/mlnx/test_agent_scheduler.py
neutron/tests/unit/mlnx/test_defaults.py
neutron/tests/unit/mlnx/test_mlnx_comm_utils.py
neutron/tests/unit/mlnx/test_mlnx_db.py
neutron/tests/unit/mlnx/test_mlnx_neutron_agent.py
neutron/tests/unit/mlnx/test_mlnx_plugin_config.py
neutron/tests/unit/mlnx/test_mlnx_plugin.py
neutron/tests/unit/mlnx/test_mlnx_security_group.py
neutron/tests/unit/mlnx/test_rpcapi.py
neutron/tests/unit/nec/fake_ofc_manager.py
neutron/tests/unit/nec/__init__.py
neutron/tests/unit/nec/stub_ofc_driver.py
neutron/tests/unit/nec/test_agent_scheduler.py
neutron/tests/unit/nec/test_config.py
neutron/tests/unit/nec/test_db.py
neutron/tests/unit/nec/test_nec_agent.py
neutron/tests/unit/nec/test_nec_plugin.py
neutron/tests/unit/nec/test_ofc_client.py
neutron/tests/unit/nec/test_ofc_manager.py
neutron/tests/unit/nec/test_packet_filter.py
neutron/tests/unit/nec/test_pfc_driver.py
neutron/tests/unit/nec/test_portbindings.py
neutron/tests/unit/nec/test_router.py
neutron/tests/unit/nec/test_security_group.py
neutron/tests/unit/nec/test_trema_driver.py
neutron/tests/unit/nec/test_utils.py
neutron/tests/unit/notifiers/__init__.py
neutron/tests/unit/notifiers/test_notifiers_nova.py
neutron/tests/unit/nuage/fake_nuageclient.py
neutron/tests/unit/nuage/__init__.py
neutron/tests/unit/nuage/test_netpartition.py
neutron/tests/unit/nuage/test_nuage_plugin.py
neutron/tests/unit/ofagent/fake_oflib.py
neutron/tests/unit/ofagent/__init__.py
neutron/tests/unit/ofagent/test_ofa_defaults.py
neutron/tests/unit/ofagent/test_ofa_neutron_agent.py
neutron/tests/unit/oneconvergence/__init__.py
neutron/tests/unit/oneconvergence/test_nvsd_agent.py
neutron/tests/unit/oneconvergence/test_nvsdlib.py
neutron/tests/unit/oneconvergence/test_nvsd_plugin.py
neutron/tests/unit/oneconvergence/test_plugin_helper.py
neutron/tests/unit/oneconvergence/test_security_group.py
neutron/tests/unit/openvswitch/__init__.py
neutron/tests/unit/openvswitch/test_agent_scheduler.py
neutron/tests/unit/openvswitch/test_openvswitch_plugin.py
neutron/tests/unit/openvswitch/test_ovs_db.py
neutron/tests/unit/openvswitch/test_ovs_defaults.py
neutron/tests/unit/openvswitch/test_ovs_neutron_agent.py
neutron/tests/unit/openvswitch/test_ovs_rpcapi.py
neutron/tests/unit/openvswitch/test_ovs_security_group.py
neutron/tests/unit/openvswitch/test_ovs_tunnel.py
neutron/tests/unit/plumgrid/__init__.py
neutron/tests/unit/plumgrid/test_plumgrid_plugin.py
neutron/tests/unit/ryu/fake_ryu.py
neutron/tests/unit/ryu/__init__.py
neutron/tests/unit/ryu/test_defaults.py
neutron/tests/unit/ryu/test_ryu_agent.py
neutron/tests/unit/ryu/test_ryu_db.py
neutron/tests/unit/ryu/test_ryu_plugin.py
neutron/tests/unit/ryu/test_ryu_security_group.py
neutron/tests/unit/services/firewall/agents/__init__.py
neutron/tests/unit/services/firewall/agents/l3reference/__init__.py
neutron/tests/unit/services/firewall/agents/l3reference/test_firewall_l3_agent.py
neutron/tests/unit/services/firewall/agents/test_firewall_agent_api.py
neutron/tests/unit/services/firewall/agents/varmour/__init__.py
neutron/tests/unit/services/firewall/agents/varmour/test_varmour_router.py
neutron/tests/unit/services/firewall/drivers/__init__.py
neutron/tests/unit/services/firewall/drivers/linux/__init__.py
neutron/tests/unit/services/firewall/drivers/linux/test_iptables_fwaas.py
neutron/tests/unit/services/firewall/drivers/varmour/__init__.py
neutron/tests/unit/services/firewall/drivers/varmour/test_varmour_fwaas.py
neutron/tests/unit/services/firewall/__init__.py
neutron/tests/unit/services/firewall/test_fwaas_plugin.py
neutron/tests/unit/services/__init__.py
neutron/tests/unit/services/l3_router/__init__.py
neutron/tests/unit/services/l3_router/test_l3_apic_plugin.py
neutron/tests/unit/services/loadbalancer/agent/__init__.py
neutron/tests/unit/services/loadbalancer/agent/test_agent_manager.py
neutron/tests/unit/services/loadbalancer/agent/test_agent.py
neutron/tests/unit/services/loadbalancer/agent/test_api.py
neutron/tests/unit/services/loadbalancer/drivers/embrane/__init__.py
neutron/tests/unit/services/loadbalancer/drivers/embrane/test_embrane_defaults.py
neutron/tests/unit/services/loadbalancer/drivers/embrane/test_plugin_driver.py
neutron/tests/unit/services/loadbalancer/drivers/haproxy/__init__.py
neutron/tests/unit/services/loadbalancer/drivers/haproxy/test_cfg.py
neutron/tests/unit/services/loadbalancer/drivers/haproxy/test_namespace_driver.py
neutron/tests/unit/services/loadbalancer/drivers/__init__.py
neutron/tests/unit/services/loadbalancer/drivers/netscaler/__init__.py
neutron/tests/unit/services/loadbalancer/drivers/netscaler/test_ncc_client.py
neutron/tests/unit/services/loadbalancer/drivers/netscaler/test_netscaler_driver.py
neutron/tests/unit/services/loadbalancer/drivers/radware/__init__.py
neutron/tests/unit/services/loadbalancer/drivers/radware/test_plugin_driver.py
neutron/tests/unit/services/loadbalancer/drivers/test_agent_driver_base.py
neutron/tests/unit/services/loadbalancer/__init__.py
neutron/tests/unit/services/loadbalancer/test_agent_scheduler.py
neutron/tests/unit/services/loadbalancer/test_loadbalancer_plugin.py
neutron/tests/unit/services/loadbalancer/test_loadbalancer_quota_ext.py
neutron/tests/unit/services/metering/drivers/__init__.py
neutron/tests/unit/services/metering/drivers/test_iptables_driver.py
neutron/tests/unit/services/metering/__init__.py
neutron/tests/unit/services/metering/test_metering_agent.py
neutron/tests/unit/services/metering/test_metering_plugin.py
neutron/tests/unit/services/vpn/device_drivers/cisco_csr_mock.py
neutron/tests/unit/services/vpn/device_drivers/__init__.py
neutron/tests/unit/services/vpn/device_drivers/notest_cisco_csr_rest.py
neutron/tests/unit/services/vpn/device_drivers/test_cisco_ipsec.py
neutron/tests/unit/services/vpn/device_drivers/test_ipsec.py
neutron/tests/unit/services/vpn/__init__.py
neutron/tests/unit/services/vpn/service_drivers/__init__.py
neutron/tests/unit/services/vpn/service_drivers/test_cisco_ipsec.py
neutron/tests/unit/services/vpn/service_drivers/test_ipsec.py
neutron/tests/unit/services/vpn/test_vpnaas_driver_plugin.py
neutron/tests/unit/services/vpn/test_vpnaas_extension.py
neutron/tests/unit/services/vpn/test_vpn_agent.py
neutron/tests/unit/test_agent_config.py
neutron/tests/unit/test_agent_ext_plugin.py
neutron/tests/unit/test_agent_linux_utils.py
neutron/tests/unit/test_agent_netns_cleanup.py
neutron/tests/unit/test_agent_ovs_cleanup.py
neutron/tests/unit/test_agent_rpc.py
neutron/tests/unit/test_api_api_common.py
neutron/tests/unit/test_api_v2_extension.py
neutron/tests/unit/test_api_v2.py
neutron/tests/unit/test_api_v2_resource.py
neutron/tests/unit/test_attributes.py
neutron/tests/unit/test_auth.py
neutron/tests/unit/test_common_log.py
neutron/tests/unit/test_common_utils.py
neutron/tests/unit/test_config.py
neutron/tests/unit/test_db_migration.py
neutron/tests/unit/test_db_plugin.py
neutron/tests/unit/test_db_rpc_base.py
neutron/tests/unit/test_debug_commands.py
neutron/tests/unit/test_dhcp_agent.py
neutron/tests/unit/test_dhcp_scheduler.py
neutron/tests/unit/test_extension_allowedaddresspairs.py
neutron/tests/unit/test_extension_extended_attribute.py
neutron/tests/unit/test_extension_ext_gw_mode.py
neutron/tests/unit/test_extension_ext_net.py
neutron/tests/unit/test_extension_extradhcpopts.py
neutron/tests/unit/test_extension_extraroute.py
neutron/tests/unit/test_extension_firewall.py
neutron/tests/unit/test_extension_pnet.py
neutron/tests/unit/_test_extension_portbindings.py
neutron/tests/unit/test_extension_portsecurity.py
neutron/tests/unit/test_extension_security_group.py
neutron/tests/unit/test_extensions.py
neutron/tests/unit/test_hacking.py
neutron/tests/unit/test_iptables_firewall.py
neutron/tests/unit/test_iptables_manager.py
neutron/tests/unit/test_ipv6.py
neutron/tests/unit/test_l3_agent.py
neutron/tests/unit/test_l3_plugin.py
neutron/tests/unit/test_l3_schedulers.py
neutron/tests/unit/testlib_api.py
neutron/tests/unit/test_linux_daemon.py
neutron/tests/unit/test_linux_dhcp.py
neutron/tests/unit/test_linux_external_process.py
neutron/tests/unit/test_linux_interface.py
neutron/tests/unit/test_linux_ip_lib.py
neutron/tests/unit/test_metadata_agent.py
neutron/tests/unit/test_metadata_namespace_proxy.py
neutron/tests/unit/test_neutron_context.py
neutron/tests/unit/test_neutron_manager.py
neutron/tests/unit/test_policy.py
neutron/tests/unit/test_post_mortem_debug.py
neutron/tests/unit/test_provider_configuration.py
neutron/tests/unit/test_quota_ext.py
neutron/tests/unit/_test_rootwrap_exec.py
neutron/tests/unit/test_routerserviceinsertion.py
neutron/tests/unit/test_security_groups_rpc.py
neutron/tests/unit/test_servicetype.py
neutron/tests/unit/test_wsgi.py
neutron/tests/unit/vmware/apiclient/fake.py
neutron/tests/unit/vmware/apiclient/__init__.py
neutron/tests/unit/vmware/apiclient/test_api_common.py
neutron/tests/unit/vmware/apiclient/test_api_eventlet_request.py
neutron/tests/unit/vmware/db/__init__.py
neutron/tests/unit/vmware/db/test_lsn_db.py
neutron/tests/unit/vmware/db/test_nsx_db.py
neutron/tests/unit/vmware/etc/fake_get_gwservice.json
neutron/tests/unit/vmware/etc/fake_get_lqueue.json
neutron/tests/unit/vmware/etc/fake_get_lrouter.json
neutron/tests/unit/vmware/etc/fake_get_lrouter_lport_att.json
neutron/tests/unit/vmware/etc/fake_get_lrouter_lport.json
neutron/tests/unit/vmware/etc/fake_get_lrouter_nat.json
neutron/tests/unit/vmware/etc/fake_get_lswitch.json
neutron/tests/unit/vmware/etc/fake_get_lswitch_lport_att.json
neutron/tests/unit/vmware/etc/fake_get_lswitch_lport.json
neutron/tests/unit/vmware/etc/fake_get_lswitch_lport_status.json
neutron/tests/unit/vmware/etc/fake_get_security_profile.json
neutron/tests/unit/vmware/etc/fake_post_gwservice.json
neutron/tests/unit/vmware/etc/fake_post_lqueue.json
neutron/tests/unit/vmware/etc/fake_post_lrouter.json
neutron/tests/unit/vmware/etc/fake_post_lrouter_lport.json
neutron/tests/unit/vmware/etc/fake_post_lrouter_nat.json
neutron/tests/unit/vmware/etc/fake_post_lswitch.json
neutron/tests/unit/vmware/etc/fake_post_lswitch_lport.json
neutron/tests/unit/vmware/etc/fake_post_security_profile.json
neutron/tests/unit/vmware/etc/fake_put_lrouter_lport_att.json
neutron/tests/unit/vmware/etc/fake_put_lswitch_lport_att.json
neutron/tests/unit/vmware/etc/neutron.conf.test
neutron/tests/unit/vmware/etc/nsx.ini.agentless.test
neutron/tests/unit/vmware/etc/nsx.ini.basic.test
neutron/tests/unit/vmware/etc/nsx.ini.combined.test
neutron/tests/unit/vmware/etc/nsx.ini.full.test
neutron/tests/unit/vmware/etc/nsx.ini.test
neutron/tests/unit/vmware/etc/nvp.ini.full.test
neutron/tests/unit/vmware/etc/vcns.ini.test
neutron/tests/unit/vmware/extensions/__init__.py
neutron/tests/unit/vmware/extensions/test_addresspairs.py
neutron/tests/unit/vmware/extensions/test_maclearning.py
neutron/tests/unit/vmware/extensions/test_networkgw.py
neutron/tests/unit/vmware/extensions/test_portsecurity.py
neutron/tests/unit/vmware/extensions/test_providernet.py
neutron/tests/unit/vmware/extensions/test_qosqueues.py
neutron/tests/unit/vmware/__init__.py
neutron/tests/unit/vmware/nsxlib/base.py
neutron/tests/unit/vmware/nsxlib/__init__.py
neutron/tests/unit/vmware/nsxlib/test_l2gateway.py
neutron/tests/unit/vmware/nsxlib/test_lsn.py
neutron/tests/unit/vmware/nsxlib/test_queue.py
neutron/tests/unit/vmware/nsxlib/test_router.py
neutron/tests/unit/vmware/nsxlib/test_secgroup.py
neutron/tests/unit/vmware/nsxlib/test_switch.py
neutron/tests/unit/vmware/nsxlib/test_versioning.py
neutron/tests/unit/vmware/test_agent_scheduler.py
neutron/tests/unit/vmware/test_dhcpmeta.py
neutron/tests/unit/vmware/test_nsx_opts.py
neutron/tests/unit/vmware/test_nsx_plugin.py
neutron/tests/unit/vmware/test_nsx_sync.py
neutron/tests/unit/vmware/test_nsx_utils.py
neutron/tests/unit/vmware/vshield/fake_vcns.py
neutron/tests/unit/vmware/vshield/__init__.py
neutron/tests/unit/vmware/vshield/test_edge_router.py
neutron/tests/unit/vmware/vshield/test_firewall_driver.py
neutron/tests/unit/vmware/vshield/test_fwaas_plugin.py
neutron/tests/unit/vmware/vshield/test_lbaas_plugin.py
neutron/tests/unit/vmware/vshield/test_loadbalancer_driver.py
neutron/tests/unit/vmware/vshield/test_vcns_driver.py
neutron/tests/unit/vmware/vshield/test_vpnaas_plugin.py
neutron/tests/var/ca.crt
neutron/tests/var/certandkey.pem
neutron/tests/var/certificate.crt
neutron/tests/var/privatekey.key
neutron/version.py
neutron/wsgi.py
openstack-common.conf
.pylintrc
README.rst
requirements.txt
run_tests.sh
setup.cfg
setup.py
tacker/agent/common/config.py
tacker/agent/common/__init__.py
tacker/agent/__init__.py
tacker/agent/linux/async_process.py
tacker/agent/linux/daemon.py
tacker/agent/linux/external_process.py
tacker/agent/linux/__init__.py
tacker/agent/linux/interface.py
tacker/agent/linux/ip_lib.py
tacker/agent/linux/polling.py
tacker/agent/linux/utils.py
tacker/agent/rpc.py
tacker/api/api_common.py
tacker/api/extensions.py
tacker/api/__init__.py
tacker/api/v1/attributes.py
tacker/api/v1/base.py
tacker/api/v1/__init__.py
tacker/api/v1/resource_helper.py
tacker/api/v1/resource.py
tacker/api/v1/router.py
tacker/api/versions.py
tacker/api/views/__init__.py
tacker/api/views/versions.py
tacker/auth.py
tacker/cmd/__init__.py
tacker/cmd/server.py
tacker/common/config.py
tacker/common/constants.py
tacker/common/driver_manager.py
tacker/common/exceptions.py
tacker/common/__init__.py
tacker/common/log.py
tacker/common/rpc_compat.py
tacker/common/rpc.py
tacker/common/test_lib.py
tacker/common/topics.py
tacker/common/utils.py
tacker/context.py
tacker/db/api.py
tacker/db/db_base.py
tacker/db/__init__.py
tacker/db/migration/alembic.ini
tacker/db/migration/alembic_migrations/env.py
tacker/db/migration/alembic_migrations/__init__.py
tacker/db/migration/alembic_migrations/script.py.mako
tacker/db/migration/alembic_migrations/versions/1c6b0d82afcd_servicevm_framework.py
tacker/db/migration/alembic_migrations/versions/4c31092895b8_remove_service_instance.py
tacker/db/migration/alembic_migrations/versions/81ffa86020d_rpc_proxy.py
tacker/db/migration/alembic_migrations/versions/HEAD
tacker/db/migration/cli.py
tacker/db/migration/__init__.py
tacker/db/model_base.py
tacker/db/models_v1.py
tacker/db/models_v2.py
tacker/db/sqlalchemyutils.py
tacker/db/vm/__init__.py
tacker/db/vm/proxy_db.py
tacker/db/vm/vm_db.py
tacker/extensions/__init__.py
tacker/extensions/servicevm.py
tacker/hacking/checks.py
tacker/hacking/__init__.py
tacker/hooks.py
tacker/__init__.py
tacker/manager.py
tacker/openstack/common/cache/_backends/__init__.py
tacker/openstack/common/cache/_backends/memory.py
tacker/openstack/common/cache/backends.py
tacker/openstack/common/cache/cache.py
tacker/openstack/common/cache/__init__.py
tacker/openstack/common/context.py
tacker/openstack/common/db/api.py
tacker/openstack/common/db/exception.py
tacker/openstack/common/db/__init__.py
tacker/openstack/common/db/options.py
tacker/openstack/common/db/sqlalchemy/__init__.py
tacker/openstack/common/db/sqlalchemy/models.py
tacker/openstack/common/db/sqlalchemy/provision.py
tacker/openstack/common/db/sqlalchemy/session.py
tacker/openstack/common/db/sqlalchemy/test_base.py
tacker/openstack/common/db/sqlalchemy/utils.py
tacker/openstack/common/eventlet_backdoor.py
tacker/openstack/common/excutils.py
tacker/openstack/common/fileutils.py
tacker/openstack/common/fixture/config.py
tacker/openstack/common/fixture/__init__.py
tacker/openstack/common/fixture/lockutils.py
tacker/openstack/common/fixture/mockpatch.py
tacker/openstack/common/fixture/moxstubout.py
tacker/openstack/common/gettextutils.py
tacker/openstack/common/importutils.py
tacker/openstack/common/__init__.py
tacker/openstack/common/jsonutils.py
tacker/openstack/common/local.py
tacker/openstack/common/lockutils.py
tacker/openstack/common/log_handler.py
tacker/openstack/common/log.py
tacker/openstack/common/loopingcall.py
tacker/openstack/common/middleware/audit.py
tacker/openstack/common/middleware/base.py
tacker/openstack/common/middleware/catch_errors.py
tacker/openstack/common/middleware/correlation_id.py
tacker/openstack/common/middleware/debug.py
tacker/openstack/common/middleware/__init__.py
tacker/openstack/common/middleware/notifier.py
tacker/openstack/common/middleware/request_id.py
tacker/openstack/common/middleware/sizelimit.py
tacker/openstack/common/network_utils.py
tacker/openstack/common/periodic_task.py
tacker/openstack/common/policy.py
tacker/openstack/common/processutils.py
tacker/openstack/common/service.py
tacker/openstack/common/sslutils.py
tacker/openstack/common/strutils.py
tacker/openstack/common/systemd.py
tacker/openstack/common/threadgroup.py
tacker/openstack/common/timeutils.py
tacker/openstack/common/uuidutils.py
tacker/openstack/common/versionutils.py
tacker/openstack/__init__.py
tacker/oslo_service.py
tacker/plugins/common/constants.py
tacker/plugins/common/__init__.py
tacker/plugins/common/utils.py
tacker/plugins/__init__.py
tacker/policy.py
tacker/service.py
tacker/services/__init__.py
tacker/services/service_base.py
tacker/tests/base.py
tacker/tests/etc/api-paste.ini.test
tacker/tests/etc/rootwrap.d/tacker.test.filters
tacker/tests/etc/tacker.conf.test
tacker/tests/fake_notifier.py
tacker/tests/functional/agent/__init__.py
tacker/tests/functional/agent/linux/__init__.py
tacker/tests/functional/__init__.py
tacker/tests/__init__.py
tacker/tests/post_mortem_debug.py
tacker/tests/tools.py
tacker/tests/unit/agent/__init__.py
tacker/tests/unit/agent/linux/__init__.py
tacker/tests/unit/agent/linux/test_async_process.py
tacker/tests/unit/database_stubs.py
tacker/tests/unit/db/__init__.py
tacker/tests/unit/extensions/extendedattribute.py
tacker/tests/unit/extensions/extensionattribute.py
tacker/tests/unit/extensions/foxinsocks.py
tacker/tests/unit/extensions/__init__.py
tacker/tests/unit/extension_stubs.py
tacker/tests/unit/extensions/v2attributes.py
tacker/tests/unit/__init__.py
tacker/tests/unit/services/__init__.py
tacker/tests/unit/services/vm/agent/__init__.py
tacker/tests/unit/services/vm/agent/test_agent.py
tacker/tests/unit/services/vm/agent/test_namespace_proxy.py
tacker/tests/unit/services/vm/agent/test_target.py
tacker/tests/unit/services/vm/drivers/__init__.py
tacker/tests/unit/services/vm/drivers/noop.py
tacker/tests/unit/services/vm/__init__.py
tacker/tests/unit/services/vm/mgmt_drivers/__init__.py
tacker/tests/unit/services/vm/mgmt_drivers/noop.py
tacker/tests/unit/services/vm/mgmt_drivers/test_proxy.py
tacker/tests/unit/services/vm/mgmt_drivers/test_rpc.py
tacker/tests/unit/services/vm/test_proxy_api.py
tacker/tests/unit/services/vm/test_servicevm_extension.py
tacker/tests/unit/test_agent_rpc.py
tacker/tests/unit/test_api_api_common.py
tacker/tests/unit/test_api_v2_extension.py
tacker/tests/unit/test_api_v2.py
tacker/tests/unit/test_api_v2_resource.py
tacker/tests/unit/test_attributes.py
tacker/tests/unit/test_auth.py
tacker/tests/unit/test_common_log.py
tacker/tests/unit/test_common_utils.py
tacker/tests/unit/test_config.py
tacker/tests/unit/test_db_migration.py
tacker/tests/unit/test_extension_extended_attribute.py
tacker/tests/unit/test_extensions.py
tacker/tests/unit/test_hacking.py
tacker/tests/unit/testlib_api.py
tacker/tests/unit/test_neutron_context.py
tacker/tests/unit/test_policy.py
tacker/tests/unit/test_post_mortem_debug.py
tacker/tests/unit/_test_rootwrap_exec.py
tacker/tests/unit/test_wsgi.py
tacker/tests/var/ca.crt
tacker/tests/var/certandkey.pem
tacker/tests/var/certificate.crt
tacker/tests/var/privatekey.key
tacker/version.py
tacker/vm/agent/agent.py
tacker/vm/agent_base.py
tacker/vm/agent/config.py
tacker/vm/agent/__init__.py
tacker/vm/agent/namespace_proxy.py
tacker/vm/agent/target.py
tacker/vm/constants.py
tacker/vm/drivers/abstract_driver.py
tacker/vm/drivers/__init__.py
tacker/vm/drivers/nova/__init__.py
tacker/vm/drivers/nova/nova.py
tacker/vm/hosting_device_scheduler.py
tacker/vm/__init__.py
tacker/vm/mgmt_drivers/abstract_driver.py
tacker/vm/mgmt_drivers/constants.py
tacker/vm/mgmt_drivers/__init__.py
tacker/vm/mgmt_drivers/rpc/config.py
tacker/vm/mgmt_drivers/rpc/__init__.py
tacker/vm/mgmt_drivers/rpc/proxy.py
tacker/vm/mgmt_drivers/rpc/rpc.py
tacker/vm/plugin.py
tacker/vm/proxy_api.py
tacker/wsgi.py
TESTING.rst
.testr.conf
test-requirements.txt
tools/check_i18n.py
tools/check_i18n_test_case.txt
tools/clean.sh
tools/i18n_cfg.py
tools/install_venv_common.py
tools/install_venv.py
tools/with_venv.sh
tox.ini
