LICENSE
public/css/base.css
public/css/github2.css
public/css/github.css
public/css/style.css
public/css/style-ie.css
public/img/ajax_loader.gif
public/img/asc.gif
public/img/bg.gif
public/img/desc.gif
public/img/waiting_16px.gif
public/lib/d3.js
public/lib/d3.min.js
public/lib/images/animated-overlay.gif
public/lib/jquery-1.10.1.min.js
public/lib/jquery.dataTables.js
public/lib/jquery.multiple.select.js
public/lib/jquery.numeric.js
public/lib/jquery-ui-1.10.3.custom.css
public/lib/jquery-ui-1.10.3.custom.js
public/lib/multiple-select.css
public/ods/config.js
public/ods/fixtures/fixtures.js
public/ods/funcunit.html
public/ods/models/cluster.js
public/ods/models/models.js
public/ods/models/servers.js
public/ods/ods.css
public/ods/ods.html
public/ods/ods.js
public/ods/ods.md
public/ods/production.css
public/ods/production.js
public/ods/qunit.html
public/ods/scripts/build.html
public/ods/scripts/build.js
public/ods/scripts/clean.js
public/ods/scripts/crawl.js
public/ods/scripts/docs.js
public/ods/ui/features/features.js
public/ods/ui/features/features_test.html
public/ods/ui/features/views/before_begin.ejs
public/ods/ui/features/views/init.ejs
public/ods/ui/host_config/host_config.css
public/ods/ui/host_config/host_config.js
public/ods/ui/host_config/host_config_test.html
public/ods/ui/host_config/views/init.ejs
public/ods/ui/host_config/views/pattern_tip.ejs
public/ods/ui/host_config/views/server_row.ejs
public/ods/ui/install_review/install.css
public/ods/ui/install_review/install_review.css
public/ods/ui/install_review/install_review.js
public/ods/ui/install_review/install_review_test.html
public/ods/ui/install_review/views/cluster_row.ejs
public/ods/ui/install_review/views/init.ejs
public/ods/ui/install_review/views/install.ejs
public/ods/ui/install_review/views/pending_clusters.ejs
public/ods/ui/install_review/views/progress_row.ejs
public/ods/ui/nav/nav.js
public/ods/ui/nav/views/init.ejs
public/ods/ui/networking/networking.css
public/ods/ui/networking/networking.js
public/ods/ui/networking/networking_test.html
public/ods/ui/networking/views/init.ejs
public/ods/ui/security/security.css
public/ods/ui/security/security.js
public/ods/ui/security/security_test.html
public/ods/ui/security/views/init.ejs
public/ods/ui/servers/servers.css
public/ods/ui/servers/servers.js
public/ods/ui/servers/servers_test.html
public/ods/ui/servers/views/init.ejs
public/ods/ui/servers/views/switch_row.ejs
public/ods/ui/switch_entry/servers_test.html
public/ods/ui/switch_entry/switch_entry.css
public/ods/ui/switch_entry/switch_entry.js
public/ods/ui/switch_entry/views/init.ejs
public/ods/ui/switch_entry/views/switch_row.ejs
public/ods/ui/welcome/views/init.ejs
public/ods/ui/welcome/welcome.js
public/ods/ui/welcome/welcome_test.html
README.md
v2/assets/css/ace-fonts.css
v2/assets/css/ace.min.css
v2/assets/css/ace-skins.min.css
v2/assets/css/font-awesome.min.css
v2/assets/css/style.css
v2/assets/font/cJZKeOuBrn4kERxqtaUH3T8E0i7KZn-EPnyo3HZu7kw.woff
v2/assets/font/DXI1ORHCpsQm3Vp6mXoaTXhCUOGz7vYGh680lGh-uXM.woff
v2/css/bootstrap.css
v2/css/bootstrap-theme.css
v2/css/style.css
v2/data/adapter_config
v2/data/clusters
v2/data/clusters.json
v2/data/config.json
v2/data/machine_host_columns.json
v2/data/monitoring_nav.json
v2/data/os_global_config.json
v2/data/servers.json
v2/data/timezone.json
v2/data/wizard_steps.json
v2/fonts/glyphicons-halflings-regular.eot
v2/fonts/glyphicons-halflings-regular.ttf
v2/fonts/glyphicons-halflings-regular.woff
v2/img/loading.gif
v2/index.html
v2/js/angular.min.js
v2/js/angular-route.min.js
v2/js/app.js
v2/js/bootstrap.min.js
v2/js/controllers.js
v2/js/jquery-1.11.1.min.js
v2/src/app/appDev.js
v2/src/app/app.js
v2/src/app/cluster/cluster-all-grid.tpl.html
v2/src/app/cluster/cluster-all-list.tpl.html
v2/src/app/cluster/cluster-all.tpl.html
v2/src/app/cluster/cluster-charts.tpl.html
v2/src/app/cluster/cluster-config.tpl.html
v2/src/app/cluster/cluster-create.tpl.html
v2/src/app/cluster/cluster-hostgroups.tpl.html
v2/src/app/cluster/cluster-hosts.tpl.html
v2/src/app/cluster/cluster.js
v2/src/app/cluster/clusterlist.js
v2/src/app/cluster/cluster-list.tpl.html
v2/src/app/cluster/cluster-log.tpl.html
v2/src/app/cluster/cluster-monitoring.tpl.html
v2/src/app/cluster/cluster-nav.tpl.html
v2/src/app/cluster/cluster-network.tpl.html
v2/src/app/cluster/cluster-novamanage.tpl.html
v2/src/app/cluster/cluster-overview.tpl.html
v2/src/app/cluster/cluster-partition.tpl.html
v2/src/app/cluster/cluster-roles.tpl.html
v2/src/app/cluster/cluster-security.tpl.html
v2/src/app/cluster/cluster-servicegroups.tpl.html
v2/src/app/cluster/cluster.tpl.html
v2/src/app/login/login.js
v2/src/app/login/login.tpl.html
v2/src/app/server/add-switch-modal.tpl.html
v2/src/app/server/find-new-servers.tpl.html
v2/src/app/server/server.js
v2/src/app/server/server-list.tpl.html
v2/src/app/services.js
v2/src/app/topnav/topnav.js
v2/src/app/topnav/topnav.tpl.html
v2/src/app/wizard/global.tpl.html
v2/src/app/wizard/network_mapping.tpl.html
v2/src/app/wizard/network.tpl.html
v2/src/app/wizard/partition.tpl.html
v2/src/app/wizard/review.tpl.html
v2/src/app/wizard/role_assignment.tpl.html
v2/src/app/wizard/security.tpl.html
v2/src/app/wizard/server_selection.tpl.html
v2/src/app/wizard/wizard.js
v2/src/app/wizard/wizard.spec.js
v2/src/app/wizard/wizard.tpl.html
v2/src/common/charts.js
v2/src/common/progressbar.tpl.html
v2/src/common/serialize.js
v2/templates/clusters.html
v2/templates/servers.html
v2/templates/topnav.html
v2/vendor/angular/angular-animate.min.js
v2/vendor/angular/angular.min.js
v2/vendor/angular/angular-mocks.js
v2/vendor/angular/angular-resource.min.js
v2/vendor/angular/angular-touch.js
v2/vendor/angular-bootstrap/ui-bootstrap-tpls-0.11.0.min.js
v2/vendor/angular-dragdrop/draganddrop.js
v2/vendor/angular-rickshaw/rickshaw.min.js
v2/vendor/angular-spinner/angular-spinner.min.js
v2/vendor/angular-spinner/spin.min.js
v2/vendor/angular-ui-router/angular-ui-router.min.js
v2/vendor/bootstrap/css/bootstrap.css
v2/vendor/bootstrap/css/bootstrap-theme.css
v2/vendor/bootstrap/js/bootstrap.min.js
v2/vendor/d3/d3.min.js
v2/vendor/font-awesome/css/font-awesome.min.css
v2/vendor/font-awesome/fonts/FontAwesome.otf
v2/vendor/font-awesome/fonts/fontawesome-webfont.eot
v2/vendor/font-awesome/fonts/fontawesome-webfont.ttf
v2/vendor/font-awesome/fonts/fontawesome-webfont.woff
v2/vendor/jquery.dataTables.min.js
v2/vendor/jquery/jquery-1.11.1.min.js
v2/vendor/ng-table/ng-table.min.js
v2/vendor/rickshaw/rickshaw.min.css
v2/vendor/rickshaw/rickshaw.min.js
