api_strawman/auth.py
api_strawman/client.py
api_strawman/__init__.py
api_strawman/pystack/directory_layout.rst
api_strawman/pystack/overview.rst
auth.py
client.py
CONTRIBUTING.rst
.coveragerc
doc/source/conf.py
doc/source/contributing.rst
doc/source/glossary.rst
doc/source/index.rst
doc/source/installation.rst
doc/source/readme.rst
doc/source/session.rst
doc/source/transport.rst
doc/source/usage.rst
examples/authenticate.py
examples/common.py
examples/create.py
examples/delete.py
examples/get.py
examples/head.py
examples/__init__.py
examples/list.py
examples/session.py
examples/transport.py
HACKING.rst
__init__.py
LICENSE
MANIFEST.in
openstack/auth/access.py
openstack/auth/base.py
openstack/auth/identity/authenticator.py
openstack/auth/identity/base.py
openstack/auth/identity/__init__.py
openstack/auth/identity/v2.py
openstack/auth/identity/v3.py
openstack/auth/__init__.py
openstack/auth/service_catalog.py
openstack/auth/service_filter.py
openstack/auth/service.py
openstack/auth/token_endpoint.py
openstack-common.conf
openstack/common/__init__.py
openstack/common/timeutils.py
openstack/compute/compute_service.py
openstack/compute/__init__.py
openstack/compute/v2/extension.py
openstack/compute/v2/flavor.py
openstack/compute/v2/image.py
openstack/compute/v2/__init__.py
openstack/compute/v2/server_ip.py
openstack/compute/v2/server.py
openstack/compute/version.py
openstack/database/database_service.py
openstack/database/__init__.py
openstack/database/v1/__init__.py
openstack/database/v1/instance.py
openstack/exceptions.py
openstack/identity/identity_service.py
openstack/identity/__init__.py
openstack/identity/v2/__init__.py
openstack/identity/v2/tenant.py
openstack/identity/v2/user.py
openstack/image/image_service.py
openstack/image/__init__.py
openstack/image/v1/image.py
openstack/image/v1/__init__.py
openstack/__init__.py
openstack/network/__init__.py
openstack/network/network_service.py
openstack/network/v2/extension.py
openstack/network/v2/floatingip.py
openstack/network/v2/health_monitor.py
openstack/network/v2/__init__.py
openstack/network/v2/listener.py
openstack/network/v2/load_balancer.py
openstack/network/v2/metering_label.py
openstack/network/v2/metering_label_rule.py
openstack/network/v2/network.py
openstack/network/v2/pool.py
openstack/network/v2/port.py
openstack/network/v2/quota.py
openstack/network/v2/router.py
openstack/network/v2/security_group.py
openstack/network/v2/security_group_rule.py
openstack/network/v2/subnet.py
openstack/network/version.py
openstack/object_store/__init__.py
openstack/object_store/object_store_service.py
openstack/object_store/v1/container.py
openstack/object_store/v1/__init__.py
openstack/resource.py
openstack/session.py
openstack/telemetry/__init__.py
openstack/telemetry/telemetry_service.py
openstack/telemetry/v2/capabilities.py
openstack/telemetry/v2/capability.py
openstack/telemetry/v2/__init__.py
openstack/telemetry/v2/meter.py
openstack/telemetry/v2/resource.py
openstack/tests/auth/common.py
openstack/tests/auth/identity/__init__.py
openstack/tests/auth/identity/test_authenticator.py
openstack/tests/auth/identity/test_v2.py
openstack/tests/auth/identity/test_v3.py
openstack/tests/auth/identity/utils.py
openstack/tests/auth/__init__.py
openstack/tests/auth/test_access.py
openstack/tests/auth/test_service_catalog.py
openstack/tests/auth/test_service_filter.py
openstack/tests/base.py
openstack/tests/compute/__init__.py
openstack/tests/compute/test_compute_service.py
openstack/tests/compute/test_version.py
openstack/tests/compute/v2/__init__.py
openstack/tests/compute/v2/test_extension.py
openstack/tests/compute/v2/test_flavor.py
openstack/tests/compute/v2/test_image.py
openstack/tests/compute/v2/test_server_ip.py
openstack/tests/compute/v2/test_server.py
openstack/tests/database/__init__.py
openstack/tests/database/test_database_service.py
openstack/tests/database/v1/__init__.py
openstack/tests/database/v1/test_instance.py
openstack/tests/fakes.py
openstack/tests/identity/test_identity_service.py
openstack/tests/identity/v2/test_tenant.py
openstack/tests/identity/v2/test_user.py
openstack/tests/image/__init__.py
openstack/tests/image/test_image_service.py
openstack/tests/image/v1/__init__.py
openstack/tests/image/v1/test_image.py
openstack/tests/__init__.py
openstack/tests/network/__init__.py
openstack/tests/network/test_network_service.py
openstack/tests/network/test_version.py
openstack/tests/network/v2/__init__.py
openstack/tests/network/v2/test_extension.py
openstack/tests/network/v2/test_floatingip.py
openstack/tests/network/v2/test_health_monitor.py
openstack/tests/network/v2/test_listener.py
openstack/tests/network/v2/test_load_balancer.py
openstack/tests/network/v2/test_metering_label.py
openstack/tests/network/v2/test_metering_label_rule.py
openstack/tests/network/v2/test_network.py
openstack/tests/network/v2/test_pool.py
openstack/tests/network/v2/test_port.py
openstack/tests/network/v2/test_quota.py
openstack/tests/network/v2/test_router.py
openstack/tests/network/v2/test_security_group.py
openstack/tests/network/v2/test_security_group_rule.py
openstack/tests/network/v2/test_subnet.py
openstack/tests/object_store/__init__.py
openstack/tests/object_store/test_object_store_service.py
openstack/tests/object_store/v1/__init__.py
openstack/tests/object_store/v1/test_container.py
openstack/tests/telemetry/__init__.py
openstack/tests/telemetry/test_telemetry_service.py
openstack/tests/telemetry/v2/__init__.py
openstack/tests/telemetry/v2/test_capabilities.py
openstack/tests/telemetry/v2/test_capability.py
openstack/tests/telemetry/v2/test_meter.py
openstack/tests/telemetry/v2/test_resource.py
openstack/tests/test_openstack.py
openstack/tests/test_resource.py
openstack/tests/test_session.py
openstack/tests/test_transport.py
openstack/tests/test_utils.py
openstack/transport.py
openstack/utils.py
README.md
README.rst
requirements.txt
setup.cfg
setup.py
.testr.conf
test-requirements.txt
tox.ini
