apiary.apib
barbican/api/app.py
barbican/api/controllers/consumers.py
barbican/api/controllers/containers.py
barbican/api/controllers/hrefs.py
barbican/api/controllers/__init__.py
barbican/api/controllers/orders.py
barbican/api/controllers/performance.py
barbican/api/controllers/secrets.py
barbican/api/controllers/transportkeys.py
barbican/api/controllers/versions.py
barbican/api/__init__.py
barbican/api/middleware/context.py
barbican/api/middleware/__init__.py
barbican/api/middleware/simple.py
barbican/api/policy.py
barbican_api.py
barbican/api/resources.py
barbican_api_test.py
barbican/api/validators.py
barbican/common/config.py
barbican/common/exception.py
barbican/common/__init__.py
barbican/common/resources.py
barbican/common/utils.py
barbican/common/validators.py
barbican/common/verifications.py
barbican/common/wsgi.py
barbican/config.py
barbican/context.py
barbican/contrib/devstack/extras.d/70-barbican.sh
barbican/contrib/devstack/lib/barbican
barbican/crypto/dogtag_crypto.py
barbican/crypto/extension_manager.py
barbican/crypto/fields.py
barbican/crypto/__init__.py
barbican/crypto/mime_types.py
barbican/crypto/p11_crypto.py
barbican/crypto/p11plugin.py
barbican/crypto/plugin.py
barbican/data/adapters/handler.py
barbican/data/adapters/__init__.py
barbican/data/__init__.py
barbican/data/tenant.py
barbican/functionaltests/__init__.py
barbican/functionaltests/post_test_hook.sh
barbican/functionaltests/pre_test_hook.sh
barbican/functionaltests/run_tests.sh
barbican/__init__.py
barbican/locale/__init__.py
barbican/model/base.py
barbican/model/__init__.py
barbican/model/migration/alembic.ini
barbican/model/migration/alembic_migrations/env.py
barbican/model/migration/alembic_migrations/__init__.py
barbican/model/migration/alembic_migrations/script.py.mako
barbican/model/migration/alembic_migrations/versions/13d127569afa_create_secret_metadata_table.py
barbican/model/migration/alembic_migrations/versions/13d127569afa_create_secret_store_metadata_table.py
barbican/model/migration/alembic_migrations/versions/153ed0150d78_change_test_column_b.py
barbican/model/migration/alembic_migrations/versions/1a0c2cdafb38_create_test_table.py
barbican/model/migration/alembic_migrations/versions/1a0c2cdafb38_initial_version.py
barbican/model/migration/alembic_migrations/versions/1cfb48928f42_test_column_add.py
barbican/model/migration/alembic_migrations/versions/1e86c18af2dd_add_new_columns_type_meta_containerid.py
barbican/model/migration/alembic_migrations/versions/40a9c7408b51_test_auto_migration.py
barbican/model/migration/alembic_migrations/versions/47b69e523451_made_plugin_names_in_kek_datum_non_.py
barbican/model/migration/alembic_migrations/versions/53c2ae2df15d_test_change.py
barbican/model/migration/alembic_migrations/versions/b4ba6a2a663_bp_mime_type_revamp.py
barbican/model/migration/alembic_migrations/versions/cd4106a1a0_add_cert_to_container_type.py
barbican/model/migration/commands.py
barbican/model/migration/__init__.py
barbican/model/models.py
barbican/model/repositories.py
barbican/model/secret.py
barbican/model/tenant.py
barbican/model/util.py
barbican/openstack/common/context.py
barbican/openstack/common/crypto/__init__.py
barbican/openstack/common/crypto/utils.py
barbican/openstack/common/eventlet_backdoor.py
barbican/openstack/common/excutils.py
barbican/openstack/common/fileutils.py
barbican/openstack/common/gettextutils.py
barbican/openstack/common/importutils.py
barbican/openstack/common/__init__.py
barbican/openstack/common/jsonutils.py
barbican/openstack/common/local.py
barbican/openstack/common/log.py
barbican/openstack/common/loopingcall.py
barbican/openstack/common/network_utils.py
barbican/openstack/common/notifier/api.py
barbican/openstack/common/notifier/__init__.py
barbican/openstack/common/notifier/log_notifier.py
barbican/openstack/common/notifier/no_op_notifier.py
barbican/openstack/common/notifier/rpc_notifier2.py
barbican/openstack/common/notifier/rpc_notifier.py
barbican/openstack/common/notifier/test_notifier.py
barbican/openstack/common/policy.py
barbican/openstack/common/processutils.py
barbican/openstack/common/rpc/amqp.py
barbican/openstack/common/rpc/common.py
barbican/openstack/common/rpc/dispatcher.py
barbican/openstack/common/rpc/impl_fake.py
barbican/openstack/common/rpc/impl_kombu.py
barbican/openstack/common/rpc/impl_qpid.py
barbican/openstack/common/rpc/impl_zmq.py
barbican/openstack/common/rpc/__init__.py
barbican/openstack/common/rpc/matchmaker.py
barbican/openstack/common/rpc/matchmaker_redis.py
barbican/openstack/common/rpc/matchmaker_ring.py
barbican/openstack/common/rpc/proxy.py
barbican/openstack/common/rpc/securemessage.py
barbican/openstack/common/rpc/serializer.py
barbican/openstack/common/rpc/service.py
barbican/openstack/common/rpc/zmq_receiver.py
barbican/openstack/common/service.py
barbican/openstack/common/sslutils.py
barbican/openstack/common/strutils.py
barbican/openstack/common/threadgroup.py
barbican/openstack/common/timeutils.py
barbican/openstack/common/uuidutils.py
barbican/openstack/__init__.py
barbican/plugin/crypto/crypto.py
barbican/plugin/crypto/__init__.py
barbican/plugin/crypto/p11_crypto.py
barbican/plugin/crypto/simple_crypto.py
barbican/plugin/dogtag.py
barbican/plugin/__init__.py
barbican/plugin/interface/certificate_manager.py
barbican/plugin/interface/certificates.py
barbican/plugin/interface/__init__.py
barbican/plugin/interface/secret_store.py
barbican/plugin/kmip.py
barbican/plugin/kmip_secret_store.py
barbican/plugin/resources.py
barbican/plugin/store_crypto.py
barbican/plugin/symantec.py
barbican/plugin/util/__init__.py
barbican/plugin/util/mime_types.py
barbican/plugin/util/translations.py
barbican.py
barbican/queue/celery/__init__.py
barbican/queue/celery/resources.py
barbican/queue/client.py
barbican/queue/__init__.py
barbican/queue/resources.py
barbican/queue/server.py
barbican/queue/simple/__init__.py
barbican/queue/simple.py
barbican/queue/simple/resources.py
barbican/samples/__init__.py
barbican/samples/sample.py
barbican/store/__init__.py
barbican/store/secret_store.py
barbican/tasks/certificate_resources.py
barbican/tasks/__init__.py
barbican/tasks/resources.py
barbican/tests/api/__init__.py
barbican/tests/api/middleware_test.py
barbican/tests/api/resources_test.py
barbican/tests/api/tenant/__init__.py
barbican/tests/api/test_middleware.py
barbican/tests/api/test_resources_policy.py
barbican/tests/api/test_resources.py
barbican/tests/api/test_transport_keys_resource.py
barbican/tests/api/validators_test.py
barbican/tests/common/__init__.py
barbican/tests/common/test_utils.py
barbican/tests/common/test_validators.py
barbican/tests/config_test.py
barbican/tests/crypto/__init__.py
barbican/tests/crypto/test_dogtag_crypto.py
barbican/tests/crypto/test_extension_manager.py
barbican/tests/crypto/test_mime_types.py
barbican/tests/crypto/test_p11_crypto.py
barbican/tests/crypto/test_plugin.py
barbican/tests/__init__.py
barbican/tests/model/__init__.py
barbican/tests/model/test_models.py
barbican/tests/model/test_repositories.py
barbican/tests/plugin/crypto/__init__.py
barbican/tests/plugin/crypto/test_crypto.py
barbican/tests/plugin/crypto/test_p11_crypto.py
barbican/tests/plugin/__init__.py
barbican/tests/plugin/interface/__init__.py
barbican/tests/plugin/interface/test_secret_store.py
barbican/tests/plugin/test_dogtag.py
barbican/tests/plugin/test_kmip.py
barbican/tests/plugin/test_symantec.py
barbican/tests/plugin/util/__init__.py
barbican/tests/plugin/util/test_mime_types.py
barbican_tests.py
barbican/tests/queue/__init__.py
barbican/tests/queue/test_client.py
barbican/tests/queue/test_server.py
barbican/tests/tasks/__init__.py
barbican/tests/tasks/resources_test.py
barbican/tests/tasks/test_certificate_resources.py
barbican/tests/tasks/test_resources.py
barbican/tests/test_middleware_auth.py
barbican/tests/utils.py
barbican/version.py
barbican/worker/__init__.py
barbican/worker/resources.py
barbican/worker/simple.py
bin/barbican-all
bin/barbican-api
bin/barbican-db-manage.py
bin/barbican.sh
bin/barbican-worker
bin/barbican-worker.py
bin/keystone_data.sh
bin/versionbuild.py
bin/versionbump
bin/versionrelease
config.py
contrib/devstack/extras.d/70-barbican.sh
contrib/devstack/lib/barbican
contrib/devstack/local.conf
.coveragerc
database.py
debian/barbican-api.dirs
debian/barbican-api.init
debian/barbican-api.install
debian/barbican-api.logrotate
debian/barbican-api.postinst
debian/barbican-api.prerm
debian/barbican-api.upstart
debian/barbican-common.dirs
debian/barbican-common.postinst
debian/barbican-common.postrm
debian/barbican-worker.upstart
debian/changelog
debian/changelog-orig
debian/compat
debian/control
debian/copyright
debian/gbp.conf
debian/python-barbican.install
debian/rules
debian/source/format
debian/watch_tbd
docs/includewars.xml
docs/olink.xml
doc/source/conf.py
doc/source/index.rst
doc/source/plugin.rst
doc/source/setup.rst
docs/pom.xml
docs/src/common/common.ent
docs/src/docbkx/chapters/apiref.xml
docs/src/docbkx/chapters/rbac.xml
docs/src/docbkx/ck-devguide.xml
docs/src/docbkx/ck-gettingstarted.xml
docs/src/docbkx/ck-install.xml
docs/src/docbkx/ck-releasenotes.xml
docs/src/docbkx/samples/reqAuthenticate.json
docs/src/docbkx/samples/reqCreateOrder.json
docs/src/docbkx/samples/reqCreateSecret.json
docs/src/docbkx/samples/reqCreateSecretwithoutPayload.json
docs/src/docbkx/samples/reqgenerateToken.json
docs/src/docbkx/samples/reqgetversioninfo.json
docs/src/docbkx/samples/reqUpdateSecret.json
docs/src/docbkx/samples/resAuthenticate.json
docs/src/docbkx/samples/resCreateSecret.json
docs/src/docbkx/samples/resgenerateToken.json
docs/src/docbkx/samples/resgetversioninfo.json
docs/src/docbkx/samples/resRetrieveSecret.json
docs/src/wadl/Barbican.wadl
docs/src/wadl/normalized/cq-devguide.wadl
docs/src/wadl/samples/db-auth.json
docs/src/wadl/samples/db-auth.xml
docs/src/wadl/samples/db-credentials.json
docs/src/wadl/samples/db-credentials.xml
docs/src/wadl/samples/db-faults-badRequest.json
docs/src/wadl/samples/db-faults-badRequest.xml
docs/src/wadl/samples/db-faults-instanceFault.json
docs/src/wadl/samples/db-faults-instanceFault.xml
docs/src/wadl/samples/db-faults-itemNotFound.json
docs/src/wadl/samples/db-faults-itemNotFound.xml
docs/src/wadl/samples/db-request-types.json
docs/src/wadl/samples/db-response-types.xml
docs/src/wadl/samples/reqCreateOrder.json
docs/src/wadl/samples/reqCreateSecret.json
docs/src/wadl/samples/reqDeleteOrder.json
docs/src/wadl/samples/reqDeleteSecret.json
docs/src/wadl/samples/reqGenerateToken.json
docs/src/wadl/samples/reqGetOrderinfo copy.json
docs/src/wadl/samples/reqGetOrderinfo.json
docs/src/wadl/samples/reqGetOrders.json
docs/src/wadl/samples/reqGetSecretinfo.json
docs/src/wadl/samples/reqGetSecrets.json
docs/src/wadl/samples/reqUpdateOrder.json
docs/src/wadl/samples/reqUpdateSecret.json
docs/src/wadl/samples/resCreateOrder.json
docs/src/wadl/samples/resCreateSecret.json
docs/src/wadl/samples/resDeleteOrder.json
docs/src/wadl/samples/resDeleteSecret.json
docs/src/wadl/samples/resGetOrderinfo.json
docs/src/wadl/samples/resGetOrders.json
docs/src/wadl/samples/resgetSecretinfo.json
docs/src/wadl/samples/resgetSecrets.json
docs/src/wadl/samples/resgetversioninfo.json
docs/src/wadl/samples/resUpdateOrder.json
docs/src/wadl/samples/resUpdateSecret.json
docs/src/wadl/samples/snapshot_create.json
docs/src/wadl/samples/snapshot_create.xml
docs/src/wadl/samples/snapshot_list_simple.json
docs/src/wadl/samples/snapshot_list_simple.xml
docs/src/wadl/samples/snapshot_show.json
docs/src/wadl/samples/snapshot_show.xml
docs/src/wadl/samples/volume_create.json
docs/src/wadl/samples/volume_create.xml
docs/src/wadl/samples/volume_list_simple.json
docs/src/wadl/samples/volume_list_simple.xml
docs/src/wadl/samples/volume_show.json
docs/src/wadl/samples/volume_show.xml
docs/src/wadl/samples/volume_type_list.json
docs/src/wadl/samples/volume_type_list.xml
docs/src/wadl/samples/volume_type_show.json
docs/src/wadl/samples/volume_type_show.xml
etc/barbican-api.conf
etc/barbican-api.ini
etc/barbican-api-paste.ini
etc/barbican/barbican-admin-paste.ini
etc/barbican/barbican-api.conf
etc/barbican/barbican-api.ini
etc/barbican/barbican-api-paste.ini
etc/barbican/barbican.conf
etc/barbican/config.py
etc/barbican/policy.json
etc/barbican/vassals/barbican-admin.ini
etc/barbican/vassals/barbican-api.ini
etc/init/barbican-api.conf
etc/init/barbican-worker.conf
etc/logrotate.d/barbican-api
examples/agent.json
examples/agent-pair.json
examples/log-event.json
examples/policy.json
functionaltests/api/base.py
functionaltests/api/__init__.py
functionaltests/api/test_versions.py
functionaltests/api/v1/__init__.py
functionaltests/api/v1/test_consumers.py
functionaltests/api/v1/test_orders.py
functionaltests/api/v1/test_secrets.py
functionaltests/__init__.py
functionaltests/post_test_hook.sh
functionaltests/pre_test_hook.sh
functionaltests/run_tests.sh
HACKING.rst
images/arch_overview.gif
images/dataflow_get.gif
images/dataflow_post.gif
LICENSE
MANIFEST.in
models.py
openstack-common.conf
pylintrc
README.md
README.rst
requirements.txt
rpmbuild/automated_rpm_build.exp
rpmbuild/build_rpm.sh
rpmbuild/package_dependencies.sh
rpmbuild/.python-version
rpmbuild/SPECS/barbican.spec
rpmbuild/upload_rpm.sh
run_tests.err.log
run_tests.sh
schema.sql
setup.cfg
setup.py
source/format
static/css/bootstrap.css
static/css/bootstrap.min.css
static/css/jquery.dataTables.css
static/css/jquery.dataTables_themeroller.css
static/css/style.css
static/ico/favicon.ico
static/img/favicon.ico
static/img/Sorting icons.psd
static/js/bootstrap.js
static/js/bootstrap.min.js
static/js/html5shiv.js
static/js/jquery-1.9.1.min.js
static/js/jquery.dataTables.js
static/js/jquery.dataTables.min.js
static/style.css
templates/agents.html
templates/events.html
templates/index.html
templates/layout.html
templates/login.html
templates/users.html
.testr.conf
test-requirements.txt
tools/hacking.sh
tools/install_venv_common.py
tools/install_venv.py
tools/pip-requires
tools/test-requires
tools/with_venv.sh
tox.ini
uwsgi.ini
