ACKNOWLEDGEMENTS
AUTHORS
bash_completion/git-upstream
bash_completion/hpgit
build_manpage.py
ChangeLog
create_manpage.py
debian/changelog
debian/compat
debian/control
debian/copyright
debian/docs
debian/rules
DESCRIPTION
functional-tests/010-test_version_check.sh
functional-tests/020-test_help.sh
functional-tests/030-test_no_local_changes.sh
functional-tests/040-test_simple_rebase.sh
functional-tests/050-test_supersede.sh
functional-tests/060-test_drop.sh
functional-tests/libs/logging.lib
functional-tests/libs/utils.lib
functional-tests/run_tests.sh
functional-tests/sample-test_name_here.sh
ghp/commands/drop.py
ghp/commands/import_upstream.py
ghp/commands/__init__.py
ghp/commands/supersede.py
ghp/errors.py
ghp/__init__.py
ghp/lib/__init__.py
ghp/lib/note.py
ghp/lib/pygitcompat.py
ghp/lib/rebaseeditor.py
ghp/lib/searchers.py
ghp/lib/utils.py
ghp/log.py
ghp/main.py
ghp/scripts/__init__.py
ghp/scripts/rebase-editor.py
ghp/subcommand.py
ghp/version.py
git-hp
git-upstream
git_upstream/commands/drop.py
git_upstream/commands/import.py
git_upstream/commands/__init__.py
git_upstream/commands/supersede.py
git_upstream/errors.py
git_upstream/__init__.py
git_upstream/lib/__init__.py
git_upstream/lib/note.py
git_upstream/lib/pygitcompat.py
git_upstream/lib/rebaseeditor.py
git_upstream/lib/searchers.py
git_upstream/lib/utils.py
git_upstream/log.py
git_upstream/main.py
git_upstream/rebase_editor.py
git_upstream/scripts/rebase-editor.py
git_upstream/subcommand.py
git_upstream/tests/base.py
git_upstream/tests/__init__.py
git_upstream/tests/test_commands.py
git_upstream/tests/test_drop.py
git_upstream/tests/test_log.py
git_upstream/tests/test_supersede.py
git_upstream/tests/test_utils.py
git_upstream/version.py
KNOWN-ISSUES.md
LICENSE
README
README.md
requirements.txt
setup.cfg
setup.py
.testr.conf
test-requirements.txt
tests/base.py
tests/__init__.py
tests/test_commands.py
tests/test_drop.py
tests/test_log.py
tests/test_supersede.py
tests/test_utils.py
tox.ini
USAGE.md
