adapter_utils/bin/__init__.py
adapter_utils/bin/ostf_utils.py
adapter_utils/cli_client.py
adapter_utils/__init__.py
adapter_utils/storage/engine.py
adapter_utils/storage/__init__.py
adapter_utils/support_utils.py
common/extended_tempest.conf
etc/ostf/ostf.conf
etc/ostf_test_image.vdi
etc/test.conf
fabfile.py
fuel/cleanup.py
fuel/clients.py
fuel/common/extended_tempest.conf
fuel/common/__init__.py
fuel/common/log.py
fuel/common/rest_client.py
fuel/common/ssh.py
fuel/common/test_mixins.py
fuel/common/utils/data_utils.py
fuel/common/utils/data_utils.pyc
fuel/common/utils/__init__.py
fuel/common/utils/__init__.pyc
fuel/common/utils/misc.py
fuel/common/utils/misc.pyc
fuel/config.py
fuel/exceptions.py
fuel_health/ceilometermanager.py
fuel_health/cleanup.py
fuel_health/clients.py
fuel_health/clients.pyc
fuel_health/common/amqp_client.py
fuel_health/common/extended_tempest.conf
fuel_health/common/facts.py
fuel_health/common/__init__.py
fuel_health/common/__init__.pyc
fuel_health/common/log.py
fuel_health/common/log.pyc
fuel_health/common/network_common.py
fuel_health/common/rest_client.py
fuel_health/common/rest_client.pyc
fuel_health/common/savanna_ssh.py
fuel_health/common/ssh.py
fuel_health/common/ssh.pyc
fuel_health/common/test_mixins.py
fuel_health/common/test_mixins.pyc
fuel_health/common/utils/data_utils.py
fuel_health/common/utils/data_utils.pyc
fuel_health/common/utils/__init__.py
fuel_health/common/utils/__init__.pyc
fuel_health/common/utils/misc.py
fuel_health/common/utils/misc.pyc
fuel_health/common/utils/savanna_client_patch.py
fuel_health/config.py
fuel_health/config.pyc
fuel_health/etc/heat_autoscale_nova.yaml
fuel_health/etc/heat_autoscaling_template.yaml
fuel_health/etc/heat_create_neutron_stack_template.yaml
fuel_health/etc/heat_create_nova_stack_template.yaml
fuel_health/etc/ostf_test_image.vdi
fuel_health/etc/test.conf
fuel_health/exceptions.py
fuel_health/exceptions.pyc
fuel_health/heatmanager.py
fuel_health/__init__.py
fuel_health/__init__.pyc
fuel_health/manager.py
fuel_health/manager.pyc
fuel_health/murano.py
fuel_health/netork_configuration.py
fuel_health/nmanager.py
fuel_health/nmanager.pyc
fuel_health/sahara.py
fuel_health/savanna.py
fuel_health/services/compute/__init__.py
fuel_health/services/compute/__init__.pyc
fuel_health/services/compute/json/fixed_ips_client.py
fuel_health/services/compute/json/fixed_ips_client.pyc
fuel_health/services/compute/json/flavors_client.py
fuel_health/services/compute/json/flavors_client.pyc
fuel_health/services/compute/json/floating_ips_client.py
fuel_health/services/compute/json/floating_ips_client.pyc
fuel_health/services/compute/json/hosts_client.py
fuel_health/services/compute/json/hosts_client.pyc
fuel_health/services/compute/json/hypervisor_client.py
fuel_health/services/compute/json/hypervisor_client.pyc
fuel_health/services/compute/json/images_client.py
fuel_health/services/compute/json/images_client.pyc
fuel_health/services/compute/json/__init__.py
fuel_health/services/compute/json/__init__.pyc
fuel_health/services/compute/json/interfaces_client.py
fuel_health/services/compute/json/interfaces_client.pyc
fuel_health/services/compute/json/keypairs_client.py
fuel_health/services/compute/json/keypairs_client.pyc
fuel_health/services/compute/json/limits_client.py
fuel_health/services/compute/json/limits_client.pyc
fuel_health/services/compute/json/quotas_client.py
fuel_health/services/compute/json/quotas_client.pyc
fuel_health/services/compute/json/security_groups_client.py
fuel_health/services/compute/json/security_groups_client.pyc
fuel_health/services/compute/json/servers_client.py
fuel_health/services/compute/json/servers_client.pyc
fuel_health/services/compute/json/services_client.py
fuel_health/services/compute/json/services_client.pyc
fuel_health/services/compute/json/tenant_usages_client.py
fuel_health/services/compute/json/tenant_usages_client.pyc
fuel_health/services/identity/__init__.py
fuel_health/services/identity/__init__.pyc
fuel_health/services/identity/json/identity_client.py
fuel_health/services/identity/json/identity_client.pyc
fuel_health/services/identity/json/__init__.py
fuel_health/services/identity/json/__init__.pyc
fuel_health/services/__init__.py
fuel_health/services/__init__.pyc
fuel_health/services/network/__init__.py
fuel_health/services/network/__init__.pyc
fuel_health/services/network/json/__init__.py
fuel_health/services/network/json/__init__.pyc
fuel_health/services/network/json/network_client.py
fuel_health/services/network/json/network_client.pyc
fuel_health/services/volume/__init__.py
fuel_health/services/volume/__init__.pyc
fuel_health/services/volume/json/admin/__init__.py
fuel_health/services/volume/json/admin/__init__.pyc
fuel_health/services/volume/json/admin/volume_types_client.py
fuel_health/services/volume/json/admin/volume_types_client.pyc
fuel_health/services/volume/json/__init__.py
fuel_health/services/volume/json/__init__.pyc
fuel_health/services/volume/json/snapshots_client.py
fuel_health/services/volume/json/snapshots_client.pyc
fuel_health/services/volume/json/volumes_client.py
fuel_health/services/volume/json/volumes_client.pyc
fuel_health/test.py
fuel_health/test.pyc
fuel_health/tests/ha/__init__.py
fuel_health/tests/ha/__init__.py~
fuel_health/tests/ha/test_mysql_replication.py
fuel_health/tests/ha/test_rabbit.py
fuel_health/tests/heat/__init__.py
fuel_health/tests/heat/test_heat_actions.py
fuel_health/tests/__init__.py
fuel_health/tests/__init__.pyc
fuel_health/tests/murano/test_smoke_murano.py
fuel_health/tests/platform_smoke_tests/__init__.py
fuel_health/tests/platform_smoke_tests/test_platform_savanna.py
fuel_health/tests/platform_smoke_tests/test_smoke_heat.py
fuel_health/tests/platform_smoke_tests/test_smoke_murano.py
fuel_health/tests/platform_tests/__init__.py
fuel_health/tests/platform_tests/test_ceilometer.py
fuel_health/tests/platform_tests/test_create_alarm.py
fuel_health/tests/platform_tests/test_heat.py
fuel_health/tests/platform_tests/test_murano.py
fuel_health/tests/platform_tests/test_platform_murano_linux.py
fuel_health/tests/platform_tests/test_platform_sahara.py
fuel_health/tests/platform_tests/test_platform_savanna.py
fuel_health/tests/sanity/base.py
fuel_health/tests/sanity/base.pyc
fuel_health/tests/sanity/__init__.py
fuel_health/tests/sanity/__init__.pyc
fuel_health/tests/sanity/test_sanity_ceilometer.py
fuel_health/tests/sanity/test_sanity_compute.py
fuel_health/tests/sanity/test_sanity_compute.pyc
fuel_health/tests/sanity/test_sanity_heat.py
fuel_health/tests/sanity/test_sanity_identity.py
fuel_health/tests/sanity/test_sanity_identity.pyc
fuel_health/tests/sanity/test_sanity_infrastructure.py
fuel_health/tests/sanity/test_sanity_infrastructure.pyc
fuel_health/tests/sanity/test_sanity_murano.py
fuel_health/tests/sanity/test_sanity_networking.py
fuel_health/tests/sanity/test_sanity_networking.pyc
fuel_health/tests/sanity/test_sanity_sahara.py
fuel_health/tests/sanity/test_sanity_savanna.py
fuel_health/tests/smoke/base.py
fuel_health/tests/smoke/base.pyc
fuel_health/tests/smoke/__init__.py
fuel_health/tests/smoke/__init__.pyc
fuel_health/tests/smoke/test_create_alarm.py
fuel_health/tests/smoke/test_create_flavor.py
fuel_health/tests/smoke/test_create_flavor.pyc
fuel_health/tests/smoke/test_create_instance_with_connectivity.py
fuel_health/tests/smoke/test_create_keypair.py
fuel_health/tests/smoke/test_create_network.py
fuel_health/tests/smoke/test_create_sec_group.py
fuel_health/tests/smoke/test_create_volume.py
fuel_health/tests/smoke/test_create_volume.pyc
fuel_health/tests/smoke/test_heat_actions.py
fuel_health/tests/smoke/test_image_actions.py
fuel_health/tests/smoke/test_image_actions.pyc
fuel_health/tests/smoke/test_nova_create_instance_with_connectivity.py
fuel_health/tests/smoke/test_nova_create_instance_with_connectivity.pyc
fuel_health/tests/smoke/test_nova_image_actions.py
fuel_health/tests/smoke/test_quantum_create_instance_with_connectivity.py
fuel_health/tests/smoke/test_smoke_savanna.py
fuel_health/tests/smoke/test_user_create.py
fuel_health/tests/smoke/test_user_create.pyc
fuel_health/vlans_creation.py
fuel/__init__.py
fuel/manager.py
fuel_plugin/bin/adapter_api.py
fuel_plugin/bin/__init__.py
fuel_plugin/__init__.py
fuel_plugin/ostf_adapter/cli_config.py
fuel_plugin/ostf_adapter/config.py
fuel_plugin/ostf_adapter/__init__.py
fuel_plugin/ostf_adapter/logger.py
fuel_plugin/ostf_adapter/mixins.py
fuel_plugin/ostf_adapter/nailgun_hooks.py
fuel_plugin/ostf_adapter/nose_plugin/__init__.py
fuel_plugin/ostf_adapter/nose_plugin/nose_adapter.py
fuel_plugin/ostf_adapter/nose_plugin/nose_discovery.py
fuel_plugin/ostf_adapter/nose_plugin/nose_storage_plugin.py
fuel_plugin/ostf_adapter/nose_plugin/nose_test_runner.py
fuel_plugin/ostf_adapter/nose_plugin/nose_utils.py
fuel_plugin/ostf_adapter/server.py
fuel_plugin/ostf_adapter/storage/alembic_cli.py
fuel_plugin/ostf_adapter/storage/alembic.ini
fuel_plugin/ostf_adapter/storage/engine.py
fuel_plugin/ostf_adapter/storage/fields.py
fuel_plugin/ostf_adapter/storage/__init__.py
fuel_plugin/ostf_adapter/storage/migrations/env.py
fuel_plugin/ostf_adapter/storage/migrations/__init__.py
fuel_plugin/ostf_adapter/storage/migrations/script.py.mako
fuel_plugin/ostf_adapter/storage/migrations/versions/12340edd992d_add_status_field_to_.py
fuel_plugin/ostf_adapter/storage/migrations/versions/1b28f7bc6476_database_refactoring.py
fuel_plugin/ostf_adapter/storage/migrations/versions/1e2c38f575fb_storage_refactor.py
fuel_plugin/ostf_adapter/storage/migrations/versions/1fcb29d29e03_initial_migration.py
fuel_plugin/ostf_adapter/storage/migrations/versions/1fd6054552f1_initial.py
fuel_plugin/ostf_adapter/storage/migrations/versions/3e45add6471_add_title_column.py
fuel_plugin/ostf_adapter/storage/migrations/versions/430d8c6aae6d_initial_migration.py
fuel_plugin/ostf_adapter/storage/migrations/versions/490f0056d38a_initial_migration.py
fuel_plugin/ostf_adapter/storage/migrations/versions/4e9905279776_add_started_at_ended.py
fuel_plugin/ostf_adapter/storage/migrations/versions/5133b1e66258_pid_field_for_testru.py
fuel_plugin/ostf_adapter/storage/migrations/versions/53af7c2d9ccc_initial.py
fuel_plugin/ostf_adapter/storage/migrations/versions/54904076d82d_list_of_excl_testset.py
fuel_plugin/ostf_adapter/storage/migrations/versions/71776ba4aa0_initial_migration.py
fuel_plugin/ostf_adapter/storage/migrations/versions/__init__.py
fuel_plugin/ostf_adapter/storage/models.py
fuel_plugin/ostf_adapter/storage/simple_cache.py
fuel_plugin/ostf_adapter/storage/storage_utils.py
fuel_plugin/ostf_adapter/wsgi/access_control.py
fuel_plugin/ostf_adapter/wsgi/app.py
fuel_plugin/ostf_adapter/wsgi/controllers.py
fuel_plugin/ostf_adapter/wsgi/hooks.py
fuel_plugin/ostf_adapter/wsgi/__init__.py
fuel_plugin/ostf_adapter/wsgi/root.py
fuel_plugin/ostf_adapter/wsgi/wsgi_utils.py
fuel_plugin/ostf_client/client.py
fuel_plugin/ostf_client/__init__.py
fuel_plugin/ostf_client/ostf.py
fuel_plugin/testing/fixture/dummy_tests/config_test.py
fuel_plugin/testing/fixture/dummy_tests/dependent_testsets/gemini_first_test.py
fuel_plugin/testing/fixture/dummy_tests/dependent_testsets/gemini_second_test.py
fuel_plugin/testing/fixture/dummy_tests/dependent_testsets/__init__.py
fuel_plugin/testing/fixture/dummy_tests/deployment_types_tests/alternative_depl_tags_test.py
fuel_plugin/testing/fixture/dummy_tests/deployment_types_tests/ha_deployment_test.py
fuel_plugin/testing/fixture/dummy_tests/deployment_types_tests/__init__.py
fuel_plugin/testing/fixture/dummy_tests/deployment_types_tests/multinode_deployment_test.py
fuel_plugin/testing/fixture/dummy_tests/general_test.py
fuel_plugin/testing/fixture/dummy_tests/__init__.py
fuel_plugin/testing/fixture/dummy_tests/stopped_test.py
fuel_plugin/testing/fixture/dummy_tests/test_environment_variables.py
fuel_plugin/testing/fixture/dummy_tests/test_with_error.py
fuel_plugin/testing/fixture/__init__.py
fuel_plugin/testing/__init__.py
fuel_plugin/testing/tests/functional/base.py
fuel_plugin/testing/tests/functional/config.py
fuel_plugin/testing/tests/functional/__init__.py
fuel_plugin/testing/tests/functional/manual/create_and_kill.py
fuel_plugin/testing/tests/functional/manual/__init__.py
fuel_plugin/testing/tests/functional/manual/post_testrun.py
fuel_plugin/testing/tests/functional/manual/post_test_run_with_tests.py
fuel_plugin/testing/tests/functional/manual/put_test_run_with_tests.py
fuel_plugin/testing/tests/functional/manual/update_testrun.py
fuel_plugin/testing/tests/functional/scenario.py
fuel_plugin/testing/tests/functional/tests.py
fuel_plugin/testing/tests/__init__.py
fuel_plugin/testing/tests/unit/base.py
fuel_plugin/testing/tests/unit/__init__.py
fuel_plugin/testing/tests/unit/test_nose_discovery.py
fuel_plugin/testing/tests/unit/test_support_utilities.py
fuel_plugin/testing/tests/unit/tests_wsgi_interface.py
fuel_plugin/testing/tests/unit/test_wsgi_controllers.py
fuel_plugin/testing/test_utils/cluster_id.py
fuel_plugin/testing/test_utils/commands
fuel_plugin/testing/test_utils/db_manage.sh
fuel_plugin/testing/test_utils/__init__.py
fuel_plugin/testing/test_utils/nailgun_mimic.py
fuel_plugin/testing/test_utils/pylintrc
fuel_plugin/testing/test_utils/update_commands.py
fuel_plugin/tests/functional/base.py
fuel_plugin/tests/functional/config.py
fuel_plugin/tests/functional/dummy_tests/config_test.py
fuel_plugin/tests/functional/dummy_tests/deployment_types_tests/alternative_depl_tags_test.py
fuel_plugin/tests/functional/dummy_tests/deployment_types_tests/ha_deployment_test.py
fuel_plugin/tests/functional/dummy_tests/deployment_types_tests/__init__.py
fuel_plugin/tests/functional/dummy_tests/deployment_types_tests/multinode_deployment_test.py
fuel_plugin/tests/functional/dummy_tests/general_test.py
fuel_plugin/tests/functional/dummy_tests/__init__.py
fuel_plugin/tests/functional/dummy_tests/stopped_test.py
fuel_plugin/tests/functional/dummy_tests/test_with_error.py
fuel_plugin/tests/functional/__init__.py
fuel_plugin/tests/functional/manual/create_and_kill.py
fuel_plugin/tests/functional/manual/__init__.py
fuel_plugin/tests/functional/manual/post_testrun.py
fuel_plugin/tests/functional/manual/post_test_run_with_tests.py
fuel_plugin/tests/functional/manual/put_test_run_with_tests.py
fuel_plugin/tests/functional/manual/update_testrun.py
fuel_plugin/tests/functional/scenario.py
fuel_plugin/tests/functional/tests.py
fuel_plugin/tests/__init__.py
fuel_plugin/tests/test_utils/cluster_id.py
fuel_plugin/tests/test_utils/commands
fuel_plugin/tests/test_utils/db_manage.sh
fuel_plugin/tests/test_utils/__init__.py
fuel_plugin/tests/test_utils/nailgun_mimic.py
fuel_plugin/tests/test_utils/pylintrc
fuel_plugin/tests/test_utils/update_commands.py
fuel_plugin/tests/unit/base.py
fuel_plugin/tests/unit/__init__.py
fuel_plugin/tests/unit/test_nose_discovery.py
fuel_plugin/tests/unit/test_support_utilities.py
fuel_plugin/tests/unit/tests_wsgi_interface.py
fuel_plugin/tests/unit/test_wsgi_controllers.py
fuel_plugin/utils/__init__.py
fuel_plugin/utils/utils.py
fuel/sanity/base.py
fuel/sanity/__init__.py
fuel/sanity/test_sanity_compute.py
fuel/sanity/test_sanity_identity.py
fuel/sanity/test_sanity_networking.py
fuel/services/compute/__init__.py
fuel/services/compute/__init__.pyc
fuel/services/compute/json/fixed_ips_client.py
fuel/services/compute/json/fixed_ips_client.pyc
fuel/services/compute/json/flavors_client.py
fuel/services/compute/json/flavors_client.pyc
fuel/services/compute/json/floating_ips_client.py
fuel/services/compute/json/floating_ips_client.pyc
fuel/services/compute/json/hosts_client.py
fuel/services/compute/json/hosts_client.pyc
fuel/services/compute/json/hypervisor_client.py
fuel/services/compute/json/hypervisor_client.pyc
fuel/services/compute/json/images_client.py
fuel/services/compute/json/images_client.pyc
fuel/services/compute/json/__init__.py
fuel/services/compute/json/__init__.pyc
fuel/services/compute/json/interfaces_client.py
fuel/services/compute/json/interfaces_client.pyc
fuel/services/compute/json/keypairs_client.py
fuel/services/compute/json/keypairs_client.pyc
fuel/services/compute/json/limits_client.py
fuel/services/compute/json/limits_client.pyc
fuel/services/compute/json/quotas_client.py
fuel/services/compute/json/quotas_client.pyc
fuel/services/compute/json/security_groups_client.py
fuel/services/compute/json/security_groups_client.pyc
fuel/services/compute/json/servers_client.py
fuel/services/compute/json/servers_client.pyc
fuel/services/compute/json/services_client.py
fuel/services/compute/json/services_client.pyc
fuel/services/compute/json/tenant_usages_client.py
fuel/services/compute/json/tenant_usages_client.pyc
fuel/services/identity/__init__.py
fuel/services/identity/__init__.pyc
fuel/services/identity/json/identity_client.py
fuel/services/identity/json/identity_client.pyc
fuel/services/identity/json/__init__.py
fuel/services/identity/json/__init__.pyc
fuel/services/__init__.py
fuel/services/__init__.pyc
fuel/services/network/__init__.py
fuel/services/network/__init__.pyc
fuel/services/network/json/__init__.py
fuel/services/network/json/__init__.pyc
fuel/services/network/json/network_client.py
fuel/services/network/json/network_client.pyc
fuel/services/volume/__init__.py
fuel/services/volume/__init__.pyc
fuel/services/volume/json/admin/__init__.py
fuel/services/volume/json/admin/__init__.pyc
fuel/services/volume/json/admin/volume_types_client.py
fuel/services/volume/json/admin/volume_types_client.pyc
fuel/services/volume/json/__init__.py
fuel/services/volume/json/__init__.pyc
fuel/services/volume/json/snapshots_client.py
fuel/services/volume/json/snapshots_client.pyc
fuel/services/volume/json/volumes_client.py
fuel/services/volume/json/volumes_client.pyc
fuel/test.py
fuel/tests/__init__.py
fuel/tests/sanity/base.py
fuel/tests/sanity/__init__.py
fuel/tests/sanity/test_sanity_compute.py
fuel/tests/sanity/test_sanity_identity.py
fuel/tests/sanity/test_sanity_infrastructure.py
fuel/tests/sanity/test_sanity_networking.py
fuel/tests/smoke/base.py
fuel/tests/smoke/__init__.py
fuel/tests/smoke/test_allocate_floating_ip.py
fuel/tests/smoke/test_create_flavor.py
fuel/tests/smoke/test_create_keypair.py
fuel/tests/smoke/test_create_network.py
fuel/tests/smoke/test_create_sec_group.py
fuel/tests/smoke/test_create_volume.py
fuel/tests/smoke/test_reserve_fixed_ip.py
fuel/tests/smoke/test_user_create.py
LICENSE
MANIFEST.in
pip-requires
pylintrc
README.md
requirements.txt
run_tests.sh
sanity/etc/centos_resources.py
sanity/etc/classes.py
sanity/etc/config.yaml
sanity/etc/id_rsa
sanity/etc/__init__.py
sanity/etc/nodes.yaml
sanity/etc/res_by_type.py
sanity/etc/ubuntu_resources.py
sanity/__init__.py
sanity/sanity_config.py
sanity/test_resources.py
setup.py
testing.log
test-requirements.txt
test-requires
tools/test-requires
tox.ini
